<?xml version="1.0" encoding="UTF-8"?>
<testsuite xmlns:xsi="http://www.w3.org/2001/XMLSchema-instance" xsi:noNamespaceSchemaLocation="https://maven.apache.org/surefire/maven-failsafe-plugin/xsd/failsafe-test-report-3.0.xsd" version="3.0" name="starter.CucumberTestSuite" time="42.96" tests="8" errors="0" skipped="0" failures="0">
  <properties>
    <property name="java.specification.version" value="15"/>
    <property name="webdriver.chrome.driver" value="src/test/resources/webdriver/chromedriver.exe"/>
    <property name="sun.cpu.isalist" value="amd64"/>
    <property name="sun.jnu.encoding" value="Cp1252"/>
    <property name="java.class.path" value="C:\Users\WINDOWS 10\Documents\GitHub\Capstone\sociops_qe_web\target\test-classes;C:\Users\WINDOWS 10\Documents\GitHub\Capstone\sociops_qe_web\target\alta-1.0-SNAPSHOT.jar;C:\Users\WINDOWS 10\.m2\repository\net\serenity-bdd\serenity-rest-assured\3.6.22\serenity-rest-assured-3.6.22.jar;C:\Users\WINDOWS 10\.m2\repository\org\apache\httpcomponents\httpclient\4.5.13\httpclient-4.5.13.jar;C:\Users\WINDOWS 10\.m2\repository\org\apache\httpcomponents\httpcore\4.4.13\httpcore-4.4.13.jar;C:\Users\WINDOWS 10\.m2\repository\commons-logging\commons-logging\1.2\commons-logging-1.2.jar;C:\Users\WINDOWS 10\.m2\repository\io\rest-assured\rest-assured\5.3.0\rest-assured-5.3.0.jar;C:\Users\WINDOWS 10\.m2\repository\org\apache\httpcomponents\httpmime\4.5.13\httpmime-4.5.13.jar;C:\Users\WINDOWS 10\.m2\repository\org\ccil\cowan\tagsoup\tagsoup\1.2.1\tagsoup-1.2.1.jar;C:\Users\WINDOWS 10\.m2\repository\io\rest-assured\json-path\5.3.0\json-path-5.3.0.jar;C:\Users\WINDOWS 10\.m2\repository\io\rest-assured\rest-assured-common\5.3.0\rest-assured-common-5.3.0.jar;C:\Users\WINDOWS 10\.m2\repository\io\rest-assured\xml-path\5.3.0\xml-path-5.3.0.jar;C:\Users\WINDOWS 10\.m2\repository\org\apache\groovy\groovy-json\4.0.10\groovy-json-4.0.10.jar;C:\Users\WINDOWS 10\.m2\repository\org\apache\groovy\groovy-xml\4.0.10\groovy-xml-4.0.10.jar;C:\Users\WINDOWS 10\.m2\repository\org\apache\groovy\groovy\4.0.10\groovy-4.0.10.jar;C:\Users\WINDOWS 10\.m2\repository\org\opentest4j\opentest4j\1.2.0\opentest4j-1.2.0.jar;C:\Users\WINDOWS 10\.m2\repository\net\serenity-bdd\serenity-core\3.6.21\serenity-core-3.6.21.jar;C:\Users\WINDOWS 10\.m2\repository\net\serenity-bdd\serenity-model\3.6.21\serenity-model-3.6.21.jar;C:\Users\WINDOWS 10\.m2\repository\org\apache\commons\commons-text\1.10.0\commons-text-1.10.0.jar;C:\Users\WINDOWS 10\.m2\repository\commons-net\commons-net\3.9.0\commons-net-3.9.0.jar;C:\Users\WINDOWS 10\.m2\repository\com\google\guava\guava\31.1-jre\guava-31.1-jre.jar;C:\Users\WINDOWS 10\.m2\repository\com\google\guava\failureaccess\1.0.1\failureaccess-1.0.1.jar;C:\Users\WINDOWS 10\.m2\repository\com\google\guava\listenablefuture\9999.0-empty-to-avoid-conflict-with-guava\listenablefuture-9999.0-empty-to-avoid-conflict-with-guava.jar;C:\Users\WINDOWS 10\.m2\repository\com\google\code\findbugs\jsr305\3.0.2\jsr305-3.0.2.jar;C:\Users\WINDOWS 10\.m2\repository\org\checkerframework\checker-qual\3.12.0\checker-qual-3.12.0.jar;C:\Users\WINDOWS 10\.m2\repository\com\google\errorprone\error_prone_annotations\2.11.0\error_prone_annotations-2.11.0.jar;C:\Users\WINDOWS 10\.m2\repository\com\google\j2objc\j2objc-annotations\1.3\j2objc-annotations-1.3.jar;C:\Users\WINDOWS 10\.m2\repository\com\google\inject\guice\5.1.0\guice-5.1.0.jar;C:\Users\WINDOWS 10\.m2\repository\javax\inject\javax.inject\1\javax.inject-1.jar;C:\Users\WINDOWS 10\.m2\repository\aopalliance\aopalliance\1.0\aopalliance-1.0.jar;C:\Users\WINDOWS 10\.m2\repository\org\jsoup\jsoup\1.14.3\jsoup-1.14.3.jar;C:\Users\WINDOWS 10\.m2\repository\com\thoughtworks\xstream\xstream\1.4.20\xstream-1.4.20.jar;C:\Users\WINDOWS 10\.m2\repository\io\github\x-stream\mxparser\1.2.2\mxparser-1.2.2.jar;C:\Users\WINDOWS 10\.m2\repository\xmlpull\xmlpull\1.1.3.1\xmlpull-1.1.3.1.jar;C:\Users\WINDOWS 10\.m2\repository\com\typesafe\config\1.4.2\config-1.4.2.jar;C:\Users\WINDOWS 10\.m2\repository\org\imgscalr\imgscalr-lib\4.2\imgscalr-lib-4.2.jar;C:\Users\WINDOWS 10\.m2\repository\org\awaitility\awaitility\4.2.0\awaitility-4.2.0.jar;C:\Users\WINDOWS 10\.m2\repository\org\freemarker\freemarker\2.3.31\freemarker-2.3.31.jar;C:\Users\WINDOWS 10\.m2\repository\io\github\classgraph\classgraph\4.8.138\classgraph-4.8.138.jar;C:\Users\WINDOWS 10\.m2\repository\net\sourceforge\jexcelapi\jxl\2.6.12\jxl-2.6.12.jar;C:\Users\WINDOWS 10\.m2\repository\net\bytebuddy\byte-buddy-agent\1.14.2\byte-buddy-agent-1.14.2.jar;C:\Users\WINDOWS 10\.m2\repository\org\objenesis\objenesis\3.3\objenesis-3.3.jar;C:\Users\WINDOWS 10\.m2\repository\net\serenity-bdd\serenity-reports\3.6.21\serenity-reports-3.6.21.jar;C:\Users\WINDOWS 10\.m2\repository\net\serenity-bdd\serenity-stats\3.6.21\serenity-stats-3.6.21.jar;C:\Users\WINDOWS 10\.m2\repository\net\serenity-bdd\serenity-reports-configuration\3.6.21\serenity-reports-configuration-3.6.21.jar;C:\Users\WINDOWS 10\.m2\repository\com\vladsch\flexmark\flexmark-all\0.62.2\flexmark-all-0.62.2.jar;C:\Users\WINDOWS 10\.m2\repository\com\vladsch\flexmark\flexmark\0.62.2\flexmark-0.62.2.jar;C:\Users\WINDOWS 10\.m2\repository\com\vladsch\flexmark\flexmark-ext-abbreviation\0.62.2\flexmark-ext-abbreviation-0.62.2.jar;C:\Users\WINDOWS 10\.m2\repository\com\vladsch\flexmark\flexmark-util\0.62.2\flexmark-util-0.62.2.jar;C:\Users\WINDOWS 10\.m2\repository\com\vladsch\flexmark\flexmark-ext-admonition\0.62.2\flexmark-ext-admonition-0.62.2.jar;C:\Users\WINDOWS 10\.m2\repository\com\vladsch\flexmark\flexmark-ext-anchorlink\0.62.2\flexmark-ext-anchorlink-0.62.2.jar;C:\Users\WINDOWS 10\.m2\repository\com\vladsch\flexmark\flexmark-ext-aside\0.62.2\flexmark-ext-aside-0.62.2.jar;C:\Users\WINDOWS 10\.m2\repository\com\vladsch\flexmark\flexmark-ext-attributes\0.62.2\flexmark-ext-attributes-0.62.2.jar;C:\Users\WINDOWS 10\.m2\repository\com\vladsch\flexmark\flexmark-ext-autolink\0.62.2\flexmark-ext-autolink-0.62.2.jar;C:\Users\WINDOWS 10\.m2\repository\org\nibor\autolink\autolink\0.6.0\autolink-0.6.0.jar;C:\Users\WINDOWS 10\.m2\repository\com\vladsch\flexmark\flexmark-ext-definition\0.62.2\flexmark-ext-definition-0.62.2.jar;C:\Users\WINDOWS 10\.m2\repository\com\vladsch\flexmark\flexmark-ext-emoji\0.62.2\flexmark-ext-emoji-0.62.2.jar;C:\Users\WINDOWS 10\.m2\repository\com\vladsch\flexmark\flexmark-ext-enumerated-reference\0.62.2\flexmark-ext-enumerated-reference-0.62.2.jar;C:\Users\WINDOWS 10\.m2\repository\com\vladsch\flexmark\flexmark-ext-escaped-character\0.62.2\flexmark-ext-escaped-character-0.62.2.jar;C:\Users\WINDOWS 10\.m2\repository\com\vladsch\flexmark\flexmark-ext-footnotes\0.62.2\flexmark-ext-footnotes-0.62.2.jar;C:\Users\WINDOWS 10\.m2\repository\com\vladsch\flexmark\flexmark-ext-gfm-issues\0.62.2\flexmark-ext-gfm-issues-0.62.2.jar;C:\Users\WINDOWS 10\.m2\repository\com\vladsch\flexmark\flexmark-ext-gfm-strikethrough\0.62.2\flexmark-ext-gfm-strikethrough-0.62.2.jar;C:\Users\WINDOWS 10\.m2\repository\com\vladsch\flexmark\flexmark-ext-gfm-tasklist\0.62.2\flexmark-ext-gfm-tasklist-0.62.2.jar;C:\Users\WINDOWS 10\.m2\repository\com\vladsch\flexmark\flexmark-ext-gfm-users\0.62.2\flexmark-ext-gfm-users-0.62.2.jar;C:\Users\WINDOWS 10\.m2\repository\com\vladsch\flexmark\flexmark-ext-gitlab\0.62.2\flexmark-ext-gitlab-0.62.2.jar;C:\Users\WINDOWS 10\.m2\repository\com\vladsch\flexmark\flexmark-ext-jekyll-front-matter\0.62.2\flexmark-ext-jekyll-front-matter-0.62.2.jar;C:\Users\WINDOWS 10\.m2\repository\com\vladsch\flexmark\flexmark-ext-jekyll-tag\0.62.2\flexmark-ext-jekyll-tag-0.62.2.jar;C:\Users\WINDOWS 10\.m2\repository\com\vladsch\flexmark\flexmark-ext-media-tags\0.62.2\flexmark-ext-media-tags-0.62.2.jar;C:\Users\WINDOWS 10\.m2\repository\com\vladsch\flexmark\flexmark-ext-macros\0.62.2\flexmark-ext-macros-0.62.2.jar;C:\Users\WINDOWS 10\.m2\repository\com\vladsch\flexmark\flexmark-ext-ins\0.62.2\flexmark-ext-ins-0.62.2.jar;C:\Users\WINDOWS 10\.m2\repository\com\vladsch\flexmark\flexmark-ext-xwiki-macros\0.62.2\flexmark-ext-xwiki-macros-0.62.2.jar;C:\Users\WINDOWS 10\.m2\repository\com\vladsch\flexmark\flexmark-ext-superscript\0.62.2\flexmark-ext-superscript-0.62.2.jar;C:\Users\WINDOWS 10\.m2\repository\com\vladsch\flexmark\flexmark-ext-tables\0.62.2\flexmark-ext-tables-0.62.2.jar;C:\Users\WINDOWS 10\.m2\repository\com\vladsch\flexmark\flexmark-ext-toc\0.62.2\flexmark-ext-toc-0.62.2.jar;C:\Users\WINDOWS 10\.m2\repository\com\vladsch\flexmark\flexmark-ext-typographic\0.62.2\flexmark-ext-typographic-0.62.2.jar;C:\Users\WINDOWS 10\.m2\repository\com\vladsch\flexmark\flexmark-ext-wikilink\0.62.2\flexmark-ext-wikilink-0.62.2.jar;C:\Users\WINDOWS 10\.m2\repository\com\vladsch\flexmark\flexmark-ext-yaml-front-matter\0.62.2\flexmark-ext-yaml-front-matter-0.62.2.jar;C:\Users\WINDOWS 10\.m2\repository\com\vladsch\flexmark\flexmark-ext-youtube-embedded\0.62.2\flexmark-ext-youtube-embedded-0.62.2.jar;C:\Users\WINDOWS 10\.m2\repository\com\vladsch\flexmark\flexmark-html2md-converter\0.62.2\flexmark-html2md-converter-0.62.2.jar;C:\Users\WINDOWS 10\.m2\repository\com\vladsch\flexmark\flexmark-jira-converter\0.62.2\flexmark-jira-converter-0.62.2.jar;C:\Users\WINDOWS 10\.m2\repository\com\vladsch\flexmark\flexmark-pdf-converter\0.62.2\flexmark-pdf-converter-0.62.2.jar;C:\Users\WINDOWS 10\.m2\repository\com\openhtmltopdf\openhtmltopdf-core\1.0.0\openhtmltopdf-core-1.0.0.jar;C:\Users\WINDOWS 10\.m2\repository\com\openhtmltopdf\openhtmltopdf-pdfbox\1.0.0\openhtmltopdf-pdfbox-1.0.0.jar;C:\Users\WINDOWS 10\.m2\repository\org\apache\pdfbox\pdfbox\2.0.16\pdfbox-2.0.16.jar;C:\Users\WINDOWS 10\.m2\repository\org\apache\pdfbox\fontbox\2.0.16\fontbox-2.0.16.jar;C:\Users\WINDOWS 10\.m2\repository\org\apache\pdfbox\xmpbox\2.0.16\xmpbox-2.0.16.jar;C:\Users\WINDOWS 10\.m2\repository\de\rototor\pdfbox\graphics2d\0.24\graphics2d-0.24.jar;C:\Users\WINDOWS 10\.m2\repository\com\openhtmltopdf\openhtmltopdf-rtl-support\1.0.0\openhtmltopdf-rtl-support-1.0.0.jar;C:\Users\WINDOWS 10\.m2\repository\com\openhtmltopdf\openhtmltopdf-jsoup-dom-converter\1.0.0\openhtmltopdf-jsoup-dom-converter-1.0.0.jar;C:\Users\WINDOWS 10\.m2\repository\com\vladsch\flexmark\flexmark-profile-pegdown\0.62.2\flexmark-profile-pegdown-0.62.2.jar;C:\Users\WINDOWS 10\.m2\repository\com\vladsch\flexmark\flexmark-util-ast\0.62.2\flexmark-util-ast-0.62.2.jar;C:\Users\WINDOWS 10\.m2\repository\com\vladsch\flexmark\flexmark-util-builder\0.62.2\flexmark-util-builder-0.62.2.jar;C:\Users\WINDOWS 10\.m2\repository\com\vladsch\flexmark\flexmark-util-collection\0.62.2\flexmark-util-collection-0.62.2.jar;C:\Users\WINDOWS 10\.m2\repository\com\vladsch\flexmark\flexmark-util-data\0.62.2\flexmark-util-data-0.62.2.jar;C:\Users\WINDOWS 10\.m2\repository\com\vladsch\flexmark\flexmark-util-dependency\0.62.2\flexmark-util-dependency-0.62.2.jar;C:\Users\WINDOWS 10\.m2\repository\com\vladsch\flexmark\flexmark-util-format\0.62.2\flexmark-util-format-0.62.2.jar;C:\Users\WINDOWS 10\.m2\repository\com\vladsch\flexmark\flexmark-util-html\0.62.2\flexmark-util-html-0.62.2.jar;C:\Users\WINDOWS 10\.m2\repository\com\vladsch\flexmark\flexmark-util-misc\0.62.2\flexmark-util-misc-0.62.2.jar;C:\Users\WINDOWS 10\.m2\repository\com\vladsch\flexmark\flexmark-util-options\0.62.2\flexmark-util-options-0.62.2.jar;C:\Users\WINDOWS 10\.m2\repository\com\vladsch\flexmark\flexmark-util-sequence\0.62.2\flexmark-util-sequence-0.62.2.jar;C:\Users\WINDOWS 10\.m2\repository\com\vladsch\flexmark\flexmark-util-visitor\0.62.2\flexmark-util-visitor-0.62.2.jar;C:\Users\WINDOWS 10\.m2\repository\com\vladsch\flexmark\flexmark-youtrack-converter\0.62.2\flexmark-youtrack-converter-0.62.2.jar;C:\Users\WINDOWS 10\.m2\repository\com\ibm\icu\icu4j\72.1\icu4j-72.1.jar;C:\Users\WINDOWS 10\.m2\repository\es\nitaur\markdown\txtmark\0.16\txtmark-0.16.jar;C:\Users\WINDOWS 10\.m2\repository\net\serenity-bdd\serenity-report-resources\3.6.21\serenity-report-resources-3.6.21.jar;C:\Users\WINDOWS 10\.m2\repository\com\google\code\gson\gson\2.10.1\gson-2.10.1.jar;C:\Users\WINDOWS 10\.m2\repository\com\fasterxml\jackson\core\jackson-core\2.15.0-rc1\jackson-core-2.15.0-rc1.jar;C:\Users\WINDOWS 10\.m2\repository\com\fasterxml\jackson\core\jackson-databind\2.15.0-rc1\jackson-databind-2.15.0-rc1.jar;C:\Users\WINDOWS 10\.m2\repository\com\fasterxml\jackson\core\jackson-annotations\2.15.0-rc1\jackson-annotations-2.15.0-rc1.jar;C:\Users\WINDOWS 10\.m2\repository\commons-codec\commons-codec\1.15\commons-codec-1.15.jar;C:\Users\WINDOWS 10\.m2\repository\commons-io\commons-io\2.11.0\commons-io-2.11.0.jar;C:\Users\WINDOWS 10\.m2\repository\org\seleniumhq\selenium\selenium-java\4.8.1\selenium-java-4.8.1.jar;C:\Users\WINDOWS 10\.m2\repository\org\seleniumhq\selenium\selenium-devtools-v108\4.8.1\selenium-devtools-v108-4.8.1.jar;C:\Users\WINDOWS 10\.m2\repository\org\seleniumhq\selenium\selenium-devtools-v109\4.8.1\selenium-devtools-v109-4.8.1.jar;C:\Users\WINDOWS 10\.m2\repository\org\seleniumhq\selenium\selenium-devtools-v110\4.8.1\selenium-devtools-v110-4.8.1.jar;C:\Users\WINDOWS 10\.m2\repository\org\seleniumhq\selenium\selenium-devtools-v85\4.8.1\selenium-devtools-v85-4.8.1.jar;C:\Users\WINDOWS 10\.m2\repository\org\seleniumhq\selenium\selenium-remote-driver\4.8.1\selenium-remote-driver-4.8.1.jar;C:\Users\WINDOWS 10\.m2\repository\com\beust\jcommander\1.82\jcommander-1.82.jar;C:\Users\WINDOWS 10\.m2\repository\io\netty\netty-buffer\4.1.87.Final\netty-buffer-4.1.87.Final.jar;C:\Users\WINDOWS 10\.m2\repository\io\netty\netty-codec-http\4.1.87.Final\netty-codec-http-4.1.87.Final.jar;C:\Users\WINDOWS 10\.m2\repository\io\netty\netty-codec\4.1.87.Final\netty-codec-4.1.87.Final.jar;C:\Users\WINDOWS 10\.m2\repository\io\netty\netty-handler\4.1.87.Final\netty-handler-4.1.87.Final.jar;C:\Users\WINDOWS 10\.m2\repository\io\netty\netty-common\4.1.87.Final\netty-common-4.1.87.Final.jar;C:\Users\WINDOWS 10\.m2\repository\io\netty\netty-transport-classes-epoll\4.1.87.Final\netty-transport-classes-epoll-4.1.87.Final.jar;C:\Users\WINDOWS 10\.m2\repository\io\netty\netty-transport-classes-kqueue\4.1.87.Final\netty-transport-classes-kqueue-4.1.87.Final.jar;C:\Users\WINDOWS 10\.m2\repository\io\netty\netty-transport-native-epoll\4.1.87.Final\netty-transport-native-epoll-4.1.87.Final.jar;C:\Users\WINDOWS 10\.m2\repository\io\netty\netty-transport-native-kqueue\4.1.87.Final\netty-transport-native-kqueue-4.1.87.Final.jar;C:\Users\WINDOWS 10\.m2\repository\io\netty\netty-transport-native-unix-common\4.1.87.Final\netty-transport-native-unix-common-4.1.87.Final.jar;C:\Users\WINDOWS 10\.m2\repository\io\netty\netty-transport\4.1.87.Final\netty-transport-4.1.87.Final.jar;C:\Users\WINDOWS 10\.m2\repository\io\netty\netty-resolver\4.1.87.Final\netty-resolver-4.1.87.Final.jar;C:\Users\WINDOWS 10\.m2\repository\io\opentelemetry\opentelemetry-api\1.22.0\opentelemetry-api-1.22.0.jar;C:\Users\WINDOWS 10\.m2\repository\io\opentelemetry\opentelemetry-context\1.22.0\opentelemetry-context-1.22.0.jar;C:\Users\WINDOWS 10\.m2\repository\io\opentelemetry\opentelemetry-exporter-logging\1.22.0\opentelemetry-exporter-logging-1.22.0.jar;C:\Users\WINDOWS 10\.m2\repository\io\opentelemetry\opentelemetry-sdk-metrics\1.22.0\opentelemetry-sdk-metrics-1.22.0.jar;C:\Users\WINDOWS 10\.m2\repository\io\opentelemetry\opentelemetry-sdk-logs\1.22.0-alpha\opentelemetry-sdk-logs-1.22.0-alpha.jar;C:\Users\WINDOWS 10\.m2\repository\io\opentelemetry\opentelemetry-api-logs\1.22.0-alpha\opentelemetry-api-logs-1.22.0-alpha.jar;C:\Users\WINDOWS 10\.m2\repository\io\opentelemetry\opentelemetry-sdk-common\1.22.0\opentelemetry-sdk-common-1.22.0.jar;C:\Users\WINDOWS 10\.m2\repository\io\opentelemetry\opentelemetry-sdk-extension-autoconfigure-spi\1.22.0\opentelemetry-sdk-extension-autoconfigure-spi-1.22.0.jar;C:\Users\WINDOWS 10\.m2\repository\io\opentelemetry\opentelemetry-sdk-extension-autoconfigure\1.22.0-alpha\opentelemetry-sdk-extension-autoconfigure-1.22.0-alpha.jar;C:\Users\WINDOWS 10\.m2\repository\io\opentelemetry\opentelemetry-sdk-trace\1.22.0\opentelemetry-sdk-trace-1.22.0.jar;C:\Users\WINDOWS 10\.m2\repository\io\opentelemetry\opentelemetry-sdk\1.22.0\opentelemetry-sdk-1.22.0.jar;C:\Users\WINDOWS 10\.m2\repository\io\opentelemetry\opentelemetry-semconv\1.22.0-alpha\opentelemetry-semconv-1.22.0-alpha.jar;C:\Users\WINDOWS 10\.m2\repository\io\ous\jtoml\2.0.0\jtoml-2.0.0.jar;C:\Users\WINDOWS 10\.m2\repository\org\apache\commons\commons-exec\1.3\commons-exec-1.3.jar;C:\Users\WINDOWS 10\.m2\repository\org\asynchttpclient\async-http-client\2.12.3\async-http-client-2.12.3.jar;C:\Users\WINDOWS 10\.m2\repository\org\asynchttpclient\async-http-client-netty-utils\2.12.3\async-http-client-netty-utils-2.12.3.jar;C:\Users\WINDOWS 10\.m2\repository\io\netty\netty-codec-socks\4.1.60.Final\netty-codec-socks-4.1.60.Final.jar;C:\Users\WINDOWS 10\.m2\repository\io\netty\netty-handler-proxy\4.1.60.Final\netty-handler-proxy-4.1.60.Final.jar;C:\Users\WINDOWS 10\.m2\repository\io\netty\netty-transport-native-epoll\4.1.60.Final\netty-transport-native-epoll-4.1.60.Final-linux-x86_64.jar;C:\Users\WINDOWS 10\.m2\repository\io\netty\netty-transport-native-kqueue\4.1.60.Final\netty-transport-native-kqueue-4.1.60.Final-osx-x86_64.jar;C:\Users\WINDOWS 10\.m2\repository\org\reactivestreams\reactive-streams\1.0.3\reactive-streams-1.0.3.jar;C:\Users\WINDOWS 10\.m2\repository\com\typesafe\netty\netty-reactive-streams\2.0.4\netty-reactive-streams-2.0.4.jar;C:\Users\WINDOWS 10\.m2\repository\org\seleniumhq\selenium\selenium-manager\4.8.1\selenium-manager-4.8.1.jar;C:\Users\WINDOWS 10\.m2\repository\org\seleniumhq\selenium\selenium-safari-driver\4.8.1\selenium-safari-driver-4.8.1.jar;C:\Users\WINDOWS 10\.m2\repository\org\seleniumhq\selenium\selenium-api\4.8.1\selenium-api-4.8.1.jar;C:\Users\WINDOWS 10\.m2\repository\org\seleniumhq\selenium\selenium-support\4.8.1\selenium-support-4.8.1.jar;C:\Users\WINDOWS 10\.m2\repository\com\google\auto\service\auto-service-annotations\1.0.1\auto-service-annotations-1.0.1.jar;C:\Users\WINDOWS 10\.m2\repository\com\google\auto\service\auto-service\1.0.1\auto-service-1.0.1.jar;C:\Users\WINDOWS 10\.m2\repository\com\google\auto\auto-common\1.2\auto-common-1.2.jar;C:\Users\WINDOWS 10\.m2\repository\org\seleniumhq\selenium\selenium-json\4.8.1\selenium-json-4.8.1.jar;C:\Users\WINDOWS 10\.m2\repository\org\seleniumhq\selenium\selenium-chrome-driver\4.8.1\selenium-chrome-driver-4.8.1.jar;C:\Users\WINDOWS 10\.m2\repository\org\seleniumhq\selenium\selenium-chromium-driver\4.8.1\selenium-chromium-driver-4.8.1.jar;C:\Users\WINDOWS 10\.m2\repository\org\seleniumhq\selenium\selenium-firefox-driver\4.8.1\selenium-firefox-driver-4.8.1.jar;C:\Users\WINDOWS 10\.m2\repository\org\seleniumhq\selenium\selenium-http\4.8.1\selenium-http-4.8.1.jar;C:\Users\WINDOWS 10\.m2\repository\dev\failsafe\failsafe\3.3.0\failsafe-3.3.0.jar;C:\Users\WINDOWS 10\.m2\repository\org\seleniumhq\selenium\selenium-edge-driver\4.8.1\selenium-edge-driver-4.8.1.jar;C:\Users\WINDOWS 10\.m2\repository\org\seleniumhq\selenium\selenium-ie-driver\4.8.1\selenium-ie-driver-4.8.1.jar;C:\Users\WINDOWS 10\.m2\repository\org\projectlombok\lombok\1.18.20\lombok-1.18.20.jar;C:\Users\WINDOWS 10\.m2\repository\io\appium\java-client\8.3.0\java-client-8.3.0.jar;C:\Users\WINDOWS 10\.m2\repository\commons-validator\commons-validator\1.7\commons-validator-1.7.jar;C:\Users\WINDOWS 10\.m2\repository\commons-digester\commons-digester\2.1\commons-digester-2.1.jar;C:\Users\WINDOWS 10\.m2\repository\net\sf\opencsv\opencsv\2.0\opencsv-2.0.jar;C:\Users\WINDOWS 10\.m2\repository\commons-beanutils\commons-beanutils\1.9.4\commons-beanutils-1.9.4.jar;C:\Users\WINDOWS 10\.m2\repository\org\apache\commons\commons-lang3\3.12.0\commons-lang3-3.12.0.jar;C:\Users\WINDOWS 10\.m2\repository\commons-collections\commons-collections\3.2.2\commons-collections-3.2.2.jar;C:\Users\WINDOWS 10\.m2\repository\org\fluentlenium\fluentlenium-core\0.10.2\fluentlenium-core-0.10.2.jar;C:\Users\WINDOWS 10\.m2\repository\io\github\bonigarcia\webdrivermanager\5.3.0\webdrivermanager-5.3.0.jar;C:\Users\WINDOWS 10\.m2\repository\com\github\docker-java\docker-java\3.2.13\docker-java-3.2.13.jar;C:\Users\WINDOWS 10\.m2\repository\com\github\docker-java\docker-java-core\3.2.13\docker-java-core-3.2.13.jar;C:\Users\WINDOWS 10\.m2\repository\com\github\docker-java\docker-java-api\3.2.13\docker-java-api-3.2.13.jar;C:\Users\WINDOWS 10\.m2\repository\org\apache\commons\commons-compress\1.21\commons-compress-1.21.jar;C:\Users\WINDOWS 10\.m2\repository\org\bouncycastle\bcpkix-jdk15on\1.64\bcpkix-jdk15on-1.64.jar;C:\Users\WINDOWS 10\.m2\repository\org\bouncycastle\bcprov-jdk15on\1.64\bcprov-jdk15on-1.64.jar;C:\Users\WINDOWS 10\.m2\repository\org\slf4j\jcl-over-slf4j\1.7.30\jcl-over-slf4j-1.7.30.jar;C:\Users\WINDOWS 10\.m2\repository\com\github\docker-java\docker-java-transport-httpclient5\3.2.13\docker-java-transport-httpclient5-3.2.13.jar;C:\Users\WINDOWS 10\.m2\repository\com\github\docker-java\docker-java-transport\3.2.13\docker-java-transport-3.2.13.jar;C:\Users\WINDOWS 10\.m2\repository\net\java\dev\jna\jna\5.8.0\jna-5.8.0.jar;C:\Users\WINDOWS 10\.m2\repository\org\brotli\dec\0.1.2\dec-0.1.2.jar;C:\Users\WINDOWS 10\.m2\repository\org\apache\httpcomponents\client5\httpclient5\5.1.3\httpclient5-5.1.3.jar;C:\Users\WINDOWS 10\.m2\repository\org\apache\httpcomponents\core5\httpcore5\5.1.3\httpcore5-5.1.3.jar;C:\Users\WINDOWS 10\.m2\repository\org\apache\httpcomponents\core5\httpcore5-h2\5.1.3\httpcore5-h2-5.1.3.jar;C:\Users\WINDOWS 10\.m2\repository\com\jhlabs\filters\2.0.235\filters-2.0.235.jar;C:\Users\WINDOWS 10\.m2\repository\com\paulhammant\ngwebdriver\1.1.6\ngwebdriver-1.1.6.jar;C:\Users\WINDOWS 10\.m2\repository\joda-time\joda-time\2.12.2\joda-time-2.12.2.jar;C:\Users\WINDOWS 10\.m2\repository\org\hamcrest\hamcrest\2.2\hamcrest-2.2.jar;C:\Users\WINDOWS 10\.m2\repository\com\google\jimfs\jimfs\1.2\jimfs-1.2.jar;C:\Users\WINDOWS 10\.m2\repository\org\mockito\mockito-core\3.3.3\mockito-core-3.3.3.jar;C:\Users\WINDOWS 10\.m2\repository\javax\xml\bind\jaxb-api\2.3.1\jaxb-api-2.3.1.jar;C:\Users\WINDOWS 10\.m2\repository\javax\activation\javax.activation-api\1.2.0\javax.activation-api-1.2.0.jar;C:\Users\WINDOWS 10\.m2\repository\com\sun\xml\bind\jaxb-core\2.3.0.1\jaxb-core-2.3.0.1.jar;C:\Users\WINDOWS 10\.m2\repository\com\sun\xml\bind\jaxb-impl\2.3.3\jaxb-impl-2.3.3.jar;C:\Users\WINDOWS 10\.m2\repository\jakarta\xml\bind\jakarta.xml.bind-api\2.3.3\jakarta.xml.bind-api-2.3.3.jar;C:\Users\WINDOWS 10\.m2\repository\com\sun\activation\jakarta.activation\1.2.2\jakarta.activation-1.2.2.jar;C:\Users\WINDOWS 10\.m2\repository\javax\activation\activation\1.1.1\activation-1.1.1.jar;C:\Users\WINDOWS 10\.m2\repository\net\serenity-bdd\serenity-cucumber\3.6.21\serenity-cucumber-3.6.21.jar;C:\Users\WINDOWS 10\.m2\repository\io\cucumber\cucumber-core\7.11.0\cucumber-core-7.11.0.jar;C:\Users\WINDOWS 10\.m2\repository\io\cucumber\cucumber-gherkin\7.11.0\cucumber-gherkin-7.11.0.jar;C:\Users\WINDOWS 10\.m2\repository\io\cucumber\cucumber-gherkin-messages\7.11.0\cucumber-gherkin-messages-7.11.0.jar;C:\Users\WINDOWS 10\.m2\repository\io\cucumber\gherkin\26.0.3\gherkin-26.0.3.jar;C:\Users\WINDOWS 10\.m2\repository\io\cucumber\messages\21.0.1\messages-21.0.1.jar;C:\Users\WINDOWS 10\.m2\repository\io\cucumber\tag-expressions\5.0.1\tag-expressions-5.0.1.jar;C:\Users\WINDOWS 10\.m2\repository\io\cucumber\cucumber-expressions\16.1.1\cucumber-expressions-16.1.1.jar;C:\Users\WINDOWS 10\.m2\repository\io\cucumber\datatable\7.11.0\datatable-7.11.0.jar;C:\Users\WINDOWS 10\.m2\repository\io\cucumber\cucumber-plugin\7.11.0\cucumber-plugin-7.11.0.jar;C:\Users\WINDOWS 10\.m2\repository\io\cucumber\docstring\7.11.0\docstring-7.11.0.jar;C:\Users\WINDOWS 10\.m2\repository\io\cucumber\html-formatter\20.2.1\html-formatter-20.2.1.jar;C:\Users\WINDOWS 10\.m2\repository\io\cucumber\junit-xml-formatter\0.1.0\junit-xml-formatter-0.1.0.jar;C:\Users\WINDOWS 10\.m2\repository\io\cucumber\ci-environment\9.1.0\ci-environment-9.1.0.jar;C:\Users\WINDOWS 10\.m2\repository\io\cucumber\cucumber-java\7.11.0\cucumber-java-7.11.0.jar;C:\Users\WINDOWS 10\.m2\repository\io\cucumber\cucumber-junit\7.11.0\cucumber-junit-7.11.0.jar;C:\Users\WINDOWS 10\.m2\repository\org\apache\commons\commons-csv\1.5\commons-csv-1.5.jar;C:\Users\WINDOWS 10\.m2\repository\net\serenity-bdd\serenity-screenplay\3.6.21\serenity-screenplay-3.6.21.jar;C:\Users\WINDOWS 10\.m2\repository\net\serenity-bdd\serenity-screenplay-webdriver\3.6.21\serenity-screenplay-webdriver-3.6.21.jar;C:\Users\WINDOWS 10\.m2\repository\net\serenity-bdd\serenity-ensure\3.6.21\serenity-ensure-3.6.21.jar;C:\Users\WINDOWS 10\.m2\repository\net\serenity-bdd\serenity-junit\3.6.21\serenity-junit-3.6.21.jar;C:\Users\WINDOWS 10\.m2\repository\org\jetbrains\kotlin\kotlin-stdlib\1.8.10\kotlin-stdlib-1.8.10.jar;C:\Users\WINDOWS 10\.m2\repository\org\jetbrains\kotlin\kotlin-stdlib-common\1.8.10\kotlin-stdlib-common-1.8.10.jar;C:\Users\WINDOWS 10\.m2\repository\org\jetbrains\annotations\13.0\annotations-13.0.jar;C:\Users\WINDOWS 10\.m2\repository\org\junit\platform\junit-platform-launcher\1.8.2\junit-platform-launcher-1.8.2.jar;C:\Users\WINDOWS 10\.m2\repository\org\junit\platform\junit-platform-engine\1.8.2\junit-platform-engine-1.8.2.jar;C:\Users\WINDOWS 10\.m2\repository\org\junit\platform\junit-platform-commons\1.8.2\junit-platform-commons-1.8.2.jar;C:\Users\WINDOWS 10\.m2\repository\org\apiguardian\apiguardian-api\1.1.2\apiguardian-api-1.1.2.jar;C:\Users\WINDOWS 10\.m2\repository\org\junit\jupiter\junit-jupiter-engine\5.8.2\junit-jupiter-engine-5.8.2.jar;C:\Users\WINDOWS 10\.m2\repository\org\junit\jupiter\junit-jupiter-api\5.8.2\junit-jupiter-api-5.8.2.jar;C:\Users\WINDOWS 10\.m2\repository\org\junit\vintage\junit-vintage-engine\5.8.2\junit-vintage-engine-5.8.2.jar;C:\Users\WINDOWS 10\.m2\repository\junit\junit\4.13.2\junit-4.13.2.jar;C:\Users\WINDOWS 10\.m2\repository\org\hamcrest\hamcrest-core\1.3\hamcrest-core-1.3.jar;C:\Users\WINDOWS 10\.m2\repository\ch\qos\logback\logback-classic\1.2.10\logback-classic-1.2.10.jar;C:\Users\WINDOWS 10\.m2\repository\ch\qos\logback\logback-core\1.2.10\logback-core-1.2.10.jar;C:\Users\WINDOWS 10\.m2\repository\org\slf4j\slf4j-api\1.7.32\slf4j-api-1.7.32.jar;C:\Users\WINDOWS 10\.m2\repository\org\assertj\assertj-core\3.23.1\assertj-core-3.23.1.jar;C:\Users\WINDOWS 10\.m2\repository\net\bytebuddy\byte-buddy\1.12.10\byte-buddy-1.12.10.jar;C:\Users\WINDOWS 10\.m2\repository\com\googlecode\json-simple\json-simple\1.1.1\json-simple-1.1.1.jar;"/>
    <property name="java.vm.vendor" value="Oracle Corporation"/>
    <property name="sun.arch.data.model" value="64"/>
    <property name="user.variant" value=""/>
    <property name="java.vendor.url" value="https://java.oracle.com/"/>
    <property name="user.timezone" value="Asia/Bangkok"/>
    <property name="os.name" value="Windows 10"/>
    <property name="java.vm.specification.version" value="15"/>
    <property name="sun.java.launcher" value="SUN_STANDARD"/>
    <property name="user.country" value="US"/>
    <property name="sun.boot.library.path" value="C:\Program Files\Java\jdk-15.0.2\bin"/>
    <property name="sun.java.command" value="C:\Users\WINDOWS 10\AppData\Local\Temp\surefire18437371866792824332\surefirebooter-20230621182407030_3.jar C:\Users\WINDOWS 10\AppData\Local\Temp\surefire18437371866792824332 2023-06-21T18-24-06_837-jvmRun1 surefire-20230621182407030_1tmp surefire_0-20230621182407030_2tmp"/>
    <property name="jdk.debug" value="release"/>
    <property name="surefire.test.class.path" value="C:\Users\WINDOWS 10\Documents\GitHub\Capstone\sociops_qe_web\target\test-classes;C:\Users\WINDOWS 10\Documents\GitHub\Capstone\sociops_qe_web\target\alta-1.0-SNAPSHOT.jar;C:\Users\WINDOWS 10\.m2\repository\net\serenity-bdd\serenity-rest-assured\3.6.22\serenity-rest-assured-3.6.22.jar;C:\Users\WINDOWS 10\.m2\repository\org\apache\httpcomponents\httpclient\4.5.13\httpclient-4.5.13.jar;C:\Users\WINDOWS 10\.m2\repository\org\apache\httpcomponents\httpcore\4.4.13\httpcore-4.4.13.jar;C:\Users\WINDOWS 10\.m2\repository\commons-logging\commons-logging\1.2\commons-logging-1.2.jar;C:\Users\WINDOWS 10\.m2\repository\io\rest-assured\rest-assured\5.3.0\rest-assured-5.3.0.jar;C:\Users\WINDOWS 10\.m2\repository\org\apache\httpcomponents\httpmime\4.5.13\httpmime-4.5.13.jar;C:\Users\WINDOWS 10\.m2\repository\org\ccil\cowan\tagsoup\tagsoup\1.2.1\tagsoup-1.2.1.jar;C:\Users\WINDOWS 10\.m2\repository\io\rest-assured\json-path\5.3.0\json-path-5.3.0.jar;C:\Users\WINDOWS 10\.m2\repository\io\rest-assured\rest-assured-common\5.3.0\rest-assured-common-5.3.0.jar;C:\Users\WINDOWS 10\.m2\repository\io\rest-assured\xml-path\5.3.0\xml-path-5.3.0.jar;C:\Users\WINDOWS 10\.m2\repository\org\apache\groovy\groovy-json\4.0.10\groovy-json-4.0.10.jar;C:\Users\WINDOWS 10\.m2\repository\org\apache\groovy\groovy-xml\4.0.10\groovy-xml-4.0.10.jar;C:\Users\WINDOWS 10\.m2\repository\org\apache\groovy\groovy\4.0.10\groovy-4.0.10.jar;C:\Users\WINDOWS 10\.m2\repository\org\opentest4j\opentest4j\1.2.0\opentest4j-1.2.0.jar;C:\Users\WINDOWS 10\.m2\repository\net\serenity-bdd\serenity-core\3.6.21\serenity-core-3.6.21.jar;C:\Users\WINDOWS 10\.m2\repository\net\serenity-bdd\serenity-model\3.6.21\serenity-model-3.6.21.jar;C:\Users\WINDOWS 10\.m2\repository\org\apache\commons\commons-text\1.10.0\commons-text-1.10.0.jar;C:\Users\WINDOWS 10\.m2\repository\commons-net\commons-net\3.9.0\commons-net-3.9.0.jar;C:\Users\WINDOWS 10\.m2\repository\com\google\guava\guava\31.1-jre\guava-31.1-jre.jar;C:\Users\WINDOWS 10\.m2\repository\com\google\guava\failureaccess\1.0.1\failureaccess-1.0.1.jar;C:\Users\WINDOWS 10\.m2\repository\com\google\guava\listenablefuture\9999.0-empty-to-avoid-conflict-with-guava\listenablefuture-9999.0-empty-to-avoid-conflict-with-guava.jar;C:\Users\WINDOWS 10\.m2\repository\com\google\code\findbugs\jsr305\3.0.2\jsr305-3.0.2.jar;C:\Users\WINDOWS 10\.m2\repository\org\checkerframework\checker-qual\3.12.0\checker-qual-3.12.0.jar;C:\Users\WINDOWS 10\.m2\repository\com\google\errorprone\error_prone_annotations\2.11.0\error_prone_annotations-2.11.0.jar;C:\Users\WINDOWS 10\.m2\repository\com\google\j2objc\j2objc-annotations\1.3\j2objc-annotations-1.3.jar;C:\Users\WINDOWS 10\.m2\repository\com\google\inject\guice\5.1.0\guice-5.1.0.jar;C:\Users\WINDOWS 10\.m2\repository\javax\inject\javax.inject\1\javax.inject-1.jar;C:\Users\WINDOWS 10\.m2\repository\aopalliance\aopalliance\1.0\aopalliance-1.0.jar;C:\Users\WINDOWS 10\.m2\repository\org\jsoup\jsoup\1.14.3\jsoup-1.14.3.jar;C:\Users\WINDOWS 10\.m2\repository\com\thoughtworks\xstream\xstream\1.4.20\xstream-1.4.20.jar;C:\Users\WINDOWS 10\.m2\repository\io\github\x-stream\mxparser\1.2.2\mxparser-1.2.2.jar;C:\Users\WINDOWS 10\.m2\repository\xmlpull\xmlpull\1.1.3.1\xmlpull-1.1.3.1.jar;C:\Users\WINDOWS 10\.m2\repository\com\typesafe\config\1.4.2\config-1.4.2.jar;C:\Users\WINDOWS 10\.m2\repository\org\imgscalr\imgscalr-lib\4.2\imgscalr-lib-4.2.jar;C:\Users\WINDOWS 10\.m2\repository\org\awaitility\awaitility\4.2.0\awaitility-4.2.0.jar;C:\Users\WINDOWS 10\.m2\repository\org\freemarker\freemarker\2.3.31\freemarker-2.3.31.jar;C:\Users\WINDOWS 10\.m2\repository\io\github\classgraph\classgraph\4.8.138\classgraph-4.8.138.jar;C:\Users\WINDOWS 10\.m2\repository\net\sourceforge\jexcelapi\jxl\2.6.12\jxl-2.6.12.jar;C:\Users\WINDOWS 10\.m2\repository\net\bytebuddy\byte-buddy-agent\1.14.2\byte-buddy-agent-1.14.2.jar;C:\Users\WINDOWS 10\.m2\repository\org\objenesis\objenesis\3.3\objenesis-3.3.jar;C:\Users\WINDOWS 10\.m2\repository\net\serenity-bdd\serenity-reports\3.6.21\serenity-reports-3.6.21.jar;C:\Users\WINDOWS 10\.m2\repository\net\serenity-bdd\serenity-stats\3.6.21\serenity-stats-3.6.21.jar;C:\Users\WINDOWS 10\.m2\repository\net\serenity-bdd\serenity-reports-configuration\3.6.21\serenity-reports-configuration-3.6.21.jar;C:\Users\WINDOWS 10\.m2\repository\com\vladsch\flexmark\flexmark-all\0.62.2\flexmark-all-0.62.2.jar;C:\Users\WINDOWS 10\.m2\repository\com\vladsch\flexmark\flexmark\0.62.2\flexmark-0.62.2.jar;C:\Users\WINDOWS 10\.m2\repository\com\vladsch\flexmark\flexmark-ext-abbreviation\0.62.2\flexmark-ext-abbreviation-0.62.2.jar;C:\Users\WINDOWS 10\.m2\repository\com\vladsch\flexmark\flexmark-util\0.62.2\flexmark-util-0.62.2.jar;C:\Users\WINDOWS 10\.m2\repository\com\vladsch\flexmark\flexmark-ext-admonition\0.62.2\flexmark-ext-admonition-0.62.2.jar;C:\Users\WINDOWS 10\.m2\repository\com\vladsch\flexmark\flexmark-ext-anchorlink\0.62.2\flexmark-ext-anchorlink-0.62.2.jar;C:\Users\WINDOWS 10\.m2\repository\com\vladsch\flexmark\flexmark-ext-aside\0.62.2\flexmark-ext-aside-0.62.2.jar;C:\Users\WINDOWS 10\.m2\repository\com\vladsch\flexmark\flexmark-ext-attributes\0.62.2\flexmark-ext-attributes-0.62.2.jar;C:\Users\WINDOWS 10\.m2\repository\com\vladsch\flexmark\flexmark-ext-autolink\0.62.2\flexmark-ext-autolink-0.62.2.jar;C:\Users\WINDOWS 10\.m2\repository\org\nibor\autolink\autolink\0.6.0\autolink-0.6.0.jar;C:\Users\WINDOWS 10\.m2\repository\com\vladsch\flexmark\flexmark-ext-definition\0.62.2\flexmark-ext-definition-0.62.2.jar;C:\Users\WINDOWS 10\.m2\repository\com\vladsch\flexmark\flexmark-ext-emoji\0.62.2\flexmark-ext-emoji-0.62.2.jar;C:\Users\WINDOWS 10\.m2\repository\com\vladsch\flexmark\flexmark-ext-enumerated-reference\0.62.2\flexmark-ext-enumerated-reference-0.62.2.jar;C:\Users\WINDOWS 10\.m2\repository\com\vladsch\flexmark\flexmark-ext-escaped-character\0.62.2\flexmark-ext-escaped-character-0.62.2.jar;C:\Users\WINDOWS 10\.m2\repository\com\vladsch\flexmark\flexmark-ext-footnotes\0.62.2\flexmark-ext-footnotes-0.62.2.jar;C:\Users\WINDOWS 10\.m2\repository\com\vladsch\flexmark\flexmark-ext-gfm-issues\0.62.2\flexmark-ext-gfm-issues-0.62.2.jar;C:\Users\WINDOWS 10\.m2\repository\com\vladsch\flexmark\flexmark-ext-gfm-strikethrough\0.62.2\flexmark-ext-gfm-strikethrough-0.62.2.jar;C:\Users\WINDOWS 10\.m2\repository\com\vladsch\flexmark\flexmark-ext-gfm-tasklist\0.62.2\flexmark-ext-gfm-tasklist-0.62.2.jar;C:\Users\WINDOWS 10\.m2\repository\com\vladsch\flexmark\flexmark-ext-gfm-users\0.62.2\flexmark-ext-gfm-users-0.62.2.jar;C:\Users\WINDOWS 10\.m2\repository\com\vladsch\flexmark\flexmark-ext-gitlab\0.62.2\flexmark-ext-gitlab-0.62.2.jar;C:\Users\WINDOWS 10\.m2\repository\com\vladsch\flexmark\flexmark-ext-jekyll-front-matter\0.62.2\flexmark-ext-jekyll-front-matter-0.62.2.jar;C:\Users\WINDOWS 10\.m2\repository\com\vladsch\flexmark\flexmark-ext-jekyll-tag\0.62.2\flexmark-ext-jekyll-tag-0.62.2.jar;C:\Users\WINDOWS 10\.m2\repository\com\vladsch\flexmark\flexmark-ext-media-tags\0.62.2\flexmark-ext-media-tags-0.62.2.jar;C:\Users\WINDOWS 10\.m2\repository\com\vladsch\flexmark\flexmark-ext-macros\0.62.2\flexmark-ext-macros-0.62.2.jar;C:\Users\WINDOWS 10\.m2\repository\com\vladsch\flexmark\flexmark-ext-ins\0.62.2\flexmark-ext-ins-0.62.2.jar;C:\Users\WINDOWS 10\.m2\repository\com\vladsch\flexmark\flexmark-ext-xwiki-macros\0.62.2\flexmark-ext-xwiki-macros-0.62.2.jar;C:\Users\WINDOWS 10\.m2\repository\com\vladsch\flexmark\flexmark-ext-superscript\0.62.2\flexmark-ext-superscript-0.62.2.jar;C:\Users\WINDOWS 10\.m2\repository\com\vladsch\flexmark\flexmark-ext-tables\0.62.2\flexmark-ext-tables-0.62.2.jar;C:\Users\WINDOWS 10\.m2\repository\com\vladsch\flexmark\flexmark-ext-toc\0.62.2\flexmark-ext-toc-0.62.2.jar;C:\Users\WINDOWS 10\.m2\repository\com\vladsch\flexmark\flexmark-ext-typographic\0.62.2\flexmark-ext-typographic-0.62.2.jar;C:\Users\WINDOWS 10\.m2\repository\com\vladsch\flexmark\flexmark-ext-wikilink\0.62.2\flexmark-ext-wikilink-0.62.2.jar;C:\Users\WINDOWS 10\.m2\repository\com\vladsch\flexmark\flexmark-ext-yaml-front-matter\0.62.2\flexmark-ext-yaml-front-matter-0.62.2.jar;C:\Users\WINDOWS 10\.m2\repository\com\vladsch\flexmark\flexmark-ext-youtube-embedded\0.62.2\flexmark-ext-youtube-embedded-0.62.2.jar;C:\Users\WINDOWS 10\.m2\repository\com\vladsch\flexmark\flexmark-html2md-converter\0.62.2\flexmark-html2md-converter-0.62.2.jar;C:\Users\WINDOWS 10\.m2\repository\com\vladsch\flexmark\flexmark-jira-converter\0.62.2\flexmark-jira-converter-0.62.2.jar;C:\Users\WINDOWS 10\.m2\repository\com\vladsch\flexmark\flexmark-pdf-converter\0.62.2\flexmark-pdf-converter-0.62.2.jar;C:\Users\WINDOWS 10\.m2\repository\com\openhtmltopdf\openhtmltopdf-core\1.0.0\openhtmltopdf-core-1.0.0.jar;C:\Users\WINDOWS 10\.m2\repository\com\openhtmltopdf\openhtmltopdf-pdfbox\1.0.0\openhtmltopdf-pdfbox-1.0.0.jar;C:\Users\WINDOWS 10\.m2\repository\org\apache\pdfbox\pdfbox\2.0.16\pdfbox-2.0.16.jar;C:\Users\WINDOWS 10\.m2\repository\org\apache\pdfbox\fontbox\2.0.16\fontbox-2.0.16.jar;C:\Users\WINDOWS 10\.m2\repository\org\apache\pdfbox\xmpbox\2.0.16\xmpbox-2.0.16.jar;C:\Users\WINDOWS 10\.m2\repository\de\rototor\pdfbox\graphics2d\0.24\graphics2d-0.24.jar;C:\Users\WINDOWS 10\.m2\repository\com\openhtmltopdf\openhtmltopdf-rtl-support\1.0.0\openhtmltopdf-rtl-support-1.0.0.jar;C:\Users\WINDOWS 10\.m2\repository\com\openhtmltopdf\openhtmltopdf-jsoup-dom-converter\1.0.0\openhtmltopdf-jsoup-dom-converter-1.0.0.jar;C:\Users\WINDOWS 10\.m2\repository\com\vladsch\flexmark\flexmark-profile-pegdown\0.62.2\flexmark-profile-pegdown-0.62.2.jar;C:\Users\WINDOWS 10\.m2\repository\com\vladsch\flexmark\flexmark-util-ast\0.62.2\flexmark-util-ast-0.62.2.jar;C:\Users\WINDOWS 10\.m2\repository\com\vladsch\flexmark\flexmark-util-builder\0.62.2\flexmark-util-builder-0.62.2.jar;C:\Users\WINDOWS 10\.m2\repository\com\vladsch\flexmark\flexmark-util-collection\0.62.2\flexmark-util-collection-0.62.2.jar;C:\Users\WINDOWS 10\.m2\repository\com\vladsch\flexmark\flexmark-util-data\0.62.2\flexmark-util-data-0.62.2.jar;C:\Users\WINDOWS 10\.m2\repository\com\vladsch\flexmark\flexmark-util-dependency\0.62.2\flexmark-util-dependency-0.62.2.jar;C:\Users\WINDOWS 10\.m2\repository\com\vladsch\flexmark\flexmark-util-format\0.62.2\flexmark-util-format-0.62.2.jar;C:\Users\WINDOWS 10\.m2\repository\com\vladsch\flexmark\flexmark-util-html\0.62.2\flexmark-util-html-0.62.2.jar;C:\Users\WINDOWS 10\.m2\repository\com\vladsch\flexmark\flexmark-util-misc\0.62.2\flexmark-util-misc-0.62.2.jar;C:\Users\WINDOWS 10\.m2\repository\com\vladsch\flexmark\flexmark-util-options\0.62.2\flexmark-util-options-0.62.2.jar;C:\Users\WINDOWS 10\.m2\repository\com\vladsch\flexmark\flexmark-util-sequence\0.62.2\flexmark-util-sequence-0.62.2.jar;C:\Users\WINDOWS 10\.m2\repository\com\vladsch\flexmark\flexmark-util-visitor\0.62.2\flexmark-util-visitor-0.62.2.jar;C:\Users\WINDOWS 10\.m2\repository\com\vladsch\flexmark\flexmark-youtrack-converter\0.62.2\flexmark-youtrack-converter-0.62.2.jar;C:\Users\WINDOWS 10\.m2\repository\com\ibm\icu\icu4j\72.1\icu4j-72.1.jar;C:\Users\WINDOWS 10\.m2\repository\es\nitaur\markdown\txtmark\0.16\txtmark-0.16.jar;C:\Users\WINDOWS 10\.m2\repository\net\serenity-bdd\serenity-report-resources\3.6.21\serenity-report-resources-3.6.21.jar;C:\Users\WINDOWS 10\.m2\repository\com\google\code\gson\gson\2.10.1\gson-2.10.1.jar;C:\Users\WINDOWS 10\.m2\repository\com\fasterxml\jackson\core\jackson-core\2.15.0-rc1\jackson-core-2.15.0-rc1.jar;C:\Users\WINDOWS 10\.m2\repository\com\fasterxml\jackson\core\jackson-databind\2.15.0-rc1\jackson-databind-2.15.0-rc1.jar;C:\Users\WINDOWS 10\.m2\repository\com\fasterxml\jackson\core\jackson-annotations\2.15.0-rc1\jackson-annotations-2.15.0-rc1.jar;C:\Users\WINDOWS 10\.m2\repository\commons-codec\commons-codec\1.15\commons-codec-1.15.jar;C:\Users\WINDOWS 10\.m2\repository\commons-io\commons-io\2.11.0\commons-io-2.11.0.jar;C:\Users\WINDOWS 10\.m2\repository\org\seleniumhq\selenium\selenium-java\4.8.1\selenium-java-4.8.1.jar;C:\Users\WINDOWS 10\.m2\repository\org\seleniumhq\selenium\selenium-devtools-v108\4.8.1\selenium-devtools-v108-4.8.1.jar;C:\Users\WINDOWS 10\.m2\repository\org\seleniumhq\selenium\selenium-devtools-v109\4.8.1\selenium-devtools-v109-4.8.1.jar;C:\Users\WINDOWS 10\.m2\repository\org\seleniumhq\selenium\selenium-devtools-v110\4.8.1\selenium-devtools-v110-4.8.1.jar;C:\Users\WINDOWS 10\.m2\repository\org\seleniumhq\selenium\selenium-devtools-v85\4.8.1\selenium-devtools-v85-4.8.1.jar;C:\Users\WINDOWS 10\.m2\repository\org\seleniumhq\selenium\selenium-remote-driver\4.8.1\selenium-remote-driver-4.8.1.jar;C:\Users\WINDOWS 10\.m2\repository\com\beust\jcommander\1.82\jcommander-1.82.jar;C:\Users\WINDOWS 10\.m2\repository\io\netty\netty-buffer\4.1.87.Final\netty-buffer-4.1.87.Final.jar;C:\Users\WINDOWS 10\.m2\repository\io\netty\netty-codec-http\4.1.87.Final\netty-codec-http-4.1.87.Final.jar;C:\Users\WINDOWS 10\.m2\repository\io\netty\netty-codec\4.1.87.Final\netty-codec-4.1.87.Final.jar;C:\Users\WINDOWS 10\.m2\repository\io\netty\netty-handler\4.1.87.Final\netty-handler-4.1.87.Final.jar;C:\Users\WINDOWS 10\.m2\repository\io\netty\netty-common\4.1.87.Final\netty-common-4.1.87.Final.jar;C:\Users\WINDOWS 10\.m2\repository\io\netty\netty-transport-classes-epoll\4.1.87.Final\netty-transport-classes-epoll-4.1.87.Final.jar;C:\Users\WINDOWS 10\.m2\repository\io\netty\netty-transport-classes-kqueue\4.1.87.Final\netty-transport-classes-kqueue-4.1.87.Final.jar;C:\Users\WINDOWS 10\.m2\repository\io\netty\netty-transport-native-epoll\4.1.87.Final\netty-transport-native-epoll-4.1.87.Final.jar;C:\Users\WINDOWS 10\.m2\repository\io\netty\netty-transport-native-kqueue\4.1.87.Final\netty-transport-native-kqueue-4.1.87.Final.jar;C:\Users\WINDOWS 10\.m2\repository\io\netty\netty-transport-native-unix-common\4.1.87.Final\netty-transport-native-unix-common-4.1.87.Final.jar;C:\Users\WINDOWS 10\.m2\repository\io\netty\netty-transport\4.1.87.Final\netty-transport-4.1.87.Final.jar;C:\Users\WINDOWS 10\.m2\repository\io\netty\netty-resolver\4.1.87.Final\netty-resolver-4.1.87.Final.jar;C:\Users\WINDOWS 10\.m2\repository\io\opentelemetry\opentelemetry-api\1.22.0\opentelemetry-api-1.22.0.jar;C:\Users\WINDOWS 10\.m2\repository\io\opentelemetry\opentelemetry-context\1.22.0\opentelemetry-context-1.22.0.jar;C:\Users\WINDOWS 10\.m2\repository\io\opentelemetry\opentelemetry-exporter-logging\1.22.0\opentelemetry-exporter-logging-1.22.0.jar;C:\Users\WINDOWS 10\.m2\repository\io\opentelemetry\opentelemetry-sdk-metrics\1.22.0\opentelemetry-sdk-metrics-1.22.0.jar;C:\Users\WINDOWS 10\.m2\repository\io\opentelemetry\opentelemetry-sdk-logs\1.22.0-alpha\opentelemetry-sdk-logs-1.22.0-alpha.jar;C:\Users\WINDOWS 10\.m2\repository\io\opentelemetry\opentelemetry-api-logs\1.22.0-alpha\opentelemetry-api-logs-1.22.0-alpha.jar;C:\Users\WINDOWS 10\.m2\repository\io\opentelemetry\opentelemetry-sdk-common\1.22.0\opentelemetry-sdk-common-1.22.0.jar;C:\Users\WINDOWS 10\.m2\repository\io\opentelemetry\opentelemetry-sdk-extension-autoconfigure-spi\1.22.0\opentelemetry-sdk-extension-autoconfigure-spi-1.22.0.jar;C:\Users\WINDOWS 10\.m2\repository\io\opentelemetry\opentelemetry-sdk-extension-autoconfigure\1.22.0-alpha\opentelemetry-sdk-extension-autoconfigure-1.22.0-alpha.jar;C:\Users\WINDOWS 10\.m2\repository\io\opentelemetry\opentelemetry-sdk-trace\1.22.0\opentelemetry-sdk-trace-1.22.0.jar;C:\Users\WINDOWS 10\.m2\repository\io\opentelemetry\opentelemetry-sdk\1.22.0\opentelemetry-sdk-1.22.0.jar;C:\Users\WINDOWS 10\.m2\repository\io\opentelemetry\opentelemetry-semconv\1.22.0-alpha\opentelemetry-semconv-1.22.0-alpha.jar;C:\Users\WINDOWS 10\.m2\repository\io\ous\jtoml\2.0.0\jtoml-2.0.0.jar;C:\Users\WINDOWS 10\.m2\repository\org\apache\commons\commons-exec\1.3\commons-exec-1.3.jar;C:\Users\WINDOWS 10\.m2\repository\org\asynchttpclient\async-http-client\2.12.3\async-http-client-2.12.3.jar;C:\Users\WINDOWS 10\.m2\repository\org\asynchttpclient\async-http-client-netty-utils\2.12.3\async-http-client-netty-utils-2.12.3.jar;C:\Users\WINDOWS 10\.m2\repository\io\netty\netty-codec-socks\4.1.60.Final\netty-codec-socks-4.1.60.Final.jar;C:\Users\WINDOWS 10\.m2\repository\io\netty\netty-handler-proxy\4.1.60.Final\netty-handler-proxy-4.1.60.Final.jar;C:\Users\WINDOWS 10\.m2\repository\io\netty\netty-transport-native-epoll\4.1.60.Final\netty-transport-native-epoll-4.1.60.Final-linux-x86_64.jar;C:\Users\WINDOWS 10\.m2\repository\io\netty\netty-transport-native-kqueue\4.1.60.Final\netty-transport-native-kqueue-4.1.60.Final-osx-x86_64.jar;C:\Users\WINDOWS 10\.m2\repository\org\reactivestreams\reactive-streams\1.0.3\reactive-streams-1.0.3.jar;C:\Users\WINDOWS 10\.m2\repository\com\typesafe\netty\netty-reactive-streams\2.0.4\netty-reactive-streams-2.0.4.jar;C:\Users\WINDOWS 10\.m2\repository\org\seleniumhq\selenium\selenium-manager\4.8.1\selenium-manager-4.8.1.jar;C:\Users\WINDOWS 10\.m2\repository\org\seleniumhq\selenium\selenium-safari-driver\4.8.1\selenium-safari-driver-4.8.1.jar;C:\Users\WINDOWS 10\.m2\repository\org\seleniumhq\selenium\selenium-api\4.8.1\selenium-api-4.8.1.jar;C:\Users\WINDOWS 10\.m2\repository\org\seleniumhq\selenium\selenium-support\4.8.1\selenium-support-4.8.1.jar;C:\Users\WINDOWS 10\.m2\repository\com\google\auto\service\auto-service-annotations\1.0.1\auto-service-annotations-1.0.1.jar;C:\Users\WINDOWS 10\.m2\repository\com\google\auto\service\auto-service\1.0.1\auto-service-1.0.1.jar;C:\Users\WINDOWS 10\.m2\repository\com\google\auto\auto-common\1.2\auto-common-1.2.jar;C:\Users\WINDOWS 10\.m2\repository\org\seleniumhq\selenium\selenium-json\4.8.1\selenium-json-4.8.1.jar;C:\Users\WINDOWS 10\.m2\repository\org\seleniumhq\selenium\selenium-chrome-driver\4.8.1\selenium-chrome-driver-4.8.1.jar;C:\Users\WINDOWS 10\.m2\repository\org\seleniumhq\selenium\selenium-chromium-driver\4.8.1\selenium-chromium-driver-4.8.1.jar;C:\Users\WINDOWS 10\.m2\repository\org\seleniumhq\selenium\selenium-firefox-driver\4.8.1\selenium-firefox-driver-4.8.1.jar;C:\Users\WINDOWS 10\.m2\repository\org\seleniumhq\selenium\selenium-http\4.8.1\selenium-http-4.8.1.jar;C:\Users\WINDOWS 10\.m2\repository\dev\failsafe\failsafe\3.3.0\failsafe-3.3.0.jar;C:\Users\WINDOWS 10\.m2\repository\org\seleniumhq\selenium\selenium-edge-driver\4.8.1\selenium-edge-driver-4.8.1.jar;C:\Users\WINDOWS 10\.m2\repository\org\seleniumhq\selenium\selenium-ie-driver\4.8.1\selenium-ie-driver-4.8.1.jar;C:\Users\WINDOWS 10\.m2\repository\org\projectlombok\lombok\1.18.20\lombok-1.18.20.jar;C:\Users\WINDOWS 10\.m2\repository\io\appium\java-client\8.3.0\java-client-8.3.0.jar;C:\Users\WINDOWS 10\.m2\repository\commons-validator\commons-validator\1.7\commons-validator-1.7.jar;C:\Users\WINDOWS 10\.m2\repository\commons-digester\commons-digester\2.1\commons-digester-2.1.jar;C:\Users\WINDOWS 10\.m2\repository\net\sf\opencsv\opencsv\2.0\opencsv-2.0.jar;C:\Users\WINDOWS 10\.m2\repository\commons-beanutils\commons-beanutils\1.9.4\commons-beanutils-1.9.4.jar;C:\Users\WINDOWS 10\.m2\repository\org\apache\commons\commons-lang3\3.12.0\commons-lang3-3.12.0.jar;C:\Users\WINDOWS 10\.m2\repository\commons-collections\commons-collections\3.2.2\commons-collections-3.2.2.jar;C:\Users\WINDOWS 10\.m2\repository\org\fluentlenium\fluentlenium-core\0.10.2\fluentlenium-core-0.10.2.jar;C:\Users\WINDOWS 10\.m2\repository\io\github\bonigarcia\webdrivermanager\5.3.0\webdrivermanager-5.3.0.jar;C:\Users\WINDOWS 10\.m2\repository\com\github\docker-java\docker-java\3.2.13\docker-java-3.2.13.jar;C:\Users\WINDOWS 10\.m2\repository\com\github\docker-java\docker-java-core\3.2.13\docker-java-core-3.2.13.jar;C:\Users\WINDOWS 10\.m2\repository\com\github\docker-java\docker-java-api\3.2.13\docker-java-api-3.2.13.jar;C:\Users\WINDOWS 10\.m2\repository\org\apache\commons\commons-compress\1.21\commons-compress-1.21.jar;C:\Users\WINDOWS 10\.m2\repository\org\bouncycastle\bcpkix-jdk15on\1.64\bcpkix-jdk15on-1.64.jar;C:\Users\WINDOWS 10\.m2\repository\org\bouncycastle\bcprov-jdk15on\1.64\bcprov-jdk15on-1.64.jar;C:\Users\WINDOWS 10\.m2\repository\org\slf4j\jcl-over-slf4j\1.7.30\jcl-over-slf4j-1.7.30.jar;C:\Users\WINDOWS 10\.m2\repository\com\github\docker-java\docker-java-transport-httpclient5\3.2.13\docker-java-transport-httpclient5-3.2.13.jar;C:\Users\WINDOWS 10\.m2\repository\com\github\docker-java\docker-java-transport\3.2.13\docker-java-transport-3.2.13.jar;C:\Users\WINDOWS 10\.m2\repository\net\java\dev\jna\jna\5.8.0\jna-5.8.0.jar;C:\Users\WINDOWS 10\.m2\repository\org\brotli\dec\0.1.2\dec-0.1.2.jar;C:\Users\WINDOWS 10\.m2\repository\org\apache\httpcomponents\client5\httpclient5\5.1.3\httpclient5-5.1.3.jar;C:\Users\WINDOWS 10\.m2\repository\org\apache\httpcomponents\core5\httpcore5\5.1.3\httpcore5-5.1.3.jar;C:\Users\WINDOWS 10\.m2\repository\org\apache\httpcomponents\core5\httpcore5-h2\5.1.3\httpcore5-h2-5.1.3.jar;C:\Users\WINDOWS 10\.m2\repository\com\jhlabs\filters\2.0.235\filters-2.0.235.jar;C:\Users\WINDOWS 10\.m2\repository\com\paulhammant\ngwebdriver\1.1.6\ngwebdriver-1.1.6.jar;C:\Users\WINDOWS 10\.m2\repository\joda-time\joda-time\2.12.2\joda-time-2.12.2.jar;C:\Users\WINDOWS 10\.m2\repository\org\hamcrest\hamcrest\2.2\hamcrest-2.2.jar;C:\Users\WINDOWS 10\.m2\repository\com\google\jimfs\jimfs\1.2\jimfs-1.2.jar;C:\Users\WINDOWS 10\.m2\repository\org\mockito\mockito-core\3.3.3\mockito-core-3.3.3.jar;C:\Users\WINDOWS 10\.m2\repository\javax\xml\bind\jaxb-api\2.3.1\jaxb-api-2.3.1.jar;C:\Users\WINDOWS 10\.m2\repository\javax\activation\javax.activation-api\1.2.0\javax.activation-api-1.2.0.jar;C:\Users\WINDOWS 10\.m2\repository\com\sun\xml\bind\jaxb-core\2.3.0.1\jaxb-core-2.3.0.1.jar;C:\Users\WINDOWS 10\.m2\repository\com\sun\xml\bind\jaxb-impl\2.3.3\jaxb-impl-2.3.3.jar;C:\Users\WINDOWS 10\.m2\repository\jakarta\xml\bind\jakarta.xml.bind-api\2.3.3\jakarta.xml.bind-api-2.3.3.jar;C:\Users\WINDOWS 10\.m2\repository\com\sun\activation\jakarta.activation\1.2.2\jakarta.activation-1.2.2.jar;C:\Users\WINDOWS 10\.m2\repository\javax\activation\activation\1.1.1\activation-1.1.1.jar;C:\Users\WINDOWS 10\.m2\repository\net\serenity-bdd\serenity-cucumber\3.6.21\serenity-cucumber-3.6.21.jar;C:\Users\WINDOWS 10\.m2\repository\io\cucumber\cucumber-core\7.11.0\cucumber-core-7.11.0.jar;C:\Users\WINDOWS 10\.m2\repository\io\cucumber\cucumber-gherkin\7.11.0\cucumber-gherkin-7.11.0.jar;C:\Users\WINDOWS 10\.m2\repository\io\cucumber\cucumber-gherkin-messages\7.11.0\cucumber-gherkin-messages-7.11.0.jar;C:\Users\WINDOWS 10\.m2\repository\io\cucumber\gherkin\26.0.3\gherkin-26.0.3.jar;C:\Users\WINDOWS 10\.m2\repository\io\cucumber\messages\21.0.1\messages-21.0.1.jar;C:\Users\WINDOWS 10\.m2\repository\io\cucumber\tag-expressions\5.0.1\tag-expressions-5.0.1.jar;C:\Users\WINDOWS 10\.m2\repository\io\cucumber\cucumber-expressions\16.1.1\cucumber-expressions-16.1.1.jar;C:\Users\WINDOWS 10\.m2\repository\io\cucumber\datatable\7.11.0\datatable-7.11.0.jar;C:\Users\WINDOWS 10\.m2\repository\io\cucumber\cucumber-plugin\7.11.0\cucumber-plugin-7.11.0.jar;C:\Users\WINDOWS 10\.m2\repository\io\cucumber\docstring\7.11.0\docstring-7.11.0.jar;C:\Users\WINDOWS 10\.m2\repository\io\cucumber\html-formatter\20.2.1\html-formatter-20.2.1.jar;C:\Users\WINDOWS 10\.m2\repository\io\cucumber\junit-xml-formatter\0.1.0\junit-xml-formatter-0.1.0.jar;C:\Users\WINDOWS 10\.m2\repository\io\cucumber\ci-environment\9.1.0\ci-environment-9.1.0.jar;C:\Users\WINDOWS 10\.m2\repository\io\cucumber\cucumber-java\7.11.0\cucumber-java-7.11.0.jar;C:\Users\WINDOWS 10\.m2\repository\io\cucumber\cucumber-junit\7.11.0\cucumber-junit-7.11.0.jar;C:\Users\WINDOWS 10\.m2\repository\org\apache\commons\commons-csv\1.5\commons-csv-1.5.jar;C:\Users\WINDOWS 10\.m2\repository\net\serenity-bdd\serenity-screenplay\3.6.21\serenity-screenplay-3.6.21.jar;C:\Users\WINDOWS 10\.m2\repository\net\serenity-bdd\serenity-screenplay-webdriver\3.6.21\serenity-screenplay-webdriver-3.6.21.jar;C:\Users\WINDOWS 10\.m2\repository\net\serenity-bdd\serenity-ensure\3.6.21\serenity-ensure-3.6.21.jar;C:\Users\WINDOWS 10\.m2\repository\net\serenity-bdd\serenity-junit\3.6.21\serenity-junit-3.6.21.jar;C:\Users\WINDOWS 10\.m2\repository\org\jetbrains\kotlin\kotlin-stdlib\1.8.10\kotlin-stdlib-1.8.10.jar;C:\Users\WINDOWS 10\.m2\repository\org\jetbrains\kotlin\kotlin-stdlib-common\1.8.10\kotlin-stdlib-common-1.8.10.jar;C:\Users\WINDOWS 10\.m2\repository\org\jetbrains\annotations\13.0\annotations-13.0.jar;C:\Users\WINDOWS 10\.m2\repository\org\junit\platform\junit-platform-launcher\1.8.2\junit-platform-launcher-1.8.2.jar;C:\Users\WINDOWS 10\.m2\repository\org\junit\platform\junit-platform-engine\1.8.2\junit-platform-engine-1.8.2.jar;C:\Users\WINDOWS 10\.m2\repository\org\junit\platform\junit-platform-commons\1.8.2\junit-platform-commons-1.8.2.jar;C:\Users\WINDOWS 10\.m2\repository\org\apiguardian\apiguardian-api\1.1.2\apiguardian-api-1.1.2.jar;C:\Users\WINDOWS 10\.m2\repository\org\junit\jupiter\junit-jupiter-engine\5.8.2\junit-jupiter-engine-5.8.2.jar;C:\Users\WINDOWS 10\.m2\repository\org\junit\jupiter\junit-jupiter-api\5.8.2\junit-jupiter-api-5.8.2.jar;C:\Users\WINDOWS 10\.m2\repository\org\junit\vintage\junit-vintage-engine\5.8.2\junit-vintage-engine-5.8.2.jar;C:\Users\WINDOWS 10\.m2\repository\junit\junit\4.13.2\junit-4.13.2.jar;C:\Users\WINDOWS 10\.m2\repository\org\hamcrest\hamcrest-core\1.3\hamcrest-core-1.3.jar;C:\Users\WINDOWS 10\.m2\repository\ch\qos\logback\logback-classic\1.2.10\logback-classic-1.2.10.jar;C:\Users\WINDOWS 10\.m2\repository\ch\qos\logback\logback-core\1.2.10\logback-core-1.2.10.jar;C:\Users\WINDOWS 10\.m2\repository\org\slf4j\slf4j-api\1.7.32\slf4j-api-1.7.32.jar;C:\Users\WINDOWS 10\.m2\repository\org\assertj\assertj-core\3.23.1\assertj-core-3.23.1.jar;C:\Users\WINDOWS 10\.m2\repository\net\bytebuddy\byte-buddy\1.12.10\byte-buddy-1.12.10.jar;C:\Users\WINDOWS 10\.m2\repository\com\googlecode\json-simple\json-simple\1.1.1\json-simple-1.1.1.jar;"/>
    <property name="sun.cpu.endian" value="little"/>
    <property name="user.home" value="C:\Users\WINDOWS 10"/>
    <property name="user.language" value="en"/>
    <property name="java.specification.vendor" value="Oracle Corporation"/>
    <property name="java.version.date" value="2021-01-19"/>
    <property name="java.home" value="C:\Program Files\Java\jdk-15.0.2"/>
    <property name="file.separator" value="\"/>
    <property name="basedir" value="C:\Users\WINDOWS 10\Documents\GitHub\Capstone\sociops_qe_web"/>
    <property name="java.vm.compressedOopsMode" value="Zero based"/>
    <property name="line.separator" value="&#10;"/>
    <property name="java.vm.specification.vendor" value="Oracle Corporation"/>
    <property name="java.specification.name" value="Java Platform API Specification"/>
    <property name="surefire.real.class.path" value="C:\Users\WINDOWS 10\AppData\Local\Temp\surefire18437371866792824332\surefirebooter-20230621182407030_3.jar"/>
    <property name="user.script" value=""/>
    <property name="java.protocol.handler.pkgs" value="com.google.common"/>
    <property name="sun.management.compiler" value="HotSpot 64-Bit Tiered Compilers"/>
    <property name="java.runtime.version" value="15.0.2+7-27"/>
    <property name="user.name" value="WINDOWS 10"/>
    <property name="path.separator" value=";"/>
    <property name="os.version" value="10.0"/>
    <property name="java.runtime.name" value="Java(TM) SE Runtime Environment"/>
    <property name="file.encoding" value="Cp1252"/>
    <property name="webdriver.base.url" value=""/>
    <property name="java.vm.name" value="Java HotSpot(TM) 64-Bit Server VM"/>
    <property name="localRepository" value="C:\Users\WINDOWS 10\.m2\repository"/>
    <property name="java.vendor.url.bug" value="https://bugreport.java.com/bugreport/"/>
    <property name="java.io.tmpdir" value="C:\Users\WINDOW~1\AppData\Local\Temp\"/>
    <property name="java.version" value="15.0.2"/>
    <property name="user.dir" value="C:\Users\WINDOWS 10\Documents\GitHub\Capstone\sociops_qe_web"/>
    <property name="os.arch" value="amd64"/>
    <property name="java.vm.specification.name" value="Java Virtual Machine Specification"/>
    <property name="sun.os.patch.level" value=""/>
    <property name="java.library.path" value="C:\Program Files\Java\jdk-15.0.2\bin;C:\WINDOWS\Sun\Java\bin;C:\WINDOWS\system32;C:\WINDOWS;C:\Program Files (x86)\Common Files\Oracle\Java\javapath;C:\src\flutter\bin;C:\WINDOWS\system32;C:\WINDOWS;C:\WINDOWS\System32\Wbem;C:\WINDOWS\System32\WindowsPowerShell\v1.0\;C:\WINDOWS\System32\OpenSSH\;C:\Program Files\Java\jdk-15.0.2;C:\Program Files\Java\jdk-15.0.2\bin;C:\Program Files\apache-maven-3.9.1\bin;C:\Program Files\apache-maven-3.9.1;C:\Program Files\apache-maven-3.9.1\bin;C:\Users\WINDOWS 10\AppData\Local\Android\Sdk;C:\Users\WINDOWS 10\AppData\Local\Android\Sdk\platform-tools;C:\Users\WINDOWS 10\AppData\Local\Android\Sdk\tools;C:\Users\WINDOWS 10\AppData\Local\Android\Sdk\tools\bin;C:\Program Files\nodejs\;C:\Program Files\Git\cmd;C:\Program Files\dotnet\;C:\Users\WINDOWS 10\AppData\Local\Microsoft\WindowsApps;C:\Users\WINDOWS 10\AppData\Local\Programs\Microsoft VS Code\bin;C:\Users\WINDOWS 10\AppData\Local\GitHubDesktop\bin;C:\Users\WINDOWS 10\AppData\Roaming\npm;;."/>
    <property name="java.vm.info" value="mixed mode, sharing"/>
    <property name="java.vendor" value="Oracle Corporation"/>
    <property name="java.vm.version" value="15.0.2+7-27"/>
    <property name="sun.io.unicode.encoding" value="UnicodeLittle"/>
    <property name="java.class.version" value="59.0"/>
  </properties>
  <testcase name="Login with correct credentials" classname="Login to Sociops Admin Account" time="8.729">
    <system-out><![CDATA[18:24:08.221 [main] DEBUG net.thucydides.core.guice.Injectors - Created injector for module net.thucydides.core.guice.ThucydidesModule
18:24:08.459 [main] DEBUG io.cucumber.core.plugin.SerenityReporter - Running feature from file:///C:/Users/WINDOWS%2010/Documents/GitHub/Capstone/sociops_qe_web/src/test/resources/features/Dashboard.feature
18:24:08.612 [main] DEBUG net.thucydides.core.guice.Injectors - Created injector for module net.thucydides.core.guice.webdriver.WebDriverModule
18:24:08.630 [main] INFO  - 

-------------------------------------------------------------------------------------
     _______. _______ .______       _______ .__   __.  __  .___________.____    ____ 
    /       ||   ____||   _  \     |   ____||  \ |  | |  | |           |\   \  /   / 
   |   (----`|  |__   |  |_)  |    |  |__   |   \|  | |  | `---|  |----` \   \/   /  
    \   \    |   __|  |      /     |   __|  |  . `  | |  |     |  |       \_    _/   
.----)   |   |  |____ |  |\  \----.|  |____ |  |\   | |  |     |  |         |  |     
|_______/    |_______|| _| `._____||_______||__| \__| |__|     |__|         |__|    
                                                                                     
 News and tutorials at http://www.serenity-bdd.info                                  
 Documentation at https://wakaleo.gitbooks.io/the-serenity-book/content/             
 Join the Serenity Community on Gitter: https://gitter.im/serenity-bdd/serenity-core 
 Serenity BDD Support and Training at http://serenity-bdd.info/#/trainingandsupport  
-------------------------------------------------------------------------------------

18:24:08.632 [main] DEBUG net.thucydides.core.steps.StepEventBus - Test suite started for story net.thucydides.core.model.Story@d0cf6dd5
18:24:08.633 [main] INFO  - Test Suite Started: Validate Dashboard Sociops Web
18:24:08.650 [main] DEBUG io.cucumber.core.plugin.SerenityReporter - Running feature from file:///C:/Users/WINDOWS%2010/Documents/GitHub/Capstone/sociops_qe_web/src/test/resources/features/Login.feature
18:24:08.663 [main] DEBUG net.thucydides.core.steps.StepEventBus - Test suite started for story net.thucydides.core.model.Story@2938f36d
18:24:08.663 [main] INFO  - Test Suite Started: Login to Sociops Admin Account
18:24:08.665 [main] DEBUG io.cucumber.core.plugin.SerenityReporter - Running feature from file:///C:/Users/WINDOWS%2010/Documents/GitHub/Capstone/sociops_qe_web/src/test/resources/features/Login.feature
18:24:08.669 [main] DEBUG net.thucydides.core.steps.StepEventBus - Test suite started for story net.thucydides.core.model.Story@2938f36d
18:24:08.669 [main] INFO  - Test Suite Started: Login to Sociops Admin Account

Scenario: Login with correct credentials        &amp#27;[90m# src/test/resources/features/Login.feature:7&amp#27;[0m
18:24:08.763 [main] DEBUG io.cucumber.core.plugin.SerenityReporter - Running feature from file:///C:/Users/WINDOWS%2010/Documents/GitHub/Capstone/sociops_qe_web/src/test/resources/features/Login.feature
18:24:08.893 [main] INFO  - 
  _____   ___   ___   _____     ___   _____     _     ___   _____   ___   ___  
 |_   _| | __| / __| |_   _|   / __| |_   _|   /_\   | _ \ |_   _| | __| |   \ 
   | |   | _|  \__ \   | |     \__ \   | |    / _ \  |   /   | |   | _|  | |) |
   |_|   |___| |___/   |_|     |___/   |_|   /_/ \_\ |_|_\   |_|   |___| |___/ 

Login with correct credentials(login-to-sociops-admin-account;login-with-correct-credentials)
--------------------------------------------------------------------------------
18:24:08.952 [main] DEBUG net.thucydides.core.requirements.model.cucumber.CucumberParser - Loading feature C:\Users\WINDOWS 10\Documents\GitHub\Capstone\sociops_qe_web\src\test\resources\features\Dashboard.feature
18:24:08.976 [main] DEBUG net.thucydides.core.requirements.model.cucumber.CucumberParser - Loading feature C:\Users\WINDOWS 10\Documents\GitHub\Capstone\sociops_qe_web\src\test\resources\features\Login.feature
18:24:09.663 [main] DEBUG net.thucydides.core.steps.StepInterceptor - STARTING STEP: LoginSteps.onTheLoginPage - openPage
18:24:09.754 [main] INFO net.serenitybdd.core.webdriver.driverproviders.ChromeDriverProvider - Starting Chrome driver instance with capabilities:
18:24:09.757 [main] INFO net.serenitybdd.core.webdriver.driverproviders.ChromeDriverProvider - Capabilities {acceptInsecureCerts: false, browserName: chrome, goog:chromeOptions: {args: [remote-allow-origins=*], extensions: []}}
18:24:09.852 [main] DEBUG io.netty.util.internal.logging.InternalLoggerFactory - Using SLF4J as the default logging framework
18:24:09.857 [main] DEBUG io.netty.util.ResourceLeakDetector - -Dio.netty.leakDetection.level: simple
18:24:09.857 [main] DEBUG io.netty.util.ResourceLeakDetector - -Dio.netty.leakDetection.targetRecords: 4
18:24:09.862 [main] DEBUG io.netty.util.ResourceLeakDetectorFactory - Loaded default ResourceLeakDetector: io.netty.util.ResourceLeakDetector@599a9cb2
18:24:09.880 [main] DEBUG io.netty.util.internal.PlatformDependent0 - -Dio.netty.noUnsafe: false
18:24:09.880 [main] DEBUG io.netty.util.internal.PlatformDependent0 - Java version: 15
18:24:09.881 [main] DEBUG io.netty.util.internal.PlatformDependent0 - sun.misc.Unsafe.theUnsafe: available
18:24:09.881 [main] DEBUG io.netty.util.internal.PlatformDependent0 - sun.misc.Unsafe.copyMemory: available
18:24:09.882 [main] DEBUG io.netty.util.internal.PlatformDependent0 - sun.misc.Unsafe.storeFence: available
18:24:09.882 [main] DEBUG io.netty.util.internal.PlatformDependent0 - java.nio.Buffer.address: available
18:24:09.884 [main] DEBUG io.netty.util.internal.PlatformDependent0 - direct buffer constructor: unavailable: Reflective setAccessible(true) disabled
18:24:09.885 [main] DEBUG io.netty.util.internal.PlatformDependent0 - java.nio.Bits.unaligned: available, true
18:24:09.886 [main] DEBUG io.netty.util.internal.PlatformDependent0 - jdk.internal.misc.Unsafe.allocateUninitializedArray(int): unavailable: class io.netty.util.internal.PlatformDependent0$7 cannot access class jdk.internal.misc.Unsafe (in module java.base) because module java.base does not export jdk.internal.misc to unnamed module @55e8ec2f
18:24:09.887 [main] DEBUG io.netty.util.internal.PlatformDependent0 - java.nio.DirectByteBuffer.<init>(long, int): unavailable
18:24:09.887 [main] DEBUG io.netty.util.internal.PlatformDependent - sun.misc.Unsafe: available
18:24:09.889 [main] DEBUG io.netty.util.internal.PlatformDependent - maxDirectMemory: 4133486592 bytes (maybe)
18:24:09.889 [main] DEBUG io.netty.util.internal.PlatformDependent - -Dio.netty.tmpdir: C:\Users\WINDOW~1\AppData\Local\Temp (java.io.tmpdir)
18:24:09.889 [main] DEBUG io.netty.util.internal.PlatformDependent - -Dio.netty.bitMode: 64 (sun.arch.data.model)
18:24:09.889 [main] DEBUG io.netty.util.internal.PlatformDependent - Platform: Windows
18:24:09.890 [main] DEBUG io.netty.util.internal.PlatformDependent - -Dio.netty.maxDirectMemory: -1 bytes
18:24:09.890 [main] DEBUG io.netty.util.internal.PlatformDependent - -Dio.netty.uninitializedArrayAllocationThreshold: -1
18:24:09.891 [main] DEBUG io.netty.util.internal.CleanerJava9 - java.nio.ByteBuffer.cleaner(): available
18:24:09.891 [main] DEBUG io.netty.util.internal.PlatformDependent - -Dio.netty.noPreferDirect: false
18:24:09.896 [main] DEBUG io.netty.util.internal.PlatformDependent - org.jctools-core.MpscChunkedArrayQueue: available
18:24:09.930 [main] DEBUG io.netty.util.internal.InternalThreadLocalMap - -Dio.netty.threadLocalMap.stringBuilder.initialSize: 1024
18:24:09.930 [main] DEBUG io.netty.util.internal.InternalThreadLocalMap - -Dio.netty.threadLocalMap.stringBuilder.maxSize: 4096
18:24:10.144 [main] DEBUG io.netty.handler.ssl.JdkSslContext - Default protocols (JDK): [TLSv1.3, TLSv1.2, TLSv1.1, TLSv1] 
18:24:10.144 [main] DEBUG io.netty.handler.ssl.JdkSslContext - Default cipher suites (JDK): [TLS_ECDHE_ECDSA_WITH_AES_256_GCM_SHA384, TLS_ECDHE_ECDSA_WITH_AES_128_GCM_SHA256, TLS_ECDHE_RSA_WITH_AES_128_GCM_SHA256, TLS_ECDHE_RSA_WITH_AES_256_GCM_SHA384, TLS_ECDHE_RSA_WITH_AES_128_CBC_SHA, TLS_ECDHE_RSA_WITH_AES_256_CBC_SHA, TLS_RSA_WITH_AES_128_GCM_SHA256, TLS_RSA_WITH_AES_128_CBC_SHA, TLS_RSA_WITH_AES_256_CBC_SHA, TLS_AES_128_GCM_SHA256, TLS_AES_256_GCM_SHA384]
18:24:10.180 [main] DEBUG io.netty.channel.MultithreadEventLoopGroup - -Dio.netty.eventLoopThreads: 32
18:24:10.191 [main] DEBUG io.netty.channel.nio.NioEventLoop - -Dio.netty.noKeySetOptimization: false
18:24:10.191 [main] DEBUG io.netty.channel.nio.NioEventLoop - -Dio.netty.selectorAutoRebuildThreshold: 512
18:24:10.259 [main] DEBUG io.netty.buffer.PooledByteBufAllocator - -Dio.netty.allocator.numHeapArenas: 32
18:24:10.259 [main] DEBUG io.netty.buffer.PooledByteBufAllocator - -Dio.netty.allocator.numDirectArenas: 32
18:24:10.259 [main] DEBUG io.netty.buffer.PooledByteBufAllocator - -Dio.netty.allocator.pageSize: 8192
18:24:10.259 [main] DEBUG io.netty.buffer.PooledByteBufAllocator - -Dio.netty.allocator.maxOrder: 9
18:24:10.259 [main] DEBUG io.netty.buffer.PooledByteBufAllocator - -Dio.netty.allocator.chunkSize: 4194304
18:24:10.259 [main] DEBUG io.netty.buffer.PooledByteBufAllocator - -Dio.netty.allocator.smallCacheSize: 256
18:24:10.259 [main] DEBUG io.netty.buffer.PooledByteBufAllocator - -Dio.netty.allocator.normalCacheSize: 64
18:24:10.259 [main] DEBUG io.netty.buffer.PooledByteBufAllocator - -Dio.netty.allocator.maxCachedBufferCapacity: 32768
18:24:10.259 [main] DEBUG io.netty.buffer.PooledByteBufAllocator - -Dio.netty.allocator.cacheTrimInterval: 8192
18:24:10.259 [main] DEBUG io.netty.buffer.PooledByteBufAllocator - -Dio.netty.allocator.cacheTrimIntervalMillis: 0
18:24:10.259 [main] DEBUG io.netty.buffer.PooledByteBufAllocator - -Dio.netty.allocator.useCacheForAllThreads: false
18:24:10.259 [main] DEBUG io.netty.buffer.PooledByteBufAllocator - -Dio.netty.allocator.maxCachedByteBuffersPerChunk: 1023
18:24:10.272 [main] DEBUG io.netty.buffer.ByteBufUtil - -Dio.netty.allocator.type: pooled
18:24:10.272 [main] DEBUG io.netty.buffer.ByteBufUtil - -Dio.netty.threadLocalDirectBufferSize: 0
18:24:10.272 [main] DEBUG io.netty.buffer.ByteBufUtil - -Dio.netty.maxThreadLocalCharBufferSize: 16384
18:24:11.016 [Forwarding newSession on session null to remote] DEBUG io.netty.channel.DefaultChannelId - -Dio.netty.processId: 16872 (auto-detected)
18:24:11.018 [Forwarding newSession on session null to remote] DEBUG io.netty.util.NetUtil - -Djava.net.preferIPv4Stack: false
18:24:11.019 [Forwarding newSession on session null to remote] DEBUG io.netty.util.NetUtil - -Djava.net.preferIPv6Addresses: false
18:24:11.025 [Forwarding newSession on session null to remote] DEBUG io.netty.util.NetUtilInitializations - Loopback interface: lo (Software Loopback Interface 1, 127.0.0.1)
18:24:11.025 [Forwarding newSession on session null to remote] DEBUG io.netty.util.NetUtil - Failed to get SOMAXCONN from sysctl and file \proc\sys\net\core\somaxconn. Default: 200
18:24:11.040 [Forwarding newSession on session null to remote] DEBUG io.netty.channel.DefaultChannelId - -Dio.netty.machineId: 34:cf:f6:ff:fe:2b:0c:19 (auto-detected)
18:24:11.084 [AsyncHttpClient-1-2] DEBUG io.netty.buffer.AbstractByteBuf - -Dio.netty.buffer.checkAccessible: true
18:24:11.085 [AsyncHttpClient-1-2] DEBUG io.netty.buffer.AbstractByteBuf - -Dio.netty.buffer.checkBounds: true
18:24:11.085 [AsyncHttpClient-1-2] DEBUG io.netty.util.ResourceLeakDetectorFactory - Loaded default ResourceLeakDetector: io.netty.util.ResourceLeakDetector@2bf11f66
18:24:11.094 [AsyncHttpClient-1-2] DEBUG org.asynchttpclient.netty.channel.NettyConnectListener - Using new Channel '[id: 0xf13c86ba, L:/127.0.0.1:52048 - R:localhost/127.0.0.1:39870]' for 'POST' to '/session'
18:24:11.119 [AsyncHttpClient-1-2] DEBUG io.netty.util.Recycler - -Dio.netty.recycler.maxCapacityPerThread: 4096
18:24:11.119 [AsyncHttpClient-1-2] DEBUG io.netty.util.Recycler - -Dio.netty.recycler.ratio: 8
18:24:11.119 [AsyncHttpClient-1-2] DEBUG io.netty.util.Recycler - -Dio.netty.recycler.chunkSize: 32
18:24:11.119 [AsyncHttpClient-1-2] DEBUG io.netty.util.Recycler - -Dio.netty.recycler.blocking: false
18:24:12.009 [AsyncHttpClient-1-2] DEBUG io.netty.handler.codec.compression.Brotli - brotli4j not in the classpath; Brotli support will be unavailable.
18:24:12.009 [AsyncHttpClient-1-2] DEBUG org.asynchttpclient.netty.handler.HttpHandler - 

Request DefaultHttpRequest(decodeResult: success, version: HTTP/1.1)
POST /session HTTP/1.1
User-Agent: selenium/4.8.1 (java windows)
Content-Length: 507
Content-Type: application/json; charset=utf-8
host: localhost:39870
accept: */*

Response DefaultHttpResponse(decodeResult: success, version: HTTP/1.1)
HTTP/1.1 200 OK
Content-Length: 862
Content-Type: application/json; charset=utf-8
cache-control: no-cache

18:24:12.015 [AsyncHttpClient-1-2] DEBUG org.asynchttpclient.netty.channel.ChannelManager - Adding key: http://localhost:39870 for channel [id: 0xf13c86ba, L:/127.0.0.1:52048 - R:localhost/127.0.0.1:39870]
18:24:12.063 [AsyncHttpClient-1-3] DEBUG org.asynchttpclient.netty.channel.NettyConnectListener - Using new Channel '[id: 0x2e416f78, L:/127.0.0.1:52057 - R:localhost/127.0.0.1:52051]' for 'GET' to '/json/version'
18:24:12.067 [AsyncHttpClient-1-3] DEBUG org.asynchttpclient.netty.handler.HttpHandler - 

Request DefaultFullHttpRequest(decodeResult: success, version: HTTP/1.1, content: EmptyByteBufBE)
GET /json/version HTTP/1.1
User-Agent: selenium/4.8.1 (java windows)
host: localhost:52051
accept: */*

Response DefaultHttpResponse(decodeResult: success, version: HTTP/1.1)
HTTP/1.1 200 OK
Content-Security-Policy: frame-ancestors 'none'
Content-Length: 424
Content-Type: application/json; charset=UTF-8

18:24:12.067 [AsyncHttpClient-1-3] DEBUG org.asynchttpclient.netty.channel.ChannelManager - Adding key: http://localhost:52051 for channel [id: 0x2e416f78, L:/127.0.0.1:52057 - R:localhost/127.0.0.1:52051]
18:24:12.072 [main] DEBUG io.netty.util.internal.ThreadLocalRandom - -Dio.netty.initialSeedUniquifier: 0x39100687535d623a
18:24:12.076 [AsyncHttpClient-1-4] DEBUG org.asynchttpclient.netty.channel.NettyConnectListener - Using new Channel '[id: 0x19488c08, L:/127.0.0.1:52058 - R:localhost/127.0.0.1:52051]' for 'GET' to '/devtools/browser/b1f1c900-faf7-427b-a103-49cfd039379f'
18:24:12.079 [AsyncHttpClient-1-4] DEBUG org.asynchttpclient.netty.handler.WebSocketHandler - 

Request DefaultFullHttpRequest(decodeResult: success, version: HTTP/1.1, content: EmptyByteBufBE)
GET /devtools/browser/b1f1c900-faf7-427b-a103-49cfd039379f HTTP/1.1
upgrade: websocket
connection: upgrade
sec-websocket-key: ITBlEJhgJeKsQk+RY9sc+A==
sec-websocket-version: 13
origin: http://localhost:52051
host: localhost:52051
accept: */*
user-agent: AHC/2.1

Response DefaultHttpResponse(decodeResult: success, version: HTTP/1.1)
HTTP/1.1 101 WebSocket Protocol Handshake
Upgrade: WebSocket
Connection: Upgrade
Sec-WebSocket-Accept: qZMVk5v9/nx1eOpSx2KHLXZ2gRU=

18:24:12.162 [Forwarding get on session 01e247028c3b46154ff8b0d39f725768 to remote] DEBUG org.asynchttpclient.netty.request.NettyRequestSender - Using pooled Channel '[id: 0xf13c86ba, L:/127.0.0.1:52048 - R:localhost/127.0.0.1:39870]' for 'POST' to 'http://localhost:39870/session/01e247028c3b46154ff8b0d39f725768/url'
18:24:12.162 [Forwarding get on session 01e247028c3b46154ff8b0d39f725768 to remote] DEBUG org.asynchttpclient.netty.request.NettyRequestSender - Using open Channel [id: 0xf13c86ba, L:/127.0.0.1:52048 - R:localhost/127.0.0.1:39870] for POST '/session/01e247028c3b46154ff8b0d39f725768/url'
18:24:12.307 [AsyncHttpClient-1-1] DEBUG org.asynchttpclient.netty.channel.DefaultChannelPool - Entry count for : http://localhost:52051 : 1
18:24:12.915 [AsyncHttpClient-1-2] DEBUG org.asynchttpclient.netty.handler.HttpHandler - 

Request DefaultHttpRequest(decodeResult: success, version: HTTP/1.1)
POST /session/01e247028c3b46154ff8b0d39f725768/url HTTP/1.1
User-Agent: selenium/4.8.1 (java windows)
Content-Length: 63
Content-Type: application/json; charset=utf-8
host: localhost:39870
accept: */*

Response DefaultHttpResponse(decodeResult: success, version: HTTP/1.1)
HTTP/1.1 200 OK
Content-Length: 14
Content-Type: application/json; charset=utf-8
cache-control: no-cache

18:24:12.915 [AsyncHttpClient-1-2] DEBUG org.asynchttpclient.netty.channel.ChannelManager - Adding key: http://localhost:39870 for channel [id: 0xf13c86ba, L:/127.0.0.1:52048 - R:localhost/127.0.0.1:39870]
18:24:12.919 [Forwarding setTimeout on session 01e247028c3b46154ff8b0d39f725768 to remote] DEBUG org.asynchttpclient.netty.request.NettyRequestSender - Using pooled Channel '[id: 0xf13c86ba, L:/127.0.0.1:52048 - R:localhost/127.0.0.1:39870]' for 'POST' to 'http://localhost:39870/session/01e247028c3b46154ff8b0d39f725768/timeouts'
18:24:12.919 [Forwarding setTimeout on session 01e247028c3b46154ff8b0d39f725768 to remote] DEBUG org.asynchttpclient.netty.request.NettyRequestSender - Using open Channel [id: 0xf13c86ba, L:/127.0.0.1:52048 - R:localhost/127.0.0.1:39870] for POST '/session/01e247028c3b46154ff8b0d39f725768/timeouts'
18:24:12.921 [AsyncHttpClient-1-2] DEBUG org.asynchttpclient.netty.handler.HttpHandler - 

Request DefaultHttpRequest(decodeResult: success, version: HTTP/1.1)
POST /session/01e247028c3b46154ff8b0d39f725768/timeouts HTTP/1.1
User-Agent: selenium/4.8.1 (java windows)
Content-Length: 22
Content-Type: application/json; charset=utf-8
host: localhost:39870
accept: */*

Response DefaultHttpResponse(decodeResult: success, version: HTTP/1.1)
HTTP/1.1 200 OK
Content-Length: 14
Content-Type: application/json; charset=utf-8
cache-control: no-cache

18:24:12.921 [AsyncHttpClient-1-2] DEBUG org.asynchttpclient.netty.channel.ChannelManager - Adding key: http://localhost:39870 for channel [id: 0xf13c86ba, L:/127.0.0.1:52048 - R:localhost/127.0.0.1:39870]
18:24:12.955 [main] DEBUG net.serenitybdd.core.photography.Darkroom - Opening darkroom
18:24:12.957 [Darkroom Processing Line] DEBUG net.serenitybdd.core.photography.DarkroomProcessingLine - Darkroom processing line starting up
18:24:12.978 [Forwarding getAlertText on session 01e247028c3b46154ff8b0d39f725768 to remote] DEBUG org.asynchttpclient.netty.request.NettyRequestSender - Using pooled Channel '[id: 0xf13c86ba, L:/127.0.0.1:52048 - R:localhost/127.0.0.1:39870]' for 'GET' to 'http://localhost:39870/session/01e247028c3b46154ff8b0d39f725768/alert/text'
18:24:12.978 [Forwarding getAlertText on session 01e247028c3b46154ff8b0d39f725768 to remote] DEBUG org.asynchttpclient.netty.request.NettyRequestSender - Using open Channel [id: 0xf13c86ba, L:/127.0.0.1:52048 - R:localhost/127.0.0.1:39870] for GET '/session/01e247028c3b46154ff8b0d39f725768/alert/text'
18:24:12.980 [AsyncHttpClient-1-2] DEBUG org.asynchttpclient.netty.handler.HttpHandler - 

Request DefaultFullHttpRequest(decodeResult: success, version: HTTP/1.1, content: EmptyByteBufBE)
GET /session/01e247028c3b46154ff8b0d39f725768/alert/text HTTP/1.1
User-Agent: selenium/4.8.1 (java windows)
Cache-Control: no-cache
Content-Type: application/json; charset=utf-8
host: localhost:39870
accept: */*

Response DefaultHttpResponse(decodeResult: success, version: HTTP/1.1)
HTTP/1.1 404 Not Found
Content-Length: 821
Content-Type: application/json; charset=utf-8
cache-control: no-cache

18:24:12.980 [AsyncHttpClient-1-2] DEBUG org.asynchttpclient.netty.channel.ChannelManager - Adding key: http://localhost:39870 for channel [id: 0xf13c86ba, L:/127.0.0.1:52048 - R:localhost/127.0.0.1:39870]
18:24:12.986 [Forwarding getCurrentUrl on session 01e247028c3b46154ff8b0d39f725768 to remote] DEBUG org.asynchttpclient.netty.request.NettyRequestSender - Using pooled Channel '[id: 0xf13c86ba, L:/127.0.0.1:52048 - R:localhost/127.0.0.1:39870]' for 'GET' to 'http://localhost:39870/session/01e247028c3b46154ff8b0d39f725768/url'
18:24:12.986 [Forwarding getCurrentUrl on session 01e247028c3b46154ff8b0d39f725768 to remote] DEBUG org.asynchttpclient.netty.request.NettyRequestSender - Using open Channel [id: 0xf13c86ba, L:/127.0.0.1:52048 - R:localhost/127.0.0.1:39870] for GET '/session/01e247028c3b46154ff8b0d39f725768/url'
18:24:12.991 [AsyncHttpClient-1-2] DEBUG org.asynchttpclient.netty.handler.HttpHandler - 

Request DefaultFullHttpRequest(decodeResult: success, version: HTTP/1.1, content: EmptyByteBufBE)
GET /session/01e247028c3b46154ff8b0d39f725768/url HTTP/1.1
User-Agent: selenium/4.8.1 (java windows)
Cache-Control: no-cache
Content-Type: application/json; charset=utf-8
host: localhost:39870
accept: */*

Response DefaultHttpResponse(decodeResult: success, version: HTTP/1.1)
HTTP/1.1 200 OK
Content-Length: 45
Content-Type: application/json; charset=utf-8
cache-control: no-cache

18:24:12.991 [AsyncHttpClient-1-2] DEBUG org.asynchttpclient.netty.channel.ChannelManager - Adding key: http://localhost:39870 for channel [id: 0xf13c86ba, L:/127.0.0.1:52048 - R:localhost/127.0.0.1:39870]
18:24:12.995 [Forwarding screenshot on session 01e247028c3b46154ff8b0d39f725768 to remote] DEBUG org.asynchttpclient.netty.request.NettyRequestSender - Using pooled Channel '[id: 0xf13c86ba, L:/127.0.0.1:52048 - R:localhost/127.0.0.1:39870]' for 'GET' to 'http://localhost:39870/session/01e247028c3b46154ff8b0d39f725768/screenshot'
18:24:12.996 [Forwarding screenshot on session 01e247028c3b46154ff8b0d39f725768 to remote] DEBUG org.asynchttpclient.netty.request.NettyRequestSender - Using open Channel [id: 0xf13c86ba, L:/127.0.0.1:52048 - R:localhost/127.0.0.1:39870] for GET '/session/01e247028c3b46154ff8b0d39f725768/screenshot'
18:24:13.108 [AsyncHttpClient-1-2] DEBUG org.asynchttpclient.netty.handler.HttpHandler - 

Request DefaultFullHttpRequest(decodeResult: success, version: HTTP/1.1, content: EmptyByteBufBE)
GET /session/01e247028c3b46154ff8b0d39f725768/screenshot HTTP/1.1
User-Agent: selenium/4.8.1 (java windows)
Cache-Control: no-cache
Content-Type: application/json; charset=utf-8
host: localhost:39870
accept: */*

Response DefaultHttpResponse(decodeResult: success, version: HTTP/1.1)
HTTP/1.1 200 OK
Content-Length: 35188
Content-Type: application/json; charset=utf-8
cache-control: no-cache

18:24:13.109 [AsyncHttpClient-1-2] DEBUG org.asynchttpclient.netty.channel.ChannelManager - Adding key: http://localhost:39870 for channel [id: 0xf13c86ba, L:/127.0.0.1:52048 - R:localhost/127.0.0.1:39870]
18:24:13.172 [main] DEBUG net.serenitybdd.core.photography.Darkroom - Send negative for processing for target\site\serenity\e1a043f79cde61fd83c796824eb14028e2e774bcf48939784252612fe1cf5b50.png
18:24:13.172 [Darkroom Processing Line] DEBUG net.serenitybdd.core.photography.DarkroomProcessingLine - Processing screenshot image in /var/screenshots/screenshot-7616107983696333621
18:24:13.172 [Darkroom Processing Line] DEBUG net.serenitybdd.core.photography.DarkroomProcessingLine - Saving screenshot to target\site\serenity\e1a043f79cde61fd83c796824eb14028e2e774bcf48939784252612fe1cf5b50.png
18:24:13.175 [main] DEBUG net.thucydides.core.steps.StepInterceptor - STEP DONE: openPage
  &amp#27;[32mGiven &amp#27;[0m&amp#27;[32mI am on the sociops login page&amp#27;[0m          &amp#27;[90m# starter.stepdefinitions.LoginSteps.onTheLoginPage()&amp#27;[0m
18:24:13.191 [Forwarding getPageSource on session 01e247028c3b46154ff8b0d39f725768 to remote] DEBUG org.asynchttpclient.netty.request.NettyRequestSender - Using pooled Channel '[id: 0xf13c86ba, L:/127.0.0.1:52048 - R:localhost/127.0.0.1:39870]' for 'POST' to 'http://localhost:39870/session/01e247028c3b46154ff8b0d39f725768/execute/sync'
18:24:13.191 [Forwarding getPageSource on session 01e247028c3b46154ff8b0d39f725768 to remote] DEBUG org.asynchttpclient.netty.request.NettyRequestSender - Using open Channel [id: 0xf13c86ba, L:/127.0.0.1:52048 - R:localhost/127.0.0.1:39870] for POST '/session/01e247028c3b46154ff8b0d39f725768/execute/sync'
18:24:13.197 [AsyncHttpClient-1-2] DEBUG org.asynchttpclient.netty.handler.HttpHandler - 

Request DefaultHttpRequest(decodeResult: success, version: HTTP/1.1)
POST /session/01e247028c3b46154ff8b0d39f725768/execute/sync HTTP/1.1
User-Agent: selenium/4.8.1 (java windows)
Content-Length: 176
Content-Type: application/json; charset=utf-8
host: localhost:39870
accept: */*

Response DefaultHttpResponse(decodeResult: success, version: HTTP/1.1)
HTTP/1.1 200 OK
Content-Length: 9114
Content-Type: application/json; charset=utf-8
cache-control: no-cache

18:24:13.197 [AsyncHttpClient-1-2] DEBUG org.asynchttpclient.netty.channel.ChannelManager - Adding key: http://localhost:39870 for channel [id: 0xf13c86ba, L:/127.0.0.1:52048 - R:localhost/127.0.0.1:39870]
18:24:13.256 [Forwarding getCurrentUrl on session 01e247028c3b46154ff8b0d39f725768 to remote] DEBUG org.asynchttpclient.netty.request.NettyRequestSender - Using pooled Channel '[id: 0xf13c86ba, L:/127.0.0.1:52048 - R:localhost/127.0.0.1:39870]' for 'GET' to 'http://localhost:39870/session/01e247028c3b46154ff8b0d39f725768/url'
18:24:13.256 [Forwarding getCurrentUrl on session 01e247028c3b46154ff8b0d39f725768 to remote] DEBUG org.asynchttpclient.netty.request.NettyRequestSender - Using open Channel [id: 0xf13c86ba, L:/127.0.0.1:52048 - R:localhost/127.0.0.1:39870] for GET '/session/01e247028c3b46154ff8b0d39f725768/url'
18:24:13.260 [AsyncHttpClient-1-2] DEBUG org.asynchttpclient.netty.handler.HttpHandler - 

Request DefaultFullHttpRequest(decodeResult: success, version: HTTP/1.1, content: EmptyByteBufBE)
GET /session/01e247028c3b46154ff8b0d39f725768/url HTTP/1.1
User-Agent: selenium/4.8.1 (java windows)
Cache-Control: no-cache
Content-Type: application/json; charset=utf-8
host: localhost:39870
accept: */*

Response DefaultHttpResponse(decodeResult: success, version: HTTP/1.1)
HTTP/1.1 200 OK
Content-Length: 45
Content-Type: application/json; charset=utf-8
cache-control: no-cache

18:24:13.260 [AsyncHttpClient-1-2] DEBUG org.asynchttpclient.netty.channel.ChannelManager - Adding key: http://localhost:39870 for channel [id: 0xf13c86ba, L:/127.0.0.1:52048 - R:localhost/127.0.0.1:39870]
18:24:13.270 [Forwarding getAlertText on session 01e247028c3b46154ff8b0d39f725768 to remote] DEBUG org.asynchttpclient.netty.request.NettyRequestSender - Using pooled Channel '[id: 0xf13c86ba, L:/127.0.0.1:52048 - R:localhost/127.0.0.1:39870]' for 'GET' to 'http://localhost:39870/session/01e247028c3b46154ff8b0d39f725768/alert/text'
18:24:13.271 [Forwarding getAlertText on session 01e247028c3b46154ff8b0d39f725768 to remote] DEBUG org.asynchttpclient.netty.request.NettyRequestSender - Using open Channel [id: 0xf13c86ba, L:/127.0.0.1:52048 - R:localhost/127.0.0.1:39870] for GET '/session/01e247028c3b46154ff8b0d39f725768/alert/text'
18:24:13.274 [AsyncHttpClient-1-2] DEBUG org.asynchttpclient.netty.handler.HttpHandler - 

Request DefaultFullHttpRequest(decodeResult: success, version: HTTP/1.1, content: EmptyByteBufBE)
GET /session/01e247028c3b46154ff8b0d39f725768/alert/text HTTP/1.1
User-Agent: selenium/4.8.1 (java windows)
Cache-Control: no-cache
Content-Type: application/json; charset=utf-8
host: localhost:39870
accept: */*

Response DefaultHttpResponse(decodeResult: success, version: HTTP/1.1)
HTTP/1.1 404 Not Found
Content-Length: 821
Content-Type: application/json; charset=utf-8
cache-control: no-cache

18:24:13.274 [AsyncHttpClient-1-2] DEBUG org.asynchttpclient.netty.channel.ChannelManager - Adding key: http://localhost:39870 for channel [id: 0xf13c86ba, L:/127.0.0.1:52048 - R:localhost/127.0.0.1:39870]
18:24:13.277 [Forwarding getCurrentUrl on session 01e247028c3b46154ff8b0d39f725768 to remote] DEBUG org.asynchttpclient.netty.request.NettyRequestSender - Using pooled Channel '[id: 0xf13c86ba, L:/127.0.0.1:52048 - R:localhost/127.0.0.1:39870]' for 'GET' to 'http://localhost:39870/session/01e247028c3b46154ff8b0d39f725768/url'
18:24:13.277 [Forwarding getCurrentUrl on session 01e247028c3b46154ff8b0d39f725768 to remote] DEBUG org.asynchttpclient.netty.request.NettyRequestSender - Using open Channel [id: 0xf13c86ba, L:/127.0.0.1:52048 - R:localhost/127.0.0.1:39870] for GET '/session/01e247028c3b46154ff8b0d39f725768/url'
18:24:13.282 [AsyncHttpClient-1-2] DEBUG org.asynchttpclient.netty.handler.HttpHandler - 

Request DefaultFullHttpRequest(decodeResult: success, version: HTTP/1.1, content: EmptyByteBufBE)
GET /session/01e247028c3b46154ff8b0d39f725768/url HTTP/1.1
User-Agent: selenium/4.8.1 (java windows)
Cache-Control: no-cache
Content-Type: application/json; charset=utf-8
host: localhost:39870
accept: */*

Response DefaultHttpResponse(decodeResult: success, version: HTTP/1.1)
HTTP/1.1 200 OK
Content-Length: 45
Content-Type: application/json; charset=utf-8
cache-control: no-cache

18:24:13.283 [AsyncHttpClient-1-2] DEBUG org.asynchttpclient.netty.channel.ChannelManager - Adding key: http://localhost:39870 for channel [id: 0xf13c86ba, L:/127.0.0.1:52048 - R:localhost/127.0.0.1:39870]
18:24:13.286 [Forwarding screenshot on session 01e247028c3b46154ff8b0d39f725768 to remote] DEBUG org.asynchttpclient.netty.request.NettyRequestSender - Using pooled Channel '[id: 0xf13c86ba, L:/127.0.0.1:52048 - R:localhost/127.0.0.1:39870]' for 'GET' to 'http://localhost:39870/session/01e247028c3b46154ff8b0d39f725768/screenshot'
18:24:13.286 [Forwarding screenshot on session 01e247028c3b46154ff8b0d39f725768 to remote] DEBUG org.asynchttpclient.netty.request.NettyRequestSender - Using open Channel [id: 0xf13c86ba, L:/127.0.0.1:52048 - R:localhost/127.0.0.1:39870] for GET '/session/01e247028c3b46154ff8b0d39f725768/screenshot'
18:24:13.353 [AsyncHttpClient-1-2] DEBUG org.asynchttpclient.netty.handler.HttpHandler - 

Request DefaultFullHttpRequest(decodeResult: success, version: HTTP/1.1, content: EmptyByteBufBE)
GET /session/01e247028c3b46154ff8b0d39f725768/screenshot HTTP/1.1
User-Agent: selenium/4.8.1 (java windows)
Cache-Control: no-cache
Content-Type: application/json; charset=utf-8
host: localhost:39870
accept: */*

Response DefaultHttpResponse(decodeResult: success, version: HTTP/1.1)
HTTP/1.1 200 OK
Content-Length: 35188
Content-Type: application/json; charset=utf-8
cache-control: no-cache

18:24:13.353 [AsyncHttpClient-1-2] DEBUG org.asynchttpclient.netty.channel.ChannelManager - Adding key: http://localhost:39870 for channel [id: 0xf13c86ba, L:/127.0.0.1:52048 - R:localhost/127.0.0.1:39870]
18:24:13.357 [main] DEBUG net.serenitybdd.core.photography.Darkroom - Send negative for processing for target\site\serenity\e1a043f79cde61fd83c796824eb14028e2e774bcf48939784252612fe1cf5b50.png
18:24:13.358 [Forwarding getPageSource on session 01e247028c3b46154ff8b0d39f725768 to remote] DEBUG org.asynchttpclient.netty.request.NettyRequestSender - Using pooled Channel '[id: 0xf13c86ba, L:/127.0.0.1:52048 - R:localhost/127.0.0.1:39870]' for 'POST' to 'http://localhost:39870/session/01e247028c3b46154ff8b0d39f725768/execute/sync'
18:24:13.358 [Forwarding getPageSource on session 01e247028c3b46154ff8b0d39f725768 to remote] DEBUG org.asynchttpclient.netty.request.NettyRequestSender - Using open Channel [id: 0xf13c86ba, L:/127.0.0.1:52048 - R:localhost/127.0.0.1:39870] for POST '/session/01e247028c3b46154ff8b0d39f725768/execute/sync'
18:24:13.363 [AsyncHttpClient-1-2] DEBUG org.asynchttpclient.netty.handler.HttpHandler - 

Request DefaultHttpRequest(decodeResult: success, version: HTTP/1.1)
POST /session/01e247028c3b46154ff8b0d39f725768/execute/sync HTTP/1.1
User-Agent: selenium/4.8.1 (java windows)
Content-Length: 176
Content-Type: application/json; charset=utf-8
host: localhost:39870
accept: */*

Response DefaultHttpResponse(decodeResult: success, version: HTTP/1.1)
HTTP/1.1 200 OK
Content-Length: 9114
Content-Type: application/json; charset=utf-8
cache-control: no-cache

18:24:13.364 [AsyncHttpClient-1-2] DEBUG org.asynchttpclient.netty.channel.ChannelManager - Adding key: http://localhost:39870 for channel [id: 0xf13c86ba, L:/127.0.0.1:52048 - R:localhost/127.0.0.1:39870]
18:24:13.369 [Forwarding getCurrentUrl on session 01e247028c3b46154ff8b0d39f725768 to remote] DEBUG org.asynchttpclient.netty.request.NettyRequestSender - Using pooled Channel '[id: 0xf13c86ba, L:/127.0.0.1:52048 - R:localhost/127.0.0.1:39870]' for 'GET' to 'http://localhost:39870/session/01e247028c3b46154ff8b0d39f725768/url'
18:24:13.369 [Forwarding getCurrentUrl on session 01e247028c3b46154ff8b0d39f725768 to remote] DEBUG org.asynchttpclient.netty.request.NettyRequestSender - Using open Channel [id: 0xf13c86ba, L:/127.0.0.1:52048 - R:localhost/127.0.0.1:39870] for GET '/session/01e247028c3b46154ff8b0d39f725768/url'
18:24:13.373 [AsyncHttpClient-1-2] DEBUG org.asynchttpclient.netty.handler.HttpHandler - 

Request DefaultFullHttpRequest(decodeResult: success, version: HTTP/1.1, content: EmptyByteBufBE)
GET /session/01e247028c3b46154ff8b0d39f725768/url HTTP/1.1
User-Agent: selenium/4.8.1 (java windows)
Cache-Control: no-cache
Content-Type: application/json; charset=utf-8
host: localhost:39870
accept: */*

Response DefaultHttpResponse(decodeResult: success, version: HTTP/1.1)
HTTP/1.1 200 OK
Content-Length: 45
Content-Type: application/json; charset=utf-8
cache-control: no-cache

18:24:13.373 [AsyncHttpClient-1-2] DEBUG org.asynchttpclient.netty.channel.ChannelManager - Adding key: http://localhost:39870 for channel [id: 0xf13c86ba, L:/127.0.0.1:52048 - R:localhost/127.0.0.1:39870]
18:24:13.376 [main] DEBUG net.thucydides.core.steps.StepInterceptor - STARTING STEP: LoginSteps.inputEmail - inputEmail
18:24:13.386 [Forwarding findElement on session 01e247028c3b46154ff8b0d39f725768 to remote] DEBUG org.asynchttpclient.netty.request.NettyRequestSender - Using pooled Channel '[id: 0xf13c86ba, L:/127.0.0.1:52048 - R:localhost/127.0.0.1:39870]' for 'POST' to 'http://localhost:39870/session/01e247028c3b46154ff8b0d39f725768/element'
18:24:13.387 [Forwarding findElement on session 01e247028c3b46154ff8b0d39f725768 to remote] DEBUG org.asynchttpclient.netty.request.NettyRequestSender - Using open Channel [id: 0xf13c86ba, L:/127.0.0.1:52048 - R:localhost/127.0.0.1:39870] for POST '/session/01e247028c3b46154ff8b0d39f725768/element'
18:24:13.397 [AsyncHttpClient-1-2] DEBUG org.asynchttpclient.netty.handler.HttpHandler - 

Request DefaultHttpRequest(decodeResult: success, version: HTTP/1.1)
POST /session/01e247028c3b46154ff8b0d39f725768/element HTTP/1.1
User-Agent: selenium/4.8.1 (java windows)
Content-Length: 59
Content-Type: application/json; charset=utf-8
host: localhost:39870
accept: */*

Response DefaultHttpResponse(decodeResult: success, version: HTTP/1.1)
HTTP/1.1 200 OK
Content-Length: 94
Content-Type: application/json; charset=utf-8
cache-control: no-cache

18:24:13.397 [AsyncHttpClient-1-2] DEBUG org.asynchttpclient.netty.channel.ChannelManager - Adding key: http://localhost:39870 for channel [id: 0xf13c86ba, L:/127.0.0.1:52048 - R:localhost/127.0.0.1:39870]
18:24:13.400 [Forwarding clearElement on session 01e247028c3b46154ff8b0d39f725768 to remote] DEBUG org.asynchttpclient.netty.request.NettyRequestSender - Using pooled Channel '[id: 0xf13c86ba, L:/127.0.0.1:52048 - R:localhost/127.0.0.1:39870]' for 'POST' to 'http://localhost:39870/session/01e247028c3b46154ff8b0d39f725768/element/A2461D5665C49BE839BA907E634AF977_element_9/clear'
18:24:13.400 [Forwarding clearElement on session 01e247028c3b46154ff8b0d39f725768 to remote] DEBUG org.asynchttpclient.netty.request.NettyRequestSender - Using open Channel [id: 0xf13c86ba, L:/127.0.0.1:52048 - R:localhost/127.0.0.1:39870] for POST '/session/01e247028c3b46154ff8b0d39f725768/element/A2461D5665C49BE839BA907E634AF977_element_9/clear'
18:24:13.406 [AsyncHttpClient-1-1] DEBUG org.asynchttpclient.netty.channel.DefaultChannelPool - Entry count for : http://localhost:52051 : 1
18:24:13.437 [AsyncHttpClient-1-2] DEBUG org.asynchttpclient.netty.handler.HttpHandler - 

Request DefaultHttpRequest(decodeResult: success, version: HTTP/1.1)
POST /session/01e247028c3b46154ff8b0d39f725768/element/A2461D5665C49BE839BA907E634AF977_element_9/clear HTTP/1.1
User-Agent: selenium/4.8.1 (java windows)
Content-Length: 56
Content-Type: application/json; charset=utf-8
host: localhost:39870
accept: */*

Response DefaultHttpResponse(decodeResult: success, version: HTTP/1.1)
HTTP/1.1 200 OK
Content-Length: 14
Content-Type: application/json; charset=utf-8
cache-control: no-cache

18:24:13.437 [AsyncHttpClient-1-2] DEBUG org.asynchttpclient.netty.channel.ChannelManager - Adding key: http://localhost:39870 for channel [id: 0xf13c86ba, L:/127.0.0.1:52048 - R:localhost/127.0.0.1:39870]
18:24:13.440 [Forwarding sendKeysToElement on session 01e247028c3b46154ff8b0d39f725768 to remote] DEBUG org.asynchttpclient.netty.request.NettyRequestSender - Using pooled Channel '[id: 0xf13c86ba, L:/127.0.0.1:52048 - R:localhost/127.0.0.1:39870]' for 'POST' to 'http://localhost:39870/session/01e247028c3b46154ff8b0d39f725768/element/A2461D5665C49BE839BA907E634AF977_element_9/value'
18:24:13.440 [Forwarding sendKeysToElement on session 01e247028c3b46154ff8b0d39f725768 to remote] DEBUG org.asynchttpclient.netty.request.NettyRequestSender - Using open Channel [id: 0xf13c86ba, L:/127.0.0.1:52048 - R:localhost/127.0.0.1:39870] for POST '/session/01e247028c3b46154ff8b0d39f725768/element/A2461D5665C49BE839BA907E634AF977_element_9/value'
18:24:13.524 [AsyncHttpClient-1-2] DEBUG org.asynchttpclient.netty.handler.HttpHandler - 

Request DefaultHttpRequest(decodeResult: success, version: HTTP/1.1)
POST /session/01e247028c3b46154ff8b0d39f725768/element/A2461D5665C49BE839BA907E634AF977_element_9/value HTTP/1.1
User-Agent: selenium/4.8.1 (java windows)
Content-Length: 207
Content-Type: application/json; charset=utf-8
host: localhost:39870
accept: */*

Response DefaultHttpResponse(decodeResult: success, version: HTTP/1.1)
HTTP/1.1 200 OK
Content-Length: 14
Content-Type: application/json; charset=utf-8
cache-control: no-cache

18:24:13.526 [AsyncHttpClient-1-2] DEBUG org.asynchttpclient.netty.channel.ChannelManager - Adding key: http://localhost:39870 for channel [id: 0xf13c86ba, L:/127.0.0.1:52048 - R:localhost/127.0.0.1:39870]
18:24:13.534 [Forwarding getAlertText on session 01e247028c3b46154ff8b0d39f725768 to remote] DEBUG org.asynchttpclient.netty.request.NettyRequestSender - Using pooled Channel '[id: 0xf13c86ba, L:/127.0.0.1:52048 - R:localhost/127.0.0.1:39870]' for 'GET' to 'http://localhost:39870/session/01e247028c3b46154ff8b0d39f725768/alert/text'
18:24:13.534 [Forwarding getAlertText on session 01e247028c3b46154ff8b0d39f725768 to remote] DEBUG org.asynchttpclient.netty.request.NettyRequestSender - Using open Channel [id: 0xf13c86ba, L:/127.0.0.1:52048 - R:localhost/127.0.0.1:39870] for GET '/session/01e247028c3b46154ff8b0d39f725768/alert/text'
18:24:13.537 [AsyncHttpClient-1-2] DEBUG org.asynchttpclient.netty.handler.HttpHandler - 

Request DefaultFullHttpRequest(decodeResult: success, version: HTTP/1.1, content: EmptyByteBufBE)
GET /session/01e247028c3b46154ff8b0d39f725768/alert/text HTTP/1.1
User-Agent: selenium/4.8.1 (java windows)
Cache-Control: no-cache
Content-Type: application/json; charset=utf-8
host: localhost:39870
accept: */*

Response DefaultHttpResponse(decodeResult: success, version: HTTP/1.1)
HTTP/1.1 404 Not Found
Content-Length: 821
Content-Type: application/json; charset=utf-8
cache-control: no-cache

18:24:13.537 [AsyncHttpClient-1-2] DEBUG org.asynchttpclient.netty.channel.ChannelManager - Adding key: http://localhost:39870 for channel [id: 0xf13c86ba, L:/127.0.0.1:52048 - R:localhost/127.0.0.1:39870]
18:24:13.539 [Forwarding getCurrentUrl on session 01e247028c3b46154ff8b0d39f725768 to remote] DEBUG org.asynchttpclient.netty.request.NettyRequestSender - Using pooled Channel '[id: 0xf13c86ba, L:/127.0.0.1:52048 - R:localhost/127.0.0.1:39870]' for 'GET' to 'http://localhost:39870/session/01e247028c3b46154ff8b0d39f725768/url'
18:24:13.539 [Forwarding getCurrentUrl on session 01e247028c3b46154ff8b0d39f725768 to remote] DEBUG org.asynchttpclient.netty.request.NettyRequestSender - Using open Channel [id: 0xf13c86ba, L:/127.0.0.1:52048 - R:localhost/127.0.0.1:39870] for GET '/session/01e247028c3b46154ff8b0d39f725768/url'
18:24:13.546 [AsyncHttpClient-1-2] DEBUG org.asynchttpclient.netty.handler.HttpHandler - 

Request DefaultFullHttpRequest(decodeResult: success, version: HTTP/1.1, content: EmptyByteBufBE)
GET /session/01e247028c3b46154ff8b0d39f725768/url HTTP/1.1
User-Agent: selenium/4.8.1 (java windows)
Cache-Control: no-cache
Content-Type: application/json; charset=utf-8
host: localhost:39870
accept: */*

Response DefaultHttpResponse(decodeResult: success, version: HTTP/1.1)
HTTP/1.1 200 OK
Content-Length: 45
Content-Type: application/json; charset=utf-8
cache-control: no-cache

18:24:13.546 [AsyncHttpClient-1-2] DEBUG org.asynchttpclient.netty.channel.ChannelManager - Adding key: http://localhost:39870 for channel [id: 0xf13c86ba, L:/127.0.0.1:52048 - R:localhost/127.0.0.1:39870]
18:24:13.547 [Forwarding screenshot on session 01e247028c3b46154ff8b0d39f725768 to remote] DEBUG org.asynchttpclient.netty.request.NettyRequestSender - Using pooled Channel '[id: 0xf13c86ba, L:/127.0.0.1:52048 - R:localhost/127.0.0.1:39870]' for 'GET' to 'http://localhost:39870/session/01e247028c3b46154ff8b0d39f725768/screenshot'
18:24:13.547 [Forwarding screenshot on session 01e247028c3b46154ff8b0d39f725768 to remote] DEBUG org.asynchttpclient.netty.request.NettyRequestSender - Using open Channel [id: 0xf13c86ba, L:/127.0.0.1:52048 - R:localhost/127.0.0.1:39870] for GET '/session/01e247028c3b46154ff8b0d39f725768/screenshot'
18:24:13.635 [AsyncHttpClient-1-2] DEBUG org.asynchttpclient.netty.handler.HttpHandler - 

Request DefaultFullHttpRequest(decodeResult: success, version: HTTP/1.1, content: EmptyByteBufBE)
GET /session/01e247028c3b46154ff8b0d39f725768/screenshot HTTP/1.1
User-Agent: selenium/4.8.1 (java windows)
Cache-Control: no-cache
Content-Type: application/json; charset=utf-8
host: localhost:39870
accept: */*

Response DefaultHttpResponse(decodeResult: success, version: HTTP/1.1)
HTTP/1.1 200 OK
Content-Length: 39320
Content-Type: application/json; charset=utf-8
cache-control: no-cache

18:24:13.636 [AsyncHttpClient-1-2] DEBUG org.asynchttpclient.netty.channel.ChannelManager - Adding key: http://localhost:39870 for channel [id: 0xf13c86ba, L:/127.0.0.1:52048 - R:localhost/127.0.0.1:39870]
18:24:13.639 [main] DEBUG net.serenitybdd.core.photography.Darkroom - Send negative for processing for target\site\serenity\0a78271d4cd45ebe50b780dcb158cfe353407df2b7f600becedaa923f5ce3bd7.png
18:24:13.639 [Darkroom Processing Line] DEBUG net.serenitybdd.core.photography.DarkroomProcessingLine - Processing screenshot image in /var/screenshots/screenshot-14045980323771289586
18:24:13.639 [Darkroom Processing Line] DEBUG net.serenitybdd.core.photography.DarkroomProcessingLine - Saving screenshot to target\site\serenity\0a78271d4cd45ebe50b780dcb158cfe353407df2b7f600becedaa923f5ce3bd7.png
18:24:13.639 [main] DEBUG net.thucydides.core.steps.StepInterceptor - STEP DONE: inputEmail
  &amp#27;[32mAnd &amp#27;[0m&amp#27;[32mI type correct email&amp#27;[0m                      &amp#27;[90m# starter.stepdefinitions.LoginSteps.inputEmail()&amp#27;[0m
18:24:13.649 [Forwarding getPageSource on session 01e247028c3b46154ff8b0d39f725768 to remote] DEBUG org.asynchttpclient.netty.request.NettyRequestSender - Using pooled Channel '[id: 0xf13c86ba, L:/127.0.0.1:52048 - R:localhost/127.0.0.1:39870]' for 'POST' to 'http://localhost:39870/session/01e247028c3b46154ff8b0d39f725768/execute/sync'
18:24:13.649 [Forwarding getPageSource on session 01e247028c3b46154ff8b0d39f725768 to remote] DEBUG org.asynchttpclient.netty.request.NettyRequestSender - Using open Channel [id: 0xf13c86ba, L:/127.0.0.1:52048 - R:localhost/127.0.0.1:39870] for POST '/session/01e247028c3b46154ff8b0d39f725768/execute/sync'
18:24:13.653 [AsyncHttpClient-1-2] DEBUG org.asynchttpclient.netty.handler.HttpHandler - 

Request DefaultHttpRequest(decodeResult: success, version: HTTP/1.1)
POST /session/01e247028c3b46154ff8b0d39f725768/execute/sync HTTP/1.1
User-Agent: selenium/4.8.1 (java windows)
Content-Length: 176
Content-Type: application/json; charset=utf-8
host: localhost:39870
accept: */*

Response DefaultHttpResponse(decodeResult: success, version: HTTP/1.1)
HTTP/1.1 200 OK
Content-Length: 9126
Content-Type: application/json; charset=utf-8
cache-control: no-cache

18:24:13.653 [AsyncHttpClient-1-2] DEBUG org.asynchttpclient.netty.channel.ChannelManager - Adding key: http://localhost:39870 for channel [id: 0xf13c86ba, L:/127.0.0.1:52048 - R:localhost/127.0.0.1:39870]
18:24:13.657 [Forwarding getCurrentUrl on session 01e247028c3b46154ff8b0d39f725768 to remote] DEBUG org.asynchttpclient.netty.request.NettyRequestSender - Using pooled Channel '[id: 0xf13c86ba, L:/127.0.0.1:52048 - R:localhost/127.0.0.1:39870]' for 'GET' to 'http://localhost:39870/session/01e247028c3b46154ff8b0d39f725768/url'
18:24:13.658 [Forwarding getCurrentUrl on session 01e247028c3b46154ff8b0d39f725768 to remote] DEBUG org.asynchttpclient.netty.request.NettyRequestSender - Using open Channel [id: 0xf13c86ba, L:/127.0.0.1:52048 - R:localhost/127.0.0.1:39870] for GET '/session/01e247028c3b46154ff8b0d39f725768/url'
18:24:13.660 [AsyncHttpClient-1-2] DEBUG org.asynchttpclient.netty.handler.HttpHandler - 

Request DefaultFullHttpRequest(decodeResult: success, version: HTTP/1.1, content: EmptyByteBufBE)
GET /session/01e247028c3b46154ff8b0d39f725768/url HTTP/1.1
User-Agent: selenium/4.8.1 (java windows)
Cache-Control: no-cache
Content-Type: application/json; charset=utf-8
host: localhost:39870
accept: */*

Response DefaultHttpResponse(decodeResult: success, version: HTTP/1.1)
HTTP/1.1 200 OK
Content-Length: 45
Content-Type: application/json; charset=utf-8
cache-control: no-cache

18:24:13.662 [AsyncHttpClient-1-2] DEBUG org.asynchttpclient.netty.channel.ChannelManager - Adding key: http://localhost:39870 for channel [id: 0xf13c86ba, L:/127.0.0.1:52048 - R:localhost/127.0.0.1:39870]
18:24:13.669 [Forwarding getPageSource on session 01e247028c3b46154ff8b0d39f725768 to remote] DEBUG org.asynchttpclient.netty.request.NettyRequestSender - Using pooled Channel '[id: 0xf13c86ba, L:/127.0.0.1:52048 - R:localhost/127.0.0.1:39870]' for 'POST' to 'http://localhost:39870/session/01e247028c3b46154ff8b0d39f725768/execute/sync'
18:24:13.669 [Forwarding getPageSource on session 01e247028c3b46154ff8b0d39f725768 to remote] DEBUG org.asynchttpclient.netty.request.NettyRequestSender - Using open Channel [id: 0xf13c86ba, L:/127.0.0.1:52048 - R:localhost/127.0.0.1:39870] for POST '/session/01e247028c3b46154ff8b0d39f725768/execute/sync'
18:24:13.674 [AsyncHttpClient-1-2] DEBUG org.asynchttpclient.netty.handler.HttpHandler - 

Request DefaultHttpRequest(decodeResult: success, version: HTTP/1.1)
POST /session/01e247028c3b46154ff8b0d39f725768/execute/sync HTTP/1.1
User-Agent: selenium/4.8.1 (java windows)
Content-Length: 176
Content-Type: application/json; charset=utf-8
host: localhost:39870
accept: */*

Response DefaultHttpResponse(decodeResult: success, version: HTTP/1.1)
HTTP/1.1 200 OK
Content-Length: 9126
Content-Type: application/json; charset=utf-8
cache-control: no-cache

18:24:13.674 [AsyncHttpClient-1-2] DEBUG org.asynchttpclient.netty.channel.ChannelManager - Adding key: http://localhost:39870 for channel [id: 0xf13c86ba, L:/127.0.0.1:52048 - R:localhost/127.0.0.1:39870]
18:24:13.679 [Forwarding getCurrentUrl on session 01e247028c3b46154ff8b0d39f725768 to remote] DEBUG org.asynchttpclient.netty.request.NettyRequestSender - Using pooled Channel '[id: 0xf13c86ba, L:/127.0.0.1:52048 - R:localhost/127.0.0.1:39870]' for 'GET' to 'http://localhost:39870/session/01e247028c3b46154ff8b0d39f725768/url'
18:24:13.679 [Forwarding getCurrentUrl on session 01e247028c3b46154ff8b0d39f725768 to remote] DEBUG org.asynchttpclient.netty.request.NettyRequestSender - Using open Channel [id: 0xf13c86ba, L:/127.0.0.1:52048 - R:localhost/127.0.0.1:39870] for GET '/session/01e247028c3b46154ff8b0d39f725768/url'
18:24:13.684 [AsyncHttpClient-1-2] DEBUG org.asynchttpclient.netty.handler.HttpHandler - 

Request DefaultFullHttpRequest(decodeResult: success, version: HTTP/1.1, content: EmptyByteBufBE)
GET /session/01e247028c3b46154ff8b0d39f725768/url HTTP/1.1
User-Agent: selenium/4.8.1 (java windows)
Cache-Control: no-cache
Content-Type: application/json; charset=utf-8
host: localhost:39870
accept: */*

Response DefaultHttpResponse(decodeResult: success, version: HTTP/1.1)
HTTP/1.1 200 OK
Content-Length: 45
Content-Type: application/json; charset=utf-8
cache-control: no-cache

18:24:13.684 [AsyncHttpClient-1-2] DEBUG org.asynchttpclient.netty.channel.ChannelManager - Adding key: http://localhost:39870 for channel [id: 0xf13c86ba, L:/127.0.0.1:52048 - R:localhost/127.0.0.1:39870]
18:24:13.686 [main] DEBUG net.thucydides.core.steps.StepInterceptor - STARTING STEP: LoginSteps.inputPassword - inputPassword
18:24:13.688 [Forwarding findElement on session 01e247028c3b46154ff8b0d39f725768 to remote] DEBUG org.asynchttpclient.netty.request.NettyRequestSender - Using pooled Channel '[id: 0xf13c86ba, L:/127.0.0.1:52048 - R:localhost/127.0.0.1:39870]' for 'POST' to 'http://localhost:39870/session/01e247028c3b46154ff8b0d39f725768/element'
18:24:13.688 [Forwarding findElement on session 01e247028c3b46154ff8b0d39f725768 to remote] DEBUG org.asynchttpclient.netty.request.NettyRequestSender - Using open Channel [id: 0xf13c86ba, L:/127.0.0.1:52048 - R:localhost/127.0.0.1:39870] for POST '/session/01e247028c3b46154ff8b0d39f725768/element'
18:24:13.702 [AsyncHttpClient-1-2] DEBUG org.asynchttpclient.netty.handler.HttpHandler - 

Request DefaultHttpRequest(decodeResult: success, version: HTTP/1.1)
POST /session/01e247028c3b46154ff8b0d39f725768/element HTTP/1.1
User-Agent: selenium/4.8.1 (java windows)
Content-Length: 62
Content-Type: application/json; charset=utf-8
host: localhost:39870
accept: */*

Response DefaultHttpResponse(decodeResult: success, version: HTTP/1.1)
HTTP/1.1 200 OK
Content-Length: 94
Content-Type: application/json; charset=utf-8
cache-control: no-cache

18:24:13.702 [AsyncHttpClient-1-2] DEBUG org.asynchttpclient.netty.channel.ChannelManager - Adding key: http://localhost:39870 for channel [id: 0xf13c86ba, L:/127.0.0.1:52048 - R:localhost/127.0.0.1:39870]
18:24:13.706 [Forwarding clearElement on session 01e247028c3b46154ff8b0d39f725768 to remote] DEBUG org.asynchttpclient.netty.request.NettyRequestSender - Using pooled Channel '[id: 0xf13c86ba, L:/127.0.0.1:52048 - R:localhost/127.0.0.1:39870]' for 'POST' to 'http://localhost:39870/session/01e247028c3b46154ff8b0d39f725768/element/A2461D5665C49BE839BA907E634AF977_element_2/clear'
18:24:13.706 [Forwarding clearElement on session 01e247028c3b46154ff8b0d39f725768 to remote] DEBUG org.asynchttpclient.netty.request.NettyRequestSender - Using open Channel [id: 0xf13c86ba, L:/127.0.0.1:52048 - R:localhost/127.0.0.1:39870] for POST '/session/01e247028c3b46154ff8b0d39f725768/element/A2461D5665C49BE839BA907E634AF977_element_2/clear'
18:24:13.745 [AsyncHttpClient-1-2] DEBUG org.asynchttpclient.netty.handler.HttpHandler - 

Request DefaultHttpRequest(decodeResult: success, version: HTTP/1.1)
POST /session/01e247028c3b46154ff8b0d39f725768/element/A2461D5665C49BE839BA907E634AF977_element_2/clear HTTP/1.1
User-Agent: selenium/4.8.1 (java windows)
Content-Length: 56
Content-Type: application/json; charset=utf-8
host: localhost:39870
accept: */*

Response DefaultHttpResponse(decodeResult: success, version: HTTP/1.1)
HTTP/1.1 200 OK
Content-Length: 14
Content-Type: application/json; charset=utf-8
cache-control: no-cache

18:24:13.745 [AsyncHttpClient-1-2] DEBUG org.asynchttpclient.netty.channel.ChannelManager - Adding key: http://localhost:39870 for channel [id: 0xf13c86ba, L:/127.0.0.1:52048 - R:localhost/127.0.0.1:39870]
18:24:13.747 [Forwarding sendKeysToElement on session 01e247028c3b46154ff8b0d39f725768 to remote] DEBUG org.asynchttpclient.netty.request.NettyRequestSender - Using pooled Channel '[id: 0xf13c86ba, L:/127.0.0.1:52048 - R:localhost/127.0.0.1:39870]' for 'POST' to 'http://localhost:39870/session/01e247028c3b46154ff8b0d39f725768/element/A2461D5665C49BE839BA907E634AF977_element_2/value'
18:24:13.747 [Forwarding sendKeysToElement on session 01e247028c3b46154ff8b0d39f725768 to remote] DEBUG org.asynchttpclient.netty.request.NettyRequestSender - Using open Channel [id: 0xf13c86ba, L:/127.0.0.1:52048 - R:localhost/127.0.0.1:39870] for POST '/session/01e247028c3b46154ff8b0d39f725768/element/A2461D5665C49BE839BA907E634AF977_element_2/value'
18:24:13.827 [AsyncHttpClient-1-2] DEBUG org.asynchttpclient.netty.handler.HttpHandler - 

Request DefaultHttpRequest(decodeResult: success, version: HTTP/1.1)
POST /session/01e247028c3b46154ff8b0d39f725768/element/A2461D5665C49BE839BA907E634AF977_element_2/value HTTP/1.1
User-Agent: selenium/4.8.1 (java windows)
Content-Length: 187
Content-Type: application/json; charset=utf-8
host: localhost:39870
accept: */*

Response DefaultHttpResponse(decodeResult: success, version: HTTP/1.1)
HTTP/1.1 200 OK
Content-Length: 14
Content-Type: application/json; charset=utf-8
cache-control: no-cache

18:24:13.827 [AsyncHttpClient-1-2] DEBUG org.asynchttpclient.netty.channel.ChannelManager - Adding key: http://localhost:39870 for channel [id: 0xf13c86ba, L:/127.0.0.1:52048 - R:localhost/127.0.0.1:39870]
18:24:13.835 [Forwarding getAlertText on session 01e247028c3b46154ff8b0d39f725768 to remote] DEBUG org.asynchttpclient.netty.request.NettyRequestSender - Using pooled Channel '[id: 0xf13c86ba, L:/127.0.0.1:52048 - R:localhost/127.0.0.1:39870]' for 'GET' to 'http://localhost:39870/session/01e247028c3b46154ff8b0d39f725768/alert/text'
18:24:13.835 [Forwarding getAlertText on session 01e247028c3b46154ff8b0d39f725768 to remote] DEBUG org.asynchttpclient.netty.request.NettyRequestSender - Using open Channel [id: 0xf13c86ba, L:/127.0.0.1:52048 - R:localhost/127.0.0.1:39870] for GET '/session/01e247028c3b46154ff8b0d39f725768/alert/text'
18:24:13.837 [AsyncHttpClient-1-2] DEBUG org.asynchttpclient.netty.handler.HttpHandler - 

Request DefaultFullHttpRequest(decodeResult: success, version: HTTP/1.1, content: EmptyByteBufBE)
GET /session/01e247028c3b46154ff8b0d39f725768/alert/text HTTP/1.1
User-Agent: selenium/4.8.1 (java windows)
Cache-Control: no-cache
Content-Type: application/json; charset=utf-8
host: localhost:39870
accept: */*

Response DefaultHttpResponse(decodeResult: success, version: HTTP/1.1)
HTTP/1.1 404 Not Found
Content-Length: 821
Content-Type: application/json; charset=utf-8
cache-control: no-cache

18:24:13.837 [AsyncHttpClient-1-2] DEBUG org.asynchttpclient.netty.channel.ChannelManager - Adding key: http://localhost:39870 for channel [id: 0xf13c86ba, L:/127.0.0.1:52048 - R:localhost/127.0.0.1:39870]
18:24:13.839 [Forwarding getCurrentUrl on session 01e247028c3b46154ff8b0d39f725768 to remote] DEBUG org.asynchttpclient.netty.request.NettyRequestSender - Using pooled Channel '[id: 0xf13c86ba, L:/127.0.0.1:52048 - R:localhost/127.0.0.1:39870]' for 'GET' to 'http://localhost:39870/session/01e247028c3b46154ff8b0d39f725768/url'
18:24:13.839 [Forwarding getCurrentUrl on session 01e247028c3b46154ff8b0d39f725768 to remote] DEBUG org.asynchttpclient.netty.request.NettyRequestSender - Using open Channel [id: 0xf13c86ba, L:/127.0.0.1:52048 - R:localhost/127.0.0.1:39870] for GET '/session/01e247028c3b46154ff8b0d39f725768/url'
18:24:13.844 [AsyncHttpClient-1-2] DEBUG org.asynchttpclient.netty.handler.HttpHandler - 

Request DefaultFullHttpRequest(decodeResult: success, version: HTTP/1.1, content: EmptyByteBufBE)
GET /session/01e247028c3b46154ff8b0d39f725768/url HTTP/1.1
User-Agent: selenium/4.8.1 (java windows)
Cache-Control: no-cache
Content-Type: application/json; charset=utf-8
host: localhost:39870
accept: */*

Response DefaultHttpResponse(decodeResult: success, version: HTTP/1.1)
HTTP/1.1 200 OK
Content-Length: 45
Content-Type: application/json; charset=utf-8
cache-control: no-cache

18:24:13.845 [AsyncHttpClient-1-2] DEBUG org.asynchttpclient.netty.channel.ChannelManager - Adding key: http://localhost:39870 for channel [id: 0xf13c86ba, L:/127.0.0.1:52048 - R:localhost/127.0.0.1:39870]
18:24:13.846 [Forwarding screenshot on session 01e247028c3b46154ff8b0d39f725768 to remote] DEBUG org.asynchttpclient.netty.request.NettyRequestSender - Using pooled Channel '[id: 0xf13c86ba, L:/127.0.0.1:52048 - R:localhost/127.0.0.1:39870]' for 'GET' to 'http://localhost:39870/session/01e247028c3b46154ff8b0d39f725768/screenshot'
18:24:13.846 [Forwarding screenshot on session 01e247028c3b46154ff8b0d39f725768 to remote] DEBUG org.asynchttpclient.netty.request.NettyRequestSender - Using open Channel [id: 0xf13c86ba, L:/127.0.0.1:52048 - R:localhost/127.0.0.1:39870] for GET '/session/01e247028c3b46154ff8b0d39f725768/screenshot'
18:24:13.921 [AsyncHttpClient-1-2] DEBUG org.asynchttpclient.netty.handler.HttpHandler - 

Request DefaultFullHttpRequest(decodeResult: success, version: HTTP/1.1, content: EmptyByteBufBE)
GET /session/01e247028c3b46154ff8b0d39f725768/screenshot HTTP/1.1
User-Agent: selenium/4.8.1 (java windows)
Cache-Control: no-cache
Content-Type: application/json; charset=utf-8
host: localhost:39870
accept: */*

Response DefaultHttpResponse(decodeResult: success, version: HTTP/1.1)
HTTP/1.1 200 OK
Content-Length: 36836
Content-Type: application/json; charset=utf-8
cache-control: no-cache

18:24:13.922 [AsyncHttpClient-1-2] DEBUG org.asynchttpclient.netty.channel.ChannelManager - Adding key: http://localhost:39870 for channel [id: 0xf13c86ba, L:/127.0.0.1:52048 - R:localhost/127.0.0.1:39870]
18:24:13.925 [main] DEBUG net.serenitybdd.core.photography.Darkroom - Send negative for processing for target\site\serenity\2aa86d31854312c8ab1c6d9551b633df9df65a4d0a000f2ef90d4e167f27fdb2.png
18:24:13.925 [main] DEBUG net.thucydides.core.steps.StepInterceptor - STEP DONE: inputPassword
18:24:13.925 [Darkroom Processing Line] DEBUG net.serenitybdd.core.photography.DarkroomProcessingLine - Processing screenshot image in /var/screenshots/screenshot-17663838259905651278
18:24:13.925 [Darkroom Processing Line] DEBUG net.serenitybdd.core.photography.DarkroomProcessingLine - Saving screenshot to target\site\serenity\2aa86d31854312c8ab1c6d9551b633df9df65a4d0a000f2ef90d4e167f27fdb2.png
  &amp#27;[32mAnd &amp#27;[0m&amp#27;[32mI type correct password&amp#27;[0m                   &amp#27;[90m# starter.stepdefinitions.LoginSteps.inputPassword()&amp#27;[0m
18:24:13.936 [Forwarding getPageSource on session 01e247028c3b46154ff8b0d39f725768 to remote] DEBUG org.asynchttpclient.netty.request.NettyRequestSender - Using pooled Channel '[id: 0xf13c86ba, L:/127.0.0.1:52048 - R:localhost/127.0.0.1:39870]' for 'POST' to 'http://localhost:39870/session/01e247028c3b46154ff8b0d39f725768/execute/sync'
18:24:13.936 [Forwarding getPageSource on session 01e247028c3b46154ff8b0d39f725768 to remote] DEBUG org.asynchttpclient.netty.request.NettyRequestSender - Using open Channel [id: 0xf13c86ba, L:/127.0.0.1:52048 - R:localhost/127.0.0.1:39870] for POST '/session/01e247028c3b46154ff8b0d39f725768/execute/sync'
18:24:13.941 [AsyncHttpClient-1-2] DEBUG org.asynchttpclient.netty.handler.HttpHandler - 

Request DefaultHttpRequest(decodeResult: success, version: HTTP/1.1)
POST /session/01e247028c3b46154ff8b0d39f725768/execute/sync HTTP/1.1
User-Agent: selenium/4.8.1 (java windows)
Content-Length: 176
Content-Type: application/json; charset=utf-8
host: localhost:39870
accept: */*

Response DefaultHttpResponse(decodeResult: success, version: HTTP/1.1)
HTTP/1.1 200 OK
Content-Length: 9136
Content-Type: application/json; charset=utf-8
cache-control: no-cache

18:24:13.941 [AsyncHttpClient-1-2] DEBUG org.asynchttpclient.netty.channel.ChannelManager - Adding key: http://localhost:39870 for channel [id: 0xf13c86ba, L:/127.0.0.1:52048 - R:localhost/127.0.0.1:39870]
18:24:13.946 [Forwarding getCurrentUrl on session 01e247028c3b46154ff8b0d39f725768 to remote] DEBUG org.asynchttpclient.netty.request.NettyRequestSender - Using pooled Channel '[id: 0xf13c86ba, L:/127.0.0.1:52048 - R:localhost/127.0.0.1:39870]' for 'GET' to 'http://localhost:39870/session/01e247028c3b46154ff8b0d39f725768/url'
18:24:13.946 [Forwarding getCurrentUrl on session 01e247028c3b46154ff8b0d39f725768 to remote] DEBUG org.asynchttpclient.netty.request.NettyRequestSender - Using open Channel [id: 0xf13c86ba, L:/127.0.0.1:52048 - R:localhost/127.0.0.1:39870] for GET '/session/01e247028c3b46154ff8b0d39f725768/url'
18:24:13.951 [AsyncHttpClient-1-2] DEBUG org.asynchttpclient.netty.handler.HttpHandler - 

Request DefaultFullHttpRequest(decodeResult: success, version: HTTP/1.1, content: EmptyByteBufBE)
GET /session/01e247028c3b46154ff8b0d39f725768/url HTTP/1.1
User-Agent: selenium/4.8.1 (java windows)
Cache-Control: no-cache
Content-Type: application/json; charset=utf-8
host: localhost:39870
accept: */*

Response DefaultHttpResponse(decodeResult: success, version: HTTP/1.1)
HTTP/1.1 200 OK
Content-Length: 45
Content-Type: application/json; charset=utf-8
cache-control: no-cache

18:24:13.951 [AsyncHttpClient-1-2] DEBUG org.asynchttpclient.netty.channel.ChannelManager - Adding key: http://localhost:39870 for channel [id: 0xf13c86ba, L:/127.0.0.1:52048 - R:localhost/127.0.0.1:39870]
18:24:13.968 [Forwarding getPageSource on session 01e247028c3b46154ff8b0d39f725768 to remote] DEBUG org.asynchttpclient.netty.request.NettyRequestSender - Using pooled Channel '[id: 0xf13c86ba, L:/127.0.0.1:52048 - R:localhost/127.0.0.1:39870]' for 'POST' to 'http://localhost:39870/session/01e247028c3b46154ff8b0d39f725768/execute/sync'
18:24:13.969 [Forwarding getPageSource on session 01e247028c3b46154ff8b0d39f725768 to remote] DEBUG org.asynchttpclient.netty.request.NettyRequestSender - Using open Channel [id: 0xf13c86ba, L:/127.0.0.1:52048 - R:localhost/127.0.0.1:39870] for POST '/session/01e247028c3b46154ff8b0d39f725768/execute/sync'
18:24:13.972 [AsyncHttpClient-1-2] DEBUG org.asynchttpclient.netty.handler.HttpHandler - 

Request DefaultHttpRequest(decodeResult: success, version: HTTP/1.1)
POST /session/01e247028c3b46154ff8b0d39f725768/execute/sync HTTP/1.1
User-Agent: selenium/4.8.1 (java windows)
Content-Length: 176
Content-Type: application/json; charset=utf-8
host: localhost:39870
accept: */*

Response DefaultHttpResponse(decodeResult: success, version: HTTP/1.1)
HTTP/1.1 200 OK
Content-Length: 9136
Content-Type: application/json; charset=utf-8
cache-control: no-cache

18:24:13.972 [AsyncHttpClient-1-2] DEBUG org.asynchttpclient.netty.channel.ChannelManager - Adding key: http://localhost:39870 for channel [id: 0xf13c86ba, L:/127.0.0.1:52048 - R:localhost/127.0.0.1:39870]
18:24:13.978 [Forwarding getCurrentUrl on session 01e247028c3b46154ff8b0d39f725768 to remote] DEBUG org.asynchttpclient.netty.request.NettyRequestSender - Using pooled Channel '[id: 0xf13c86ba, L:/127.0.0.1:52048 - R:localhost/127.0.0.1:39870]' for 'GET' to 'http://localhost:39870/session/01e247028c3b46154ff8b0d39f725768/url'
18:24:13.978 [Forwarding getCurrentUrl on session 01e247028c3b46154ff8b0d39f725768 to remote] DEBUG org.asynchttpclient.netty.request.NettyRequestSender - Using open Channel [id: 0xf13c86ba, L:/127.0.0.1:52048 - R:localhost/127.0.0.1:39870] for GET '/session/01e247028c3b46154ff8b0d39f725768/url'
18:24:13.981 [AsyncHttpClient-1-2] DEBUG org.asynchttpclient.netty.handler.HttpHandler - 

Request DefaultFullHttpRequest(decodeResult: success, version: HTTP/1.1, content: EmptyByteBufBE)
GET /session/01e247028c3b46154ff8b0d39f725768/url HTTP/1.1
User-Agent: selenium/4.8.1 (java windows)
Cache-Control: no-cache
Content-Type: application/json; charset=utf-8
host: localhost:39870
accept: */*

Response DefaultHttpResponse(decodeResult: success, version: HTTP/1.1)
HTTP/1.1 200 OK
Content-Length: 45
Content-Type: application/json; charset=utf-8
cache-control: no-cache

18:24:13.981 [AsyncHttpClient-1-2] DEBUG org.asynchttpclient.netty.channel.ChannelManager - Adding key: http://localhost:39870 for channel [id: 0xf13c86ba, L:/127.0.0.1:52048 - R:localhost/127.0.0.1:39870]
18:24:13.983 [main] DEBUG net.thucydides.core.steps.StepInterceptor - STARTING STEP: LoginSteps.clickLoginButton - clickLoginButton
18:24:13.989 [Forwarding findElement on session 01e247028c3b46154ff8b0d39f725768 to remote] DEBUG org.asynchttpclient.netty.request.NettyRequestSender - Using pooled Channel '[id: 0xf13c86ba, L:/127.0.0.1:52048 - R:localhost/127.0.0.1:39870]' for 'POST' to 'http://localhost:39870/session/01e247028c3b46154ff8b0d39f725768/element'
18:24:13.989 [Forwarding findElement on session 01e247028c3b46154ff8b0d39f725768 to remote] DEBUG org.asynchttpclient.netty.request.NettyRequestSender - Using open Channel [id: 0xf13c86ba, L:/127.0.0.1:52048 - R:localhost/127.0.0.1:39870] for POST '/session/01e247028c3b46154ff8b0d39f725768/element'
18:24:13.998 [AsyncHttpClient-1-2] DEBUG org.asynchttpclient.netty.handler.HttpHandler - 

Request DefaultHttpRequest(decodeResult: success, version: HTTP/1.1)
POST /session/01e247028c3b46154ff8b0d39f725768/element HTTP/1.1
User-Agent: selenium/4.8.1 (java windows)
Content-Length: 63
Content-Type: application/json; charset=utf-8
host: localhost:39870
accept: */*

Response DefaultHttpResponse(decodeResult: success, version: HTTP/1.1)
HTTP/1.1 200 OK
Content-Length: 95
Content-Type: application/json; charset=utf-8
cache-control: no-cache

18:24:13.998 [AsyncHttpClient-1-2] DEBUG org.asynchttpclient.netty.channel.ChannelManager - Adding key: http://localhost:39870 for channel [id: 0xf13c86ba, L:/127.0.0.1:52048 - R:localhost/127.0.0.1:39870]
18:24:14.000 [Forwarding getElementTagName on session 01e247028c3b46154ff8b0d39f725768 to remote] DEBUG org.asynchttpclient.netty.request.NettyRequestSender - Using pooled Channel '[id: 0xf13c86ba, L:/127.0.0.1:52048 - R:localhost/127.0.0.1:39870]' for 'GET' to 'http://localhost:39870/session/01e247028c3b46154ff8b0d39f725768/element/A2461D5665C49BE839BA907E634AF977_element_11/name'
18:24:14.000 [Forwarding getElementTagName on session 01e247028c3b46154ff8b0d39f725768 to remote] DEBUG org.asynchttpclient.netty.request.NettyRequestSender - Using open Channel [id: 0xf13c86ba, L:/127.0.0.1:52048 - R:localhost/127.0.0.1:39870] for GET '/session/01e247028c3b46154ff8b0d39f725768/element/A2461D5665C49BE839BA907E634AF977_element_11/name'
18:24:14.005 [AsyncHttpClient-1-2] DEBUG org.asynchttpclient.netty.handler.HttpHandler - 

Request DefaultFullHttpRequest(decodeResult: success, version: HTTP/1.1, content: EmptyByteBufBE)
GET /session/01e247028c3b46154ff8b0d39f725768/element/A2461D5665C49BE839BA907E634AF977_element_11/name HTTP/1.1
User-Agent: selenium/4.8.1 (java windows)
Cache-Control: no-cache
Content-Type: application/json; charset=utf-8
host: localhost:39870
accept: */*

Response DefaultHttpResponse(decodeResult: success, version: HTTP/1.1)
HTTP/1.1 200 OK
Content-Length: 18
Content-Type: application/json; charset=utf-8
cache-control: no-cache

18:24:14.005 [AsyncHttpClient-1-2] DEBUG org.asynchttpclient.netty.channel.ChannelManager - Adding key: http://localhost:39870 for channel [id: 0xf13c86ba, L:/127.0.0.1:52048 - R:localhost/127.0.0.1:39870]
18:24:14.006 [Forwarding getElementTagName on session 01e247028c3b46154ff8b0d39f725768 to remote] DEBUG org.asynchttpclient.netty.request.NettyRequestSender - Using pooled Channel '[id: 0xf13c86ba, L:/127.0.0.1:52048 - R:localhost/127.0.0.1:39870]' for 'GET' to 'http://localhost:39870/session/01e247028c3b46154ff8b0d39f725768/element/A2461D5665C49BE839BA907E634AF977_element_11/name'
18:24:14.006 [Forwarding getElementTagName on session 01e247028c3b46154ff8b0d39f725768 to remote] DEBUG org.asynchttpclient.netty.request.NettyRequestSender - Using open Channel [id: 0xf13c86ba, L:/127.0.0.1:52048 - R:localhost/127.0.0.1:39870] for GET '/session/01e247028c3b46154ff8b0d39f725768/element/A2461D5665C49BE839BA907E634AF977_element_11/name'
18:24:14.009 [AsyncHttpClient-1-2] DEBUG org.asynchttpclient.netty.handler.HttpHandler - 

Request DefaultFullHttpRequest(decodeResult: success, version: HTTP/1.1, content: EmptyByteBufBE)
GET /session/01e247028c3b46154ff8b0d39f725768/element/A2461D5665C49BE839BA907E634AF977_element_11/name HTTP/1.1
User-Agent: selenium/4.8.1 (java windows)
Cache-Control: no-cache
Content-Type: application/json; charset=utf-8
host: localhost:39870
accept: */*

Response DefaultHttpResponse(decodeResult: success, version: HTTP/1.1)
HTTP/1.1 200 OK
Content-Length: 18
Content-Type: application/json; charset=utf-8
cache-control: no-cache

18:24:14.010 [AsyncHttpClient-1-2] DEBUG org.asynchttpclient.netty.channel.ChannelManager - Adding key: http://localhost:39870 for channel [id: 0xf13c86ba, L:/127.0.0.1:52048 - R:localhost/127.0.0.1:39870]
18:24:14.012 [Forwarding isElementEnabled on session 01e247028c3b46154ff8b0d39f725768 to remote] DEBUG org.asynchttpclient.netty.request.NettyRequestSender - Using pooled Channel '[id: 0xf13c86ba, L:/127.0.0.1:52048 - R:localhost/127.0.0.1:39870]' for 'GET' to 'http://localhost:39870/session/01e247028c3b46154ff8b0d39f725768/element/A2461D5665C49BE839BA907E634AF977_element_11/enabled'
18:24:14.012 [Forwarding isElementEnabled on session 01e247028c3b46154ff8b0d39f725768 to remote] DEBUG org.asynchttpclient.netty.request.NettyRequestSender - Using open Channel [id: 0xf13c86ba, L:/127.0.0.1:52048 - R:localhost/127.0.0.1:39870] for GET '/session/01e247028c3b46154ff8b0d39f725768/element/A2461D5665C49BE839BA907E634AF977_element_11/enabled'
18:24:14.018 [AsyncHttpClient-1-2] DEBUG org.asynchttpclient.netty.handler.HttpHandler - 

Request DefaultFullHttpRequest(decodeResult: success, version: HTTP/1.1, content: EmptyByteBufBE)
GET /session/01e247028c3b46154ff8b0d39f725768/element/A2461D5665C49BE839BA907E634AF977_element_11/enabled HTTP/1.1
User-Agent: selenium/4.8.1 (java windows)
Cache-Control: no-cache
Content-Type: application/json; charset=utf-8
host: localhost:39870
accept: */*

Response DefaultHttpResponse(decodeResult: success, version: HTTP/1.1)
HTTP/1.1 200 OK
Content-Length: 14
Content-Type: application/json; charset=utf-8
cache-control: no-cache

18:24:14.018 [AsyncHttpClient-1-2] DEBUG org.asynchttpclient.netty.channel.ChannelManager - Adding key: http://localhost:39870 for channel [id: 0xf13c86ba, L:/127.0.0.1:52048 - R:localhost/127.0.0.1:39870]
18:24:14.020 [Forwarding isElementEnabled on session 01e247028c3b46154ff8b0d39f725768 to remote] DEBUG org.asynchttpclient.netty.request.NettyRequestSender - Using pooled Channel '[id: 0xf13c86ba, L:/127.0.0.1:52048 - R:localhost/127.0.0.1:39870]' for 'GET' to 'http://localhost:39870/session/01e247028c3b46154ff8b0d39f725768/element/A2461D5665C49BE839BA907E634AF977_element_11/enabled'
18:24:14.020 [Forwarding isElementEnabled on session 01e247028c3b46154ff8b0d39f725768 to remote] DEBUG org.asynchttpclient.netty.request.NettyRequestSender - Using open Channel [id: 0xf13c86ba, L:/127.0.0.1:52048 - R:localhost/127.0.0.1:39870] for GET '/session/01e247028c3b46154ff8b0d39f725768/element/A2461D5665C49BE839BA907E634AF977_element_11/enabled'
18:24:14.025 [AsyncHttpClient-1-2] DEBUG org.asynchttpclient.netty.handler.HttpHandler - 

Request DefaultFullHttpRequest(decodeResult: success, version: HTTP/1.1, content: EmptyByteBufBE)
GET /session/01e247028c3b46154ff8b0d39f725768/element/A2461D5665C49BE839BA907E634AF977_element_11/enabled HTTP/1.1
User-Agent: selenium/4.8.1 (java windows)
Cache-Control: no-cache
Content-Type: application/json; charset=utf-8
host: localhost:39870
accept: */*

Response DefaultHttpResponse(decodeResult: success, version: HTTP/1.1)
HTTP/1.1 200 OK
Content-Length: 14
Content-Type: application/json; charset=utf-8
cache-control: no-cache

18:24:14.027 [AsyncHttpClient-1-2] DEBUG org.asynchttpclient.netty.channel.ChannelManager - Adding key: http://localhost:39870 for channel [id: 0xf13c86ba, L:/127.0.0.1:52048 - R:localhost/127.0.0.1:39870]
18:24:14.031 [Forwarding findElement on session 01e247028c3b46154ff8b0d39f725768 to remote] DEBUG org.asynchttpclient.netty.request.NettyRequestSender - Using pooled Channel '[id: 0xf13c86ba, L:/127.0.0.1:52048 - R:localhost/127.0.0.1:39870]' for 'POST' to 'http://localhost:39870/session/01e247028c3b46154ff8b0d39f725768/element'
18:24:14.032 [Forwarding findElement on session 01e247028c3b46154ff8b0d39f725768 to remote] DEBUG org.asynchttpclient.netty.request.NettyRequestSender - Using open Channel [id: 0xf13c86ba, L:/127.0.0.1:52048 - R:localhost/127.0.0.1:39870] for POST '/session/01e247028c3b46154ff8b0d39f725768/element'
18:24:14.047 [AsyncHttpClient-1-2] DEBUG org.asynchttpclient.netty.handler.HttpHandler - 

Request DefaultHttpRequest(decodeResult: success, version: HTTP/1.1)
POST /session/01e247028c3b46154ff8b0d39f725768/element HTTP/1.1
User-Agent: selenium/4.8.1 (java windows)
Content-Length: 63
Content-Type: application/json; charset=utf-8
host: localhost:39870
accept: */*

Response DefaultHttpResponse(decodeResult: success, version: HTTP/1.1)
HTTP/1.1 200 OK
Content-Length: 95
Content-Type: application/json; charset=utf-8
cache-control: no-cache

18:24:14.048 [AsyncHttpClient-1-2] DEBUG org.asynchttpclient.netty.channel.ChannelManager - Adding key: http://localhost:39870 for channel [id: 0xf13c86ba, L:/127.0.0.1:52048 - R:localhost/127.0.0.1:39870]
18:24:14.052 [Forwarding clickElement on session 01e247028c3b46154ff8b0d39f725768 to remote] DEBUG org.asynchttpclient.netty.request.NettyRequestSender - Using pooled Channel '[id: 0xf13c86ba, L:/127.0.0.1:52048 - R:localhost/127.0.0.1:39870]' for 'POST' to 'http://localhost:39870/session/01e247028c3b46154ff8b0d39f725768/element/A2461D5665C49BE839BA907E634AF977_element_11/click'
18:24:14.052 [Forwarding clickElement on session 01e247028c3b46154ff8b0d39f725768 to remote] DEBUG org.asynchttpclient.netty.request.NettyRequestSender - Using open Channel [id: 0xf13c86ba, L:/127.0.0.1:52048 - R:localhost/127.0.0.1:39870] for POST '/session/01e247028c3b46154ff8b0d39f725768/element/A2461D5665C49BE839BA907E634AF977_element_11/click'
18:24:14.096 [AsyncHttpClient-1-2] DEBUG org.asynchttpclient.netty.handler.HttpHandler - 

Request DefaultHttpRequest(decodeResult: success, version: HTTP/1.1)
POST /session/01e247028c3b46154ff8b0d39f725768/element/A2461D5665C49BE839BA907E634AF977_element_11/click HTTP/1.1
User-Agent: selenium/4.8.1 (java windows)
Content-Length: 57
Content-Type: application/json; charset=utf-8
host: localhost:39870
accept: */*

Response DefaultHttpResponse(decodeResult: success, version: HTTP/1.1)
HTTP/1.1 200 OK
Content-Length: 14
Content-Type: application/json; charset=utf-8
cache-control: no-cache

18:24:14.096 [AsyncHttpClient-1-2] DEBUG org.asynchttpclient.netty.channel.ChannelManager - Adding key: http://localhost:39870 for channel [id: 0xf13c86ba, L:/127.0.0.1:52048 - R:localhost/127.0.0.1:39870]
18:24:14.101 [Forwarding getAlertText on session 01e247028c3b46154ff8b0d39f725768 to remote] DEBUG org.asynchttpclient.netty.request.NettyRequestSender - Using pooled Channel '[id: 0xf13c86ba, L:/127.0.0.1:52048 - R:localhost/127.0.0.1:39870]' for 'GET' to 'http://localhost:39870/session/01e247028c3b46154ff8b0d39f725768/alert/text'
18:24:14.101 [Forwarding getAlertText on session 01e247028c3b46154ff8b0d39f725768 to remote] DEBUG org.asynchttpclient.netty.request.NettyRequestSender - Using open Channel [id: 0xf13c86ba, L:/127.0.0.1:52048 - R:localhost/127.0.0.1:39870] for GET '/session/01e247028c3b46154ff8b0d39f725768/alert/text'
18:24:14.103 [AsyncHttpClient-1-2] DEBUG org.asynchttpclient.netty.handler.HttpHandler - 

Request DefaultFullHttpRequest(decodeResult: success, version: HTTP/1.1, content: EmptyByteBufBE)
GET /session/01e247028c3b46154ff8b0d39f725768/alert/text HTTP/1.1
User-Agent: selenium/4.8.1 (java windows)
Cache-Control: no-cache
Content-Type: application/json; charset=utf-8
host: localhost:39870
accept: */*

Response DefaultHttpResponse(decodeResult: success, version: HTTP/1.1)
HTTP/1.1 404 Not Found
Content-Length: 821
Content-Type: application/json; charset=utf-8
cache-control: no-cache

18:24:14.103 [AsyncHttpClient-1-2] DEBUG org.asynchttpclient.netty.channel.ChannelManager - Adding key: http://localhost:39870 for channel [id: 0xf13c86ba, L:/127.0.0.1:52048 - R:localhost/127.0.0.1:39870]
18:24:14.104 [Forwarding getCurrentUrl on session 01e247028c3b46154ff8b0d39f725768 to remote] DEBUG org.asynchttpclient.netty.request.NettyRequestSender - Using pooled Channel '[id: 0xf13c86ba, L:/127.0.0.1:52048 - R:localhost/127.0.0.1:39870]' for 'GET' to 'http://localhost:39870/session/01e247028c3b46154ff8b0d39f725768/url'
18:24:14.104 [Forwarding getCurrentUrl on session 01e247028c3b46154ff8b0d39f725768 to remote] DEBUG org.asynchttpclient.netty.request.NettyRequestSender - Using open Channel [id: 0xf13c86ba, L:/127.0.0.1:52048 - R:localhost/127.0.0.1:39870] for GET '/session/01e247028c3b46154ff8b0d39f725768/url'
18:24:14.109 [AsyncHttpClient-1-2] DEBUG org.asynchttpclient.netty.handler.HttpHandler - 

Request DefaultFullHttpRequest(decodeResult: success, version: HTTP/1.1, content: EmptyByteBufBE)
GET /session/01e247028c3b46154ff8b0d39f725768/url HTTP/1.1
User-Agent: selenium/4.8.1 (java windows)
Cache-Control: no-cache
Content-Type: application/json; charset=utf-8
host: localhost:39870
accept: */*

Response DefaultHttpResponse(decodeResult: success, version: HTTP/1.1)
HTTP/1.1 200 OK
Content-Length: 45
Content-Type: application/json; charset=utf-8
cache-control: no-cache

18:24:14.109 [AsyncHttpClient-1-2] DEBUG org.asynchttpclient.netty.channel.ChannelManager - Adding key: http://localhost:39870 for channel [id: 0xf13c86ba, L:/127.0.0.1:52048 - R:localhost/127.0.0.1:39870]
18:24:14.110 [Forwarding screenshot on session 01e247028c3b46154ff8b0d39f725768 to remote] DEBUG org.asynchttpclient.netty.request.NettyRequestSender - Using pooled Channel '[id: 0xf13c86ba, L:/127.0.0.1:52048 - R:localhost/127.0.0.1:39870]' for 'GET' to 'http://localhost:39870/session/01e247028c3b46154ff8b0d39f725768/screenshot'
18:24:14.110 [Forwarding screenshot on session 01e247028c3b46154ff8b0d39f725768 to remote] DEBUG org.asynchttpclient.netty.request.NettyRequestSender - Using open Channel [id: 0xf13c86ba, L:/127.0.0.1:52048 - R:localhost/127.0.0.1:39870] for GET '/session/01e247028c3b46154ff8b0d39f725768/screenshot'
18:24:14.192 [AsyncHttpClient-1-2] DEBUG org.asynchttpclient.netty.handler.HttpHandler - 

Request DefaultFullHttpRequest(decodeResult: success, version: HTTP/1.1, content: EmptyByteBufBE)
GET /session/01e247028c3b46154ff8b0d39f725768/screenshot HTTP/1.1
User-Agent: selenium/4.8.1 (java windows)
Cache-Control: no-cache
Content-Type: application/json; charset=utf-8
host: localhost:39870
accept: */*

Response DefaultHttpResponse(decodeResult: success, version: HTTP/1.1)
HTTP/1.1 200 OK
Content-Length: 35196
Content-Type: application/json; charset=utf-8
cache-control: no-cache

18:24:14.194 [AsyncHttpClient-1-2] DEBUG org.asynchttpclient.netty.channel.ChannelManager - Adding key: http://localhost:39870 for channel [id: 0xf13c86ba, L:/127.0.0.1:52048 - R:localhost/127.0.0.1:39870]
18:24:14.196 [main] DEBUG net.serenitybdd.core.photography.Darkroom - Send negative for processing for target\site\serenity\e1dc76102c7425fb3c187f92009ca20f34aa1e1f28f1efc87bb77a0f8dcda7c6.png
18:24:14.196 [main] DEBUG net.thucydides.core.steps.StepInterceptor - STEP DONE: clickLoginButton
18:24:14.196 [Darkroom Processing Line] DEBUG net.serenitybdd.core.photography.DarkroomProcessingLine - Processing screenshot image in /var/screenshots/screenshot-6347571295419792457
18:24:14.196 [Darkroom Processing Line] DEBUG net.serenitybdd.core.photography.DarkroomProcessingLine - Saving screenshot to target\site\serenity\e1dc76102c7425fb3c187f92009ca20f34aa1e1f28f1efc87bb77a0f8dcda7c6.png
  &amp#27;[32mWhen &amp#27;[0m&amp#27;[32mI click on the login button&amp#27;[0m              &amp#27;[90m# starter.stepdefinitions.LoginSteps.clickLoginButton()&amp#27;[0m
18:24:14.203 [Forwarding getPageSource on session 01e247028c3b46154ff8b0d39f725768 to remote] DEBUG org.asynchttpclient.netty.request.NettyRequestSender - Using pooled Channel '[id: 0xf13c86ba, L:/127.0.0.1:52048 - R:localhost/127.0.0.1:39870]' for 'POST' to 'http://localhost:39870/session/01e247028c3b46154ff8b0d39f725768/execute/sync'
18:24:14.203 [Forwarding getPageSource on session 01e247028c3b46154ff8b0d39f725768 to remote] DEBUG org.asynchttpclient.netty.request.NettyRequestSender - Using open Channel [id: 0xf13c86ba, L:/127.0.0.1:52048 - R:localhost/127.0.0.1:39870] for POST '/session/01e247028c3b46154ff8b0d39f725768/execute/sync'
18:24:14.208 [AsyncHttpClient-1-2] DEBUG org.asynchttpclient.netty.handler.HttpHandler - 

Request DefaultHttpRequest(decodeResult: success, version: HTTP/1.1)
POST /session/01e247028c3b46154ff8b0d39f725768/execute/sync HTTP/1.1
User-Agent: selenium/4.8.1 (java windows)
Content-Length: 176
Content-Type: application/json; charset=utf-8
host: localhost:39870
accept: */*

Response DefaultHttpResponse(decodeResult: success, version: HTTP/1.1)
HTTP/1.1 200 OK
Content-Length: 9114
Content-Type: application/json; charset=utf-8
cache-control: no-cache

18:24:14.208 [AsyncHttpClient-1-2] DEBUG org.asynchttpclient.netty.channel.ChannelManager - Adding key: http://localhost:39870 for channel [id: 0xf13c86ba, L:/127.0.0.1:52048 - R:localhost/127.0.0.1:39870]
18:24:14.210 [Forwarding getCurrentUrl on session 01e247028c3b46154ff8b0d39f725768 to remote] DEBUG org.asynchttpclient.netty.request.NettyRequestSender - Using pooled Channel '[id: 0xf13c86ba, L:/127.0.0.1:52048 - R:localhost/127.0.0.1:39870]' for 'GET' to 'http://localhost:39870/session/01e247028c3b46154ff8b0d39f725768/url'
18:24:14.210 [Forwarding getCurrentUrl on session 01e247028c3b46154ff8b0d39f725768 to remote] DEBUG org.asynchttpclient.netty.request.NettyRequestSender - Using open Channel [id: 0xf13c86ba, L:/127.0.0.1:52048 - R:localhost/127.0.0.1:39870] for GET '/session/01e247028c3b46154ff8b0d39f725768/url'
18:24:14.215 [AsyncHttpClient-1-2] DEBUG org.asynchttpclient.netty.handler.HttpHandler - 

Request DefaultFullHttpRequest(decodeResult: success, version: HTTP/1.1, content: EmptyByteBufBE)
GET /session/01e247028c3b46154ff8b0d39f725768/url HTTP/1.1
User-Agent: selenium/4.8.1 (java windows)
Cache-Control: no-cache
Content-Type: application/json; charset=utf-8
host: localhost:39870
accept: */*

Response DefaultHttpResponse(decodeResult: success, version: HTTP/1.1)
HTTP/1.1 200 OK
Content-Length: 45
Content-Type: application/json; charset=utf-8
cache-control: no-cache

18:24:14.215 [AsyncHttpClient-1-2] DEBUG org.asynchttpclient.netty.channel.ChannelManager - Adding key: http://localhost:39870 for channel [id: 0xf13c86ba, L:/127.0.0.1:52048 - R:localhost/127.0.0.1:39870]
18:24:14.221 [Forwarding getPageSource on session 01e247028c3b46154ff8b0d39f725768 to remote] DEBUG org.asynchttpclient.netty.request.NettyRequestSender - Using pooled Channel '[id: 0xf13c86ba, L:/127.0.0.1:52048 - R:localhost/127.0.0.1:39870]' for 'POST' to 'http://localhost:39870/session/01e247028c3b46154ff8b0d39f725768/execute/sync'
18:24:14.221 [Forwarding getPageSource on session 01e247028c3b46154ff8b0d39f725768 to remote] DEBUG org.asynchttpclient.netty.request.NettyRequestSender - Using open Channel [id: 0xf13c86ba, L:/127.0.0.1:52048 - R:localhost/127.0.0.1:39870] for POST '/session/01e247028c3b46154ff8b0d39f725768/execute/sync'
18:24:14.227 [AsyncHttpClient-1-2] DEBUG org.asynchttpclient.netty.handler.HttpHandler - 

Request DefaultHttpRequest(decodeResult: success, version: HTTP/1.1)
POST /session/01e247028c3b46154ff8b0d39f725768/execute/sync HTTP/1.1
User-Agent: selenium/4.8.1 (java windows)
Content-Length: 176
Content-Type: application/json; charset=utf-8
host: localhost:39870
accept: */*

Response DefaultHttpResponse(decodeResult: success, version: HTTP/1.1)
HTTP/1.1 200 OK
Content-Length: 9114
Content-Type: application/json; charset=utf-8
cache-control: no-cache

18:24:14.227 [AsyncHttpClient-1-2] DEBUG org.asynchttpclient.netty.channel.ChannelManager - Adding key: http://localhost:39870 for channel [id: 0xf13c86ba, L:/127.0.0.1:52048 - R:localhost/127.0.0.1:39870]
18:24:14.230 [Forwarding getCurrentUrl on session 01e247028c3b46154ff8b0d39f725768 to remote] DEBUG org.asynchttpclient.netty.request.NettyRequestSender - Using pooled Channel '[id: 0xf13c86ba, L:/127.0.0.1:52048 - R:localhost/127.0.0.1:39870]' for 'GET' to 'http://localhost:39870/session/01e247028c3b46154ff8b0d39f725768/url'
18:24:14.230 [Forwarding getCurrentUrl on session 01e247028c3b46154ff8b0d39f725768 to remote] DEBUG org.asynchttpclient.netty.request.NettyRequestSender - Using open Channel [id: 0xf13c86ba, L:/127.0.0.1:52048 - R:localhost/127.0.0.1:39870] for GET '/session/01e247028c3b46154ff8b0d39f725768/url'
18:24:14.233 [AsyncHttpClient-1-2] DEBUG org.asynchttpclient.netty.handler.HttpHandler - 

Request DefaultFullHttpRequest(decodeResult: success, version: HTTP/1.1, content: EmptyByteBufBE)
GET /session/01e247028c3b46154ff8b0d39f725768/url HTTP/1.1
User-Agent: selenium/4.8.1 (java windows)
Cache-Control: no-cache
Content-Type: application/json; charset=utf-8
host: localhost:39870
accept: */*

Response DefaultHttpResponse(decodeResult: success, version: HTTP/1.1)
HTTP/1.1 200 OK
Content-Length: 45
Content-Type: application/json; charset=utf-8
cache-control: no-cache

18:24:14.234 [AsyncHttpClient-1-2] DEBUG org.asynchttpclient.netty.channel.ChannelManager - Adding key: http://localhost:39870 for channel [id: 0xf13c86ba, L:/127.0.0.1:52048 - R:localhost/127.0.0.1:39870]
18:24:14.236 [main] DEBUG net.thucydides.core.steps.StepInterceptor - STARTING STEP: LoginSteps.validateOnHomePage - validateOnDashboard
18:24:14.239 [Forwarding findElement on session 01e247028c3b46154ff8b0d39f725768 to remote] DEBUG org.asynchttpclient.netty.request.NettyRequestSender - Using pooled Channel '[id: 0xf13c86ba, L:/127.0.0.1:52048 - R:localhost/127.0.0.1:39870]' for 'POST' to 'http://localhost:39870/session/01e247028c3b46154ff8b0d39f725768/element'
18:24:14.239 [Forwarding findElement on session 01e247028c3b46154ff8b0d39f725768 to remote] DEBUG org.asynchttpclient.netty.request.NettyRequestSender - Using open Channel [id: 0xf13c86ba, L:/127.0.0.1:52048 - R:localhost/127.0.0.1:39870] for POST '/session/01e247028c3b46154ff8b0d39f725768/element'
18:24:14.505 [AsyncHttpClient-1-1] DEBUG org.asynchttpclient.netty.channel.DefaultChannelPool - Entry count for : http://localhost:52051 : 1
18:24:15.608 [AsyncHttpClient-1-1] DEBUG org.asynchttpclient.netty.channel.DefaultChannelPool - Entry count for : http://localhost:52051 : 1
18:24:16.299 [AsyncHttpClient-1-2] DEBUG org.asynchttpclient.netty.handler.HttpHandler - 

Request DefaultHttpRequest(decodeResult: success, version: HTTP/1.1)
POST /session/01e247028c3b46154ff8b0d39f725768/element HTTP/1.1
User-Agent: selenium/4.8.1 (java windows)
Content-Length: 51
Content-Type: application/json; charset=utf-8
host: localhost:39870
accept: */*

Response DefaultHttpResponse(decodeResult: success, version: HTTP/1.1)
HTTP/1.1 200 OK
Content-Length: 95
Content-Type: application/json; charset=utf-8
cache-control: no-cache

18:24:16.300 [AsyncHttpClient-1-2] DEBUG org.asynchttpclient.netty.channel.ChannelManager - Adding key: http://localhost:39870 for channel [id: 0xf13c86ba, L:/127.0.0.1:52048 - R:localhost/127.0.0.1:39870]
18:24:16.307 [Forwarding isElementDisplayed on session 01e247028c3b46154ff8b0d39f725768 to remote] DEBUG org.asynchttpclient.netty.request.NettyRequestSender - Using pooled Channel '[id: 0xf13c86ba, L:/127.0.0.1:52048 - R:localhost/127.0.0.1:39870]' for 'POST' to 'http://localhost:39870/session/01e247028c3b46154ff8b0d39f725768/execute/sync'
18:24:16.307 [Forwarding isElementDisplayed on session 01e247028c3b46154ff8b0d39f725768 to remote] DEBUG org.asynchttpclient.netty.request.NettyRequestSender - Using open Channel [id: 0xf13c86ba, L:/127.0.0.1:52048 - R:localhost/127.0.0.1:39870] for POST '/session/01e247028c3b46154ff8b0d39f725768/execute/sync'
18:24:16.319 [AsyncHttpClient-1-2] DEBUG org.asynchttpclient.netty.handler.HttpHandler - 

Request DefaultHttpRequest(decodeResult: success, version: HTTP/1.1)
POST /session/01e247028c3b46154ff8b0d39f725768/execute/sync HTTP/1.1
User-Agent: selenium/4.8.1 (java windows)
Content-Length: 48814
Content-Type: application/json; charset=utf-8
host: localhost:39870
accept: */*

Response DefaultHttpResponse(decodeResult: success, version: HTTP/1.1)
HTTP/1.1 200 OK
Content-Length: 14
Content-Type: application/json; charset=utf-8
cache-control: no-cache

18:24:16.320 [AsyncHttpClient-1-2] DEBUG org.asynchttpclient.netty.channel.ChannelManager - Adding key: http://localhost:39870 for channel [id: 0xf13c86ba, L:/127.0.0.1:52048 - R:localhost/127.0.0.1:39870]
18:24:16.322 [Forwarding findElement on session 01e247028c3b46154ff8b0d39f725768 to remote] DEBUG org.asynchttpclient.netty.request.NettyRequestSender - Using pooled Channel '[id: 0xf13c86ba, L:/127.0.0.1:52048 - R:localhost/127.0.0.1:39870]' for 'POST' to 'http://localhost:39870/session/01e247028c3b46154ff8b0d39f725768/element'
18:24:16.322 [Forwarding findElement on session 01e247028c3b46154ff8b0d39f725768 to remote] DEBUG org.asynchttpclient.netty.request.NettyRequestSender - Using open Channel [id: 0xf13c86ba, L:/127.0.0.1:52048 - R:localhost/127.0.0.1:39870] for POST '/session/01e247028c3b46154ff8b0d39f725768/element'
18:24:16.329 [AsyncHttpClient-1-2] DEBUG org.asynchttpclient.netty.handler.HttpHandler - 

Request DefaultHttpRequest(decodeResult: success, version: HTTP/1.1)
POST /session/01e247028c3b46154ff8b0d39f725768/element HTTP/1.1
User-Agent: selenium/4.8.1 (java windows)
Content-Length: 51
Content-Type: application/json; charset=utf-8
host: localhost:39870
accept: */*

Response DefaultHttpResponse(decodeResult: success, version: HTTP/1.1)
HTTP/1.1 200 OK
Content-Length: 95
Content-Type: application/json; charset=utf-8
cache-control: no-cache

18:24:16.330 [AsyncHttpClient-1-2] DEBUG org.asynchttpclient.netty.channel.ChannelManager - Adding key: http://localhost:39870 for channel [id: 0xf13c86ba, L:/127.0.0.1:52048 - R:localhost/127.0.0.1:39870]
18:24:16.332 [Forwarding isElementDisplayed on session 01e247028c3b46154ff8b0d39f725768 to remote] DEBUG org.asynchttpclient.netty.request.NettyRequestSender - Using pooled Channel '[id: 0xf13c86ba, L:/127.0.0.1:52048 - R:localhost/127.0.0.1:39870]' for 'POST' to 'http://localhost:39870/session/01e247028c3b46154ff8b0d39f725768/execute/sync'
18:24:16.332 [Forwarding isElementDisplayed on session 01e247028c3b46154ff8b0d39f725768 to remote] DEBUG org.asynchttpclient.netty.request.NettyRequestSender - Using open Channel [id: 0xf13c86ba, L:/127.0.0.1:52048 - R:localhost/127.0.0.1:39870] for POST '/session/01e247028c3b46154ff8b0d39f725768/execute/sync'
18:24:16.346 [AsyncHttpClient-1-2] DEBUG org.asynchttpclient.netty.handler.HttpHandler - 

Request DefaultHttpRequest(decodeResult: success, version: HTTP/1.1)
POST /session/01e247028c3b46154ff8b0d39f725768/execute/sync HTTP/1.1
User-Agent: selenium/4.8.1 (java windows)
Content-Length: 48814
Content-Type: application/json; charset=utf-8
host: localhost:39870
accept: */*

Response DefaultHttpResponse(decodeResult: success, version: HTTP/1.1)
HTTP/1.1 200 OK
Content-Length: 14
Content-Type: application/json; charset=utf-8
cache-control: no-cache

18:24:16.346 [AsyncHttpClient-1-2] DEBUG org.asynchttpclient.netty.channel.ChannelManager - Adding key: http://localhost:39870 for channel [id: 0xf13c86ba, L:/127.0.0.1:52048 - R:localhost/127.0.0.1:39870]
18:24:16.351 [Forwarding getAlertText on session 01e247028c3b46154ff8b0d39f725768 to remote] DEBUG org.asynchttpclient.netty.request.NettyRequestSender - Using pooled Channel '[id: 0xf13c86ba, L:/127.0.0.1:52048 - R:localhost/127.0.0.1:39870]' for 'GET' to 'http://localhost:39870/session/01e247028c3b46154ff8b0d39f725768/alert/text'
18:24:16.351 [Forwarding getAlertText on session 01e247028c3b46154ff8b0d39f725768 to remote] DEBUG org.asynchttpclient.netty.request.NettyRequestSender - Using open Channel [id: 0xf13c86ba, L:/127.0.0.1:52048 - R:localhost/127.0.0.1:39870] for GET '/session/01e247028c3b46154ff8b0d39f725768/alert/text'
18:24:16.353 [AsyncHttpClient-1-2] DEBUG org.asynchttpclient.netty.handler.HttpHandler - 

Request DefaultFullHttpRequest(decodeResult: success, version: HTTP/1.1, content: EmptyByteBufBE)
GET /session/01e247028c3b46154ff8b0d39f725768/alert/text HTTP/1.1
User-Agent: selenium/4.8.1 (java windows)
Cache-Control: no-cache
Content-Type: application/json; charset=utf-8
host: localhost:39870
accept: */*

Response DefaultHttpResponse(decodeResult: success, version: HTTP/1.1)
HTTP/1.1 404 Not Found
Content-Length: 821
Content-Type: application/json; charset=utf-8
cache-control: no-cache

18:24:16.353 [AsyncHttpClient-1-2] DEBUG org.asynchttpclient.netty.channel.ChannelManager - Adding key: http://localhost:39870 for channel [id: 0xf13c86ba, L:/127.0.0.1:52048 - R:localhost/127.0.0.1:39870]
18:24:16.355 [Forwarding getCurrentUrl on session 01e247028c3b46154ff8b0d39f725768 to remote] DEBUG org.asynchttpclient.netty.request.NettyRequestSender - Using pooled Channel '[id: 0xf13c86ba, L:/127.0.0.1:52048 - R:localhost/127.0.0.1:39870]' for 'GET' to 'http://localhost:39870/session/01e247028c3b46154ff8b0d39f725768/url'
18:24:16.355 [Forwarding getCurrentUrl on session 01e247028c3b46154ff8b0d39f725768 to remote] DEBUG org.asynchttpclient.netty.request.NettyRequestSender - Using open Channel [id: 0xf13c86ba, L:/127.0.0.1:52048 - R:localhost/127.0.0.1:39870] for GET '/session/01e247028c3b46154ff8b0d39f725768/url'
18:24:16.359 [AsyncHttpClient-1-2] DEBUG org.asynchttpclient.netty.handler.HttpHandler - 

Request DefaultFullHttpRequest(decodeResult: success, version: HTTP/1.1, content: EmptyByteBufBE)
GET /session/01e247028c3b46154ff8b0d39f725768/url HTTP/1.1
User-Agent: selenium/4.8.1 (java windows)
Cache-Control: no-cache
Content-Type: application/json; charset=utf-8
host: localhost:39870
accept: */*

Response DefaultHttpResponse(decodeResult: success, version: HTTP/1.1)
HTTP/1.1 200 OK
Content-Length: 54
Content-Type: application/json; charset=utf-8
cache-control: no-cache

18:24:16.359 [AsyncHttpClient-1-2] DEBUG org.asynchttpclient.netty.channel.ChannelManager - Adding key: http://localhost:39870 for channel [id: 0xf13c86ba, L:/127.0.0.1:52048 - R:localhost/127.0.0.1:39870]
18:24:16.359 [Forwarding screenshot on session 01e247028c3b46154ff8b0d39f725768 to remote] DEBUG org.asynchttpclient.netty.request.NettyRequestSender - Using pooled Channel '[id: 0xf13c86ba, L:/127.0.0.1:52048 - R:localhost/127.0.0.1:39870]' for 'GET' to 'http://localhost:39870/session/01e247028c3b46154ff8b0d39f725768/screenshot'
18:24:16.360 [Forwarding screenshot on session 01e247028c3b46154ff8b0d39f725768 to remote] DEBUG org.asynchttpclient.netty.request.NettyRequestSender - Using open Channel [id: 0xf13c86ba, L:/127.0.0.1:52048 - R:localhost/127.0.0.1:39870] for GET '/session/01e247028c3b46154ff8b0d39f725768/screenshot'
18:24:16.677 [AsyncHttpClient-1-2] DEBUG org.asynchttpclient.netty.handler.HttpHandler - 

Request DefaultFullHttpRequest(decodeResult: success, version: HTTP/1.1, content: EmptyByteBufBE)
GET /session/01e247028c3b46154ff8b0d39f725768/screenshot HTTP/1.1
User-Agent: selenium/4.8.1 (java windows)
Cache-Control: no-cache
Content-Type: application/json; charset=utf-8
host: localhost:39870
accept: */*

Response DefaultHttpResponse(decodeResult: success, version: HTTP/1.1)
HTTP/1.1 200 OK
Content-Length: 96064
Content-Type: application/json; charset=utf-8
cache-control: no-cache

18:24:16.677 [AsyncHttpClient-1-2] DEBUG org.asynchttpclient.netty.channel.ChannelManager - Adding key: http://localhost:39870 for channel [id: 0xf13c86ba, L:/127.0.0.1:52048 - R:localhost/127.0.0.1:39870]
18:24:16.681 [main] DEBUG net.serenitybdd.core.photography.Darkroom - Send negative for processing for target\site\serenity\e53b52cf9beaf3c79d943024a513eca097f794929fb5bbd0fcb46ae4897f34d9.png
18:24:16.681 [main] DEBUG net.thucydides.core.steps.StepInterceptor - STEP DONE: validateOnDashboard
18:24:16.681 [Darkroom Processing Line] DEBUG net.serenitybdd.core.photography.DarkroomProcessingLine - Processing screenshot image in /var/screenshots/screenshot-14429097483113024015
  &amp#27;[32mThen &amp#27;[0m&amp#27;[32mI should redirected to sociops dashboard&amp#27;[0m &amp#27;[90m# starter.stepdefinitions.LoginSteps.validateOnHomePage()&amp#27;[0m
18:24:16.682 [Darkroom Processing Line] DEBUG net.serenitybdd.core.photography.DarkroomProcessingLine - Saving screenshot to target\site\serenity\e53b52cf9beaf3c79d943024a513eca097f794929fb5bbd0fcb46ae4897f34d9.png
18:24:16.689 [main] INFO  - 
  _____   ___   ___   _____     ___     _     ___   ___   ___   ___  
 |_   _| | __| / __| |_   _|   | _ \   /_\   / __| / __| | __| |   \ 
   | |   | _|  \__ \   | |     |  _/  / _ \  \__ \ \__ \ | _|  | |) |
   |_|   |___| |___/   |_|     |_|   /_/ \_\ |___/ |___/ |___| |___/ 

Login with correct credentials
----------------------------------------------------------------------
18:24:16.702 [AsyncHttpClient-1-1] DEBUG org.asynchttpclient.netty.channel.DefaultChannelPool - Entry count for : http://localhost:52051 : 1
18:24:16.702 [AsyncHttpClient-1-1] DEBUG org.asynchttpclient.netty.channel.DefaultChannelPool - Entry count for : http://localhost:39870 : 1
18:24:16.724 [Driver Command Executor] DEBUG org.asynchttpclient.netty.request.NettyRequestSender - Using pooled Channel '[id: 0xf13c86ba, L:/127.0.0.1:52048 - R:localhost/127.0.0.1:39870]' for 'DELETE' to 'http://localhost:39870/session/01e247028c3b46154ff8b0d39f725768'
18:24:16.724 [Driver Command Executor] DEBUG org.asynchttpclient.netty.request.NettyRequestSender - Using open Channel [id: 0xf13c86ba, L:/127.0.0.1:52048 - R:localhost/127.0.0.1:39870] for DELETE '/session/01e247028c3b46154ff8b0d39f725768'
18:24:16.775 [AsyncHttpClient-1-3] DEBUG org.asynchttpclient.netty.handler.HttpHandler - Unexpected I/O exception on channel [id: 0x2e416f78, L:/127.0.0.1:52057 - R:localhost/127.0.0.1:52051]
java.net.SocketException: Connection reset
	at java.base/sun.nio.ch.SocketChannelImpl.throwConnectionReset(SocketChannelImpl.java:367)
	at java.base/sun.nio.ch.SocketChannelImpl.read(SocketChannelImpl.java:398)
	at io.netty.buffer.PooledByteBuf.setBytes(PooledByteBuf.java:259)
	at io.netty.buffer.AbstractByteBuf.writeBytes(AbstractByteBuf.java:1132)
	at io.netty.channel.socket.nio.NioSocketChannel.doReadBytes(NioSocketChannel.java:357)
	at io.netty.channel.nio.AbstractNioByteChannel$NioByteUnsafe.read(AbstractNioByteChannel.java:151)
	at io.netty.channel.nio.NioEventLoop.processSelectedKey(NioEventLoop.java:788)
	at io.netty.channel.nio.NioEventLoop.processSelectedKeysOptimized(NioEventLoop.java:724)
	at io.netty.channel.nio.NioEventLoop.processSelectedKeys(NioEventLoop.java:650)
	at io.netty.channel.nio.NioEventLoop.run(NioEventLoop.java:562)
	at io.netty.util.concurrent.SingleThreadEventExecutor$4.run(SingleThreadEventExecutor.java:997)
	at io.netty.util.internal.ThreadExecutorMap$2.run(ThreadExecutorMap.java:74)
	at io.netty.util.concurrent.FastThreadLocalRunnable.run(FastThreadLocalRunnable.java:30)
	at java.base/java.lang.Thread.run(Thread.java:832)
18:24:16.775 [AsyncHttpClient-1-4] DEBUG org.asynchttpclient.netty.handler.WebSocketHandler - Unexpected I/O exception on channel [id: 0x19488c08, L:/127.0.0.1:52058 - R:localhost/127.0.0.1:52051]
java.net.SocketException: Connection reset
	at java.base/sun.nio.ch.SocketChannelImpl.throwConnectionReset(SocketChannelImpl.java:367)
	at java.base/sun.nio.ch.SocketChannelImpl.read(SocketChannelImpl.java:398)
	at io.netty.buffer.PooledByteBuf.setBytes(PooledByteBuf.java:259)
	at io.netty.buffer.AbstractByteBuf.writeBytes(AbstractByteBuf.java:1132)
	at io.netty.channel.socket.nio.NioSocketChannel.doReadBytes(NioSocketChannel.java:357)
	at io.netty.channel.nio.AbstractNioByteChannel$NioByteUnsafe.read(AbstractNioByteChannel.java:151)
	at io.netty.channel.nio.NioEventLoop.processSelectedKey(NioEventLoop.java:788)
	at io.netty.channel.nio.NioEventLoop.processSelectedKeysOptimized(NioEventLoop.java:724)
	at io.netty.channel.nio.NioEventLoop.processSelectedKeys(NioEventLoop.java:650)
	at io.netty.channel.nio.NioEventLoop.run(NioEventLoop.java:562)
	at io.netty.util.concurrent.SingleThreadEventExecutor$4.run(SingleThreadEventExecutor.java:997)
	at io.netty.util.internal.ThreadExecutorMap$2.run(ThreadExecutorMap.java:74)
	at io.netty.util.concurrent.FastThreadLocalRunnable.run(FastThreadLocalRunnable.java:30)
	at java.base/java.lang.Thread.run(Thread.java:832)
18:24:16.776 [AsyncHttpClient-1-3] DEBUG org.asynchttpclient.netty.channel.ChannelManager - Closing Channel [id: 0x2e416f78, L:/127.0.0.1:52057 - R:localhost/127.0.0.1:52051] 
18:24:16.777 [AsyncHttpClient-1-4] DEBUG org.asynchttpclient.netty.handler.WebSocketHandler - Was unable to recover Future: NettyResponseFuture{currentRetry=0,
	isDone=1,
	isCancelled=0,
	asyncHandler=org.asynchttpclient.ws.WebSocketUpgradeHandler@625bb761,
	nettyRequest=org.asynchttpclient.netty.request.NettyRequest@4f7506f1,
	future=java.util.concurrent.CompletableFuture@45665a74[Completed normally],
	uri=ws://localhost:52051/devtools/browser/b1f1c900-faf7-427b-a103-49cfd039379f,
	keepAlive=true,
	redirectCount=0,
	timeoutsHolder=null,
	inAuth=0,
	touch=1687346656776}
18:24:16.777 [AsyncHttpClient-1-4] DEBUG org.asynchttpclient.netty.channel.ChannelManager - Closing Channel [id: 0x19488c08, L:/127.0.0.1:52058 - R:localhost/127.0.0.1:52051] 
18:24:16.777 [AsyncHttpClient-1-4] WARN org.asynchttpclient.netty.handler.WebSocketHandler - onError
java.net.SocketException: Connection reset
	at java.base/sun.nio.ch.SocketChannelImpl.throwConnectionReset(SocketChannelImpl.java:367)
	at java.base/sun.nio.ch.SocketChannelImpl.read(SocketChannelImpl.java:398)
	at io.netty.buffer.PooledByteBuf.setBytes(PooledByteBuf.java:259)
	at io.netty.buffer.AbstractByteBuf.writeBytes(AbstractByteBuf.java:1132)
	at io.netty.channel.socket.nio.NioSocketChannel.doReadBytes(NioSocketChannel.java:357)
	at io.netty.channel.nio.AbstractNioByteChannel$NioByteUnsafe.read(AbstractNioByteChannel.java:151)
	at io.netty.channel.nio.NioEventLoop.processSelectedKey(NioEventLoop.java:788)
	at io.netty.channel.nio.NioEventLoop.processSelectedKeysOptimized(NioEventLoop.java:724)
	at io.netty.channel.nio.NioEventLoop.processSelectedKeys(NioEventLoop.java:650)
	at io.netty.channel.nio.NioEventLoop.run(NioEventLoop.java:562)
	at io.netty.util.concurrent.SingleThreadEventExecutor$4.run(SingleThreadEventExecutor.java:997)
	at io.netty.util.internal.ThreadExecutorMap$2.run(ThreadExecutorMap.java:74)
	at io.netty.util.concurrent.FastThreadLocalRunnable.run(FastThreadLocalRunnable.java:30)
	at java.base/java.lang.Thread.run(Thread.java:832)
18:24:16.780 [AsyncHttpClient-1-3] DEBUG org.asynchttpclient.netty.handler.HttpHandler - Channel Closed: [id: 0x2e416f78, L:/127.0.0.1:52057 ! R:localhost/127.0.0.1:52051] with attribute DISCARD
18:24:16.781 [AsyncHttpClient-1-4] DEBUG org.asynchttpclient.netty.channel.ChannelManager - Closing Channel [id: 0x19488c08, L:/127.0.0.1:52058 ! R:localhost/127.0.0.1:52051] 
18:24:16.781 [AsyncHttpClient-1-4] DEBUG org.asynchttpclient.netty.handler.WebSocketHandler - Channel Closed: [id: 0x19488c08, L:/127.0.0.1:52058 ! R:localhost/127.0.0.1:52051] with attribute DISCARD
18:24:16.797 [AsyncHttpClient-1-2] DEBUG org.asynchttpclient.netty.handler.HttpHandler - 

Request DefaultFullHttpRequest(decodeResult: success, version: HTTP/1.1, content: EmptyByteBufBE)
DELETE /session/01e247028c3b46154ff8b0d39f725768 HTTP/1.1
User-Agent: selenium/4.8.1 (java windows)
Content-Type: application/json; charset=utf-8
host: localhost:39870
accept: */*

Response DefaultHttpResponse(decodeResult: success, version: HTTP/1.1)
HTTP/1.1 200 OK
Content-Length: 14
Content-Type: application/json; charset=utf-8
cache-control: no-cache

18:24:16.797 [AsyncHttpClient-1-2] DEBUG org.asynchttpclient.netty.channel.ChannelManager - Adding key: http://localhost:39870 for channel [id: 0xf13c86ba, L:/127.0.0.1:52048 - R:localhost/127.0.0.1:39870]
18:24:16.877 [AsyncHttpClient-1-2] DEBUG org.asynchttpclient.netty.handler.HttpHandler - Channel Closed: [id: 0xf13c86ba, L:/127.0.0.1:52048 ! R:localhost/127.0.0.1:39870] with attribute DISCARD
]]></system-out>
    <system-err><![CDATA[Starting ChromeDriver 114.0.5735.16 (7e1ff058633f5b79b1cd7479aca585ba385519d8-refs/branch-heads/5735@{#182}) on port 39870
Only local connections are allowed.
Please see https://chromedriver.chromium.org/security-considerations for suggestions on keeping ChromeDriver safe.
ChromeDriver was started successfully.
Jun 21, 2023 6:24:12 PM org.openqa.selenium.devtools.CdpVersionFinder findNearestMatch
WARNING: Unable to find an exact match for CDP version 114, so returning the closest version found: 110
Jun 21, 2023 6:24:16 PM org.openqa.selenium.remote.http.WebSocket$Listener onError
WARNING: Connection reset
java.net.SocketException: Connection reset
	at java.base/sun.nio.ch.SocketChannelImpl.throwConnectionReset(SocketChannelImpl.java:367)
	at java.base/sun.nio.ch.SocketChannelImpl.read(SocketChannelImpl.java:398)
	at io.netty.buffer.PooledByteBuf.setBytes(PooledByteBuf.java:259)
	at io.netty.buffer.AbstractByteBuf.writeBytes(AbstractByteBuf.java:1132)
	at io.netty.channel.socket.nio.NioSocketChannel.doReadBytes(NioSocketChannel.java:357)
	at io.netty.channel.nio.AbstractNioByteChannel$NioByteUnsafe.read(AbstractNioByteChannel.java:151)
	at io.netty.channel.nio.NioEventLoop.processSelectedKey(NioEventLoop.java:788)
	at io.netty.channel.nio.NioEventLoop.processSelectedKeysOptimized(NioEventLoop.java:724)
	at io.netty.channel.nio.NioEventLoop.processSelectedKeys(NioEventLoop.java:650)
	at io.netty.channel.nio.NioEventLoop.run(NioEventLoop.java:562)
	at io.netty.util.concurrent.SingleThreadEventExecutor$4.run(SingleThreadEventExecutor.java:997)
	at io.netty.util.internal.ThreadExecutorMap$2.run(ThreadExecutorMap.java:74)
	at io.netty.util.concurrent.FastThreadLocalRunnable.run(FastThreadLocalRunnable.java:30)
	at java.base/java.lang.Thread.run(Thread.java:832)

]]></system-err>
  </testcase>
  <testcase name="Login with incorrect password" classname="Login to Sociops Admin Account" time="4.92">
    <system-out><![CDATA[
Scenario: Login with incorrect password          &amp#27;[90m# src/test/resources/features/Login.feature:14&amp#27;[0m
18:24:17.406 [main] DEBUG io.cucumber.core.plugin.SerenityReporter - Running feature from file:///C:/Users/WINDOWS%2010/Documents/GitHub/Capstone/sociops_qe_web/src/test/resources/features/Login.feature
18:24:17.409 [main] INFO  - 
  _____   ___   ___   _____     ___   _____     _     ___   _____   ___   ___  
 |_   _| | __| / __| |_   _|   / __| |_   _|   /_\   | _ \ |_   _| | __| |   \ 
   | |   | _|  \__ \   | |     \__ \   | |    / _ \  |   /   | |   | _|  | |) |
   |_|   |___| |___/   |_|     |___/   |_|   /_/ \_\ |_|_\   |_|   |___| |___/ 

Login with incorrect password(login-to-sociops-admin-account;login-with-incorrect-password)
--------------------------------------------------------------------------------
18:24:17.431 [main] DEBUG net.thucydides.core.steps.StepInterceptor - STARTING STEP: LoginSteps.onTheLoginPage - openPage
18:24:17.467 [main] INFO net.serenitybdd.core.webdriver.driverproviders.ChromeDriverProvider - Starting Chrome driver instance with capabilities:
18:24:17.467 [main] INFO net.serenitybdd.core.webdriver.driverproviders.ChromeDriverProvider - Capabilities {acceptInsecureCerts: false, browserName: chrome, goog:chromeOptions: {args: [remote-allow-origins=*], extensions: []}}
18:24:17.541 [AsyncHttpClient-1-5] DEBUG org.asynchttpclient.netty.channel.NettyConnectListener - Using new Channel '[id: 0x14ca3281, L:/127.0.0.1:52080 - R:localhost/127.0.0.1:31548]' for 'POST' to '/session'
18:24:17.802 [AsyncHttpClient-1-1] DEBUG org.asynchttpclient.netty.channel.DefaultChannelPool - Entry count for : http://localhost:52051 : 1
18:24:17.802 [AsyncHttpClient-1-1] DEBUG org.asynchttpclient.netty.channel.DefaultChannelPool - Entry count for : http://localhost:39870 : 1
18:24:17.802 [AsyncHttpClient-1-1] DEBUG org.asynchttpclient.netty.channel.DefaultChannelPool - Adding Candidate expired Channel [id: 0x2e416f78, L:/127.0.0.1:52057 ! R:localhost/127.0.0.1:52051] isIdleTimeoutExpired=false isRemotelyClosed=true isTtlExpired=false
18:24:17.802 [AsyncHttpClient-1-1] DEBUG org.asynchttpclient.netty.channel.DefaultChannelPool - Closing Idle Channel [id: 0x2e416f78, L:/127.0.0.1:52057 ! R:localhost/127.0.0.1:52051]
18:24:17.803 [AsyncHttpClient-1-1] DEBUG org.asynchttpclient.netty.channel.DefaultChannelPool - Adding Candidate expired Channel [id: 0xf13c86ba, L:/127.0.0.1:52048 ! R:localhost/127.0.0.1:39870] isIdleTimeoutExpired=false isRemotelyClosed=true isTtlExpired=false
18:24:17.803 [AsyncHttpClient-1-1] DEBUG org.asynchttpclient.netty.channel.DefaultChannelPool - Closing Idle Channel [id: 0xf13c86ba, L:/127.0.0.1:52048 ! R:localhost/127.0.0.1:39870]
18:24:17.803 [AsyncHttpClient-1-1] DEBUG org.asynchttpclient.netty.channel.DefaultChannelPool - Closed 2 connections out of 2 in 1 ms
18:24:18.245 [AsyncHttpClient-1-5] DEBUG org.asynchttpclient.netty.handler.HttpHandler - 

Request DefaultHttpRequest(decodeResult: success, version: HTTP/1.1)
POST /session HTTP/1.1
User-Agent: selenium/4.8.1 (java windows)
Content-Length: 507
Content-Type: application/json; charset=utf-8
host: localhost:31548
accept: */*

Response DefaultHttpResponse(decodeResult: success, version: HTTP/1.1)
HTTP/1.1 200 OK
Content-Length: 863
Content-Type: application/json; charset=utf-8
cache-control: no-cache

18:24:18.246 [AsyncHttpClient-1-5] DEBUG org.asynchttpclient.netty.channel.ChannelManager - Adding key: http://localhost:31548 for channel [id: 0x14ca3281, L:/127.0.0.1:52080 - R:localhost/127.0.0.1:31548]
18:24:18.250 [AsyncHttpClient-1-6] DEBUG org.asynchttpclient.netty.channel.NettyConnectListener - Using new Channel '[id: 0x43636688, L:/127.0.0.1:52088 - R:localhost/127.0.0.1:52081]' for 'GET' to '/json/version'
18:24:18.253 [AsyncHttpClient-1-6] DEBUG org.asynchttpclient.netty.handler.HttpHandler - 

Request DefaultFullHttpRequest(decodeResult: success, version: HTTP/1.1, content: EmptyByteBufBE)
GET /json/version HTTP/1.1
User-Agent: selenium/4.8.1 (java windows)
host: localhost:52081
accept: */*

Response DefaultHttpResponse(decodeResult: success, version: HTTP/1.1)
HTTP/1.1 200 OK
Content-Security-Policy: frame-ancestors 'none'
Content-Length: 424
Content-Type: application/json; charset=UTF-8

18:24:18.253 [AsyncHttpClient-1-6] DEBUG org.asynchttpclient.netty.channel.ChannelManager - Adding key: http://localhost:52081 for channel [id: 0x43636688, L:/127.0.0.1:52088 - R:localhost/127.0.0.1:52081]
18:24:18.256 [AsyncHttpClient-1-7] DEBUG org.asynchttpclient.netty.channel.NettyConnectListener - Using new Channel '[id: 0x2655111c, L:/127.0.0.1:52089 - R:localhost/127.0.0.1:52081]' for 'GET' to '/devtools/browser/76a769d7-2071-4a58-aa8c-4f81dc4268b2'
18:24:18.260 [AsyncHttpClient-1-7] DEBUG org.asynchttpclient.netty.handler.WebSocketHandler - 

Request DefaultFullHttpRequest(decodeResult: success, version: HTTP/1.1, content: EmptyByteBufBE)
GET /devtools/browser/76a769d7-2071-4a58-aa8c-4f81dc4268b2 HTTP/1.1
upgrade: websocket
connection: upgrade
sec-websocket-key: LESIJwjirrqUcq5uj8A6xg==
sec-websocket-version: 13
origin: http://localhost:52081
host: localhost:52081
accept: */*
user-agent: AHC/2.1

Response DefaultHttpResponse(decodeResult: success, version: HTTP/1.1)
HTTP/1.1 101 WebSocket Protocol Handshake
Upgrade: WebSocket
Connection: Upgrade
Sec-WebSocket-Accept: bw/5MlvVrzqAb6e7+sDhQtbU/uk=

18:24:18.268 [Forwarding get on session d860bfa9fe08925d5a631b5f04d03f7b to remote] DEBUG org.asynchttpclient.netty.request.NettyRequestSender - Using pooled Channel '[id: 0x14ca3281, L:/127.0.0.1:52080 - R:localhost/127.0.0.1:31548]' for 'POST' to 'http://localhost:31548/session/d860bfa9fe08925d5a631b5f04d03f7b/url'
18:24:18.268 [Forwarding get on session d860bfa9fe08925d5a631b5f04d03f7b to remote] DEBUG org.asynchttpclient.netty.request.NettyRequestSender - Using open Channel [id: 0x14ca3281, L:/127.0.0.1:52080 - R:localhost/127.0.0.1:31548] for POST '/session/d860bfa9fe08925d5a631b5f04d03f7b/url'
18:24:18.733 [AsyncHttpClient-1-5] DEBUG org.asynchttpclient.netty.handler.HttpHandler - 

Request DefaultHttpRequest(decodeResult: success, version: HTTP/1.1)
POST /session/d860bfa9fe08925d5a631b5f04d03f7b/url HTTP/1.1
User-Agent: selenium/4.8.1 (java windows)
Content-Length: 63
Content-Type: application/json; charset=utf-8
host: localhost:31548
accept: */*

Response DefaultHttpResponse(decodeResult: success, version: HTTP/1.1)
HTTP/1.1 200 OK
Content-Length: 14
Content-Type: application/json; charset=utf-8
cache-control: no-cache

18:24:18.734 [AsyncHttpClient-1-5] DEBUG org.asynchttpclient.netty.channel.ChannelManager - Adding key: http://localhost:31548 for channel [id: 0x14ca3281, L:/127.0.0.1:52080 - R:localhost/127.0.0.1:31548]
18:24:18.735 [Forwarding setTimeout on session d860bfa9fe08925d5a631b5f04d03f7b to remote] DEBUG org.asynchttpclient.netty.request.NettyRequestSender - Using pooled Channel '[id: 0x14ca3281, L:/127.0.0.1:52080 - R:localhost/127.0.0.1:31548]' for 'POST' to 'http://localhost:31548/session/d860bfa9fe08925d5a631b5f04d03f7b/timeouts'
18:24:18.735 [Forwarding setTimeout on session d860bfa9fe08925d5a631b5f04d03f7b to remote] DEBUG org.asynchttpclient.netty.request.NettyRequestSender - Using open Channel [id: 0x14ca3281, L:/127.0.0.1:52080 - R:localhost/127.0.0.1:31548] for POST '/session/d860bfa9fe08925d5a631b5f04d03f7b/timeouts'
18:24:18.736 [AsyncHttpClient-1-5] DEBUG org.asynchttpclient.netty.handler.HttpHandler - 

Request DefaultHttpRequest(decodeResult: success, version: HTTP/1.1)
POST /session/d860bfa9fe08925d5a631b5f04d03f7b/timeouts HTTP/1.1
User-Agent: selenium/4.8.1 (java windows)
Content-Length: 22
Content-Type: application/json; charset=utf-8
host: localhost:31548
accept: */*

Response DefaultHttpResponse(decodeResult: success, version: HTTP/1.1)
HTTP/1.1 200 OK
Content-Length: 14
Content-Type: application/json; charset=utf-8
cache-control: no-cache

18:24:18.736 [AsyncHttpClient-1-5] DEBUG org.asynchttpclient.netty.channel.ChannelManager - Adding key: http://localhost:31548 for channel [id: 0x14ca3281, L:/127.0.0.1:52080 - R:localhost/127.0.0.1:31548]
18:24:18.741 [Forwarding getAlertText on session d860bfa9fe08925d5a631b5f04d03f7b to remote] DEBUG org.asynchttpclient.netty.request.NettyRequestSender - Using pooled Channel '[id: 0x14ca3281, L:/127.0.0.1:52080 - R:localhost/127.0.0.1:31548]' for 'GET' to 'http://localhost:31548/session/d860bfa9fe08925d5a631b5f04d03f7b/alert/text'
18:24:18.741 [Forwarding getAlertText on session d860bfa9fe08925d5a631b5f04d03f7b to remote] DEBUG org.asynchttpclient.netty.request.NettyRequestSender - Using open Channel [id: 0x14ca3281, L:/127.0.0.1:52080 - R:localhost/127.0.0.1:31548] for GET '/session/d860bfa9fe08925d5a631b5f04d03f7b/alert/text'
18:24:18.742 [AsyncHttpClient-1-5] DEBUG org.asynchttpclient.netty.handler.HttpHandler - 

Request DefaultFullHttpRequest(decodeResult: success, version: HTTP/1.1, content: EmptyByteBufBE)
GET /session/d860bfa9fe08925d5a631b5f04d03f7b/alert/text HTTP/1.1
User-Agent: selenium/4.8.1 (java windows)
Cache-Control: no-cache
Content-Type: application/json; charset=utf-8
host: localhost:31548
accept: */*

Response DefaultHttpResponse(decodeResult: success, version: HTTP/1.1)
HTTP/1.1 404 Not Found
Content-Length: 821
Content-Type: application/json; charset=utf-8
cache-control: no-cache

18:24:18.744 [AsyncHttpClient-1-5] DEBUG org.asynchttpclient.netty.channel.ChannelManager - Adding key: http://localhost:31548 for channel [id: 0x14ca3281, L:/127.0.0.1:52080 - R:localhost/127.0.0.1:31548]
18:24:18.745 [Forwarding getCurrentUrl on session d860bfa9fe08925d5a631b5f04d03f7b to remote] DEBUG org.asynchttpclient.netty.request.NettyRequestSender - Using pooled Channel '[id: 0x14ca3281, L:/127.0.0.1:52080 - R:localhost/127.0.0.1:31548]' for 'GET' to 'http://localhost:31548/session/d860bfa9fe08925d5a631b5f04d03f7b/url'
18:24:18.746 [Forwarding getCurrentUrl on session d860bfa9fe08925d5a631b5f04d03f7b to remote] DEBUG org.asynchttpclient.netty.request.NettyRequestSender - Using open Channel [id: 0x14ca3281, L:/127.0.0.1:52080 - R:localhost/127.0.0.1:31548] for GET '/session/d860bfa9fe08925d5a631b5f04d03f7b/url'
18:24:18.752 [AsyncHttpClient-1-5] DEBUG org.asynchttpclient.netty.handler.HttpHandler - 

Request DefaultFullHttpRequest(decodeResult: success, version: HTTP/1.1, content: EmptyByteBufBE)
GET /session/d860bfa9fe08925d5a631b5f04d03f7b/url HTTP/1.1
User-Agent: selenium/4.8.1 (java windows)
Cache-Control: no-cache
Content-Type: application/json; charset=utf-8
host: localhost:31548
accept: */*

Response DefaultHttpResponse(decodeResult: success, version: HTTP/1.1)
HTTP/1.1 200 OK
Content-Length: 45
Content-Type: application/json; charset=utf-8
cache-control: no-cache

18:24:18.752 [AsyncHttpClient-1-5] DEBUG org.asynchttpclient.netty.channel.ChannelManager - Adding key: http://localhost:31548 for channel [id: 0x14ca3281, L:/127.0.0.1:52080 - R:localhost/127.0.0.1:31548]
18:24:18.754 [Forwarding screenshot on session d860bfa9fe08925d5a631b5f04d03f7b to remote] DEBUG org.asynchttpclient.netty.request.NettyRequestSender - Using pooled Channel '[id: 0x14ca3281, L:/127.0.0.1:52080 - R:localhost/127.0.0.1:31548]' for 'GET' to 'http://localhost:31548/session/d860bfa9fe08925d5a631b5f04d03f7b/screenshot'
18:24:18.754 [Forwarding screenshot on session d860bfa9fe08925d5a631b5f04d03f7b to remote] DEBUG org.asynchttpclient.netty.request.NettyRequestSender - Using open Channel [id: 0x14ca3281, L:/127.0.0.1:52080 - R:localhost/127.0.0.1:31548] for GET '/session/d860bfa9fe08925d5a631b5f04d03f7b/screenshot'
18:24:18.903 [AsyncHttpClient-1-1] DEBUG org.asynchttpclient.netty.channel.DefaultChannelPool - Entry count for : http://localhost:52081 : 1
18:24:18.917 [AsyncHttpClient-1-5] DEBUG org.asynchttpclient.netty.handler.HttpHandler - 

Request DefaultFullHttpRequest(decodeResult: success, version: HTTP/1.1, content: EmptyByteBufBE)
GET /session/d860bfa9fe08925d5a631b5f04d03f7b/screenshot HTTP/1.1
User-Agent: selenium/4.8.1 (java windows)
Cache-Control: no-cache
Content-Type: application/json; charset=utf-8
host: localhost:31548
accept: */*

Response DefaultHttpResponse(decodeResult: success, version: HTTP/1.1)
HTTP/1.1 200 OK
Content-Length: 35188
Content-Type: application/json; charset=utf-8
cache-control: no-cache

18:24:18.918 [AsyncHttpClient-1-5] DEBUG org.asynchttpclient.netty.channel.ChannelManager - Adding key: http://localhost:31548 for channel [id: 0x14ca3281, L:/127.0.0.1:52080 - R:localhost/127.0.0.1:31548]
18:24:18.920 [main] DEBUG net.serenitybdd.core.photography.Darkroom - Send negative for processing for target\site\serenity\e1a043f79cde61fd83c796824eb14028e2e774bcf48939784252612fe1cf5b50.png
18:24:18.920 [main] DEBUG net.thucydides.core.steps.StepInterceptor - STEP DONE: openPage
  &amp#27;[32mGiven &amp#27;[0m&amp#27;[32mI am on the sociops login page&amp#27;[0m           &amp#27;[90m# starter.stepdefinitions.LoginSteps.onTheLoginPage()&amp#27;[0m
18:24:18.926 [Forwarding getPageSource on session d860bfa9fe08925d5a631b5f04d03f7b to remote] DEBUG org.asynchttpclient.netty.request.NettyRequestSender - Using pooled Channel '[id: 0x14ca3281, L:/127.0.0.1:52080 - R:localhost/127.0.0.1:31548]' for 'POST' to 'http://localhost:31548/session/d860bfa9fe08925d5a631b5f04d03f7b/execute/sync'
18:24:18.926 [Forwarding getPageSource on session d860bfa9fe08925d5a631b5f04d03f7b to remote] DEBUG org.asynchttpclient.netty.request.NettyRequestSender - Using open Channel [id: 0x14ca3281, L:/127.0.0.1:52080 - R:localhost/127.0.0.1:31548] for POST '/session/d860bfa9fe08925d5a631b5f04d03f7b/execute/sync'
18:24:18.931 [AsyncHttpClient-1-5] DEBUG org.asynchttpclient.netty.handler.HttpHandler - 

Request DefaultHttpRequest(decodeResult: success, version: HTTP/1.1)
POST /session/d860bfa9fe08925d5a631b5f04d03f7b/execute/sync HTTP/1.1
User-Agent: selenium/4.8.1 (java windows)
Content-Length: 176
Content-Type: application/json; charset=utf-8
host: localhost:31548
accept: */*

Response DefaultHttpResponse(decodeResult: success, version: HTTP/1.1)
HTTP/1.1 200 OK
Content-Length: 9114
Content-Type: application/json; charset=utf-8
cache-control: no-cache

18:24:18.931 [AsyncHttpClient-1-5] DEBUG org.asynchttpclient.netty.channel.ChannelManager - Adding key: http://localhost:31548 for channel [id: 0x14ca3281, L:/127.0.0.1:52080 - R:localhost/127.0.0.1:31548]
18:24:18.933 [Forwarding getCurrentUrl on session d860bfa9fe08925d5a631b5f04d03f7b to remote] DEBUG org.asynchttpclient.netty.request.NettyRequestSender - Using pooled Channel '[id: 0x14ca3281, L:/127.0.0.1:52080 - R:localhost/127.0.0.1:31548]' for 'GET' to 'http://localhost:31548/session/d860bfa9fe08925d5a631b5f04d03f7b/url'
18:24:18.934 [Forwarding getCurrentUrl on session d860bfa9fe08925d5a631b5f04d03f7b to remote] DEBUG org.asynchttpclient.netty.request.NettyRequestSender - Using open Channel [id: 0x14ca3281, L:/127.0.0.1:52080 - R:localhost/127.0.0.1:31548] for GET '/session/d860bfa9fe08925d5a631b5f04d03f7b/url'
18:24:18.937 [AsyncHttpClient-1-5] DEBUG org.asynchttpclient.netty.handler.HttpHandler - 

Request DefaultFullHttpRequest(decodeResult: success, version: HTTP/1.1, content: EmptyByteBufBE)
GET /session/d860bfa9fe08925d5a631b5f04d03f7b/url HTTP/1.1
User-Agent: selenium/4.8.1 (java windows)
Cache-Control: no-cache
Content-Type: application/json; charset=utf-8
host: localhost:31548
accept: */*

Response DefaultHttpResponse(decodeResult: success, version: HTTP/1.1)
HTTP/1.1 200 OK
Content-Length: 45
Content-Type: application/json; charset=utf-8
cache-control: no-cache

18:24:18.937 [AsyncHttpClient-1-5] DEBUG org.asynchttpclient.netty.channel.ChannelManager - Adding key: http://localhost:31548 for channel [id: 0x14ca3281, L:/127.0.0.1:52080 - R:localhost/127.0.0.1:31548]
18:24:18.943 [Forwarding getPageSource on session d860bfa9fe08925d5a631b5f04d03f7b to remote] DEBUG org.asynchttpclient.netty.request.NettyRequestSender - Using pooled Channel '[id: 0x14ca3281, L:/127.0.0.1:52080 - R:localhost/127.0.0.1:31548]' for 'POST' to 'http://localhost:31548/session/d860bfa9fe08925d5a631b5f04d03f7b/execute/sync'
18:24:18.944 [Forwarding getPageSource on session d860bfa9fe08925d5a631b5f04d03f7b to remote] DEBUG org.asynchttpclient.netty.request.NettyRequestSender - Using open Channel [id: 0x14ca3281, L:/127.0.0.1:52080 - R:localhost/127.0.0.1:31548] for POST '/session/d860bfa9fe08925d5a631b5f04d03f7b/execute/sync'
18:24:18.947 [AsyncHttpClient-1-5] DEBUG org.asynchttpclient.netty.handler.HttpHandler - 

Request DefaultHttpRequest(decodeResult: success, version: HTTP/1.1)
POST /session/d860bfa9fe08925d5a631b5f04d03f7b/execute/sync HTTP/1.1
User-Agent: selenium/4.8.1 (java windows)
Content-Length: 176
Content-Type: application/json; charset=utf-8
host: localhost:31548
accept: */*

Response DefaultHttpResponse(decodeResult: success, version: HTTP/1.1)
HTTP/1.1 200 OK
Content-Length: 9114
Content-Type: application/json; charset=utf-8
cache-control: no-cache

18:24:18.947 [AsyncHttpClient-1-5] DEBUG org.asynchttpclient.netty.channel.ChannelManager - Adding key: http://localhost:31548 for channel [id: 0x14ca3281, L:/127.0.0.1:52080 - R:localhost/127.0.0.1:31548]
18:24:18.949 [Forwarding getCurrentUrl on session d860bfa9fe08925d5a631b5f04d03f7b to remote] DEBUG org.asynchttpclient.netty.request.NettyRequestSender - Using pooled Channel '[id: 0x14ca3281, L:/127.0.0.1:52080 - R:localhost/127.0.0.1:31548]' for 'GET' to 'http://localhost:31548/session/d860bfa9fe08925d5a631b5f04d03f7b/url'
18:24:18.949 [Forwarding getCurrentUrl on session d860bfa9fe08925d5a631b5f04d03f7b to remote] DEBUG org.asynchttpclient.netty.request.NettyRequestSender - Using open Channel [id: 0x14ca3281, L:/127.0.0.1:52080 - R:localhost/127.0.0.1:31548] for GET '/session/d860bfa9fe08925d5a631b5f04d03f7b/url'
18:24:18.953 [AsyncHttpClient-1-5] DEBUG org.asynchttpclient.netty.handler.HttpHandler - 

Request DefaultFullHttpRequest(decodeResult: success, version: HTTP/1.1, content: EmptyByteBufBE)
GET /session/d860bfa9fe08925d5a631b5f04d03f7b/url HTTP/1.1
User-Agent: selenium/4.8.1 (java windows)
Cache-Control: no-cache
Content-Type: application/json; charset=utf-8
host: localhost:31548
accept: */*

Response DefaultHttpResponse(decodeResult: success, version: HTTP/1.1)
HTTP/1.1 200 OK
Content-Length: 45
Content-Type: application/json; charset=utf-8
cache-control: no-cache

18:24:18.953 [AsyncHttpClient-1-5] DEBUG org.asynchttpclient.netty.channel.ChannelManager - Adding key: http://localhost:31548 for channel [id: 0x14ca3281, L:/127.0.0.1:52080 - R:localhost/127.0.0.1:31548]
18:24:18.955 [main] DEBUG net.thucydides.core.steps.StepInterceptor - STARTING STEP: LoginSteps.inputEmail - inputEmail
18:24:18.956 [Forwarding findElement on session d860bfa9fe08925d5a631b5f04d03f7b to remote] DEBUG org.asynchttpclient.netty.request.NettyRequestSender - Using pooled Channel '[id: 0x14ca3281, L:/127.0.0.1:52080 - R:localhost/127.0.0.1:31548]' for 'POST' to 'http://localhost:31548/session/d860bfa9fe08925d5a631b5f04d03f7b/element'
18:24:18.956 [Forwarding findElement on session d860bfa9fe08925d5a631b5f04d03f7b to remote] DEBUG org.asynchttpclient.netty.request.NettyRequestSender - Using open Channel [id: 0x14ca3281, L:/127.0.0.1:52080 - R:localhost/127.0.0.1:31548] for POST '/session/d860bfa9fe08925d5a631b5f04d03f7b/element'
18:24:18.965 [AsyncHttpClient-1-5] DEBUG org.asynchttpclient.netty.handler.HttpHandler - 

Request DefaultHttpRequest(decodeResult: success, version: HTTP/1.1)
POST /session/d860bfa9fe08925d5a631b5f04d03f7b/element HTTP/1.1
User-Agent: selenium/4.8.1 (java windows)
Content-Length: 59
Content-Type: application/json; charset=utf-8
host: localhost:31548
accept: */*

Response DefaultHttpResponse(decodeResult: success, version: HTTP/1.1)
HTTP/1.1 200 OK
Content-Length: 94
Content-Type: application/json; charset=utf-8
cache-control: no-cache

18:24:18.966 [AsyncHttpClient-1-5] DEBUG org.asynchttpclient.netty.channel.ChannelManager - Adding key: http://localhost:31548 for channel [id: 0x14ca3281, L:/127.0.0.1:52080 - R:localhost/127.0.0.1:31548]
18:24:18.967 [Forwarding clearElement on session d860bfa9fe08925d5a631b5f04d03f7b to remote] DEBUG org.asynchttpclient.netty.request.NettyRequestSender - Using pooled Channel '[id: 0x14ca3281, L:/127.0.0.1:52080 - R:localhost/127.0.0.1:31548]' for 'POST' to 'http://localhost:31548/session/d860bfa9fe08925d5a631b5f04d03f7b/element/82E34F3B242D5F2E4AA648D81AA2A852_element_7/clear'
18:24:18.967 [Forwarding clearElement on session d860bfa9fe08925d5a631b5f04d03f7b to remote] DEBUG org.asynchttpclient.netty.request.NettyRequestSender - Using open Channel [id: 0x14ca3281, L:/127.0.0.1:52080 - R:localhost/127.0.0.1:31548] for POST '/session/d860bfa9fe08925d5a631b5f04d03f7b/element/82E34F3B242D5F2E4AA648D81AA2A852_element_7/clear'
18:24:18.996 [AsyncHttpClient-1-5] DEBUG org.asynchttpclient.netty.handler.HttpHandler - 

Request DefaultHttpRequest(decodeResult: success, version: HTTP/1.1)
POST /session/d860bfa9fe08925d5a631b5f04d03f7b/element/82E34F3B242D5F2E4AA648D81AA2A852_element_7/clear HTTP/1.1
User-Agent: selenium/4.8.1 (java windows)
Content-Length: 56
Content-Type: application/json; charset=utf-8
host: localhost:31548
accept: */*

Response DefaultHttpResponse(decodeResult: success, version: HTTP/1.1)
HTTP/1.1 200 OK
Content-Length: 14
Content-Type: application/json; charset=utf-8
cache-control: no-cache

18:24:18.997 [AsyncHttpClient-1-5] DEBUG org.asynchttpclient.netty.channel.ChannelManager - Adding key: http://localhost:31548 for channel [id: 0x14ca3281, L:/127.0.0.1:52080 - R:localhost/127.0.0.1:31548]
18:24:18.998 [Forwarding sendKeysToElement on session d860bfa9fe08925d5a631b5f04d03f7b to remote] DEBUG org.asynchttpclient.netty.request.NettyRequestSender - Using pooled Channel '[id: 0x14ca3281, L:/127.0.0.1:52080 - R:localhost/127.0.0.1:31548]' for 'POST' to 'http://localhost:31548/session/d860bfa9fe08925d5a631b5f04d03f7b/element/82E34F3B242D5F2E4AA648D81AA2A852_element_7/value'
18:24:18.998 [Forwarding sendKeysToElement on session d860bfa9fe08925d5a631b5f04d03f7b to remote] DEBUG org.asynchttpclient.netty.request.NettyRequestSender - Using open Channel [id: 0x14ca3281, L:/127.0.0.1:52080 - R:localhost/127.0.0.1:31548] for POST '/session/d860bfa9fe08925d5a631b5f04d03f7b/element/82E34F3B242D5F2E4AA648D81AA2A852_element_7/value'
18:24:19.062 [AsyncHttpClient-1-5] DEBUG org.asynchttpclient.netty.handler.HttpHandler - 

Request DefaultHttpRequest(decodeResult: success, version: HTTP/1.1)
POST /session/d860bfa9fe08925d5a631b5f04d03f7b/element/82E34F3B242D5F2E4AA648D81AA2A852_element_7/value HTTP/1.1
User-Agent: selenium/4.8.1 (java windows)
Content-Length: 207
Content-Type: application/json; charset=utf-8
host: localhost:31548
accept: */*

Response DefaultHttpResponse(decodeResult: success, version: HTTP/1.1)
HTTP/1.1 200 OK
Content-Length: 14
Content-Type: application/json; charset=utf-8
cache-control: no-cache

18:24:19.062 [AsyncHttpClient-1-5] DEBUG org.asynchttpclient.netty.channel.ChannelManager - Adding key: http://localhost:31548 for channel [id: 0x14ca3281, L:/127.0.0.1:52080 - R:localhost/127.0.0.1:31548]
18:24:19.067 [Forwarding getAlertText on session d860bfa9fe08925d5a631b5f04d03f7b to remote] DEBUG org.asynchttpclient.netty.request.NettyRequestSender - Using pooled Channel '[id: 0x14ca3281, L:/127.0.0.1:52080 - R:localhost/127.0.0.1:31548]' for 'GET' to 'http://localhost:31548/session/d860bfa9fe08925d5a631b5f04d03f7b/alert/text'
18:24:19.067 [Forwarding getAlertText on session d860bfa9fe08925d5a631b5f04d03f7b to remote] DEBUG org.asynchttpclient.netty.request.NettyRequestSender - Using open Channel [id: 0x14ca3281, L:/127.0.0.1:52080 - R:localhost/127.0.0.1:31548] for GET '/session/d860bfa9fe08925d5a631b5f04d03f7b/alert/text'
18:24:19.069 [AsyncHttpClient-1-5] DEBUG org.asynchttpclient.netty.handler.HttpHandler - 

Request DefaultFullHttpRequest(decodeResult: success, version: HTTP/1.1, content: EmptyByteBufBE)
GET /session/d860bfa9fe08925d5a631b5f04d03f7b/alert/text HTTP/1.1
User-Agent: selenium/4.8.1 (java windows)
Cache-Control: no-cache
Content-Type: application/json; charset=utf-8
host: localhost:31548
accept: */*

Response DefaultHttpResponse(decodeResult: success, version: HTTP/1.1)
HTTP/1.1 404 Not Found
Content-Length: 821
Content-Type: application/json; charset=utf-8
cache-control: no-cache

18:24:19.069 [AsyncHttpClient-1-5] DEBUG org.asynchttpclient.netty.channel.ChannelManager - Adding key: http://localhost:31548 for channel [id: 0x14ca3281, L:/127.0.0.1:52080 - R:localhost/127.0.0.1:31548]
18:24:19.069 [Forwarding getCurrentUrl on session d860bfa9fe08925d5a631b5f04d03f7b to remote] DEBUG org.asynchttpclient.netty.request.NettyRequestSender - Using pooled Channel '[id: 0x14ca3281, L:/127.0.0.1:52080 - R:localhost/127.0.0.1:31548]' for 'GET' to 'http://localhost:31548/session/d860bfa9fe08925d5a631b5f04d03f7b/url'
18:24:19.069 [Forwarding getCurrentUrl on session d860bfa9fe08925d5a631b5f04d03f7b to remote] DEBUG org.asynchttpclient.netty.request.NettyRequestSender - Using open Channel [id: 0x14ca3281, L:/127.0.0.1:52080 - R:localhost/127.0.0.1:31548] for GET '/session/d860bfa9fe08925d5a631b5f04d03f7b/url'
18:24:19.072 [AsyncHttpClient-1-5] DEBUG org.asynchttpclient.netty.handler.HttpHandler - 

Request DefaultFullHttpRequest(decodeResult: success, version: HTTP/1.1, content: EmptyByteBufBE)
GET /session/d860bfa9fe08925d5a631b5f04d03f7b/url HTTP/1.1
User-Agent: selenium/4.8.1 (java windows)
Cache-Control: no-cache
Content-Type: application/json; charset=utf-8
host: localhost:31548
accept: */*

Response DefaultHttpResponse(decodeResult: success, version: HTTP/1.1)
HTTP/1.1 200 OK
Content-Length: 45
Content-Type: application/json; charset=utf-8
cache-control: no-cache

18:24:19.072 [AsyncHttpClient-1-5] DEBUG org.asynchttpclient.netty.channel.ChannelManager - Adding key: http://localhost:31548 for channel [id: 0x14ca3281, L:/127.0.0.1:52080 - R:localhost/127.0.0.1:31548]
18:24:19.073 [Forwarding screenshot on session d860bfa9fe08925d5a631b5f04d03f7b to remote] DEBUG org.asynchttpclient.netty.request.NettyRequestSender - Using pooled Channel '[id: 0x14ca3281, L:/127.0.0.1:52080 - R:localhost/127.0.0.1:31548]' for 'GET' to 'http://localhost:31548/session/d860bfa9fe08925d5a631b5f04d03f7b/screenshot'
18:24:19.073 [Forwarding screenshot on session d860bfa9fe08925d5a631b5f04d03f7b to remote] DEBUG org.asynchttpclient.netty.request.NettyRequestSender - Using open Channel [id: 0x14ca3281, L:/127.0.0.1:52080 - R:localhost/127.0.0.1:31548] for GET '/session/d860bfa9fe08925d5a631b5f04d03f7b/screenshot'
18:24:19.157 [AsyncHttpClient-1-5] DEBUG org.asynchttpclient.netty.handler.HttpHandler - 

Request DefaultFullHttpRequest(decodeResult: success, version: HTTP/1.1, content: EmptyByteBufBE)
GET /session/d860bfa9fe08925d5a631b5f04d03f7b/screenshot HTTP/1.1
User-Agent: selenium/4.8.1 (java windows)
Cache-Control: no-cache
Content-Type: application/json; charset=utf-8
host: localhost:31548
accept: */*

Response DefaultHttpResponse(decodeResult: success, version: HTTP/1.1)
HTTP/1.1 200 OK
Content-Length: 39320
Content-Type: application/json; charset=utf-8
cache-control: no-cache

18:24:19.158 [AsyncHttpClient-1-5] DEBUG org.asynchttpclient.netty.channel.ChannelManager - Adding key: http://localhost:31548 for channel [id: 0x14ca3281, L:/127.0.0.1:52080 - R:localhost/127.0.0.1:31548]
18:24:19.162 [main] DEBUG net.serenitybdd.core.photography.Darkroom - Send negative for processing for target\site\serenity\0a78271d4cd45ebe50b780dcb158cfe353407df2b7f600becedaa923f5ce3bd7.png
18:24:19.162 [main] DEBUG net.thucydides.core.steps.StepInterceptor - STEP DONE: inputEmail
  &amp#27;[32mAnd &amp#27;[0m&amp#27;[32mI type correct email&amp#27;[0m                       &amp#27;[90m# starter.stepdefinitions.LoginSteps.inputEmail()&amp#27;[0m
18:24:19.170 [Forwarding getPageSource on session d860bfa9fe08925d5a631b5f04d03f7b to remote] DEBUG org.asynchttpclient.netty.request.NettyRequestSender - Using pooled Channel '[id: 0x14ca3281, L:/127.0.0.1:52080 - R:localhost/127.0.0.1:31548]' for 'POST' to 'http://localhost:31548/session/d860bfa9fe08925d5a631b5f04d03f7b/execute/sync'
18:24:19.170 [Forwarding getPageSource on session d860bfa9fe08925d5a631b5f04d03f7b to remote] DEBUG org.asynchttpclient.netty.request.NettyRequestSender - Using open Channel [id: 0x14ca3281, L:/127.0.0.1:52080 - R:localhost/127.0.0.1:31548] for POST '/session/d860bfa9fe08925d5a631b5f04d03f7b/execute/sync'
18:24:19.176 [AsyncHttpClient-1-5] DEBUG org.asynchttpclient.netty.handler.HttpHandler - 

Request DefaultHttpRequest(decodeResult: success, version: HTTP/1.1)
POST /session/d860bfa9fe08925d5a631b5f04d03f7b/execute/sync HTTP/1.1
User-Agent: selenium/4.8.1 (java windows)
Content-Length: 176
Content-Type: application/json; charset=utf-8
host: localhost:31548
accept: */*

Response DefaultHttpResponse(decodeResult: success, version: HTTP/1.1)
HTTP/1.1 200 OK
Content-Length: 9126
Content-Type: application/json; charset=utf-8
cache-control: no-cache

18:24:19.176 [AsyncHttpClient-1-5] DEBUG org.asynchttpclient.netty.channel.ChannelManager - Adding key: http://localhost:31548 for channel [id: 0x14ca3281, L:/127.0.0.1:52080 - R:localhost/127.0.0.1:31548]
18:24:19.178 [Forwarding getCurrentUrl on session d860bfa9fe08925d5a631b5f04d03f7b to remote] DEBUG org.asynchttpclient.netty.request.NettyRequestSender - Using pooled Channel '[id: 0x14ca3281, L:/127.0.0.1:52080 - R:localhost/127.0.0.1:31548]' for 'GET' to 'http://localhost:31548/session/d860bfa9fe08925d5a631b5f04d03f7b/url'
18:24:19.178 [Forwarding getCurrentUrl on session d860bfa9fe08925d5a631b5f04d03f7b to remote] DEBUG org.asynchttpclient.netty.request.NettyRequestSender - Using open Channel [id: 0x14ca3281, L:/127.0.0.1:52080 - R:localhost/127.0.0.1:31548] for GET '/session/d860bfa9fe08925d5a631b5f04d03f7b/url'
18:24:19.182 [AsyncHttpClient-1-5] DEBUG org.asynchttpclient.netty.handler.HttpHandler - 

Request DefaultFullHttpRequest(decodeResult: success, version: HTTP/1.1, content: EmptyByteBufBE)
GET /session/d860bfa9fe08925d5a631b5f04d03f7b/url HTTP/1.1
User-Agent: selenium/4.8.1 (java windows)
Cache-Control: no-cache
Content-Type: application/json; charset=utf-8
host: localhost:31548
accept: */*

Response DefaultHttpResponse(decodeResult: success, version: HTTP/1.1)
HTTP/1.1 200 OK
Content-Length: 45
Content-Type: application/json; charset=utf-8
cache-control: no-cache

18:24:19.182 [AsyncHttpClient-1-5] DEBUG org.asynchttpclient.netty.channel.ChannelManager - Adding key: http://localhost:31548 for channel [id: 0x14ca3281, L:/127.0.0.1:52080 - R:localhost/127.0.0.1:31548]
18:24:19.191 [Forwarding getPageSource on session d860bfa9fe08925d5a631b5f04d03f7b to remote] DEBUG org.asynchttpclient.netty.request.NettyRequestSender - Using pooled Channel '[id: 0x14ca3281, L:/127.0.0.1:52080 - R:localhost/127.0.0.1:31548]' for 'POST' to 'http://localhost:31548/session/d860bfa9fe08925d5a631b5f04d03f7b/execute/sync'
18:24:19.191 [Forwarding getPageSource on session d860bfa9fe08925d5a631b5f04d03f7b to remote] DEBUG org.asynchttpclient.netty.request.NettyRequestSender - Using open Channel [id: 0x14ca3281, L:/127.0.0.1:52080 - R:localhost/127.0.0.1:31548] for POST '/session/d860bfa9fe08925d5a631b5f04d03f7b/execute/sync'
18:24:19.195 [AsyncHttpClient-1-5] DEBUG org.asynchttpclient.netty.handler.HttpHandler - 

Request DefaultHttpRequest(decodeResult: success, version: HTTP/1.1)
POST /session/d860bfa9fe08925d5a631b5f04d03f7b/execute/sync HTTP/1.1
User-Agent: selenium/4.8.1 (java windows)
Content-Length: 176
Content-Type: application/json; charset=utf-8
host: localhost:31548
accept: */*

Response DefaultHttpResponse(decodeResult: success, version: HTTP/1.1)
HTTP/1.1 200 OK
Content-Length: 9126
Content-Type: application/json; charset=utf-8
cache-control: no-cache

18:24:19.195 [AsyncHttpClient-1-5] DEBUG org.asynchttpclient.netty.channel.ChannelManager - Adding key: http://localhost:31548 for channel [id: 0x14ca3281, L:/127.0.0.1:52080 - R:localhost/127.0.0.1:31548]
18:24:19.197 [Forwarding getCurrentUrl on session d860bfa9fe08925d5a631b5f04d03f7b to remote] DEBUG org.asynchttpclient.netty.request.NettyRequestSender - Using pooled Channel '[id: 0x14ca3281, L:/127.0.0.1:52080 - R:localhost/127.0.0.1:31548]' for 'GET' to 'http://localhost:31548/session/d860bfa9fe08925d5a631b5f04d03f7b/url'
18:24:19.197 [Forwarding getCurrentUrl on session d860bfa9fe08925d5a631b5f04d03f7b to remote] DEBUG org.asynchttpclient.netty.request.NettyRequestSender - Using open Channel [id: 0x14ca3281, L:/127.0.0.1:52080 - R:localhost/127.0.0.1:31548] for GET '/session/d860bfa9fe08925d5a631b5f04d03f7b/url'
18:24:19.201 [AsyncHttpClient-1-5] DEBUG org.asynchttpclient.netty.handler.HttpHandler - 

Request DefaultFullHttpRequest(decodeResult: success, version: HTTP/1.1, content: EmptyByteBufBE)
GET /session/d860bfa9fe08925d5a631b5f04d03f7b/url HTTP/1.1
User-Agent: selenium/4.8.1 (java windows)
Cache-Control: no-cache
Content-Type: application/json; charset=utf-8
host: localhost:31548
accept: */*

Response DefaultHttpResponse(decodeResult: success, version: HTTP/1.1)
HTTP/1.1 200 OK
Content-Length: 45
Content-Type: application/json; charset=utf-8
cache-control: no-cache

18:24:19.202 [AsyncHttpClient-1-5] DEBUG org.asynchttpclient.netty.channel.ChannelManager - Adding key: http://localhost:31548 for channel [id: 0x14ca3281, L:/127.0.0.1:52080 - R:localhost/127.0.0.1:31548]
18:24:19.204 [main] DEBUG net.thucydides.core.steps.StepInterceptor - STARTING STEP: LoginSteps.inputIncorrectPassword - inputPassword
18:24:19.206 [Forwarding findElement on session d860bfa9fe08925d5a631b5f04d03f7b to remote] DEBUG org.asynchttpclient.netty.request.NettyRequestSender - Using pooled Channel '[id: 0x14ca3281, L:/127.0.0.1:52080 - R:localhost/127.0.0.1:31548]' for 'POST' to 'http://localhost:31548/session/d860bfa9fe08925d5a631b5f04d03f7b/element'
18:24:19.206 [Forwarding findElement on session d860bfa9fe08925d5a631b5f04d03f7b to remote] DEBUG org.asynchttpclient.netty.request.NettyRequestSender - Using open Channel [id: 0x14ca3281, L:/127.0.0.1:52080 - R:localhost/127.0.0.1:31548] for POST '/session/d860bfa9fe08925d5a631b5f04d03f7b/element'
18:24:19.215 [AsyncHttpClient-1-5] DEBUG org.asynchttpclient.netty.handler.HttpHandler - 

Request DefaultHttpRequest(decodeResult: success, version: HTTP/1.1)
POST /session/d860bfa9fe08925d5a631b5f04d03f7b/element HTTP/1.1
User-Agent: selenium/4.8.1 (java windows)
Content-Length: 62
Content-Type: application/json; charset=utf-8
host: localhost:31548
accept: */*

Response DefaultHttpResponse(decodeResult: success, version: HTTP/1.1)
HTTP/1.1 200 OK
Content-Length: 94
Content-Type: application/json; charset=utf-8
cache-control: no-cache

18:24:19.215 [AsyncHttpClient-1-5] DEBUG org.asynchttpclient.netty.channel.ChannelManager - Adding key: http://localhost:31548 for channel [id: 0x14ca3281, L:/127.0.0.1:52080 - R:localhost/127.0.0.1:31548]
18:24:19.216 [Forwarding clearElement on session d860bfa9fe08925d5a631b5f04d03f7b to remote] DEBUG org.asynchttpclient.netty.request.NettyRequestSender - Using pooled Channel '[id: 0x14ca3281, L:/127.0.0.1:52080 - R:localhost/127.0.0.1:31548]' for 'POST' to 'http://localhost:31548/session/d860bfa9fe08925d5a631b5f04d03f7b/element/82E34F3B242D5F2E4AA648D81AA2A852_element_2/clear'
18:24:19.216 [Forwarding clearElement on session d860bfa9fe08925d5a631b5f04d03f7b to remote] DEBUG org.asynchttpclient.netty.request.NettyRequestSender - Using open Channel [id: 0x14ca3281, L:/127.0.0.1:52080 - R:localhost/127.0.0.1:31548] for POST '/session/d860bfa9fe08925d5a631b5f04d03f7b/element/82E34F3B242D5F2E4AA648D81AA2A852_element_2/clear'
18:24:19.236 [AsyncHttpClient-1-5] DEBUG org.asynchttpclient.netty.handler.HttpHandler - 

Request DefaultHttpRequest(decodeResult: success, version: HTTP/1.1)
POST /session/d860bfa9fe08925d5a631b5f04d03f7b/element/82E34F3B242D5F2E4AA648D81AA2A852_element_2/clear HTTP/1.1
User-Agent: selenium/4.8.1 (java windows)
Content-Length: 56
Content-Type: application/json; charset=utf-8
host: localhost:31548
accept: */*

Response DefaultHttpResponse(decodeResult: success, version: HTTP/1.1)
HTTP/1.1 200 OK
Content-Length: 14
Content-Type: application/json; charset=utf-8
cache-control: no-cache

18:24:19.236 [AsyncHttpClient-1-5] DEBUG org.asynchttpclient.netty.channel.ChannelManager - Adding key: http://localhost:31548 for channel [id: 0x14ca3281, L:/127.0.0.1:52080 - R:localhost/127.0.0.1:31548]
18:24:19.239 [Forwarding sendKeysToElement on session d860bfa9fe08925d5a631b5f04d03f7b to remote] DEBUG org.asynchttpclient.netty.request.NettyRequestSender - Using pooled Channel '[id: 0x14ca3281, L:/127.0.0.1:52080 - R:localhost/127.0.0.1:31548]' for 'POST' to 'http://localhost:31548/session/d860bfa9fe08925d5a631b5f04d03f7b/element/82E34F3B242D5F2E4AA648D81AA2A852_element_2/value'
18:24:19.239 [Forwarding sendKeysToElement on session d860bfa9fe08925d5a631b5f04d03f7b to remote] DEBUG org.asynchttpclient.netty.request.NettyRequestSender - Using open Channel [id: 0x14ca3281, L:/127.0.0.1:52080 - R:localhost/127.0.0.1:31548] for POST '/session/d860bfa9fe08925d5a631b5f04d03f7b/element/82E34F3B242D5F2E4AA648D81AA2A852_element_2/value'
18:24:19.296 [AsyncHttpClient-1-5] DEBUG org.asynchttpclient.netty.handler.HttpHandler - 

Request DefaultHttpRequest(decodeResult: success, version: HTTP/1.1)
POST /session/d860bfa9fe08925d5a631b5f04d03f7b/element/82E34F3B242D5F2E4AA648D81AA2A852_element_2/value HTTP/1.1
User-Agent: selenium/4.8.1 (java windows)
Content-Length: 167
Content-Type: application/json; charset=utf-8
host: localhost:31548
accept: */*

Response DefaultHttpResponse(decodeResult: success, version: HTTP/1.1)
HTTP/1.1 200 OK
Content-Length: 14
Content-Type: application/json; charset=utf-8
cache-control: no-cache

18:24:19.297 [AsyncHttpClient-1-5] DEBUG org.asynchttpclient.netty.channel.ChannelManager - Adding key: http://localhost:31548 for channel [id: 0x14ca3281, L:/127.0.0.1:52080 - R:localhost/127.0.0.1:31548]
18:24:19.301 [Forwarding getAlertText on session d860bfa9fe08925d5a631b5f04d03f7b to remote] DEBUG org.asynchttpclient.netty.request.NettyRequestSender - Using pooled Channel '[id: 0x14ca3281, L:/127.0.0.1:52080 - R:localhost/127.0.0.1:31548]' for 'GET' to 'http://localhost:31548/session/d860bfa9fe08925d5a631b5f04d03f7b/alert/text'
18:24:19.301 [Forwarding getAlertText on session d860bfa9fe08925d5a631b5f04d03f7b to remote] DEBUG org.asynchttpclient.netty.request.NettyRequestSender - Using open Channel [id: 0x14ca3281, L:/127.0.0.1:52080 - R:localhost/127.0.0.1:31548] for GET '/session/d860bfa9fe08925d5a631b5f04d03f7b/alert/text'
18:24:19.302 [AsyncHttpClient-1-5] DEBUG org.asynchttpclient.netty.handler.HttpHandler - 

Request DefaultFullHttpRequest(decodeResult: success, version: HTTP/1.1, content: EmptyByteBufBE)
GET /session/d860bfa9fe08925d5a631b5f04d03f7b/alert/text HTTP/1.1
User-Agent: selenium/4.8.1 (java windows)
Cache-Control: no-cache
Content-Type: application/json; charset=utf-8
host: localhost:31548
accept: */*

Response DefaultHttpResponse(decodeResult: success, version: HTTP/1.1)
HTTP/1.1 404 Not Found
Content-Length: 821
Content-Type: application/json; charset=utf-8
cache-control: no-cache

18:24:19.302 [AsyncHttpClient-1-5] DEBUG org.asynchttpclient.netty.channel.ChannelManager - Adding key: http://localhost:31548 for channel [id: 0x14ca3281, L:/127.0.0.1:52080 - R:localhost/127.0.0.1:31548]
18:24:19.303 [Forwarding getCurrentUrl on session d860bfa9fe08925d5a631b5f04d03f7b to remote] DEBUG org.asynchttpclient.netty.request.NettyRequestSender - Using pooled Channel '[id: 0x14ca3281, L:/127.0.0.1:52080 - R:localhost/127.0.0.1:31548]' for 'GET' to 'http://localhost:31548/session/d860bfa9fe08925d5a631b5f04d03f7b/url'
18:24:19.304 [Forwarding getCurrentUrl on session d860bfa9fe08925d5a631b5f04d03f7b to remote] DEBUG org.asynchttpclient.netty.request.NettyRequestSender - Using open Channel [id: 0x14ca3281, L:/127.0.0.1:52080 - R:localhost/127.0.0.1:31548] for GET '/session/d860bfa9fe08925d5a631b5f04d03f7b/url'
18:24:19.307 [AsyncHttpClient-1-5] DEBUG org.asynchttpclient.netty.handler.HttpHandler - 

Request DefaultFullHttpRequest(decodeResult: success, version: HTTP/1.1, content: EmptyByteBufBE)
GET /session/d860bfa9fe08925d5a631b5f04d03f7b/url HTTP/1.1
User-Agent: selenium/4.8.1 (java windows)
Cache-Control: no-cache
Content-Type: application/json; charset=utf-8
host: localhost:31548
accept: */*

Response DefaultHttpResponse(decodeResult: success, version: HTTP/1.1)
HTTP/1.1 200 OK
Content-Length: 45
Content-Type: application/json; charset=utf-8
cache-control: no-cache

18:24:19.307 [AsyncHttpClient-1-5] DEBUG org.asynchttpclient.netty.channel.ChannelManager - Adding key: http://localhost:31548 for channel [id: 0x14ca3281, L:/127.0.0.1:52080 - R:localhost/127.0.0.1:31548]
18:24:19.308 [Forwarding screenshot on session d860bfa9fe08925d5a631b5f04d03f7b to remote] DEBUG org.asynchttpclient.netty.request.NettyRequestSender - Using pooled Channel '[id: 0x14ca3281, L:/127.0.0.1:52080 - R:localhost/127.0.0.1:31548]' for 'GET' to 'http://localhost:31548/session/d860bfa9fe08925d5a631b5f04d03f7b/screenshot'
18:24:19.308 [Forwarding screenshot on session d860bfa9fe08925d5a631b5f04d03f7b to remote] DEBUG org.asynchttpclient.netty.request.NettyRequestSender - Using open Channel [id: 0x14ca3281, L:/127.0.0.1:52080 - R:localhost/127.0.0.1:31548] for GET '/session/d860bfa9fe08925d5a631b5f04d03f7b/screenshot'
18:24:19.377 [AsyncHttpClient-1-5] DEBUG org.asynchttpclient.netty.handler.HttpHandler - 

Request DefaultFullHttpRequest(decodeResult: success, version: HTTP/1.1, content: EmptyByteBufBE)
GET /session/d860bfa9fe08925d5a631b5f04d03f7b/screenshot HTTP/1.1
User-Agent: selenium/4.8.1 (java windows)
Cache-Control: no-cache
Content-Type: application/json; charset=utf-8
host: localhost:31548
accept: */*

Response DefaultHttpResponse(decodeResult: success, version: HTTP/1.1)
HTTP/1.1 200 OK
Content-Length: 36820
Content-Type: application/json; charset=utf-8
cache-control: no-cache

18:24:19.378 [AsyncHttpClient-1-5] DEBUG org.asynchttpclient.netty.channel.ChannelManager - Adding key: http://localhost:31548 for channel [id: 0x14ca3281, L:/127.0.0.1:52080 - R:localhost/127.0.0.1:31548]
18:24:19.380 [main] DEBUG net.serenitybdd.core.photography.Darkroom - Send negative for processing for target\site\serenity\3cb7d995dad9dbeba1eca7b62002d54c8236f3726a5b6b0975f77d96ff504188.png
18:24:19.380 [main] DEBUG net.thucydides.core.steps.StepInterceptor - STEP DONE: inputPassword
18:24:19.380 [Darkroom Processing Line] DEBUG net.serenitybdd.core.photography.DarkroomProcessingLine - Processing screenshot image in /var/screenshots/screenshot-5347857822761909783
18:24:19.380 [Darkroom Processing Line] DEBUG net.serenitybdd.core.photography.DarkroomProcessingLine - Saving screenshot to target\site\serenity\3cb7d995dad9dbeba1eca7b62002d54c8236f3726a5b6b0975f77d96ff504188.png
  &amp#27;[32mAnd &amp#27;[0m&amp#27;[32mI type incorrect password&amp#27;[0m                  &amp#27;[90m# starter.stepdefinitions.LoginSteps.inputIncorrectPassword()&amp#27;[0m
18:24:19.386 [Forwarding getPageSource on session d860bfa9fe08925d5a631b5f04d03f7b to remote] DEBUG org.asynchttpclient.netty.request.NettyRequestSender - Using pooled Channel '[id: 0x14ca3281, L:/127.0.0.1:52080 - R:localhost/127.0.0.1:31548]' for 'POST' to 'http://localhost:31548/session/d860bfa9fe08925d5a631b5f04d03f7b/execute/sync'
18:24:19.387 [Forwarding getPageSource on session d860bfa9fe08925d5a631b5f04d03f7b to remote] DEBUG org.asynchttpclient.netty.request.NettyRequestSender - Using open Channel [id: 0x14ca3281, L:/127.0.0.1:52080 - R:localhost/127.0.0.1:31548] for POST '/session/d860bfa9fe08925d5a631b5f04d03f7b/execute/sync'
18:24:19.390 [AsyncHttpClient-1-5] DEBUG org.asynchttpclient.netty.handler.HttpHandler - 

Request DefaultHttpRequest(decodeResult: success, version: HTTP/1.1)
POST /session/d860bfa9fe08925d5a631b5f04d03f7b/execute/sync HTTP/1.1
User-Agent: selenium/4.8.1 (java windows)
Content-Length: 176
Content-Type: application/json; charset=utf-8
host: localhost:31548
accept: */*

Response DefaultHttpResponse(decodeResult: success, version: HTTP/1.1)
HTTP/1.1 200 OK
Content-Length: 9134
Content-Type: application/json; charset=utf-8
cache-control: no-cache

18:24:19.391 [AsyncHttpClient-1-5] DEBUG org.asynchttpclient.netty.channel.ChannelManager - Adding key: http://localhost:31548 for channel [id: 0x14ca3281, L:/127.0.0.1:52080 - R:localhost/127.0.0.1:31548]
18:24:19.391 [Forwarding getCurrentUrl on session d860bfa9fe08925d5a631b5f04d03f7b to remote] DEBUG org.asynchttpclient.netty.request.NettyRequestSender - Using pooled Channel '[id: 0x14ca3281, L:/127.0.0.1:52080 - R:localhost/127.0.0.1:31548]' for 'GET' to 'http://localhost:31548/session/d860bfa9fe08925d5a631b5f04d03f7b/url'
18:24:19.391 [Forwarding getCurrentUrl on session d860bfa9fe08925d5a631b5f04d03f7b to remote] DEBUG org.asynchttpclient.netty.request.NettyRequestSender - Using open Channel [id: 0x14ca3281, L:/127.0.0.1:52080 - R:localhost/127.0.0.1:31548] for GET '/session/d860bfa9fe08925d5a631b5f04d03f7b/url'
18:24:19.395 [AsyncHttpClient-1-5] DEBUG org.asynchttpclient.netty.handler.HttpHandler - 

Request DefaultFullHttpRequest(decodeResult: success, version: HTTP/1.1, content: EmptyByteBufBE)
GET /session/d860bfa9fe08925d5a631b5f04d03f7b/url HTTP/1.1
User-Agent: selenium/4.8.1 (java windows)
Cache-Control: no-cache
Content-Type: application/json; charset=utf-8
host: localhost:31548
accept: */*

Response DefaultHttpResponse(decodeResult: success, version: HTTP/1.1)
HTTP/1.1 200 OK
Content-Length: 45
Content-Type: application/json; charset=utf-8
cache-control: no-cache

18:24:19.395 [AsyncHttpClient-1-5] DEBUG org.asynchttpclient.netty.channel.ChannelManager - Adding key: http://localhost:31548 for channel [id: 0x14ca3281, L:/127.0.0.1:52080 - R:localhost/127.0.0.1:31548]
18:24:19.401 [Forwarding getPageSource on session d860bfa9fe08925d5a631b5f04d03f7b to remote] DEBUG org.asynchttpclient.netty.request.NettyRequestSender - Using pooled Channel '[id: 0x14ca3281, L:/127.0.0.1:52080 - R:localhost/127.0.0.1:31548]' for 'POST' to 'http://localhost:31548/session/d860bfa9fe08925d5a631b5f04d03f7b/execute/sync'
18:24:19.401 [Forwarding getPageSource on session d860bfa9fe08925d5a631b5f04d03f7b to remote] DEBUG org.asynchttpclient.netty.request.NettyRequestSender - Using open Channel [id: 0x14ca3281, L:/127.0.0.1:52080 - R:localhost/127.0.0.1:31548] for POST '/session/d860bfa9fe08925d5a631b5f04d03f7b/execute/sync'
18:24:19.405 [AsyncHttpClient-1-5] DEBUG org.asynchttpclient.netty.handler.HttpHandler - 

Request DefaultHttpRequest(decodeResult: success, version: HTTP/1.1)
POST /session/d860bfa9fe08925d5a631b5f04d03f7b/execute/sync HTTP/1.1
User-Agent: selenium/4.8.1 (java windows)
Content-Length: 176
Content-Type: application/json; charset=utf-8
host: localhost:31548
accept: */*

Response DefaultHttpResponse(decodeResult: success, version: HTTP/1.1)
HTTP/1.1 200 OK
Content-Length: 9134
Content-Type: application/json; charset=utf-8
cache-control: no-cache

18:24:19.405 [AsyncHttpClient-1-5] DEBUG org.asynchttpclient.netty.channel.ChannelManager - Adding key: http://localhost:31548 for channel [id: 0x14ca3281, L:/127.0.0.1:52080 - R:localhost/127.0.0.1:31548]
18:24:19.406 [Forwarding getCurrentUrl on session d860bfa9fe08925d5a631b5f04d03f7b to remote] DEBUG org.asynchttpclient.netty.request.NettyRequestSender - Using pooled Channel '[id: 0x14ca3281, L:/127.0.0.1:52080 - R:localhost/127.0.0.1:31548]' for 'GET' to 'http://localhost:31548/session/d860bfa9fe08925d5a631b5f04d03f7b/url'
18:24:19.406 [Forwarding getCurrentUrl on session d860bfa9fe08925d5a631b5f04d03f7b to remote] DEBUG org.asynchttpclient.netty.request.NettyRequestSender - Using open Channel [id: 0x14ca3281, L:/127.0.0.1:52080 - R:localhost/127.0.0.1:31548] for GET '/session/d860bfa9fe08925d5a631b5f04d03f7b/url'
18:24:19.410 [AsyncHttpClient-1-5] DEBUG org.asynchttpclient.netty.handler.HttpHandler - 

Request DefaultFullHttpRequest(decodeResult: success, version: HTTP/1.1, content: EmptyByteBufBE)
GET /session/d860bfa9fe08925d5a631b5f04d03f7b/url HTTP/1.1
User-Agent: selenium/4.8.1 (java windows)
Cache-Control: no-cache
Content-Type: application/json; charset=utf-8
host: localhost:31548
accept: */*

Response DefaultHttpResponse(decodeResult: success, version: HTTP/1.1)
HTTP/1.1 200 OK
Content-Length: 45
Content-Type: application/json; charset=utf-8
cache-control: no-cache

18:24:19.410 [AsyncHttpClient-1-5] DEBUG org.asynchttpclient.netty.channel.ChannelManager - Adding key: http://localhost:31548 for channel [id: 0x14ca3281, L:/127.0.0.1:52080 - R:localhost/127.0.0.1:31548]
18:24:19.412 [main] DEBUG net.thucydides.core.steps.StepInterceptor - STARTING STEP: LoginSteps.clickLoginButton - clickLoginButton
18:24:19.413 [Forwarding findElement on session d860bfa9fe08925d5a631b5f04d03f7b to remote] DEBUG org.asynchttpclient.netty.request.NettyRequestSender - Using pooled Channel '[id: 0x14ca3281, L:/127.0.0.1:52080 - R:localhost/127.0.0.1:31548]' for 'POST' to 'http://localhost:31548/session/d860bfa9fe08925d5a631b5f04d03f7b/element'
18:24:19.414 [Forwarding findElement on session d860bfa9fe08925d5a631b5f04d03f7b to remote] DEBUG org.asynchttpclient.netty.request.NettyRequestSender - Using open Channel [id: 0x14ca3281, L:/127.0.0.1:52080 - R:localhost/127.0.0.1:31548] for POST '/session/d860bfa9fe08925d5a631b5f04d03f7b/element'
18:24:19.424 [AsyncHttpClient-1-5] DEBUG org.asynchttpclient.netty.handler.HttpHandler - 

Request DefaultHttpRequest(decodeResult: success, version: HTTP/1.1)
POST /session/d860bfa9fe08925d5a631b5f04d03f7b/element HTTP/1.1
User-Agent: selenium/4.8.1 (java windows)
Content-Length: 63
Content-Type: application/json; charset=utf-8
host: localhost:31548
accept: */*

Response DefaultHttpResponse(decodeResult: success, version: HTTP/1.1)
HTTP/1.1 200 OK
Content-Length: 95
Content-Type: application/json; charset=utf-8
cache-control: no-cache

18:24:19.424 [AsyncHttpClient-1-5] DEBUG org.asynchttpclient.netty.channel.ChannelManager - Adding key: http://localhost:31548 for channel [id: 0x14ca3281, L:/127.0.0.1:52080 - R:localhost/127.0.0.1:31548]
18:24:19.425 [Forwarding getElementTagName on session d860bfa9fe08925d5a631b5f04d03f7b to remote] DEBUG org.asynchttpclient.netty.request.NettyRequestSender - Using pooled Channel '[id: 0x14ca3281, L:/127.0.0.1:52080 - R:localhost/127.0.0.1:31548]' for 'GET' to 'http://localhost:31548/session/d860bfa9fe08925d5a631b5f04d03f7b/element/82E34F3B242D5F2E4AA648D81AA2A852_element_11/name'
18:24:19.425 [Forwarding getElementTagName on session d860bfa9fe08925d5a631b5f04d03f7b to remote] DEBUG org.asynchttpclient.netty.request.NettyRequestSender - Using open Channel [id: 0x14ca3281, L:/127.0.0.1:52080 - R:localhost/127.0.0.1:31548] for GET '/session/d860bfa9fe08925d5a631b5f04d03f7b/element/82E34F3B242D5F2E4AA648D81AA2A852_element_11/name'
18:24:19.429 [AsyncHttpClient-1-5] DEBUG org.asynchttpclient.netty.handler.HttpHandler - 

Request DefaultFullHttpRequest(decodeResult: success, version: HTTP/1.1, content: EmptyByteBufBE)
GET /session/d860bfa9fe08925d5a631b5f04d03f7b/element/82E34F3B242D5F2E4AA648D81AA2A852_element_11/name HTTP/1.1
User-Agent: selenium/4.8.1 (java windows)
Cache-Control: no-cache
Content-Type: application/json; charset=utf-8
host: localhost:31548
accept: */*

Response DefaultHttpResponse(decodeResult: success, version: HTTP/1.1)
HTTP/1.1 200 OK
Content-Length: 18
Content-Type: application/json; charset=utf-8
cache-control: no-cache

18:24:19.429 [AsyncHttpClient-1-5] DEBUG org.asynchttpclient.netty.channel.ChannelManager - Adding key: http://localhost:31548 for channel [id: 0x14ca3281, L:/127.0.0.1:52080 - R:localhost/127.0.0.1:31548]
18:24:19.430 [Forwarding getElementTagName on session d860bfa9fe08925d5a631b5f04d03f7b to remote] DEBUG org.asynchttpclient.netty.request.NettyRequestSender - Using pooled Channel '[id: 0x14ca3281, L:/127.0.0.1:52080 - R:localhost/127.0.0.1:31548]' for 'GET' to 'http://localhost:31548/session/d860bfa9fe08925d5a631b5f04d03f7b/element/82E34F3B242D5F2E4AA648D81AA2A852_element_11/name'
18:24:19.430 [Forwarding getElementTagName on session d860bfa9fe08925d5a631b5f04d03f7b to remote] DEBUG org.asynchttpclient.netty.request.NettyRequestSender - Using open Channel [id: 0x14ca3281, L:/127.0.0.1:52080 - R:localhost/127.0.0.1:31548] for GET '/session/d860bfa9fe08925d5a631b5f04d03f7b/element/82E34F3B242D5F2E4AA648D81AA2A852_element_11/name'
18:24:19.433 [AsyncHttpClient-1-5] DEBUG org.asynchttpclient.netty.handler.HttpHandler - 

Request DefaultFullHttpRequest(decodeResult: success, version: HTTP/1.1, content: EmptyByteBufBE)
GET /session/d860bfa9fe08925d5a631b5f04d03f7b/element/82E34F3B242D5F2E4AA648D81AA2A852_element_11/name HTTP/1.1
User-Agent: selenium/4.8.1 (java windows)
Cache-Control: no-cache
Content-Type: application/json; charset=utf-8
host: localhost:31548
accept: */*

Response DefaultHttpResponse(decodeResult: success, version: HTTP/1.1)
HTTP/1.1 200 OK
Content-Length: 18
Content-Type: application/json; charset=utf-8
cache-control: no-cache

18:24:19.433 [AsyncHttpClient-1-5] DEBUG org.asynchttpclient.netty.channel.ChannelManager - Adding key: http://localhost:31548 for channel [id: 0x14ca3281, L:/127.0.0.1:52080 - R:localhost/127.0.0.1:31548]
18:24:19.436 [Forwarding isElementEnabled on session d860bfa9fe08925d5a631b5f04d03f7b to remote] DEBUG org.asynchttpclient.netty.request.NettyRequestSender - Using pooled Channel '[id: 0x14ca3281, L:/127.0.0.1:52080 - R:localhost/127.0.0.1:31548]' for 'GET' to 'http://localhost:31548/session/d860bfa9fe08925d5a631b5f04d03f7b/element/82E34F3B242D5F2E4AA648D81AA2A852_element_11/enabled'
18:24:19.436 [Forwarding isElementEnabled on session d860bfa9fe08925d5a631b5f04d03f7b to remote] DEBUG org.asynchttpclient.netty.request.NettyRequestSender - Using open Channel [id: 0x14ca3281, L:/127.0.0.1:52080 - R:localhost/127.0.0.1:31548] for GET '/session/d860bfa9fe08925d5a631b5f04d03f7b/element/82E34F3B242D5F2E4AA648D81AA2A852_element_11/enabled'
18:24:19.441 [AsyncHttpClient-1-5] DEBUG org.asynchttpclient.netty.handler.HttpHandler - 

Request DefaultFullHttpRequest(decodeResult: success, version: HTTP/1.1, content: EmptyByteBufBE)
GET /session/d860bfa9fe08925d5a631b5f04d03f7b/element/82E34F3B242D5F2E4AA648D81AA2A852_element_11/enabled HTTP/1.1
User-Agent: selenium/4.8.1 (java windows)
Cache-Control: no-cache
Content-Type: application/json; charset=utf-8
host: localhost:31548
accept: */*

Response DefaultHttpResponse(decodeResult: success, version: HTTP/1.1)
HTTP/1.1 200 OK
Content-Length: 14
Content-Type: application/json; charset=utf-8
cache-control: no-cache

18:24:19.441 [AsyncHttpClient-1-5] DEBUG org.asynchttpclient.netty.channel.ChannelManager - Adding key: http://localhost:31548 for channel [id: 0x14ca3281, L:/127.0.0.1:52080 - R:localhost/127.0.0.1:31548]
18:24:19.442 [Forwarding isElementEnabled on session d860bfa9fe08925d5a631b5f04d03f7b to remote] DEBUG org.asynchttpclient.netty.request.NettyRequestSender - Using pooled Channel '[id: 0x14ca3281, L:/127.0.0.1:52080 - R:localhost/127.0.0.1:31548]' for 'GET' to 'http://localhost:31548/session/d860bfa9fe08925d5a631b5f04d03f7b/element/82E34F3B242D5F2E4AA648D81AA2A852_element_11/enabled'
18:24:19.442 [Forwarding isElementEnabled on session d860bfa9fe08925d5a631b5f04d03f7b to remote] DEBUG org.asynchttpclient.netty.request.NettyRequestSender - Using open Channel [id: 0x14ca3281, L:/127.0.0.1:52080 - R:localhost/127.0.0.1:31548] for GET '/session/d860bfa9fe08925d5a631b5f04d03f7b/element/82E34F3B242D5F2E4AA648D81AA2A852_element_11/enabled'
18:24:19.448 [AsyncHttpClient-1-5] DEBUG org.asynchttpclient.netty.handler.HttpHandler - 

Request DefaultFullHttpRequest(decodeResult: success, version: HTTP/1.1, content: EmptyByteBufBE)
GET /session/d860bfa9fe08925d5a631b5f04d03f7b/element/82E34F3B242D5F2E4AA648D81AA2A852_element_11/enabled HTTP/1.1
User-Agent: selenium/4.8.1 (java windows)
Cache-Control: no-cache
Content-Type: application/json; charset=utf-8
host: localhost:31548
accept: */*

Response DefaultHttpResponse(decodeResult: success, version: HTTP/1.1)
HTTP/1.1 200 OK
Content-Length: 14
Content-Type: application/json; charset=utf-8
cache-control: no-cache

18:24:19.448 [AsyncHttpClient-1-5] DEBUG org.asynchttpclient.netty.channel.ChannelManager - Adding key: http://localhost:31548 for channel [id: 0x14ca3281, L:/127.0.0.1:52080 - R:localhost/127.0.0.1:31548]
18:24:19.450 [Forwarding findElement on session d860bfa9fe08925d5a631b5f04d03f7b to remote] DEBUG org.asynchttpclient.netty.request.NettyRequestSender - Using pooled Channel '[id: 0x14ca3281, L:/127.0.0.1:52080 - R:localhost/127.0.0.1:31548]' for 'POST' to 'http://localhost:31548/session/d860bfa9fe08925d5a631b5f04d03f7b/element'
18:24:19.450 [Forwarding findElement on session d860bfa9fe08925d5a631b5f04d03f7b to remote] DEBUG org.asynchttpclient.netty.request.NettyRequestSender - Using open Channel [id: 0x14ca3281, L:/127.0.0.1:52080 - R:localhost/127.0.0.1:31548] for POST '/session/d860bfa9fe08925d5a631b5f04d03f7b/element'
18:24:19.460 [AsyncHttpClient-1-5] DEBUG org.asynchttpclient.netty.handler.HttpHandler - 

Request DefaultHttpRequest(decodeResult: success, version: HTTP/1.1)
POST /session/d860bfa9fe08925d5a631b5f04d03f7b/element HTTP/1.1
User-Agent: selenium/4.8.1 (java windows)
Content-Length: 63
Content-Type: application/json; charset=utf-8
host: localhost:31548
accept: */*

Response DefaultHttpResponse(decodeResult: success, version: HTTP/1.1)
HTTP/1.1 200 OK
Content-Length: 95
Content-Type: application/json; charset=utf-8
cache-control: no-cache

18:24:19.460 [AsyncHttpClient-1-5] DEBUG org.asynchttpclient.netty.channel.ChannelManager - Adding key: http://localhost:31548 for channel [id: 0x14ca3281, L:/127.0.0.1:52080 - R:localhost/127.0.0.1:31548]
18:24:19.462 [Forwarding clickElement on session d860bfa9fe08925d5a631b5f04d03f7b to remote] DEBUG org.asynchttpclient.netty.request.NettyRequestSender - Using pooled Channel '[id: 0x14ca3281, L:/127.0.0.1:52080 - R:localhost/127.0.0.1:31548]' for 'POST' to 'http://localhost:31548/session/d860bfa9fe08925d5a631b5f04d03f7b/element/82E34F3B242D5F2E4AA648D81AA2A852_element_11/click'
18:24:19.462 [Forwarding clickElement on session d860bfa9fe08925d5a631b5f04d03f7b to remote] DEBUG org.asynchttpclient.netty.request.NettyRequestSender - Using open Channel [id: 0x14ca3281, L:/127.0.0.1:52080 - R:localhost/127.0.0.1:31548] for POST '/session/d860bfa9fe08925d5a631b5f04d03f7b/element/82E34F3B242D5F2E4AA648D81AA2A852_element_11/click'
18:24:19.516 [AsyncHttpClient-1-5] DEBUG org.asynchttpclient.netty.handler.HttpHandler - 

Request DefaultHttpRequest(decodeResult: success, version: HTTP/1.1)
POST /session/d860bfa9fe08925d5a631b5f04d03f7b/element/82E34F3B242D5F2E4AA648D81AA2A852_element_11/click HTTP/1.1
User-Agent: selenium/4.8.1 (java windows)
Content-Length: 57
Content-Type: application/json; charset=utf-8
host: localhost:31548
accept: */*

Response DefaultHttpResponse(decodeResult: success, version: HTTP/1.1)
HTTP/1.1 200 OK
Content-Length: 14
Content-Type: application/json; charset=utf-8
cache-control: no-cache

18:24:19.516 [AsyncHttpClient-1-5] DEBUG org.asynchttpclient.netty.channel.ChannelManager - Adding key: http://localhost:31548 for channel [id: 0x14ca3281, L:/127.0.0.1:52080 - R:localhost/127.0.0.1:31548]
18:24:19.520 [Forwarding getAlertText on session d860bfa9fe08925d5a631b5f04d03f7b to remote] DEBUG org.asynchttpclient.netty.request.NettyRequestSender - Using pooled Channel '[id: 0x14ca3281, L:/127.0.0.1:52080 - R:localhost/127.0.0.1:31548]' for 'GET' to 'http://localhost:31548/session/d860bfa9fe08925d5a631b5f04d03f7b/alert/text'
18:24:19.520 [Forwarding getAlertText on session d860bfa9fe08925d5a631b5f04d03f7b to remote] DEBUG org.asynchttpclient.netty.request.NettyRequestSender - Using open Channel [id: 0x14ca3281, L:/127.0.0.1:52080 - R:localhost/127.0.0.1:31548] for GET '/session/d860bfa9fe08925d5a631b5f04d03f7b/alert/text'
18:24:19.521 [AsyncHttpClient-1-5] DEBUG org.asynchttpclient.netty.handler.HttpHandler - 

Request DefaultFullHttpRequest(decodeResult: success, version: HTTP/1.1, content: EmptyByteBufBE)
GET /session/d860bfa9fe08925d5a631b5f04d03f7b/alert/text HTTP/1.1
User-Agent: selenium/4.8.1 (java windows)
Cache-Control: no-cache
Content-Type: application/json; charset=utf-8
host: localhost:31548
accept: */*

Response DefaultHttpResponse(decodeResult: success, version: HTTP/1.1)
HTTP/1.1 404 Not Found
Content-Length: 821
Content-Type: application/json; charset=utf-8
cache-control: no-cache

18:24:19.522 [AsyncHttpClient-1-5] DEBUG org.asynchttpclient.netty.channel.ChannelManager - Adding key: http://localhost:31548 for channel [id: 0x14ca3281, L:/127.0.0.1:52080 - R:localhost/127.0.0.1:31548]
18:24:19.524 [Forwarding getCurrentUrl on session d860bfa9fe08925d5a631b5f04d03f7b to remote] DEBUG org.asynchttpclient.netty.request.NettyRequestSender - Using pooled Channel '[id: 0x14ca3281, L:/127.0.0.1:52080 - R:localhost/127.0.0.1:31548]' for 'GET' to 'http://localhost:31548/session/d860bfa9fe08925d5a631b5f04d03f7b/url'
18:24:19.524 [Forwarding getCurrentUrl on session d860bfa9fe08925d5a631b5f04d03f7b to remote] DEBUG org.asynchttpclient.netty.request.NettyRequestSender - Using open Channel [id: 0x14ca3281, L:/127.0.0.1:52080 - R:localhost/127.0.0.1:31548] for GET '/session/d860bfa9fe08925d5a631b5f04d03f7b/url'
18:24:19.528 [AsyncHttpClient-1-5] DEBUG org.asynchttpclient.netty.handler.HttpHandler - 

Request DefaultFullHttpRequest(decodeResult: success, version: HTTP/1.1, content: EmptyByteBufBE)
GET /session/d860bfa9fe08925d5a631b5f04d03f7b/url HTTP/1.1
User-Agent: selenium/4.8.1 (java windows)
Cache-Control: no-cache
Content-Type: application/json; charset=utf-8
host: localhost:31548
accept: */*

Response DefaultHttpResponse(decodeResult: success, version: HTTP/1.1)
HTTP/1.1 200 OK
Content-Length: 45
Content-Type: application/json; charset=utf-8
cache-control: no-cache

18:24:19.528 [AsyncHttpClient-1-5] DEBUG org.asynchttpclient.netty.channel.ChannelManager - Adding key: http://localhost:31548 for channel [id: 0x14ca3281, L:/127.0.0.1:52080 - R:localhost/127.0.0.1:31548]
18:24:19.529 [Forwarding screenshot on session d860bfa9fe08925d5a631b5f04d03f7b to remote] DEBUG org.asynchttpclient.netty.request.NettyRequestSender - Using pooled Channel '[id: 0x14ca3281, L:/127.0.0.1:52080 - R:localhost/127.0.0.1:31548]' for 'GET' to 'http://localhost:31548/session/d860bfa9fe08925d5a631b5f04d03f7b/screenshot'
18:24:19.529 [Forwarding screenshot on session d860bfa9fe08925d5a631b5f04d03f7b to remote] DEBUG org.asynchttpclient.netty.request.NettyRequestSender - Using open Channel [id: 0x14ca3281, L:/127.0.0.1:52080 - R:localhost/127.0.0.1:31548] for GET '/session/d860bfa9fe08925d5a631b5f04d03f7b/screenshot'
18:24:19.631 [AsyncHttpClient-1-5] DEBUG org.asynchttpclient.netty.handler.HttpHandler - 

Request DefaultFullHttpRequest(decodeResult: success, version: HTTP/1.1, content: EmptyByteBufBE)
GET /session/d860bfa9fe08925d5a631b5f04d03f7b/screenshot HTTP/1.1
User-Agent: selenium/4.8.1 (java windows)
Cache-Control: no-cache
Content-Type: application/json; charset=utf-8
host: localhost:31548
accept: */*

Response DefaultHttpResponse(decodeResult: success, version: HTTP/1.1)
HTTP/1.1 200 OK
Content-Length: 35192
Content-Type: application/json; charset=utf-8
cache-control: no-cache

18:24:19.632 [AsyncHttpClient-1-5] DEBUG org.asynchttpclient.netty.channel.ChannelManager - Adding key: http://localhost:31548 for channel [id: 0x14ca3281, L:/127.0.0.1:52080 - R:localhost/127.0.0.1:31548]
18:24:19.636 [main] DEBUG net.serenitybdd.core.photography.Darkroom - Send negative for processing for target\site\serenity\b9091e66e60acadbbea91715a97cd61e9c38839f2884808e00b38c3e571ee141.png
18:24:19.637 [main] DEBUG net.thucydides.core.steps.StepInterceptor - STEP DONE: clickLoginButton
18:24:19.637 [Darkroom Processing Line] DEBUG net.serenitybdd.core.photography.DarkroomProcessingLine - Processing screenshot image in /var/screenshots/screenshot-7063221403431226810
18:24:19.637 [Darkroom Processing Line] DEBUG net.serenitybdd.core.photography.DarkroomProcessingLine - Saving screenshot to target\site\serenity\b9091e66e60acadbbea91715a97cd61e9c38839f2884808e00b38c3e571ee141.png
  &amp#27;[32mWhen &amp#27;[0m&amp#27;[32mI click on the login button&amp#27;[0m               &amp#27;[90m# starter.stepdefinitions.LoginSteps.clickLoginButton()&amp#27;[0m
18:24:19.643 [Forwarding getPageSource on session d860bfa9fe08925d5a631b5f04d03f7b to remote] DEBUG org.asynchttpclient.netty.request.NettyRequestSender - Using pooled Channel '[id: 0x14ca3281, L:/127.0.0.1:52080 - R:localhost/127.0.0.1:31548]' for 'POST' to 'http://localhost:31548/session/d860bfa9fe08925d5a631b5f04d03f7b/execute/sync'
18:24:19.643 [Forwarding getPageSource on session d860bfa9fe08925d5a631b5f04d03f7b to remote] DEBUG org.asynchttpclient.netty.request.NettyRequestSender - Using open Channel [id: 0x14ca3281, L:/127.0.0.1:52080 - R:localhost/127.0.0.1:31548] for POST '/session/d860bfa9fe08925d5a631b5f04d03f7b/execute/sync'
18:24:19.648 [AsyncHttpClient-1-5] DEBUG org.asynchttpclient.netty.handler.HttpHandler - 

Request DefaultHttpRequest(decodeResult: success, version: HTTP/1.1)
POST /session/d860bfa9fe08925d5a631b5f04d03f7b/execute/sync HTTP/1.1
User-Agent: selenium/4.8.1 (java windows)
Content-Length: 176
Content-Type: application/json; charset=utf-8
host: localhost:31548
accept: */*

Response DefaultHttpResponse(decodeResult: success, version: HTTP/1.1)
HTTP/1.1 200 OK
Content-Length: 9114
Content-Type: application/json; charset=utf-8
cache-control: no-cache

18:24:19.649 [AsyncHttpClient-1-5] DEBUG org.asynchttpclient.netty.channel.ChannelManager - Adding key: http://localhost:31548 for channel [id: 0x14ca3281, L:/127.0.0.1:52080 - R:localhost/127.0.0.1:31548]
18:24:19.651 [Forwarding getCurrentUrl on session d860bfa9fe08925d5a631b5f04d03f7b to remote] DEBUG org.asynchttpclient.netty.request.NettyRequestSender - Using pooled Channel '[id: 0x14ca3281, L:/127.0.0.1:52080 - R:localhost/127.0.0.1:31548]' for 'GET' to 'http://localhost:31548/session/d860bfa9fe08925d5a631b5f04d03f7b/url'
18:24:19.651 [Forwarding getCurrentUrl on session d860bfa9fe08925d5a631b5f04d03f7b to remote] DEBUG org.asynchttpclient.netty.request.NettyRequestSender - Using open Channel [id: 0x14ca3281, L:/127.0.0.1:52080 - R:localhost/127.0.0.1:31548] for GET '/session/d860bfa9fe08925d5a631b5f04d03f7b/url'
18:24:19.656 [AsyncHttpClient-1-5] DEBUG org.asynchttpclient.netty.handler.HttpHandler - 

Request DefaultFullHttpRequest(decodeResult: success, version: HTTP/1.1, content: EmptyByteBufBE)
GET /session/d860bfa9fe08925d5a631b5f04d03f7b/url HTTP/1.1
User-Agent: selenium/4.8.1 (java windows)
Cache-Control: no-cache
Content-Type: application/json; charset=utf-8
host: localhost:31548
accept: */*

Response DefaultHttpResponse(decodeResult: success, version: HTTP/1.1)
HTTP/1.1 200 OK
Content-Length: 45
Content-Type: application/json; charset=utf-8
cache-control: no-cache

18:24:19.656 [AsyncHttpClient-1-5] DEBUG org.asynchttpclient.netty.channel.ChannelManager - Adding key: http://localhost:31548 for channel [id: 0x14ca3281, L:/127.0.0.1:52080 - R:localhost/127.0.0.1:31548]
18:24:19.662 [Forwarding getPageSource on session d860bfa9fe08925d5a631b5f04d03f7b to remote] DEBUG org.asynchttpclient.netty.request.NettyRequestSender - Using pooled Channel '[id: 0x14ca3281, L:/127.0.0.1:52080 - R:localhost/127.0.0.1:31548]' for 'POST' to 'http://localhost:31548/session/d860bfa9fe08925d5a631b5f04d03f7b/execute/sync'
18:24:19.662 [Forwarding getPageSource on session d860bfa9fe08925d5a631b5f04d03f7b to remote] DEBUG org.asynchttpclient.netty.request.NettyRequestSender - Using open Channel [id: 0x14ca3281, L:/127.0.0.1:52080 - R:localhost/127.0.0.1:31548] for POST '/session/d860bfa9fe08925d5a631b5f04d03f7b/execute/sync'
18:24:19.667 [AsyncHttpClient-1-5] DEBUG org.asynchttpclient.netty.handler.HttpHandler - 

Request DefaultHttpRequest(decodeResult: success, version: HTTP/1.1)
POST /session/d860bfa9fe08925d5a631b5f04d03f7b/execute/sync HTTP/1.1
User-Agent: selenium/4.8.1 (java windows)
Content-Length: 176
Content-Type: application/json; charset=utf-8
host: localhost:31548
accept: */*

Response DefaultHttpResponse(decodeResult: success, version: HTTP/1.1)
HTTP/1.1 200 OK
Content-Length: 9114
Content-Type: application/json; charset=utf-8
cache-control: no-cache

18:24:19.668 [AsyncHttpClient-1-5] DEBUG org.asynchttpclient.netty.channel.ChannelManager - Adding key: http://localhost:31548 for channel [id: 0x14ca3281, L:/127.0.0.1:52080 - R:localhost/127.0.0.1:31548]
18:24:19.669 [Forwarding getCurrentUrl on session d860bfa9fe08925d5a631b5f04d03f7b to remote] DEBUG org.asynchttpclient.netty.request.NettyRequestSender - Using pooled Channel '[id: 0x14ca3281, L:/127.0.0.1:52080 - R:localhost/127.0.0.1:31548]' for 'GET' to 'http://localhost:31548/session/d860bfa9fe08925d5a631b5f04d03f7b/url'
18:24:19.669 [Forwarding getCurrentUrl on session d860bfa9fe08925d5a631b5f04d03f7b to remote] DEBUG org.asynchttpclient.netty.request.NettyRequestSender - Using open Channel [id: 0x14ca3281, L:/127.0.0.1:52080 - R:localhost/127.0.0.1:31548] for GET '/session/d860bfa9fe08925d5a631b5f04d03f7b/url'
18:24:19.676 [AsyncHttpClient-1-5] DEBUG org.asynchttpclient.netty.handler.HttpHandler - 

Request DefaultFullHttpRequest(decodeResult: success, version: HTTP/1.1, content: EmptyByteBufBE)
GET /session/d860bfa9fe08925d5a631b5f04d03f7b/url HTTP/1.1
User-Agent: selenium/4.8.1 (java windows)
Cache-Control: no-cache
Content-Type: application/json; charset=utf-8
host: localhost:31548
accept: */*

Response DefaultHttpResponse(decodeResult: success, version: HTTP/1.1)
HTTP/1.1 200 OK
Content-Length: 45
Content-Type: application/json; charset=utf-8
cache-control: no-cache

18:24:19.676 [AsyncHttpClient-1-5] DEBUG org.asynchttpclient.netty.channel.ChannelManager - Adding key: http://localhost:31548 for channel [id: 0x14ca3281, L:/127.0.0.1:52080 - R:localhost/127.0.0.1:31548]
18:24:19.678 [main] DEBUG net.thucydides.core.steps.StepInterceptor - STARTING STEP: LoginSteps.checkIncorrectAlert - checkIncorrectAlert
18:24:19.680 [Forwarding findElement on session d860bfa9fe08925d5a631b5f04d03f7b to remote] DEBUG org.asynchttpclient.netty.request.NettyRequestSender - Using pooled Channel '[id: 0x14ca3281, L:/127.0.0.1:52080 - R:localhost/127.0.0.1:31548]' for 'POST' to 'http://localhost:31548/session/d860bfa9fe08925d5a631b5f04d03f7b/element'
18:24:19.680 [Forwarding findElement on session d860bfa9fe08925d5a631b5f04d03f7b to remote] DEBUG org.asynchttpclient.netty.request.NettyRequestSender - Using open Channel [id: 0x14ca3281, L:/127.0.0.1:52080 - R:localhost/127.0.0.1:31548] for POST '/session/d860bfa9fe08925d5a631b5f04d03f7b/element'
18:24:20.008 [AsyncHttpClient-1-1] DEBUG org.asynchttpclient.netty.channel.DefaultChannelPool - Entry count for : http://localhost:52081 : 1
18:24:21.110 [AsyncHttpClient-1-1] DEBUG org.asynchttpclient.netty.channel.DefaultChannelPool - Entry count for : http://localhost:52081 : 1
18:24:21.549 [AsyncHttpClient-1-5] DEBUG org.asynchttpclient.netty.handler.HttpHandler - 

Request DefaultHttpRequest(decodeResult: success, version: HTTP/1.1)
POST /session/d860bfa9fe08925d5a631b5f04d03f7b/element HTTP/1.1
User-Agent: selenium/4.8.1 (java windows)
Content-Length: 123
Content-Type: application/json; charset=utf-8
host: localhost:31548
accept: */*

Response DefaultHttpResponse(decodeResult: success, version: HTTP/1.1)
HTTP/1.1 200 OK
Content-Length: 95
Content-Type: application/json; charset=utf-8
cache-control: no-cache

18:24:21.549 [AsyncHttpClient-1-5] DEBUG org.asynchttpclient.netty.channel.ChannelManager - Adding key: http://localhost:31548 for channel [id: 0x14ca3281, L:/127.0.0.1:52080 - R:localhost/127.0.0.1:31548]
18:24:21.551 [Forwarding isElementDisplayed on session d860bfa9fe08925d5a631b5f04d03f7b to remote] DEBUG org.asynchttpclient.netty.request.NettyRequestSender - Using pooled Channel '[id: 0x14ca3281, L:/127.0.0.1:52080 - R:localhost/127.0.0.1:31548]' for 'POST' to 'http://localhost:31548/session/d860bfa9fe08925d5a631b5f04d03f7b/execute/sync'
18:24:21.551 [Forwarding isElementDisplayed on session d860bfa9fe08925d5a631b5f04d03f7b to remote] DEBUG org.asynchttpclient.netty.request.NettyRequestSender - Using open Channel [id: 0x14ca3281, L:/127.0.0.1:52080 - R:localhost/127.0.0.1:31548] for POST '/session/d860bfa9fe08925d5a631b5f04d03f7b/execute/sync'
18:24:21.563 [AsyncHttpClient-1-5] DEBUG org.asynchttpclient.netty.handler.HttpHandler - 

Request DefaultHttpRequest(decodeResult: success, version: HTTP/1.1)
POST /session/d860bfa9fe08925d5a631b5f04d03f7b/execute/sync HTTP/1.1
User-Agent: selenium/4.8.1 (java windows)
Content-Length: 48814
Content-Type: application/json; charset=utf-8
host: localhost:31548
accept: */*

Response DefaultHttpResponse(decodeResult: success, version: HTTP/1.1)
HTTP/1.1 200 OK
Content-Length: 15
Content-Type: application/json; charset=utf-8
cache-control: no-cache

18:24:21.563 [AsyncHttpClient-1-5] DEBUG org.asynchttpclient.netty.channel.ChannelManager - Adding key: http://localhost:31548 for channel [id: 0x14ca3281, L:/127.0.0.1:52080 - R:localhost/127.0.0.1:31548]
18:24:21.566 [Forwarding getAlertText on session d860bfa9fe08925d5a631b5f04d03f7b to remote] DEBUG org.asynchttpclient.netty.request.NettyRequestSender - Using pooled Channel '[id: 0x14ca3281, L:/127.0.0.1:52080 - R:localhost/127.0.0.1:31548]' for 'GET' to 'http://localhost:31548/session/d860bfa9fe08925d5a631b5f04d03f7b/alert/text'
18:24:21.568 [Forwarding getAlertText on session d860bfa9fe08925d5a631b5f04d03f7b to remote] DEBUG org.asynchttpclient.netty.request.NettyRequestSender - Using open Channel [id: 0x14ca3281, L:/127.0.0.1:52080 - R:localhost/127.0.0.1:31548] for GET '/session/d860bfa9fe08925d5a631b5f04d03f7b/alert/text'
18:24:21.569 [AsyncHttpClient-1-5] DEBUG org.asynchttpclient.netty.handler.HttpHandler - 

Request DefaultFullHttpRequest(decodeResult: success, version: HTTP/1.1, content: EmptyByteBufBE)
GET /session/d860bfa9fe08925d5a631b5f04d03f7b/alert/text HTTP/1.1
User-Agent: selenium/4.8.1 (java windows)
Cache-Control: no-cache
Content-Type: application/json; charset=utf-8
host: localhost:31548
accept: */*

Response DefaultHttpResponse(decodeResult: success, version: HTTP/1.1)
HTTP/1.1 404 Not Found
Content-Length: 821
Content-Type: application/json; charset=utf-8
cache-control: no-cache

18:24:21.569 [AsyncHttpClient-1-5] DEBUG org.asynchttpclient.netty.channel.ChannelManager - Adding key: http://localhost:31548 for channel [id: 0x14ca3281, L:/127.0.0.1:52080 - R:localhost/127.0.0.1:31548]
18:24:21.570 [Forwarding getCurrentUrl on session d860bfa9fe08925d5a631b5f04d03f7b to remote] DEBUG org.asynchttpclient.netty.request.NettyRequestSender - Using pooled Channel '[id: 0x14ca3281, L:/127.0.0.1:52080 - R:localhost/127.0.0.1:31548]' for 'GET' to 'http://localhost:31548/session/d860bfa9fe08925d5a631b5f04d03f7b/url'
18:24:21.570 [Forwarding getCurrentUrl on session d860bfa9fe08925d5a631b5f04d03f7b to remote] DEBUG org.asynchttpclient.netty.request.NettyRequestSender - Using open Channel [id: 0x14ca3281, L:/127.0.0.1:52080 - R:localhost/127.0.0.1:31548] for GET '/session/d860bfa9fe08925d5a631b5f04d03f7b/url'
18:24:21.574 [AsyncHttpClient-1-5] DEBUG org.asynchttpclient.netty.handler.HttpHandler - 

Request DefaultFullHttpRequest(decodeResult: success, version: HTTP/1.1, content: EmptyByteBufBE)
GET /session/d860bfa9fe08925d5a631b5f04d03f7b/url HTTP/1.1
User-Agent: selenium/4.8.1 (java windows)
Cache-Control: no-cache
Content-Type: application/json; charset=utf-8
host: localhost:31548
accept: */*

Response DefaultHttpResponse(decodeResult: success, version: HTTP/1.1)
HTTP/1.1 200 OK
Content-Length: 45
Content-Type: application/json; charset=utf-8
cache-control: no-cache

18:24:21.574 [AsyncHttpClient-1-5] DEBUG org.asynchttpclient.netty.channel.ChannelManager - Adding key: http://localhost:31548 for channel [id: 0x14ca3281, L:/127.0.0.1:52080 - R:localhost/127.0.0.1:31548]
18:24:21.574 [Forwarding screenshot on session d860bfa9fe08925d5a631b5f04d03f7b to remote] DEBUG org.asynchttpclient.netty.request.NettyRequestSender - Using pooled Channel '[id: 0x14ca3281, L:/127.0.0.1:52080 - R:localhost/127.0.0.1:31548]' for 'GET' to 'http://localhost:31548/session/d860bfa9fe08925d5a631b5f04d03f7b/screenshot'
18:24:21.575 [Forwarding screenshot on session d860bfa9fe08925d5a631b5f04d03f7b to remote] DEBUG org.asynchttpclient.netty.request.NettyRequestSender - Using open Channel [id: 0x14ca3281, L:/127.0.0.1:52080 - R:localhost/127.0.0.1:31548] for GET '/session/d860bfa9fe08925d5a631b5f04d03f7b/screenshot'
18:24:21.645 [AsyncHttpClient-1-5] DEBUG org.asynchttpclient.netty.handler.HttpHandler - 

Request DefaultFullHttpRequest(decodeResult: success, version: HTTP/1.1, content: EmptyByteBufBE)
GET /session/d860bfa9fe08925d5a631b5f04d03f7b/screenshot HTTP/1.1
User-Agent: selenium/4.8.1 (java windows)
Cache-Control: no-cache
Content-Type: application/json; charset=utf-8
host: localhost:31548
accept: */*

Response DefaultHttpResponse(decodeResult: success, version: HTTP/1.1)
HTTP/1.1 200 OK
Content-Length: 35228
Content-Type: application/json; charset=utf-8
cache-control: no-cache

18:24:21.645 [AsyncHttpClient-1-5] DEBUG org.asynchttpclient.netty.channel.ChannelManager - Adding key: http://localhost:31548 for channel [id: 0x14ca3281, L:/127.0.0.1:52080 - R:localhost/127.0.0.1:31548]
18:24:21.647 [main] DEBUG net.serenitybdd.core.photography.Darkroom - Send negative for processing for target\site\serenity\73c7c122a13362330edebd9e24e3f728fadf2f822d6b3929aa6f9ce48168541a.png
18:24:21.648 [main] DEBUG net.thucydides.core.steps.StepInterceptor - STEP DONE: checkIncorrectAlert
18:24:21.648 [Darkroom Processing Line] DEBUG net.serenitybdd.core.photography.DarkroomProcessingLine - Processing screenshot image in /var/screenshots/screenshot-9818654007079141238
18:24:21.648 [Darkroom Processing Line] DEBUG net.serenitybdd.core.photography.DarkroomProcessingLine - Saving screenshot to target\site\serenity\73c7c122a13362330edebd9e24e3f728fadf2f822d6b3929aa6f9ce48168541a.png
  &amp#27;[32mThen &amp#27;[0m&amp#27;[32mI should see incorrect alert notification&amp#27;[0m &amp#27;[90m# starter.stepdefinitions.LoginSteps.checkIncorrectAlert()&amp#27;[0m
18:24:21.656 [main] INFO  - 
  _____   ___   ___   _____     ___     _     ___   ___   ___   ___  
 |_   _| | __| / __| |_   _|   | _ \   /_\   / __| / __| | __| |   \ 
   | |   | _|  \__ \   | |     |  _/  / _ \  \__ \ \__ \ | _|  | |) |
   |_|   |___| |___/   |_|     |_|   /_/ \_\ |___/ |___/ |___| |___/ 

Login with incorrect password
----------------------------------------------------------------------
18:24:21.657 [Driver Command Executor] DEBUG org.asynchttpclient.netty.request.NettyRequestSender - Using pooled Channel '[id: 0x14ca3281, L:/127.0.0.1:52080 - R:localhost/127.0.0.1:31548]' for 'DELETE' to 'http://localhost:31548/session/d860bfa9fe08925d5a631b5f04d03f7b'
18:24:21.657 [AsyncHttpClient-1-7] DEBUG org.asynchttpclient.netty.handler.WebSocketHandler - Channel Closed: [id: 0x2655111c, L:/127.0.0.1:52089 ! R:localhost/127.0.0.1:52081] with attribute NettyResponseFuture{currentRetry=0,
	isDone=1,
	isCancelled=0,
	asyncHandler=org.asynchttpclient.ws.WebSocketUpgradeHandler@4b58e439,
	nettyRequest=org.asynchttpclient.netty.request.NettyRequest@e5a7336,
	future=java.util.concurrent.CompletableFuture@4bc57f73[Completed normally],
	uri=ws://localhost:52081/devtools/browser/76a769d7-2071-4a58-aa8c-4f81dc4268b2,
	keepAlive=true,
	redirectCount=0,
	timeoutsHolder=null,
	inAuth=0,
	touch=1687346658261}
18:24:21.657 [Driver Command Executor] DEBUG org.asynchttpclient.netty.request.NettyRequestSender - Using open Channel [id: 0x14ca3281, L:/127.0.0.1:52080 - R:localhost/127.0.0.1:31548] for DELETE '/session/d860bfa9fe08925d5a631b5f04d03f7b'
18:24:21.657 [AsyncHttpClient-1-7] DEBUG org.asynchttpclient.netty.channel.ChannelManager - Closing Channel [id: 0x2655111c, L:/127.0.0.1:52089 ! R:localhost/127.0.0.1:52081] 
18:24:21.722 [AsyncHttpClient-1-6] DEBUG org.asynchttpclient.netty.handler.HttpHandler - Unexpected I/O exception on channel [id: 0x43636688, L:/127.0.0.1:52088 - R:localhost/127.0.0.1:52081]
java.net.SocketException: Connection reset
	at java.base/sun.nio.ch.SocketChannelImpl.throwConnectionReset(SocketChannelImpl.java:367)
	at java.base/sun.nio.ch.SocketChannelImpl.read(SocketChannelImpl.java:398)
	at io.netty.buffer.PooledByteBuf.setBytes(PooledByteBuf.java:259)
	at io.netty.buffer.AbstractByteBuf.writeBytes(AbstractByteBuf.java:1132)
	at io.netty.channel.socket.nio.NioSocketChannel.doReadBytes(NioSocketChannel.java:357)
	at io.netty.channel.nio.AbstractNioByteChannel$NioByteUnsafe.read(AbstractNioByteChannel.java:151)
	at io.netty.channel.nio.NioEventLoop.processSelectedKey(NioEventLoop.java:788)
	at io.netty.channel.nio.NioEventLoop.processSelectedKeysOptimized(NioEventLoop.java:724)
	at io.netty.channel.nio.NioEventLoop.processSelectedKeys(NioEventLoop.java:650)
	at io.netty.channel.nio.NioEventLoop.run(NioEventLoop.java:562)
	at io.netty.util.concurrent.SingleThreadEventExecutor$4.run(SingleThreadEventExecutor.java:997)
	at io.netty.util.internal.ThreadExecutorMap$2.run(ThreadExecutorMap.java:74)
	at io.netty.util.concurrent.FastThreadLocalRunnable.run(FastThreadLocalRunnable.java:30)
	at java.base/java.lang.Thread.run(Thread.java:832)
18:24:21.722 [AsyncHttpClient-1-6] DEBUG org.asynchttpclient.netty.channel.ChannelManager - Closing Channel [id: 0x43636688, L:/127.0.0.1:52088 - R:localhost/127.0.0.1:52081] 
18:24:21.723 [AsyncHttpClient-1-6] DEBUG org.asynchttpclient.netty.handler.HttpHandler - Channel Closed: [id: 0x43636688, L:/127.0.0.1:52088 ! R:localhost/127.0.0.1:52081] with attribute DISCARD
18:24:21.745 [AsyncHttpClient-1-5] DEBUG org.asynchttpclient.netty.handler.HttpHandler - 

Request DefaultFullHttpRequest(decodeResult: success, version: HTTP/1.1, content: EmptyByteBufBE)
DELETE /session/d860bfa9fe08925d5a631b5f04d03f7b HTTP/1.1
User-Agent: selenium/4.8.1 (java windows)
Content-Type: application/json; charset=utf-8
host: localhost:31548
accept: */*

Response DefaultHttpResponse(decodeResult: success, version: HTTP/1.1)
HTTP/1.1 200 OK
Content-Length: 14
Content-Type: application/json; charset=utf-8
cache-control: no-cache

18:24:21.746 [AsyncHttpClient-1-5] DEBUG org.asynchttpclient.netty.channel.ChannelManager - Adding key: http://localhost:31548 for channel [id: 0x14ca3281, L:/127.0.0.1:52080 - R:localhost/127.0.0.1:31548]
18:24:21.793 [AsyncHttpClient-1-5] DEBUG org.asynchttpclient.netty.handler.HttpHandler - Channel Closed: [id: 0x14ca3281, L:/127.0.0.1:52080 ! R:localhost/127.0.0.1:31548] with attribute DISCARD
18:24:22.202 [AsyncHttpClient-1-1] DEBUG org.asynchttpclient.netty.channel.DefaultChannelPool - Entry count for : http://localhost:52081 : 1
18:24:22.202 [AsyncHttpClient-1-1] DEBUG org.asynchttpclient.netty.channel.DefaultChannelPool - Entry count for : http://localhost:31548 : 1
18:24:22.202 [AsyncHttpClient-1-1] DEBUG org.asynchttpclient.netty.channel.DefaultChannelPool - Adding Candidate expired Channel [id: 0x43636688, L:/127.0.0.1:52088 ! R:localhost/127.0.0.1:52081] isIdleTimeoutExpired=false isRemotelyClosed=true isTtlExpired=false
18:24:22.202 [AsyncHttpClient-1-1] DEBUG org.asynchttpclient.netty.channel.DefaultChannelPool - Closing Idle Channel [id: 0x43636688, L:/127.0.0.1:52088 ! R:localhost/127.0.0.1:52081]
18:24:22.202 [AsyncHttpClient-1-1] DEBUG org.asynchttpclient.netty.channel.DefaultChannelPool - Adding Candidate expired Channel [id: 0x14ca3281, L:/127.0.0.1:52080 ! R:localhost/127.0.0.1:31548] isIdleTimeoutExpired=false isRemotelyClosed=true isTtlExpired=false
18:24:22.202 [AsyncHttpClient-1-1] DEBUG org.asynchttpclient.netty.channel.DefaultChannelPool - Closing Idle Channel [id: 0x14ca3281, L:/127.0.0.1:52080 ! R:localhost/127.0.0.1:31548]
18:24:22.202 [AsyncHttpClient-1-1] DEBUG org.asynchttpclient.netty.channel.DefaultChannelPool - Closed 2 connections out of 2 in 0 ms
]]></system-out>
    <system-err><![CDATA[Starting ChromeDriver 114.0.5735.16 (7e1ff058633f5b79b1cd7479aca585ba385519d8-refs/branch-heads/5735@{#182}) on port 31548
Only local connections are allowed.
Please see https://chromedriver.chromium.org/security-considerations for suggestions on keeping ChromeDriver safe.
ChromeDriver was started successfully.
Jun 21, 2023 6:24:18 PM org.openqa.selenium.devtools.CdpVersionFinder findNearestMatch
WARNING: Unable to find an exact match for CDP version 114, so returning the closest version found: 110
]]></system-err>
  </testcase>
  <testcase name="Login with incorrect email" classname="Login to Sociops Admin Account" time="3.797">
    <system-out><![CDATA[
Scenario: Login with incorrect email             &amp#27;[90m# src/test/resources/features/Login.feature:21&amp#27;[0m
18:24:22.324 [main] DEBUG io.cucumber.core.plugin.SerenityReporter - Running feature from file:///C:/Users/WINDOWS%2010/Documents/GitHub/Capstone/sociops_qe_web/src/test/resources/features/Login.feature
18:24:22.325 [main] INFO  - 
  _____   ___   ___   _____     ___   _____     _     ___   _____   ___   ___  
 |_   _| | __| / __| |_   _|   / __| |_   _|   /_\   | _ \ |_   _| | __| |   \ 
   | |   | _|  \__ \   | |     \__ \   | |    / _ \  |   /   | |   | _|  | |) |
   |_|   |___| |___/   |_|     |___/   |_|   /_/ \_\ |_|_\   |_|   |___| |___/ 

Login with incorrect email(login-to-sociops-admin-account;login-with-incorrect-email)
--------------------------------------------------------------------------------
18:24:22.340 [main] DEBUG net.thucydides.core.steps.StepInterceptor - STARTING STEP: LoginSteps.onTheLoginPage - openPage
18:24:22.368 [main] INFO net.serenitybdd.core.webdriver.driverproviders.ChromeDriverProvider - Starting Chrome driver instance with capabilities:
18:24:22.368 [main] INFO net.serenitybdd.core.webdriver.driverproviders.ChromeDriverProvider - Capabilities {acceptInsecureCerts: false, browserName: chrome, goog:chromeOptions: {args: [remote-allow-origins=*], extensions: []}}
18:24:22.435 [AsyncHttpClient-1-8] DEBUG org.asynchttpclient.netty.channel.NettyConnectListener - Using new Channel '[id: 0x0db652f2, L:/127.0.0.1:52111 - R:localhost/127.0.0.1:38569]' for 'POST' to '/session'
18:24:23.107 [AsyncHttpClient-1-8] DEBUG org.asynchttpclient.netty.handler.HttpHandler - 

Request DefaultHttpRequest(decodeResult: success, version: HTTP/1.1)
POST /session HTTP/1.1
User-Agent: selenium/4.8.1 (java windows)
Content-Length: 507
Content-Type: application/json; charset=utf-8
host: localhost:38569
accept: */*

Response DefaultHttpResponse(decodeResult: success, version: HTTP/1.1)
HTTP/1.1 200 OK
Content-Length: 862
Content-Type: application/json; charset=utf-8
cache-control: no-cache

18:24:23.108 [AsyncHttpClient-1-8] DEBUG org.asynchttpclient.netty.channel.ChannelManager - Adding key: http://localhost:38569 for channel [id: 0x0db652f2, L:/127.0.0.1:52111 - R:localhost/127.0.0.1:38569]
18:24:23.112 [AsyncHttpClient-1-9] DEBUG org.asynchttpclient.netty.channel.NettyConnectListener - Using new Channel '[id: 0xf5af91bc, L:/127.0.0.1:52119 - R:localhost/127.0.0.1:52113]' for 'GET' to '/json/version'
18:24:23.115 [AsyncHttpClient-1-9] DEBUG org.asynchttpclient.netty.handler.HttpHandler - 

Request DefaultFullHttpRequest(decodeResult: success, version: HTTP/1.1, content: EmptyByteBufBE)
GET /json/version HTTP/1.1
User-Agent: selenium/4.8.1 (java windows)
host: localhost:52113
accept: */*

Response DefaultHttpResponse(decodeResult: success, version: HTTP/1.1)
HTTP/1.1 200 OK
Content-Security-Policy: frame-ancestors 'none'
Content-Length: 424
Content-Type: application/json; charset=UTF-8

18:24:23.115 [AsyncHttpClient-1-9] DEBUG org.asynchttpclient.netty.channel.ChannelManager - Adding key: http://localhost:52113 for channel [id: 0xf5af91bc, L:/127.0.0.1:52119 - R:localhost/127.0.0.1:52113]
18:24:23.117 [AsyncHttpClient-1-10] DEBUG org.asynchttpclient.netty.channel.NettyConnectListener - Using new Channel '[id: 0x6c3bc129, L:/127.0.0.1:52120 - R:localhost/127.0.0.1:52113]' for 'GET' to '/devtools/browser/45fb19a2-c507-4930-9594-3634afc671c0'
18:24:23.118 [AsyncHttpClient-1-10] DEBUG org.asynchttpclient.netty.handler.WebSocketHandler - 

Request DefaultFullHttpRequest(decodeResult: success, version: HTTP/1.1, content: EmptyByteBufBE)
GET /devtools/browser/45fb19a2-c507-4930-9594-3634afc671c0 HTTP/1.1
upgrade: websocket
connection: upgrade
sec-websocket-key: hJkF3fS6DM5c8caRB9qx3A==
sec-websocket-version: 13
origin: http://localhost:52113
host: localhost:52113
accept: */*
user-agent: AHC/2.1

Response DefaultHttpResponse(decodeResult: success, version: HTTP/1.1)
HTTP/1.1 101 WebSocket Protocol Handshake
Upgrade: WebSocket
Connection: Upgrade
Sec-WebSocket-Accept: 5BKBY8KYfdLD5aAKj/SU0OmbXzc=

18:24:23.121 [Forwarding get on session 3b9c2ac3b732635c7c9496e8a917e367 to remote] DEBUG org.asynchttpclient.netty.request.NettyRequestSender - Using pooled Channel '[id: 0x0db652f2, L:/127.0.0.1:52111 - R:localhost/127.0.0.1:38569]' for 'POST' to 'http://localhost:38569/session/3b9c2ac3b732635c7c9496e8a917e367/url'
18:24:23.121 [Forwarding get on session 3b9c2ac3b732635c7c9496e8a917e367 to remote] DEBUG org.asynchttpclient.netty.request.NettyRequestSender - Using open Channel [id: 0x0db652f2, L:/127.0.0.1:52111 - R:localhost/127.0.0.1:38569] for POST '/session/3b9c2ac3b732635c7c9496e8a917e367/url'
18:24:23.302 [AsyncHttpClient-1-1] DEBUG org.asynchttpclient.netty.channel.DefaultChannelPool - Entry count for : http://localhost:52113 : 1
18:24:23.807 [AsyncHttpClient-1-8] DEBUG org.asynchttpclient.netty.handler.HttpHandler - 

Request DefaultHttpRequest(decodeResult: success, version: HTTP/1.1)
POST /session/3b9c2ac3b732635c7c9496e8a917e367/url HTTP/1.1
User-Agent: selenium/4.8.1 (java windows)
Content-Length: 63
Content-Type: application/json; charset=utf-8
host: localhost:38569
accept: */*

Response DefaultHttpResponse(decodeResult: success, version: HTTP/1.1)
HTTP/1.1 200 OK
Content-Length: 14
Content-Type: application/json; charset=utf-8
cache-control: no-cache

18:24:23.807 [AsyncHttpClient-1-8] DEBUG org.asynchttpclient.netty.channel.ChannelManager - Adding key: http://localhost:38569 for channel [id: 0x0db652f2, L:/127.0.0.1:52111 - R:localhost/127.0.0.1:38569]
18:24:23.808 [Forwarding setTimeout on session 3b9c2ac3b732635c7c9496e8a917e367 to remote] DEBUG org.asynchttpclient.netty.request.NettyRequestSender - Using pooled Channel '[id: 0x0db652f2, L:/127.0.0.1:52111 - R:localhost/127.0.0.1:38569]' for 'POST' to 'http://localhost:38569/session/3b9c2ac3b732635c7c9496e8a917e367/timeouts'
18:24:23.808 [Forwarding setTimeout on session 3b9c2ac3b732635c7c9496e8a917e367 to remote] DEBUG org.asynchttpclient.netty.request.NettyRequestSender - Using open Channel [id: 0x0db652f2, L:/127.0.0.1:52111 - R:localhost/127.0.0.1:38569] for POST '/session/3b9c2ac3b732635c7c9496e8a917e367/timeouts'
18:24:23.809 [AsyncHttpClient-1-8] DEBUG org.asynchttpclient.netty.handler.HttpHandler - 

Request DefaultHttpRequest(decodeResult: success, version: HTTP/1.1)
POST /session/3b9c2ac3b732635c7c9496e8a917e367/timeouts HTTP/1.1
User-Agent: selenium/4.8.1 (java windows)
Content-Length: 22
Content-Type: application/json; charset=utf-8
host: localhost:38569
accept: */*

Response DefaultHttpResponse(decodeResult: success, version: HTTP/1.1)
HTTP/1.1 200 OK
Content-Length: 14
Content-Type: application/json; charset=utf-8
cache-control: no-cache

18:24:23.809 [AsyncHttpClient-1-8] DEBUG org.asynchttpclient.netty.channel.ChannelManager - Adding key: http://localhost:38569 for channel [id: 0x0db652f2, L:/127.0.0.1:52111 - R:localhost/127.0.0.1:38569]
18:24:23.816 [Forwarding getAlertText on session 3b9c2ac3b732635c7c9496e8a917e367 to remote] DEBUG org.asynchttpclient.netty.request.NettyRequestSender - Using pooled Channel '[id: 0x0db652f2, L:/127.0.0.1:52111 - R:localhost/127.0.0.1:38569]' for 'GET' to 'http://localhost:38569/session/3b9c2ac3b732635c7c9496e8a917e367/alert/text'
18:24:23.816 [Forwarding getAlertText on session 3b9c2ac3b732635c7c9496e8a917e367 to remote] DEBUG org.asynchttpclient.netty.request.NettyRequestSender - Using open Channel [id: 0x0db652f2, L:/127.0.0.1:52111 - R:localhost/127.0.0.1:38569] for GET '/session/3b9c2ac3b732635c7c9496e8a917e367/alert/text'
18:24:23.817 [AsyncHttpClient-1-8] DEBUG org.asynchttpclient.netty.handler.HttpHandler - 

Request DefaultFullHttpRequest(decodeResult: success, version: HTTP/1.1, content: EmptyByteBufBE)
GET /session/3b9c2ac3b732635c7c9496e8a917e367/alert/text HTTP/1.1
User-Agent: selenium/4.8.1 (java windows)
Cache-Control: no-cache
Content-Type: application/json; charset=utf-8
host: localhost:38569
accept: */*

Response DefaultHttpResponse(decodeResult: success, version: HTTP/1.1)
HTTP/1.1 404 Not Found
Content-Length: 821
Content-Type: application/json; charset=utf-8
cache-control: no-cache

18:24:23.818 [AsyncHttpClient-1-8] DEBUG org.asynchttpclient.netty.channel.ChannelManager - Adding key: http://localhost:38569 for channel [id: 0x0db652f2, L:/127.0.0.1:52111 - R:localhost/127.0.0.1:38569]
18:24:23.819 [Forwarding getCurrentUrl on session 3b9c2ac3b732635c7c9496e8a917e367 to remote] DEBUG org.asynchttpclient.netty.request.NettyRequestSender - Using pooled Channel '[id: 0x0db652f2, L:/127.0.0.1:52111 - R:localhost/127.0.0.1:38569]' for 'GET' to 'http://localhost:38569/session/3b9c2ac3b732635c7c9496e8a917e367/url'
18:24:23.819 [Forwarding getCurrentUrl on session 3b9c2ac3b732635c7c9496e8a917e367 to remote] DEBUG org.asynchttpclient.netty.request.NettyRequestSender - Using open Channel [id: 0x0db652f2, L:/127.0.0.1:52111 - R:localhost/127.0.0.1:38569] for GET '/session/3b9c2ac3b732635c7c9496e8a917e367/url'
18:24:23.823 [AsyncHttpClient-1-8] DEBUG org.asynchttpclient.netty.handler.HttpHandler - 

Request DefaultFullHttpRequest(decodeResult: success, version: HTTP/1.1, content: EmptyByteBufBE)
GET /session/3b9c2ac3b732635c7c9496e8a917e367/url HTTP/1.1
User-Agent: selenium/4.8.1 (java windows)
Cache-Control: no-cache
Content-Type: application/json; charset=utf-8
host: localhost:38569
accept: */*

Response DefaultHttpResponse(decodeResult: success, version: HTTP/1.1)
HTTP/1.1 200 OK
Content-Length: 45
Content-Type: application/json; charset=utf-8
cache-control: no-cache

18:24:23.823 [AsyncHttpClient-1-8] DEBUG org.asynchttpclient.netty.channel.ChannelManager - Adding key: http://localhost:38569 for channel [id: 0x0db652f2, L:/127.0.0.1:52111 - R:localhost/127.0.0.1:38569]
18:24:23.824 [Forwarding screenshot on session 3b9c2ac3b732635c7c9496e8a917e367 to remote] DEBUG org.asynchttpclient.netty.request.NettyRequestSender - Using pooled Channel '[id: 0x0db652f2, L:/127.0.0.1:52111 - R:localhost/127.0.0.1:38569]' for 'GET' to 'http://localhost:38569/session/3b9c2ac3b732635c7c9496e8a917e367/screenshot'
18:24:23.824 [Forwarding screenshot on session 3b9c2ac3b732635c7c9496e8a917e367 to remote] DEBUG org.asynchttpclient.netty.request.NettyRequestSender - Using open Channel [id: 0x0db652f2, L:/127.0.0.1:52111 - R:localhost/127.0.0.1:38569] for GET '/session/3b9c2ac3b732635c7c9496e8a917e367/screenshot'
18:24:23.973 [AsyncHttpClient-1-8] DEBUG org.asynchttpclient.netty.handler.HttpHandler - 

Request DefaultFullHttpRequest(decodeResult: success, version: HTTP/1.1, content: EmptyByteBufBE)
GET /session/3b9c2ac3b732635c7c9496e8a917e367/screenshot HTTP/1.1
User-Agent: selenium/4.8.1 (java windows)
Cache-Control: no-cache
Content-Type: application/json; charset=utf-8
host: localhost:38569
accept: */*

Response DefaultHttpResponse(decodeResult: success, version: HTTP/1.1)
HTTP/1.1 200 OK
Content-Length: 35188
Content-Type: application/json; charset=utf-8
cache-control: no-cache

18:24:23.973 [AsyncHttpClient-1-8] DEBUG org.asynchttpclient.netty.channel.ChannelManager - Adding key: http://localhost:38569 for channel [id: 0x0db652f2, L:/127.0.0.1:52111 - R:localhost/127.0.0.1:38569]
18:24:23.974 [main] DEBUG net.serenitybdd.core.photography.Darkroom - Send negative for processing for target\site\serenity\e1a043f79cde61fd83c796824eb14028e2e774bcf48939784252612fe1cf5b50.png
18:24:23.975 [main] DEBUG net.thucydides.core.steps.StepInterceptor - STEP DONE: openPage
  &amp#27;[32mGiven &amp#27;[0m&amp#27;[32mI am on the sociops login page&amp#27;[0m           &amp#27;[90m# starter.stepdefinitions.LoginSteps.onTheLoginPage()&amp#27;[0m
18:24:23.981 [Forwarding getPageSource on session 3b9c2ac3b732635c7c9496e8a917e367 to remote] DEBUG org.asynchttpclient.netty.request.NettyRequestSender - Using pooled Channel '[id: 0x0db652f2, L:/127.0.0.1:52111 - R:localhost/127.0.0.1:38569]' for 'POST' to 'http://localhost:38569/session/3b9c2ac3b732635c7c9496e8a917e367/execute/sync'
18:24:23.981 [Forwarding getPageSource on session 3b9c2ac3b732635c7c9496e8a917e367 to remote] DEBUG org.asynchttpclient.netty.request.NettyRequestSender - Using open Channel [id: 0x0db652f2, L:/127.0.0.1:52111 - R:localhost/127.0.0.1:38569] for POST '/session/3b9c2ac3b732635c7c9496e8a917e367/execute/sync'
18:24:23.987 [AsyncHttpClient-1-8] DEBUG org.asynchttpclient.netty.handler.HttpHandler - 

Request DefaultHttpRequest(decodeResult: success, version: HTTP/1.1)
POST /session/3b9c2ac3b732635c7c9496e8a917e367/execute/sync HTTP/1.1
User-Agent: selenium/4.8.1 (java windows)
Content-Length: 176
Content-Type: application/json; charset=utf-8
host: localhost:38569
accept: */*

Response DefaultHttpResponse(decodeResult: success, version: HTTP/1.1)
HTTP/1.1 200 OK
Content-Length: 9114
Content-Type: application/json; charset=utf-8
cache-control: no-cache

18:24:23.987 [AsyncHttpClient-1-8] DEBUG org.asynchttpclient.netty.channel.ChannelManager - Adding key: http://localhost:38569 for channel [id: 0x0db652f2, L:/127.0.0.1:52111 - R:localhost/127.0.0.1:38569]
18:24:23.988 [Forwarding getCurrentUrl on session 3b9c2ac3b732635c7c9496e8a917e367 to remote] DEBUG org.asynchttpclient.netty.request.NettyRequestSender - Using pooled Channel '[id: 0x0db652f2, L:/127.0.0.1:52111 - R:localhost/127.0.0.1:38569]' for 'GET' to 'http://localhost:38569/session/3b9c2ac3b732635c7c9496e8a917e367/url'
18:24:23.988 [Forwarding getCurrentUrl on session 3b9c2ac3b732635c7c9496e8a917e367 to remote] DEBUG org.asynchttpclient.netty.request.NettyRequestSender - Using open Channel [id: 0x0db652f2, L:/127.0.0.1:52111 - R:localhost/127.0.0.1:38569] for GET '/session/3b9c2ac3b732635c7c9496e8a917e367/url'
18:24:23.993 [AsyncHttpClient-1-8] DEBUG org.asynchttpclient.netty.handler.HttpHandler - 

Request DefaultFullHttpRequest(decodeResult: success, version: HTTP/1.1, content: EmptyByteBufBE)
GET /session/3b9c2ac3b732635c7c9496e8a917e367/url HTTP/1.1
User-Agent: selenium/4.8.1 (java windows)
Cache-Control: no-cache
Content-Type: application/json; charset=utf-8
host: localhost:38569
accept: */*

Response DefaultHttpResponse(decodeResult: success, version: HTTP/1.1)
HTTP/1.1 200 OK
Content-Length: 45
Content-Type: application/json; charset=utf-8
cache-control: no-cache

18:24:23.993 [AsyncHttpClient-1-8] DEBUG org.asynchttpclient.netty.channel.ChannelManager - Adding key: http://localhost:38569 for channel [id: 0x0db652f2, L:/127.0.0.1:52111 - R:localhost/127.0.0.1:38569]
18:24:23.998 [Forwarding getPageSource on session 3b9c2ac3b732635c7c9496e8a917e367 to remote] DEBUG org.asynchttpclient.netty.request.NettyRequestSender - Using pooled Channel '[id: 0x0db652f2, L:/127.0.0.1:52111 - R:localhost/127.0.0.1:38569]' for 'POST' to 'http://localhost:38569/session/3b9c2ac3b732635c7c9496e8a917e367/execute/sync'
18:24:23.998 [Forwarding getPageSource on session 3b9c2ac3b732635c7c9496e8a917e367 to remote] DEBUG org.asynchttpclient.netty.request.NettyRequestSender - Using open Channel [id: 0x0db652f2, L:/127.0.0.1:52111 - R:localhost/127.0.0.1:38569] for POST '/session/3b9c2ac3b732635c7c9496e8a917e367/execute/sync'
18:24:24.002 [AsyncHttpClient-1-8] DEBUG org.asynchttpclient.netty.handler.HttpHandler - 

Request DefaultHttpRequest(decodeResult: success, version: HTTP/1.1)
POST /session/3b9c2ac3b732635c7c9496e8a917e367/execute/sync HTTP/1.1
User-Agent: selenium/4.8.1 (java windows)
Content-Length: 176
Content-Type: application/json; charset=utf-8
host: localhost:38569
accept: */*

Response DefaultHttpResponse(decodeResult: success, version: HTTP/1.1)
HTTP/1.1 200 OK
Content-Length: 9114
Content-Type: application/json; charset=utf-8
cache-control: no-cache

18:24:24.002 [AsyncHttpClient-1-8] DEBUG org.asynchttpclient.netty.channel.ChannelManager - Adding key: http://localhost:38569 for channel [id: 0x0db652f2, L:/127.0.0.1:52111 - R:localhost/127.0.0.1:38569]
18:24:24.004 [Forwarding getCurrentUrl on session 3b9c2ac3b732635c7c9496e8a917e367 to remote] DEBUG org.asynchttpclient.netty.request.NettyRequestSender - Using pooled Channel '[id: 0x0db652f2, L:/127.0.0.1:52111 - R:localhost/127.0.0.1:38569]' for 'GET' to 'http://localhost:38569/session/3b9c2ac3b732635c7c9496e8a917e367/url'
18:24:24.004 [Forwarding getCurrentUrl on session 3b9c2ac3b732635c7c9496e8a917e367 to remote] DEBUG org.asynchttpclient.netty.request.NettyRequestSender - Using open Channel [id: 0x0db652f2, L:/127.0.0.1:52111 - R:localhost/127.0.0.1:38569] for GET '/session/3b9c2ac3b732635c7c9496e8a917e367/url'
18:24:24.007 [AsyncHttpClient-1-8] DEBUG org.asynchttpclient.netty.handler.HttpHandler - 

Request DefaultFullHttpRequest(decodeResult: success, version: HTTP/1.1, content: EmptyByteBufBE)
GET /session/3b9c2ac3b732635c7c9496e8a917e367/url HTTP/1.1
User-Agent: selenium/4.8.1 (java windows)
Cache-Control: no-cache
Content-Type: application/json; charset=utf-8
host: localhost:38569
accept: */*

Response DefaultHttpResponse(decodeResult: success, version: HTTP/1.1)
HTTP/1.1 200 OK
Content-Length: 45
Content-Type: application/json; charset=utf-8
cache-control: no-cache

18:24:24.007 [AsyncHttpClient-1-8] DEBUG org.asynchttpclient.netty.channel.ChannelManager - Adding key: http://localhost:38569 for channel [id: 0x0db652f2, L:/127.0.0.1:52111 - R:localhost/127.0.0.1:38569]
18:24:24.008 [main] DEBUG net.thucydides.core.steps.StepInterceptor - STARTING STEP: LoginSteps.inputIncorrectEmail - inputEmail
18:24:24.011 [Forwarding findElement on session 3b9c2ac3b732635c7c9496e8a917e367 to remote] DEBUG org.asynchttpclient.netty.request.NettyRequestSender - Using pooled Channel '[id: 0x0db652f2, L:/127.0.0.1:52111 - R:localhost/127.0.0.1:38569]' for 'POST' to 'http://localhost:38569/session/3b9c2ac3b732635c7c9496e8a917e367/element'
18:24:24.011 [Forwarding findElement on session 3b9c2ac3b732635c7c9496e8a917e367 to remote] DEBUG org.asynchttpclient.netty.request.NettyRequestSender - Using open Channel [id: 0x0db652f2, L:/127.0.0.1:52111 - R:localhost/127.0.0.1:38569] for POST '/session/3b9c2ac3b732635c7c9496e8a917e367/element'
18:24:24.020 [AsyncHttpClient-1-8] DEBUG org.asynchttpclient.netty.handler.HttpHandler - 

Request DefaultHttpRequest(decodeResult: success, version: HTTP/1.1)
POST /session/3b9c2ac3b732635c7c9496e8a917e367/element HTTP/1.1
User-Agent: selenium/4.8.1 (java windows)
Content-Length: 59
Content-Type: application/json; charset=utf-8
host: localhost:38569
accept: */*

Response DefaultHttpResponse(decodeResult: success, version: HTTP/1.1)
HTTP/1.1 200 OK
Content-Length: 94
Content-Type: application/json; charset=utf-8
cache-control: no-cache

18:24:24.020 [AsyncHttpClient-1-8] DEBUG org.asynchttpclient.netty.channel.ChannelManager - Adding key: http://localhost:38569 for channel [id: 0x0db652f2, L:/127.0.0.1:52111 - R:localhost/127.0.0.1:38569]
18:24:24.022 [Forwarding clearElement on session 3b9c2ac3b732635c7c9496e8a917e367 to remote] DEBUG org.asynchttpclient.netty.request.NettyRequestSender - Using pooled Channel '[id: 0x0db652f2, L:/127.0.0.1:52111 - R:localhost/127.0.0.1:38569]' for 'POST' to 'http://localhost:38569/session/3b9c2ac3b732635c7c9496e8a917e367/element/8788A026482A3ED5715D0357F6B9B734_element_7/clear'
18:24:24.022 [Forwarding clearElement on session 3b9c2ac3b732635c7c9496e8a917e367 to remote] DEBUG org.asynchttpclient.netty.request.NettyRequestSender - Using open Channel [id: 0x0db652f2, L:/127.0.0.1:52111 - R:localhost/127.0.0.1:38569] for POST '/session/3b9c2ac3b732635c7c9496e8a917e367/element/8788A026482A3ED5715D0357F6B9B734_element_7/clear'
18:24:24.054 [AsyncHttpClient-1-8] DEBUG org.asynchttpclient.netty.handler.HttpHandler - 

Request DefaultHttpRequest(decodeResult: success, version: HTTP/1.1)
POST /session/3b9c2ac3b732635c7c9496e8a917e367/element/8788A026482A3ED5715D0357F6B9B734_element_7/clear HTTP/1.1
User-Agent: selenium/4.8.1 (java windows)
Content-Length: 56
Content-Type: application/json; charset=utf-8
host: localhost:38569
accept: */*

Response DefaultHttpResponse(decodeResult: success, version: HTTP/1.1)
HTTP/1.1 200 OK
Content-Length: 14
Content-Type: application/json; charset=utf-8
cache-control: no-cache

18:24:24.054 [AsyncHttpClient-1-8] DEBUG org.asynchttpclient.netty.channel.ChannelManager - Adding key: http://localhost:38569 for channel [id: 0x0db652f2, L:/127.0.0.1:52111 - R:localhost/127.0.0.1:38569]
18:24:24.056 [Forwarding sendKeysToElement on session 3b9c2ac3b732635c7c9496e8a917e367 to remote] DEBUG org.asynchttpclient.netty.request.NettyRequestSender - Using pooled Channel '[id: 0x0db652f2, L:/127.0.0.1:52111 - R:localhost/127.0.0.1:38569]' for 'POST' to 'http://localhost:38569/session/3b9c2ac3b732635c7c9496e8a917e367/element/8788A026482A3ED5715D0357F6B9B734_element_7/value'
18:24:24.056 [Forwarding sendKeysToElement on session 3b9c2ac3b732635c7c9496e8a917e367 to remote] DEBUG org.asynchttpclient.netty.request.NettyRequestSender - Using open Channel [id: 0x0db652f2, L:/127.0.0.1:52111 - R:localhost/127.0.0.1:38569] for POST '/session/3b9c2ac3b732635c7c9496e8a917e367/element/8788A026482A3ED5715D0357F6B9B734_element_7/value'
18:24:24.132 [AsyncHttpClient-1-8] DEBUG org.asynchttpclient.netty.handler.HttpHandler - 

Request DefaultHttpRequest(decodeResult: success, version: HTTP/1.1)
POST /session/3b9c2ac3b732635c7c9496e8a917e367/element/8788A026482A3ED5715D0357F6B9B734_element_7/value HTTP/1.1
User-Agent: selenium/4.8.1 (java windows)
Content-Length: 277
Content-Type: application/json; charset=utf-8
host: localhost:38569
accept: */*

Response DefaultHttpResponse(decodeResult: success, version: HTTP/1.1)
HTTP/1.1 200 OK
Content-Length: 14
Content-Type: application/json; charset=utf-8
cache-control: no-cache

18:24:24.133 [AsyncHttpClient-1-8] DEBUG org.asynchttpclient.netty.channel.ChannelManager - Adding key: http://localhost:38569 for channel [id: 0x0db652f2, L:/127.0.0.1:52111 - R:localhost/127.0.0.1:38569]
18:24:24.137 [Forwarding getAlertText on session 3b9c2ac3b732635c7c9496e8a917e367 to remote] DEBUG org.asynchttpclient.netty.request.NettyRequestSender - Using pooled Channel '[id: 0x0db652f2, L:/127.0.0.1:52111 - R:localhost/127.0.0.1:38569]' for 'GET' to 'http://localhost:38569/session/3b9c2ac3b732635c7c9496e8a917e367/alert/text'
18:24:24.137 [Forwarding getAlertText on session 3b9c2ac3b732635c7c9496e8a917e367 to remote] DEBUG org.asynchttpclient.netty.request.NettyRequestSender - Using open Channel [id: 0x0db652f2, L:/127.0.0.1:52111 - R:localhost/127.0.0.1:38569] for GET '/session/3b9c2ac3b732635c7c9496e8a917e367/alert/text'
18:24:24.138 [AsyncHttpClient-1-8] DEBUG org.asynchttpclient.netty.handler.HttpHandler - 

Request DefaultFullHttpRequest(decodeResult: success, version: HTTP/1.1, content: EmptyByteBufBE)
GET /session/3b9c2ac3b732635c7c9496e8a917e367/alert/text HTTP/1.1
User-Agent: selenium/4.8.1 (java windows)
Cache-Control: no-cache
Content-Type: application/json; charset=utf-8
host: localhost:38569
accept: */*

Response DefaultHttpResponse(decodeResult: success, version: HTTP/1.1)
HTTP/1.1 404 Not Found
Content-Length: 821
Content-Type: application/json; charset=utf-8
cache-control: no-cache

18:24:24.139 [AsyncHttpClient-1-8] DEBUG org.asynchttpclient.netty.channel.ChannelManager - Adding key: http://localhost:38569 for channel [id: 0x0db652f2, L:/127.0.0.1:52111 - R:localhost/127.0.0.1:38569]
18:24:24.139 [Forwarding getCurrentUrl on session 3b9c2ac3b732635c7c9496e8a917e367 to remote] DEBUG org.asynchttpclient.netty.request.NettyRequestSender - Using pooled Channel '[id: 0x0db652f2, L:/127.0.0.1:52111 - R:localhost/127.0.0.1:38569]' for 'GET' to 'http://localhost:38569/session/3b9c2ac3b732635c7c9496e8a917e367/url'
18:24:24.139 [Forwarding getCurrentUrl on session 3b9c2ac3b732635c7c9496e8a917e367 to remote] DEBUG org.asynchttpclient.netty.request.NettyRequestSender - Using open Channel [id: 0x0db652f2, L:/127.0.0.1:52111 - R:localhost/127.0.0.1:38569] for GET '/session/3b9c2ac3b732635c7c9496e8a917e367/url'
18:24:24.143 [AsyncHttpClient-1-8] DEBUG org.asynchttpclient.netty.handler.HttpHandler - 

Request DefaultFullHttpRequest(decodeResult: success, version: HTTP/1.1, content: EmptyByteBufBE)
GET /session/3b9c2ac3b732635c7c9496e8a917e367/url HTTP/1.1
User-Agent: selenium/4.8.1 (java windows)
Cache-Control: no-cache
Content-Type: application/json; charset=utf-8
host: localhost:38569
accept: */*

Response DefaultHttpResponse(decodeResult: success, version: HTTP/1.1)
HTTP/1.1 200 OK
Content-Length: 45
Content-Type: application/json; charset=utf-8
cache-control: no-cache

18:24:24.143 [AsyncHttpClient-1-8] DEBUG org.asynchttpclient.netty.channel.ChannelManager - Adding key: http://localhost:38569 for channel [id: 0x0db652f2, L:/127.0.0.1:52111 - R:localhost/127.0.0.1:38569]
18:24:24.144 [Forwarding screenshot on session 3b9c2ac3b732635c7c9496e8a917e367 to remote] DEBUG org.asynchttpclient.netty.request.NettyRequestSender - Using pooled Channel '[id: 0x0db652f2, L:/127.0.0.1:52111 - R:localhost/127.0.0.1:38569]' for 'GET' to 'http://localhost:38569/session/3b9c2ac3b732635c7c9496e8a917e367/screenshot'
18:24:24.144 [Forwarding screenshot on session 3b9c2ac3b732635c7c9496e8a917e367 to remote] DEBUG org.asynchttpclient.netty.request.NettyRequestSender - Using open Channel [id: 0x0db652f2, L:/127.0.0.1:52111 - R:localhost/127.0.0.1:38569] for GET '/session/3b9c2ac3b732635c7c9496e8a917e367/screenshot'
18:24:24.217 [AsyncHttpClient-1-8] DEBUG org.asynchttpclient.netty.handler.HttpHandler - 

Request DefaultFullHttpRequest(decodeResult: success, version: HTTP/1.1, content: EmptyByteBufBE)
GET /session/3b9c2ac3b732635c7c9496e8a917e367/screenshot HTTP/1.1
User-Agent: selenium/4.8.1 (java windows)
Cache-Control: no-cache
Content-Type: application/json; charset=utf-8
host: localhost:38569
accept: */*

Response DefaultHttpResponse(decodeResult: success, version: HTTP/1.1)
HTTP/1.1 200 OK
Content-Length: 40392
Content-Type: application/json; charset=utf-8
cache-control: no-cache

18:24:24.218 [AsyncHttpClient-1-8] DEBUG org.asynchttpclient.netty.channel.ChannelManager - Adding key: http://localhost:38569 for channel [id: 0x0db652f2, L:/127.0.0.1:52111 - R:localhost/127.0.0.1:38569]
18:24:24.219 [main] DEBUG net.serenitybdd.core.photography.Darkroom - Send negative for processing for target\site\serenity\3e01cda438fe903574b18fbb9339dc99a636816a67f242bed06c6fc300bc9242.png
18:24:24.219 [main] DEBUG net.thucydides.core.steps.StepInterceptor - STEP DONE: inputEmail
  &amp#27;[32mAnd &amp#27;[0m&amp#27;[32mI type incorrect email&amp#27;[0m                     &amp#27;[90m# starter.stepdefinitions.LoginSteps.inputIncorrectEmail()&amp#27;[0m
18:24:24.220 [Darkroom Processing Line] DEBUG net.serenitybdd.core.photography.DarkroomProcessingLine - Processing screenshot image in /var/screenshots/screenshot-6786023285199805935
18:24:24.220 [Darkroom Processing Line] DEBUG net.serenitybdd.core.photography.DarkroomProcessingLine - Saving screenshot to target\site\serenity\3e01cda438fe903574b18fbb9339dc99a636816a67f242bed06c6fc300bc9242.png
18:24:24.226 [Forwarding getPageSource on session 3b9c2ac3b732635c7c9496e8a917e367 to remote] DEBUG org.asynchttpclient.netty.request.NettyRequestSender - Using pooled Channel '[id: 0x0db652f2, L:/127.0.0.1:52111 - R:localhost/127.0.0.1:38569]' for 'POST' to 'http://localhost:38569/session/3b9c2ac3b732635c7c9496e8a917e367/execute/sync'
18:24:24.226 [Forwarding getPageSource on session 3b9c2ac3b732635c7c9496e8a917e367 to remote] DEBUG org.asynchttpclient.netty.request.NettyRequestSender - Using open Channel [id: 0x0db652f2, L:/127.0.0.1:52111 - R:localhost/127.0.0.1:38569] for POST '/session/3b9c2ac3b732635c7c9496e8a917e367/execute/sync'
18:24:24.230 [AsyncHttpClient-1-8] DEBUG org.asynchttpclient.netty.handler.HttpHandler - 

Request DefaultHttpRequest(decodeResult: success, version: HTTP/1.1)
POST /session/3b9c2ac3b732635c7c9496e8a917e367/execute/sync HTTP/1.1
User-Agent: selenium/4.8.1 (java windows)
Content-Length: 176
Content-Type: application/json; charset=utf-8
host: localhost:38569
accept: */*

Response DefaultHttpResponse(decodeResult: success, version: HTTP/1.1)
HTTP/1.1 200 OK
Content-Length: 9133
Content-Type: application/json; charset=utf-8
cache-control: no-cache

18:24:24.230 [AsyncHttpClient-1-8] DEBUG org.asynchttpclient.netty.channel.ChannelManager - Adding key: http://localhost:38569 for channel [id: 0x0db652f2, L:/127.0.0.1:52111 - R:localhost/127.0.0.1:38569]
18:24:24.231 [Forwarding getCurrentUrl on session 3b9c2ac3b732635c7c9496e8a917e367 to remote] DEBUG org.asynchttpclient.netty.request.NettyRequestSender - Using pooled Channel '[id: 0x0db652f2, L:/127.0.0.1:52111 - R:localhost/127.0.0.1:38569]' for 'GET' to 'http://localhost:38569/session/3b9c2ac3b732635c7c9496e8a917e367/url'
18:24:24.231 [Forwarding getCurrentUrl on session 3b9c2ac3b732635c7c9496e8a917e367 to remote] DEBUG org.asynchttpclient.netty.request.NettyRequestSender - Using open Channel [id: 0x0db652f2, L:/127.0.0.1:52111 - R:localhost/127.0.0.1:38569] for GET '/session/3b9c2ac3b732635c7c9496e8a917e367/url'
18:24:24.234 [AsyncHttpClient-1-8] DEBUG org.asynchttpclient.netty.handler.HttpHandler - 

Request DefaultFullHttpRequest(decodeResult: success, version: HTTP/1.1, content: EmptyByteBufBE)
GET /session/3b9c2ac3b732635c7c9496e8a917e367/url HTTP/1.1
User-Agent: selenium/4.8.1 (java windows)
Cache-Control: no-cache
Content-Type: application/json; charset=utf-8
host: localhost:38569
accept: */*

Response DefaultHttpResponse(decodeResult: success, version: HTTP/1.1)
HTTP/1.1 200 OK
Content-Length: 45
Content-Type: application/json; charset=utf-8
cache-control: no-cache

18:24:24.234 [AsyncHttpClient-1-8] DEBUG org.asynchttpclient.netty.channel.ChannelManager - Adding key: http://localhost:38569 for channel [id: 0x0db652f2, L:/127.0.0.1:52111 - R:localhost/127.0.0.1:38569]
18:24:24.246 [Forwarding getPageSource on session 3b9c2ac3b732635c7c9496e8a917e367 to remote] DEBUG org.asynchttpclient.netty.request.NettyRequestSender - Using pooled Channel '[id: 0x0db652f2, L:/127.0.0.1:52111 - R:localhost/127.0.0.1:38569]' for 'POST' to 'http://localhost:38569/session/3b9c2ac3b732635c7c9496e8a917e367/execute/sync'
18:24:24.246 [Forwarding getPageSource on session 3b9c2ac3b732635c7c9496e8a917e367 to remote] DEBUG org.asynchttpclient.netty.request.NettyRequestSender - Using open Channel [id: 0x0db652f2, L:/127.0.0.1:52111 - R:localhost/127.0.0.1:38569] for POST '/session/3b9c2ac3b732635c7c9496e8a917e367/execute/sync'
18:24:24.252 [AsyncHttpClient-1-8] DEBUG org.asynchttpclient.netty.handler.HttpHandler - 

Request DefaultHttpRequest(decodeResult: success, version: HTTP/1.1)
POST /session/3b9c2ac3b732635c7c9496e8a917e367/execute/sync HTTP/1.1
User-Agent: selenium/4.8.1 (java windows)
Content-Length: 176
Content-Type: application/json; charset=utf-8
host: localhost:38569
accept: */*

Response DefaultHttpResponse(decodeResult: success, version: HTTP/1.1)
HTTP/1.1 200 OK
Content-Length: 9133
Content-Type: application/json; charset=utf-8
cache-control: no-cache

18:24:24.252 [AsyncHttpClient-1-8] DEBUG org.asynchttpclient.netty.channel.ChannelManager - Adding key: http://localhost:38569 for channel [id: 0x0db652f2, L:/127.0.0.1:52111 - R:localhost/127.0.0.1:38569]
18:24:24.254 [Forwarding getCurrentUrl on session 3b9c2ac3b732635c7c9496e8a917e367 to remote] DEBUG org.asynchttpclient.netty.request.NettyRequestSender - Using pooled Channel '[id: 0x0db652f2, L:/127.0.0.1:52111 - R:localhost/127.0.0.1:38569]' for 'GET' to 'http://localhost:38569/session/3b9c2ac3b732635c7c9496e8a917e367/url'
18:24:24.254 [Forwarding getCurrentUrl on session 3b9c2ac3b732635c7c9496e8a917e367 to remote] DEBUG org.asynchttpclient.netty.request.NettyRequestSender - Using open Channel [id: 0x0db652f2, L:/127.0.0.1:52111 - R:localhost/127.0.0.1:38569] for GET '/session/3b9c2ac3b732635c7c9496e8a917e367/url'
18:24:24.259 [AsyncHttpClient-1-8] DEBUG org.asynchttpclient.netty.handler.HttpHandler - 

Request DefaultFullHttpRequest(decodeResult: success, version: HTTP/1.1, content: EmptyByteBufBE)
GET /session/3b9c2ac3b732635c7c9496e8a917e367/url HTTP/1.1
User-Agent: selenium/4.8.1 (java windows)
Cache-Control: no-cache
Content-Type: application/json; charset=utf-8
host: localhost:38569
accept: */*

Response DefaultHttpResponse(decodeResult: success, version: HTTP/1.1)
HTTP/1.1 200 OK
Content-Length: 45
Content-Type: application/json; charset=utf-8
cache-control: no-cache

18:24:24.259 [AsyncHttpClient-1-8] DEBUG org.asynchttpclient.netty.channel.ChannelManager - Adding key: http://localhost:38569 for channel [id: 0x0db652f2, L:/127.0.0.1:52111 - R:localhost/127.0.0.1:38569]
18:24:24.264 [main] DEBUG net.thucydides.core.steps.StepInterceptor - STARTING STEP: LoginSteps.inputPassword - inputPassword
18:24:24.266 [Forwarding findElement on session 3b9c2ac3b732635c7c9496e8a917e367 to remote] DEBUG org.asynchttpclient.netty.request.NettyRequestSender - Using pooled Channel '[id: 0x0db652f2, L:/127.0.0.1:52111 - R:localhost/127.0.0.1:38569]' for 'POST' to 'http://localhost:38569/session/3b9c2ac3b732635c7c9496e8a917e367/element'
18:24:24.266 [Forwarding findElement on session 3b9c2ac3b732635c7c9496e8a917e367 to remote] DEBUG org.asynchttpclient.netty.request.NettyRequestSender - Using open Channel [id: 0x0db652f2, L:/127.0.0.1:52111 - R:localhost/127.0.0.1:38569] for POST '/session/3b9c2ac3b732635c7c9496e8a917e367/element'
18:24:24.278 [AsyncHttpClient-1-8] DEBUG org.asynchttpclient.netty.handler.HttpHandler - 

Request DefaultHttpRequest(decodeResult: success, version: HTTP/1.1)
POST /session/3b9c2ac3b732635c7c9496e8a917e367/element HTTP/1.1
User-Agent: selenium/4.8.1 (java windows)
Content-Length: 62
Content-Type: application/json; charset=utf-8
host: localhost:38569
accept: */*

Response DefaultHttpResponse(decodeResult: success, version: HTTP/1.1)
HTTP/1.1 200 OK
Content-Length: 94
Content-Type: application/json; charset=utf-8
cache-control: no-cache

18:24:24.278 [AsyncHttpClient-1-8] DEBUG org.asynchttpclient.netty.channel.ChannelManager - Adding key: http://localhost:38569 for channel [id: 0x0db652f2, L:/127.0.0.1:52111 - R:localhost/127.0.0.1:38569]
18:24:24.280 [Forwarding clearElement on session 3b9c2ac3b732635c7c9496e8a917e367 to remote] DEBUG org.asynchttpclient.netty.request.NettyRequestSender - Using pooled Channel '[id: 0x0db652f2, L:/127.0.0.1:52111 - R:localhost/127.0.0.1:38569]' for 'POST' to 'http://localhost:38569/session/3b9c2ac3b732635c7c9496e8a917e367/element/8788A026482A3ED5715D0357F6B9B734_element_2/clear'
18:24:24.280 [Forwarding clearElement on session 3b9c2ac3b732635c7c9496e8a917e367 to remote] DEBUG org.asynchttpclient.netty.request.NettyRequestSender - Using open Channel [id: 0x0db652f2, L:/127.0.0.1:52111 - R:localhost/127.0.0.1:38569] for POST '/session/3b9c2ac3b732635c7c9496e8a917e367/element/8788A026482A3ED5715D0357F6B9B734_element_2/clear'
18:24:24.300 [AsyncHttpClient-1-8] DEBUG org.asynchttpclient.netty.handler.HttpHandler - 

Request DefaultHttpRequest(decodeResult: success, version: HTTP/1.1)
POST /session/3b9c2ac3b732635c7c9496e8a917e367/element/8788A026482A3ED5715D0357F6B9B734_element_2/clear HTTP/1.1
User-Agent: selenium/4.8.1 (java windows)
Content-Length: 56
Content-Type: application/json; charset=utf-8
host: localhost:38569
accept: */*

Response DefaultHttpResponse(decodeResult: success, version: HTTP/1.1)
HTTP/1.1 200 OK
Content-Length: 14
Content-Type: application/json; charset=utf-8
cache-control: no-cache

18:24:24.300 [AsyncHttpClient-1-8] DEBUG org.asynchttpclient.netty.channel.ChannelManager - Adding key: http://localhost:38569 for channel [id: 0x0db652f2, L:/127.0.0.1:52111 - R:localhost/127.0.0.1:38569]
18:24:24.301 [Forwarding sendKeysToElement on session 3b9c2ac3b732635c7c9496e8a917e367 to remote] DEBUG org.asynchttpclient.netty.request.NettyRequestSender - Using pooled Channel '[id: 0x0db652f2, L:/127.0.0.1:52111 - R:localhost/127.0.0.1:38569]' for 'POST' to 'http://localhost:38569/session/3b9c2ac3b732635c7c9496e8a917e367/element/8788A026482A3ED5715D0357F6B9B734_element_2/value'
18:24:24.301 [Forwarding sendKeysToElement on session 3b9c2ac3b732635c7c9496e8a917e367 to remote] DEBUG org.asynchttpclient.netty.request.NettyRequestSender - Using open Channel [id: 0x0db652f2, L:/127.0.0.1:52111 - R:localhost/127.0.0.1:38569] for POST '/session/3b9c2ac3b732635c7c9496e8a917e367/element/8788A026482A3ED5715D0357F6B9B734_element_2/value'
18:24:24.349 [AsyncHttpClient-1-8] DEBUG org.asynchttpclient.netty.handler.HttpHandler - 

Request DefaultHttpRequest(decodeResult: success, version: HTTP/1.1)
POST /session/3b9c2ac3b732635c7c9496e8a917e367/element/8788A026482A3ED5715D0357F6B9B734_element_2/value HTTP/1.1
User-Agent: selenium/4.8.1 (java windows)
Content-Length: 187
Content-Type: application/json; charset=utf-8
host: localhost:38569
accept: */*

Response DefaultHttpResponse(decodeResult: success, version: HTTP/1.1)
HTTP/1.1 200 OK
Content-Length: 14
Content-Type: application/json; charset=utf-8
cache-control: no-cache

18:24:24.349 [AsyncHttpClient-1-8] DEBUG org.asynchttpclient.netty.channel.ChannelManager - Adding key: http://localhost:38569 for channel [id: 0x0db652f2, L:/127.0.0.1:52111 - R:localhost/127.0.0.1:38569]
18:24:24.355 [Forwarding getAlertText on session 3b9c2ac3b732635c7c9496e8a917e367 to remote] DEBUG org.asynchttpclient.netty.request.NettyRequestSender - Using pooled Channel '[id: 0x0db652f2, L:/127.0.0.1:52111 - R:localhost/127.0.0.1:38569]' for 'GET' to 'http://localhost:38569/session/3b9c2ac3b732635c7c9496e8a917e367/alert/text'
18:24:24.355 [Forwarding getAlertText on session 3b9c2ac3b732635c7c9496e8a917e367 to remote] DEBUG org.asynchttpclient.netty.request.NettyRequestSender - Using open Channel [id: 0x0db652f2, L:/127.0.0.1:52111 - R:localhost/127.0.0.1:38569] for GET '/session/3b9c2ac3b732635c7c9496e8a917e367/alert/text'
18:24:24.356 [AsyncHttpClient-1-8] DEBUG org.asynchttpclient.netty.handler.HttpHandler - 

Request DefaultFullHttpRequest(decodeResult: success, version: HTTP/1.1, content: EmptyByteBufBE)
GET /session/3b9c2ac3b732635c7c9496e8a917e367/alert/text HTTP/1.1
User-Agent: selenium/4.8.1 (java windows)
Cache-Control: no-cache
Content-Type: application/json; charset=utf-8
host: localhost:38569
accept: */*

Response DefaultHttpResponse(decodeResult: success, version: HTTP/1.1)
HTTP/1.1 404 Not Found
Content-Length: 821
Content-Type: application/json; charset=utf-8
cache-control: no-cache

18:24:24.357 [AsyncHttpClient-1-8] DEBUG org.asynchttpclient.netty.channel.ChannelManager - Adding key: http://localhost:38569 for channel [id: 0x0db652f2, L:/127.0.0.1:52111 - R:localhost/127.0.0.1:38569]
18:24:24.357 [Forwarding getCurrentUrl on session 3b9c2ac3b732635c7c9496e8a917e367 to remote] DEBUG org.asynchttpclient.netty.request.NettyRequestSender - Using pooled Channel '[id: 0x0db652f2, L:/127.0.0.1:52111 - R:localhost/127.0.0.1:38569]' for 'GET' to 'http://localhost:38569/session/3b9c2ac3b732635c7c9496e8a917e367/url'
18:24:24.357 [Forwarding getCurrentUrl on session 3b9c2ac3b732635c7c9496e8a917e367 to remote] DEBUG org.asynchttpclient.netty.request.NettyRequestSender - Using open Channel [id: 0x0db652f2, L:/127.0.0.1:52111 - R:localhost/127.0.0.1:38569] for GET '/session/3b9c2ac3b732635c7c9496e8a917e367/url'
18:24:24.360 [AsyncHttpClient-1-8] DEBUG org.asynchttpclient.netty.handler.HttpHandler - 

Request DefaultFullHttpRequest(decodeResult: success, version: HTTP/1.1, content: EmptyByteBufBE)
GET /session/3b9c2ac3b732635c7c9496e8a917e367/url HTTP/1.1
User-Agent: selenium/4.8.1 (java windows)
Cache-Control: no-cache
Content-Type: application/json; charset=utf-8
host: localhost:38569
accept: */*

Response DefaultHttpResponse(decodeResult: success, version: HTTP/1.1)
HTTP/1.1 200 OK
Content-Length: 45
Content-Type: application/json; charset=utf-8
cache-control: no-cache

18:24:24.360 [AsyncHttpClient-1-8] DEBUG org.asynchttpclient.netty.channel.ChannelManager - Adding key: http://localhost:38569 for channel [id: 0x0db652f2, L:/127.0.0.1:52111 - R:localhost/127.0.0.1:38569]
18:24:24.361 [Forwarding screenshot on session 3b9c2ac3b732635c7c9496e8a917e367 to remote] DEBUG org.asynchttpclient.netty.request.NettyRequestSender - Using pooled Channel '[id: 0x0db652f2, L:/127.0.0.1:52111 - R:localhost/127.0.0.1:38569]' for 'GET' to 'http://localhost:38569/session/3b9c2ac3b732635c7c9496e8a917e367/screenshot'
18:24:24.361 [Forwarding screenshot on session 3b9c2ac3b732635c7c9496e8a917e367 to remote] DEBUG org.asynchttpclient.netty.request.NettyRequestSender - Using open Channel [id: 0x0db652f2, L:/127.0.0.1:52111 - R:localhost/127.0.0.1:38569] for GET '/session/3b9c2ac3b732635c7c9496e8a917e367/screenshot'
18:24:24.407 [AsyncHttpClient-1-1] DEBUG org.asynchttpclient.netty.channel.DefaultChannelPool - Entry count for : http://localhost:52113 : 1
18:24:24.424 [AsyncHttpClient-1-8] DEBUG org.asynchttpclient.netty.handler.HttpHandler - 

Request DefaultFullHttpRequest(decodeResult: success, version: HTTP/1.1, content: EmptyByteBufBE)
GET /session/3b9c2ac3b732635c7c9496e8a917e367/screenshot HTTP/1.1
User-Agent: selenium/4.8.1 (java windows)
Cache-Control: no-cache
Content-Type: application/json; charset=utf-8
host: localhost:38569
accept: */*

Response DefaultHttpResponse(decodeResult: success, version: HTTP/1.1)
HTTP/1.1 200 OK
Content-Length: 38124
Content-Type: application/json; charset=utf-8
cache-control: no-cache

18:24:24.424 [AsyncHttpClient-1-8] DEBUG org.asynchttpclient.netty.channel.ChannelManager - Adding key: http://localhost:38569 for channel [id: 0x0db652f2, L:/127.0.0.1:52111 - R:localhost/127.0.0.1:38569]
18:24:24.425 [main] DEBUG net.serenitybdd.core.photography.Darkroom - Send negative for processing for target\site\serenity\bb1015ae4408d08f6ea0b221fd242434c06f0209897155f22826a46d66d9a875.png
18:24:24.426 [main] DEBUG net.thucydides.core.steps.StepInterceptor - STEP DONE: inputPassword
  &amp#27;[32mAnd &amp#27;[0m&amp#27;[32mI type correct password&amp#27;[0m                    &amp#27;[90m# starter.stepdefinitions.LoginSteps.inputPassword()&amp#27;[0m
18:24:24.426 [Darkroom Processing Line] DEBUG net.serenitybdd.core.photography.DarkroomProcessingLine - Processing screenshot image in /var/screenshots/screenshot-18143103164281619226
18:24:24.426 [Darkroom Processing Line] DEBUG net.serenitybdd.core.photography.DarkroomProcessingLine - Saving screenshot to target\site\serenity\bb1015ae4408d08f6ea0b221fd242434c06f0209897155f22826a46d66d9a875.png
18:24:24.431 [Forwarding getPageSource on session 3b9c2ac3b732635c7c9496e8a917e367 to remote] DEBUG org.asynchttpclient.netty.request.NettyRequestSender - Using pooled Channel '[id: 0x0db652f2, L:/127.0.0.1:52111 - R:localhost/127.0.0.1:38569]' for 'POST' to 'http://localhost:38569/session/3b9c2ac3b732635c7c9496e8a917e367/execute/sync'
18:24:24.431 [Forwarding getPageSource on session 3b9c2ac3b732635c7c9496e8a917e367 to remote] DEBUG org.asynchttpclient.netty.request.NettyRequestSender - Using open Channel [id: 0x0db652f2, L:/127.0.0.1:52111 - R:localhost/127.0.0.1:38569] for POST '/session/3b9c2ac3b732635c7c9496e8a917e367/execute/sync'
18:24:24.436 [AsyncHttpClient-1-8] DEBUG org.asynchttpclient.netty.handler.HttpHandler - 

Request DefaultHttpRequest(decodeResult: success, version: HTTP/1.1)
POST /session/3b9c2ac3b732635c7c9496e8a917e367/execute/sync HTTP/1.1
User-Agent: selenium/4.8.1 (java windows)
Content-Length: 176
Content-Type: application/json; charset=utf-8
host: localhost:38569
accept: */*

Response DefaultHttpResponse(decodeResult: success, version: HTTP/1.1)
HTTP/1.1 200 OK
Content-Length: 9143
Content-Type: application/json; charset=utf-8
cache-control: no-cache

18:24:24.436 [AsyncHttpClient-1-8] DEBUG org.asynchttpclient.netty.channel.ChannelManager - Adding key: http://localhost:38569 for channel [id: 0x0db652f2, L:/127.0.0.1:52111 - R:localhost/127.0.0.1:38569]
18:24:24.437 [Forwarding getCurrentUrl on session 3b9c2ac3b732635c7c9496e8a917e367 to remote] DEBUG org.asynchttpclient.netty.request.NettyRequestSender - Using pooled Channel '[id: 0x0db652f2, L:/127.0.0.1:52111 - R:localhost/127.0.0.1:38569]' for 'GET' to 'http://localhost:38569/session/3b9c2ac3b732635c7c9496e8a917e367/url'
18:24:24.437 [Forwarding getCurrentUrl on session 3b9c2ac3b732635c7c9496e8a917e367 to remote] DEBUG org.asynchttpclient.netty.request.NettyRequestSender - Using open Channel [id: 0x0db652f2, L:/127.0.0.1:52111 - R:localhost/127.0.0.1:38569] for GET '/session/3b9c2ac3b732635c7c9496e8a917e367/url'
18:24:24.442 [AsyncHttpClient-1-8] DEBUG org.asynchttpclient.netty.handler.HttpHandler - 

Request DefaultFullHttpRequest(decodeResult: success, version: HTTP/1.1, content: EmptyByteBufBE)
GET /session/3b9c2ac3b732635c7c9496e8a917e367/url HTTP/1.1
User-Agent: selenium/4.8.1 (java windows)
Cache-Control: no-cache
Content-Type: application/json; charset=utf-8
host: localhost:38569
accept: */*

Response DefaultHttpResponse(decodeResult: success, version: HTTP/1.1)
HTTP/1.1 200 OK
Content-Length: 45
Content-Type: application/json; charset=utf-8
cache-control: no-cache

18:24:24.442 [AsyncHttpClient-1-8] DEBUG org.asynchttpclient.netty.channel.ChannelManager - Adding key: http://localhost:38569 for channel [id: 0x0db652f2, L:/127.0.0.1:52111 - R:localhost/127.0.0.1:38569]
18:24:24.448 [Forwarding getPageSource on session 3b9c2ac3b732635c7c9496e8a917e367 to remote] DEBUG org.asynchttpclient.netty.request.NettyRequestSender - Using pooled Channel '[id: 0x0db652f2, L:/127.0.0.1:52111 - R:localhost/127.0.0.1:38569]' for 'POST' to 'http://localhost:38569/session/3b9c2ac3b732635c7c9496e8a917e367/execute/sync'
18:24:24.448 [Forwarding getPageSource on session 3b9c2ac3b732635c7c9496e8a917e367 to remote] DEBUG org.asynchttpclient.netty.request.NettyRequestSender - Using open Channel [id: 0x0db652f2, L:/127.0.0.1:52111 - R:localhost/127.0.0.1:38569] for POST '/session/3b9c2ac3b732635c7c9496e8a917e367/execute/sync'
18:24:24.453 [AsyncHttpClient-1-8] DEBUG org.asynchttpclient.netty.handler.HttpHandler - 

Request DefaultHttpRequest(decodeResult: success, version: HTTP/1.1)
POST /session/3b9c2ac3b732635c7c9496e8a917e367/execute/sync HTTP/1.1
User-Agent: selenium/4.8.1 (java windows)
Content-Length: 176
Content-Type: application/json; charset=utf-8
host: localhost:38569
accept: */*

Response DefaultHttpResponse(decodeResult: success, version: HTTP/1.1)
HTTP/1.1 200 OK
Content-Length: 9143
Content-Type: application/json; charset=utf-8
cache-control: no-cache

18:24:24.453 [AsyncHttpClient-1-8] DEBUG org.asynchttpclient.netty.channel.ChannelManager - Adding key: http://localhost:38569 for channel [id: 0x0db652f2, L:/127.0.0.1:52111 - R:localhost/127.0.0.1:38569]
18:24:24.455 [Forwarding getCurrentUrl on session 3b9c2ac3b732635c7c9496e8a917e367 to remote] DEBUG org.asynchttpclient.netty.request.NettyRequestSender - Using pooled Channel '[id: 0x0db652f2, L:/127.0.0.1:52111 - R:localhost/127.0.0.1:38569]' for 'GET' to 'http://localhost:38569/session/3b9c2ac3b732635c7c9496e8a917e367/url'
18:24:24.455 [Forwarding getCurrentUrl on session 3b9c2ac3b732635c7c9496e8a917e367 to remote] DEBUG org.asynchttpclient.netty.request.NettyRequestSender - Using open Channel [id: 0x0db652f2, L:/127.0.0.1:52111 - R:localhost/127.0.0.1:38569] for GET '/session/3b9c2ac3b732635c7c9496e8a917e367/url'
18:24:24.461 [AsyncHttpClient-1-8] DEBUG org.asynchttpclient.netty.handler.HttpHandler - 

Request DefaultFullHttpRequest(decodeResult: success, version: HTTP/1.1, content: EmptyByteBufBE)
GET /session/3b9c2ac3b732635c7c9496e8a917e367/url HTTP/1.1
User-Agent: selenium/4.8.1 (java windows)
Cache-Control: no-cache
Content-Type: application/json; charset=utf-8
host: localhost:38569
accept: */*

Response DefaultHttpResponse(decodeResult: success, version: HTTP/1.1)
HTTP/1.1 200 OK
Content-Length: 45
Content-Type: application/json; charset=utf-8
cache-control: no-cache

18:24:24.462 [AsyncHttpClient-1-8] DEBUG org.asynchttpclient.netty.channel.ChannelManager - Adding key: http://localhost:38569 for channel [id: 0x0db652f2, L:/127.0.0.1:52111 - R:localhost/127.0.0.1:38569]
18:24:24.465 [main] DEBUG net.thucydides.core.steps.StepInterceptor - STARTING STEP: LoginSteps.clickLoginButton - clickLoginButton
18:24:24.468 [Forwarding findElement on session 3b9c2ac3b732635c7c9496e8a917e367 to remote] DEBUG org.asynchttpclient.netty.request.NettyRequestSender - Using pooled Channel '[id: 0x0db652f2, L:/127.0.0.1:52111 - R:localhost/127.0.0.1:38569]' for 'POST' to 'http://localhost:38569/session/3b9c2ac3b732635c7c9496e8a917e367/element'
18:24:24.468 [Forwarding findElement on session 3b9c2ac3b732635c7c9496e8a917e367 to remote] DEBUG org.asynchttpclient.netty.request.NettyRequestSender - Using open Channel [id: 0x0db652f2, L:/127.0.0.1:52111 - R:localhost/127.0.0.1:38569] for POST '/session/3b9c2ac3b732635c7c9496e8a917e367/element'
18:24:24.476 [AsyncHttpClient-1-8] DEBUG org.asynchttpclient.netty.handler.HttpHandler - 

Request DefaultHttpRequest(decodeResult: success, version: HTTP/1.1)
POST /session/3b9c2ac3b732635c7c9496e8a917e367/element HTTP/1.1
User-Agent: selenium/4.8.1 (java windows)
Content-Length: 63
Content-Type: application/json; charset=utf-8
host: localhost:38569
accept: */*

Response DefaultHttpResponse(decodeResult: success, version: HTTP/1.1)
HTTP/1.1 200 OK
Content-Length: 95
Content-Type: application/json; charset=utf-8
cache-control: no-cache

18:24:24.476 [AsyncHttpClient-1-8] DEBUG org.asynchttpclient.netty.channel.ChannelManager - Adding key: http://localhost:38569 for channel [id: 0x0db652f2, L:/127.0.0.1:52111 - R:localhost/127.0.0.1:38569]
18:24:24.478 [Forwarding getElementTagName on session 3b9c2ac3b732635c7c9496e8a917e367 to remote] DEBUG org.asynchttpclient.netty.request.NettyRequestSender - Using pooled Channel '[id: 0x0db652f2, L:/127.0.0.1:52111 - R:localhost/127.0.0.1:38569]' for 'GET' to 'http://localhost:38569/session/3b9c2ac3b732635c7c9496e8a917e367/element/8788A026482A3ED5715D0357F6B9B734_element_11/name'
18:24:24.478 [Forwarding getElementTagName on session 3b9c2ac3b732635c7c9496e8a917e367 to remote] DEBUG org.asynchttpclient.netty.request.NettyRequestSender - Using open Channel [id: 0x0db652f2, L:/127.0.0.1:52111 - R:localhost/127.0.0.1:38569] for GET '/session/3b9c2ac3b732635c7c9496e8a917e367/element/8788A026482A3ED5715D0357F6B9B734_element_11/name'
18:24:24.482 [AsyncHttpClient-1-8] DEBUG org.asynchttpclient.netty.handler.HttpHandler - 

Request DefaultFullHttpRequest(decodeResult: success, version: HTTP/1.1, content: EmptyByteBufBE)
GET /session/3b9c2ac3b732635c7c9496e8a917e367/element/8788A026482A3ED5715D0357F6B9B734_element_11/name HTTP/1.1
User-Agent: selenium/4.8.1 (java windows)
Cache-Control: no-cache
Content-Type: application/json; charset=utf-8
host: localhost:38569
accept: */*

Response DefaultHttpResponse(decodeResult: success, version: HTTP/1.1)
HTTP/1.1 200 OK
Content-Length: 18
Content-Type: application/json; charset=utf-8
cache-control: no-cache

18:24:24.482 [AsyncHttpClient-1-8] DEBUG org.asynchttpclient.netty.channel.ChannelManager - Adding key: http://localhost:38569 for channel [id: 0x0db652f2, L:/127.0.0.1:52111 - R:localhost/127.0.0.1:38569]
18:24:24.483 [Forwarding getElementTagName on session 3b9c2ac3b732635c7c9496e8a917e367 to remote] DEBUG org.asynchttpclient.netty.request.NettyRequestSender - Using pooled Channel '[id: 0x0db652f2, L:/127.0.0.1:52111 - R:localhost/127.0.0.1:38569]' for 'GET' to 'http://localhost:38569/session/3b9c2ac3b732635c7c9496e8a917e367/element/8788A026482A3ED5715D0357F6B9B734_element_11/name'
18:24:24.483 [Forwarding getElementTagName on session 3b9c2ac3b732635c7c9496e8a917e367 to remote] DEBUG org.asynchttpclient.netty.request.NettyRequestSender - Using open Channel [id: 0x0db652f2, L:/127.0.0.1:52111 - R:localhost/127.0.0.1:38569] for GET '/session/3b9c2ac3b732635c7c9496e8a917e367/element/8788A026482A3ED5715D0357F6B9B734_element_11/name'
18:24:24.487 [AsyncHttpClient-1-8] DEBUG org.asynchttpclient.netty.handler.HttpHandler - 

Request DefaultFullHttpRequest(decodeResult: success, version: HTTP/1.1, content: EmptyByteBufBE)
GET /session/3b9c2ac3b732635c7c9496e8a917e367/element/8788A026482A3ED5715D0357F6B9B734_element_11/name HTTP/1.1
User-Agent: selenium/4.8.1 (java windows)
Cache-Control: no-cache
Content-Type: application/json; charset=utf-8
host: localhost:38569
accept: */*

Response DefaultHttpResponse(decodeResult: success, version: HTTP/1.1)
HTTP/1.1 200 OK
Content-Length: 18
Content-Type: application/json; charset=utf-8
cache-control: no-cache

18:24:24.487 [AsyncHttpClient-1-8] DEBUG org.asynchttpclient.netty.channel.ChannelManager - Adding key: http://localhost:38569 for channel [id: 0x0db652f2, L:/127.0.0.1:52111 - R:localhost/127.0.0.1:38569]
18:24:24.489 [Forwarding isElementEnabled on session 3b9c2ac3b732635c7c9496e8a917e367 to remote] DEBUG org.asynchttpclient.netty.request.NettyRequestSender - Using pooled Channel '[id: 0x0db652f2, L:/127.0.0.1:52111 - R:localhost/127.0.0.1:38569]' for 'GET' to 'http://localhost:38569/session/3b9c2ac3b732635c7c9496e8a917e367/element/8788A026482A3ED5715D0357F6B9B734_element_11/enabled'
18:24:24.489 [Forwarding isElementEnabled on session 3b9c2ac3b732635c7c9496e8a917e367 to remote] DEBUG org.asynchttpclient.netty.request.NettyRequestSender - Using open Channel [id: 0x0db652f2, L:/127.0.0.1:52111 - R:localhost/127.0.0.1:38569] for GET '/session/3b9c2ac3b732635c7c9496e8a917e367/element/8788A026482A3ED5715D0357F6B9B734_element_11/enabled'
18:24:24.493 [AsyncHttpClient-1-8] DEBUG org.asynchttpclient.netty.handler.HttpHandler - 

Request DefaultFullHttpRequest(decodeResult: success, version: HTTP/1.1, content: EmptyByteBufBE)
GET /session/3b9c2ac3b732635c7c9496e8a917e367/element/8788A026482A3ED5715D0357F6B9B734_element_11/enabled HTTP/1.1
User-Agent: selenium/4.8.1 (java windows)
Cache-Control: no-cache
Content-Type: application/json; charset=utf-8
host: localhost:38569
accept: */*

Response DefaultHttpResponse(decodeResult: success, version: HTTP/1.1)
HTTP/1.1 200 OK
Content-Length: 14
Content-Type: application/json; charset=utf-8
cache-control: no-cache

18:24:24.493 [AsyncHttpClient-1-8] DEBUG org.asynchttpclient.netty.channel.ChannelManager - Adding key: http://localhost:38569 for channel [id: 0x0db652f2, L:/127.0.0.1:52111 - R:localhost/127.0.0.1:38569]
18:24:24.495 [Forwarding isElementEnabled on session 3b9c2ac3b732635c7c9496e8a917e367 to remote] DEBUG org.asynchttpclient.netty.request.NettyRequestSender - Using pooled Channel '[id: 0x0db652f2, L:/127.0.0.1:52111 - R:localhost/127.0.0.1:38569]' for 'GET' to 'http://localhost:38569/session/3b9c2ac3b732635c7c9496e8a917e367/element/8788A026482A3ED5715D0357F6B9B734_element_11/enabled'
18:24:24.495 [Forwarding isElementEnabled on session 3b9c2ac3b732635c7c9496e8a917e367 to remote] DEBUG org.asynchttpclient.netty.request.NettyRequestSender - Using open Channel [id: 0x0db652f2, L:/127.0.0.1:52111 - R:localhost/127.0.0.1:38569] for GET '/session/3b9c2ac3b732635c7c9496e8a917e367/element/8788A026482A3ED5715D0357F6B9B734_element_11/enabled'
18:24:24.500 [AsyncHttpClient-1-8] DEBUG org.asynchttpclient.netty.handler.HttpHandler - 

Request DefaultFullHttpRequest(decodeResult: success, version: HTTP/1.1, content: EmptyByteBufBE)
GET /session/3b9c2ac3b732635c7c9496e8a917e367/element/8788A026482A3ED5715D0357F6B9B734_element_11/enabled HTTP/1.1
User-Agent: selenium/4.8.1 (java windows)
Cache-Control: no-cache
Content-Type: application/json; charset=utf-8
host: localhost:38569
accept: */*

Response DefaultHttpResponse(decodeResult: success, version: HTTP/1.1)
HTTP/1.1 200 OK
Content-Length: 14
Content-Type: application/json; charset=utf-8
cache-control: no-cache

18:24:24.500 [AsyncHttpClient-1-8] DEBUG org.asynchttpclient.netty.channel.ChannelManager - Adding key: http://localhost:38569 for channel [id: 0x0db652f2, L:/127.0.0.1:52111 - R:localhost/127.0.0.1:38569]
18:24:24.501 [Forwarding findElement on session 3b9c2ac3b732635c7c9496e8a917e367 to remote] DEBUG org.asynchttpclient.netty.request.NettyRequestSender - Using pooled Channel '[id: 0x0db652f2, L:/127.0.0.1:52111 - R:localhost/127.0.0.1:38569]' for 'POST' to 'http://localhost:38569/session/3b9c2ac3b732635c7c9496e8a917e367/element'
18:24:24.501 [Forwarding findElement on session 3b9c2ac3b732635c7c9496e8a917e367 to remote] DEBUG org.asynchttpclient.netty.request.NettyRequestSender - Using open Channel [id: 0x0db652f2, L:/127.0.0.1:52111 - R:localhost/127.0.0.1:38569] for POST '/session/3b9c2ac3b732635c7c9496e8a917e367/element'
18:24:24.506 [AsyncHttpClient-1-8] DEBUG org.asynchttpclient.netty.handler.HttpHandler - 

Request DefaultHttpRequest(decodeResult: success, version: HTTP/1.1)
POST /session/3b9c2ac3b732635c7c9496e8a917e367/element HTTP/1.1
User-Agent: selenium/4.8.1 (java windows)
Content-Length: 63
Content-Type: application/json; charset=utf-8
host: localhost:38569
accept: */*

Response DefaultHttpResponse(decodeResult: success, version: HTTP/1.1)
HTTP/1.1 200 OK
Content-Length: 95
Content-Type: application/json; charset=utf-8
cache-control: no-cache

18:24:24.506 [AsyncHttpClient-1-8] DEBUG org.asynchttpclient.netty.channel.ChannelManager - Adding key: http://localhost:38569 for channel [id: 0x0db652f2, L:/127.0.0.1:52111 - R:localhost/127.0.0.1:38569]
18:24:24.507 [Forwarding clickElement on session 3b9c2ac3b732635c7c9496e8a917e367 to remote] DEBUG org.asynchttpclient.netty.request.NettyRequestSender - Using pooled Channel '[id: 0x0db652f2, L:/127.0.0.1:52111 - R:localhost/127.0.0.1:38569]' for 'POST' to 'http://localhost:38569/session/3b9c2ac3b732635c7c9496e8a917e367/element/8788A026482A3ED5715D0357F6B9B734_element_11/click'
18:24:24.507 [Forwarding clickElement on session 3b9c2ac3b732635c7c9496e8a917e367 to remote] DEBUG org.asynchttpclient.netty.request.NettyRequestSender - Using open Channel [id: 0x0db652f2, L:/127.0.0.1:52111 - R:localhost/127.0.0.1:38569] for POST '/session/3b9c2ac3b732635c7c9496e8a917e367/element/8788A026482A3ED5715D0357F6B9B734_element_11/click'
18:24:24.537 [AsyncHttpClient-1-8] DEBUG org.asynchttpclient.netty.handler.HttpHandler - 

Request DefaultHttpRequest(decodeResult: success, version: HTTP/1.1)
POST /session/3b9c2ac3b732635c7c9496e8a917e367/element/8788A026482A3ED5715D0357F6B9B734_element_11/click HTTP/1.1
User-Agent: selenium/4.8.1 (java windows)
Content-Length: 57
Content-Type: application/json; charset=utf-8
host: localhost:38569
accept: */*

Response DefaultHttpResponse(decodeResult: success, version: HTTP/1.1)
HTTP/1.1 200 OK
Content-Length: 14
Content-Type: application/json; charset=utf-8
cache-control: no-cache

18:24:24.537 [AsyncHttpClient-1-8] DEBUG org.asynchttpclient.netty.channel.ChannelManager - Adding key: http://localhost:38569 for channel [id: 0x0db652f2, L:/127.0.0.1:52111 - R:localhost/127.0.0.1:38569]
18:24:24.541 [Forwarding getAlertText on session 3b9c2ac3b732635c7c9496e8a917e367 to remote] DEBUG org.asynchttpclient.netty.request.NettyRequestSender - Using pooled Channel '[id: 0x0db652f2, L:/127.0.0.1:52111 - R:localhost/127.0.0.1:38569]' for 'GET' to 'http://localhost:38569/session/3b9c2ac3b732635c7c9496e8a917e367/alert/text'
18:24:24.541 [Forwarding getAlertText on session 3b9c2ac3b732635c7c9496e8a917e367 to remote] DEBUG org.asynchttpclient.netty.request.NettyRequestSender - Using open Channel [id: 0x0db652f2, L:/127.0.0.1:52111 - R:localhost/127.0.0.1:38569] for GET '/session/3b9c2ac3b732635c7c9496e8a917e367/alert/text'
18:24:24.542 [AsyncHttpClient-1-8] DEBUG org.asynchttpclient.netty.handler.HttpHandler - 

Request DefaultFullHttpRequest(decodeResult: success, version: HTTP/1.1, content: EmptyByteBufBE)
GET /session/3b9c2ac3b732635c7c9496e8a917e367/alert/text HTTP/1.1
User-Agent: selenium/4.8.1 (java windows)
Cache-Control: no-cache
Content-Type: application/json; charset=utf-8
host: localhost:38569
accept: */*

Response DefaultHttpResponse(decodeResult: success, version: HTTP/1.1)
HTTP/1.1 404 Not Found
Content-Length: 821
Content-Type: application/json; charset=utf-8
cache-control: no-cache

18:24:24.542 [AsyncHttpClient-1-8] DEBUG org.asynchttpclient.netty.channel.ChannelManager - Adding key: http://localhost:38569 for channel [id: 0x0db652f2, L:/127.0.0.1:52111 - R:localhost/127.0.0.1:38569]
18:24:24.543 [Forwarding getCurrentUrl on session 3b9c2ac3b732635c7c9496e8a917e367 to remote] DEBUG org.asynchttpclient.netty.request.NettyRequestSender - Using pooled Channel '[id: 0x0db652f2, L:/127.0.0.1:52111 - R:localhost/127.0.0.1:38569]' for 'GET' to 'http://localhost:38569/session/3b9c2ac3b732635c7c9496e8a917e367/url'
18:24:24.543 [Forwarding getCurrentUrl on session 3b9c2ac3b732635c7c9496e8a917e367 to remote] DEBUG org.asynchttpclient.netty.request.NettyRequestSender - Using open Channel [id: 0x0db652f2, L:/127.0.0.1:52111 - R:localhost/127.0.0.1:38569] for GET '/session/3b9c2ac3b732635c7c9496e8a917e367/url'
18:24:24.547 [AsyncHttpClient-1-8] DEBUG org.asynchttpclient.netty.handler.HttpHandler - 

Request DefaultFullHttpRequest(decodeResult: success, version: HTTP/1.1, content: EmptyByteBufBE)
GET /session/3b9c2ac3b732635c7c9496e8a917e367/url HTTP/1.1
User-Agent: selenium/4.8.1 (java windows)
Cache-Control: no-cache
Content-Type: application/json; charset=utf-8
host: localhost:38569
accept: */*

Response DefaultHttpResponse(decodeResult: success, version: HTTP/1.1)
HTTP/1.1 200 OK
Content-Length: 45
Content-Type: application/json; charset=utf-8
cache-control: no-cache

18:24:24.547 [AsyncHttpClient-1-8] DEBUG org.asynchttpclient.netty.channel.ChannelManager - Adding key: http://localhost:38569 for channel [id: 0x0db652f2, L:/127.0.0.1:52111 - R:localhost/127.0.0.1:38569]
18:24:24.548 [Forwarding screenshot on session 3b9c2ac3b732635c7c9496e8a917e367 to remote] DEBUG org.asynchttpclient.netty.request.NettyRequestSender - Using pooled Channel '[id: 0x0db652f2, L:/127.0.0.1:52111 - R:localhost/127.0.0.1:38569]' for 'GET' to 'http://localhost:38569/session/3b9c2ac3b732635c7c9496e8a917e367/screenshot'
18:24:24.548 [Forwarding screenshot on session 3b9c2ac3b732635c7c9496e8a917e367 to remote] DEBUG org.asynchttpclient.netty.request.NettyRequestSender - Using open Channel [id: 0x0db652f2, L:/127.0.0.1:52111 - R:localhost/127.0.0.1:38569] for GET '/session/3b9c2ac3b732635c7c9496e8a917e367/screenshot'
18:24:24.626 [AsyncHttpClient-1-8] DEBUG org.asynchttpclient.netty.handler.HttpHandler - 

Request DefaultFullHttpRequest(decodeResult: success, version: HTTP/1.1, content: EmptyByteBufBE)
GET /session/3b9c2ac3b732635c7c9496e8a917e367/screenshot HTTP/1.1
User-Agent: selenium/4.8.1 (java windows)
Cache-Control: no-cache
Content-Type: application/json; charset=utf-8
host: localhost:38569
accept: */*

Response DefaultHttpResponse(decodeResult: success, version: HTTP/1.1)
HTTP/1.1 200 OK
Content-Length: 35200
Content-Type: application/json; charset=utf-8
cache-control: no-cache

18:24:24.626 [AsyncHttpClient-1-8] DEBUG org.asynchttpclient.netty.channel.ChannelManager - Adding key: http://localhost:38569 for channel [id: 0x0db652f2, L:/127.0.0.1:52111 - R:localhost/127.0.0.1:38569]
18:24:24.627 [main] DEBUG net.serenitybdd.core.photography.Darkroom - Send negative for processing for target\site\serenity\0f08371f3c3f76a66159c555af1df23689409cbd2d98f2a0b05e0b93500d467f.png
18:24:24.627 [main] DEBUG net.thucydides.core.steps.StepInterceptor - STEP DONE: clickLoginButton
  &amp#27;[32mWhen &amp#27;[0m&amp#27;[32mI click on the login button&amp#27;[0m               &amp#27;[90m# starter.stepdefinitions.LoginSteps.clickLoginButton()&amp#27;[0m
18:24:24.627 [Darkroom Processing Line] DEBUG net.serenitybdd.core.photography.DarkroomProcessingLine - Processing screenshot image in /var/screenshots/screenshot-12137542328736836474
18:24:24.627 [Darkroom Processing Line] DEBUG net.serenitybdd.core.photography.DarkroomProcessingLine - Saving screenshot to target\site\serenity\0f08371f3c3f76a66159c555af1df23689409cbd2d98f2a0b05e0b93500d467f.png
18:24:24.635 [Forwarding getPageSource on session 3b9c2ac3b732635c7c9496e8a917e367 to remote] DEBUG org.asynchttpclient.netty.request.NettyRequestSender - Using pooled Channel '[id: 0x0db652f2, L:/127.0.0.1:52111 - R:localhost/127.0.0.1:38569]' for 'POST' to 'http://localhost:38569/session/3b9c2ac3b732635c7c9496e8a917e367/execute/sync'
18:24:24.635 [Forwarding getPageSource on session 3b9c2ac3b732635c7c9496e8a917e367 to remote] DEBUG org.asynchttpclient.netty.request.NettyRequestSender - Using open Channel [id: 0x0db652f2, L:/127.0.0.1:52111 - R:localhost/127.0.0.1:38569] for POST '/session/3b9c2ac3b732635c7c9496e8a917e367/execute/sync'
18:24:24.640 [AsyncHttpClient-1-8] DEBUG org.asynchttpclient.netty.handler.HttpHandler - 

Request DefaultHttpRequest(decodeResult: success, version: HTTP/1.1)
POST /session/3b9c2ac3b732635c7c9496e8a917e367/execute/sync HTTP/1.1
User-Agent: selenium/4.8.1 (java windows)
Content-Length: 176
Content-Type: application/json; charset=utf-8
host: localhost:38569
accept: */*

Response DefaultHttpResponse(decodeResult: success, version: HTTP/1.1)
HTTP/1.1 200 OK
Content-Length: 9114
Content-Type: application/json; charset=utf-8
cache-control: no-cache

18:24:24.640 [AsyncHttpClient-1-8] DEBUG org.asynchttpclient.netty.channel.ChannelManager - Adding key: http://localhost:38569 for channel [id: 0x0db652f2, L:/127.0.0.1:52111 - R:localhost/127.0.0.1:38569]
18:24:24.641 [Forwarding getCurrentUrl on session 3b9c2ac3b732635c7c9496e8a917e367 to remote] DEBUG org.asynchttpclient.netty.request.NettyRequestSender - Using pooled Channel '[id: 0x0db652f2, L:/127.0.0.1:52111 - R:localhost/127.0.0.1:38569]' for 'GET' to 'http://localhost:38569/session/3b9c2ac3b732635c7c9496e8a917e367/url'
18:24:24.641 [Forwarding getCurrentUrl on session 3b9c2ac3b732635c7c9496e8a917e367 to remote] DEBUG org.asynchttpclient.netty.request.NettyRequestSender - Using open Channel [id: 0x0db652f2, L:/127.0.0.1:52111 - R:localhost/127.0.0.1:38569] for GET '/session/3b9c2ac3b732635c7c9496e8a917e367/url'
18:24:24.646 [AsyncHttpClient-1-8] DEBUG org.asynchttpclient.netty.handler.HttpHandler - 

Request DefaultFullHttpRequest(decodeResult: success, version: HTTP/1.1, content: EmptyByteBufBE)
GET /session/3b9c2ac3b732635c7c9496e8a917e367/url HTTP/1.1
User-Agent: selenium/4.8.1 (java windows)
Cache-Control: no-cache
Content-Type: application/json; charset=utf-8
host: localhost:38569
accept: */*

Response DefaultHttpResponse(decodeResult: success, version: HTTP/1.1)
HTTP/1.1 200 OK
Content-Length: 45
Content-Type: application/json; charset=utf-8
cache-control: no-cache

18:24:24.646 [AsyncHttpClient-1-8] DEBUG org.asynchttpclient.netty.channel.ChannelManager - Adding key: http://localhost:38569 for channel [id: 0x0db652f2, L:/127.0.0.1:52111 - R:localhost/127.0.0.1:38569]
18:24:24.651 [Forwarding getPageSource on session 3b9c2ac3b732635c7c9496e8a917e367 to remote] DEBUG org.asynchttpclient.netty.request.NettyRequestSender - Using pooled Channel '[id: 0x0db652f2, L:/127.0.0.1:52111 - R:localhost/127.0.0.1:38569]' for 'POST' to 'http://localhost:38569/session/3b9c2ac3b732635c7c9496e8a917e367/execute/sync'
18:24:24.651 [Forwarding getPageSource on session 3b9c2ac3b732635c7c9496e8a917e367 to remote] DEBUG org.asynchttpclient.netty.request.NettyRequestSender - Using open Channel [id: 0x0db652f2, L:/127.0.0.1:52111 - R:localhost/127.0.0.1:38569] for POST '/session/3b9c2ac3b732635c7c9496e8a917e367/execute/sync'
18:24:24.655 [AsyncHttpClient-1-8] DEBUG org.asynchttpclient.netty.handler.HttpHandler - 

Request DefaultHttpRequest(decodeResult: success, version: HTTP/1.1)
POST /session/3b9c2ac3b732635c7c9496e8a917e367/execute/sync HTTP/1.1
User-Agent: selenium/4.8.1 (java windows)
Content-Length: 176
Content-Type: application/json; charset=utf-8
host: localhost:38569
accept: */*

Response DefaultHttpResponse(decodeResult: success, version: HTTP/1.1)
HTTP/1.1 200 OK
Content-Length: 9114
Content-Type: application/json; charset=utf-8
cache-control: no-cache

18:24:24.656 [AsyncHttpClient-1-8] DEBUG org.asynchttpclient.netty.channel.ChannelManager - Adding key: http://localhost:38569 for channel [id: 0x0db652f2, L:/127.0.0.1:52111 - R:localhost/127.0.0.1:38569]
18:24:24.657 [Forwarding getCurrentUrl on session 3b9c2ac3b732635c7c9496e8a917e367 to remote] DEBUG org.asynchttpclient.netty.request.NettyRequestSender - Using pooled Channel '[id: 0x0db652f2, L:/127.0.0.1:52111 - R:localhost/127.0.0.1:38569]' for 'GET' to 'http://localhost:38569/session/3b9c2ac3b732635c7c9496e8a917e367/url'
18:24:24.657 [Forwarding getCurrentUrl on session 3b9c2ac3b732635c7c9496e8a917e367 to remote] DEBUG org.asynchttpclient.netty.request.NettyRequestSender - Using open Channel [id: 0x0db652f2, L:/127.0.0.1:52111 - R:localhost/127.0.0.1:38569] for GET '/session/3b9c2ac3b732635c7c9496e8a917e367/url'
18:24:24.660 [AsyncHttpClient-1-8] DEBUG org.asynchttpclient.netty.handler.HttpHandler - 

Request DefaultFullHttpRequest(decodeResult: success, version: HTTP/1.1, content: EmptyByteBufBE)
GET /session/3b9c2ac3b732635c7c9496e8a917e367/url HTTP/1.1
User-Agent: selenium/4.8.1 (java windows)
Cache-Control: no-cache
Content-Type: application/json; charset=utf-8
host: localhost:38569
accept: */*

Response DefaultHttpResponse(decodeResult: success, version: HTTP/1.1)
HTTP/1.1 200 OK
Content-Length: 45
Content-Type: application/json; charset=utf-8
cache-control: no-cache

18:24:24.661 [AsyncHttpClient-1-8] DEBUG org.asynchttpclient.netty.channel.ChannelManager - Adding key: http://localhost:38569 for channel [id: 0x0db652f2, L:/127.0.0.1:52111 - R:localhost/127.0.0.1:38569]
18:24:24.662 [main] DEBUG net.thucydides.core.steps.StepInterceptor - STARTING STEP: LoginSteps.checkIncorrectAlert - checkIncorrectAlert
18:24:24.663 [Forwarding findElement on session 3b9c2ac3b732635c7c9496e8a917e367 to remote] DEBUG org.asynchttpclient.netty.request.NettyRequestSender - Using pooled Channel '[id: 0x0db652f2, L:/127.0.0.1:52111 - R:localhost/127.0.0.1:38569]' for 'POST' to 'http://localhost:38569/session/3b9c2ac3b732635c7c9496e8a917e367/element'
18:24:24.664 [Forwarding findElement on session 3b9c2ac3b732635c7c9496e8a917e367 to remote] DEBUG org.asynchttpclient.netty.request.NettyRequestSender - Using open Channel [id: 0x0db652f2, L:/127.0.0.1:52111 - R:localhost/127.0.0.1:38569] for POST '/session/3b9c2ac3b732635c7c9496e8a917e367/element'
18:24:25.357 [AsyncHttpClient-1-8] DEBUG org.asynchttpclient.netty.handler.HttpHandler - 

Request DefaultHttpRequest(decodeResult: success, version: HTTP/1.1)
POST /session/3b9c2ac3b732635c7c9496e8a917e367/element HTTP/1.1
User-Agent: selenium/4.8.1 (java windows)
Content-Length: 123
Content-Type: application/json; charset=utf-8
host: localhost:38569
accept: */*

Response DefaultHttpResponse(decodeResult: success, version: HTTP/1.1)
HTTP/1.1 200 OK
Content-Length: 95
Content-Type: application/json; charset=utf-8
cache-control: no-cache

18:24:25.357 [AsyncHttpClient-1-8] DEBUG org.asynchttpclient.netty.channel.ChannelManager - Adding key: http://localhost:38569 for channel [id: 0x0db652f2, L:/127.0.0.1:52111 - R:localhost/127.0.0.1:38569]
18:24:25.359 [Forwarding isElementDisplayed on session 3b9c2ac3b732635c7c9496e8a917e367 to remote] DEBUG org.asynchttpclient.netty.request.NettyRequestSender - Using pooled Channel '[id: 0x0db652f2, L:/127.0.0.1:52111 - R:localhost/127.0.0.1:38569]' for 'POST' to 'http://localhost:38569/session/3b9c2ac3b732635c7c9496e8a917e367/execute/sync'
18:24:25.360 [Forwarding isElementDisplayed on session 3b9c2ac3b732635c7c9496e8a917e367 to remote] DEBUG org.asynchttpclient.netty.request.NettyRequestSender - Using open Channel [id: 0x0db652f2, L:/127.0.0.1:52111 - R:localhost/127.0.0.1:38569] for POST '/session/3b9c2ac3b732635c7c9496e8a917e367/execute/sync'
18:24:25.372 [AsyncHttpClient-1-8] DEBUG org.asynchttpclient.netty.handler.HttpHandler - 

Request DefaultHttpRequest(decodeResult: success, version: HTTP/1.1)
POST /session/3b9c2ac3b732635c7c9496e8a917e367/execute/sync HTTP/1.1
User-Agent: selenium/4.8.1 (java windows)
Content-Length: 48814
Content-Type: application/json; charset=utf-8
host: localhost:38569
accept: */*

Response DefaultHttpResponse(decodeResult: success, version: HTTP/1.1)
HTTP/1.1 200 OK
Content-Length: 15
Content-Type: application/json; charset=utf-8
cache-control: no-cache

18:24:25.372 [AsyncHttpClient-1-8] DEBUG org.asynchttpclient.netty.channel.ChannelManager - Adding key: http://localhost:38569 for channel [id: 0x0db652f2, L:/127.0.0.1:52111 - R:localhost/127.0.0.1:38569]
18:24:25.375 [Forwarding getAlertText on session 3b9c2ac3b732635c7c9496e8a917e367 to remote] DEBUG org.asynchttpclient.netty.request.NettyRequestSender - Using pooled Channel '[id: 0x0db652f2, L:/127.0.0.1:52111 - R:localhost/127.0.0.1:38569]' for 'GET' to 'http://localhost:38569/session/3b9c2ac3b732635c7c9496e8a917e367/alert/text'
18:24:25.375 [Forwarding getAlertText on session 3b9c2ac3b732635c7c9496e8a917e367 to remote] DEBUG org.asynchttpclient.netty.request.NettyRequestSender - Using open Channel [id: 0x0db652f2, L:/127.0.0.1:52111 - R:localhost/127.0.0.1:38569] for GET '/session/3b9c2ac3b732635c7c9496e8a917e367/alert/text'
18:24:25.376 [AsyncHttpClient-1-8] DEBUG org.asynchttpclient.netty.handler.HttpHandler - 

Request DefaultFullHttpRequest(decodeResult: success, version: HTTP/1.1, content: EmptyByteBufBE)
GET /session/3b9c2ac3b732635c7c9496e8a917e367/alert/text HTTP/1.1
User-Agent: selenium/4.8.1 (java windows)
Cache-Control: no-cache
Content-Type: application/json; charset=utf-8
host: localhost:38569
accept: */*

Response DefaultHttpResponse(decodeResult: success, version: HTTP/1.1)
HTTP/1.1 404 Not Found
Content-Length: 821
Content-Type: application/json; charset=utf-8
cache-control: no-cache

18:24:25.376 [AsyncHttpClient-1-8] DEBUG org.asynchttpclient.netty.channel.ChannelManager - Adding key: http://localhost:38569 for channel [id: 0x0db652f2, L:/127.0.0.1:52111 - R:localhost/127.0.0.1:38569]
18:24:25.378 [Forwarding getCurrentUrl on session 3b9c2ac3b732635c7c9496e8a917e367 to remote] DEBUG org.asynchttpclient.netty.request.NettyRequestSender - Using pooled Channel '[id: 0x0db652f2, L:/127.0.0.1:52111 - R:localhost/127.0.0.1:38569]' for 'GET' to 'http://localhost:38569/session/3b9c2ac3b732635c7c9496e8a917e367/url'
18:24:25.378 [Forwarding getCurrentUrl on session 3b9c2ac3b732635c7c9496e8a917e367 to remote] DEBUG org.asynchttpclient.netty.request.NettyRequestSender - Using open Channel [id: 0x0db652f2, L:/127.0.0.1:52111 - R:localhost/127.0.0.1:38569] for GET '/session/3b9c2ac3b732635c7c9496e8a917e367/url'
18:24:25.381 [AsyncHttpClient-1-8] DEBUG org.asynchttpclient.netty.handler.HttpHandler - 

Request DefaultFullHttpRequest(decodeResult: success, version: HTTP/1.1, content: EmptyByteBufBE)
GET /session/3b9c2ac3b732635c7c9496e8a917e367/url HTTP/1.1
User-Agent: selenium/4.8.1 (java windows)
Cache-Control: no-cache
Content-Type: application/json; charset=utf-8
host: localhost:38569
accept: */*

Response DefaultHttpResponse(decodeResult: success, version: HTTP/1.1)
HTTP/1.1 200 OK
Content-Length: 45
Content-Type: application/json; charset=utf-8
cache-control: no-cache

18:24:25.381 [AsyncHttpClient-1-8] DEBUG org.asynchttpclient.netty.channel.ChannelManager - Adding key: http://localhost:38569 for channel [id: 0x0db652f2, L:/127.0.0.1:52111 - R:localhost/127.0.0.1:38569]
18:24:25.382 [Forwarding screenshot on session 3b9c2ac3b732635c7c9496e8a917e367 to remote] DEBUG org.asynchttpclient.netty.request.NettyRequestSender - Using pooled Channel '[id: 0x0db652f2, L:/127.0.0.1:52111 - R:localhost/127.0.0.1:38569]' for 'GET' to 'http://localhost:38569/session/3b9c2ac3b732635c7c9496e8a917e367/screenshot'
18:24:25.382 [Forwarding screenshot on session 3b9c2ac3b732635c7c9496e8a917e367 to remote] DEBUG org.asynchttpclient.netty.request.NettyRequestSender - Using open Channel [id: 0x0db652f2, L:/127.0.0.1:52111 - R:localhost/127.0.0.1:38569] for GET '/session/3b9c2ac3b732635c7c9496e8a917e367/screenshot'
18:24:25.451 [AsyncHttpClient-1-8] DEBUG org.asynchttpclient.netty.handler.HttpHandler - 

Request DefaultFullHttpRequest(decodeResult: success, version: HTTP/1.1, content: EmptyByteBufBE)
GET /session/3b9c2ac3b732635c7c9496e8a917e367/screenshot HTTP/1.1
User-Agent: selenium/4.8.1 (java windows)
Cache-Control: no-cache
Content-Type: application/json; charset=utf-8
host: localhost:38569
accept: */*

Response DefaultHttpResponse(decodeResult: success, version: HTTP/1.1)
HTTP/1.1 200 OK
Content-Length: 35228
Content-Type: application/json; charset=utf-8
cache-control: no-cache

18:24:25.451 [AsyncHttpClient-1-8] DEBUG org.asynchttpclient.netty.channel.ChannelManager - Adding key: http://localhost:38569 for channel [id: 0x0db652f2, L:/127.0.0.1:52111 - R:localhost/127.0.0.1:38569]
18:24:25.453 [main] DEBUG net.serenitybdd.core.photography.Darkroom - Send negative for processing for target\site\serenity\73c7c122a13362330edebd9e24e3f728fadf2f822d6b3929aa6f9ce48168541a.png
18:24:25.453 [main] DEBUG net.thucydides.core.steps.StepInterceptor - STEP DONE: checkIncorrectAlert
  &amp#27;[32mThen &amp#27;[0m&amp#27;[32mI should see incorrect alert notification&amp#27;[0m &amp#27;[90m# starter.stepdefinitions.LoginSteps.checkIncorrectAlert()&amp#27;[0m
18:24:25.457 [main] INFO  - 
  _____   ___   ___   _____     ___     _     ___   ___   ___   ___  
 |_   _| | __| / __| |_   _|   | _ \   /_\   / __| / __| | __| |   \ 
   | |   | _|  \__ \   | |     |  _/  / _ \  \__ \ \__ \ | _|  | |) |
   |_|   |___| |___/   |_|     |_|   /_/ \_\ |___/ |___/ |___| |___/ 

Login with incorrect email
----------------------------------------------------------------------
18:24:25.458 [AsyncHttpClient-1-10] DEBUG org.asynchttpclient.netty.handler.WebSocketHandler - Channel Closed: [id: 0x6c3bc129, L:/127.0.0.1:52120 ! R:localhost/127.0.0.1:52113] with attribute NettyResponseFuture{currentRetry=0,
	isDone=1,
	isCancelled=0,
	asyncHandler=org.asynchttpclient.ws.WebSocketUpgradeHandler@5ad56744,
	nettyRequest=org.asynchttpclient.netty.request.NettyRequest@1fd7f27a,
	future=java.util.concurrent.CompletableFuture@27a30118[Completed normally],
	uri=ws://localhost:52113/devtools/browser/45fb19a2-c507-4930-9594-3634afc671c0,
	keepAlive=true,
	redirectCount=0,
	timeoutsHolder=null,
	inAuth=0,
	touch=1687346663119}
18:24:25.458 [AsyncHttpClient-1-10] DEBUG org.asynchttpclient.netty.channel.ChannelManager - Closing Channel [id: 0x6c3bc129, L:/127.0.0.1:52120 ! R:localhost/127.0.0.1:52113] 
18:24:25.458 [Driver Command Executor] DEBUG org.asynchttpclient.netty.request.NettyRequestSender - Using pooled Channel '[id: 0x0db652f2, L:/127.0.0.1:52111 - R:localhost/127.0.0.1:38569]' for 'DELETE' to 'http://localhost:38569/session/3b9c2ac3b732635c7c9496e8a917e367'
18:24:25.458 [Driver Command Executor] DEBUG org.asynchttpclient.netty.request.NettyRequestSender - Using open Channel [id: 0x0db652f2, L:/127.0.0.1:52111 - R:localhost/127.0.0.1:38569] for DELETE '/session/3b9c2ac3b732635c7c9496e8a917e367'
18:24:25.509 [AsyncHttpClient-1-1] DEBUG org.asynchttpclient.netty.channel.DefaultChannelPool - Entry count for : http://localhost:52113 : 1
18:24:25.516 [AsyncHttpClient-1-9] DEBUG org.asynchttpclient.netty.handler.HttpHandler - Unexpected I/O exception on channel [id: 0xf5af91bc, L:/127.0.0.1:52119 - R:localhost/127.0.0.1:52113]
java.net.SocketException: Connection reset
	at java.base/sun.nio.ch.SocketChannelImpl.throwConnectionReset(SocketChannelImpl.java:367)
	at java.base/sun.nio.ch.SocketChannelImpl.read(SocketChannelImpl.java:398)
	at io.netty.buffer.PooledByteBuf.setBytes(PooledByteBuf.java:259)
	at io.netty.buffer.AbstractByteBuf.writeBytes(AbstractByteBuf.java:1132)
	at io.netty.channel.socket.nio.NioSocketChannel.doReadBytes(NioSocketChannel.java:357)
	at io.netty.channel.nio.AbstractNioByteChannel$NioByteUnsafe.read(AbstractNioByteChannel.java:151)
	at io.netty.channel.nio.NioEventLoop.processSelectedKey(NioEventLoop.java:788)
	at io.netty.channel.nio.NioEventLoop.processSelectedKeysOptimized(NioEventLoop.java:724)
	at io.netty.channel.nio.NioEventLoop.processSelectedKeys(NioEventLoop.java:650)
	at io.netty.channel.nio.NioEventLoop.run(NioEventLoop.java:562)
	at io.netty.util.concurrent.SingleThreadEventExecutor$4.run(SingleThreadEventExecutor.java:997)
	at io.netty.util.internal.ThreadExecutorMap$2.run(ThreadExecutorMap.java:74)
	at io.netty.util.concurrent.FastThreadLocalRunnable.run(FastThreadLocalRunnable.java:30)
	at java.base/java.lang.Thread.run(Thread.java:832)
18:24:25.517 [AsyncHttpClient-1-9] DEBUG org.asynchttpclient.netty.channel.ChannelManager - Closing Channel [id: 0xf5af91bc, L:/127.0.0.1:52119 - R:localhost/127.0.0.1:52113] 
18:24:25.517 [AsyncHttpClient-1-9] DEBUG org.asynchttpclient.netty.handler.HttpHandler - Channel Closed: [id: 0xf5af91bc, L:/127.0.0.1:52119 ! R:localhost/127.0.0.1:52113] with attribute DISCARD
18:24:25.529 [AsyncHttpClient-1-8] DEBUG org.asynchttpclient.netty.handler.HttpHandler - 

Request DefaultFullHttpRequest(decodeResult: success, version: HTTP/1.1, content: EmptyByteBufBE)
DELETE /session/3b9c2ac3b732635c7c9496e8a917e367 HTTP/1.1
User-Agent: selenium/4.8.1 (java windows)
Content-Type: application/json; charset=utf-8
host: localhost:38569
accept: */*

Response DefaultHttpResponse(decodeResult: success, version: HTTP/1.1)
HTTP/1.1 200 OK
Content-Length: 14
Content-Type: application/json; charset=utf-8
cache-control: no-cache

18:24:25.531 [AsyncHttpClient-1-8] DEBUG org.asynchttpclient.netty.channel.ChannelManager - Adding key: http://localhost:38569 for channel [id: 0x0db652f2, L:/127.0.0.1:52111 - R:localhost/127.0.0.1:38569]
18:24:25.578 [AsyncHttpClient-1-8] DEBUG org.asynchttpclient.netty.handler.HttpHandler - Channel Closed: [id: 0x0db652f2, L:/127.0.0.1:52111 ! R:localhost/127.0.0.1:38569] with attribute DISCARD
]]></system-out>
    <system-err><![CDATA[Starting ChromeDriver 114.0.5735.16 (7e1ff058633f5b79b1cd7479aca585ba385519d8-refs/branch-heads/5735@{#182}) on port 38569
Only local connections are allowed.
Please see https://chromedriver.chromium.org/security-considerations for suggestions on keeping ChromeDriver safe.
ChromeDriver was started successfully.
Jun 21, 2023 6:24:23 PM org.openqa.selenium.devtools.CdpVersionFinder findNearestMatch
WARNING: Unable to find an exact match for CDP version 114, so returning the closest version found: 110
]]></system-err>
  </testcase>
  <testcase name="Verify email input must be valid value" classname="Login to Sociops Admin Account" time="2.853">
    <system-out><![CDATA[
Scenario: Verify email input must be valid value &amp#27;[90m# src/test/resources/features/Login.feature:28&amp#27;[0m
18:24:26.121 [main] DEBUG io.cucumber.core.plugin.SerenityReporter - Running feature from file:///C:/Users/WINDOWS%2010/Documents/GitHub/Capstone/sociops_qe_web/src/test/resources/features/Login.feature
18:24:26.122 [main] INFO  - 
  _____   ___   ___   _____     ___   _____     _     ___   _____   ___   ___  
 |_   _| | __| / __| |_   _|   / __| |_   _|   /_\   | _ \ |_   _| | __| |   \ 
   | |   | _|  \__ \   | |     \__ \   | |    / _ \  |   /   | |   | _|  | |) |
   |_|   |___| |___/   |_|     |___/   |_|   /_/ \_\ |_|_\   |_|   |___| |___/ 

Verify email input must be valid value(login-to-sociops-admin-account;verify-email-input-must-be-valid-value)
--------------------------------------------------------------------------------
18:24:26.132 [main] DEBUG net.thucydides.core.steps.StepInterceptor - STARTING STEP: LoginSteps.onTheLoginPage - openPage
18:24:26.161 [main] INFO net.serenitybdd.core.webdriver.driverproviders.ChromeDriverProvider - Starting Chrome driver instance with capabilities:
18:24:26.161 [main] INFO net.serenitybdd.core.webdriver.driverproviders.ChromeDriverProvider - Capabilities {acceptInsecureCerts: false, browserName: chrome, goog:chromeOptions: {args: [remote-allow-origins=*], extensions: []}}
18:24:26.230 [AsyncHttpClient-1-11] DEBUG org.asynchttpclient.netty.channel.NettyConnectListener - Using new Channel '[id: 0x2c563031, L:/127.0.0.1:52138 - R:localhost/127.0.0.1:16422]' for 'POST' to '/session'
18:24:26.601 [AsyncHttpClient-1-1] DEBUG org.asynchttpclient.netty.channel.DefaultChannelPool - Entry count for : http://localhost:52113 : 1
18:24:26.601 [AsyncHttpClient-1-1] DEBUG org.asynchttpclient.netty.channel.DefaultChannelPool - Entry count for : http://localhost:38569 : 1
18:24:26.601 [AsyncHttpClient-1-1] DEBUG org.asynchttpclient.netty.channel.DefaultChannelPool - Adding Candidate expired Channel [id: 0xf5af91bc, L:/127.0.0.1:52119 ! R:localhost/127.0.0.1:52113] isIdleTimeoutExpired=false isRemotelyClosed=true isTtlExpired=false
18:24:26.601 [AsyncHttpClient-1-1] DEBUG org.asynchttpclient.netty.channel.DefaultChannelPool - Closing Idle Channel [id: 0xf5af91bc, L:/127.0.0.1:52119 ! R:localhost/127.0.0.1:52113]
18:24:26.601 [AsyncHttpClient-1-1] DEBUG org.asynchttpclient.netty.channel.DefaultChannelPool - Adding Candidate expired Channel [id: 0x0db652f2, L:/127.0.0.1:52111 ! R:localhost/127.0.0.1:38569] isIdleTimeoutExpired=false isRemotelyClosed=true isTtlExpired=false
18:24:26.601 [AsyncHttpClient-1-1] DEBUG org.asynchttpclient.netty.channel.DefaultChannelPool - Closing Idle Channel [id: 0x0db652f2, L:/127.0.0.1:52111 ! R:localhost/127.0.0.1:38569]
18:24:26.601 [AsyncHttpClient-1-1] DEBUG org.asynchttpclient.netty.channel.DefaultChannelPool - Closed 2 connections out of 2 in 0 ms
18:24:26.826 [AsyncHttpClient-1-11] DEBUG org.asynchttpclient.netty.handler.HttpHandler - 

Request DefaultHttpRequest(decodeResult: success, version: HTTP/1.1)
POST /session HTTP/1.1
User-Agent: selenium/4.8.1 (java windows)
Content-Length: 507
Content-Type: application/json; charset=utf-8
host: localhost:16422
accept: */*

Response DefaultHttpResponse(decodeResult: success, version: HTTP/1.1)
HTTP/1.1 200 OK
Content-Length: 862
Content-Type: application/json; charset=utf-8
cache-control: no-cache

18:24:26.827 [AsyncHttpClient-1-11] DEBUG org.asynchttpclient.netty.channel.ChannelManager - Adding key: http://localhost:16422 for channel [id: 0x2c563031, L:/127.0.0.1:52138 - R:localhost/127.0.0.1:16422]
18:24:26.831 [AsyncHttpClient-1-12] DEBUG org.asynchttpclient.netty.channel.NettyConnectListener - Using new Channel '[id: 0x1e04e150, L:/127.0.0.1:52146 - R:localhost/127.0.0.1:52140]' for 'GET' to '/json/version'
18:24:26.833 [AsyncHttpClient-1-12] DEBUG org.asynchttpclient.netty.handler.HttpHandler - 

Request DefaultFullHttpRequest(decodeResult: success, version: HTTP/1.1, content: EmptyByteBufBE)
GET /json/version HTTP/1.1
User-Agent: selenium/4.8.1 (java windows)
host: localhost:52140
accept: */*

Response DefaultHttpResponse(decodeResult: success, version: HTTP/1.1)
HTTP/1.1 200 OK
Content-Security-Policy: frame-ancestors 'none'
Content-Length: 424
Content-Type: application/json; charset=UTF-8

18:24:26.834 [AsyncHttpClient-1-12] DEBUG org.asynchttpclient.netty.channel.ChannelManager - Adding key: http://localhost:52140 for channel [id: 0x1e04e150, L:/127.0.0.1:52146 - R:localhost/127.0.0.1:52140]
18:24:26.835 [AsyncHttpClient-1-13] DEBUG org.asynchttpclient.netty.channel.NettyConnectListener - Using new Channel '[id: 0xb806b34e, L:/127.0.0.1:52147 - R:localhost/127.0.0.1:52140]' for 'GET' to '/devtools/browser/c81055fc-6465-4967-b357-b4878b79aa6f'
18:24:26.837 [AsyncHttpClient-1-13] DEBUG org.asynchttpclient.netty.handler.WebSocketHandler - 

Request DefaultFullHttpRequest(decodeResult: success, version: HTTP/1.1, content: EmptyByteBufBE)
GET /devtools/browser/c81055fc-6465-4967-b357-b4878b79aa6f HTTP/1.1
upgrade: websocket
connection: upgrade
sec-websocket-key: UQJDV3gYdks+tNsOYdMX5w==
sec-websocket-version: 13
origin: http://localhost:52140
host: localhost:52140
accept: */*
user-agent: AHC/2.1

Response DefaultHttpResponse(decodeResult: success, version: HTTP/1.1)
HTTP/1.1 101 WebSocket Protocol Handshake
Upgrade: WebSocket
Connection: Upgrade
Sec-WebSocket-Accept: 2NzP9Am1zuP/JdjwpDSqD9oERCs=

18:24:26.839 [Forwarding get on session 899db15cb449250e6b8198595365b0d9 to remote] DEBUG org.asynchttpclient.netty.request.NettyRequestSender - Using pooled Channel '[id: 0x2c563031, L:/127.0.0.1:52138 - R:localhost/127.0.0.1:16422]' for 'POST' to 'http://localhost:16422/session/899db15cb449250e6b8198595365b0d9/url'
18:24:26.839 [Forwarding get on session 899db15cb449250e6b8198595365b0d9 to remote] DEBUG org.asynchttpclient.netty.request.NettyRequestSender - Using open Channel [id: 0x2c563031, L:/127.0.0.1:52138 - R:localhost/127.0.0.1:16422] for POST '/session/899db15cb449250e6b8198595365b0d9/url'
18:24:27.345 [AsyncHttpClient-1-11] DEBUG org.asynchttpclient.netty.handler.HttpHandler - 

Request DefaultHttpRequest(decodeResult: success, version: HTTP/1.1)
POST /session/899db15cb449250e6b8198595365b0d9/url HTTP/1.1
User-Agent: selenium/4.8.1 (java windows)
Content-Length: 63
Content-Type: application/json; charset=utf-8
host: localhost:16422
accept: */*

Response DefaultHttpResponse(decodeResult: success, version: HTTP/1.1)
HTTP/1.1 200 OK
Content-Length: 14
Content-Type: application/json; charset=utf-8
cache-control: no-cache

18:24:27.345 [AsyncHttpClient-1-11] DEBUG org.asynchttpclient.netty.channel.ChannelManager - Adding key: http://localhost:16422 for channel [id: 0x2c563031, L:/127.0.0.1:52138 - R:localhost/127.0.0.1:16422]
18:24:27.346 [Forwarding setTimeout on session 899db15cb449250e6b8198595365b0d9 to remote] DEBUG org.asynchttpclient.netty.request.NettyRequestSender - Using pooled Channel '[id: 0x2c563031, L:/127.0.0.1:52138 - R:localhost/127.0.0.1:16422]' for 'POST' to 'http://localhost:16422/session/899db15cb449250e6b8198595365b0d9/timeouts'
18:24:27.346 [Forwarding setTimeout on session 899db15cb449250e6b8198595365b0d9 to remote] DEBUG org.asynchttpclient.netty.request.NettyRequestSender - Using open Channel [id: 0x2c563031, L:/127.0.0.1:52138 - R:localhost/127.0.0.1:16422] for POST '/session/899db15cb449250e6b8198595365b0d9/timeouts'
18:24:27.347 [AsyncHttpClient-1-11] DEBUG org.asynchttpclient.netty.handler.HttpHandler - 

Request DefaultHttpRequest(decodeResult: success, version: HTTP/1.1)
POST /session/899db15cb449250e6b8198595365b0d9/timeouts HTTP/1.1
User-Agent: selenium/4.8.1 (java windows)
Content-Length: 22
Content-Type: application/json; charset=utf-8
host: localhost:16422
accept: */*

Response DefaultHttpResponse(decodeResult: success, version: HTTP/1.1)
HTTP/1.1 200 OK
Content-Length: 14
Content-Type: application/json; charset=utf-8
cache-control: no-cache

18:24:27.347 [AsyncHttpClient-1-11] DEBUG org.asynchttpclient.netty.channel.ChannelManager - Adding key: http://localhost:16422 for channel [id: 0x2c563031, L:/127.0.0.1:52138 - R:localhost/127.0.0.1:16422]
18:24:27.351 [Forwarding getAlertText on session 899db15cb449250e6b8198595365b0d9 to remote] DEBUG org.asynchttpclient.netty.request.NettyRequestSender - Using pooled Channel '[id: 0x2c563031, L:/127.0.0.1:52138 - R:localhost/127.0.0.1:16422]' for 'GET' to 'http://localhost:16422/session/899db15cb449250e6b8198595365b0d9/alert/text'
18:24:27.351 [Forwarding getAlertText on session 899db15cb449250e6b8198595365b0d9 to remote] DEBUG org.asynchttpclient.netty.request.NettyRequestSender - Using open Channel [id: 0x2c563031, L:/127.0.0.1:52138 - R:localhost/127.0.0.1:16422] for GET '/session/899db15cb449250e6b8198595365b0d9/alert/text'
18:24:27.352 [AsyncHttpClient-1-11] DEBUG org.asynchttpclient.netty.handler.HttpHandler - 

Request DefaultFullHttpRequest(decodeResult: success, version: HTTP/1.1, content: EmptyByteBufBE)
GET /session/899db15cb449250e6b8198595365b0d9/alert/text HTTP/1.1
User-Agent: selenium/4.8.1 (java windows)
Cache-Control: no-cache
Content-Type: application/json; charset=utf-8
host: localhost:16422
accept: */*

Response DefaultHttpResponse(decodeResult: success, version: HTTP/1.1)
HTTP/1.1 404 Not Found
Content-Length: 821
Content-Type: application/json; charset=utf-8
cache-control: no-cache

18:24:27.352 [AsyncHttpClient-1-11] DEBUG org.asynchttpclient.netty.channel.ChannelManager - Adding key: http://localhost:16422 for channel [id: 0x2c563031, L:/127.0.0.1:52138 - R:localhost/127.0.0.1:16422]
18:24:27.353 [Forwarding getCurrentUrl on session 899db15cb449250e6b8198595365b0d9 to remote] DEBUG org.asynchttpclient.netty.request.NettyRequestSender - Using pooled Channel '[id: 0x2c563031, L:/127.0.0.1:52138 - R:localhost/127.0.0.1:16422]' for 'GET' to 'http://localhost:16422/session/899db15cb449250e6b8198595365b0d9/url'
18:24:27.353 [Forwarding getCurrentUrl on session 899db15cb449250e6b8198595365b0d9 to remote] DEBUG org.asynchttpclient.netty.request.NettyRequestSender - Using open Channel [id: 0x2c563031, L:/127.0.0.1:52138 - R:localhost/127.0.0.1:16422] for GET '/session/899db15cb449250e6b8198595365b0d9/url'
18:24:27.359 [AsyncHttpClient-1-11] DEBUG org.asynchttpclient.netty.handler.HttpHandler - 

Request DefaultFullHttpRequest(decodeResult: success, version: HTTP/1.1, content: EmptyByteBufBE)
GET /session/899db15cb449250e6b8198595365b0d9/url HTTP/1.1
User-Agent: selenium/4.8.1 (java windows)
Cache-Control: no-cache
Content-Type: application/json; charset=utf-8
host: localhost:16422
accept: */*

Response DefaultHttpResponse(decodeResult: success, version: HTTP/1.1)
HTTP/1.1 200 OK
Content-Length: 45
Content-Type: application/json; charset=utf-8
cache-control: no-cache

18:24:27.359 [AsyncHttpClient-1-11] DEBUG org.asynchttpclient.netty.channel.ChannelManager - Adding key: http://localhost:16422 for channel [id: 0x2c563031, L:/127.0.0.1:52138 - R:localhost/127.0.0.1:16422]
18:24:27.360 [Forwarding screenshot on session 899db15cb449250e6b8198595365b0d9 to remote] DEBUG org.asynchttpclient.netty.request.NettyRequestSender - Using pooled Channel '[id: 0x2c563031, L:/127.0.0.1:52138 - R:localhost/127.0.0.1:16422]' for 'GET' to 'http://localhost:16422/session/899db15cb449250e6b8198595365b0d9/screenshot'
18:24:27.360 [Forwarding screenshot on session 899db15cb449250e6b8198595365b0d9 to remote] DEBUG org.asynchttpclient.netty.request.NettyRequestSender - Using open Channel [id: 0x2c563031, L:/127.0.0.1:52138 - R:localhost/127.0.0.1:16422] for GET '/session/899db15cb449250e6b8198595365b0d9/screenshot'
18:24:27.511 [AsyncHttpClient-1-11] DEBUG org.asynchttpclient.netty.handler.HttpHandler - 

Request DefaultFullHttpRequest(decodeResult: success, version: HTTP/1.1, content: EmptyByteBufBE)
GET /session/899db15cb449250e6b8198595365b0d9/screenshot HTTP/1.1
User-Agent: selenium/4.8.1 (java windows)
Cache-Control: no-cache
Content-Type: application/json; charset=utf-8
host: localhost:16422
accept: */*

Response DefaultHttpResponse(decodeResult: success, version: HTTP/1.1)
HTTP/1.1 200 OK
Content-Length: 35188
Content-Type: application/json; charset=utf-8
cache-control: no-cache

18:24:27.512 [AsyncHttpClient-1-11] DEBUG org.asynchttpclient.netty.channel.ChannelManager - Adding key: http://localhost:16422 for channel [id: 0x2c563031, L:/127.0.0.1:52138 - R:localhost/127.0.0.1:16422]
18:24:27.513 [main] DEBUG net.serenitybdd.core.photography.Darkroom - Send negative for processing for target\site\serenity\e1a043f79cde61fd83c796824eb14028e2e774bcf48939784252612fe1cf5b50.png
18:24:27.514 [main] DEBUG net.thucydides.core.steps.StepInterceptor - STEP DONE: openPage
  &amp#27;[32mGiven &amp#27;[0m&amp#27;[32mI am on the sociops login page&amp#27;[0m           &amp#27;[90m# starter.stepdefinitions.LoginSteps.onTheLoginPage()&amp#27;[0m
18:24:27.519 [Forwarding getPageSource on session 899db15cb449250e6b8198595365b0d9 to remote] DEBUG org.asynchttpclient.netty.request.NettyRequestSender - Using pooled Channel '[id: 0x2c563031, L:/127.0.0.1:52138 - R:localhost/127.0.0.1:16422]' for 'POST' to 'http://localhost:16422/session/899db15cb449250e6b8198595365b0d9/execute/sync'
18:24:27.519 [Forwarding getPageSource on session 899db15cb449250e6b8198595365b0d9 to remote] DEBUG org.asynchttpclient.netty.request.NettyRequestSender - Using open Channel [id: 0x2c563031, L:/127.0.0.1:52138 - R:localhost/127.0.0.1:16422] for POST '/session/899db15cb449250e6b8198595365b0d9/execute/sync'
18:24:27.524 [AsyncHttpClient-1-11] DEBUG org.asynchttpclient.netty.handler.HttpHandler - 

Request DefaultHttpRequest(decodeResult: success, version: HTTP/1.1)
POST /session/899db15cb449250e6b8198595365b0d9/execute/sync HTTP/1.1
User-Agent: selenium/4.8.1 (java windows)
Content-Length: 176
Content-Type: application/json; charset=utf-8
host: localhost:16422
accept: */*

Response DefaultHttpResponse(decodeResult: success, version: HTTP/1.1)
HTTP/1.1 200 OK
Content-Length: 9114
Content-Type: application/json; charset=utf-8
cache-control: no-cache

18:24:27.524 [AsyncHttpClient-1-11] DEBUG org.asynchttpclient.netty.channel.ChannelManager - Adding key: http://localhost:16422 for channel [id: 0x2c563031, L:/127.0.0.1:52138 - R:localhost/127.0.0.1:16422]
18:24:27.526 [Forwarding getCurrentUrl on session 899db15cb449250e6b8198595365b0d9 to remote] DEBUG org.asynchttpclient.netty.request.NettyRequestSender - Using pooled Channel '[id: 0x2c563031, L:/127.0.0.1:52138 - R:localhost/127.0.0.1:16422]' for 'GET' to 'http://localhost:16422/session/899db15cb449250e6b8198595365b0d9/url'
18:24:27.526 [Forwarding getCurrentUrl on session 899db15cb449250e6b8198595365b0d9 to remote] DEBUG org.asynchttpclient.netty.request.NettyRequestSender - Using open Channel [id: 0x2c563031, L:/127.0.0.1:52138 - R:localhost/127.0.0.1:16422] for GET '/session/899db15cb449250e6b8198595365b0d9/url'
18:24:27.530 [AsyncHttpClient-1-11] DEBUG org.asynchttpclient.netty.handler.HttpHandler - 

Request DefaultFullHttpRequest(decodeResult: success, version: HTTP/1.1, content: EmptyByteBufBE)
GET /session/899db15cb449250e6b8198595365b0d9/url HTTP/1.1
User-Agent: selenium/4.8.1 (java windows)
Cache-Control: no-cache
Content-Type: application/json; charset=utf-8
host: localhost:16422
accept: */*

Response DefaultHttpResponse(decodeResult: success, version: HTTP/1.1)
HTTP/1.1 200 OK
Content-Length: 45
Content-Type: application/json; charset=utf-8
cache-control: no-cache

18:24:27.530 [AsyncHttpClient-1-11] DEBUG org.asynchttpclient.netty.channel.ChannelManager - Adding key: http://localhost:16422 for channel [id: 0x2c563031, L:/127.0.0.1:52138 - R:localhost/127.0.0.1:16422]
18:24:27.535 [Forwarding getPageSource on session 899db15cb449250e6b8198595365b0d9 to remote] DEBUG org.asynchttpclient.netty.request.NettyRequestSender - Using pooled Channel '[id: 0x2c563031, L:/127.0.0.1:52138 - R:localhost/127.0.0.1:16422]' for 'POST' to 'http://localhost:16422/session/899db15cb449250e6b8198595365b0d9/execute/sync'
18:24:27.535 [Forwarding getPageSource on session 899db15cb449250e6b8198595365b0d9 to remote] DEBUG org.asynchttpclient.netty.request.NettyRequestSender - Using open Channel [id: 0x2c563031, L:/127.0.0.1:52138 - R:localhost/127.0.0.1:16422] for POST '/session/899db15cb449250e6b8198595365b0d9/execute/sync'
18:24:27.540 [AsyncHttpClient-1-11] DEBUG org.asynchttpclient.netty.handler.HttpHandler - 

Request DefaultHttpRequest(decodeResult: success, version: HTTP/1.1)
POST /session/899db15cb449250e6b8198595365b0d9/execute/sync HTTP/1.1
User-Agent: selenium/4.8.1 (java windows)
Content-Length: 176
Content-Type: application/json; charset=utf-8
host: localhost:16422
accept: */*

Response DefaultHttpResponse(decodeResult: success, version: HTTP/1.1)
HTTP/1.1 200 OK
Content-Length: 9114
Content-Type: application/json; charset=utf-8
cache-control: no-cache

18:24:27.540 [AsyncHttpClient-1-11] DEBUG org.asynchttpclient.netty.channel.ChannelManager - Adding key: http://localhost:16422 for channel [id: 0x2c563031, L:/127.0.0.1:52138 - R:localhost/127.0.0.1:16422]
18:24:27.541 [Forwarding getCurrentUrl on session 899db15cb449250e6b8198595365b0d9 to remote] DEBUG org.asynchttpclient.netty.request.NettyRequestSender - Using pooled Channel '[id: 0x2c563031, L:/127.0.0.1:52138 - R:localhost/127.0.0.1:16422]' for 'GET' to 'http://localhost:16422/session/899db15cb449250e6b8198595365b0d9/url'
18:24:27.541 [Forwarding getCurrentUrl on session 899db15cb449250e6b8198595365b0d9 to remote] DEBUG org.asynchttpclient.netty.request.NettyRequestSender - Using open Channel [id: 0x2c563031, L:/127.0.0.1:52138 - R:localhost/127.0.0.1:16422] for GET '/session/899db15cb449250e6b8198595365b0d9/url'
18:24:27.545 [AsyncHttpClient-1-11] DEBUG org.asynchttpclient.netty.handler.HttpHandler - 

Request DefaultFullHttpRequest(decodeResult: success, version: HTTP/1.1, content: EmptyByteBufBE)
GET /session/899db15cb449250e6b8198595365b0d9/url HTTP/1.1
User-Agent: selenium/4.8.1 (java windows)
Cache-Control: no-cache
Content-Type: application/json; charset=utf-8
host: localhost:16422
accept: */*

Response DefaultHttpResponse(decodeResult: success, version: HTTP/1.1)
HTTP/1.1 200 OK
Content-Length: 45
Content-Type: application/json; charset=utf-8
cache-control: no-cache

18:24:27.545 [AsyncHttpClient-1-11] DEBUG org.asynchttpclient.netty.channel.ChannelManager - Adding key: http://localhost:16422 for channel [id: 0x2c563031, L:/127.0.0.1:52138 - R:localhost/127.0.0.1:16422]
18:24:27.546 [main] DEBUG net.thucydides.core.steps.StepInterceptor - STARTING STEP: LoginSteps.inputInvalidEmail - inputEmail
18:24:27.548 [Forwarding findElement on session 899db15cb449250e6b8198595365b0d9 to remote] DEBUG org.asynchttpclient.netty.request.NettyRequestSender - Using pooled Channel '[id: 0x2c563031, L:/127.0.0.1:52138 - R:localhost/127.0.0.1:16422]' for 'POST' to 'http://localhost:16422/session/899db15cb449250e6b8198595365b0d9/element'
18:24:27.548 [Forwarding findElement on session 899db15cb449250e6b8198595365b0d9 to remote] DEBUG org.asynchttpclient.netty.request.NettyRequestSender - Using open Channel [id: 0x2c563031, L:/127.0.0.1:52138 - R:localhost/127.0.0.1:16422] for POST '/session/899db15cb449250e6b8198595365b0d9/element'
18:24:27.557 [AsyncHttpClient-1-11] DEBUG org.asynchttpclient.netty.handler.HttpHandler - 

Request DefaultHttpRequest(decodeResult: success, version: HTTP/1.1)
POST /session/899db15cb449250e6b8198595365b0d9/element HTTP/1.1
User-Agent: selenium/4.8.1 (java windows)
Content-Length: 59
Content-Type: application/json; charset=utf-8
host: localhost:16422
accept: */*

Response DefaultHttpResponse(decodeResult: success, version: HTTP/1.1)
HTTP/1.1 200 OK
Content-Length: 94
Content-Type: application/json; charset=utf-8
cache-control: no-cache

18:24:27.557 [AsyncHttpClient-1-11] DEBUG org.asynchttpclient.netty.channel.ChannelManager - Adding key: http://localhost:16422 for channel [id: 0x2c563031, L:/127.0.0.1:52138 - R:localhost/127.0.0.1:16422]
18:24:27.558 [Forwarding clearElement on session 899db15cb449250e6b8198595365b0d9 to remote] DEBUG org.asynchttpclient.netty.request.NettyRequestSender - Using pooled Channel '[id: 0x2c563031, L:/127.0.0.1:52138 - R:localhost/127.0.0.1:16422]' for 'POST' to 'http://localhost:16422/session/899db15cb449250e6b8198595365b0d9/element/4485AAA56BD5DB9A88B89AA26F92D46C_element_7/clear'
18:24:27.558 [Forwarding clearElement on session 899db15cb449250e6b8198595365b0d9 to remote] DEBUG org.asynchttpclient.netty.request.NettyRequestSender - Using open Channel [id: 0x2c563031, L:/127.0.0.1:52138 - R:localhost/127.0.0.1:16422] for POST '/session/899db15cb449250e6b8198595365b0d9/element/4485AAA56BD5DB9A88B89AA26F92D46C_element_7/clear'
18:24:27.588 [AsyncHttpClient-1-11] DEBUG org.asynchttpclient.netty.handler.HttpHandler - 

Request DefaultHttpRequest(decodeResult: success, version: HTTP/1.1)
POST /session/899db15cb449250e6b8198595365b0d9/element/4485AAA56BD5DB9A88B89AA26F92D46C_element_7/clear HTTP/1.1
User-Agent: selenium/4.8.1 (java windows)
Content-Length: 56
Content-Type: application/json; charset=utf-8
host: localhost:16422
accept: */*

Response DefaultHttpResponse(decodeResult: success, version: HTTP/1.1)
HTTP/1.1 200 OK
Content-Length: 14
Content-Type: application/json; charset=utf-8
cache-control: no-cache

18:24:27.588 [AsyncHttpClient-1-11] DEBUG org.asynchttpclient.netty.channel.ChannelManager - Adding key: http://localhost:16422 for channel [id: 0x2c563031, L:/127.0.0.1:52138 - R:localhost/127.0.0.1:16422]
18:24:27.589 [Forwarding sendKeysToElement on session 899db15cb449250e6b8198595365b0d9 to remote] DEBUG org.asynchttpclient.netty.request.NettyRequestSender - Using pooled Channel '[id: 0x2c563031, L:/127.0.0.1:52138 - R:localhost/127.0.0.1:16422]' for 'POST' to 'http://localhost:16422/session/899db15cb449250e6b8198595365b0d9/element/4485AAA56BD5DB9A88B89AA26F92D46C_element_7/value'
18:24:27.589 [Forwarding sendKeysToElement on session 899db15cb449250e6b8198595365b0d9 to remote] DEBUG org.asynchttpclient.netty.request.NettyRequestSender - Using open Channel [id: 0x2c563031, L:/127.0.0.1:52138 - R:localhost/127.0.0.1:16422] for POST '/session/899db15cb449250e6b8198595365b0d9/element/4485AAA56BD5DB9A88B89AA26F92D46C_element_7/value'
18:24:27.660 [AsyncHttpClient-1-11] DEBUG org.asynchttpclient.netty.handler.HttpHandler - 

Request DefaultHttpRequest(decodeResult: success, version: HTTP/1.1)
POST /session/899db15cb449250e6b8198595365b0d9/element/4485AAA56BD5DB9A88B89AA26F92D46C_element_7/value HTTP/1.1
User-Agent: selenium/4.8.1 (java windows)
Content-Length: 167
Content-Type: application/json; charset=utf-8
host: localhost:16422
accept: */*

Response DefaultHttpResponse(decodeResult: success, version: HTTP/1.1)
HTTP/1.1 200 OK
Content-Length: 14
Content-Type: application/json; charset=utf-8
cache-control: no-cache

18:24:27.660 [AsyncHttpClient-1-11] DEBUG org.asynchttpclient.netty.channel.ChannelManager - Adding key: http://localhost:16422 for channel [id: 0x2c563031, L:/127.0.0.1:52138 - R:localhost/127.0.0.1:16422]
18:24:27.664 [Forwarding getAlertText on session 899db15cb449250e6b8198595365b0d9 to remote] DEBUG org.asynchttpclient.netty.request.NettyRequestSender - Using pooled Channel '[id: 0x2c563031, L:/127.0.0.1:52138 - R:localhost/127.0.0.1:16422]' for 'GET' to 'http://localhost:16422/session/899db15cb449250e6b8198595365b0d9/alert/text'
18:24:27.664 [Forwarding getAlertText on session 899db15cb449250e6b8198595365b0d9 to remote] DEBUG org.asynchttpclient.netty.request.NettyRequestSender - Using open Channel [id: 0x2c563031, L:/127.0.0.1:52138 - R:localhost/127.0.0.1:16422] for GET '/session/899db15cb449250e6b8198595365b0d9/alert/text'
18:24:27.665 [AsyncHttpClient-1-11] DEBUG org.asynchttpclient.netty.handler.HttpHandler - 

Request DefaultFullHttpRequest(decodeResult: success, version: HTTP/1.1, content: EmptyByteBufBE)
GET /session/899db15cb449250e6b8198595365b0d9/alert/text HTTP/1.1
User-Agent: selenium/4.8.1 (java windows)
Cache-Control: no-cache
Content-Type: application/json; charset=utf-8
host: localhost:16422
accept: */*

Response DefaultHttpResponse(decodeResult: success, version: HTTP/1.1)
HTTP/1.1 404 Not Found
Content-Length: 821
Content-Type: application/json; charset=utf-8
cache-control: no-cache

18:24:27.666 [AsyncHttpClient-1-11] DEBUG org.asynchttpclient.netty.channel.ChannelManager - Adding key: http://localhost:16422 for channel [id: 0x2c563031, L:/127.0.0.1:52138 - R:localhost/127.0.0.1:16422]
18:24:27.667 [Forwarding getCurrentUrl on session 899db15cb449250e6b8198595365b0d9 to remote] DEBUG org.asynchttpclient.netty.request.NettyRequestSender - Using pooled Channel '[id: 0x2c563031, L:/127.0.0.1:52138 - R:localhost/127.0.0.1:16422]' for 'GET' to 'http://localhost:16422/session/899db15cb449250e6b8198595365b0d9/url'
18:24:27.667 [Forwarding getCurrentUrl on session 899db15cb449250e6b8198595365b0d9 to remote] DEBUG org.asynchttpclient.netty.request.NettyRequestSender - Using open Channel [id: 0x2c563031, L:/127.0.0.1:52138 - R:localhost/127.0.0.1:16422] for GET '/session/899db15cb449250e6b8198595365b0d9/url'
18:24:27.671 [AsyncHttpClient-1-11] DEBUG org.asynchttpclient.netty.handler.HttpHandler - 

Request DefaultFullHttpRequest(decodeResult: success, version: HTTP/1.1, content: EmptyByteBufBE)
GET /session/899db15cb449250e6b8198595365b0d9/url HTTP/1.1
User-Agent: selenium/4.8.1 (java windows)
Cache-Control: no-cache
Content-Type: application/json; charset=utf-8
host: localhost:16422
accept: */*

Response DefaultHttpResponse(decodeResult: success, version: HTTP/1.1)
HTTP/1.1 200 OK
Content-Length: 45
Content-Type: application/json; charset=utf-8
cache-control: no-cache

18:24:27.671 [AsyncHttpClient-1-11] DEBUG org.asynchttpclient.netty.channel.ChannelManager - Adding key: http://localhost:16422 for channel [id: 0x2c563031, L:/127.0.0.1:52138 - R:localhost/127.0.0.1:16422]
18:24:27.671 [Forwarding screenshot on session 899db15cb449250e6b8198595365b0d9 to remote] DEBUG org.asynchttpclient.netty.request.NettyRequestSender - Using pooled Channel '[id: 0x2c563031, L:/127.0.0.1:52138 - R:localhost/127.0.0.1:16422]' for 'GET' to 'http://localhost:16422/session/899db15cb449250e6b8198595365b0d9/screenshot'
18:24:27.672 [Forwarding screenshot on session 899db15cb449250e6b8198595365b0d9 to remote] DEBUG org.asynchttpclient.netty.request.NettyRequestSender - Using open Channel [id: 0x2c563031, L:/127.0.0.1:52138 - R:localhost/127.0.0.1:16422] for GET '/session/899db15cb449250e6b8198595365b0d9/screenshot'
18:24:27.703 [AsyncHttpClient-1-1] DEBUG org.asynchttpclient.netty.channel.DefaultChannelPool - Entry count for : http://localhost:52140 : 1
18:24:27.754 [AsyncHttpClient-1-11] DEBUG org.asynchttpclient.netty.handler.HttpHandler - 

Request DefaultFullHttpRequest(decodeResult: success, version: HTTP/1.1, content: EmptyByteBufBE)
GET /session/899db15cb449250e6b8198595365b0d9/screenshot HTTP/1.1
User-Agent: selenium/4.8.1 (java windows)
Cache-Control: no-cache
Content-Type: application/json; charset=utf-8
host: localhost:16422
accept: */*

Response DefaultHttpResponse(decodeResult: success, version: HTTP/1.1)
HTTP/1.1 200 OK
Content-Length: 37612
Content-Type: application/json; charset=utf-8
cache-control: no-cache

18:24:27.755 [AsyncHttpClient-1-11] DEBUG org.asynchttpclient.netty.channel.ChannelManager - Adding key: http://localhost:16422 for channel [id: 0x2c563031, L:/127.0.0.1:52138 - R:localhost/127.0.0.1:16422]
18:24:27.756 [main] DEBUG net.serenitybdd.core.photography.Darkroom - Send negative for processing for target\site\serenity\25f13862fea61594fee6d3853eee3a432dc608e6757b6c5d2d70f4e6cc0a857b.png
18:24:27.756 [main] DEBUG net.thucydides.core.steps.StepInterceptor - STEP DONE: inputEmail
18:24:27.756 [Darkroom Processing Line] DEBUG net.serenitybdd.core.photography.DarkroomProcessingLine - Processing screenshot image in /var/screenshots/screenshot-15314421008922633727
18:24:27.756 [Darkroom Processing Line] DEBUG net.serenitybdd.core.photography.DarkroomProcessingLine - Saving screenshot to target\site\serenity\25f13862fea61594fee6d3853eee3a432dc608e6757b6c5d2d70f4e6cc0a857b.png
  &amp#27;[32mAnd &amp#27;[0m&amp#27;[32mI type invalid email&amp#27;[0m                       &amp#27;[90m# starter.stepdefinitions.LoginSteps.inputInvalidEmail()&amp#27;[0m
18:24:27.764 [Forwarding getPageSource on session 899db15cb449250e6b8198595365b0d9 to remote] DEBUG org.asynchttpclient.netty.request.NettyRequestSender - Using pooled Channel '[id: 0x2c563031, L:/127.0.0.1:52138 - R:localhost/127.0.0.1:16422]' for 'POST' to 'http://localhost:16422/session/899db15cb449250e6b8198595365b0d9/execute/sync'
18:24:27.764 [Forwarding getPageSource on session 899db15cb449250e6b8198595365b0d9 to remote] DEBUG org.asynchttpclient.netty.request.NettyRequestSender - Using open Channel [id: 0x2c563031, L:/127.0.0.1:52138 - R:localhost/127.0.0.1:16422] for POST '/session/899db15cb449250e6b8198595365b0d9/execute/sync'
18:24:27.768 [AsyncHttpClient-1-11] DEBUG org.asynchttpclient.netty.handler.HttpHandler - 

Request DefaultHttpRequest(decodeResult: success, version: HTTP/1.1)
POST /session/899db15cb449250e6b8198595365b0d9/execute/sync HTTP/1.1
User-Agent: selenium/4.8.1 (java windows)
Content-Length: 176
Content-Type: application/json; charset=utf-8
host: localhost:16422
accept: */*

Response DefaultHttpResponse(decodeResult: success, version: HTTP/1.1)
HTTP/1.1 200 OK
Content-Length: 9122
Content-Type: application/json; charset=utf-8
cache-control: no-cache

18:24:27.768 [AsyncHttpClient-1-11] DEBUG org.asynchttpclient.netty.channel.ChannelManager - Adding key: http://localhost:16422 for channel [id: 0x2c563031, L:/127.0.0.1:52138 - R:localhost/127.0.0.1:16422]
18:24:27.769 [Forwarding getCurrentUrl on session 899db15cb449250e6b8198595365b0d9 to remote] DEBUG org.asynchttpclient.netty.request.NettyRequestSender - Using pooled Channel '[id: 0x2c563031, L:/127.0.0.1:52138 - R:localhost/127.0.0.1:16422]' for 'GET' to 'http://localhost:16422/session/899db15cb449250e6b8198595365b0d9/url'
18:24:27.769 [Forwarding getCurrentUrl on session 899db15cb449250e6b8198595365b0d9 to remote] DEBUG org.asynchttpclient.netty.request.NettyRequestSender - Using open Channel [id: 0x2c563031, L:/127.0.0.1:52138 - R:localhost/127.0.0.1:16422] for GET '/session/899db15cb449250e6b8198595365b0d9/url'
18:24:27.771 [AsyncHttpClient-1-11] DEBUG org.asynchttpclient.netty.handler.HttpHandler - 

Request DefaultFullHttpRequest(decodeResult: success, version: HTTP/1.1, content: EmptyByteBufBE)
GET /session/899db15cb449250e6b8198595365b0d9/url HTTP/1.1
User-Agent: selenium/4.8.1 (java windows)
Cache-Control: no-cache
Content-Type: application/json; charset=utf-8
host: localhost:16422
accept: */*

Response DefaultHttpResponse(decodeResult: success, version: HTTP/1.1)
HTTP/1.1 200 OK
Content-Length: 45
Content-Type: application/json; charset=utf-8
cache-control: no-cache

18:24:27.772 [AsyncHttpClient-1-11] DEBUG org.asynchttpclient.netty.channel.ChannelManager - Adding key: http://localhost:16422 for channel [id: 0x2c563031, L:/127.0.0.1:52138 - R:localhost/127.0.0.1:16422]
18:24:27.778 [Forwarding getPageSource on session 899db15cb449250e6b8198595365b0d9 to remote] DEBUG org.asynchttpclient.netty.request.NettyRequestSender - Using pooled Channel '[id: 0x2c563031, L:/127.0.0.1:52138 - R:localhost/127.0.0.1:16422]' for 'POST' to 'http://localhost:16422/session/899db15cb449250e6b8198595365b0d9/execute/sync'
18:24:27.778 [Forwarding getPageSource on session 899db15cb449250e6b8198595365b0d9 to remote] DEBUG org.asynchttpclient.netty.request.NettyRequestSender - Using open Channel [id: 0x2c563031, L:/127.0.0.1:52138 - R:localhost/127.0.0.1:16422] for POST '/session/899db15cb449250e6b8198595365b0d9/execute/sync'
18:24:27.782 [AsyncHttpClient-1-11] DEBUG org.asynchttpclient.netty.handler.HttpHandler - 

Request DefaultHttpRequest(decodeResult: success, version: HTTP/1.1)
POST /session/899db15cb449250e6b8198595365b0d9/execute/sync HTTP/1.1
User-Agent: selenium/4.8.1 (java windows)
Content-Length: 176
Content-Type: application/json; charset=utf-8
host: localhost:16422
accept: */*

Response DefaultHttpResponse(decodeResult: success, version: HTTP/1.1)
HTTP/1.1 200 OK
Content-Length: 9122
Content-Type: application/json; charset=utf-8
cache-control: no-cache

18:24:27.782 [AsyncHttpClient-1-11] DEBUG org.asynchttpclient.netty.channel.ChannelManager - Adding key: http://localhost:16422 for channel [id: 0x2c563031, L:/127.0.0.1:52138 - R:localhost/127.0.0.1:16422]
18:24:27.783 [Forwarding getCurrentUrl on session 899db15cb449250e6b8198595365b0d9 to remote] DEBUG org.asynchttpclient.netty.request.NettyRequestSender - Using pooled Channel '[id: 0x2c563031, L:/127.0.0.1:52138 - R:localhost/127.0.0.1:16422]' for 'GET' to 'http://localhost:16422/session/899db15cb449250e6b8198595365b0d9/url'
18:24:27.783 [Forwarding getCurrentUrl on session 899db15cb449250e6b8198595365b0d9 to remote] DEBUG org.asynchttpclient.netty.request.NettyRequestSender - Using open Channel [id: 0x2c563031, L:/127.0.0.1:52138 - R:localhost/127.0.0.1:16422] for GET '/session/899db15cb449250e6b8198595365b0d9/url'
18:24:27.786 [AsyncHttpClient-1-11] DEBUG org.asynchttpclient.netty.handler.HttpHandler - 

Request DefaultFullHttpRequest(decodeResult: success, version: HTTP/1.1, content: EmptyByteBufBE)
GET /session/899db15cb449250e6b8198595365b0d9/url HTTP/1.1
User-Agent: selenium/4.8.1 (java windows)
Cache-Control: no-cache
Content-Type: application/json; charset=utf-8
host: localhost:16422
accept: */*

Response DefaultHttpResponse(decodeResult: success, version: HTTP/1.1)
HTTP/1.1 200 OK
Content-Length: 45
Content-Type: application/json; charset=utf-8
cache-control: no-cache

18:24:27.787 [AsyncHttpClient-1-11] DEBUG org.asynchttpclient.netty.channel.ChannelManager - Adding key: http://localhost:16422 for channel [id: 0x2c563031, L:/127.0.0.1:52138 - R:localhost/127.0.0.1:16422]
18:24:27.788 [main] DEBUG net.thucydides.core.steps.StepInterceptor - STARTING STEP: LoginSteps.inputPassword - inputPassword
18:24:27.790 [Forwarding findElement on session 899db15cb449250e6b8198595365b0d9 to remote] DEBUG org.asynchttpclient.netty.request.NettyRequestSender - Using pooled Channel '[id: 0x2c563031, L:/127.0.0.1:52138 - R:localhost/127.0.0.1:16422]' for 'POST' to 'http://localhost:16422/session/899db15cb449250e6b8198595365b0d9/element'
18:24:27.790 [Forwarding findElement on session 899db15cb449250e6b8198595365b0d9 to remote] DEBUG org.asynchttpclient.netty.request.NettyRequestSender - Using open Channel [id: 0x2c563031, L:/127.0.0.1:52138 - R:localhost/127.0.0.1:16422] for POST '/session/899db15cb449250e6b8198595365b0d9/element'
18:24:27.798 [AsyncHttpClient-1-11] DEBUG org.asynchttpclient.netty.handler.HttpHandler - 

Request DefaultHttpRequest(decodeResult: success, version: HTTP/1.1)
POST /session/899db15cb449250e6b8198595365b0d9/element HTTP/1.1
User-Agent: selenium/4.8.1 (java windows)
Content-Length: 62
Content-Type: application/json; charset=utf-8
host: localhost:16422
accept: */*

Response DefaultHttpResponse(decodeResult: success, version: HTTP/1.1)
HTTP/1.1 200 OK
Content-Length: 94
Content-Type: application/json; charset=utf-8
cache-control: no-cache

18:24:27.798 [AsyncHttpClient-1-11] DEBUG org.asynchttpclient.netty.channel.ChannelManager - Adding key: http://localhost:16422 for channel [id: 0x2c563031, L:/127.0.0.1:52138 - R:localhost/127.0.0.1:16422]
18:24:27.800 [Forwarding clearElement on session 899db15cb449250e6b8198595365b0d9 to remote] DEBUG org.asynchttpclient.netty.request.NettyRequestSender - Using pooled Channel '[id: 0x2c563031, L:/127.0.0.1:52138 - R:localhost/127.0.0.1:16422]' for 'POST' to 'http://localhost:16422/session/899db15cb449250e6b8198595365b0d9/element/4485AAA56BD5DB9A88B89AA26F92D46C_element_2/clear'
18:24:27.800 [Forwarding clearElement on session 899db15cb449250e6b8198595365b0d9 to remote] DEBUG org.asynchttpclient.netty.request.NettyRequestSender - Using open Channel [id: 0x2c563031, L:/127.0.0.1:52138 - R:localhost/127.0.0.1:16422] for POST '/session/899db15cb449250e6b8198595365b0d9/element/4485AAA56BD5DB9A88B89AA26F92D46C_element_2/clear'
18:24:27.817 [AsyncHttpClient-1-11] DEBUG org.asynchttpclient.netty.handler.HttpHandler - 

Request DefaultHttpRequest(decodeResult: success, version: HTTP/1.1)
POST /session/899db15cb449250e6b8198595365b0d9/element/4485AAA56BD5DB9A88B89AA26F92D46C_element_2/clear HTTP/1.1
User-Agent: selenium/4.8.1 (java windows)
Content-Length: 56
Content-Type: application/json; charset=utf-8
host: localhost:16422
accept: */*

Response DefaultHttpResponse(decodeResult: success, version: HTTP/1.1)
HTTP/1.1 200 OK
Content-Length: 14
Content-Type: application/json; charset=utf-8
cache-control: no-cache

18:24:27.817 [AsyncHttpClient-1-11] DEBUG org.asynchttpclient.netty.channel.ChannelManager - Adding key: http://localhost:16422 for channel [id: 0x2c563031, L:/127.0.0.1:52138 - R:localhost/127.0.0.1:16422]
18:24:27.819 [Forwarding sendKeysToElement on session 899db15cb449250e6b8198595365b0d9 to remote] DEBUG org.asynchttpclient.netty.request.NettyRequestSender - Using pooled Channel '[id: 0x2c563031, L:/127.0.0.1:52138 - R:localhost/127.0.0.1:16422]' for 'POST' to 'http://localhost:16422/session/899db15cb449250e6b8198595365b0d9/element/4485AAA56BD5DB9A88B89AA26F92D46C_element_2/value'
18:24:27.819 [Forwarding sendKeysToElement on session 899db15cb449250e6b8198595365b0d9 to remote] DEBUG org.asynchttpclient.netty.request.NettyRequestSender - Using open Channel [id: 0x2c563031, L:/127.0.0.1:52138 - R:localhost/127.0.0.1:16422] for POST '/session/899db15cb449250e6b8198595365b0d9/element/4485AAA56BD5DB9A88B89AA26F92D46C_element_2/value'
18:24:27.868 [AsyncHttpClient-1-11] DEBUG org.asynchttpclient.netty.handler.HttpHandler - 

Request DefaultHttpRequest(decodeResult: success, version: HTTP/1.1)
POST /session/899db15cb449250e6b8198595365b0d9/element/4485AAA56BD5DB9A88B89AA26F92D46C_element_2/value HTTP/1.1
User-Agent: selenium/4.8.1 (java windows)
Content-Length: 187
Content-Type: application/json; charset=utf-8
host: localhost:16422
accept: */*

Response DefaultHttpResponse(decodeResult: success, version: HTTP/1.1)
HTTP/1.1 200 OK
Content-Length: 14
Content-Type: application/json; charset=utf-8
cache-control: no-cache

18:24:27.868 [AsyncHttpClient-1-11] DEBUG org.asynchttpclient.netty.channel.ChannelManager - Adding key: http://localhost:16422 for channel [id: 0x2c563031, L:/127.0.0.1:52138 - R:localhost/127.0.0.1:16422]
18:24:27.871 [Forwarding getAlertText on session 899db15cb449250e6b8198595365b0d9 to remote] DEBUG org.asynchttpclient.netty.request.NettyRequestSender - Using pooled Channel '[id: 0x2c563031, L:/127.0.0.1:52138 - R:localhost/127.0.0.1:16422]' for 'GET' to 'http://localhost:16422/session/899db15cb449250e6b8198595365b0d9/alert/text'
18:24:27.871 [Forwarding getAlertText on session 899db15cb449250e6b8198595365b0d9 to remote] DEBUG org.asynchttpclient.netty.request.NettyRequestSender - Using open Channel [id: 0x2c563031, L:/127.0.0.1:52138 - R:localhost/127.0.0.1:16422] for GET '/session/899db15cb449250e6b8198595365b0d9/alert/text'
18:24:27.872 [AsyncHttpClient-1-11] DEBUG org.asynchttpclient.netty.handler.HttpHandler - 

Request DefaultFullHttpRequest(decodeResult: success, version: HTTP/1.1, content: EmptyByteBufBE)
GET /session/899db15cb449250e6b8198595365b0d9/alert/text HTTP/1.1
User-Agent: selenium/4.8.1 (java windows)
Cache-Control: no-cache
Content-Type: application/json; charset=utf-8
host: localhost:16422
accept: */*

Response DefaultHttpResponse(decodeResult: success, version: HTTP/1.1)
HTTP/1.1 404 Not Found
Content-Length: 821
Content-Type: application/json; charset=utf-8
cache-control: no-cache

18:24:27.872 [AsyncHttpClient-1-11] DEBUG org.asynchttpclient.netty.channel.ChannelManager - Adding key: http://localhost:16422 for channel [id: 0x2c563031, L:/127.0.0.1:52138 - R:localhost/127.0.0.1:16422]
18:24:27.873 [Forwarding getCurrentUrl on session 899db15cb449250e6b8198595365b0d9 to remote] DEBUG org.asynchttpclient.netty.request.NettyRequestSender - Using pooled Channel '[id: 0x2c563031, L:/127.0.0.1:52138 - R:localhost/127.0.0.1:16422]' for 'GET' to 'http://localhost:16422/session/899db15cb449250e6b8198595365b0d9/url'
18:24:27.873 [Forwarding getCurrentUrl on session 899db15cb449250e6b8198595365b0d9 to remote] DEBUG org.asynchttpclient.netty.request.NettyRequestSender - Using open Channel [id: 0x2c563031, L:/127.0.0.1:52138 - R:localhost/127.0.0.1:16422] for GET '/session/899db15cb449250e6b8198595365b0d9/url'
18:24:27.876 [AsyncHttpClient-1-11] DEBUG org.asynchttpclient.netty.handler.HttpHandler - 

Request DefaultFullHttpRequest(decodeResult: success, version: HTTP/1.1, content: EmptyByteBufBE)
GET /session/899db15cb449250e6b8198595365b0d9/url HTTP/1.1
User-Agent: selenium/4.8.1 (java windows)
Cache-Control: no-cache
Content-Type: application/json; charset=utf-8
host: localhost:16422
accept: */*

Response DefaultHttpResponse(decodeResult: success, version: HTTP/1.1)
HTTP/1.1 200 OK
Content-Length: 45
Content-Type: application/json; charset=utf-8
cache-control: no-cache

18:24:27.876 [AsyncHttpClient-1-11] DEBUG org.asynchttpclient.netty.channel.ChannelManager - Adding key: http://localhost:16422 for channel [id: 0x2c563031, L:/127.0.0.1:52138 - R:localhost/127.0.0.1:16422]
18:24:27.876 [Forwarding screenshot on session 899db15cb449250e6b8198595365b0d9 to remote] DEBUG org.asynchttpclient.netty.request.NettyRequestSender - Using pooled Channel '[id: 0x2c563031, L:/127.0.0.1:52138 - R:localhost/127.0.0.1:16422]' for 'GET' to 'http://localhost:16422/session/899db15cb449250e6b8198595365b0d9/screenshot'
18:24:27.876 [Forwarding screenshot on session 899db15cb449250e6b8198595365b0d9 to remote] DEBUG org.asynchttpclient.netty.request.NettyRequestSender - Using open Channel [id: 0x2c563031, L:/127.0.0.1:52138 - R:localhost/127.0.0.1:16422] for GET '/session/899db15cb449250e6b8198595365b0d9/screenshot'
18:24:27.946 [AsyncHttpClient-1-11] DEBUG org.asynchttpclient.netty.handler.HttpHandler - 

Request DefaultFullHttpRequest(decodeResult: success, version: HTTP/1.1, content: EmptyByteBufBE)
GET /session/899db15cb449250e6b8198595365b0d9/screenshot HTTP/1.1
User-Agent: selenium/4.8.1 (java windows)
Cache-Control: no-cache
Content-Type: application/json; charset=utf-8
host: localhost:16422
accept: */*

Response DefaultHttpResponse(decodeResult: success, version: HTTP/1.1)
HTTP/1.1 200 OK
Content-Length: 35092
Content-Type: application/json; charset=utf-8
cache-control: no-cache

18:24:27.946 [AsyncHttpClient-1-11] DEBUG org.asynchttpclient.netty.channel.ChannelManager - Adding key: http://localhost:16422 for channel [id: 0x2c563031, L:/127.0.0.1:52138 - R:localhost/127.0.0.1:16422]
18:24:27.948 [main] DEBUG net.serenitybdd.core.photography.Darkroom - Send negative for processing for target\site\serenity\f7481f2ade21b1a460c0b0568b31c7a3c55cd1c05319211ff90eebad4bb8ddd1.png
18:24:27.948 [main] DEBUG net.thucydides.core.steps.StepInterceptor - STEP DONE: inputPassword
18:24:27.948 [Darkroom Processing Line] DEBUG net.serenitybdd.core.photography.DarkroomProcessingLine - Processing screenshot image in /var/screenshots/screenshot-16570109474886778426
18:24:27.948 [Darkroom Processing Line] DEBUG net.serenitybdd.core.photography.DarkroomProcessingLine - Saving screenshot to target\site\serenity\f7481f2ade21b1a460c0b0568b31c7a3c55cd1c05319211ff90eebad4bb8ddd1.png
  &amp#27;[32mAnd &amp#27;[0m&amp#27;[32mI type correct password&amp#27;[0m                    &amp#27;[90m# starter.stepdefinitions.LoginSteps.inputPassword()&amp#27;[0m
18:24:27.953 [Forwarding getPageSource on session 899db15cb449250e6b8198595365b0d9 to remote] DEBUG org.asynchttpclient.netty.request.NettyRequestSender - Using pooled Channel '[id: 0x2c563031, L:/127.0.0.1:52138 - R:localhost/127.0.0.1:16422]' for 'POST' to 'http://localhost:16422/session/899db15cb449250e6b8198595365b0d9/execute/sync'
18:24:27.953 [Forwarding getPageSource on session 899db15cb449250e6b8198595365b0d9 to remote] DEBUG org.asynchttpclient.netty.request.NettyRequestSender - Using open Channel [id: 0x2c563031, L:/127.0.0.1:52138 - R:localhost/127.0.0.1:16422] for POST '/session/899db15cb449250e6b8198595365b0d9/execute/sync'
18:24:27.957 [AsyncHttpClient-1-11] DEBUG org.asynchttpclient.netty.handler.HttpHandler - 

Request DefaultHttpRequest(decodeResult: success, version: HTTP/1.1)
POST /session/899db15cb449250e6b8198595365b0d9/execute/sync HTTP/1.1
User-Agent: selenium/4.8.1 (java windows)
Content-Length: 176
Content-Type: application/json; charset=utf-8
host: localhost:16422
accept: */*

Response DefaultHttpResponse(decodeResult: success, version: HTTP/1.1)
HTTP/1.1 200 OK
Content-Length: 9132
Content-Type: application/json; charset=utf-8
cache-control: no-cache

18:24:27.957 [AsyncHttpClient-1-11] DEBUG org.asynchttpclient.netty.channel.ChannelManager - Adding key: http://localhost:16422 for channel [id: 0x2c563031, L:/127.0.0.1:52138 - R:localhost/127.0.0.1:16422]
18:24:27.958 [Forwarding getCurrentUrl on session 899db15cb449250e6b8198595365b0d9 to remote] DEBUG org.asynchttpclient.netty.request.NettyRequestSender - Using pooled Channel '[id: 0x2c563031, L:/127.0.0.1:52138 - R:localhost/127.0.0.1:16422]' for 'GET' to 'http://localhost:16422/session/899db15cb449250e6b8198595365b0d9/url'
18:24:27.958 [Forwarding getCurrentUrl on session 899db15cb449250e6b8198595365b0d9 to remote] DEBUG org.asynchttpclient.netty.request.NettyRequestSender - Using open Channel [id: 0x2c563031, L:/127.0.0.1:52138 - R:localhost/127.0.0.1:16422] for GET '/session/899db15cb449250e6b8198595365b0d9/url'
18:24:27.962 [AsyncHttpClient-1-11] DEBUG org.asynchttpclient.netty.handler.HttpHandler - 

Request DefaultFullHttpRequest(decodeResult: success, version: HTTP/1.1, content: EmptyByteBufBE)
GET /session/899db15cb449250e6b8198595365b0d9/url HTTP/1.1
User-Agent: selenium/4.8.1 (java windows)
Cache-Control: no-cache
Content-Type: application/json; charset=utf-8
host: localhost:16422
accept: */*

Response DefaultHttpResponse(decodeResult: success, version: HTTP/1.1)
HTTP/1.1 200 OK
Content-Length: 45
Content-Type: application/json; charset=utf-8
cache-control: no-cache

18:24:27.962 [AsyncHttpClient-1-11] DEBUG org.asynchttpclient.netty.channel.ChannelManager - Adding key: http://localhost:16422 for channel [id: 0x2c563031, L:/127.0.0.1:52138 - R:localhost/127.0.0.1:16422]
18:24:27.968 [Forwarding getPageSource on session 899db15cb449250e6b8198595365b0d9 to remote] DEBUG org.asynchttpclient.netty.request.NettyRequestSender - Using pooled Channel '[id: 0x2c563031, L:/127.0.0.1:52138 - R:localhost/127.0.0.1:16422]' for 'POST' to 'http://localhost:16422/session/899db15cb449250e6b8198595365b0d9/execute/sync'
18:24:27.968 [Forwarding getPageSource on session 899db15cb449250e6b8198595365b0d9 to remote] DEBUG org.asynchttpclient.netty.request.NettyRequestSender - Using open Channel [id: 0x2c563031, L:/127.0.0.1:52138 - R:localhost/127.0.0.1:16422] for POST '/session/899db15cb449250e6b8198595365b0d9/execute/sync'
18:24:27.972 [AsyncHttpClient-1-11] DEBUG org.asynchttpclient.netty.handler.HttpHandler - 

Request DefaultHttpRequest(decodeResult: success, version: HTTP/1.1)
POST /session/899db15cb449250e6b8198595365b0d9/execute/sync HTTP/1.1
User-Agent: selenium/4.8.1 (java windows)
Content-Length: 176
Content-Type: application/json; charset=utf-8
host: localhost:16422
accept: */*

Response DefaultHttpResponse(decodeResult: success, version: HTTP/1.1)
HTTP/1.1 200 OK
Content-Length: 9132
Content-Type: application/json; charset=utf-8
cache-control: no-cache

18:24:27.972 [AsyncHttpClient-1-11] DEBUG org.asynchttpclient.netty.channel.ChannelManager - Adding key: http://localhost:16422 for channel [id: 0x2c563031, L:/127.0.0.1:52138 - R:localhost/127.0.0.1:16422]
18:24:27.974 [Forwarding getCurrentUrl on session 899db15cb449250e6b8198595365b0d9 to remote] DEBUG org.asynchttpclient.netty.request.NettyRequestSender - Using pooled Channel '[id: 0x2c563031, L:/127.0.0.1:52138 - R:localhost/127.0.0.1:16422]' for 'GET' to 'http://localhost:16422/session/899db15cb449250e6b8198595365b0d9/url'
18:24:27.974 [Forwarding getCurrentUrl on session 899db15cb449250e6b8198595365b0d9 to remote] DEBUG org.asynchttpclient.netty.request.NettyRequestSender - Using open Channel [id: 0x2c563031, L:/127.0.0.1:52138 - R:localhost/127.0.0.1:16422] for GET '/session/899db15cb449250e6b8198595365b0d9/url'
18:24:27.976 [AsyncHttpClient-1-11] DEBUG org.asynchttpclient.netty.handler.HttpHandler - 

Request DefaultFullHttpRequest(decodeResult: success, version: HTTP/1.1, content: EmptyByteBufBE)
GET /session/899db15cb449250e6b8198595365b0d9/url HTTP/1.1
User-Agent: selenium/4.8.1 (java windows)
Cache-Control: no-cache
Content-Type: application/json; charset=utf-8
host: localhost:16422
accept: */*

Response DefaultHttpResponse(decodeResult: success, version: HTTP/1.1)
HTTP/1.1 200 OK
Content-Length: 45
Content-Type: application/json; charset=utf-8
cache-control: no-cache

18:24:27.980 [AsyncHttpClient-1-11] DEBUG org.asynchttpclient.netty.channel.ChannelManager - Adding key: http://localhost:16422 for channel [id: 0x2c563031, L:/127.0.0.1:52138 - R:localhost/127.0.0.1:16422]
18:24:27.981 [main] DEBUG net.thucydides.core.steps.StepInterceptor - STARTING STEP: LoginSteps.clickLoginButton - clickLoginButton
18:24:27.983 [Forwarding findElement on session 899db15cb449250e6b8198595365b0d9 to remote] DEBUG org.asynchttpclient.netty.request.NettyRequestSender - Using pooled Channel '[id: 0x2c563031, L:/127.0.0.1:52138 - R:localhost/127.0.0.1:16422]' for 'POST' to 'http://localhost:16422/session/899db15cb449250e6b8198595365b0d9/element'
18:24:27.983 [Forwarding findElement on session 899db15cb449250e6b8198595365b0d9 to remote] DEBUG org.asynchttpclient.netty.request.NettyRequestSender - Using open Channel [id: 0x2c563031, L:/127.0.0.1:52138 - R:localhost/127.0.0.1:16422] for POST '/session/899db15cb449250e6b8198595365b0d9/element'
18:24:27.992 [AsyncHttpClient-1-11] DEBUG org.asynchttpclient.netty.handler.HttpHandler - 

Request DefaultHttpRequest(decodeResult: success, version: HTTP/1.1)
POST /session/899db15cb449250e6b8198595365b0d9/element HTTP/1.1
User-Agent: selenium/4.8.1 (java windows)
Content-Length: 63
Content-Type: application/json; charset=utf-8
host: localhost:16422
accept: */*

Response DefaultHttpResponse(decodeResult: success, version: HTTP/1.1)
HTTP/1.1 200 OK
Content-Length: 95
Content-Type: application/json; charset=utf-8
cache-control: no-cache

18:24:27.992 [AsyncHttpClient-1-11] DEBUG org.asynchttpclient.netty.channel.ChannelManager - Adding key: http://localhost:16422 for channel [id: 0x2c563031, L:/127.0.0.1:52138 - R:localhost/127.0.0.1:16422]
18:24:27.994 [Forwarding getElementTagName on session 899db15cb449250e6b8198595365b0d9 to remote] DEBUG org.asynchttpclient.netty.request.NettyRequestSender - Using pooled Channel '[id: 0x2c563031, L:/127.0.0.1:52138 - R:localhost/127.0.0.1:16422]' for 'GET' to 'http://localhost:16422/session/899db15cb449250e6b8198595365b0d9/element/4485AAA56BD5DB9A88B89AA26F92D46C_element_11/name'
18:24:27.994 [Forwarding getElementTagName on session 899db15cb449250e6b8198595365b0d9 to remote] DEBUG org.asynchttpclient.netty.request.NettyRequestSender - Using open Channel [id: 0x2c563031, L:/127.0.0.1:52138 - R:localhost/127.0.0.1:16422] for GET '/session/899db15cb449250e6b8198595365b0d9/element/4485AAA56BD5DB9A88B89AA26F92D46C_element_11/name'
18:24:27.998 [AsyncHttpClient-1-11] DEBUG org.asynchttpclient.netty.handler.HttpHandler - 

Request DefaultFullHttpRequest(decodeResult: success, version: HTTP/1.1, content: EmptyByteBufBE)
GET /session/899db15cb449250e6b8198595365b0d9/element/4485AAA56BD5DB9A88B89AA26F92D46C_element_11/name HTTP/1.1
User-Agent: selenium/4.8.1 (java windows)
Cache-Control: no-cache
Content-Type: application/json; charset=utf-8
host: localhost:16422
accept: */*

Response DefaultHttpResponse(decodeResult: success, version: HTTP/1.1)
HTTP/1.1 200 OK
Content-Length: 18
Content-Type: application/json; charset=utf-8
cache-control: no-cache

18:24:27.998 [AsyncHttpClient-1-11] DEBUG org.asynchttpclient.netty.channel.ChannelManager - Adding key: http://localhost:16422 for channel [id: 0x2c563031, L:/127.0.0.1:52138 - R:localhost/127.0.0.1:16422]
18:24:27.999 [Forwarding getElementTagName on session 899db15cb449250e6b8198595365b0d9 to remote] DEBUG org.asynchttpclient.netty.request.NettyRequestSender - Using pooled Channel '[id: 0x2c563031, L:/127.0.0.1:52138 - R:localhost/127.0.0.1:16422]' for 'GET' to 'http://localhost:16422/session/899db15cb449250e6b8198595365b0d9/element/4485AAA56BD5DB9A88B89AA26F92D46C_element_11/name'
18:24:27.999 [Forwarding getElementTagName on session 899db15cb449250e6b8198595365b0d9 to remote] DEBUG org.asynchttpclient.netty.request.NettyRequestSender - Using open Channel [id: 0x2c563031, L:/127.0.0.1:52138 - R:localhost/127.0.0.1:16422] for GET '/session/899db15cb449250e6b8198595365b0d9/element/4485AAA56BD5DB9A88B89AA26F92D46C_element_11/name'
18:24:28.003 [AsyncHttpClient-1-11] DEBUG org.asynchttpclient.netty.handler.HttpHandler - 

Request DefaultFullHttpRequest(decodeResult: success, version: HTTP/1.1, content: EmptyByteBufBE)
GET /session/899db15cb449250e6b8198595365b0d9/element/4485AAA56BD5DB9A88B89AA26F92D46C_element_11/name HTTP/1.1
User-Agent: selenium/4.8.1 (java windows)
Cache-Control: no-cache
Content-Type: application/json; charset=utf-8
host: localhost:16422
accept: */*

Response DefaultHttpResponse(decodeResult: success, version: HTTP/1.1)
HTTP/1.1 200 OK
Content-Length: 18
Content-Type: application/json; charset=utf-8
cache-control: no-cache

18:24:28.003 [AsyncHttpClient-1-11] DEBUG org.asynchttpclient.netty.channel.ChannelManager - Adding key: http://localhost:16422 for channel [id: 0x2c563031, L:/127.0.0.1:52138 - R:localhost/127.0.0.1:16422]
18:24:28.005 [Forwarding isElementEnabled on session 899db15cb449250e6b8198595365b0d9 to remote] DEBUG org.asynchttpclient.netty.request.NettyRequestSender - Using pooled Channel '[id: 0x2c563031, L:/127.0.0.1:52138 - R:localhost/127.0.0.1:16422]' for 'GET' to 'http://localhost:16422/session/899db15cb449250e6b8198595365b0d9/element/4485AAA56BD5DB9A88B89AA26F92D46C_element_11/enabled'
18:24:28.005 [Forwarding isElementEnabled on session 899db15cb449250e6b8198595365b0d9 to remote] DEBUG org.asynchttpclient.netty.request.NettyRequestSender - Using open Channel [id: 0x2c563031, L:/127.0.0.1:52138 - R:localhost/127.0.0.1:16422] for GET '/session/899db15cb449250e6b8198595365b0d9/element/4485AAA56BD5DB9A88B89AA26F92D46C_element_11/enabled'
18:24:28.010 [AsyncHttpClient-1-11] DEBUG org.asynchttpclient.netty.handler.HttpHandler - 

Request DefaultFullHttpRequest(decodeResult: success, version: HTTP/1.1, content: EmptyByteBufBE)
GET /session/899db15cb449250e6b8198595365b0d9/element/4485AAA56BD5DB9A88B89AA26F92D46C_element_11/enabled HTTP/1.1
User-Agent: selenium/4.8.1 (java windows)
Cache-Control: no-cache
Content-Type: application/json; charset=utf-8
host: localhost:16422
accept: */*

Response DefaultHttpResponse(decodeResult: success, version: HTTP/1.1)
HTTP/1.1 200 OK
Content-Length: 14
Content-Type: application/json; charset=utf-8
cache-control: no-cache

18:24:28.010 [AsyncHttpClient-1-11] DEBUG org.asynchttpclient.netty.channel.ChannelManager - Adding key: http://localhost:16422 for channel [id: 0x2c563031, L:/127.0.0.1:52138 - R:localhost/127.0.0.1:16422]
18:24:28.010 [Forwarding isElementEnabled on session 899db15cb449250e6b8198595365b0d9 to remote] DEBUG org.asynchttpclient.netty.request.NettyRequestSender - Using pooled Channel '[id: 0x2c563031, L:/127.0.0.1:52138 - R:localhost/127.0.0.1:16422]' for 'GET' to 'http://localhost:16422/session/899db15cb449250e6b8198595365b0d9/element/4485AAA56BD5DB9A88B89AA26F92D46C_element_11/enabled'
18:24:28.010 [Forwarding isElementEnabled on session 899db15cb449250e6b8198595365b0d9 to remote] DEBUG org.asynchttpclient.netty.request.NettyRequestSender - Using open Channel [id: 0x2c563031, L:/127.0.0.1:52138 - R:localhost/127.0.0.1:16422] for GET '/session/899db15cb449250e6b8198595365b0d9/element/4485AAA56BD5DB9A88B89AA26F92D46C_element_11/enabled'
18:24:28.016 [AsyncHttpClient-1-11] DEBUG org.asynchttpclient.netty.handler.HttpHandler - 

Request DefaultFullHttpRequest(decodeResult: success, version: HTTP/1.1, content: EmptyByteBufBE)
GET /session/899db15cb449250e6b8198595365b0d9/element/4485AAA56BD5DB9A88B89AA26F92D46C_element_11/enabled HTTP/1.1
User-Agent: selenium/4.8.1 (java windows)
Cache-Control: no-cache
Content-Type: application/json; charset=utf-8
host: localhost:16422
accept: */*

Response DefaultHttpResponse(decodeResult: success, version: HTTP/1.1)
HTTP/1.1 200 OK
Content-Length: 14
Content-Type: application/json; charset=utf-8
cache-control: no-cache

18:24:28.016 [AsyncHttpClient-1-11] DEBUG org.asynchttpclient.netty.channel.ChannelManager - Adding key: http://localhost:16422 for channel [id: 0x2c563031, L:/127.0.0.1:52138 - R:localhost/127.0.0.1:16422]
18:24:28.017 [Forwarding findElement on session 899db15cb449250e6b8198595365b0d9 to remote] DEBUG org.asynchttpclient.netty.request.NettyRequestSender - Using pooled Channel '[id: 0x2c563031, L:/127.0.0.1:52138 - R:localhost/127.0.0.1:16422]' for 'POST' to 'http://localhost:16422/session/899db15cb449250e6b8198595365b0d9/element'
18:24:28.017 [Forwarding findElement on session 899db15cb449250e6b8198595365b0d9 to remote] DEBUG org.asynchttpclient.netty.request.NettyRequestSender - Using open Channel [id: 0x2c563031, L:/127.0.0.1:52138 - R:localhost/127.0.0.1:16422] for POST '/session/899db15cb449250e6b8198595365b0d9/element'
18:24:28.022 [AsyncHttpClient-1-11] DEBUG org.asynchttpclient.netty.handler.HttpHandler - 

Request DefaultHttpRequest(decodeResult: success, version: HTTP/1.1)
POST /session/899db15cb449250e6b8198595365b0d9/element HTTP/1.1
User-Agent: selenium/4.8.1 (java windows)
Content-Length: 63
Content-Type: application/json; charset=utf-8
host: localhost:16422
accept: */*

Response DefaultHttpResponse(decodeResult: success, version: HTTP/1.1)
HTTP/1.1 200 OK
Content-Length: 95
Content-Type: application/json; charset=utf-8
cache-control: no-cache

18:24:28.022 [AsyncHttpClient-1-11] DEBUG org.asynchttpclient.netty.channel.ChannelManager - Adding key: http://localhost:16422 for channel [id: 0x2c563031, L:/127.0.0.1:52138 - R:localhost/127.0.0.1:16422]
18:24:28.023 [Forwarding clickElement on session 899db15cb449250e6b8198595365b0d9 to remote] DEBUG org.asynchttpclient.netty.request.NettyRequestSender - Using pooled Channel '[id: 0x2c563031, L:/127.0.0.1:52138 - R:localhost/127.0.0.1:16422]' for 'POST' to 'http://localhost:16422/session/899db15cb449250e6b8198595365b0d9/element/4485AAA56BD5DB9A88B89AA26F92D46C_element_11/click'
18:24:28.023 [Forwarding clickElement on session 899db15cb449250e6b8198595365b0d9 to remote] DEBUG org.asynchttpclient.netty.request.NettyRequestSender - Using open Channel [id: 0x2c563031, L:/127.0.0.1:52138 - R:localhost/127.0.0.1:16422] for POST '/session/899db15cb449250e6b8198595365b0d9/element/4485AAA56BD5DB9A88B89AA26F92D46C_element_11/click'
18:24:28.069 [AsyncHttpClient-1-11] DEBUG org.asynchttpclient.netty.handler.HttpHandler - 

Request DefaultHttpRequest(decodeResult: success, version: HTTP/1.1)
POST /session/899db15cb449250e6b8198595365b0d9/element/4485AAA56BD5DB9A88B89AA26F92D46C_element_11/click HTTP/1.1
User-Agent: selenium/4.8.1 (java windows)
Content-Length: 57
Content-Type: application/json; charset=utf-8
host: localhost:16422
accept: */*

Response DefaultHttpResponse(decodeResult: success, version: HTTP/1.1)
HTTP/1.1 200 OK
Content-Length: 14
Content-Type: application/json; charset=utf-8
cache-control: no-cache

18:24:28.069 [AsyncHttpClient-1-11] DEBUG org.asynchttpclient.netty.channel.ChannelManager - Adding key: http://localhost:16422 for channel [id: 0x2c563031, L:/127.0.0.1:52138 - R:localhost/127.0.0.1:16422]
18:24:28.074 [Forwarding getAlertText on session 899db15cb449250e6b8198595365b0d9 to remote] DEBUG org.asynchttpclient.netty.request.NettyRequestSender - Using pooled Channel '[id: 0x2c563031, L:/127.0.0.1:52138 - R:localhost/127.0.0.1:16422]' for 'GET' to 'http://localhost:16422/session/899db15cb449250e6b8198595365b0d9/alert/text'
18:24:28.074 [Forwarding getAlertText on session 899db15cb449250e6b8198595365b0d9 to remote] DEBUG org.asynchttpclient.netty.request.NettyRequestSender - Using open Channel [id: 0x2c563031, L:/127.0.0.1:52138 - R:localhost/127.0.0.1:16422] for GET '/session/899db15cb449250e6b8198595365b0d9/alert/text'
18:24:28.075 [AsyncHttpClient-1-11] DEBUG org.asynchttpclient.netty.handler.HttpHandler - 

Request DefaultFullHttpRequest(decodeResult: success, version: HTTP/1.1, content: EmptyByteBufBE)
GET /session/899db15cb449250e6b8198595365b0d9/alert/text HTTP/1.1
User-Agent: selenium/4.8.1 (java windows)
Cache-Control: no-cache
Content-Type: application/json; charset=utf-8
host: localhost:16422
accept: */*

Response DefaultHttpResponse(decodeResult: success, version: HTTP/1.1)
HTTP/1.1 404 Not Found
Content-Length: 821
Content-Type: application/json; charset=utf-8
cache-control: no-cache

18:24:28.077 [AsyncHttpClient-1-11] DEBUG org.asynchttpclient.netty.channel.ChannelManager - Adding key: http://localhost:16422 for channel [id: 0x2c563031, L:/127.0.0.1:52138 - R:localhost/127.0.0.1:16422]
18:24:28.078 [Forwarding getCurrentUrl on session 899db15cb449250e6b8198595365b0d9 to remote] DEBUG org.asynchttpclient.netty.request.NettyRequestSender - Using pooled Channel '[id: 0x2c563031, L:/127.0.0.1:52138 - R:localhost/127.0.0.1:16422]' for 'GET' to 'http://localhost:16422/session/899db15cb449250e6b8198595365b0d9/url'
18:24:28.078 [Forwarding getCurrentUrl on session 899db15cb449250e6b8198595365b0d9 to remote] DEBUG org.asynchttpclient.netty.request.NettyRequestSender - Using open Channel [id: 0x2c563031, L:/127.0.0.1:52138 - R:localhost/127.0.0.1:16422] for GET '/session/899db15cb449250e6b8198595365b0d9/url'
18:24:28.081 [AsyncHttpClient-1-11] DEBUG org.asynchttpclient.netty.handler.HttpHandler - 

Request DefaultFullHttpRequest(decodeResult: success, version: HTTP/1.1, content: EmptyByteBufBE)
GET /session/899db15cb449250e6b8198595365b0d9/url HTTP/1.1
User-Agent: selenium/4.8.1 (java windows)
Cache-Control: no-cache
Content-Type: application/json; charset=utf-8
host: localhost:16422
accept: */*

Response DefaultHttpResponse(decodeResult: success, version: HTTP/1.1)
HTTP/1.1 200 OK
Content-Length: 45
Content-Type: application/json; charset=utf-8
cache-control: no-cache

18:24:28.081 [AsyncHttpClient-1-11] DEBUG org.asynchttpclient.netty.channel.ChannelManager - Adding key: http://localhost:16422 for channel [id: 0x2c563031, L:/127.0.0.1:52138 - R:localhost/127.0.0.1:16422]
18:24:28.082 [Forwarding screenshot on session 899db15cb449250e6b8198595365b0d9 to remote] DEBUG org.asynchttpclient.netty.request.NettyRequestSender - Using pooled Channel '[id: 0x2c563031, L:/127.0.0.1:52138 - R:localhost/127.0.0.1:16422]' for 'GET' to 'http://localhost:16422/session/899db15cb449250e6b8198595365b0d9/screenshot'
18:24:28.082 [Forwarding screenshot on session 899db15cb449250e6b8198595365b0d9 to remote] DEBUG org.asynchttpclient.netty.request.NettyRequestSender - Using open Channel [id: 0x2c563031, L:/127.0.0.1:52138 - R:localhost/127.0.0.1:16422] for GET '/session/899db15cb449250e6b8198595365b0d9/screenshot'
18:24:28.156 [AsyncHttpClient-1-11] DEBUG org.asynchttpclient.netty.handler.HttpHandler - 

Request DefaultFullHttpRequest(decodeResult: success, version: HTTP/1.1, content: EmptyByteBufBE)
GET /session/899db15cb449250e6b8198595365b0d9/screenshot HTTP/1.1
User-Agent: selenium/4.8.1 (java windows)
Cache-Control: no-cache
Content-Type: application/json; charset=utf-8
host: localhost:16422
accept: */*

Response DefaultHttpResponse(decodeResult: success, version: HTTP/1.1)
HTTP/1.1 200 OK
Content-Length: 35540
Content-Type: application/json; charset=utf-8
cache-control: no-cache

18:24:28.157 [AsyncHttpClient-1-11] DEBUG org.asynchttpclient.netty.channel.ChannelManager - Adding key: http://localhost:16422 for channel [id: 0x2c563031, L:/127.0.0.1:52138 - R:localhost/127.0.0.1:16422]
18:24:28.158 [main] DEBUG net.serenitybdd.core.photography.Darkroom - Send negative for processing for target\site\serenity\a0b6ab38a857fd84e2bde35c654a88da4ec7fddcf05e24e9b494da5cf426fad4.png
18:24:28.159 [main] DEBUG net.thucydides.core.steps.StepInterceptor - STEP DONE: clickLoginButton
18:24:28.159 [Darkroom Processing Line] DEBUG net.serenitybdd.core.photography.DarkroomProcessingLine - Processing screenshot image in /var/screenshots/screenshot-13320262692986904678
18:24:28.159 [Darkroom Processing Line] DEBUG net.serenitybdd.core.photography.DarkroomProcessingLine - Saving screenshot to target\site\serenity\a0b6ab38a857fd84e2bde35c654a88da4ec7fddcf05e24e9b494da5cf426fad4.png
  &amp#27;[32mWhen &amp#27;[0m&amp#27;[32mI click on the login button&amp#27;[0m               &amp#27;[90m# starter.stepdefinitions.LoginSteps.clickLoginButton()&amp#27;[0m
18:24:28.164 [Forwarding getPageSource on session 899db15cb449250e6b8198595365b0d9 to remote] DEBUG org.asynchttpclient.netty.request.NettyRequestSender - Using pooled Channel '[id: 0x2c563031, L:/127.0.0.1:52138 - R:localhost/127.0.0.1:16422]' for 'POST' to 'http://localhost:16422/session/899db15cb449250e6b8198595365b0d9/execute/sync'
18:24:28.164 [Forwarding getPageSource on session 899db15cb449250e6b8198595365b0d9 to remote] DEBUG org.asynchttpclient.netty.request.NettyRequestSender - Using open Channel [id: 0x2c563031, L:/127.0.0.1:52138 - R:localhost/127.0.0.1:16422] for POST '/session/899db15cb449250e6b8198595365b0d9/execute/sync'
18:24:28.169 [AsyncHttpClient-1-11] DEBUG org.asynchttpclient.netty.handler.HttpHandler - 

Request DefaultHttpRequest(decodeResult: success, version: HTTP/1.1)
POST /session/899db15cb449250e6b8198595365b0d9/execute/sync HTTP/1.1
User-Agent: selenium/4.8.1 (java windows)
Content-Length: 176
Content-Type: application/json; charset=utf-8
host: localhost:16422
accept: */*

Response DefaultHttpResponse(decodeResult: success, version: HTTP/1.1)
HTTP/1.1 200 OK
Content-Length: 9208
Content-Type: application/json; charset=utf-8
cache-control: no-cache

18:24:28.169 [AsyncHttpClient-1-11] DEBUG org.asynchttpclient.netty.channel.ChannelManager - Adding key: http://localhost:16422 for channel [id: 0x2c563031, L:/127.0.0.1:52138 - R:localhost/127.0.0.1:16422]
18:24:28.171 [Forwarding getCurrentUrl on session 899db15cb449250e6b8198595365b0d9 to remote] DEBUG org.asynchttpclient.netty.request.NettyRequestSender - Using pooled Channel '[id: 0x2c563031, L:/127.0.0.1:52138 - R:localhost/127.0.0.1:16422]' for 'GET' to 'http://localhost:16422/session/899db15cb449250e6b8198595365b0d9/url'
18:24:28.171 [Forwarding getCurrentUrl on session 899db15cb449250e6b8198595365b0d9 to remote] DEBUG org.asynchttpclient.netty.request.NettyRequestSender - Using open Channel [id: 0x2c563031, L:/127.0.0.1:52138 - R:localhost/127.0.0.1:16422] for GET '/session/899db15cb449250e6b8198595365b0d9/url'
18:24:28.174 [AsyncHttpClient-1-11] DEBUG org.asynchttpclient.netty.handler.HttpHandler - 

Request DefaultFullHttpRequest(decodeResult: success, version: HTTP/1.1, content: EmptyByteBufBE)
GET /session/899db15cb449250e6b8198595365b0d9/url HTTP/1.1
User-Agent: selenium/4.8.1 (java windows)
Cache-Control: no-cache
Content-Type: application/json; charset=utf-8
host: localhost:16422
accept: */*

Response DefaultHttpResponse(decodeResult: success, version: HTTP/1.1)
HTTP/1.1 200 OK
Content-Length: 45
Content-Type: application/json; charset=utf-8
cache-control: no-cache

18:24:28.174 [AsyncHttpClient-1-11] DEBUG org.asynchttpclient.netty.channel.ChannelManager - Adding key: http://localhost:16422 for channel [id: 0x2c563031, L:/127.0.0.1:52138 - R:localhost/127.0.0.1:16422]
18:24:28.181 [Forwarding getPageSource on session 899db15cb449250e6b8198595365b0d9 to remote] DEBUG org.asynchttpclient.netty.request.NettyRequestSender - Using pooled Channel '[id: 0x2c563031, L:/127.0.0.1:52138 - R:localhost/127.0.0.1:16422]' for 'POST' to 'http://localhost:16422/session/899db15cb449250e6b8198595365b0d9/execute/sync'
18:24:28.181 [Forwarding getPageSource on session 899db15cb449250e6b8198595365b0d9 to remote] DEBUG org.asynchttpclient.netty.request.NettyRequestSender - Using open Channel [id: 0x2c563031, L:/127.0.0.1:52138 - R:localhost/127.0.0.1:16422] for POST '/session/899db15cb449250e6b8198595365b0d9/execute/sync'
18:24:28.186 [AsyncHttpClient-1-11] DEBUG org.asynchttpclient.netty.handler.HttpHandler - 

Request DefaultHttpRequest(decodeResult: success, version: HTTP/1.1)
POST /session/899db15cb449250e6b8198595365b0d9/execute/sync HTTP/1.1
User-Agent: selenium/4.8.1 (java windows)
Content-Length: 176
Content-Type: application/json; charset=utf-8
host: localhost:16422
accept: */*

Response DefaultHttpResponse(decodeResult: success, version: HTTP/1.1)
HTTP/1.1 200 OK
Content-Length: 9208
Content-Type: application/json; charset=utf-8
cache-control: no-cache

18:24:28.186 [AsyncHttpClient-1-11] DEBUG org.asynchttpclient.netty.channel.ChannelManager - Adding key: http://localhost:16422 for channel [id: 0x2c563031, L:/127.0.0.1:52138 - R:localhost/127.0.0.1:16422]
18:24:28.187 [Forwarding getCurrentUrl on session 899db15cb449250e6b8198595365b0d9 to remote] DEBUG org.asynchttpclient.netty.request.NettyRequestSender - Using pooled Channel '[id: 0x2c563031, L:/127.0.0.1:52138 - R:localhost/127.0.0.1:16422]' for 'GET' to 'http://localhost:16422/session/899db15cb449250e6b8198595365b0d9/url'
18:24:28.187 [Forwarding getCurrentUrl on session 899db15cb449250e6b8198595365b0d9 to remote] DEBUG org.asynchttpclient.netty.request.NettyRequestSender - Using open Channel [id: 0x2c563031, L:/127.0.0.1:52138 - R:localhost/127.0.0.1:16422] for GET '/session/899db15cb449250e6b8198595365b0d9/url'
18:24:28.190 [AsyncHttpClient-1-11] DEBUG org.asynchttpclient.netty.handler.HttpHandler - 

Request DefaultFullHttpRequest(decodeResult: success, version: HTTP/1.1, content: EmptyByteBufBE)
GET /session/899db15cb449250e6b8198595365b0d9/url HTTP/1.1
User-Agent: selenium/4.8.1 (java windows)
Cache-Control: no-cache
Content-Type: application/json; charset=utf-8
host: localhost:16422
accept: */*

Response DefaultHttpResponse(decodeResult: success, version: HTTP/1.1)
HTTP/1.1 200 OK
Content-Length: 45
Content-Type: application/json; charset=utf-8
cache-control: no-cache

18:24:28.190 [AsyncHttpClient-1-11] DEBUG org.asynchttpclient.netty.channel.ChannelManager - Adding key: http://localhost:16422 for channel [id: 0x2c563031, L:/127.0.0.1:52138 - R:localhost/127.0.0.1:16422]
18:24:28.191 [main] DEBUG net.thucydides.core.steps.StepInterceptor - STARTING STEP: LoginSteps.checkWarningInvalidEmail - checkWarningInvalidEmail
18:24:28.192 [Forwarding findElement on session 899db15cb449250e6b8198595365b0d9 to remote] DEBUG org.asynchttpclient.netty.request.NettyRequestSender - Using pooled Channel '[id: 0x2c563031, L:/127.0.0.1:52138 - R:localhost/127.0.0.1:16422]' for 'POST' to 'http://localhost:16422/session/899db15cb449250e6b8198595365b0d9/element'
18:24:28.193 [Forwarding findElement on session 899db15cb449250e6b8198595365b0d9 to remote] DEBUG org.asynchttpclient.netty.request.NettyRequestSender - Using open Channel [id: 0x2c563031, L:/127.0.0.1:52138 - R:localhost/127.0.0.1:16422] for POST '/session/899db15cb449250e6b8198595365b0d9/element'
18:24:28.201 [AsyncHttpClient-1-11] DEBUG org.asynchttpclient.netty.handler.HttpHandler - 

Request DefaultHttpRequest(decodeResult: success, version: HTTP/1.1)
POST /session/899db15cb449250e6b8198595365b0d9/element HTTP/1.1
User-Agent: selenium/4.8.1 (java windows)
Content-Length: 51
Content-Type: application/json; charset=utf-8
host: localhost:16422
accept: */*

Response DefaultHttpResponse(decodeResult: success, version: HTTP/1.1)
HTTP/1.1 200 OK
Content-Length: 95
Content-Type: application/json; charset=utf-8
cache-control: no-cache

18:24:28.201 [AsyncHttpClient-1-11] DEBUG org.asynchttpclient.netty.channel.ChannelManager - Adding key: http://localhost:16422 for channel [id: 0x2c563031, L:/127.0.0.1:52138 - R:localhost/127.0.0.1:16422]
18:24:28.203 [Forwarding isElementDisplayed on session 899db15cb449250e6b8198595365b0d9 to remote] DEBUG org.asynchttpclient.netty.request.NettyRequestSender - Using pooled Channel '[id: 0x2c563031, L:/127.0.0.1:52138 - R:localhost/127.0.0.1:16422]' for 'POST' to 'http://localhost:16422/session/899db15cb449250e6b8198595365b0d9/execute/sync'
18:24:28.203 [Forwarding isElementDisplayed on session 899db15cb449250e6b8198595365b0d9 to remote] DEBUG org.asynchttpclient.netty.request.NettyRequestSender - Using open Channel [id: 0x2c563031, L:/127.0.0.1:52138 - R:localhost/127.0.0.1:16422] for POST '/session/899db15cb449250e6b8198595365b0d9/execute/sync'
18:24:28.212 [AsyncHttpClient-1-11] DEBUG org.asynchttpclient.netty.handler.HttpHandler - 

Request DefaultHttpRequest(decodeResult: success, version: HTTP/1.1)
POST /session/899db15cb449250e6b8198595365b0d9/execute/sync HTTP/1.1
User-Agent: selenium/4.8.1 (java windows)
Content-Length: 48814
Content-Type: application/json; charset=utf-8
host: localhost:16422
accept: */*

Response DefaultHttpResponse(decodeResult: success, version: HTTP/1.1)
HTTP/1.1 200 OK
Content-Length: 14
Content-Type: application/json; charset=utf-8
cache-control: no-cache

18:24:28.214 [AsyncHttpClient-1-11] DEBUG org.asynchttpclient.netty.channel.ChannelManager - Adding key: http://localhost:16422 for channel [id: 0x2c563031, L:/127.0.0.1:52138 - R:localhost/127.0.0.1:16422]
18:24:28.216 [Forwarding getAlertText on session 899db15cb449250e6b8198595365b0d9 to remote] DEBUG org.asynchttpclient.netty.request.NettyRequestSender - Using pooled Channel '[id: 0x2c563031, L:/127.0.0.1:52138 - R:localhost/127.0.0.1:16422]' for 'GET' to 'http://localhost:16422/session/899db15cb449250e6b8198595365b0d9/alert/text'
18:24:28.216 [Forwarding getAlertText on session 899db15cb449250e6b8198595365b0d9 to remote] DEBUG org.asynchttpclient.netty.request.NettyRequestSender - Using open Channel [id: 0x2c563031, L:/127.0.0.1:52138 - R:localhost/127.0.0.1:16422] for GET '/session/899db15cb449250e6b8198595365b0d9/alert/text'
18:24:28.218 [AsyncHttpClient-1-11] DEBUG org.asynchttpclient.netty.handler.HttpHandler - 

Request DefaultFullHttpRequest(decodeResult: success, version: HTTP/1.1, content: EmptyByteBufBE)
GET /session/899db15cb449250e6b8198595365b0d9/alert/text HTTP/1.1
User-Agent: selenium/4.8.1 (java windows)
Cache-Control: no-cache
Content-Type: application/json; charset=utf-8
host: localhost:16422
accept: */*

Response DefaultHttpResponse(decodeResult: success, version: HTTP/1.1)
HTTP/1.1 404 Not Found
Content-Length: 821
Content-Type: application/json; charset=utf-8
cache-control: no-cache

18:24:28.218 [AsyncHttpClient-1-11] DEBUG org.asynchttpclient.netty.channel.ChannelManager - Adding key: http://localhost:16422 for channel [id: 0x2c563031, L:/127.0.0.1:52138 - R:localhost/127.0.0.1:16422]
18:24:28.219 [Forwarding getCurrentUrl on session 899db15cb449250e6b8198595365b0d9 to remote] DEBUG org.asynchttpclient.netty.request.NettyRequestSender - Using pooled Channel '[id: 0x2c563031, L:/127.0.0.1:52138 - R:localhost/127.0.0.1:16422]' for 'GET' to 'http://localhost:16422/session/899db15cb449250e6b8198595365b0d9/url'
18:24:28.219 [Forwarding getCurrentUrl on session 899db15cb449250e6b8198595365b0d9 to remote] DEBUG org.asynchttpclient.netty.request.NettyRequestSender - Using open Channel [id: 0x2c563031, L:/127.0.0.1:52138 - R:localhost/127.0.0.1:16422] for GET '/session/899db15cb449250e6b8198595365b0d9/url'
18:24:28.222 [AsyncHttpClient-1-11] DEBUG org.asynchttpclient.netty.handler.HttpHandler - 

Request DefaultFullHttpRequest(decodeResult: success, version: HTTP/1.1, content: EmptyByteBufBE)
GET /session/899db15cb449250e6b8198595365b0d9/url HTTP/1.1
User-Agent: selenium/4.8.1 (java windows)
Cache-Control: no-cache
Content-Type: application/json; charset=utf-8
host: localhost:16422
accept: */*

Response DefaultHttpResponse(decodeResult: success, version: HTTP/1.1)
HTTP/1.1 200 OK
Content-Length: 45
Content-Type: application/json; charset=utf-8
cache-control: no-cache

18:24:28.222 [AsyncHttpClient-1-11] DEBUG org.asynchttpclient.netty.channel.ChannelManager - Adding key: http://localhost:16422 for channel [id: 0x2c563031, L:/127.0.0.1:52138 - R:localhost/127.0.0.1:16422]
18:24:28.223 [Forwarding screenshot on session 899db15cb449250e6b8198595365b0d9 to remote] DEBUG org.asynchttpclient.netty.request.NettyRequestSender - Using pooled Channel '[id: 0x2c563031, L:/127.0.0.1:52138 - R:localhost/127.0.0.1:16422]' for 'GET' to 'http://localhost:16422/session/899db15cb449250e6b8198595365b0d9/screenshot'
18:24:28.223 [Forwarding screenshot on session 899db15cb449250e6b8198595365b0d9 to remote] DEBUG org.asynchttpclient.netty.request.NettyRequestSender - Using open Channel [id: 0x2c563031, L:/127.0.0.1:52138 - R:localhost/127.0.0.1:16422] for GET '/session/899db15cb449250e6b8198595365b0d9/screenshot'
18:24:28.320 [AsyncHttpClient-1-11] DEBUG org.asynchttpclient.netty.handler.HttpHandler - 

Request DefaultFullHttpRequest(decodeResult: success, version: HTTP/1.1, content: EmptyByteBufBE)
GET /session/899db15cb449250e6b8198595365b0d9/screenshot HTTP/1.1
User-Agent: selenium/4.8.1 (java windows)
Cache-Control: no-cache
Content-Type: application/json; charset=utf-8
host: localhost:16422
accept: */*

Response DefaultHttpResponse(decodeResult: success, version: HTTP/1.1)
HTTP/1.1 200 OK
Content-Length: 35576
Content-Type: application/json; charset=utf-8
cache-control: no-cache

18:24:28.320 [AsyncHttpClient-1-11] DEBUG org.asynchttpclient.netty.channel.ChannelManager - Adding key: http://localhost:16422 for channel [id: 0x2c563031, L:/127.0.0.1:52138 - R:localhost/127.0.0.1:16422]
18:24:28.323 [main] DEBUG net.serenitybdd.core.photography.Darkroom - Send negative for processing for target\site\serenity\514aadec89ec30b6ccf5488d9ab30e6d90fbdfe17e223da9668b68e676f15df0.png
18:24:28.323 [main] DEBUG net.thucydides.core.steps.StepInterceptor - STEP DONE: checkWarningInvalidEmail
18:24:28.323 [Darkroom Processing Line] DEBUG net.serenitybdd.core.photography.DarkroomProcessingLine - Processing screenshot image in /var/screenshots/screenshot-11036355745666450641
18:24:28.323 [Darkroom Processing Line] DEBUG net.serenitybdd.core.photography.DarkroomProcessingLine - Saving screenshot to target\site\serenity\514aadec89ec30b6ccf5488d9ab30e6d90fbdfe17e223da9668b68e676f15df0.png
  &amp#27;[32mThen &amp#27;[0m&amp#27;[32mI should see invalid warning email&amp#27;[0m        &amp#27;[90m# starter.stepdefinitions.LoginSteps.checkWarningInvalidEmail()&amp#27;[0m
18:24:28.326 [main] INFO  - 
  _____   ___   ___   _____     ___     _     ___   ___   ___   ___  
 |_   _| | __| / __| |_   _|   | _ \   /_\   / __| / __| | __| |   \ 
   | |   | _|  \__ \   | |     |  _/  / _ \  \__ \ \__ \ | _|  | |) |
   |_|   |___| |___/   |_|     |_|   /_/ \_\ |___/ |___/ |___| |___/ 

Verify email input must be valid value
----------------------------------------------------------------------
18:24:28.327 [AsyncHttpClient-1-13] DEBUG org.asynchttpclient.netty.handler.WebSocketHandler - Channel Closed: [id: 0xb806b34e, L:/127.0.0.1:52147 ! R:localhost/127.0.0.1:52140] with attribute NettyResponseFuture{currentRetry=0,
	isDone=1,
	isCancelled=0,
	asyncHandler=org.asynchttpclient.ws.WebSocketUpgradeHandler@39934d1,
	nettyRequest=org.asynchttpclient.netty.request.NettyRequest@469baac6,
	future=java.util.concurrent.CompletableFuture@450479e3[Completed normally],
	uri=ws://localhost:52140/devtools/browser/c81055fc-6465-4967-b357-b4878b79aa6f,
	keepAlive=true,
	redirectCount=0,
	timeoutsHolder=null,
	inAuth=0,
	touch=1687346666837}
18:24:28.327 [AsyncHttpClient-1-13] DEBUG org.asynchttpclient.netty.channel.ChannelManager - Closing Channel [id: 0xb806b34e, L:/127.0.0.1:52147 ! R:localhost/127.0.0.1:52140] 
18:24:28.327 [Driver Command Executor] DEBUG org.asynchttpclient.netty.request.NettyRequestSender - Using pooled Channel '[id: 0x2c563031, L:/127.0.0.1:52138 - R:localhost/127.0.0.1:16422]' for 'DELETE' to 'http://localhost:16422/session/899db15cb449250e6b8198595365b0d9'
18:24:28.327 [Driver Command Executor] DEBUG org.asynchttpclient.netty.request.NettyRequestSender - Using open Channel [id: 0x2c563031, L:/127.0.0.1:52138 - R:localhost/127.0.0.1:16422] for DELETE '/session/899db15cb449250e6b8198595365b0d9'
18:24:28.353 [AsyncHttpClient-1-12] DEBUG org.asynchttpclient.netty.handler.HttpHandler - Unexpected I/O exception on channel [id: 0x1e04e150, L:/127.0.0.1:52146 - R:localhost/127.0.0.1:52140]
java.net.SocketException: Connection reset
	at java.base/sun.nio.ch.SocketChannelImpl.throwConnectionReset(SocketChannelImpl.java:367)
	at java.base/sun.nio.ch.SocketChannelImpl.read(SocketChannelImpl.java:398)
	at io.netty.buffer.PooledByteBuf.setBytes(PooledByteBuf.java:259)
	at io.netty.buffer.AbstractByteBuf.writeBytes(AbstractByteBuf.java:1132)
	at io.netty.channel.socket.nio.NioSocketChannel.doReadBytes(NioSocketChannel.java:357)
	at io.netty.channel.nio.AbstractNioByteChannel$NioByteUnsafe.read(AbstractNioByteChannel.java:151)
	at io.netty.channel.nio.NioEventLoop.processSelectedKey(NioEventLoop.java:788)
	at io.netty.channel.nio.NioEventLoop.processSelectedKeysOptimized(NioEventLoop.java:724)
	at io.netty.channel.nio.NioEventLoop.processSelectedKeys(NioEventLoop.java:650)
	at io.netty.channel.nio.NioEventLoop.run(NioEventLoop.java:562)
	at io.netty.util.concurrent.SingleThreadEventExecutor$4.run(SingleThreadEventExecutor.java:997)
	at io.netty.util.internal.ThreadExecutorMap$2.run(ThreadExecutorMap.java:74)
	at io.netty.util.concurrent.FastThreadLocalRunnable.run(FastThreadLocalRunnable.java:30)
	at java.base/java.lang.Thread.run(Thread.java:832)
18:24:28.353 [AsyncHttpClient-1-12] DEBUG org.asynchttpclient.netty.channel.ChannelManager - Closing Channel [id: 0x1e04e150, L:/127.0.0.1:52146 - R:localhost/127.0.0.1:52140] 
18:24:28.353 [AsyncHttpClient-1-12] DEBUG org.asynchttpclient.netty.handler.HttpHandler - Channel Closed: [id: 0x1e04e150, L:/127.0.0.1:52146 ! R:localhost/127.0.0.1:52140] with attribute DISCARD
18:24:28.369 [AsyncHttpClient-1-11] DEBUG org.asynchttpclient.netty.handler.HttpHandler - 

Request DefaultFullHttpRequest(decodeResult: success, version: HTTP/1.1, content: EmptyByteBufBE)
DELETE /session/899db15cb449250e6b8198595365b0d9 HTTP/1.1
User-Agent: selenium/4.8.1 (java windows)
Content-Type: application/json; charset=utf-8
host: localhost:16422
accept: */*

Response DefaultHttpResponse(decodeResult: success, version: HTTP/1.1)
HTTP/1.1 200 OK
Content-Length: 14
Content-Type: application/json; charset=utf-8
cache-control: no-cache

18:24:28.370 [AsyncHttpClient-1-11] DEBUG org.asynchttpclient.netty.channel.ChannelManager - Adding key: http://localhost:16422 for channel [id: 0x2c563031, L:/127.0.0.1:52138 - R:localhost/127.0.0.1:16422]
18:24:28.438 [AsyncHttpClient-1-11] DEBUG org.asynchttpclient.netty.handler.HttpHandler - Channel Closed: [id: 0x2c563031, L:/127.0.0.1:52138 ! R:localhost/127.0.0.1:16422] with attribute DISCARD
18:24:28.803 [AsyncHttpClient-1-1] DEBUG org.asynchttpclient.netty.channel.DefaultChannelPool - Entry count for : http://localhost:52140 : 1
18:24:28.803 [AsyncHttpClient-1-1] DEBUG org.asynchttpclient.netty.channel.DefaultChannelPool - Entry count for : http://localhost:16422 : 1
18:24:28.803 [AsyncHttpClient-1-1] DEBUG org.asynchttpclient.netty.channel.DefaultChannelPool - Adding Candidate expired Channel [id: 0x1e04e150, L:/127.0.0.1:52146 ! R:localhost/127.0.0.1:52140] isIdleTimeoutExpired=false isRemotelyClosed=true isTtlExpired=false
18:24:28.803 [AsyncHttpClient-1-1] DEBUG org.asynchttpclient.netty.channel.DefaultChannelPool - Closing Idle Channel [id: 0x1e04e150, L:/127.0.0.1:52146 ! R:localhost/127.0.0.1:52140]
18:24:28.803 [AsyncHttpClient-1-1] DEBUG org.asynchttpclient.netty.channel.DefaultChannelPool - Adding Candidate expired Channel [id: 0x2c563031, L:/127.0.0.1:52138 ! R:localhost/127.0.0.1:16422] isIdleTimeoutExpired=false isRemotelyClosed=true isTtlExpired=false
18:24:28.803 [AsyncHttpClient-1-1] DEBUG org.asynchttpclient.netty.channel.DefaultChannelPool - Closing Idle Channel [id: 0x2c563031, L:/127.0.0.1:52138 ! R:localhost/127.0.0.1:16422]
18:24:28.803 [AsyncHttpClient-1-1] DEBUG org.asynchttpclient.netty.channel.DefaultChannelPool - Closed 2 connections out of 2 in 0 ms
]]></system-out>
    <system-err><![CDATA[Starting ChromeDriver 114.0.5735.16 (7e1ff058633f5b79b1cd7479aca585ba385519d8-refs/branch-heads/5735@{#182}) on port 16422
Only local connections are allowed.
Please see https://chromedriver.chromium.org/security-considerations for suggestions on keeping ChromeDriver safe.
ChromeDriver was started successfully.
Jun 21, 2023 6:24:26 PM org.openqa.selenium.devtools.CdpVersionFinder findNearestMatch
WARNING: Unable to find an exact match for CDP version 114, so returning the closest version found: 110
]]></system-err>
  </testcase>
  <testcase name="Admin login without fill password" classname="Login to Sociops Admin Account" time="3.419">
    <system-out><![CDATA[
Scenario: Admin login without fill password &amp#27;[90m# src/test/resources/features/Login.feature:35&amp#27;[0m
18:24:28.973 [main] DEBUG io.cucumber.core.plugin.SerenityReporter - Running feature from file:///C:/Users/WINDOWS%2010/Documents/GitHub/Capstone/sociops_qe_web/src/test/resources/features/Login.feature
18:24:28.974 [main] INFO  - 
  _____   ___   ___   _____     ___   _____     _     ___   _____   ___   ___  
 |_   _| | __| / __| |_   _|   / __| |_   _|   /_\   | _ \ |_   _| | __| |   \ 
   | |   | _|  \__ \   | |     \__ \   | |    / _ \  |   /   | |   | _|  | |) |
   |_|   |___| |___/   |_|     |___/   |_|   /_/ \_\ |_|_\   |_|   |___| |___/ 

Admin login without fill password(login-to-sociops-admin-account;admin-login-without-fill-password)
--------------------------------------------------------------------------------
18:24:28.985 [main] DEBUG net.thucydides.core.steps.StepInterceptor - STARTING STEP: LoginSteps.onTheLoginPage - openPage
18:24:29.014 [main] INFO net.serenitybdd.core.webdriver.driverproviders.ChromeDriverProvider - Starting Chrome driver instance with capabilities:
18:24:29.014 [main] INFO net.serenitybdd.core.webdriver.driverproviders.ChromeDriverProvider - Capabilities {acceptInsecureCerts: false, browserName: chrome, goog:chromeOptions: {args: [remote-allow-origins=*], extensions: []}}
18:24:29.084 [AsyncHttpClient-1-14] DEBUG org.asynchttpclient.netty.channel.NettyConnectListener - Using new Channel '[id: 0x9a3ce6e5, L:/127.0.0.1:52161 - R:localhost/127.0.0.1:7261]' for 'POST' to '/session'
18:24:29.692 [AsyncHttpClient-1-14] DEBUG org.asynchttpclient.netty.handler.HttpHandler - 

Request DefaultHttpRequest(decodeResult: success, version: HTTP/1.1)
POST /session HTTP/1.1
User-Agent: selenium/4.8.1 (java windows)
Content-Length: 507
Content-Type: application/json; charset=utf-8
host: localhost:7261
accept: */*

Response DefaultHttpResponse(decodeResult: success, version: HTTP/1.1)
HTTP/1.1 200 OK
Content-Length: 863
Content-Type: application/json; charset=utf-8
cache-control: no-cache

18:24:29.692 [AsyncHttpClient-1-14] DEBUG org.asynchttpclient.netty.channel.ChannelManager - Adding key: http://localhost:7261 for channel [id: 0x9a3ce6e5, L:/127.0.0.1:52161 - R:localhost/127.0.0.1:7261]
18:24:29.697 [AsyncHttpClient-1-15] DEBUG org.asynchttpclient.netty.channel.NettyConnectListener - Using new Channel '[id: 0x63d494b4, L:/127.0.0.1:52170 - R:localhost/127.0.0.1:52163]' for 'GET' to '/json/version'
18:24:29.698 [AsyncHttpClient-1-15] DEBUG org.asynchttpclient.netty.handler.HttpHandler - 

Request DefaultFullHttpRequest(decodeResult: success, version: HTTP/1.1, content: EmptyByteBufBE)
GET /json/version HTTP/1.1
User-Agent: selenium/4.8.1 (java windows)
host: localhost:52163
accept: */*

Response DefaultHttpResponse(decodeResult: success, version: HTTP/1.1)
HTTP/1.1 200 OK
Content-Security-Policy: frame-ancestors 'none'
Content-Length: 424
Content-Type: application/json; charset=UTF-8

18:24:29.699 [AsyncHttpClient-1-15] DEBUG org.asynchttpclient.netty.channel.ChannelManager - Adding key: http://localhost:52163 for channel [id: 0x63d494b4, L:/127.0.0.1:52170 - R:localhost/127.0.0.1:52163]
18:24:29.701 [AsyncHttpClient-1-16] DEBUG org.asynchttpclient.netty.channel.NettyConnectListener - Using new Channel '[id: 0xa1b986be, L:/127.0.0.1:52171 - R:localhost/127.0.0.1:52163]' for 'GET' to '/devtools/browser/5cf7f025-e0eb-49ae-8552-085748b061eb'
18:24:29.702 [AsyncHttpClient-1-16] DEBUG org.asynchttpclient.netty.handler.WebSocketHandler - 

Request DefaultFullHttpRequest(decodeResult: success, version: HTTP/1.1, content: EmptyByteBufBE)
GET /devtools/browser/5cf7f025-e0eb-49ae-8552-085748b061eb HTTP/1.1
upgrade: websocket
connection: upgrade
sec-websocket-key: OwurElt3fddnSCKKT4lRNQ==
sec-websocket-version: 13
origin: http://localhost:52163
host: localhost:52163
accept: */*
user-agent: AHC/2.1

Response DefaultHttpResponse(decodeResult: success, version: HTTP/1.1)
HTTP/1.1 101 WebSocket Protocol Handshake
Upgrade: WebSocket
Connection: Upgrade
Sec-WebSocket-Accept: uzRORXnX9RsxZxV/8vqXn5zDq8s=

18:24:29.705 [Forwarding get on session 74e73aad15a325ca44674264fbaf94dd to remote] DEBUG org.asynchttpclient.netty.request.NettyRequestSender - Using pooled Channel '[id: 0x9a3ce6e5, L:/127.0.0.1:52161 - R:localhost/127.0.0.1:7261]' for 'POST' to 'http://localhost:7261/session/74e73aad15a325ca44674264fbaf94dd/url'
18:24:29.705 [Forwarding get on session 74e73aad15a325ca44674264fbaf94dd to remote] DEBUG org.asynchttpclient.netty.request.NettyRequestSender - Using open Channel [id: 0x9a3ce6e5, L:/127.0.0.1:52161 - R:localhost/127.0.0.1:7261] for POST '/session/74e73aad15a325ca44674264fbaf94dd/url'
18:24:29.902 [AsyncHttpClient-1-1] DEBUG org.asynchttpclient.netty.channel.DefaultChannelPool - Entry count for : http://localhost:52163 : 1
18:24:30.744 [AsyncHttpClient-1-14] DEBUG org.asynchttpclient.netty.handler.HttpHandler - 

Request DefaultHttpRequest(decodeResult: success, version: HTTP/1.1)
POST /session/74e73aad15a325ca44674264fbaf94dd/url HTTP/1.1
User-Agent: selenium/4.8.1 (java windows)
Content-Length: 63
Content-Type: application/json; charset=utf-8
host: localhost:7261
accept: */*

Response DefaultHttpResponse(decodeResult: success, version: HTTP/1.1)
HTTP/1.1 200 OK
Content-Length: 14
Content-Type: application/json; charset=utf-8
cache-control: no-cache

18:24:30.744 [AsyncHttpClient-1-14] DEBUG org.asynchttpclient.netty.channel.ChannelManager - Adding key: http://localhost:7261 for channel [id: 0x9a3ce6e5, L:/127.0.0.1:52161 - R:localhost/127.0.0.1:7261]
18:24:30.745 [Forwarding setTimeout on session 74e73aad15a325ca44674264fbaf94dd to remote] DEBUG org.asynchttpclient.netty.request.NettyRequestSender - Using pooled Channel '[id: 0x9a3ce6e5, L:/127.0.0.1:52161 - R:localhost/127.0.0.1:7261]' for 'POST' to 'http://localhost:7261/session/74e73aad15a325ca44674264fbaf94dd/timeouts'
18:24:30.745 [Forwarding setTimeout on session 74e73aad15a325ca44674264fbaf94dd to remote] DEBUG org.asynchttpclient.netty.request.NettyRequestSender - Using open Channel [id: 0x9a3ce6e5, L:/127.0.0.1:52161 - R:localhost/127.0.0.1:7261] for POST '/session/74e73aad15a325ca44674264fbaf94dd/timeouts'
18:24:30.746 [AsyncHttpClient-1-14] DEBUG org.asynchttpclient.netty.handler.HttpHandler - 

Request DefaultHttpRequest(decodeResult: success, version: HTTP/1.1)
POST /session/74e73aad15a325ca44674264fbaf94dd/timeouts HTTP/1.1
User-Agent: selenium/4.8.1 (java windows)
Content-Length: 22
Content-Type: application/json; charset=utf-8
host: localhost:7261
accept: */*

Response DefaultHttpResponse(decodeResult: success, version: HTTP/1.1)
HTTP/1.1 200 OK
Content-Length: 14
Content-Type: application/json; charset=utf-8
cache-control: no-cache

18:24:30.746 [AsyncHttpClient-1-14] DEBUG org.asynchttpclient.netty.channel.ChannelManager - Adding key: http://localhost:7261 for channel [id: 0x9a3ce6e5, L:/127.0.0.1:52161 - R:localhost/127.0.0.1:7261]
18:24:30.751 [Forwarding getAlertText on session 74e73aad15a325ca44674264fbaf94dd to remote] DEBUG org.asynchttpclient.netty.request.NettyRequestSender - Using pooled Channel '[id: 0x9a3ce6e5, L:/127.0.0.1:52161 - R:localhost/127.0.0.1:7261]' for 'GET' to 'http://localhost:7261/session/74e73aad15a325ca44674264fbaf94dd/alert/text'
18:24:30.751 [Forwarding getAlertText on session 74e73aad15a325ca44674264fbaf94dd to remote] DEBUG org.asynchttpclient.netty.request.NettyRequestSender - Using open Channel [id: 0x9a3ce6e5, L:/127.0.0.1:52161 - R:localhost/127.0.0.1:7261] for GET '/session/74e73aad15a325ca44674264fbaf94dd/alert/text'
18:24:30.752 [AsyncHttpClient-1-14] DEBUG org.asynchttpclient.netty.handler.HttpHandler - 

Request DefaultFullHttpRequest(decodeResult: success, version: HTTP/1.1, content: EmptyByteBufBE)
GET /session/74e73aad15a325ca44674264fbaf94dd/alert/text HTTP/1.1
User-Agent: selenium/4.8.1 (java windows)
Cache-Control: no-cache
Content-Type: application/json; charset=utf-8
host: localhost:7261
accept: */*

Response DefaultHttpResponse(decodeResult: success, version: HTTP/1.1)
HTTP/1.1 404 Not Found
Content-Length: 821
Content-Type: application/json; charset=utf-8
cache-control: no-cache

18:24:30.752 [AsyncHttpClient-1-14] DEBUG org.asynchttpclient.netty.channel.ChannelManager - Adding key: http://localhost:7261 for channel [id: 0x9a3ce6e5, L:/127.0.0.1:52161 - R:localhost/127.0.0.1:7261]
18:24:30.753 [Forwarding getCurrentUrl on session 74e73aad15a325ca44674264fbaf94dd to remote] DEBUG org.asynchttpclient.netty.request.NettyRequestSender - Using pooled Channel '[id: 0x9a3ce6e5, L:/127.0.0.1:52161 - R:localhost/127.0.0.1:7261]' for 'GET' to 'http://localhost:7261/session/74e73aad15a325ca44674264fbaf94dd/url'
18:24:30.753 [Forwarding getCurrentUrl on session 74e73aad15a325ca44674264fbaf94dd to remote] DEBUG org.asynchttpclient.netty.request.NettyRequestSender - Using open Channel [id: 0x9a3ce6e5, L:/127.0.0.1:52161 - R:localhost/127.0.0.1:7261] for GET '/session/74e73aad15a325ca44674264fbaf94dd/url'
18:24:30.758 [AsyncHttpClient-1-14] DEBUG org.asynchttpclient.netty.handler.HttpHandler - 

Request DefaultFullHttpRequest(decodeResult: success, version: HTTP/1.1, content: EmptyByteBufBE)
GET /session/74e73aad15a325ca44674264fbaf94dd/url HTTP/1.1
User-Agent: selenium/4.8.1 (java windows)
Cache-Control: no-cache
Content-Type: application/json; charset=utf-8
host: localhost:7261
accept: */*

Response DefaultHttpResponse(decodeResult: success, version: HTTP/1.1)
HTTP/1.1 200 OK
Content-Length: 45
Content-Type: application/json; charset=utf-8
cache-control: no-cache

18:24:30.759 [AsyncHttpClient-1-14] DEBUG org.asynchttpclient.netty.channel.ChannelManager - Adding key: http://localhost:7261 for channel [id: 0x9a3ce6e5, L:/127.0.0.1:52161 - R:localhost/127.0.0.1:7261]
18:24:30.760 [Forwarding screenshot on session 74e73aad15a325ca44674264fbaf94dd to remote] DEBUG org.asynchttpclient.netty.request.NettyRequestSender - Using pooled Channel '[id: 0x9a3ce6e5, L:/127.0.0.1:52161 - R:localhost/127.0.0.1:7261]' for 'GET' to 'http://localhost:7261/session/74e73aad15a325ca44674264fbaf94dd/screenshot'
18:24:30.760 [Forwarding screenshot on session 74e73aad15a325ca44674264fbaf94dd to remote] DEBUG org.asynchttpclient.netty.request.NettyRequestSender - Using open Channel [id: 0x9a3ce6e5, L:/127.0.0.1:52161 - R:localhost/127.0.0.1:7261] for GET '/session/74e73aad15a325ca44674264fbaf94dd/screenshot'
18:24:30.915 [AsyncHttpClient-1-14] DEBUG org.asynchttpclient.netty.handler.HttpHandler - 

Request DefaultFullHttpRequest(decodeResult: success, version: HTTP/1.1, content: EmptyByteBufBE)
GET /session/74e73aad15a325ca44674264fbaf94dd/screenshot HTTP/1.1
User-Agent: selenium/4.8.1 (java windows)
Cache-Control: no-cache
Content-Type: application/json; charset=utf-8
host: localhost:7261
accept: */*

Response DefaultHttpResponse(decodeResult: success, version: HTTP/1.1)
HTTP/1.1 200 OK
Content-Length: 35188
Content-Type: application/json; charset=utf-8
cache-control: no-cache

18:24:30.916 [AsyncHttpClient-1-14] DEBUG org.asynchttpclient.netty.channel.ChannelManager - Adding key: http://localhost:7261 for channel [id: 0x9a3ce6e5, L:/127.0.0.1:52161 - R:localhost/127.0.0.1:7261]
18:24:30.917 [main] DEBUG net.serenitybdd.core.photography.Darkroom - Send negative for processing for target\site\serenity\e1a043f79cde61fd83c796824eb14028e2e774bcf48939784252612fe1cf5b50.png
18:24:30.917 [main] DEBUG net.thucydides.core.steps.StepInterceptor - STEP DONE: openPage
  &amp#27;[32mGiven &amp#27;[0m&amp#27;[32mI am on the sociops login page&amp#27;[0m      &amp#27;[90m# starter.stepdefinitions.LoginSteps.onTheLoginPage()&amp#27;[0m
18:24:30.922 [Forwarding getPageSource on session 74e73aad15a325ca44674264fbaf94dd to remote] DEBUG org.asynchttpclient.netty.request.NettyRequestSender - Using pooled Channel '[id: 0x9a3ce6e5, L:/127.0.0.1:52161 - R:localhost/127.0.0.1:7261]' for 'POST' to 'http://localhost:7261/session/74e73aad15a325ca44674264fbaf94dd/execute/sync'
18:24:30.922 [Forwarding getPageSource on session 74e73aad15a325ca44674264fbaf94dd to remote] DEBUG org.asynchttpclient.netty.request.NettyRequestSender - Using open Channel [id: 0x9a3ce6e5, L:/127.0.0.1:52161 - R:localhost/127.0.0.1:7261] for POST '/session/74e73aad15a325ca44674264fbaf94dd/execute/sync'
18:24:30.928 [AsyncHttpClient-1-14] DEBUG org.asynchttpclient.netty.handler.HttpHandler - 

Request DefaultHttpRequest(decodeResult: success, version: HTTP/1.1)
POST /session/74e73aad15a325ca44674264fbaf94dd/execute/sync HTTP/1.1
User-Agent: selenium/4.8.1 (java windows)
Content-Length: 176
Content-Type: application/json; charset=utf-8
host: localhost:7261
accept: */*

Response DefaultHttpResponse(decodeResult: success, version: HTTP/1.1)
HTTP/1.1 200 OK
Content-Length: 9114
Content-Type: application/json; charset=utf-8
cache-control: no-cache

18:24:30.929 [AsyncHttpClient-1-14] DEBUG org.asynchttpclient.netty.channel.ChannelManager - Adding key: http://localhost:7261 for channel [id: 0x9a3ce6e5, L:/127.0.0.1:52161 - R:localhost/127.0.0.1:7261]
18:24:30.930 [Forwarding getCurrentUrl on session 74e73aad15a325ca44674264fbaf94dd to remote] DEBUG org.asynchttpclient.netty.request.NettyRequestSender - Using pooled Channel '[id: 0x9a3ce6e5, L:/127.0.0.1:52161 - R:localhost/127.0.0.1:7261]' for 'GET' to 'http://localhost:7261/session/74e73aad15a325ca44674264fbaf94dd/url'
18:24:30.930 [Forwarding getCurrentUrl on session 74e73aad15a325ca44674264fbaf94dd to remote] DEBUG org.asynchttpclient.netty.request.NettyRequestSender - Using open Channel [id: 0x9a3ce6e5, L:/127.0.0.1:52161 - R:localhost/127.0.0.1:7261] for GET '/session/74e73aad15a325ca44674264fbaf94dd/url'
18:24:30.934 [AsyncHttpClient-1-14] DEBUG org.asynchttpclient.netty.handler.HttpHandler - 

Request DefaultFullHttpRequest(decodeResult: success, version: HTTP/1.1, content: EmptyByteBufBE)
GET /session/74e73aad15a325ca44674264fbaf94dd/url HTTP/1.1
User-Agent: selenium/4.8.1 (java windows)
Cache-Control: no-cache
Content-Type: application/json; charset=utf-8
host: localhost:7261
accept: */*

Response DefaultHttpResponse(decodeResult: success, version: HTTP/1.1)
HTTP/1.1 200 OK
Content-Length: 45
Content-Type: application/json; charset=utf-8
cache-control: no-cache

18:24:30.934 [AsyncHttpClient-1-14] DEBUG org.asynchttpclient.netty.channel.ChannelManager - Adding key: http://localhost:7261 for channel [id: 0x9a3ce6e5, L:/127.0.0.1:52161 - R:localhost/127.0.0.1:7261]
18:24:30.940 [Forwarding getPageSource on session 74e73aad15a325ca44674264fbaf94dd to remote] DEBUG org.asynchttpclient.netty.request.NettyRequestSender - Using pooled Channel '[id: 0x9a3ce6e5, L:/127.0.0.1:52161 - R:localhost/127.0.0.1:7261]' for 'POST' to 'http://localhost:7261/session/74e73aad15a325ca44674264fbaf94dd/execute/sync'
18:24:30.940 [Forwarding getPageSource on session 74e73aad15a325ca44674264fbaf94dd to remote] DEBUG org.asynchttpclient.netty.request.NettyRequestSender - Using open Channel [id: 0x9a3ce6e5, L:/127.0.0.1:52161 - R:localhost/127.0.0.1:7261] for POST '/session/74e73aad15a325ca44674264fbaf94dd/execute/sync'
18:24:30.944 [AsyncHttpClient-1-14] DEBUG org.asynchttpclient.netty.handler.HttpHandler - 

Request DefaultHttpRequest(decodeResult: success, version: HTTP/1.1)
POST /session/74e73aad15a325ca44674264fbaf94dd/execute/sync HTTP/1.1
User-Agent: selenium/4.8.1 (java windows)
Content-Length: 176
Content-Type: application/json; charset=utf-8
host: localhost:7261
accept: */*

Response DefaultHttpResponse(decodeResult: success, version: HTTP/1.1)
HTTP/1.1 200 OK
Content-Length: 9114
Content-Type: application/json; charset=utf-8
cache-control: no-cache

18:24:30.944 [AsyncHttpClient-1-14] DEBUG org.asynchttpclient.netty.channel.ChannelManager - Adding key: http://localhost:7261 for channel [id: 0x9a3ce6e5, L:/127.0.0.1:52161 - R:localhost/127.0.0.1:7261]
18:24:30.946 [Forwarding getCurrentUrl on session 74e73aad15a325ca44674264fbaf94dd to remote] DEBUG org.asynchttpclient.netty.request.NettyRequestSender - Using pooled Channel '[id: 0x9a3ce6e5, L:/127.0.0.1:52161 - R:localhost/127.0.0.1:7261]' for 'GET' to 'http://localhost:7261/session/74e73aad15a325ca44674264fbaf94dd/url'
18:24:30.946 [Forwarding getCurrentUrl on session 74e73aad15a325ca44674264fbaf94dd to remote] DEBUG org.asynchttpclient.netty.request.NettyRequestSender - Using open Channel [id: 0x9a3ce6e5, L:/127.0.0.1:52161 - R:localhost/127.0.0.1:7261] for GET '/session/74e73aad15a325ca44674264fbaf94dd/url'
18:24:30.948 [AsyncHttpClient-1-14] DEBUG org.asynchttpclient.netty.handler.HttpHandler - 

Request DefaultFullHttpRequest(decodeResult: success, version: HTTP/1.1, content: EmptyByteBufBE)
GET /session/74e73aad15a325ca44674264fbaf94dd/url HTTP/1.1
User-Agent: selenium/4.8.1 (java windows)
Cache-Control: no-cache
Content-Type: application/json; charset=utf-8
host: localhost:7261
accept: */*

Response DefaultHttpResponse(decodeResult: success, version: HTTP/1.1)
HTTP/1.1 200 OK
Content-Length: 45
Content-Type: application/json; charset=utf-8
cache-control: no-cache

18:24:30.949 [AsyncHttpClient-1-14] DEBUG org.asynchttpclient.netty.channel.ChannelManager - Adding key: http://localhost:7261 for channel [id: 0x9a3ce6e5, L:/127.0.0.1:52161 - R:localhost/127.0.0.1:7261]
18:24:30.950 [main] DEBUG net.thucydides.core.steps.StepInterceptor - STARTING STEP: LoginSteps.inputEmail - inputEmail
18:24:30.952 [Forwarding findElement on session 74e73aad15a325ca44674264fbaf94dd to remote] DEBUG org.asynchttpclient.netty.request.NettyRequestSender - Using pooled Channel '[id: 0x9a3ce6e5, L:/127.0.0.1:52161 - R:localhost/127.0.0.1:7261]' for 'POST' to 'http://localhost:7261/session/74e73aad15a325ca44674264fbaf94dd/element'
18:24:30.952 [Forwarding findElement on session 74e73aad15a325ca44674264fbaf94dd to remote] DEBUG org.asynchttpclient.netty.request.NettyRequestSender - Using open Channel [id: 0x9a3ce6e5, L:/127.0.0.1:52161 - R:localhost/127.0.0.1:7261] for POST '/session/74e73aad15a325ca44674264fbaf94dd/element'
18:24:30.961 [AsyncHttpClient-1-14] DEBUG org.asynchttpclient.netty.handler.HttpHandler - 

Request DefaultHttpRequest(decodeResult: success, version: HTTP/1.1)
POST /session/74e73aad15a325ca44674264fbaf94dd/element HTTP/1.1
User-Agent: selenium/4.8.1 (java windows)
Content-Length: 59
Content-Type: application/json; charset=utf-8
host: localhost:7261
accept: */*

Response DefaultHttpResponse(decodeResult: success, version: HTTP/1.1)
HTTP/1.1 200 OK
Content-Length: 94
Content-Type: application/json; charset=utf-8
cache-control: no-cache

18:24:30.961 [AsyncHttpClient-1-14] DEBUG org.asynchttpclient.netty.channel.ChannelManager - Adding key: http://localhost:7261 for channel [id: 0x9a3ce6e5, L:/127.0.0.1:52161 - R:localhost/127.0.0.1:7261]
18:24:30.962 [Forwarding clearElement on session 74e73aad15a325ca44674264fbaf94dd to remote] DEBUG org.asynchttpclient.netty.request.NettyRequestSender - Using pooled Channel '[id: 0x9a3ce6e5, L:/127.0.0.1:52161 - R:localhost/127.0.0.1:7261]' for 'POST' to 'http://localhost:7261/session/74e73aad15a325ca44674264fbaf94dd/element/8E900C68DF88EEC319F10652769BAD87_element_7/clear'
18:24:30.962 [Forwarding clearElement on session 74e73aad15a325ca44674264fbaf94dd to remote] DEBUG org.asynchttpclient.netty.request.NettyRequestSender - Using open Channel [id: 0x9a3ce6e5, L:/127.0.0.1:52161 - R:localhost/127.0.0.1:7261] for POST '/session/74e73aad15a325ca44674264fbaf94dd/element/8E900C68DF88EEC319F10652769BAD87_element_7/clear'
18:24:30.992 [AsyncHttpClient-1-14] DEBUG org.asynchttpclient.netty.handler.HttpHandler - 

Request DefaultHttpRequest(decodeResult: success, version: HTTP/1.1)
POST /session/74e73aad15a325ca44674264fbaf94dd/element/8E900C68DF88EEC319F10652769BAD87_element_7/clear HTTP/1.1
User-Agent: selenium/4.8.1 (java windows)
Content-Length: 56
Content-Type: application/json; charset=utf-8
host: localhost:7261
accept: */*

Response DefaultHttpResponse(decodeResult: success, version: HTTP/1.1)
HTTP/1.1 200 OK
Content-Length: 14
Content-Type: application/json; charset=utf-8
cache-control: no-cache

18:24:30.993 [AsyncHttpClient-1-14] DEBUG org.asynchttpclient.netty.channel.ChannelManager - Adding key: http://localhost:7261 for channel [id: 0x9a3ce6e5, L:/127.0.0.1:52161 - R:localhost/127.0.0.1:7261]
18:24:30.993 [Forwarding sendKeysToElement on session 74e73aad15a325ca44674264fbaf94dd to remote] DEBUG org.asynchttpclient.netty.request.NettyRequestSender - Using pooled Channel '[id: 0x9a3ce6e5, L:/127.0.0.1:52161 - R:localhost/127.0.0.1:7261]' for 'POST' to 'http://localhost:7261/session/74e73aad15a325ca44674264fbaf94dd/element/8E900C68DF88EEC319F10652769BAD87_element_7/value'
18:24:30.993 [Forwarding sendKeysToElement on session 74e73aad15a325ca44674264fbaf94dd to remote] DEBUG org.asynchttpclient.netty.request.NettyRequestSender - Using open Channel [id: 0x9a3ce6e5, L:/127.0.0.1:52161 - R:localhost/127.0.0.1:7261] for POST '/session/74e73aad15a325ca44674264fbaf94dd/element/8E900C68DF88EEC319F10652769BAD87_element_7/value'
18:24:31.002 [AsyncHttpClient-1-1] DEBUG org.asynchttpclient.netty.channel.DefaultChannelPool - Entry count for : http://localhost:52163 : 1
18:24:31.076 [AsyncHttpClient-1-14] DEBUG org.asynchttpclient.netty.handler.HttpHandler - 

Request DefaultHttpRequest(decodeResult: success, version: HTTP/1.1)
POST /session/74e73aad15a325ca44674264fbaf94dd/element/8E900C68DF88EEC319F10652769BAD87_element_7/value HTTP/1.1
User-Agent: selenium/4.8.1 (java windows)
Content-Length: 207
Content-Type: application/json; charset=utf-8
host: localhost:7261
accept: */*

Response DefaultHttpResponse(decodeResult: success, version: HTTP/1.1)
HTTP/1.1 200 OK
Content-Length: 14
Content-Type: application/json; charset=utf-8
cache-control: no-cache

18:24:31.076 [AsyncHttpClient-1-14] DEBUG org.asynchttpclient.netty.channel.ChannelManager - Adding key: http://localhost:7261 for channel [id: 0x9a3ce6e5, L:/127.0.0.1:52161 - R:localhost/127.0.0.1:7261]
18:24:31.080 [Forwarding getAlertText on session 74e73aad15a325ca44674264fbaf94dd to remote] DEBUG org.asynchttpclient.netty.request.NettyRequestSender - Using pooled Channel '[id: 0x9a3ce6e5, L:/127.0.0.1:52161 - R:localhost/127.0.0.1:7261]' for 'GET' to 'http://localhost:7261/session/74e73aad15a325ca44674264fbaf94dd/alert/text'
18:24:31.080 [Forwarding getAlertText on session 74e73aad15a325ca44674264fbaf94dd to remote] DEBUG org.asynchttpclient.netty.request.NettyRequestSender - Using open Channel [id: 0x9a3ce6e5, L:/127.0.0.1:52161 - R:localhost/127.0.0.1:7261] for GET '/session/74e73aad15a325ca44674264fbaf94dd/alert/text'
18:24:31.082 [AsyncHttpClient-1-14] DEBUG org.asynchttpclient.netty.handler.HttpHandler - 

Request DefaultFullHttpRequest(decodeResult: success, version: HTTP/1.1, content: EmptyByteBufBE)
GET /session/74e73aad15a325ca44674264fbaf94dd/alert/text HTTP/1.1
User-Agent: selenium/4.8.1 (java windows)
Cache-Control: no-cache
Content-Type: application/json; charset=utf-8
host: localhost:7261
accept: */*

Response DefaultHttpResponse(decodeResult: success, version: HTTP/1.1)
HTTP/1.1 404 Not Found
Content-Length: 821
Content-Type: application/json; charset=utf-8
cache-control: no-cache

18:24:31.082 [AsyncHttpClient-1-14] DEBUG org.asynchttpclient.netty.channel.ChannelManager - Adding key: http://localhost:7261 for channel [id: 0x9a3ce6e5, L:/127.0.0.1:52161 - R:localhost/127.0.0.1:7261]
18:24:31.083 [Forwarding getCurrentUrl on session 74e73aad15a325ca44674264fbaf94dd to remote] DEBUG org.asynchttpclient.netty.request.NettyRequestSender - Using pooled Channel '[id: 0x9a3ce6e5, L:/127.0.0.1:52161 - R:localhost/127.0.0.1:7261]' for 'GET' to 'http://localhost:7261/session/74e73aad15a325ca44674264fbaf94dd/url'
18:24:31.083 [Forwarding getCurrentUrl on session 74e73aad15a325ca44674264fbaf94dd to remote] DEBUG org.asynchttpclient.netty.request.NettyRequestSender - Using open Channel [id: 0x9a3ce6e5, L:/127.0.0.1:52161 - R:localhost/127.0.0.1:7261] for GET '/session/74e73aad15a325ca44674264fbaf94dd/url'
18:24:31.086 [AsyncHttpClient-1-14] DEBUG org.asynchttpclient.netty.handler.HttpHandler - 

Request DefaultFullHttpRequest(decodeResult: success, version: HTTP/1.1, content: EmptyByteBufBE)
GET /session/74e73aad15a325ca44674264fbaf94dd/url HTTP/1.1
User-Agent: selenium/4.8.1 (java windows)
Cache-Control: no-cache
Content-Type: application/json; charset=utf-8
host: localhost:7261
accept: */*

Response DefaultHttpResponse(decodeResult: success, version: HTTP/1.1)
HTTP/1.1 200 OK
Content-Length: 45
Content-Type: application/json; charset=utf-8
cache-control: no-cache

18:24:31.086 [AsyncHttpClient-1-14] DEBUG org.asynchttpclient.netty.channel.ChannelManager - Adding key: http://localhost:7261 for channel [id: 0x9a3ce6e5, L:/127.0.0.1:52161 - R:localhost/127.0.0.1:7261]
18:24:31.087 [Forwarding screenshot on session 74e73aad15a325ca44674264fbaf94dd to remote] DEBUG org.asynchttpclient.netty.request.NettyRequestSender - Using pooled Channel '[id: 0x9a3ce6e5, L:/127.0.0.1:52161 - R:localhost/127.0.0.1:7261]' for 'GET' to 'http://localhost:7261/session/74e73aad15a325ca44674264fbaf94dd/screenshot'
18:24:31.087 [Forwarding screenshot on session 74e73aad15a325ca44674264fbaf94dd to remote] DEBUG org.asynchttpclient.netty.request.NettyRequestSender - Using open Channel [id: 0x9a3ce6e5, L:/127.0.0.1:52161 - R:localhost/127.0.0.1:7261] for GET '/session/74e73aad15a325ca44674264fbaf94dd/screenshot'
18:24:31.154 [AsyncHttpClient-1-14] DEBUG org.asynchttpclient.netty.handler.HttpHandler - 

Request DefaultFullHttpRequest(decodeResult: success, version: HTTP/1.1, content: EmptyByteBufBE)
GET /session/74e73aad15a325ca44674264fbaf94dd/screenshot HTTP/1.1
User-Agent: selenium/4.8.1 (java windows)
Cache-Control: no-cache
Content-Type: application/json; charset=utf-8
host: localhost:7261
accept: */*

Response DefaultHttpResponse(decodeResult: success, version: HTTP/1.1)
HTTP/1.1 200 OK
Content-Length: 39320
Content-Type: application/json; charset=utf-8
cache-control: no-cache

18:24:31.155 [AsyncHttpClient-1-14] DEBUG org.asynchttpclient.netty.channel.ChannelManager - Adding key: http://localhost:7261 for channel [id: 0x9a3ce6e5, L:/127.0.0.1:52161 - R:localhost/127.0.0.1:7261]
18:24:31.156 [main] DEBUG net.serenitybdd.core.photography.Darkroom - Send negative for processing for target\site\serenity\0a78271d4cd45ebe50b780dcb158cfe353407df2b7f600becedaa923f5ce3bd7.png
18:24:31.156 [main] DEBUG net.thucydides.core.steps.StepInterceptor - STEP DONE: inputEmail
  &amp#27;[32mAnd &amp#27;[0m&amp#27;[32mI type correct email&amp#27;[0m                  &amp#27;[90m# starter.stepdefinitions.LoginSteps.inputEmail()&amp#27;[0m
18:24:31.162 [Forwarding getPageSource on session 74e73aad15a325ca44674264fbaf94dd to remote] DEBUG org.asynchttpclient.netty.request.NettyRequestSender - Using pooled Channel '[id: 0x9a3ce6e5, L:/127.0.0.1:52161 - R:localhost/127.0.0.1:7261]' for 'POST' to 'http://localhost:7261/session/74e73aad15a325ca44674264fbaf94dd/execute/sync'
18:24:31.162 [Forwarding getPageSource on session 74e73aad15a325ca44674264fbaf94dd to remote] DEBUG org.asynchttpclient.netty.request.NettyRequestSender - Using open Channel [id: 0x9a3ce6e5, L:/127.0.0.1:52161 - R:localhost/127.0.0.1:7261] for POST '/session/74e73aad15a325ca44674264fbaf94dd/execute/sync'
18:24:31.168 [AsyncHttpClient-1-14] DEBUG org.asynchttpclient.netty.handler.HttpHandler - 

Request DefaultHttpRequest(decodeResult: success, version: HTTP/1.1)
POST /session/74e73aad15a325ca44674264fbaf94dd/execute/sync HTTP/1.1
User-Agent: selenium/4.8.1 (java windows)
Content-Length: 176
Content-Type: application/json; charset=utf-8
host: localhost:7261
accept: */*

Response DefaultHttpResponse(decodeResult: success, version: HTTP/1.1)
HTTP/1.1 200 OK
Content-Length: 9126
Content-Type: application/json; charset=utf-8
cache-control: no-cache

18:24:31.168 [AsyncHttpClient-1-14] DEBUG org.asynchttpclient.netty.channel.ChannelManager - Adding key: http://localhost:7261 for channel [id: 0x9a3ce6e5, L:/127.0.0.1:52161 - R:localhost/127.0.0.1:7261]
18:24:31.169 [Forwarding getCurrentUrl on session 74e73aad15a325ca44674264fbaf94dd to remote] DEBUG org.asynchttpclient.netty.request.NettyRequestSender - Using pooled Channel '[id: 0x9a3ce6e5, L:/127.0.0.1:52161 - R:localhost/127.0.0.1:7261]' for 'GET' to 'http://localhost:7261/session/74e73aad15a325ca44674264fbaf94dd/url'
18:24:31.169 [Forwarding getCurrentUrl on session 74e73aad15a325ca44674264fbaf94dd to remote] DEBUG org.asynchttpclient.netty.request.NettyRequestSender - Using open Channel [id: 0x9a3ce6e5, L:/127.0.0.1:52161 - R:localhost/127.0.0.1:7261] for GET '/session/74e73aad15a325ca44674264fbaf94dd/url'
18:24:31.172 [AsyncHttpClient-1-14] DEBUG org.asynchttpclient.netty.handler.HttpHandler - 

Request DefaultFullHttpRequest(decodeResult: success, version: HTTP/1.1, content: EmptyByteBufBE)
GET /session/74e73aad15a325ca44674264fbaf94dd/url HTTP/1.1
User-Agent: selenium/4.8.1 (java windows)
Cache-Control: no-cache
Content-Type: application/json; charset=utf-8
host: localhost:7261
accept: */*

Response DefaultHttpResponse(decodeResult: success, version: HTTP/1.1)
HTTP/1.1 200 OK
Content-Length: 45
Content-Type: application/json; charset=utf-8
cache-control: no-cache

18:24:31.172 [AsyncHttpClient-1-14] DEBUG org.asynchttpclient.netty.channel.ChannelManager - Adding key: http://localhost:7261 for channel [id: 0x9a3ce6e5, L:/127.0.0.1:52161 - R:localhost/127.0.0.1:7261]
18:24:31.178 [Forwarding getPageSource on session 74e73aad15a325ca44674264fbaf94dd to remote] DEBUG org.asynchttpclient.netty.request.NettyRequestSender - Using pooled Channel '[id: 0x9a3ce6e5, L:/127.0.0.1:52161 - R:localhost/127.0.0.1:7261]' for 'POST' to 'http://localhost:7261/session/74e73aad15a325ca44674264fbaf94dd/execute/sync'
18:24:31.178 [Forwarding getPageSource on session 74e73aad15a325ca44674264fbaf94dd to remote] DEBUG org.asynchttpclient.netty.request.NettyRequestSender - Using open Channel [id: 0x9a3ce6e5, L:/127.0.0.1:52161 - R:localhost/127.0.0.1:7261] for POST '/session/74e73aad15a325ca44674264fbaf94dd/execute/sync'
18:24:31.183 [AsyncHttpClient-1-14] DEBUG org.asynchttpclient.netty.handler.HttpHandler - 

Request DefaultHttpRequest(decodeResult: success, version: HTTP/1.1)
POST /session/74e73aad15a325ca44674264fbaf94dd/execute/sync HTTP/1.1
User-Agent: selenium/4.8.1 (java windows)
Content-Length: 176
Content-Type: application/json; charset=utf-8
host: localhost:7261
accept: */*

Response DefaultHttpResponse(decodeResult: success, version: HTTP/1.1)
HTTP/1.1 200 OK
Content-Length: 9126
Content-Type: application/json; charset=utf-8
cache-control: no-cache

18:24:31.183 [AsyncHttpClient-1-14] DEBUG org.asynchttpclient.netty.channel.ChannelManager - Adding key: http://localhost:7261 for channel [id: 0x9a3ce6e5, L:/127.0.0.1:52161 - R:localhost/127.0.0.1:7261]
18:24:31.184 [Forwarding getCurrentUrl on session 74e73aad15a325ca44674264fbaf94dd to remote] DEBUG org.asynchttpclient.netty.request.NettyRequestSender - Using pooled Channel '[id: 0x9a3ce6e5, L:/127.0.0.1:52161 - R:localhost/127.0.0.1:7261]' for 'GET' to 'http://localhost:7261/session/74e73aad15a325ca44674264fbaf94dd/url'
18:24:31.184 [Forwarding getCurrentUrl on session 74e73aad15a325ca44674264fbaf94dd to remote] DEBUG org.asynchttpclient.netty.request.NettyRequestSender - Using open Channel [id: 0x9a3ce6e5, L:/127.0.0.1:52161 - R:localhost/127.0.0.1:7261] for GET '/session/74e73aad15a325ca44674264fbaf94dd/url'
18:24:31.187 [AsyncHttpClient-1-14] DEBUG org.asynchttpclient.netty.handler.HttpHandler - 

Request DefaultFullHttpRequest(decodeResult: success, version: HTTP/1.1, content: EmptyByteBufBE)
GET /session/74e73aad15a325ca44674264fbaf94dd/url HTTP/1.1
User-Agent: selenium/4.8.1 (java windows)
Cache-Control: no-cache
Content-Type: application/json; charset=utf-8
host: localhost:7261
accept: */*

Response DefaultHttpResponse(decodeResult: success, version: HTTP/1.1)
HTTP/1.1 200 OK
Content-Length: 45
Content-Type: application/json; charset=utf-8
cache-control: no-cache

18:24:31.187 [AsyncHttpClient-1-14] DEBUG org.asynchttpclient.netty.channel.ChannelManager - Adding key: http://localhost:7261 for channel [id: 0x9a3ce6e5, L:/127.0.0.1:52161 - R:localhost/127.0.0.1:7261]
18:24:31.189 [main] DEBUG net.thucydides.core.steps.StepInterceptor - STARTING STEP: LoginSteps.inputNothingPassword - inputPassword
18:24:31.191 [Forwarding findElement on session 74e73aad15a325ca44674264fbaf94dd to remote] DEBUG org.asynchttpclient.netty.request.NettyRequestSender - Using pooled Channel '[id: 0x9a3ce6e5, L:/127.0.0.1:52161 - R:localhost/127.0.0.1:7261]' for 'POST' to 'http://localhost:7261/session/74e73aad15a325ca44674264fbaf94dd/element'
18:24:31.191 [Forwarding findElement on session 74e73aad15a325ca44674264fbaf94dd to remote] DEBUG org.asynchttpclient.netty.request.NettyRequestSender - Using open Channel [id: 0x9a3ce6e5, L:/127.0.0.1:52161 - R:localhost/127.0.0.1:7261] for POST '/session/74e73aad15a325ca44674264fbaf94dd/element'
18:24:31.200 [AsyncHttpClient-1-14] DEBUG org.asynchttpclient.netty.handler.HttpHandler - 

Request DefaultHttpRequest(decodeResult: success, version: HTTP/1.1)
POST /session/74e73aad15a325ca44674264fbaf94dd/element HTTP/1.1
User-Agent: selenium/4.8.1 (java windows)
Content-Length: 62
Content-Type: application/json; charset=utf-8
host: localhost:7261
accept: */*

Response DefaultHttpResponse(decodeResult: success, version: HTTP/1.1)
HTTP/1.1 200 OK
Content-Length: 94
Content-Type: application/json; charset=utf-8
cache-control: no-cache

18:24:31.200 [AsyncHttpClient-1-14] DEBUG org.asynchttpclient.netty.channel.ChannelManager - Adding key: http://localhost:7261 for channel [id: 0x9a3ce6e5, L:/127.0.0.1:52161 - R:localhost/127.0.0.1:7261]
18:24:31.201 [Forwarding clearElement on session 74e73aad15a325ca44674264fbaf94dd to remote] DEBUG org.asynchttpclient.netty.request.NettyRequestSender - Using pooled Channel '[id: 0x9a3ce6e5, L:/127.0.0.1:52161 - R:localhost/127.0.0.1:7261]' for 'POST' to 'http://localhost:7261/session/74e73aad15a325ca44674264fbaf94dd/element/8E900C68DF88EEC319F10652769BAD87_element_2/clear'
18:24:31.201 [Forwarding clearElement on session 74e73aad15a325ca44674264fbaf94dd to remote] DEBUG org.asynchttpclient.netty.request.NettyRequestSender - Using open Channel [id: 0x9a3ce6e5, L:/127.0.0.1:52161 - R:localhost/127.0.0.1:7261] for POST '/session/74e73aad15a325ca44674264fbaf94dd/element/8E900C68DF88EEC319F10652769BAD87_element_2/clear'
18:24:31.220 [AsyncHttpClient-1-14] DEBUG org.asynchttpclient.netty.handler.HttpHandler - 

Request DefaultHttpRequest(decodeResult: success, version: HTTP/1.1)
POST /session/74e73aad15a325ca44674264fbaf94dd/element/8E900C68DF88EEC319F10652769BAD87_element_2/clear HTTP/1.1
User-Agent: selenium/4.8.1 (java windows)
Content-Length: 56
Content-Type: application/json; charset=utf-8
host: localhost:7261
accept: */*

Response DefaultHttpResponse(decodeResult: success, version: HTTP/1.1)
HTTP/1.1 200 OK
Content-Length: 14
Content-Type: application/json; charset=utf-8
cache-control: no-cache

18:24:31.220 [AsyncHttpClient-1-14] DEBUG org.asynchttpclient.netty.channel.ChannelManager - Adding key: http://localhost:7261 for channel [id: 0x9a3ce6e5, L:/127.0.0.1:52161 - R:localhost/127.0.0.1:7261]
18:24:31.221 [Forwarding sendKeysToElement on session 74e73aad15a325ca44674264fbaf94dd to remote] DEBUG org.asynchttpclient.netty.request.NettyRequestSender - Using pooled Channel '[id: 0x9a3ce6e5, L:/127.0.0.1:52161 - R:localhost/127.0.0.1:7261]' for 'POST' to 'http://localhost:7261/session/74e73aad15a325ca44674264fbaf94dd/element/8E900C68DF88EEC319F10652769BAD87_element_2/value'
18:24:31.221 [Forwarding sendKeysToElement on session 74e73aad15a325ca44674264fbaf94dd to remote] DEBUG org.asynchttpclient.netty.request.NettyRequestSender - Using open Channel [id: 0x9a3ce6e5, L:/127.0.0.1:52161 - R:localhost/127.0.0.1:7261] for POST '/session/74e73aad15a325ca44674264fbaf94dd/element/8E900C68DF88EEC319F10652769BAD87_element_2/value'
18:24:31.252 [AsyncHttpClient-1-14] DEBUG org.asynchttpclient.netty.handler.HttpHandler - 

Request DefaultHttpRequest(decodeResult: success, version: HTTP/1.1)
POST /session/74e73aad15a325ca44674264fbaf94dd/element/8E900C68DF88EEC319F10652769BAD87_element_2/value HTTP/1.1
User-Agent: selenium/4.8.1 (java windows)
Content-Length: 88
Content-Type: application/json; charset=utf-8
host: localhost:7261
accept: */*

Response DefaultHttpResponse(decodeResult: success, version: HTTP/1.1)
HTTP/1.1 200 OK
Content-Length: 14
Content-Type: application/json; charset=utf-8
cache-control: no-cache

18:24:31.252 [AsyncHttpClient-1-14] DEBUG org.asynchttpclient.netty.channel.ChannelManager - Adding key: http://localhost:7261 for channel [id: 0x9a3ce6e5, L:/127.0.0.1:52161 - R:localhost/127.0.0.1:7261]
18:24:31.257 [Forwarding getAlertText on session 74e73aad15a325ca44674264fbaf94dd to remote] DEBUG org.asynchttpclient.netty.request.NettyRequestSender - Using pooled Channel '[id: 0x9a3ce6e5, L:/127.0.0.1:52161 - R:localhost/127.0.0.1:7261]' for 'GET' to 'http://localhost:7261/session/74e73aad15a325ca44674264fbaf94dd/alert/text'
18:24:31.257 [Forwarding getAlertText on session 74e73aad15a325ca44674264fbaf94dd to remote] DEBUG org.asynchttpclient.netty.request.NettyRequestSender - Using open Channel [id: 0x9a3ce6e5, L:/127.0.0.1:52161 - R:localhost/127.0.0.1:7261] for GET '/session/74e73aad15a325ca44674264fbaf94dd/alert/text'
18:24:31.258 [AsyncHttpClient-1-14] DEBUG org.asynchttpclient.netty.handler.HttpHandler - 

Request DefaultFullHttpRequest(decodeResult: success, version: HTTP/1.1, content: EmptyByteBufBE)
GET /session/74e73aad15a325ca44674264fbaf94dd/alert/text HTTP/1.1
User-Agent: selenium/4.8.1 (java windows)
Cache-Control: no-cache
Content-Type: application/json; charset=utf-8
host: localhost:7261
accept: */*

Response DefaultHttpResponse(decodeResult: success, version: HTTP/1.1)
HTTP/1.1 404 Not Found
Content-Length: 821
Content-Type: application/json; charset=utf-8
cache-control: no-cache

18:24:31.259 [AsyncHttpClient-1-14] DEBUG org.asynchttpclient.netty.channel.ChannelManager - Adding key: http://localhost:7261 for channel [id: 0x9a3ce6e5, L:/127.0.0.1:52161 - R:localhost/127.0.0.1:7261]
18:24:31.259 [Forwarding getCurrentUrl on session 74e73aad15a325ca44674264fbaf94dd to remote] DEBUG org.asynchttpclient.netty.request.NettyRequestSender - Using pooled Channel '[id: 0x9a3ce6e5, L:/127.0.0.1:52161 - R:localhost/127.0.0.1:7261]' for 'GET' to 'http://localhost:7261/session/74e73aad15a325ca44674264fbaf94dd/url'
18:24:31.259 [Forwarding getCurrentUrl on session 74e73aad15a325ca44674264fbaf94dd to remote] DEBUG org.asynchttpclient.netty.request.NettyRequestSender - Using open Channel [id: 0x9a3ce6e5, L:/127.0.0.1:52161 - R:localhost/127.0.0.1:7261] for GET '/session/74e73aad15a325ca44674264fbaf94dd/url'
18:24:31.262 [AsyncHttpClient-1-14] DEBUG org.asynchttpclient.netty.handler.HttpHandler - 

Request DefaultFullHttpRequest(decodeResult: success, version: HTTP/1.1, content: EmptyByteBufBE)
GET /session/74e73aad15a325ca44674264fbaf94dd/url HTTP/1.1
User-Agent: selenium/4.8.1 (java windows)
Cache-Control: no-cache
Content-Type: application/json; charset=utf-8
host: localhost:7261
accept: */*

Response DefaultHttpResponse(decodeResult: success, version: HTTP/1.1)
HTTP/1.1 200 OK
Content-Length: 45
Content-Type: application/json; charset=utf-8
cache-control: no-cache

18:24:31.262 [AsyncHttpClient-1-14] DEBUG org.asynchttpclient.netty.channel.ChannelManager - Adding key: http://localhost:7261 for channel [id: 0x9a3ce6e5, L:/127.0.0.1:52161 - R:localhost/127.0.0.1:7261]
18:24:31.263 [Forwarding screenshot on session 74e73aad15a325ca44674264fbaf94dd to remote] DEBUG org.asynchttpclient.netty.request.NettyRequestSender - Using pooled Channel '[id: 0x9a3ce6e5, L:/127.0.0.1:52161 - R:localhost/127.0.0.1:7261]' for 'GET' to 'http://localhost:7261/session/74e73aad15a325ca44674264fbaf94dd/screenshot'
18:24:31.263 [Forwarding screenshot on session 74e73aad15a325ca44674264fbaf94dd to remote] DEBUG org.asynchttpclient.netty.request.NettyRequestSender - Using open Channel [id: 0x9a3ce6e5, L:/127.0.0.1:52161 - R:localhost/127.0.0.1:7261] for GET '/session/74e73aad15a325ca44674264fbaf94dd/screenshot'
18:24:31.320 [AsyncHttpClient-1-14] DEBUG org.asynchttpclient.netty.handler.HttpHandler - 

Request DefaultFullHttpRequest(decodeResult: success, version: HTTP/1.1, content: EmptyByteBufBE)
GET /session/74e73aad15a325ca44674264fbaf94dd/screenshot HTTP/1.1
User-Agent: selenium/4.8.1 (java windows)
Cache-Control: no-cache
Content-Type: application/json; charset=utf-8
host: localhost:7261
accept: */*

Response DefaultHttpResponse(decodeResult: success, version: HTTP/1.1)
HTTP/1.1 200 OK
Content-Length: 39144
Content-Type: application/json; charset=utf-8
cache-control: no-cache

18:24:31.320 [AsyncHttpClient-1-14] DEBUG org.asynchttpclient.netty.channel.ChannelManager - Adding key: http://localhost:7261 for channel [id: 0x9a3ce6e5, L:/127.0.0.1:52161 - R:localhost/127.0.0.1:7261]
18:24:31.321 [main] DEBUG net.serenitybdd.core.photography.Darkroom - Send negative for processing for target\site\serenity\d93eb3c21bdcfa9b5995e1e90ecd8e46e50d5c0f3c806817c9b27aa1ac360f1c.png
18:24:31.321 [main] DEBUG net.thucydides.core.steps.StepInterceptor - STEP DONE: inputPassword
  &amp#27;[32mAnd &amp#27;[0m&amp#27;[32mI type nothing in password field&amp#27;[0m      &amp#27;[90m# starter.stepdefinitions.LoginSteps.inputNothingPassword()&amp#27;[0m
18:24:31.321 [Darkroom Processing Line] DEBUG net.serenitybdd.core.photography.DarkroomProcessingLine - Processing screenshot image in /var/screenshots/screenshot-14122024877728175047
18:24:31.321 [Darkroom Processing Line] DEBUG net.serenitybdd.core.photography.DarkroomProcessingLine - Saving screenshot to target\site\serenity\d93eb3c21bdcfa9b5995e1e90ecd8e46e50d5c0f3c806817c9b27aa1ac360f1c.png
18:24:31.328 [Forwarding getPageSource on session 74e73aad15a325ca44674264fbaf94dd to remote] DEBUG org.asynchttpclient.netty.request.NettyRequestSender - Using pooled Channel '[id: 0x9a3ce6e5, L:/127.0.0.1:52161 - R:localhost/127.0.0.1:7261]' for 'POST' to 'http://localhost:7261/session/74e73aad15a325ca44674264fbaf94dd/execute/sync'
18:24:31.328 [Forwarding getPageSource on session 74e73aad15a325ca44674264fbaf94dd to remote] DEBUG org.asynchttpclient.netty.request.NettyRequestSender - Using open Channel [id: 0x9a3ce6e5, L:/127.0.0.1:52161 - R:localhost/127.0.0.1:7261] for POST '/session/74e73aad15a325ca44674264fbaf94dd/execute/sync'
18:24:31.334 [AsyncHttpClient-1-14] DEBUG org.asynchttpclient.netty.handler.HttpHandler - 

Request DefaultHttpRequest(decodeResult: success, version: HTTP/1.1)
POST /session/74e73aad15a325ca44674264fbaf94dd/execute/sync HTTP/1.1
User-Agent: selenium/4.8.1 (java windows)
Content-Length: 176
Content-Type: application/json; charset=utf-8
host: localhost:7261
accept: */*

Response DefaultHttpResponse(decodeResult: success, version: HTTP/1.1)
HTTP/1.1 200 OK
Content-Length: 9126
Content-Type: application/json; charset=utf-8
cache-control: no-cache

18:24:31.334 [AsyncHttpClient-1-14] DEBUG org.asynchttpclient.netty.channel.ChannelManager - Adding key: http://localhost:7261 for channel [id: 0x9a3ce6e5, L:/127.0.0.1:52161 - R:localhost/127.0.0.1:7261]
18:24:31.335 [Forwarding getCurrentUrl on session 74e73aad15a325ca44674264fbaf94dd to remote] DEBUG org.asynchttpclient.netty.request.NettyRequestSender - Using pooled Channel '[id: 0x9a3ce6e5, L:/127.0.0.1:52161 - R:localhost/127.0.0.1:7261]' for 'GET' to 'http://localhost:7261/session/74e73aad15a325ca44674264fbaf94dd/url'
18:24:31.335 [Forwarding getCurrentUrl on session 74e73aad15a325ca44674264fbaf94dd to remote] DEBUG org.asynchttpclient.netty.request.NettyRequestSender - Using open Channel [id: 0x9a3ce6e5, L:/127.0.0.1:52161 - R:localhost/127.0.0.1:7261] for GET '/session/74e73aad15a325ca44674264fbaf94dd/url'
18:24:31.338 [AsyncHttpClient-1-14] DEBUG org.asynchttpclient.netty.handler.HttpHandler - 

Request DefaultFullHttpRequest(decodeResult: success, version: HTTP/1.1, content: EmptyByteBufBE)
GET /session/74e73aad15a325ca44674264fbaf94dd/url HTTP/1.1
User-Agent: selenium/4.8.1 (java windows)
Cache-Control: no-cache
Content-Type: application/json; charset=utf-8
host: localhost:7261
accept: */*

Response DefaultHttpResponse(decodeResult: success, version: HTTP/1.1)
HTTP/1.1 200 OK
Content-Length: 45
Content-Type: application/json; charset=utf-8
cache-control: no-cache

18:24:31.339 [AsyncHttpClient-1-14] DEBUG org.asynchttpclient.netty.channel.ChannelManager - Adding key: http://localhost:7261 for channel [id: 0x9a3ce6e5, L:/127.0.0.1:52161 - R:localhost/127.0.0.1:7261]
18:24:31.343 [Forwarding getPageSource on session 74e73aad15a325ca44674264fbaf94dd to remote] DEBUG org.asynchttpclient.netty.request.NettyRequestSender - Using pooled Channel '[id: 0x9a3ce6e5, L:/127.0.0.1:52161 - R:localhost/127.0.0.1:7261]' for 'POST' to 'http://localhost:7261/session/74e73aad15a325ca44674264fbaf94dd/execute/sync'
18:24:31.343 [Forwarding getPageSource on session 74e73aad15a325ca44674264fbaf94dd to remote] DEBUG org.asynchttpclient.netty.request.NettyRequestSender - Using open Channel [id: 0x9a3ce6e5, L:/127.0.0.1:52161 - R:localhost/127.0.0.1:7261] for POST '/session/74e73aad15a325ca44674264fbaf94dd/execute/sync'
18:24:31.348 [AsyncHttpClient-1-14] DEBUG org.asynchttpclient.netty.handler.HttpHandler - 

Request DefaultHttpRequest(decodeResult: success, version: HTTP/1.1)
POST /session/74e73aad15a325ca44674264fbaf94dd/execute/sync HTTP/1.1
User-Agent: selenium/4.8.1 (java windows)
Content-Length: 176
Content-Type: application/json; charset=utf-8
host: localhost:7261
accept: */*

Response DefaultHttpResponse(decodeResult: success, version: HTTP/1.1)
HTTP/1.1 200 OK
Content-Length: 9126
Content-Type: application/json; charset=utf-8
cache-control: no-cache

18:24:31.348 [AsyncHttpClient-1-14] DEBUG org.asynchttpclient.netty.channel.ChannelManager - Adding key: http://localhost:7261 for channel [id: 0x9a3ce6e5, L:/127.0.0.1:52161 - R:localhost/127.0.0.1:7261]
18:24:31.349 [Forwarding getCurrentUrl on session 74e73aad15a325ca44674264fbaf94dd to remote] DEBUG org.asynchttpclient.netty.request.NettyRequestSender - Using pooled Channel '[id: 0x9a3ce6e5, L:/127.0.0.1:52161 - R:localhost/127.0.0.1:7261]' for 'GET' to 'http://localhost:7261/session/74e73aad15a325ca44674264fbaf94dd/url'
18:24:31.349 [Forwarding getCurrentUrl on session 74e73aad15a325ca44674264fbaf94dd to remote] DEBUG org.asynchttpclient.netty.request.NettyRequestSender - Using open Channel [id: 0x9a3ce6e5, L:/127.0.0.1:52161 - R:localhost/127.0.0.1:7261] for GET '/session/74e73aad15a325ca44674264fbaf94dd/url'
18:24:31.355 [AsyncHttpClient-1-14] DEBUG org.asynchttpclient.netty.handler.HttpHandler - 

Request DefaultFullHttpRequest(decodeResult: success, version: HTTP/1.1, content: EmptyByteBufBE)
GET /session/74e73aad15a325ca44674264fbaf94dd/url HTTP/1.1
User-Agent: selenium/4.8.1 (java windows)
Cache-Control: no-cache
Content-Type: application/json; charset=utf-8
host: localhost:7261
accept: */*

Response DefaultHttpResponse(decodeResult: success, version: HTTP/1.1)
HTTP/1.1 200 OK
Content-Length: 45
Content-Type: application/json; charset=utf-8
cache-control: no-cache

18:24:31.355 [AsyncHttpClient-1-14] DEBUG org.asynchttpclient.netty.channel.ChannelManager - Adding key: http://localhost:7261 for channel [id: 0x9a3ce6e5, L:/127.0.0.1:52161 - R:localhost/127.0.0.1:7261]
18:24:31.358 [main] DEBUG net.thucydides.core.steps.StepInterceptor - STARTING STEP: LoginSteps.clickLoginButton - clickLoginButton
18:24:31.366 [Forwarding findElement on session 74e73aad15a325ca44674264fbaf94dd to remote] DEBUG org.asynchttpclient.netty.request.NettyRequestSender - Using pooled Channel '[id: 0x9a3ce6e5, L:/127.0.0.1:52161 - R:localhost/127.0.0.1:7261]' for 'POST' to 'http://localhost:7261/session/74e73aad15a325ca44674264fbaf94dd/element'
18:24:31.366 [Forwarding findElement on session 74e73aad15a325ca44674264fbaf94dd to remote] DEBUG org.asynchttpclient.netty.request.NettyRequestSender - Using open Channel [id: 0x9a3ce6e5, L:/127.0.0.1:52161 - R:localhost/127.0.0.1:7261] for POST '/session/74e73aad15a325ca44674264fbaf94dd/element'
18:24:31.389 [AsyncHttpClient-1-14] DEBUG org.asynchttpclient.netty.handler.HttpHandler - 

Request DefaultHttpRequest(decodeResult: success, version: HTTP/1.1)
POST /session/74e73aad15a325ca44674264fbaf94dd/element HTTP/1.1
User-Agent: selenium/4.8.1 (java windows)
Content-Length: 63
Content-Type: application/json; charset=utf-8
host: localhost:7261
accept: */*

Response DefaultHttpResponse(decodeResult: success, version: HTTP/1.1)
HTTP/1.1 200 OK
Content-Length: 95
Content-Type: application/json; charset=utf-8
cache-control: no-cache

18:24:31.390 [AsyncHttpClient-1-14] DEBUG org.asynchttpclient.netty.channel.ChannelManager - Adding key: http://localhost:7261 for channel [id: 0x9a3ce6e5, L:/127.0.0.1:52161 - R:localhost/127.0.0.1:7261]
18:24:31.392 [Forwarding getElementTagName on session 74e73aad15a325ca44674264fbaf94dd to remote] DEBUG org.asynchttpclient.netty.request.NettyRequestSender - Using pooled Channel '[id: 0x9a3ce6e5, L:/127.0.0.1:52161 - R:localhost/127.0.0.1:7261]' for 'GET' to 'http://localhost:7261/session/74e73aad15a325ca44674264fbaf94dd/element/8E900C68DF88EEC319F10652769BAD87_element_11/name'
18:24:31.392 [Forwarding getElementTagName on session 74e73aad15a325ca44674264fbaf94dd to remote] DEBUG org.asynchttpclient.netty.request.NettyRequestSender - Using open Channel [id: 0x9a3ce6e5, L:/127.0.0.1:52161 - R:localhost/127.0.0.1:7261] for GET '/session/74e73aad15a325ca44674264fbaf94dd/element/8E900C68DF88EEC319F10652769BAD87_element_11/name'
18:24:31.401 [AsyncHttpClient-1-14] DEBUG org.asynchttpclient.netty.handler.HttpHandler - 

Request DefaultFullHttpRequest(decodeResult: success, version: HTTP/1.1, content: EmptyByteBufBE)
GET /session/74e73aad15a325ca44674264fbaf94dd/element/8E900C68DF88EEC319F10652769BAD87_element_11/name HTTP/1.1
User-Agent: selenium/4.8.1 (java windows)
Cache-Control: no-cache
Content-Type: application/json; charset=utf-8
host: localhost:7261
accept: */*

Response DefaultHttpResponse(decodeResult: success, version: HTTP/1.1)
HTTP/1.1 200 OK
Content-Length: 18
Content-Type: application/json; charset=utf-8
cache-control: no-cache

18:24:31.402 [AsyncHttpClient-1-14] DEBUG org.asynchttpclient.netty.channel.ChannelManager - Adding key: http://localhost:7261 for channel [id: 0x9a3ce6e5, L:/127.0.0.1:52161 - R:localhost/127.0.0.1:7261]
18:24:31.404 [Forwarding getElementTagName on session 74e73aad15a325ca44674264fbaf94dd to remote] DEBUG org.asynchttpclient.netty.request.NettyRequestSender - Using pooled Channel '[id: 0x9a3ce6e5, L:/127.0.0.1:52161 - R:localhost/127.0.0.1:7261]' for 'GET' to 'http://localhost:7261/session/74e73aad15a325ca44674264fbaf94dd/element/8E900C68DF88EEC319F10652769BAD87_element_11/name'
18:24:31.404 [Forwarding getElementTagName on session 74e73aad15a325ca44674264fbaf94dd to remote] DEBUG org.asynchttpclient.netty.request.NettyRequestSender - Using open Channel [id: 0x9a3ce6e5, L:/127.0.0.1:52161 - R:localhost/127.0.0.1:7261] for GET '/session/74e73aad15a325ca44674264fbaf94dd/element/8E900C68DF88EEC319F10652769BAD87_element_11/name'
18:24:31.410 [AsyncHttpClient-1-14] DEBUG org.asynchttpclient.netty.handler.HttpHandler - 

Request DefaultFullHttpRequest(decodeResult: success, version: HTTP/1.1, content: EmptyByteBufBE)
GET /session/74e73aad15a325ca44674264fbaf94dd/element/8E900C68DF88EEC319F10652769BAD87_element_11/name HTTP/1.1
User-Agent: selenium/4.8.1 (java windows)
Cache-Control: no-cache
Content-Type: application/json; charset=utf-8
host: localhost:7261
accept: */*

Response DefaultHttpResponse(decodeResult: success, version: HTTP/1.1)
HTTP/1.1 200 OK
Content-Length: 18
Content-Type: application/json; charset=utf-8
cache-control: no-cache

18:24:31.410 [AsyncHttpClient-1-14] DEBUG org.asynchttpclient.netty.channel.ChannelManager - Adding key: http://localhost:7261 for channel [id: 0x9a3ce6e5, L:/127.0.0.1:52161 - R:localhost/127.0.0.1:7261]
18:24:31.411 [Forwarding isElementEnabled on session 74e73aad15a325ca44674264fbaf94dd to remote] DEBUG org.asynchttpclient.netty.request.NettyRequestSender - Using pooled Channel '[id: 0x9a3ce6e5, L:/127.0.0.1:52161 - R:localhost/127.0.0.1:7261]' for 'GET' to 'http://localhost:7261/session/74e73aad15a325ca44674264fbaf94dd/element/8E900C68DF88EEC319F10652769BAD87_element_11/enabled'
18:24:31.411 [Forwarding isElementEnabled on session 74e73aad15a325ca44674264fbaf94dd to remote] DEBUG org.asynchttpclient.netty.request.NettyRequestSender - Using open Channel [id: 0x9a3ce6e5, L:/127.0.0.1:52161 - R:localhost/127.0.0.1:7261] for GET '/session/74e73aad15a325ca44674264fbaf94dd/element/8E900C68DF88EEC319F10652769BAD87_element_11/enabled'
18:24:31.416 [AsyncHttpClient-1-14] DEBUG org.asynchttpclient.netty.handler.HttpHandler - 

Request DefaultFullHttpRequest(decodeResult: success, version: HTTP/1.1, content: EmptyByteBufBE)
GET /session/74e73aad15a325ca44674264fbaf94dd/element/8E900C68DF88EEC319F10652769BAD87_element_11/enabled HTTP/1.1
User-Agent: selenium/4.8.1 (java windows)
Cache-Control: no-cache
Content-Type: application/json; charset=utf-8
host: localhost:7261
accept: */*

Response DefaultHttpResponse(decodeResult: success, version: HTTP/1.1)
HTTP/1.1 200 OK
Content-Length: 14
Content-Type: application/json; charset=utf-8
cache-control: no-cache

18:24:31.417 [AsyncHttpClient-1-14] DEBUG org.asynchttpclient.netty.channel.ChannelManager - Adding key: http://localhost:7261 for channel [id: 0x9a3ce6e5, L:/127.0.0.1:52161 - R:localhost/127.0.0.1:7261]
18:24:31.417 [Forwarding isElementEnabled on session 74e73aad15a325ca44674264fbaf94dd to remote] DEBUG org.asynchttpclient.netty.request.NettyRequestSender - Using pooled Channel '[id: 0x9a3ce6e5, L:/127.0.0.1:52161 - R:localhost/127.0.0.1:7261]' for 'GET' to 'http://localhost:7261/session/74e73aad15a325ca44674264fbaf94dd/element/8E900C68DF88EEC319F10652769BAD87_element_11/enabled'
18:24:31.417 [Forwarding isElementEnabled on session 74e73aad15a325ca44674264fbaf94dd to remote] DEBUG org.asynchttpclient.netty.request.NettyRequestSender - Using open Channel [id: 0x9a3ce6e5, L:/127.0.0.1:52161 - R:localhost/127.0.0.1:7261] for GET '/session/74e73aad15a325ca44674264fbaf94dd/element/8E900C68DF88EEC319F10652769BAD87_element_11/enabled'
18:24:31.422 [AsyncHttpClient-1-14] DEBUG org.asynchttpclient.netty.handler.HttpHandler - 

Request DefaultFullHttpRequest(decodeResult: success, version: HTTP/1.1, content: EmptyByteBufBE)
GET /session/74e73aad15a325ca44674264fbaf94dd/element/8E900C68DF88EEC319F10652769BAD87_element_11/enabled HTTP/1.1
User-Agent: selenium/4.8.1 (java windows)
Cache-Control: no-cache
Content-Type: application/json; charset=utf-8
host: localhost:7261
accept: */*

Response DefaultHttpResponse(decodeResult: success, version: HTTP/1.1)
HTTP/1.1 200 OK
Content-Length: 14
Content-Type: application/json; charset=utf-8
cache-control: no-cache

18:24:31.422 [AsyncHttpClient-1-14] DEBUG org.asynchttpclient.netty.channel.ChannelManager - Adding key: http://localhost:7261 for channel [id: 0x9a3ce6e5, L:/127.0.0.1:52161 - R:localhost/127.0.0.1:7261]
18:24:31.424 [Forwarding findElement on session 74e73aad15a325ca44674264fbaf94dd to remote] DEBUG org.asynchttpclient.netty.request.NettyRequestSender - Using pooled Channel '[id: 0x9a3ce6e5, L:/127.0.0.1:52161 - R:localhost/127.0.0.1:7261]' for 'POST' to 'http://localhost:7261/session/74e73aad15a325ca44674264fbaf94dd/element'
18:24:31.425 [Forwarding findElement on session 74e73aad15a325ca44674264fbaf94dd to remote] DEBUG org.asynchttpclient.netty.request.NettyRequestSender - Using open Channel [id: 0x9a3ce6e5, L:/127.0.0.1:52161 - R:localhost/127.0.0.1:7261] for POST '/session/74e73aad15a325ca44674264fbaf94dd/element'
18:24:31.430 [AsyncHttpClient-1-14] DEBUG org.asynchttpclient.netty.handler.HttpHandler - 

Request DefaultHttpRequest(decodeResult: success, version: HTTP/1.1)
POST /session/74e73aad15a325ca44674264fbaf94dd/element HTTP/1.1
User-Agent: selenium/4.8.1 (java windows)
Content-Length: 63
Content-Type: application/json; charset=utf-8
host: localhost:7261
accept: */*

Response DefaultHttpResponse(decodeResult: success, version: HTTP/1.1)
HTTP/1.1 200 OK
Content-Length: 95
Content-Type: application/json; charset=utf-8
cache-control: no-cache

18:24:31.430 [AsyncHttpClient-1-14] DEBUG org.asynchttpclient.netty.channel.ChannelManager - Adding key: http://localhost:7261 for channel [id: 0x9a3ce6e5, L:/127.0.0.1:52161 - R:localhost/127.0.0.1:7261]
18:24:31.431 [Forwarding clickElement on session 74e73aad15a325ca44674264fbaf94dd to remote] DEBUG org.asynchttpclient.netty.request.NettyRequestSender - Using pooled Channel '[id: 0x9a3ce6e5, L:/127.0.0.1:52161 - R:localhost/127.0.0.1:7261]' for 'POST' to 'http://localhost:7261/session/74e73aad15a325ca44674264fbaf94dd/element/8E900C68DF88EEC319F10652769BAD87_element_11/click'
18:24:31.431 [Forwarding clickElement on session 74e73aad15a325ca44674264fbaf94dd to remote] DEBUG org.asynchttpclient.netty.request.NettyRequestSender - Using open Channel [id: 0x9a3ce6e5, L:/127.0.0.1:52161 - R:localhost/127.0.0.1:7261] for POST '/session/74e73aad15a325ca44674264fbaf94dd/element/8E900C68DF88EEC319F10652769BAD87_element_11/click'
18:24:31.462 [AsyncHttpClient-1-14] DEBUG org.asynchttpclient.netty.handler.HttpHandler - 

Request DefaultHttpRequest(decodeResult: success, version: HTTP/1.1)
POST /session/74e73aad15a325ca44674264fbaf94dd/element/8E900C68DF88EEC319F10652769BAD87_element_11/click HTTP/1.1
User-Agent: selenium/4.8.1 (java windows)
Content-Length: 57
Content-Type: application/json; charset=utf-8
host: localhost:7261
accept: */*

Response DefaultHttpResponse(decodeResult: success, version: HTTP/1.1)
HTTP/1.1 200 OK
Content-Length: 14
Content-Type: application/json; charset=utf-8
cache-control: no-cache

18:24:31.462 [AsyncHttpClient-1-14] DEBUG org.asynchttpclient.netty.channel.ChannelManager - Adding key: http://localhost:7261 for channel [id: 0x9a3ce6e5, L:/127.0.0.1:52161 - R:localhost/127.0.0.1:7261]
18:24:31.470 [Forwarding getAlertText on session 74e73aad15a325ca44674264fbaf94dd to remote] DEBUG org.asynchttpclient.netty.request.NettyRequestSender - Using pooled Channel '[id: 0x9a3ce6e5, L:/127.0.0.1:52161 - R:localhost/127.0.0.1:7261]' for 'GET' to 'http://localhost:7261/session/74e73aad15a325ca44674264fbaf94dd/alert/text'
18:24:31.470 [Forwarding getAlertText on session 74e73aad15a325ca44674264fbaf94dd to remote] DEBUG org.asynchttpclient.netty.request.NettyRequestSender - Using open Channel [id: 0x9a3ce6e5, L:/127.0.0.1:52161 - R:localhost/127.0.0.1:7261] for GET '/session/74e73aad15a325ca44674264fbaf94dd/alert/text'
18:24:31.472 [AsyncHttpClient-1-14] DEBUG org.asynchttpclient.netty.handler.HttpHandler - 

Request DefaultFullHttpRequest(decodeResult: success, version: HTTP/1.1, content: EmptyByteBufBE)
GET /session/74e73aad15a325ca44674264fbaf94dd/alert/text HTTP/1.1
User-Agent: selenium/4.8.1 (java windows)
Cache-Control: no-cache
Content-Type: application/json; charset=utf-8
host: localhost:7261
accept: */*

Response DefaultHttpResponse(decodeResult: success, version: HTTP/1.1)
HTTP/1.1 404 Not Found
Content-Length: 821
Content-Type: application/json; charset=utf-8
cache-control: no-cache

18:24:31.473 [AsyncHttpClient-1-14] DEBUG org.asynchttpclient.netty.channel.ChannelManager - Adding key: http://localhost:7261 for channel [id: 0x9a3ce6e5, L:/127.0.0.1:52161 - R:localhost/127.0.0.1:7261]
18:24:31.474 [Forwarding getCurrentUrl on session 74e73aad15a325ca44674264fbaf94dd to remote] DEBUG org.asynchttpclient.netty.request.NettyRequestSender - Using pooled Channel '[id: 0x9a3ce6e5, L:/127.0.0.1:52161 - R:localhost/127.0.0.1:7261]' for 'GET' to 'http://localhost:7261/session/74e73aad15a325ca44674264fbaf94dd/url'
18:24:31.474 [Forwarding getCurrentUrl on session 74e73aad15a325ca44674264fbaf94dd to remote] DEBUG org.asynchttpclient.netty.request.NettyRequestSender - Using open Channel [id: 0x9a3ce6e5, L:/127.0.0.1:52161 - R:localhost/127.0.0.1:7261] for GET '/session/74e73aad15a325ca44674264fbaf94dd/url'
18:24:31.481 [AsyncHttpClient-1-14] DEBUG org.asynchttpclient.netty.handler.HttpHandler - 

Request DefaultFullHttpRequest(decodeResult: success, version: HTTP/1.1, content: EmptyByteBufBE)
GET /session/74e73aad15a325ca44674264fbaf94dd/url HTTP/1.1
User-Agent: selenium/4.8.1 (java windows)
Cache-Control: no-cache
Content-Type: application/json; charset=utf-8
host: localhost:7261
accept: */*

Response DefaultHttpResponse(decodeResult: success, version: HTTP/1.1)
HTTP/1.1 200 OK
Content-Length: 45
Content-Type: application/json; charset=utf-8
cache-control: no-cache

18:24:31.482 [AsyncHttpClient-1-14] DEBUG org.asynchttpclient.netty.channel.ChannelManager - Adding key: http://localhost:7261 for channel [id: 0x9a3ce6e5, L:/127.0.0.1:52161 - R:localhost/127.0.0.1:7261]
18:24:31.483 [Forwarding screenshot on session 74e73aad15a325ca44674264fbaf94dd to remote] DEBUG org.asynchttpclient.netty.request.NettyRequestSender - Using pooled Channel '[id: 0x9a3ce6e5, L:/127.0.0.1:52161 - R:localhost/127.0.0.1:7261]' for 'GET' to 'http://localhost:7261/session/74e73aad15a325ca44674264fbaf94dd/screenshot'
18:24:31.483 [Forwarding screenshot on session 74e73aad15a325ca44674264fbaf94dd to remote] DEBUG org.asynchttpclient.netty.request.NettyRequestSender - Using open Channel [id: 0x9a3ce6e5, L:/127.0.0.1:52161 - R:localhost/127.0.0.1:7261] for GET '/session/74e73aad15a325ca44674264fbaf94dd/screenshot'
18:24:31.575 [AsyncHttpClient-1-14] DEBUG org.asynchttpclient.netty.handler.HttpHandler - 

Request DefaultFullHttpRequest(decodeResult: success, version: HTTP/1.1, content: EmptyByteBufBE)
GET /session/74e73aad15a325ca44674264fbaf94dd/screenshot HTTP/1.1
User-Agent: selenium/4.8.1 (java windows)
Cache-Control: no-cache
Content-Type: application/json; charset=utf-8
host: localhost:7261
accept: */*

Response DefaultHttpResponse(decodeResult: success, version: HTTP/1.1)
HTTP/1.1 200 OK
Content-Length: 41268
Content-Type: application/json; charset=utf-8
cache-control: no-cache

18:24:31.576 [AsyncHttpClient-1-14] DEBUG org.asynchttpclient.netty.channel.ChannelManager - Adding key: http://localhost:7261 for channel [id: 0x9a3ce6e5, L:/127.0.0.1:52161 - R:localhost/127.0.0.1:7261]
18:24:31.576 [main] DEBUG net.serenitybdd.core.photography.Darkroom - Send negative for processing for target\site\serenity\4f4fa1327b81b3619e36f28033ac52ba37c0dab85e5143a9d2c62433f14eddec.png
18:24:31.578 [main] DEBUG net.thucydides.core.steps.StepInterceptor - STEP DONE: clickLoginButton
18:24:31.578 [Darkroom Processing Line] DEBUG net.serenitybdd.core.photography.DarkroomProcessingLine - Processing screenshot image in /var/screenshots/screenshot-12918398737818048111
18:24:31.578 [Darkroom Processing Line] DEBUG net.serenitybdd.core.photography.DarkroomProcessingLine - Saving screenshot to target\site\serenity\4f4fa1327b81b3619e36f28033ac52ba37c0dab85e5143a9d2c62433f14eddec.png
  &amp#27;[32mWhen &amp#27;[0m&amp#27;[32mI click on the login button&amp#27;[0m          &amp#27;[90m# starter.stepdefinitions.LoginSteps.clickLoginButton()&amp#27;[0m
18:24:31.585 [Forwarding getPageSource on session 74e73aad15a325ca44674264fbaf94dd to remote] DEBUG org.asynchttpclient.netty.request.NettyRequestSender - Using pooled Channel '[id: 0x9a3ce6e5, L:/127.0.0.1:52161 - R:localhost/127.0.0.1:7261]' for 'POST' to 'http://localhost:7261/session/74e73aad15a325ca44674264fbaf94dd/execute/sync'
18:24:31.585 [Forwarding getPageSource on session 74e73aad15a325ca44674264fbaf94dd to remote] DEBUG org.asynchttpclient.netty.request.NettyRequestSender - Using open Channel [id: 0x9a3ce6e5, L:/127.0.0.1:52161 - R:localhost/127.0.0.1:7261] for POST '/session/74e73aad15a325ca44674264fbaf94dd/execute/sync'
18:24:31.590 [AsyncHttpClient-1-14] DEBUG org.asynchttpclient.netty.handler.HttpHandler - 

Request DefaultHttpRequest(decodeResult: success, version: HTTP/1.1)
POST /session/74e73aad15a325ca44674264fbaf94dd/execute/sync HTTP/1.1
User-Agent: selenium/4.8.1 (java windows)
Content-Length: 176
Content-Type: application/json; charset=utf-8
host: localhost:7261
accept: */*

Response DefaultHttpResponse(decodeResult: success, version: HTTP/1.1)
HTTP/1.1 200 OK
Content-Length: 9212
Content-Type: application/json; charset=utf-8
cache-control: no-cache

18:24:31.590 [AsyncHttpClient-1-14] DEBUG org.asynchttpclient.netty.channel.ChannelManager - Adding key: http://localhost:7261 for channel [id: 0x9a3ce6e5, L:/127.0.0.1:52161 - R:localhost/127.0.0.1:7261]
18:24:31.591 [Forwarding getCurrentUrl on session 74e73aad15a325ca44674264fbaf94dd to remote] DEBUG org.asynchttpclient.netty.request.NettyRequestSender - Using pooled Channel '[id: 0x9a3ce6e5, L:/127.0.0.1:52161 - R:localhost/127.0.0.1:7261]' for 'GET' to 'http://localhost:7261/session/74e73aad15a325ca44674264fbaf94dd/url'
18:24:31.592 [Forwarding getCurrentUrl on session 74e73aad15a325ca44674264fbaf94dd to remote] DEBUG org.asynchttpclient.netty.request.NettyRequestSender - Using open Channel [id: 0x9a3ce6e5, L:/127.0.0.1:52161 - R:localhost/127.0.0.1:7261] for GET '/session/74e73aad15a325ca44674264fbaf94dd/url'
18:24:31.595 [AsyncHttpClient-1-14] DEBUG org.asynchttpclient.netty.handler.HttpHandler - 

Request DefaultFullHttpRequest(decodeResult: success, version: HTTP/1.1, content: EmptyByteBufBE)
GET /session/74e73aad15a325ca44674264fbaf94dd/url HTTP/1.1
User-Agent: selenium/4.8.1 (java windows)
Cache-Control: no-cache
Content-Type: application/json; charset=utf-8
host: localhost:7261
accept: */*

Response DefaultHttpResponse(decodeResult: success, version: HTTP/1.1)
HTTP/1.1 200 OK
Content-Length: 45
Content-Type: application/json; charset=utf-8
cache-control: no-cache

18:24:31.595 [AsyncHttpClient-1-14] DEBUG org.asynchttpclient.netty.channel.ChannelManager - Adding key: http://localhost:7261 for channel [id: 0x9a3ce6e5, L:/127.0.0.1:52161 - R:localhost/127.0.0.1:7261]
18:24:31.601 [Forwarding getPageSource on session 74e73aad15a325ca44674264fbaf94dd to remote] DEBUG org.asynchttpclient.netty.request.NettyRequestSender - Using pooled Channel '[id: 0x9a3ce6e5, L:/127.0.0.1:52161 - R:localhost/127.0.0.1:7261]' for 'POST' to 'http://localhost:7261/session/74e73aad15a325ca44674264fbaf94dd/execute/sync'
18:24:31.601 [Forwarding getPageSource on session 74e73aad15a325ca44674264fbaf94dd to remote] DEBUG org.asynchttpclient.netty.request.NettyRequestSender - Using open Channel [id: 0x9a3ce6e5, L:/127.0.0.1:52161 - R:localhost/127.0.0.1:7261] for POST '/session/74e73aad15a325ca44674264fbaf94dd/execute/sync'
18:24:31.606 [AsyncHttpClient-1-14] DEBUG org.asynchttpclient.netty.handler.HttpHandler - 

Request DefaultHttpRequest(decodeResult: success, version: HTTP/1.1)
POST /session/74e73aad15a325ca44674264fbaf94dd/execute/sync HTTP/1.1
User-Agent: selenium/4.8.1 (java windows)
Content-Length: 176
Content-Type: application/json; charset=utf-8
host: localhost:7261
accept: */*

Response DefaultHttpResponse(decodeResult: success, version: HTTP/1.1)
HTTP/1.1 200 OK
Content-Length: 9212
Content-Type: application/json; charset=utf-8
cache-control: no-cache

18:24:31.606 [AsyncHttpClient-1-14] DEBUG org.asynchttpclient.netty.channel.ChannelManager - Adding key: http://localhost:7261 for channel [id: 0x9a3ce6e5, L:/127.0.0.1:52161 - R:localhost/127.0.0.1:7261]
18:24:31.607 [Forwarding getCurrentUrl on session 74e73aad15a325ca44674264fbaf94dd to remote] DEBUG org.asynchttpclient.netty.request.NettyRequestSender - Using pooled Channel '[id: 0x9a3ce6e5, L:/127.0.0.1:52161 - R:localhost/127.0.0.1:7261]' for 'GET' to 'http://localhost:7261/session/74e73aad15a325ca44674264fbaf94dd/url'
18:24:31.607 [Forwarding getCurrentUrl on session 74e73aad15a325ca44674264fbaf94dd to remote] DEBUG org.asynchttpclient.netty.request.NettyRequestSender - Using open Channel [id: 0x9a3ce6e5, L:/127.0.0.1:52161 - R:localhost/127.0.0.1:7261] for GET '/session/74e73aad15a325ca44674264fbaf94dd/url'
18:24:31.611 [AsyncHttpClient-1-14] DEBUG org.asynchttpclient.netty.handler.HttpHandler - 

Request DefaultFullHttpRequest(decodeResult: success, version: HTTP/1.1, content: EmptyByteBufBE)
GET /session/74e73aad15a325ca44674264fbaf94dd/url HTTP/1.1
User-Agent: selenium/4.8.1 (java windows)
Cache-Control: no-cache
Content-Type: application/json; charset=utf-8
host: localhost:7261
accept: */*

Response DefaultHttpResponse(decodeResult: success, version: HTTP/1.1)
HTTP/1.1 200 OK
Content-Length: 45
Content-Type: application/json; charset=utf-8
cache-control: no-cache

18:24:31.611 [AsyncHttpClient-1-14] DEBUG org.asynchttpclient.netty.channel.ChannelManager - Adding key: http://localhost:7261 for channel [id: 0x9a3ce6e5, L:/127.0.0.1:52161 - R:localhost/127.0.0.1:7261]
18:24:31.613 [main] DEBUG net.thucydides.core.steps.StepInterceptor - STARTING STEP: LoginSteps.checkWarningEmptyPassword - checkWarningEmptyPassword
18:24:31.615 [Forwarding findElement on session 74e73aad15a325ca44674264fbaf94dd to remote] DEBUG org.asynchttpclient.netty.request.NettyRequestSender - Using pooled Channel '[id: 0x9a3ce6e5, L:/127.0.0.1:52161 - R:localhost/127.0.0.1:7261]' for 'POST' to 'http://localhost:7261/session/74e73aad15a325ca44674264fbaf94dd/element'
18:24:31.615 [Forwarding findElement on session 74e73aad15a325ca44674264fbaf94dd to remote] DEBUG org.asynchttpclient.netty.request.NettyRequestSender - Using open Channel [id: 0x9a3ce6e5, L:/127.0.0.1:52161 - R:localhost/127.0.0.1:7261] for POST '/session/74e73aad15a325ca44674264fbaf94dd/element'
18:24:31.623 [AsyncHttpClient-1-14] DEBUG org.asynchttpclient.netty.handler.HttpHandler - 

Request DefaultHttpRequest(decodeResult: success, version: HTTP/1.1)
POST /session/74e73aad15a325ca44674264fbaf94dd/element HTTP/1.1
User-Agent: selenium/4.8.1 (java windows)
Content-Length: 51
Content-Type: application/json; charset=utf-8
host: localhost:7261
accept: */*

Response DefaultHttpResponse(decodeResult: success, version: HTTP/1.1)
HTTP/1.1 200 OK
Content-Length: 95
Content-Type: application/json; charset=utf-8
cache-control: no-cache

18:24:31.623 [AsyncHttpClient-1-14] DEBUG org.asynchttpclient.netty.channel.ChannelManager - Adding key: http://localhost:7261 for channel [id: 0x9a3ce6e5, L:/127.0.0.1:52161 - R:localhost/127.0.0.1:7261]
18:24:31.626 [Forwarding isElementDisplayed on session 74e73aad15a325ca44674264fbaf94dd to remote] DEBUG org.asynchttpclient.netty.request.NettyRequestSender - Using pooled Channel '[id: 0x9a3ce6e5, L:/127.0.0.1:52161 - R:localhost/127.0.0.1:7261]' for 'POST' to 'http://localhost:7261/session/74e73aad15a325ca44674264fbaf94dd/execute/sync'
18:24:31.626 [Forwarding isElementDisplayed on session 74e73aad15a325ca44674264fbaf94dd to remote] DEBUG org.asynchttpclient.netty.request.NettyRequestSender - Using open Channel [id: 0x9a3ce6e5, L:/127.0.0.1:52161 - R:localhost/127.0.0.1:7261] for POST '/session/74e73aad15a325ca44674264fbaf94dd/execute/sync'
18:24:31.635 [AsyncHttpClient-1-14] DEBUG org.asynchttpclient.netty.handler.HttpHandler - 

Request DefaultHttpRequest(decodeResult: success, version: HTTP/1.1)
POST /session/74e73aad15a325ca44674264fbaf94dd/execute/sync HTTP/1.1
User-Agent: selenium/4.8.1 (java windows)
Content-Length: 48814
Content-Type: application/json; charset=utf-8
host: localhost:7261
accept: */*

Response DefaultHttpResponse(decodeResult: success, version: HTTP/1.1)
HTTP/1.1 200 OK
Content-Length: 14
Content-Type: application/json; charset=utf-8
cache-control: no-cache

18:24:31.635 [AsyncHttpClient-1-14] DEBUG org.asynchttpclient.netty.channel.ChannelManager - Adding key: http://localhost:7261 for channel [id: 0x9a3ce6e5, L:/127.0.0.1:52161 - R:localhost/127.0.0.1:7261]
18:24:31.638 [Forwarding getAlertText on session 74e73aad15a325ca44674264fbaf94dd to remote] DEBUG org.asynchttpclient.netty.request.NettyRequestSender - Using pooled Channel '[id: 0x9a3ce6e5, L:/127.0.0.1:52161 - R:localhost/127.0.0.1:7261]' for 'GET' to 'http://localhost:7261/session/74e73aad15a325ca44674264fbaf94dd/alert/text'
18:24:31.638 [Forwarding getAlertText on session 74e73aad15a325ca44674264fbaf94dd to remote] DEBUG org.asynchttpclient.netty.request.NettyRequestSender - Using open Channel [id: 0x9a3ce6e5, L:/127.0.0.1:52161 - R:localhost/127.0.0.1:7261] for GET '/session/74e73aad15a325ca44674264fbaf94dd/alert/text'
18:24:31.639 [AsyncHttpClient-1-14] DEBUG org.asynchttpclient.netty.handler.HttpHandler - 

Request DefaultFullHttpRequest(decodeResult: success, version: HTTP/1.1, content: EmptyByteBufBE)
GET /session/74e73aad15a325ca44674264fbaf94dd/alert/text HTTP/1.1
User-Agent: selenium/4.8.1 (java windows)
Cache-Control: no-cache
Content-Type: application/json; charset=utf-8
host: localhost:7261
accept: */*

Response DefaultHttpResponse(decodeResult: success, version: HTTP/1.1)
HTTP/1.1 404 Not Found
Content-Length: 821
Content-Type: application/json; charset=utf-8
cache-control: no-cache

18:24:31.640 [AsyncHttpClient-1-14] DEBUG org.asynchttpclient.netty.channel.ChannelManager - Adding key: http://localhost:7261 for channel [id: 0x9a3ce6e5, L:/127.0.0.1:52161 - R:localhost/127.0.0.1:7261]
18:24:31.640 [Forwarding getCurrentUrl on session 74e73aad15a325ca44674264fbaf94dd to remote] DEBUG org.asynchttpclient.netty.request.NettyRequestSender - Using pooled Channel '[id: 0x9a3ce6e5, L:/127.0.0.1:52161 - R:localhost/127.0.0.1:7261]' for 'GET' to 'http://localhost:7261/session/74e73aad15a325ca44674264fbaf94dd/url'
18:24:31.640 [Forwarding getCurrentUrl on session 74e73aad15a325ca44674264fbaf94dd to remote] DEBUG org.asynchttpclient.netty.request.NettyRequestSender - Using open Channel [id: 0x9a3ce6e5, L:/127.0.0.1:52161 - R:localhost/127.0.0.1:7261] for GET '/session/74e73aad15a325ca44674264fbaf94dd/url'
18:24:31.644 [AsyncHttpClient-1-14] DEBUG org.asynchttpclient.netty.handler.HttpHandler - 

Request DefaultFullHttpRequest(decodeResult: success, version: HTTP/1.1, content: EmptyByteBufBE)
GET /session/74e73aad15a325ca44674264fbaf94dd/url HTTP/1.1
User-Agent: selenium/4.8.1 (java windows)
Cache-Control: no-cache
Content-Type: application/json; charset=utf-8
host: localhost:7261
accept: */*

Response DefaultHttpResponse(decodeResult: success, version: HTTP/1.1)
HTTP/1.1 200 OK
Content-Length: 45
Content-Type: application/json; charset=utf-8
cache-control: no-cache

18:24:31.644 [AsyncHttpClient-1-14] DEBUG org.asynchttpclient.netty.channel.ChannelManager - Adding key: http://localhost:7261 for channel [id: 0x9a3ce6e5, L:/127.0.0.1:52161 - R:localhost/127.0.0.1:7261]
18:24:31.646 [Forwarding screenshot on session 74e73aad15a325ca44674264fbaf94dd to remote] DEBUG org.asynchttpclient.netty.request.NettyRequestSender - Using pooled Channel '[id: 0x9a3ce6e5, L:/127.0.0.1:52161 - R:localhost/127.0.0.1:7261]' for 'GET' to 'http://localhost:7261/session/74e73aad15a325ca44674264fbaf94dd/screenshot'
18:24:31.646 [Forwarding screenshot on session 74e73aad15a325ca44674264fbaf94dd to remote] DEBUG org.asynchttpclient.netty.request.NettyRequestSender - Using open Channel [id: 0x9a3ce6e5, L:/127.0.0.1:52161 - R:localhost/127.0.0.1:7261] for GET '/session/74e73aad15a325ca44674264fbaf94dd/screenshot'
18:24:31.749 [AsyncHttpClient-1-14] DEBUG org.asynchttpclient.netty.handler.HttpHandler - 

Request DefaultFullHttpRequest(decodeResult: success, version: HTTP/1.1, content: EmptyByteBufBE)
GET /session/74e73aad15a325ca44674264fbaf94dd/screenshot HTTP/1.1
User-Agent: selenium/4.8.1 (java windows)
Cache-Control: no-cache
Content-Type: application/json; charset=utf-8
host: localhost:7261
accept: */*

Response DefaultHttpResponse(decodeResult: success, version: HTTP/1.1)
HTTP/1.1 200 OK
Content-Length: 41292
Content-Type: application/json; charset=utf-8
cache-control: no-cache

18:24:31.749 [AsyncHttpClient-1-14] DEBUG org.asynchttpclient.netty.channel.ChannelManager - Adding key: http://localhost:7261 for channel [id: 0x9a3ce6e5, L:/127.0.0.1:52161 - R:localhost/127.0.0.1:7261]
18:24:31.751 [main] DEBUG net.serenitybdd.core.photography.Darkroom - Send negative for processing for target\site\serenity\e357e19694d9da1e3bf6b9340443a6d6b43d1cdcb054897d1ecf85a9e2e354ab.png
18:24:31.751 [main] DEBUG net.thucydides.core.steps.StepInterceptor - STEP DONE: checkWarningEmptyPassword
18:24:31.751 [Darkroom Processing Line] DEBUG net.serenitybdd.core.photography.DarkroomProcessingLine - Processing screenshot image in /var/screenshots/screenshot-5237379088245087155
  &amp#27;[32mThen &amp#27;[0m&amp#27;[32mI should see empty warning password&amp#27;[0m  &amp#27;[90m# starter.stepdefinitions.LoginSteps.checkWarningEmptyPassword()&amp#27;[0m
18:24:31.751 [Darkroom Processing Line] DEBUG net.serenitybdd.core.photography.DarkroomProcessingLine - Saving screenshot to target\site\serenity\e357e19694d9da1e3bf6b9340443a6d6b43d1cdcb054897d1ecf85a9e2e354ab.png
18:24:31.757 [main] INFO  - 
  _____   ___   ___   _____     ___     _     ___   ___   ___   ___  
 |_   _| | __| / __| |_   _|   | _ \   /_\   / __| / __| | __| |   \ 
   | |   | _|  \__ \   | |     |  _/  / _ \  \__ \ \__ \ | _|  | |) |
   |_|   |___| |___/   |_|     |_|   /_/ \_\ |___/ |___/ |___| |___/ 

Admin login without fill password
----------------------------------------------------------------------
18:24:31.759 [AsyncHttpClient-1-16] DEBUG org.asynchttpclient.netty.handler.WebSocketHandler - Channel Closed: [id: 0xa1b986be, L:/127.0.0.1:52171 ! R:localhost/127.0.0.1:52163] with attribute NettyResponseFuture{currentRetry=0,
	isDone=1,
	isCancelled=0,
	asyncHandler=org.asynchttpclient.ws.WebSocketUpgradeHandler@37cc46aa,
	nettyRequest=org.asynchttpclient.netty.request.NettyRequest@72cece37,
	future=java.util.concurrent.CompletableFuture@6e886749[Completed normally],
	uri=ws://localhost:52163/devtools/browser/5cf7f025-e0eb-49ae-8552-085748b061eb,
	keepAlive=true,
	redirectCount=0,
	timeoutsHolder=null,
	inAuth=0,
	touch=1687346669702}
18:24:31.759 [AsyncHttpClient-1-16] DEBUG org.asynchttpclient.netty.channel.ChannelManager - Closing Channel [id: 0xa1b986be, L:/127.0.0.1:52171 ! R:localhost/127.0.0.1:52163] 
18:24:31.759 [Driver Command Executor] DEBUG org.asynchttpclient.netty.request.NettyRequestSender - Using pooled Channel '[id: 0x9a3ce6e5, L:/127.0.0.1:52161 - R:localhost/127.0.0.1:7261]' for 'DELETE' to 'http://localhost:7261/session/74e73aad15a325ca44674264fbaf94dd'
18:24:31.759 [Driver Command Executor] DEBUG org.asynchttpclient.netty.request.NettyRequestSender - Using open Channel [id: 0x9a3ce6e5, L:/127.0.0.1:52161 - R:localhost/127.0.0.1:7261] for DELETE '/session/74e73aad15a325ca44674264fbaf94dd'
18:24:31.798 [AsyncHttpClient-1-15] DEBUG org.asynchttpclient.netty.handler.HttpHandler - Unexpected I/O exception on channel [id: 0x63d494b4, L:/127.0.0.1:52170 - R:localhost/127.0.0.1:52163]
java.net.SocketException: Connection reset
	at java.base/sun.nio.ch.SocketChannelImpl.throwConnectionReset(SocketChannelImpl.java:367)
	at java.base/sun.nio.ch.SocketChannelImpl.read(SocketChannelImpl.java:398)
	at io.netty.buffer.PooledByteBuf.setBytes(PooledByteBuf.java:259)
	at io.netty.buffer.AbstractByteBuf.writeBytes(AbstractByteBuf.java:1132)
	at io.netty.channel.socket.nio.NioSocketChannel.doReadBytes(NioSocketChannel.java:357)
	at io.netty.channel.nio.AbstractNioByteChannel$NioByteUnsafe.read(AbstractNioByteChannel.java:151)
	at io.netty.channel.nio.NioEventLoop.processSelectedKey(NioEventLoop.java:788)
	at io.netty.channel.nio.NioEventLoop.processSelectedKeysOptimized(NioEventLoop.java:724)
	at io.netty.channel.nio.NioEventLoop.processSelectedKeys(NioEventLoop.java:650)
	at io.netty.channel.nio.NioEventLoop.run(NioEventLoop.java:562)
	at io.netty.util.concurrent.SingleThreadEventExecutor$4.run(SingleThreadEventExecutor.java:997)
	at io.netty.util.internal.ThreadExecutorMap$2.run(ThreadExecutorMap.java:74)
	at io.netty.util.concurrent.FastThreadLocalRunnable.run(FastThreadLocalRunnable.java:30)
	at java.base/java.lang.Thread.run(Thread.java:832)
18:24:31.798 [AsyncHttpClient-1-15] DEBUG org.asynchttpclient.netty.channel.ChannelManager - Closing Channel [id: 0x63d494b4, L:/127.0.0.1:52170 - R:localhost/127.0.0.1:52163] 
18:24:31.798 [AsyncHttpClient-1-15] DEBUG org.asynchttpclient.netty.handler.HttpHandler - Channel Closed: [id: 0x63d494b4, L:/127.0.0.1:52170 ! R:localhost/127.0.0.1:52163] with attribute DISCARD
18:24:31.810 [AsyncHttpClient-1-14] DEBUG org.asynchttpclient.netty.handler.HttpHandler - 

Request DefaultFullHttpRequest(decodeResult: success, version: HTTP/1.1, content: EmptyByteBufBE)
DELETE /session/74e73aad15a325ca44674264fbaf94dd HTTP/1.1
User-Agent: selenium/4.8.1 (java windows)
Content-Type: application/json; charset=utf-8
host: localhost:7261
accept: */*

Response DefaultHttpResponse(decodeResult: success, version: HTTP/1.1)
HTTP/1.1 200 OK
Content-Length: 14
Content-Type: application/json; charset=utf-8
cache-control: no-cache

18:24:31.810 [AsyncHttpClient-1-14] DEBUG org.asynchttpclient.netty.channel.ChannelManager - Adding key: http://localhost:7261 for channel [id: 0x9a3ce6e5, L:/127.0.0.1:52161 - R:localhost/127.0.0.1:7261]
18:24:31.854 [AsyncHttpClient-1-14] DEBUG org.asynchttpclient.netty.handler.HttpHandler - Channel Closed: [id: 0x9a3ce6e5, L:/127.0.0.1:52161 ! R:localhost/127.0.0.1:7261] with attribute DISCARD
18:24:32.110 [AsyncHttpClient-1-1] DEBUG org.asynchttpclient.netty.channel.DefaultChannelPool - Entry count for : http://localhost:7261 : 1
18:24:32.110 [AsyncHttpClient-1-1] DEBUG org.asynchttpclient.netty.channel.DefaultChannelPool - Entry count for : http://localhost:52163 : 1
18:24:32.110 [AsyncHttpClient-1-1] DEBUG org.asynchttpclient.netty.channel.DefaultChannelPool - Adding Candidate expired Channel [id: 0x9a3ce6e5, L:/127.0.0.1:52161 ! R:localhost/127.0.0.1:7261] isIdleTimeoutExpired=false isRemotelyClosed=true isTtlExpired=false
18:24:32.110 [AsyncHttpClient-1-1] DEBUG org.asynchttpclient.netty.channel.DefaultChannelPool - Closing Idle Channel [id: 0x9a3ce6e5, L:/127.0.0.1:52161 ! R:localhost/127.0.0.1:7261]
18:24:32.110 [AsyncHttpClient-1-1] DEBUG org.asynchttpclient.netty.channel.DefaultChannelPool - Adding Candidate expired Channel [id: 0x63d494b4, L:/127.0.0.1:52170 ! R:localhost/127.0.0.1:52163] isIdleTimeoutExpired=false isRemotelyClosed=true isTtlExpired=false
18:24:32.110 [AsyncHttpClient-1-1] DEBUG org.asynchttpclient.netty.channel.DefaultChannelPool - Closing Idle Channel [id: 0x63d494b4, L:/127.0.0.1:52170 ! R:localhost/127.0.0.1:52163]
18:24:32.110 [AsyncHttpClient-1-1] DEBUG org.asynchttpclient.netty.channel.DefaultChannelPool - Closed 2 connections out of 2 in 0 ms
]]></system-out>
    <system-err><![CDATA[Starting ChromeDriver 114.0.5735.16 (7e1ff058633f5b79b1cd7479aca585ba385519d8-refs/branch-heads/5735@{#182}) on port 7261
Only local connections are allowed.
Please see https://chromedriver.chromium.org/security-considerations for suggestions on keeping ChromeDriver safe.
ChromeDriver was started successfully.
Jun 21, 2023 6:24:29 PM org.openqa.selenium.devtools.CdpVersionFinder findNearestMatch
WARNING: Unable to find an exact match for CDP version 114, so returning the closest version found: 110
]]></system-err>
  </testcase>
  <testcase name="Admin login without fill email" classname="Login to Sociops Admin Account" time="3.392">
    <system-out><![CDATA[
Scenario: Admin login without fill email &amp#27;[90m# src/test/resources/features/Login.feature:42&amp#27;[0m
18:24:32.393 [main] DEBUG io.cucumber.core.plugin.SerenityReporter - Running feature from file:///C:/Users/WINDOWS%2010/Documents/GitHub/Capstone/sociops_qe_web/src/test/resources/features/Login.feature
18:24:32.394 [main] INFO  - 
  _____   ___   ___   _____     ___   _____     _     ___   _____   ___   ___  
 |_   _| | __| / __| |_   _|   / __| |_   _|   /_\   | _ \ |_   _| | __| |   \ 
   | |   | _|  \__ \   | |     \__ \   | |    / _ \  |   /   | |   | _|  | |) |
   |_|   |___| |___/   |_|     |___/   |_|   /_/ \_\ |_|_\   |_|   |___| |___/ 

Admin login without fill email(login-to-sociops-admin-account;admin-login-without-fill-email)
--------------------------------------------------------------------------------
18:24:32.405 [main] DEBUG net.thucydides.core.steps.StepInterceptor - STARTING STEP: LoginSteps.onTheLoginPage - openPage
18:24:32.432 [main] INFO net.serenitybdd.core.webdriver.driverproviders.ChromeDriverProvider - Starting Chrome driver instance with capabilities:
18:24:32.433 [main] INFO net.serenitybdd.core.webdriver.driverproviders.ChromeDriverProvider - Capabilities {acceptInsecureCerts: false, browserName: chrome, goog:chromeOptions: {args: [remote-allow-origins=*], extensions: []}}
18:24:32.503 [AsyncHttpClient-1-17] DEBUG org.asynchttpclient.netty.channel.NettyConnectListener - Using new Channel '[id: 0x029edc76, L:/127.0.0.1:52187 - R:localhost/127.0.0.1:35389]' for 'POST' to '/session'
18:24:33.103 [AsyncHttpClient-1-17] DEBUG org.asynchttpclient.netty.handler.HttpHandler - 

Request DefaultHttpRequest(decodeResult: success, version: HTTP/1.1)
POST /session HTTP/1.1
User-Agent: selenium/4.8.1 (java windows)
Content-Length: 507
Content-Type: application/json; charset=utf-8
host: localhost:35389
accept: */*

Response DefaultHttpResponse(decodeResult: success, version: HTTP/1.1)
HTTP/1.1 200 OK
Content-Length: 863
Content-Type: application/json; charset=utf-8
cache-control: no-cache

18:24:33.104 [AsyncHttpClient-1-17] DEBUG org.asynchttpclient.netty.channel.ChannelManager - Adding key: http://localhost:35389 for channel [id: 0x029edc76, L:/127.0.0.1:52187 - R:localhost/127.0.0.1:35389]
18:24:33.108 [AsyncHttpClient-1-18] DEBUG org.asynchttpclient.netty.channel.NettyConnectListener - Using new Channel '[id: 0x6d6dabdb, L:/127.0.0.1:52194 - R:localhost/127.0.0.1:52188]' for 'GET' to '/json/version'
18:24:33.109 [AsyncHttpClient-1-18] DEBUG org.asynchttpclient.netty.handler.HttpHandler - 

Request DefaultFullHttpRequest(decodeResult: success, version: HTTP/1.1, content: EmptyByteBufBE)
GET /json/version HTTP/1.1
User-Agent: selenium/4.8.1 (java windows)
host: localhost:52188
accept: */*

Response DefaultHttpResponse(decodeResult: success, version: HTTP/1.1)
HTTP/1.1 200 OK
Content-Security-Policy: frame-ancestors 'none'
Content-Length: 424
Content-Type: application/json; charset=UTF-8

18:24:33.109 [AsyncHttpClient-1-18] DEBUG org.asynchttpclient.netty.channel.ChannelManager - Adding key: http://localhost:52188 for channel [id: 0x6d6dabdb, L:/127.0.0.1:52194 - R:localhost/127.0.0.1:52188]
18:24:33.111 [AsyncHttpClient-1-19] DEBUG org.asynchttpclient.netty.channel.NettyConnectListener - Using new Channel '[id: 0x12c1fa9d, L:/127.0.0.1:52195 - R:localhost/127.0.0.1:52188]' for 'GET' to '/devtools/browser/2c016f0d-e2c8-49f4-b54a-8617aa84b53e'
18:24:33.114 [AsyncHttpClient-1-19] DEBUG org.asynchttpclient.netty.handler.WebSocketHandler - 

Request DefaultFullHttpRequest(decodeResult: success, version: HTTP/1.1, content: EmptyByteBufBE)
GET /devtools/browser/2c016f0d-e2c8-49f4-b54a-8617aa84b53e HTTP/1.1
upgrade: websocket
connection: upgrade
sec-websocket-key: kFglKQYShdbepDOQuph6cA==
sec-websocket-version: 13
origin: http://localhost:52188
host: localhost:52188
accept: */*
user-agent: AHC/2.1

Response DefaultHttpResponse(decodeResult: success, version: HTTP/1.1)
HTTP/1.1 101 WebSocket Protocol Handshake
Upgrade: WebSocket
Connection: Upgrade
Sec-WebSocket-Accept: 4GB6a74xrGcV+uaj3wT3VC+sXBg=

18:24:33.117 [Forwarding get on session 13e38b35c9b210637af41c90e2922ce6 to remote] DEBUG org.asynchttpclient.netty.request.NettyRequestSender - Using pooled Channel '[id: 0x029edc76, L:/127.0.0.1:52187 - R:localhost/127.0.0.1:35389]' for 'POST' to 'http://localhost:35389/session/13e38b35c9b210637af41c90e2922ce6/url'
18:24:33.117 [Forwarding get on session 13e38b35c9b210637af41c90e2922ce6 to remote] DEBUG org.asynchttpclient.netty.request.NettyRequestSender - Using open Channel [id: 0x029edc76, L:/127.0.0.1:52187 - R:localhost/127.0.0.1:35389] for POST '/session/13e38b35c9b210637af41c90e2922ce6/url'
18:24:33.202 [AsyncHttpClient-1-1] DEBUG org.asynchttpclient.netty.channel.DefaultChannelPool - Entry count for : http://localhost:52188 : 1
18:24:34.131 [AsyncHttpClient-1-17] DEBUG org.asynchttpclient.netty.handler.HttpHandler - 

Request DefaultHttpRequest(decodeResult: success, version: HTTP/1.1)
POST /session/13e38b35c9b210637af41c90e2922ce6/url HTTP/1.1
User-Agent: selenium/4.8.1 (java windows)
Content-Length: 63
Content-Type: application/json; charset=utf-8
host: localhost:35389
accept: */*

Response DefaultHttpResponse(decodeResult: success, version: HTTP/1.1)
HTTP/1.1 200 OK
Content-Length: 14
Content-Type: application/json; charset=utf-8
cache-control: no-cache

18:24:34.131 [AsyncHttpClient-1-17] DEBUG org.asynchttpclient.netty.channel.ChannelManager - Adding key: http://localhost:35389 for channel [id: 0x029edc76, L:/127.0.0.1:52187 - R:localhost/127.0.0.1:35389]
18:24:34.132 [Forwarding setTimeout on session 13e38b35c9b210637af41c90e2922ce6 to remote] DEBUG org.asynchttpclient.netty.request.NettyRequestSender - Using pooled Channel '[id: 0x029edc76, L:/127.0.0.1:52187 - R:localhost/127.0.0.1:35389]' for 'POST' to 'http://localhost:35389/session/13e38b35c9b210637af41c90e2922ce6/timeouts'
18:24:34.132 [Forwarding setTimeout on session 13e38b35c9b210637af41c90e2922ce6 to remote] DEBUG org.asynchttpclient.netty.request.NettyRequestSender - Using open Channel [id: 0x029edc76, L:/127.0.0.1:52187 - R:localhost/127.0.0.1:35389] for POST '/session/13e38b35c9b210637af41c90e2922ce6/timeouts'
18:24:34.133 [AsyncHttpClient-1-17] DEBUG org.asynchttpclient.netty.handler.HttpHandler - 

Request DefaultHttpRequest(decodeResult: success, version: HTTP/1.1)
POST /session/13e38b35c9b210637af41c90e2922ce6/timeouts HTTP/1.1
User-Agent: selenium/4.8.1 (java windows)
Content-Length: 22
Content-Type: application/json; charset=utf-8
host: localhost:35389
accept: */*

Response DefaultHttpResponse(decodeResult: success, version: HTTP/1.1)
HTTP/1.1 200 OK
Content-Length: 14
Content-Type: application/json; charset=utf-8
cache-control: no-cache

18:24:34.133 [AsyncHttpClient-1-17] DEBUG org.asynchttpclient.netty.channel.ChannelManager - Adding key: http://localhost:35389 for channel [id: 0x029edc76, L:/127.0.0.1:52187 - R:localhost/127.0.0.1:35389]
18:24:34.137 [Forwarding getAlertText on session 13e38b35c9b210637af41c90e2922ce6 to remote] DEBUG org.asynchttpclient.netty.request.NettyRequestSender - Using pooled Channel '[id: 0x029edc76, L:/127.0.0.1:52187 - R:localhost/127.0.0.1:35389]' for 'GET' to 'http://localhost:35389/session/13e38b35c9b210637af41c90e2922ce6/alert/text'
18:24:34.137 [Forwarding getAlertText on session 13e38b35c9b210637af41c90e2922ce6 to remote] DEBUG org.asynchttpclient.netty.request.NettyRequestSender - Using open Channel [id: 0x029edc76, L:/127.0.0.1:52187 - R:localhost/127.0.0.1:35389] for GET '/session/13e38b35c9b210637af41c90e2922ce6/alert/text'
18:24:34.138 [AsyncHttpClient-1-17] DEBUG org.asynchttpclient.netty.handler.HttpHandler - 

Request DefaultFullHttpRequest(decodeResult: success, version: HTTP/1.1, content: EmptyByteBufBE)
GET /session/13e38b35c9b210637af41c90e2922ce6/alert/text HTTP/1.1
User-Agent: selenium/4.8.1 (java windows)
Cache-Control: no-cache
Content-Type: application/json; charset=utf-8
host: localhost:35389
accept: */*

Response DefaultHttpResponse(decodeResult: success, version: HTTP/1.1)
HTTP/1.1 404 Not Found
Content-Length: 821
Content-Type: application/json; charset=utf-8
cache-control: no-cache

18:24:34.139 [AsyncHttpClient-1-17] DEBUG org.asynchttpclient.netty.channel.ChannelManager - Adding key: http://localhost:35389 for channel [id: 0x029edc76, L:/127.0.0.1:52187 - R:localhost/127.0.0.1:35389]
18:24:34.140 [Forwarding getCurrentUrl on session 13e38b35c9b210637af41c90e2922ce6 to remote] DEBUG org.asynchttpclient.netty.request.NettyRequestSender - Using pooled Channel '[id: 0x029edc76, L:/127.0.0.1:52187 - R:localhost/127.0.0.1:35389]' for 'GET' to 'http://localhost:35389/session/13e38b35c9b210637af41c90e2922ce6/url'
18:24:34.140 [Forwarding getCurrentUrl on session 13e38b35c9b210637af41c90e2922ce6 to remote] DEBUG org.asynchttpclient.netty.request.NettyRequestSender - Using open Channel [id: 0x029edc76, L:/127.0.0.1:52187 - R:localhost/127.0.0.1:35389] for GET '/session/13e38b35c9b210637af41c90e2922ce6/url'
18:24:34.144 [AsyncHttpClient-1-17] DEBUG org.asynchttpclient.netty.handler.HttpHandler - 

Request DefaultFullHttpRequest(decodeResult: success, version: HTTP/1.1, content: EmptyByteBufBE)
GET /session/13e38b35c9b210637af41c90e2922ce6/url HTTP/1.1
User-Agent: selenium/4.8.1 (java windows)
Cache-Control: no-cache
Content-Type: application/json; charset=utf-8
host: localhost:35389
accept: */*

Response DefaultHttpResponse(decodeResult: success, version: HTTP/1.1)
HTTP/1.1 200 OK
Content-Length: 45
Content-Type: application/json; charset=utf-8
cache-control: no-cache

18:24:34.146 [AsyncHttpClient-1-17] DEBUG org.asynchttpclient.netty.channel.ChannelManager - Adding key: http://localhost:35389 for channel [id: 0x029edc76, L:/127.0.0.1:52187 - R:localhost/127.0.0.1:35389]
18:24:34.146 [Forwarding screenshot on session 13e38b35c9b210637af41c90e2922ce6 to remote] DEBUG org.asynchttpclient.netty.request.NettyRequestSender - Using pooled Channel '[id: 0x029edc76, L:/127.0.0.1:52187 - R:localhost/127.0.0.1:35389]' for 'GET' to 'http://localhost:35389/session/13e38b35c9b210637af41c90e2922ce6/screenshot'
18:24:34.146 [Forwarding screenshot on session 13e38b35c9b210637af41c90e2922ce6 to remote] DEBUG org.asynchttpclient.netty.request.NettyRequestSender - Using open Channel [id: 0x029edc76, L:/127.0.0.1:52187 - R:localhost/127.0.0.1:35389] for GET '/session/13e38b35c9b210637af41c90e2922ce6/screenshot'
18:24:34.305 [AsyncHttpClient-1-1] DEBUG org.asynchttpclient.netty.channel.DefaultChannelPool - Entry count for : http://localhost:52188 : 1
18:24:34.310 [AsyncHttpClient-1-17] DEBUG org.asynchttpclient.netty.handler.HttpHandler - 

Request DefaultFullHttpRequest(decodeResult: success, version: HTTP/1.1, content: EmptyByteBufBE)
GET /session/13e38b35c9b210637af41c90e2922ce6/screenshot HTTP/1.1
User-Agent: selenium/4.8.1 (java windows)
Cache-Control: no-cache
Content-Type: application/json; charset=utf-8
host: localhost:35389
accept: */*

Response DefaultHttpResponse(decodeResult: success, version: HTTP/1.1)
HTTP/1.1 200 OK
Content-Length: 35188
Content-Type: application/json; charset=utf-8
cache-control: no-cache

18:24:34.310 [AsyncHttpClient-1-17] DEBUG org.asynchttpclient.netty.channel.ChannelManager - Adding key: http://localhost:35389 for channel [id: 0x029edc76, L:/127.0.0.1:52187 - R:localhost/127.0.0.1:35389]
18:24:34.311 [main] DEBUG net.serenitybdd.core.photography.Darkroom - Send negative for processing for target\site\serenity\e1a043f79cde61fd83c796824eb14028e2e774bcf48939784252612fe1cf5b50.png
18:24:34.312 [main] DEBUG net.thucydides.core.steps.StepInterceptor - STEP DONE: openPage
  &amp#27;[32mGiven &amp#27;[0m&amp#27;[32mI am on the sociops login page&amp#27;[0m   &amp#27;[90m# starter.stepdefinitions.LoginSteps.onTheLoginPage()&amp#27;[0m
18:24:34.317 [Forwarding getPageSource on session 13e38b35c9b210637af41c90e2922ce6 to remote] DEBUG org.asynchttpclient.netty.request.NettyRequestSender - Using pooled Channel '[id: 0x029edc76, L:/127.0.0.1:52187 - R:localhost/127.0.0.1:35389]' for 'POST' to 'http://localhost:35389/session/13e38b35c9b210637af41c90e2922ce6/execute/sync'
18:24:34.317 [Forwarding getPageSource on session 13e38b35c9b210637af41c90e2922ce6 to remote] DEBUG org.asynchttpclient.netty.request.NettyRequestSender - Using open Channel [id: 0x029edc76, L:/127.0.0.1:52187 - R:localhost/127.0.0.1:35389] for POST '/session/13e38b35c9b210637af41c90e2922ce6/execute/sync'
18:24:34.322 [AsyncHttpClient-1-17] DEBUG org.asynchttpclient.netty.handler.HttpHandler - 

Request DefaultHttpRequest(decodeResult: success, version: HTTP/1.1)
POST /session/13e38b35c9b210637af41c90e2922ce6/execute/sync HTTP/1.1
User-Agent: selenium/4.8.1 (java windows)
Content-Length: 176
Content-Type: application/json; charset=utf-8
host: localhost:35389
accept: */*

Response DefaultHttpResponse(decodeResult: success, version: HTTP/1.1)
HTTP/1.1 200 OK
Content-Length: 9114
Content-Type: application/json; charset=utf-8
cache-control: no-cache

18:24:34.322 [AsyncHttpClient-1-17] DEBUG org.asynchttpclient.netty.channel.ChannelManager - Adding key: http://localhost:35389 for channel [id: 0x029edc76, L:/127.0.0.1:52187 - R:localhost/127.0.0.1:35389]
18:24:34.323 [Forwarding getCurrentUrl on session 13e38b35c9b210637af41c90e2922ce6 to remote] DEBUG org.asynchttpclient.netty.request.NettyRequestSender - Using pooled Channel '[id: 0x029edc76, L:/127.0.0.1:52187 - R:localhost/127.0.0.1:35389]' for 'GET' to 'http://localhost:35389/session/13e38b35c9b210637af41c90e2922ce6/url'
18:24:34.324 [Forwarding getCurrentUrl on session 13e38b35c9b210637af41c90e2922ce6 to remote] DEBUG org.asynchttpclient.netty.request.NettyRequestSender - Using open Channel [id: 0x029edc76, L:/127.0.0.1:52187 - R:localhost/127.0.0.1:35389] for GET '/session/13e38b35c9b210637af41c90e2922ce6/url'
18:24:34.327 [AsyncHttpClient-1-17] DEBUG org.asynchttpclient.netty.handler.HttpHandler - 

Request DefaultFullHttpRequest(decodeResult: success, version: HTTP/1.1, content: EmptyByteBufBE)
GET /session/13e38b35c9b210637af41c90e2922ce6/url HTTP/1.1
User-Agent: selenium/4.8.1 (java windows)
Cache-Control: no-cache
Content-Type: application/json; charset=utf-8
host: localhost:35389
accept: */*

Response DefaultHttpResponse(decodeResult: success, version: HTTP/1.1)
HTTP/1.1 200 OK
Content-Length: 45
Content-Type: application/json; charset=utf-8
cache-control: no-cache

18:24:34.327 [AsyncHttpClient-1-17] DEBUG org.asynchttpclient.netty.channel.ChannelManager - Adding key: http://localhost:35389 for channel [id: 0x029edc76, L:/127.0.0.1:52187 - R:localhost/127.0.0.1:35389]
18:24:34.333 [Forwarding getPageSource on session 13e38b35c9b210637af41c90e2922ce6 to remote] DEBUG org.asynchttpclient.netty.request.NettyRequestSender - Using pooled Channel '[id: 0x029edc76, L:/127.0.0.1:52187 - R:localhost/127.0.0.1:35389]' for 'POST' to 'http://localhost:35389/session/13e38b35c9b210637af41c90e2922ce6/execute/sync'
18:24:34.333 [Forwarding getPageSource on session 13e38b35c9b210637af41c90e2922ce6 to remote] DEBUG org.asynchttpclient.netty.request.NettyRequestSender - Using open Channel [id: 0x029edc76, L:/127.0.0.1:52187 - R:localhost/127.0.0.1:35389] for POST '/session/13e38b35c9b210637af41c90e2922ce6/execute/sync'
18:24:34.337 [AsyncHttpClient-1-17] DEBUG org.asynchttpclient.netty.handler.HttpHandler - 

Request DefaultHttpRequest(decodeResult: success, version: HTTP/1.1)
POST /session/13e38b35c9b210637af41c90e2922ce6/execute/sync HTTP/1.1
User-Agent: selenium/4.8.1 (java windows)
Content-Length: 176
Content-Type: application/json; charset=utf-8
host: localhost:35389
accept: */*

Response DefaultHttpResponse(decodeResult: success, version: HTTP/1.1)
HTTP/1.1 200 OK
Content-Length: 9114
Content-Type: application/json; charset=utf-8
cache-control: no-cache

18:24:34.337 [AsyncHttpClient-1-17] DEBUG org.asynchttpclient.netty.channel.ChannelManager - Adding key: http://localhost:35389 for channel [id: 0x029edc76, L:/127.0.0.1:52187 - R:localhost/127.0.0.1:35389]
18:24:34.338 [Forwarding getCurrentUrl on session 13e38b35c9b210637af41c90e2922ce6 to remote] DEBUG org.asynchttpclient.netty.request.NettyRequestSender - Using pooled Channel '[id: 0x029edc76, L:/127.0.0.1:52187 - R:localhost/127.0.0.1:35389]' for 'GET' to 'http://localhost:35389/session/13e38b35c9b210637af41c90e2922ce6/url'
18:24:34.338 [Forwarding getCurrentUrl on session 13e38b35c9b210637af41c90e2922ce6 to remote] DEBUG org.asynchttpclient.netty.request.NettyRequestSender - Using open Channel [id: 0x029edc76, L:/127.0.0.1:52187 - R:localhost/127.0.0.1:35389] for GET '/session/13e38b35c9b210637af41c90e2922ce6/url'
18:24:34.342 [AsyncHttpClient-1-17] DEBUG org.asynchttpclient.netty.handler.HttpHandler - 

Request DefaultFullHttpRequest(decodeResult: success, version: HTTP/1.1, content: EmptyByteBufBE)
GET /session/13e38b35c9b210637af41c90e2922ce6/url HTTP/1.1
User-Agent: selenium/4.8.1 (java windows)
Cache-Control: no-cache
Content-Type: application/json; charset=utf-8
host: localhost:35389
accept: */*

Response DefaultHttpResponse(decodeResult: success, version: HTTP/1.1)
HTTP/1.1 200 OK
Content-Length: 45
Content-Type: application/json; charset=utf-8
cache-control: no-cache

18:24:34.342 [AsyncHttpClient-1-17] DEBUG org.asynchttpclient.netty.channel.ChannelManager - Adding key: http://localhost:35389 for channel [id: 0x029edc76, L:/127.0.0.1:52187 - R:localhost/127.0.0.1:35389]
18:24:34.343 [main] DEBUG net.thucydides.core.steps.StepInterceptor - STARTING STEP: LoginSteps.inputNothingEmail - inputEmail
18:24:34.345 [Forwarding findElement on session 13e38b35c9b210637af41c90e2922ce6 to remote] DEBUG org.asynchttpclient.netty.request.NettyRequestSender - Using pooled Channel '[id: 0x029edc76, L:/127.0.0.1:52187 - R:localhost/127.0.0.1:35389]' for 'POST' to 'http://localhost:35389/session/13e38b35c9b210637af41c90e2922ce6/element'
18:24:34.345 [Forwarding findElement on session 13e38b35c9b210637af41c90e2922ce6 to remote] DEBUG org.asynchttpclient.netty.request.NettyRequestSender - Using open Channel [id: 0x029edc76, L:/127.0.0.1:52187 - R:localhost/127.0.0.1:35389] for POST '/session/13e38b35c9b210637af41c90e2922ce6/element'
18:24:34.354 [AsyncHttpClient-1-17] DEBUG org.asynchttpclient.netty.handler.HttpHandler - 

Request DefaultHttpRequest(decodeResult: success, version: HTTP/1.1)
POST /session/13e38b35c9b210637af41c90e2922ce6/element HTTP/1.1
User-Agent: selenium/4.8.1 (java windows)
Content-Length: 59
Content-Type: application/json; charset=utf-8
host: localhost:35389
accept: */*

Response DefaultHttpResponse(decodeResult: success, version: HTTP/1.1)
HTTP/1.1 200 OK
Content-Length: 94
Content-Type: application/json; charset=utf-8
cache-control: no-cache

18:24:34.354 [AsyncHttpClient-1-17] DEBUG org.asynchttpclient.netty.channel.ChannelManager - Adding key: http://localhost:35389 for channel [id: 0x029edc76, L:/127.0.0.1:52187 - R:localhost/127.0.0.1:35389]
18:24:34.355 [Forwarding clearElement on session 13e38b35c9b210637af41c90e2922ce6 to remote] DEBUG org.asynchttpclient.netty.request.NettyRequestSender - Using pooled Channel '[id: 0x029edc76, L:/127.0.0.1:52187 - R:localhost/127.0.0.1:35389]' for 'POST' to 'http://localhost:35389/session/13e38b35c9b210637af41c90e2922ce6/element/000D9AF0B8F4877BC8059EEC976BD988_element_7/clear'
18:24:34.355 [Forwarding clearElement on session 13e38b35c9b210637af41c90e2922ce6 to remote] DEBUG org.asynchttpclient.netty.request.NettyRequestSender - Using open Channel [id: 0x029edc76, L:/127.0.0.1:52187 - R:localhost/127.0.0.1:35389] for POST '/session/13e38b35c9b210637af41c90e2922ce6/element/000D9AF0B8F4877BC8059EEC976BD988_element_7/clear'
18:24:34.385 [AsyncHttpClient-1-17] DEBUG org.asynchttpclient.netty.handler.HttpHandler - 

Request DefaultHttpRequest(decodeResult: success, version: HTTP/1.1)
POST /session/13e38b35c9b210637af41c90e2922ce6/element/000D9AF0B8F4877BC8059EEC976BD988_element_7/clear HTTP/1.1
User-Agent: selenium/4.8.1 (java windows)
Content-Length: 56
Content-Type: application/json; charset=utf-8
host: localhost:35389
accept: */*

Response DefaultHttpResponse(decodeResult: success, version: HTTP/1.1)
HTTP/1.1 200 OK
Content-Length: 14
Content-Type: application/json; charset=utf-8
cache-control: no-cache

18:24:34.385 [AsyncHttpClient-1-17] DEBUG org.asynchttpclient.netty.channel.ChannelManager - Adding key: http://localhost:35389 for channel [id: 0x029edc76, L:/127.0.0.1:52187 - R:localhost/127.0.0.1:35389]
18:24:34.387 [Forwarding sendKeysToElement on session 13e38b35c9b210637af41c90e2922ce6 to remote] DEBUG org.asynchttpclient.netty.request.NettyRequestSender - Using pooled Channel '[id: 0x029edc76, L:/127.0.0.1:52187 - R:localhost/127.0.0.1:35389]' for 'POST' to 'http://localhost:35389/session/13e38b35c9b210637af41c90e2922ce6/element/000D9AF0B8F4877BC8059EEC976BD988_element_7/value'
18:24:34.387 [Forwarding sendKeysToElement on session 13e38b35c9b210637af41c90e2922ce6 to remote] DEBUG org.asynchttpclient.netty.request.NettyRequestSender - Using open Channel [id: 0x029edc76, L:/127.0.0.1:52187 - R:localhost/127.0.0.1:35389] for POST '/session/13e38b35c9b210637af41c90e2922ce6/element/000D9AF0B8F4877BC8059EEC976BD988_element_7/value'
18:24:34.433 [AsyncHttpClient-1-17] DEBUG org.asynchttpclient.netty.handler.HttpHandler - 

Request DefaultHttpRequest(decodeResult: success, version: HTTP/1.1)
POST /session/13e38b35c9b210637af41c90e2922ce6/element/000D9AF0B8F4877BC8059EEC976BD988_element_7/value HTTP/1.1
User-Agent: selenium/4.8.1 (java windows)
Content-Length: 88
Content-Type: application/json; charset=utf-8
host: localhost:35389
accept: */*

Response DefaultHttpResponse(decodeResult: success, version: HTTP/1.1)
HTTP/1.1 200 OK
Content-Length: 14
Content-Type: application/json; charset=utf-8
cache-control: no-cache

18:24:34.433 [AsyncHttpClient-1-17] DEBUG org.asynchttpclient.netty.channel.ChannelManager - Adding key: http://localhost:35389 for channel [id: 0x029edc76, L:/127.0.0.1:52187 - R:localhost/127.0.0.1:35389]
18:24:34.438 [Forwarding getAlertText on session 13e38b35c9b210637af41c90e2922ce6 to remote] DEBUG org.asynchttpclient.netty.request.NettyRequestSender - Using pooled Channel '[id: 0x029edc76, L:/127.0.0.1:52187 - R:localhost/127.0.0.1:35389]' for 'GET' to 'http://localhost:35389/session/13e38b35c9b210637af41c90e2922ce6/alert/text'
18:24:34.438 [Forwarding getAlertText on session 13e38b35c9b210637af41c90e2922ce6 to remote] DEBUG org.asynchttpclient.netty.request.NettyRequestSender - Using open Channel [id: 0x029edc76, L:/127.0.0.1:52187 - R:localhost/127.0.0.1:35389] for GET '/session/13e38b35c9b210637af41c90e2922ce6/alert/text'
18:24:34.440 [AsyncHttpClient-1-17] DEBUG org.asynchttpclient.netty.handler.HttpHandler - 

Request DefaultFullHttpRequest(decodeResult: success, version: HTTP/1.1, content: EmptyByteBufBE)
GET /session/13e38b35c9b210637af41c90e2922ce6/alert/text HTTP/1.1
User-Agent: selenium/4.8.1 (java windows)
Cache-Control: no-cache
Content-Type: application/json; charset=utf-8
host: localhost:35389
accept: */*

Response DefaultHttpResponse(decodeResult: success, version: HTTP/1.1)
HTTP/1.1 404 Not Found
Content-Length: 821
Content-Type: application/json; charset=utf-8
cache-control: no-cache

18:24:34.440 [AsyncHttpClient-1-17] DEBUG org.asynchttpclient.netty.channel.ChannelManager - Adding key: http://localhost:35389 for channel [id: 0x029edc76, L:/127.0.0.1:52187 - R:localhost/127.0.0.1:35389]
18:24:34.441 [Forwarding getCurrentUrl on session 13e38b35c9b210637af41c90e2922ce6 to remote] DEBUG org.asynchttpclient.netty.request.NettyRequestSender - Using pooled Channel '[id: 0x029edc76, L:/127.0.0.1:52187 - R:localhost/127.0.0.1:35389]' for 'GET' to 'http://localhost:35389/session/13e38b35c9b210637af41c90e2922ce6/url'
18:24:34.441 [Forwarding getCurrentUrl on session 13e38b35c9b210637af41c90e2922ce6 to remote] DEBUG org.asynchttpclient.netty.request.NettyRequestSender - Using open Channel [id: 0x029edc76, L:/127.0.0.1:52187 - R:localhost/127.0.0.1:35389] for GET '/session/13e38b35c9b210637af41c90e2922ce6/url'
18:24:34.444 [AsyncHttpClient-1-17] DEBUG org.asynchttpclient.netty.handler.HttpHandler - 

Request DefaultFullHttpRequest(decodeResult: success, version: HTTP/1.1, content: EmptyByteBufBE)
GET /session/13e38b35c9b210637af41c90e2922ce6/url HTTP/1.1
User-Agent: selenium/4.8.1 (java windows)
Cache-Control: no-cache
Content-Type: application/json; charset=utf-8
host: localhost:35389
accept: */*

Response DefaultHttpResponse(decodeResult: success, version: HTTP/1.1)
HTTP/1.1 200 OK
Content-Length: 45
Content-Type: application/json; charset=utf-8
cache-control: no-cache

18:24:34.444 [AsyncHttpClient-1-17] DEBUG org.asynchttpclient.netty.channel.ChannelManager - Adding key: http://localhost:35389 for channel [id: 0x029edc76, L:/127.0.0.1:52187 - R:localhost/127.0.0.1:35389]
18:24:34.445 [Forwarding screenshot on session 13e38b35c9b210637af41c90e2922ce6 to remote] DEBUG org.asynchttpclient.netty.request.NettyRequestSender - Using pooled Channel '[id: 0x029edc76, L:/127.0.0.1:52187 - R:localhost/127.0.0.1:35389]' for 'GET' to 'http://localhost:35389/session/13e38b35c9b210637af41c90e2922ce6/screenshot'
18:24:34.445 [Forwarding screenshot on session 13e38b35c9b210637af41c90e2922ce6 to remote] DEBUG org.asynchttpclient.netty.request.NettyRequestSender - Using open Channel [id: 0x029edc76, L:/127.0.0.1:52187 - R:localhost/127.0.0.1:35389] for GET '/session/13e38b35c9b210637af41c90e2922ce6/screenshot'
18:24:34.518 [AsyncHttpClient-1-17] DEBUG org.asynchttpclient.netty.handler.HttpHandler - 

Request DefaultFullHttpRequest(decodeResult: success, version: HTTP/1.1, content: EmptyByteBufBE)
GET /session/13e38b35c9b210637af41c90e2922ce6/screenshot HTTP/1.1
User-Agent: selenium/4.8.1 (java windows)
Cache-Control: no-cache
Content-Type: application/json; charset=utf-8
host: localhost:35389
accept: */*

Response DefaultHttpResponse(decodeResult: success, version: HTTP/1.1)
HTTP/1.1 200 OK
Content-Length: 36980
Content-Type: application/json; charset=utf-8
cache-control: no-cache

18:24:34.519 [AsyncHttpClient-1-17] DEBUG org.asynchttpclient.netty.channel.ChannelManager - Adding key: http://localhost:35389 for channel [id: 0x029edc76, L:/127.0.0.1:52187 - R:localhost/127.0.0.1:35389]
18:24:34.521 [main] DEBUG net.serenitybdd.core.photography.Darkroom - Send negative for processing for target\site\serenity\6013fa82ae9b6e22374575cde3e8736e0fe3b4b1dc399ddecd2fe7329f032dbe.png
18:24:34.521 [main] DEBUG net.thucydides.core.steps.StepInterceptor - STEP DONE: inputEmail
  &amp#27;[32mAnd &amp#27;[0m&amp#27;[32mI type nothing in email field&amp#27;[0m      &amp#27;[90m# starter.stepdefinitions.LoginSteps.inputNothingEmail()&amp#27;[0m
18:24:34.521 [Darkroom Processing Line] DEBUG net.serenitybdd.core.photography.DarkroomProcessingLine - Processing screenshot image in /var/screenshots/screenshot-3668490692889880445
18:24:34.521 [Darkroom Processing Line] DEBUG net.serenitybdd.core.photography.DarkroomProcessingLine - Saving screenshot to target\site\serenity\6013fa82ae9b6e22374575cde3e8736e0fe3b4b1dc399ddecd2fe7329f032dbe.png
18:24:34.527 [Forwarding getPageSource on session 13e38b35c9b210637af41c90e2922ce6 to remote] DEBUG org.asynchttpclient.netty.request.NettyRequestSender - Using pooled Channel '[id: 0x029edc76, L:/127.0.0.1:52187 - R:localhost/127.0.0.1:35389]' for 'POST' to 'http://localhost:35389/session/13e38b35c9b210637af41c90e2922ce6/execute/sync'
18:24:34.527 [Forwarding getPageSource on session 13e38b35c9b210637af41c90e2922ce6 to remote] DEBUG org.asynchttpclient.netty.request.NettyRequestSender - Using open Channel [id: 0x029edc76, L:/127.0.0.1:52187 - R:localhost/127.0.0.1:35389] for POST '/session/13e38b35c9b210637af41c90e2922ce6/execute/sync'
18:24:34.531 [AsyncHttpClient-1-17] DEBUG org.asynchttpclient.netty.handler.HttpHandler - 

Request DefaultHttpRequest(decodeResult: success, version: HTTP/1.1)
POST /session/13e38b35c9b210637af41c90e2922ce6/execute/sync HTTP/1.1
User-Agent: selenium/4.8.1 (java windows)
Content-Length: 176
Content-Type: application/json; charset=utf-8
host: localhost:35389
accept: */*

Response DefaultHttpResponse(decodeResult: success, version: HTTP/1.1)
HTTP/1.1 200 OK
Content-Length: 9114
Content-Type: application/json; charset=utf-8
cache-control: no-cache

18:24:34.531 [AsyncHttpClient-1-17] DEBUG org.asynchttpclient.netty.channel.ChannelManager - Adding key: http://localhost:35389 for channel [id: 0x029edc76, L:/127.0.0.1:52187 - R:localhost/127.0.0.1:35389]
18:24:34.534 [Forwarding getCurrentUrl on session 13e38b35c9b210637af41c90e2922ce6 to remote] DEBUG org.asynchttpclient.netty.request.NettyRequestSender - Using pooled Channel '[id: 0x029edc76, L:/127.0.0.1:52187 - R:localhost/127.0.0.1:35389]' for 'GET' to 'http://localhost:35389/session/13e38b35c9b210637af41c90e2922ce6/url'
18:24:34.534 [Forwarding getCurrentUrl on session 13e38b35c9b210637af41c90e2922ce6 to remote] DEBUG org.asynchttpclient.netty.request.NettyRequestSender - Using open Channel [id: 0x029edc76, L:/127.0.0.1:52187 - R:localhost/127.0.0.1:35389] for GET '/session/13e38b35c9b210637af41c90e2922ce6/url'
18:24:34.537 [AsyncHttpClient-1-17] DEBUG org.asynchttpclient.netty.handler.HttpHandler - 

Request DefaultFullHttpRequest(decodeResult: success, version: HTTP/1.1, content: EmptyByteBufBE)
GET /session/13e38b35c9b210637af41c90e2922ce6/url HTTP/1.1
User-Agent: selenium/4.8.1 (java windows)
Cache-Control: no-cache
Content-Type: application/json; charset=utf-8
host: localhost:35389
accept: */*

Response DefaultHttpResponse(decodeResult: success, version: HTTP/1.1)
HTTP/1.1 200 OK
Content-Length: 45
Content-Type: application/json; charset=utf-8
cache-control: no-cache

18:24:34.537 [AsyncHttpClient-1-17] DEBUG org.asynchttpclient.netty.channel.ChannelManager - Adding key: http://localhost:35389 for channel [id: 0x029edc76, L:/127.0.0.1:52187 - R:localhost/127.0.0.1:35389]
18:24:34.542 [Forwarding getPageSource on session 13e38b35c9b210637af41c90e2922ce6 to remote] DEBUG org.asynchttpclient.netty.request.NettyRequestSender - Using pooled Channel '[id: 0x029edc76, L:/127.0.0.1:52187 - R:localhost/127.0.0.1:35389]' for 'POST' to 'http://localhost:35389/session/13e38b35c9b210637af41c90e2922ce6/execute/sync'
18:24:34.542 [Forwarding getPageSource on session 13e38b35c9b210637af41c90e2922ce6 to remote] DEBUG org.asynchttpclient.netty.request.NettyRequestSender - Using open Channel [id: 0x029edc76, L:/127.0.0.1:52187 - R:localhost/127.0.0.1:35389] for POST '/session/13e38b35c9b210637af41c90e2922ce6/execute/sync'
18:24:34.547 [AsyncHttpClient-1-17] DEBUG org.asynchttpclient.netty.handler.HttpHandler - 

Request DefaultHttpRequest(decodeResult: success, version: HTTP/1.1)
POST /session/13e38b35c9b210637af41c90e2922ce6/execute/sync HTTP/1.1
User-Agent: selenium/4.8.1 (java windows)
Content-Length: 176
Content-Type: application/json; charset=utf-8
host: localhost:35389
accept: */*

Response DefaultHttpResponse(decodeResult: success, version: HTTP/1.1)
HTTP/1.1 200 OK
Content-Length: 9114
Content-Type: application/json; charset=utf-8
cache-control: no-cache

18:24:34.547 [AsyncHttpClient-1-17] DEBUG org.asynchttpclient.netty.channel.ChannelManager - Adding key: http://localhost:35389 for channel [id: 0x029edc76, L:/127.0.0.1:52187 - R:localhost/127.0.0.1:35389]
18:24:34.548 [Forwarding getCurrentUrl on session 13e38b35c9b210637af41c90e2922ce6 to remote] DEBUG org.asynchttpclient.netty.request.NettyRequestSender - Using pooled Channel '[id: 0x029edc76, L:/127.0.0.1:52187 - R:localhost/127.0.0.1:35389]' for 'GET' to 'http://localhost:35389/session/13e38b35c9b210637af41c90e2922ce6/url'
18:24:34.548 [Forwarding getCurrentUrl on session 13e38b35c9b210637af41c90e2922ce6 to remote] DEBUG org.asynchttpclient.netty.request.NettyRequestSender - Using open Channel [id: 0x029edc76, L:/127.0.0.1:52187 - R:localhost/127.0.0.1:35389] for GET '/session/13e38b35c9b210637af41c90e2922ce6/url'
18:24:34.552 [AsyncHttpClient-1-17] DEBUG org.asynchttpclient.netty.handler.HttpHandler - 

Request DefaultFullHttpRequest(decodeResult: success, version: HTTP/1.1, content: EmptyByteBufBE)
GET /session/13e38b35c9b210637af41c90e2922ce6/url HTTP/1.1
User-Agent: selenium/4.8.1 (java windows)
Cache-Control: no-cache
Content-Type: application/json; charset=utf-8
host: localhost:35389
accept: */*

Response DefaultHttpResponse(decodeResult: success, version: HTTP/1.1)
HTTP/1.1 200 OK
Content-Length: 45
Content-Type: application/json; charset=utf-8
cache-control: no-cache

18:24:34.552 [AsyncHttpClient-1-17] DEBUG org.asynchttpclient.netty.channel.ChannelManager - Adding key: http://localhost:35389 for channel [id: 0x029edc76, L:/127.0.0.1:52187 - R:localhost/127.0.0.1:35389]
18:24:34.554 [main] DEBUG net.thucydides.core.steps.StepInterceptor - STARTING STEP: LoginSteps.inputPassword - inputPassword
18:24:34.556 [Forwarding findElement on session 13e38b35c9b210637af41c90e2922ce6 to remote] DEBUG org.asynchttpclient.netty.request.NettyRequestSender - Using pooled Channel '[id: 0x029edc76, L:/127.0.0.1:52187 - R:localhost/127.0.0.1:35389]' for 'POST' to 'http://localhost:35389/session/13e38b35c9b210637af41c90e2922ce6/element'
18:24:34.557 [Forwarding findElement on session 13e38b35c9b210637af41c90e2922ce6 to remote] DEBUG org.asynchttpclient.netty.request.NettyRequestSender - Using open Channel [id: 0x029edc76, L:/127.0.0.1:52187 - R:localhost/127.0.0.1:35389] for POST '/session/13e38b35c9b210637af41c90e2922ce6/element'
18:24:34.565 [AsyncHttpClient-1-17] DEBUG org.asynchttpclient.netty.handler.HttpHandler - 

Request DefaultHttpRequest(decodeResult: success, version: HTTP/1.1)
POST /session/13e38b35c9b210637af41c90e2922ce6/element HTTP/1.1
User-Agent: selenium/4.8.1 (java windows)
Content-Length: 62
Content-Type: application/json; charset=utf-8
host: localhost:35389
accept: */*

Response DefaultHttpResponse(decodeResult: success, version: HTTP/1.1)
HTTP/1.1 200 OK
Content-Length: 94
Content-Type: application/json; charset=utf-8
cache-control: no-cache

18:24:34.565 [AsyncHttpClient-1-17] DEBUG org.asynchttpclient.netty.channel.ChannelManager - Adding key: http://localhost:35389 for channel [id: 0x029edc76, L:/127.0.0.1:52187 - R:localhost/127.0.0.1:35389]
18:24:34.566 [Forwarding clearElement on session 13e38b35c9b210637af41c90e2922ce6 to remote] DEBUG org.asynchttpclient.netty.request.NettyRequestSender - Using pooled Channel '[id: 0x029edc76, L:/127.0.0.1:52187 - R:localhost/127.0.0.1:35389]' for 'POST' to 'http://localhost:35389/session/13e38b35c9b210637af41c90e2922ce6/element/000D9AF0B8F4877BC8059EEC976BD988_element_2/clear'
18:24:34.566 [Forwarding clearElement on session 13e38b35c9b210637af41c90e2922ce6 to remote] DEBUG org.asynchttpclient.netty.request.NettyRequestSender - Using open Channel [id: 0x029edc76, L:/127.0.0.1:52187 - R:localhost/127.0.0.1:35389] for POST '/session/13e38b35c9b210637af41c90e2922ce6/element/000D9AF0B8F4877BC8059EEC976BD988_element_2/clear'
18:24:34.584 [AsyncHttpClient-1-17] DEBUG org.asynchttpclient.netty.handler.HttpHandler - 

Request DefaultHttpRequest(decodeResult: success, version: HTTP/1.1)
POST /session/13e38b35c9b210637af41c90e2922ce6/element/000D9AF0B8F4877BC8059EEC976BD988_element_2/clear HTTP/1.1
User-Agent: selenium/4.8.1 (java windows)
Content-Length: 56
Content-Type: application/json; charset=utf-8
host: localhost:35389
accept: */*

Response DefaultHttpResponse(decodeResult: success, version: HTTP/1.1)
HTTP/1.1 200 OK
Content-Length: 14
Content-Type: application/json; charset=utf-8
cache-control: no-cache

18:24:34.584 [AsyncHttpClient-1-17] DEBUG org.asynchttpclient.netty.channel.ChannelManager - Adding key: http://localhost:35389 for channel [id: 0x029edc76, L:/127.0.0.1:52187 - R:localhost/127.0.0.1:35389]
18:24:34.586 [Forwarding sendKeysToElement on session 13e38b35c9b210637af41c90e2922ce6 to remote] DEBUG org.asynchttpclient.netty.request.NettyRequestSender - Using pooled Channel '[id: 0x029edc76, L:/127.0.0.1:52187 - R:localhost/127.0.0.1:35389]' for 'POST' to 'http://localhost:35389/session/13e38b35c9b210637af41c90e2922ce6/element/000D9AF0B8F4877BC8059EEC976BD988_element_2/value'
18:24:34.586 [Forwarding sendKeysToElement on session 13e38b35c9b210637af41c90e2922ce6 to remote] DEBUG org.asynchttpclient.netty.request.NettyRequestSender - Using open Channel [id: 0x029edc76, L:/127.0.0.1:52187 - R:localhost/127.0.0.1:35389] for POST '/session/13e38b35c9b210637af41c90e2922ce6/element/000D9AF0B8F4877BC8059EEC976BD988_element_2/value'
18:24:34.665 [AsyncHttpClient-1-17] DEBUG org.asynchttpclient.netty.handler.HttpHandler - 

Request DefaultHttpRequest(decodeResult: success, version: HTTP/1.1)
POST /session/13e38b35c9b210637af41c90e2922ce6/element/000D9AF0B8F4877BC8059EEC976BD988_element_2/value HTTP/1.1
User-Agent: selenium/4.8.1 (java windows)
Content-Length: 187
Content-Type: application/json; charset=utf-8
host: localhost:35389
accept: */*

Response DefaultHttpResponse(decodeResult: success, version: HTTP/1.1)
HTTP/1.1 200 OK
Content-Length: 14
Content-Type: application/json; charset=utf-8
cache-control: no-cache

18:24:34.666 [AsyncHttpClient-1-17] DEBUG org.asynchttpclient.netty.channel.ChannelManager - Adding key: http://localhost:35389 for channel [id: 0x029edc76, L:/127.0.0.1:52187 - R:localhost/127.0.0.1:35389]
18:24:34.670 [Forwarding getAlertText on session 13e38b35c9b210637af41c90e2922ce6 to remote] DEBUG org.asynchttpclient.netty.request.NettyRequestSender - Using pooled Channel '[id: 0x029edc76, L:/127.0.0.1:52187 - R:localhost/127.0.0.1:35389]' for 'GET' to 'http://localhost:35389/session/13e38b35c9b210637af41c90e2922ce6/alert/text'
18:24:34.670 [Forwarding getAlertText on session 13e38b35c9b210637af41c90e2922ce6 to remote] DEBUG org.asynchttpclient.netty.request.NettyRequestSender - Using open Channel [id: 0x029edc76, L:/127.0.0.1:52187 - R:localhost/127.0.0.1:35389] for GET '/session/13e38b35c9b210637af41c90e2922ce6/alert/text'
18:24:34.671 [AsyncHttpClient-1-17] DEBUG org.asynchttpclient.netty.handler.HttpHandler - 

Request DefaultFullHttpRequest(decodeResult: success, version: HTTP/1.1, content: EmptyByteBufBE)
GET /session/13e38b35c9b210637af41c90e2922ce6/alert/text HTTP/1.1
User-Agent: selenium/4.8.1 (java windows)
Cache-Control: no-cache
Content-Type: application/json; charset=utf-8
host: localhost:35389
accept: */*

Response DefaultHttpResponse(decodeResult: success, version: HTTP/1.1)
HTTP/1.1 404 Not Found
Content-Length: 821
Content-Type: application/json; charset=utf-8
cache-control: no-cache

18:24:34.672 [AsyncHttpClient-1-17] DEBUG org.asynchttpclient.netty.channel.ChannelManager - Adding key: http://localhost:35389 for channel [id: 0x029edc76, L:/127.0.0.1:52187 - R:localhost/127.0.0.1:35389]
18:24:34.672 [Forwarding getCurrentUrl on session 13e38b35c9b210637af41c90e2922ce6 to remote] DEBUG org.asynchttpclient.netty.request.NettyRequestSender - Using pooled Channel '[id: 0x029edc76, L:/127.0.0.1:52187 - R:localhost/127.0.0.1:35389]' for 'GET' to 'http://localhost:35389/session/13e38b35c9b210637af41c90e2922ce6/url'
18:24:34.672 [Forwarding getCurrentUrl on session 13e38b35c9b210637af41c90e2922ce6 to remote] DEBUG org.asynchttpclient.netty.request.NettyRequestSender - Using open Channel [id: 0x029edc76, L:/127.0.0.1:52187 - R:localhost/127.0.0.1:35389] for GET '/session/13e38b35c9b210637af41c90e2922ce6/url'
18:24:34.676 [AsyncHttpClient-1-17] DEBUG org.asynchttpclient.netty.handler.HttpHandler - 

Request DefaultFullHttpRequest(decodeResult: success, version: HTTP/1.1, content: EmptyByteBufBE)
GET /session/13e38b35c9b210637af41c90e2922ce6/url HTTP/1.1
User-Agent: selenium/4.8.1 (java windows)
Cache-Control: no-cache
Content-Type: application/json; charset=utf-8
host: localhost:35389
accept: */*

Response DefaultHttpResponse(decodeResult: success, version: HTTP/1.1)
HTTP/1.1 200 OK
Content-Length: 45
Content-Type: application/json; charset=utf-8
cache-control: no-cache

18:24:34.676 [AsyncHttpClient-1-17] DEBUG org.asynchttpclient.netty.channel.ChannelManager - Adding key: http://localhost:35389 for channel [id: 0x029edc76, L:/127.0.0.1:52187 - R:localhost/127.0.0.1:35389]
18:24:34.676 [Forwarding screenshot on session 13e38b35c9b210637af41c90e2922ce6 to remote] DEBUG org.asynchttpclient.netty.request.NettyRequestSender - Using pooled Channel '[id: 0x029edc76, L:/127.0.0.1:52187 - R:localhost/127.0.0.1:35389]' for 'GET' to 'http://localhost:35389/session/13e38b35c9b210637af41c90e2922ce6/screenshot'
18:24:34.677 [Forwarding screenshot on session 13e38b35c9b210637af41c90e2922ce6 to remote] DEBUG org.asynchttpclient.netty.request.NettyRequestSender - Using open Channel [id: 0x029edc76, L:/127.0.0.1:52187 - R:localhost/127.0.0.1:35389] for GET '/session/13e38b35c9b210637af41c90e2922ce6/screenshot'
18:24:34.740 [AsyncHttpClient-1-17] DEBUG org.asynchttpclient.netty.handler.HttpHandler - 

Request DefaultFullHttpRequest(decodeResult: success, version: HTTP/1.1, content: EmptyByteBufBE)
GET /session/13e38b35c9b210637af41c90e2922ce6/screenshot HTTP/1.1
User-Agent: selenium/4.8.1 (java windows)
Cache-Control: no-cache
Content-Type: application/json; charset=utf-8
host: localhost:35389
accept: */*

Response DefaultHttpResponse(decodeResult: success, version: HTTP/1.1)
HTTP/1.1 200 OK
Content-Length: 34436
Content-Type: application/json; charset=utf-8
cache-control: no-cache

18:24:34.740 [AsyncHttpClient-1-17] DEBUG org.asynchttpclient.netty.channel.ChannelManager - Adding key: http://localhost:35389 for channel [id: 0x029edc76, L:/127.0.0.1:52187 - R:localhost/127.0.0.1:35389]
18:24:34.741 [main] DEBUG net.serenitybdd.core.photography.Darkroom - Send negative for processing for target\site\serenity\e7786f703ffe6e725decb4bf2772d311c144c2d16a1c2eae00435be4a397ade5.png
18:24:34.741 [main] DEBUG net.thucydides.core.steps.StepInterceptor - STEP DONE: inputPassword
18:24:34.741 [Darkroom Processing Line] DEBUG net.serenitybdd.core.photography.DarkroomProcessingLine - Processing screenshot image in /var/screenshots/screenshot-9889821164321836715
18:24:34.741 [Darkroom Processing Line] DEBUG net.serenitybdd.core.photography.DarkroomProcessingLine - Saving screenshot to target\site\serenity\e7786f703ffe6e725decb4bf2772d311c144c2d16a1c2eae00435be4a397ade5.png
  &amp#27;[32mAnd &amp#27;[0m&amp#27;[32mI type correct password&amp#27;[0m            &amp#27;[90m# starter.stepdefinitions.LoginSteps.inputPassword()&amp#27;[0m
18:24:34.746 [Forwarding getPageSource on session 13e38b35c9b210637af41c90e2922ce6 to remote] DEBUG org.asynchttpclient.netty.request.NettyRequestSender - Using pooled Channel '[id: 0x029edc76, L:/127.0.0.1:52187 - R:localhost/127.0.0.1:35389]' for 'POST' to 'http://localhost:35389/session/13e38b35c9b210637af41c90e2922ce6/execute/sync'
18:24:34.747 [Forwarding getPageSource on session 13e38b35c9b210637af41c90e2922ce6 to remote] DEBUG org.asynchttpclient.netty.request.NettyRequestSender - Using open Channel [id: 0x029edc76, L:/127.0.0.1:52187 - R:localhost/127.0.0.1:35389] for POST '/session/13e38b35c9b210637af41c90e2922ce6/execute/sync'
18:24:34.751 [AsyncHttpClient-1-17] DEBUG org.asynchttpclient.netty.handler.HttpHandler - 

Request DefaultHttpRequest(decodeResult: success, version: HTTP/1.1)
POST /session/13e38b35c9b210637af41c90e2922ce6/execute/sync HTTP/1.1
User-Agent: selenium/4.8.1 (java windows)
Content-Length: 176
Content-Type: application/json; charset=utf-8
host: localhost:35389
accept: */*

Response DefaultHttpResponse(decodeResult: success, version: HTTP/1.1)
HTTP/1.1 200 OK
Content-Length: 9124
Content-Type: application/json; charset=utf-8
cache-control: no-cache

18:24:34.751 [AsyncHttpClient-1-17] DEBUG org.asynchttpclient.netty.channel.ChannelManager - Adding key: http://localhost:35389 for channel [id: 0x029edc76, L:/127.0.0.1:52187 - R:localhost/127.0.0.1:35389]
18:24:34.752 [Forwarding getCurrentUrl on session 13e38b35c9b210637af41c90e2922ce6 to remote] DEBUG org.asynchttpclient.netty.request.NettyRequestSender - Using pooled Channel '[id: 0x029edc76, L:/127.0.0.1:52187 - R:localhost/127.0.0.1:35389]' for 'GET' to 'http://localhost:35389/session/13e38b35c9b210637af41c90e2922ce6/url'
18:24:34.753 [Forwarding getCurrentUrl on session 13e38b35c9b210637af41c90e2922ce6 to remote] DEBUG org.asynchttpclient.netty.request.NettyRequestSender - Using open Channel [id: 0x029edc76, L:/127.0.0.1:52187 - R:localhost/127.0.0.1:35389] for GET '/session/13e38b35c9b210637af41c90e2922ce6/url'
18:24:34.756 [AsyncHttpClient-1-17] DEBUG org.asynchttpclient.netty.handler.HttpHandler - 

Request DefaultFullHttpRequest(decodeResult: success, version: HTTP/1.1, content: EmptyByteBufBE)
GET /session/13e38b35c9b210637af41c90e2922ce6/url HTTP/1.1
User-Agent: selenium/4.8.1 (java windows)
Cache-Control: no-cache
Content-Type: application/json; charset=utf-8
host: localhost:35389
accept: */*

Response DefaultHttpResponse(decodeResult: success, version: HTTP/1.1)
HTTP/1.1 200 OK
Content-Length: 45
Content-Type: application/json; charset=utf-8
cache-control: no-cache

18:24:34.756 [AsyncHttpClient-1-17] DEBUG org.asynchttpclient.netty.channel.ChannelManager - Adding key: http://localhost:35389 for channel [id: 0x029edc76, L:/127.0.0.1:52187 - R:localhost/127.0.0.1:35389]
18:24:34.761 [Forwarding getPageSource on session 13e38b35c9b210637af41c90e2922ce6 to remote] DEBUG org.asynchttpclient.netty.request.NettyRequestSender - Using pooled Channel '[id: 0x029edc76, L:/127.0.0.1:52187 - R:localhost/127.0.0.1:35389]' for 'POST' to 'http://localhost:35389/session/13e38b35c9b210637af41c90e2922ce6/execute/sync'
18:24:34.761 [Forwarding getPageSource on session 13e38b35c9b210637af41c90e2922ce6 to remote] DEBUG org.asynchttpclient.netty.request.NettyRequestSender - Using open Channel [id: 0x029edc76, L:/127.0.0.1:52187 - R:localhost/127.0.0.1:35389] for POST '/session/13e38b35c9b210637af41c90e2922ce6/execute/sync'
18:24:34.765 [AsyncHttpClient-1-17] DEBUG org.asynchttpclient.netty.handler.HttpHandler - 

Request DefaultHttpRequest(decodeResult: success, version: HTTP/1.1)
POST /session/13e38b35c9b210637af41c90e2922ce6/execute/sync HTTP/1.1
User-Agent: selenium/4.8.1 (java windows)
Content-Length: 176
Content-Type: application/json; charset=utf-8
host: localhost:35389
accept: */*

Response DefaultHttpResponse(decodeResult: success, version: HTTP/1.1)
HTTP/1.1 200 OK
Content-Length: 9124
Content-Type: application/json; charset=utf-8
cache-control: no-cache

18:24:34.765 [AsyncHttpClient-1-17] DEBUG org.asynchttpclient.netty.channel.ChannelManager - Adding key: http://localhost:35389 for channel [id: 0x029edc76, L:/127.0.0.1:52187 - R:localhost/127.0.0.1:35389]
18:24:34.766 [Forwarding getCurrentUrl on session 13e38b35c9b210637af41c90e2922ce6 to remote] DEBUG org.asynchttpclient.netty.request.NettyRequestSender - Using pooled Channel '[id: 0x029edc76, L:/127.0.0.1:52187 - R:localhost/127.0.0.1:35389]' for 'GET' to 'http://localhost:35389/session/13e38b35c9b210637af41c90e2922ce6/url'
18:24:34.766 [Forwarding getCurrentUrl on session 13e38b35c9b210637af41c90e2922ce6 to remote] DEBUG org.asynchttpclient.netty.request.NettyRequestSender - Using open Channel [id: 0x029edc76, L:/127.0.0.1:52187 - R:localhost/127.0.0.1:35389] for GET '/session/13e38b35c9b210637af41c90e2922ce6/url'
18:24:34.770 [AsyncHttpClient-1-17] DEBUG org.asynchttpclient.netty.handler.HttpHandler - 

Request DefaultFullHttpRequest(decodeResult: success, version: HTTP/1.1, content: EmptyByteBufBE)
GET /session/13e38b35c9b210637af41c90e2922ce6/url HTTP/1.1
User-Agent: selenium/4.8.1 (java windows)
Cache-Control: no-cache
Content-Type: application/json; charset=utf-8
host: localhost:35389
accept: */*

Response DefaultHttpResponse(decodeResult: success, version: HTTP/1.1)
HTTP/1.1 200 OK
Content-Length: 45
Content-Type: application/json; charset=utf-8
cache-control: no-cache

18:24:34.770 [AsyncHttpClient-1-17] DEBUG org.asynchttpclient.netty.channel.ChannelManager - Adding key: http://localhost:35389 for channel [id: 0x029edc76, L:/127.0.0.1:52187 - R:localhost/127.0.0.1:35389]
18:24:34.771 [main] DEBUG net.thucydides.core.steps.StepInterceptor - STARTING STEP: LoginSteps.clickLoginButton - clickLoginButton
18:24:34.772 [Forwarding findElement on session 13e38b35c9b210637af41c90e2922ce6 to remote] DEBUG org.asynchttpclient.netty.request.NettyRequestSender - Using pooled Channel '[id: 0x029edc76, L:/127.0.0.1:52187 - R:localhost/127.0.0.1:35389]' for 'POST' to 'http://localhost:35389/session/13e38b35c9b210637af41c90e2922ce6/element'
18:24:34.773 [Forwarding findElement on session 13e38b35c9b210637af41c90e2922ce6 to remote] DEBUG org.asynchttpclient.netty.request.NettyRequestSender - Using open Channel [id: 0x029edc76, L:/127.0.0.1:52187 - R:localhost/127.0.0.1:35389] for POST '/session/13e38b35c9b210637af41c90e2922ce6/element'
18:24:34.782 [AsyncHttpClient-1-17] DEBUG org.asynchttpclient.netty.handler.HttpHandler - 

Request DefaultHttpRequest(decodeResult: success, version: HTTP/1.1)
POST /session/13e38b35c9b210637af41c90e2922ce6/element HTTP/1.1
User-Agent: selenium/4.8.1 (java windows)
Content-Length: 63
Content-Type: application/json; charset=utf-8
host: localhost:35389
accept: */*

Response DefaultHttpResponse(decodeResult: success, version: HTTP/1.1)
HTTP/1.1 200 OK
Content-Length: 95
Content-Type: application/json; charset=utf-8
cache-control: no-cache

18:24:34.782 [AsyncHttpClient-1-17] DEBUG org.asynchttpclient.netty.channel.ChannelManager - Adding key: http://localhost:35389 for channel [id: 0x029edc76, L:/127.0.0.1:52187 - R:localhost/127.0.0.1:35389]
18:24:34.783 [Forwarding getElementTagName on session 13e38b35c9b210637af41c90e2922ce6 to remote] DEBUG org.asynchttpclient.netty.request.NettyRequestSender - Using pooled Channel '[id: 0x029edc76, L:/127.0.0.1:52187 - R:localhost/127.0.0.1:35389]' for 'GET' to 'http://localhost:35389/session/13e38b35c9b210637af41c90e2922ce6/element/000D9AF0B8F4877BC8059EEC976BD988_element_11/name'
18:24:34.783 [Forwarding getElementTagName on session 13e38b35c9b210637af41c90e2922ce6 to remote] DEBUG org.asynchttpclient.netty.request.NettyRequestSender - Using open Channel [id: 0x029edc76, L:/127.0.0.1:52187 - R:localhost/127.0.0.1:35389] for GET '/session/13e38b35c9b210637af41c90e2922ce6/element/000D9AF0B8F4877BC8059EEC976BD988_element_11/name'
18:24:34.788 [AsyncHttpClient-1-17] DEBUG org.asynchttpclient.netty.handler.HttpHandler - 

Request DefaultFullHttpRequest(decodeResult: success, version: HTTP/1.1, content: EmptyByteBufBE)
GET /session/13e38b35c9b210637af41c90e2922ce6/element/000D9AF0B8F4877BC8059EEC976BD988_element_11/name HTTP/1.1
User-Agent: selenium/4.8.1 (java windows)
Cache-Control: no-cache
Content-Type: application/json; charset=utf-8
host: localhost:35389
accept: */*

Response DefaultHttpResponse(decodeResult: success, version: HTTP/1.1)
HTTP/1.1 200 OK
Content-Length: 18
Content-Type: application/json; charset=utf-8
cache-control: no-cache

18:24:34.788 [AsyncHttpClient-1-17] DEBUG org.asynchttpclient.netty.channel.ChannelManager - Adding key: http://localhost:35389 for channel [id: 0x029edc76, L:/127.0.0.1:52187 - R:localhost/127.0.0.1:35389]
18:24:34.789 [Forwarding getElementTagName on session 13e38b35c9b210637af41c90e2922ce6 to remote] DEBUG org.asynchttpclient.netty.request.NettyRequestSender - Using pooled Channel '[id: 0x029edc76, L:/127.0.0.1:52187 - R:localhost/127.0.0.1:35389]' for 'GET' to 'http://localhost:35389/session/13e38b35c9b210637af41c90e2922ce6/element/000D9AF0B8F4877BC8059EEC976BD988_element_11/name'
18:24:34.789 [Forwarding getElementTagName on session 13e38b35c9b210637af41c90e2922ce6 to remote] DEBUG org.asynchttpclient.netty.request.NettyRequestSender - Using open Channel [id: 0x029edc76, L:/127.0.0.1:52187 - R:localhost/127.0.0.1:35389] for GET '/session/13e38b35c9b210637af41c90e2922ce6/element/000D9AF0B8F4877BC8059EEC976BD988_element_11/name'
18:24:34.792 [AsyncHttpClient-1-17] DEBUG org.asynchttpclient.netty.handler.HttpHandler - 

Request DefaultFullHttpRequest(decodeResult: success, version: HTTP/1.1, content: EmptyByteBufBE)
GET /session/13e38b35c9b210637af41c90e2922ce6/element/000D9AF0B8F4877BC8059EEC976BD988_element_11/name HTTP/1.1
User-Agent: selenium/4.8.1 (java windows)
Cache-Control: no-cache
Content-Type: application/json; charset=utf-8
host: localhost:35389
accept: */*

Response DefaultHttpResponse(decodeResult: success, version: HTTP/1.1)
HTTP/1.1 200 OK
Content-Length: 18
Content-Type: application/json; charset=utf-8
cache-control: no-cache

18:24:34.792 [AsyncHttpClient-1-17] DEBUG org.asynchttpclient.netty.channel.ChannelManager - Adding key: http://localhost:35389 for channel [id: 0x029edc76, L:/127.0.0.1:52187 - R:localhost/127.0.0.1:35389]
18:24:34.794 [Forwarding isElementEnabled on session 13e38b35c9b210637af41c90e2922ce6 to remote] DEBUG org.asynchttpclient.netty.request.NettyRequestSender - Using pooled Channel '[id: 0x029edc76, L:/127.0.0.1:52187 - R:localhost/127.0.0.1:35389]' for 'GET' to 'http://localhost:35389/session/13e38b35c9b210637af41c90e2922ce6/element/000D9AF0B8F4877BC8059EEC976BD988_element_11/enabled'
18:24:34.794 [Forwarding isElementEnabled on session 13e38b35c9b210637af41c90e2922ce6 to remote] DEBUG org.asynchttpclient.netty.request.NettyRequestSender - Using open Channel [id: 0x029edc76, L:/127.0.0.1:52187 - R:localhost/127.0.0.1:35389] for GET '/session/13e38b35c9b210637af41c90e2922ce6/element/000D9AF0B8F4877BC8059EEC976BD988_element_11/enabled'
18:24:34.799 [AsyncHttpClient-1-17] DEBUG org.asynchttpclient.netty.handler.HttpHandler - 

Request DefaultFullHttpRequest(decodeResult: success, version: HTTP/1.1, content: EmptyByteBufBE)
GET /session/13e38b35c9b210637af41c90e2922ce6/element/000D9AF0B8F4877BC8059EEC976BD988_element_11/enabled HTTP/1.1
User-Agent: selenium/4.8.1 (java windows)
Cache-Control: no-cache
Content-Type: application/json; charset=utf-8
host: localhost:35389
accept: */*

Response DefaultHttpResponse(decodeResult: success, version: HTTP/1.1)
HTTP/1.1 200 OK
Content-Length: 14
Content-Type: application/json; charset=utf-8
cache-control: no-cache

18:24:34.800 [AsyncHttpClient-1-17] DEBUG org.asynchttpclient.netty.channel.ChannelManager - Adding key: http://localhost:35389 for channel [id: 0x029edc76, L:/127.0.0.1:52187 - R:localhost/127.0.0.1:35389]
18:24:34.800 [Forwarding isElementEnabled on session 13e38b35c9b210637af41c90e2922ce6 to remote] DEBUG org.asynchttpclient.netty.request.NettyRequestSender - Using pooled Channel '[id: 0x029edc76, L:/127.0.0.1:52187 - R:localhost/127.0.0.1:35389]' for 'GET' to 'http://localhost:35389/session/13e38b35c9b210637af41c90e2922ce6/element/000D9AF0B8F4877BC8059EEC976BD988_element_11/enabled'
18:24:34.800 [Forwarding isElementEnabled on session 13e38b35c9b210637af41c90e2922ce6 to remote] DEBUG org.asynchttpclient.netty.request.NettyRequestSender - Using open Channel [id: 0x029edc76, L:/127.0.0.1:52187 - R:localhost/127.0.0.1:35389] for GET '/session/13e38b35c9b210637af41c90e2922ce6/element/000D9AF0B8F4877BC8059EEC976BD988_element_11/enabled'
18:24:34.806 [AsyncHttpClient-1-17] DEBUG org.asynchttpclient.netty.handler.HttpHandler - 

Request DefaultFullHttpRequest(decodeResult: success, version: HTTP/1.1, content: EmptyByteBufBE)
GET /session/13e38b35c9b210637af41c90e2922ce6/element/000D9AF0B8F4877BC8059EEC976BD988_element_11/enabled HTTP/1.1
User-Agent: selenium/4.8.1 (java windows)
Cache-Control: no-cache
Content-Type: application/json; charset=utf-8
host: localhost:35389
accept: */*

Response DefaultHttpResponse(decodeResult: success, version: HTTP/1.1)
HTTP/1.1 200 OK
Content-Length: 14
Content-Type: application/json; charset=utf-8
cache-control: no-cache

18:24:34.806 [AsyncHttpClient-1-17] DEBUG org.asynchttpclient.netty.channel.ChannelManager - Adding key: http://localhost:35389 for channel [id: 0x029edc76, L:/127.0.0.1:52187 - R:localhost/127.0.0.1:35389]
18:24:34.807 [Forwarding findElement on session 13e38b35c9b210637af41c90e2922ce6 to remote] DEBUG org.asynchttpclient.netty.request.NettyRequestSender - Using pooled Channel '[id: 0x029edc76, L:/127.0.0.1:52187 - R:localhost/127.0.0.1:35389]' for 'POST' to 'http://localhost:35389/session/13e38b35c9b210637af41c90e2922ce6/element'
18:24:34.807 [Forwarding findElement on session 13e38b35c9b210637af41c90e2922ce6 to remote] DEBUG org.asynchttpclient.netty.request.NettyRequestSender - Using open Channel [id: 0x029edc76, L:/127.0.0.1:52187 - R:localhost/127.0.0.1:35389] for POST '/session/13e38b35c9b210637af41c90e2922ce6/element'
18:24:34.812 [AsyncHttpClient-1-17] DEBUG org.asynchttpclient.netty.handler.HttpHandler - 

Request DefaultHttpRequest(decodeResult: success, version: HTTP/1.1)
POST /session/13e38b35c9b210637af41c90e2922ce6/element HTTP/1.1
User-Agent: selenium/4.8.1 (java windows)
Content-Length: 63
Content-Type: application/json; charset=utf-8
host: localhost:35389
accept: */*

Response DefaultHttpResponse(decodeResult: success, version: HTTP/1.1)
HTTP/1.1 200 OK
Content-Length: 95
Content-Type: application/json; charset=utf-8
cache-control: no-cache

18:24:34.813 [AsyncHttpClient-1-17] DEBUG org.asynchttpclient.netty.channel.ChannelManager - Adding key: http://localhost:35389 for channel [id: 0x029edc76, L:/127.0.0.1:52187 - R:localhost/127.0.0.1:35389]
18:24:34.813 [Forwarding clickElement on session 13e38b35c9b210637af41c90e2922ce6 to remote] DEBUG org.asynchttpclient.netty.request.NettyRequestSender - Using pooled Channel '[id: 0x029edc76, L:/127.0.0.1:52187 - R:localhost/127.0.0.1:35389]' for 'POST' to 'http://localhost:35389/session/13e38b35c9b210637af41c90e2922ce6/element/000D9AF0B8F4877BC8059EEC976BD988_element_11/click'
18:24:34.813 [Forwarding clickElement on session 13e38b35c9b210637af41c90e2922ce6 to remote] DEBUG org.asynchttpclient.netty.request.NettyRequestSender - Using open Channel [id: 0x029edc76, L:/127.0.0.1:52187 - R:localhost/127.0.0.1:35389] for POST '/session/13e38b35c9b210637af41c90e2922ce6/element/000D9AF0B8F4877BC8059EEC976BD988_element_11/click'
18:24:34.858 [AsyncHttpClient-1-17] DEBUG org.asynchttpclient.netty.handler.HttpHandler - 

Request DefaultHttpRequest(decodeResult: success, version: HTTP/1.1)
POST /session/13e38b35c9b210637af41c90e2922ce6/element/000D9AF0B8F4877BC8059EEC976BD988_element_11/click HTTP/1.1
User-Agent: selenium/4.8.1 (java windows)
Content-Length: 57
Content-Type: application/json; charset=utf-8
host: localhost:35389
accept: */*

Response DefaultHttpResponse(decodeResult: success, version: HTTP/1.1)
HTTP/1.1 200 OK
Content-Length: 14
Content-Type: application/json; charset=utf-8
cache-control: no-cache

18:24:34.858 [AsyncHttpClient-1-17] DEBUG org.asynchttpclient.netty.channel.ChannelManager - Adding key: http://localhost:35389 for channel [id: 0x029edc76, L:/127.0.0.1:52187 - R:localhost/127.0.0.1:35389]
18:24:34.865 [Forwarding getAlertText on session 13e38b35c9b210637af41c90e2922ce6 to remote] DEBUG org.asynchttpclient.netty.request.NettyRequestSender - Using pooled Channel '[id: 0x029edc76, L:/127.0.0.1:52187 - R:localhost/127.0.0.1:35389]' for 'GET' to 'http://localhost:35389/session/13e38b35c9b210637af41c90e2922ce6/alert/text'
18:24:34.865 [Forwarding getAlertText on session 13e38b35c9b210637af41c90e2922ce6 to remote] DEBUG org.asynchttpclient.netty.request.NettyRequestSender - Using open Channel [id: 0x029edc76, L:/127.0.0.1:52187 - R:localhost/127.0.0.1:35389] for GET '/session/13e38b35c9b210637af41c90e2922ce6/alert/text'
18:24:34.869 [AsyncHttpClient-1-17] DEBUG org.asynchttpclient.netty.handler.HttpHandler - 

Request DefaultFullHttpRequest(decodeResult: success, version: HTTP/1.1, content: EmptyByteBufBE)
GET /session/13e38b35c9b210637af41c90e2922ce6/alert/text HTTP/1.1
User-Agent: selenium/4.8.1 (java windows)
Cache-Control: no-cache
Content-Type: application/json; charset=utf-8
host: localhost:35389
accept: */*

Response DefaultHttpResponse(decodeResult: success, version: HTTP/1.1)
HTTP/1.1 404 Not Found
Content-Length: 821
Content-Type: application/json; charset=utf-8
cache-control: no-cache

18:24:34.869 [AsyncHttpClient-1-17] DEBUG org.asynchttpclient.netty.channel.ChannelManager - Adding key: http://localhost:35389 for channel [id: 0x029edc76, L:/127.0.0.1:52187 - R:localhost/127.0.0.1:35389]
18:24:34.872 [Forwarding getCurrentUrl on session 13e38b35c9b210637af41c90e2922ce6 to remote] DEBUG org.asynchttpclient.netty.request.NettyRequestSender - Using pooled Channel '[id: 0x029edc76, L:/127.0.0.1:52187 - R:localhost/127.0.0.1:35389]' for 'GET' to 'http://localhost:35389/session/13e38b35c9b210637af41c90e2922ce6/url'
18:24:34.872 [Forwarding getCurrentUrl on session 13e38b35c9b210637af41c90e2922ce6 to remote] DEBUG org.asynchttpclient.netty.request.NettyRequestSender - Using open Channel [id: 0x029edc76, L:/127.0.0.1:52187 - R:localhost/127.0.0.1:35389] for GET '/session/13e38b35c9b210637af41c90e2922ce6/url'
18:24:34.880 [AsyncHttpClient-1-17] DEBUG org.asynchttpclient.netty.handler.HttpHandler - 

Request DefaultFullHttpRequest(decodeResult: success, version: HTTP/1.1, content: EmptyByteBufBE)
GET /session/13e38b35c9b210637af41c90e2922ce6/url HTTP/1.1
User-Agent: selenium/4.8.1 (java windows)
Cache-Control: no-cache
Content-Type: application/json; charset=utf-8
host: localhost:35389
accept: */*

Response DefaultHttpResponse(decodeResult: success, version: HTTP/1.1)
HTTP/1.1 200 OK
Content-Length: 45
Content-Type: application/json; charset=utf-8
cache-control: no-cache

18:24:34.880 [AsyncHttpClient-1-17] DEBUG org.asynchttpclient.netty.channel.ChannelManager - Adding key: http://localhost:35389 for channel [id: 0x029edc76, L:/127.0.0.1:52187 - R:localhost/127.0.0.1:35389]
18:24:34.881 [Forwarding screenshot on session 13e38b35c9b210637af41c90e2922ce6 to remote] DEBUG org.asynchttpclient.netty.request.NettyRequestSender - Using pooled Channel '[id: 0x029edc76, L:/127.0.0.1:52187 - R:localhost/127.0.0.1:35389]' for 'GET' to 'http://localhost:35389/session/13e38b35c9b210637af41c90e2922ce6/screenshot'
18:24:34.881 [Forwarding screenshot on session 13e38b35c9b210637af41c90e2922ce6 to remote] DEBUG org.asynchttpclient.netty.request.NettyRequestSender - Using open Channel [id: 0x029edc76, L:/127.0.0.1:52187 - R:localhost/127.0.0.1:35389] for GET '/session/13e38b35c9b210637af41c90e2922ce6/screenshot'
18:24:34.966 [AsyncHttpClient-1-17] DEBUG org.asynchttpclient.netty.handler.HttpHandler - 

Request DefaultFullHttpRequest(decodeResult: success, version: HTTP/1.1, content: EmptyByteBufBE)
GET /session/13e38b35c9b210637af41c90e2922ce6/screenshot HTTP/1.1
User-Agent: selenium/4.8.1 (java windows)
Cache-Control: no-cache
Content-Type: application/json; charset=utf-8
host: localhost:35389
accept: */*

Response DefaultHttpResponse(decodeResult: success, version: HTTP/1.1)
HTTP/1.1 200 OK
Content-Length: 36360
Content-Type: application/json; charset=utf-8
cache-control: no-cache

18:24:34.967 [AsyncHttpClient-1-17] DEBUG org.asynchttpclient.netty.channel.ChannelManager - Adding key: http://localhost:35389 for channel [id: 0x029edc76, L:/127.0.0.1:52187 - R:localhost/127.0.0.1:35389]
18:24:34.968 [main] DEBUG net.serenitybdd.core.photography.Darkroom - Send negative for processing for target\site\serenity\8a433008b46b6af2a6bb1aff6ac3b501df8733f897f01858fff00bd3129397e5.png
18:24:34.968 [main] DEBUG net.thucydides.core.steps.StepInterceptor - STEP DONE: clickLoginButton
  &amp#27;[32mWhen &amp#27;[0m&amp#27;[32mI click on the login button&amp#27;[0m       &amp#27;[90m# starter.stepdefinitions.LoginSteps.clickLoginButton()&amp#27;[0m
18:24:34.968 [Darkroom Processing Line] DEBUG net.serenitybdd.core.photography.DarkroomProcessingLine - Processing screenshot image in /var/screenshots/screenshot-7356801604346874285
18:24:34.968 [Darkroom Processing Line] DEBUG net.serenitybdd.core.photography.DarkroomProcessingLine - Saving screenshot to target\site\serenity\8a433008b46b6af2a6bb1aff6ac3b501df8733f897f01858fff00bd3129397e5.png
18:24:34.974 [Forwarding getPageSource on session 13e38b35c9b210637af41c90e2922ce6 to remote] DEBUG org.asynchttpclient.netty.request.NettyRequestSender - Using pooled Channel '[id: 0x029edc76, L:/127.0.0.1:52187 - R:localhost/127.0.0.1:35389]' for 'POST' to 'http://localhost:35389/session/13e38b35c9b210637af41c90e2922ce6/execute/sync'
18:24:34.974 [Forwarding getPageSource on session 13e38b35c9b210637af41c90e2922ce6 to remote] DEBUG org.asynchttpclient.netty.request.NettyRequestSender - Using open Channel [id: 0x029edc76, L:/127.0.0.1:52187 - R:localhost/127.0.0.1:35389] for POST '/session/13e38b35c9b210637af41c90e2922ce6/execute/sync'
18:24:34.978 [AsyncHttpClient-1-17] DEBUG org.asynchttpclient.netty.handler.HttpHandler - 

Request DefaultHttpRequest(decodeResult: success, version: HTTP/1.1)
POST /session/13e38b35c9b210637af41c90e2922ce6/execute/sync HTTP/1.1
User-Agent: selenium/4.8.1 (java windows)
Content-Length: 176
Content-Type: application/json; charset=utf-8
host: localhost:35389
accept: */*

Response DefaultHttpResponse(decodeResult: success, version: HTTP/1.1)
HTTP/1.1 200 OK
Content-Length: 9207
Content-Type: application/json; charset=utf-8
cache-control: no-cache

18:24:34.978 [AsyncHttpClient-1-17] DEBUG org.asynchttpclient.netty.channel.ChannelManager - Adding key: http://localhost:35389 for channel [id: 0x029edc76, L:/127.0.0.1:52187 - R:localhost/127.0.0.1:35389]
18:24:34.979 [Forwarding getCurrentUrl on session 13e38b35c9b210637af41c90e2922ce6 to remote] DEBUG org.asynchttpclient.netty.request.NettyRequestSender - Using pooled Channel '[id: 0x029edc76, L:/127.0.0.1:52187 - R:localhost/127.0.0.1:35389]' for 'GET' to 'http://localhost:35389/session/13e38b35c9b210637af41c90e2922ce6/url'
18:24:34.980 [Forwarding getCurrentUrl on session 13e38b35c9b210637af41c90e2922ce6 to remote] DEBUG org.asynchttpclient.netty.request.NettyRequestSender - Using open Channel [id: 0x029edc76, L:/127.0.0.1:52187 - R:localhost/127.0.0.1:35389] for GET '/session/13e38b35c9b210637af41c90e2922ce6/url'
18:24:34.984 [AsyncHttpClient-1-17] DEBUG org.asynchttpclient.netty.handler.HttpHandler - 

Request DefaultFullHttpRequest(decodeResult: success, version: HTTP/1.1, content: EmptyByteBufBE)
GET /session/13e38b35c9b210637af41c90e2922ce6/url HTTP/1.1
User-Agent: selenium/4.8.1 (java windows)
Cache-Control: no-cache
Content-Type: application/json; charset=utf-8
host: localhost:35389
accept: */*

Response DefaultHttpResponse(decodeResult: success, version: HTTP/1.1)
HTTP/1.1 200 OK
Content-Length: 45
Content-Type: application/json; charset=utf-8
cache-control: no-cache

18:24:34.984 [AsyncHttpClient-1-17] DEBUG org.asynchttpclient.netty.channel.ChannelManager - Adding key: http://localhost:35389 for channel [id: 0x029edc76, L:/127.0.0.1:52187 - R:localhost/127.0.0.1:35389]
18:24:34.990 [Forwarding getPageSource on session 13e38b35c9b210637af41c90e2922ce6 to remote] DEBUG org.asynchttpclient.netty.request.NettyRequestSender - Using pooled Channel '[id: 0x029edc76, L:/127.0.0.1:52187 - R:localhost/127.0.0.1:35389]' for 'POST' to 'http://localhost:35389/session/13e38b35c9b210637af41c90e2922ce6/execute/sync'
18:24:34.990 [Forwarding getPageSource on session 13e38b35c9b210637af41c90e2922ce6 to remote] DEBUG org.asynchttpclient.netty.request.NettyRequestSender - Using open Channel [id: 0x029edc76, L:/127.0.0.1:52187 - R:localhost/127.0.0.1:35389] for POST '/session/13e38b35c9b210637af41c90e2922ce6/execute/sync'
18:24:34.993 [AsyncHttpClient-1-17] DEBUG org.asynchttpclient.netty.handler.HttpHandler - 

Request DefaultHttpRequest(decodeResult: success, version: HTTP/1.1)
POST /session/13e38b35c9b210637af41c90e2922ce6/execute/sync HTTP/1.1
User-Agent: selenium/4.8.1 (java windows)
Content-Length: 176
Content-Type: application/json; charset=utf-8
host: localhost:35389
accept: */*

Response DefaultHttpResponse(decodeResult: success, version: HTTP/1.1)
HTTP/1.1 200 OK
Content-Length: 9207
Content-Type: application/json; charset=utf-8
cache-control: no-cache

18:24:34.993 [AsyncHttpClient-1-17] DEBUG org.asynchttpclient.netty.channel.ChannelManager - Adding key: http://localhost:35389 for channel [id: 0x029edc76, L:/127.0.0.1:52187 - R:localhost/127.0.0.1:35389]
18:24:34.994 [Forwarding getCurrentUrl on session 13e38b35c9b210637af41c90e2922ce6 to remote] DEBUG org.asynchttpclient.netty.request.NettyRequestSender - Using pooled Channel '[id: 0x029edc76, L:/127.0.0.1:52187 - R:localhost/127.0.0.1:35389]' for 'GET' to 'http://localhost:35389/session/13e38b35c9b210637af41c90e2922ce6/url'
18:24:34.994 [Forwarding getCurrentUrl on session 13e38b35c9b210637af41c90e2922ce6 to remote] DEBUG org.asynchttpclient.netty.request.NettyRequestSender - Using open Channel [id: 0x029edc76, L:/127.0.0.1:52187 - R:localhost/127.0.0.1:35389] for GET '/session/13e38b35c9b210637af41c90e2922ce6/url'
18:24:34.997 [AsyncHttpClient-1-17] DEBUG org.asynchttpclient.netty.handler.HttpHandler - 

Request DefaultFullHttpRequest(decodeResult: success, version: HTTP/1.1, content: EmptyByteBufBE)
GET /session/13e38b35c9b210637af41c90e2922ce6/url HTTP/1.1
User-Agent: selenium/4.8.1 (java windows)
Cache-Control: no-cache
Content-Type: application/json; charset=utf-8
host: localhost:35389
accept: */*

Response DefaultHttpResponse(decodeResult: success, version: HTTP/1.1)
HTTP/1.1 200 OK
Content-Length: 45
Content-Type: application/json; charset=utf-8
cache-control: no-cache

18:24:34.997 [AsyncHttpClient-1-17] DEBUG org.asynchttpclient.netty.channel.ChannelManager - Adding key: http://localhost:35389 for channel [id: 0x029edc76, L:/127.0.0.1:52187 - R:localhost/127.0.0.1:35389]
18:24:34.999 [main] DEBUG net.thucydides.core.steps.StepInterceptor - STARTING STEP: LoginSteps.checkWarningEmptyEmail - checkWarningEmptyEmail
18:24:35.000 [Forwarding findElement on session 13e38b35c9b210637af41c90e2922ce6 to remote] DEBUG org.asynchttpclient.netty.request.NettyRequestSender - Using pooled Channel '[id: 0x029edc76, L:/127.0.0.1:52187 - R:localhost/127.0.0.1:35389]' for 'POST' to 'http://localhost:35389/session/13e38b35c9b210637af41c90e2922ce6/element'
18:24:35.000 [Forwarding findElement on session 13e38b35c9b210637af41c90e2922ce6 to remote] DEBUG org.asynchttpclient.netty.request.NettyRequestSender - Using open Channel [id: 0x029edc76, L:/127.0.0.1:52187 - R:localhost/127.0.0.1:35389] for POST '/session/13e38b35c9b210637af41c90e2922ce6/element'
18:24:35.008 [AsyncHttpClient-1-17] DEBUG org.asynchttpclient.netty.handler.HttpHandler - 

Request DefaultHttpRequest(decodeResult: success, version: HTTP/1.1)
POST /session/13e38b35c9b210637af41c90e2922ce6/element HTTP/1.1
User-Agent: selenium/4.8.1 (java windows)
Content-Length: 51
Content-Type: application/json; charset=utf-8
host: localhost:35389
accept: */*

Response DefaultHttpResponse(decodeResult: success, version: HTTP/1.1)
HTTP/1.1 200 OK
Content-Length: 95
Content-Type: application/json; charset=utf-8
cache-control: no-cache

18:24:35.009 [AsyncHttpClient-1-17] DEBUG org.asynchttpclient.netty.channel.ChannelManager - Adding key: http://localhost:35389 for channel [id: 0x029edc76, L:/127.0.0.1:52187 - R:localhost/127.0.0.1:35389]
18:24:35.011 [Forwarding isElementDisplayed on session 13e38b35c9b210637af41c90e2922ce6 to remote] DEBUG org.asynchttpclient.netty.request.NettyRequestSender - Using pooled Channel '[id: 0x029edc76, L:/127.0.0.1:52187 - R:localhost/127.0.0.1:35389]' for 'POST' to 'http://localhost:35389/session/13e38b35c9b210637af41c90e2922ce6/execute/sync'
18:24:35.011 [Forwarding isElementDisplayed on session 13e38b35c9b210637af41c90e2922ce6 to remote] DEBUG org.asynchttpclient.netty.request.NettyRequestSender - Using open Channel [id: 0x029edc76, L:/127.0.0.1:52187 - R:localhost/127.0.0.1:35389] for POST '/session/13e38b35c9b210637af41c90e2922ce6/execute/sync'
18:24:35.021 [AsyncHttpClient-1-17] DEBUG org.asynchttpclient.netty.handler.HttpHandler - 

Request DefaultHttpRequest(decodeResult: success, version: HTTP/1.1)
POST /session/13e38b35c9b210637af41c90e2922ce6/execute/sync HTTP/1.1
User-Agent: selenium/4.8.1 (java windows)
Content-Length: 48814
Content-Type: application/json; charset=utf-8
host: localhost:35389
accept: */*

Response DefaultHttpResponse(decodeResult: success, version: HTTP/1.1)
HTTP/1.1 200 OK
Content-Length: 14
Content-Type: application/json; charset=utf-8
cache-control: no-cache

18:24:35.021 [AsyncHttpClient-1-17] DEBUG org.asynchttpclient.netty.channel.ChannelManager - Adding key: http://localhost:35389 for channel [id: 0x029edc76, L:/127.0.0.1:52187 - R:localhost/127.0.0.1:35389]
18:24:35.025 [Forwarding getAlertText on session 13e38b35c9b210637af41c90e2922ce6 to remote] DEBUG org.asynchttpclient.netty.request.NettyRequestSender - Using pooled Channel '[id: 0x029edc76, L:/127.0.0.1:52187 - R:localhost/127.0.0.1:35389]' for 'GET' to 'http://localhost:35389/session/13e38b35c9b210637af41c90e2922ce6/alert/text'
18:24:35.025 [Forwarding getAlertText on session 13e38b35c9b210637af41c90e2922ce6 to remote] DEBUG org.asynchttpclient.netty.request.NettyRequestSender - Using open Channel [id: 0x029edc76, L:/127.0.0.1:52187 - R:localhost/127.0.0.1:35389] for GET '/session/13e38b35c9b210637af41c90e2922ce6/alert/text'
18:24:35.026 [AsyncHttpClient-1-17] DEBUG org.asynchttpclient.netty.handler.HttpHandler - 

Request DefaultFullHttpRequest(decodeResult: success, version: HTTP/1.1, content: EmptyByteBufBE)
GET /session/13e38b35c9b210637af41c90e2922ce6/alert/text HTTP/1.1
User-Agent: selenium/4.8.1 (java windows)
Cache-Control: no-cache
Content-Type: application/json; charset=utf-8
host: localhost:35389
accept: */*

Response DefaultHttpResponse(decodeResult: success, version: HTTP/1.1)
HTTP/1.1 404 Not Found
Content-Length: 821
Content-Type: application/json; charset=utf-8
cache-control: no-cache

18:24:35.026 [AsyncHttpClient-1-17] DEBUG org.asynchttpclient.netty.channel.ChannelManager - Adding key: http://localhost:35389 for channel [id: 0x029edc76, L:/127.0.0.1:52187 - R:localhost/127.0.0.1:35389]
18:24:35.027 [Forwarding getCurrentUrl on session 13e38b35c9b210637af41c90e2922ce6 to remote] DEBUG org.asynchttpclient.netty.request.NettyRequestSender - Using pooled Channel '[id: 0x029edc76, L:/127.0.0.1:52187 - R:localhost/127.0.0.1:35389]' for 'GET' to 'http://localhost:35389/session/13e38b35c9b210637af41c90e2922ce6/url'
18:24:35.027 [Forwarding getCurrentUrl on session 13e38b35c9b210637af41c90e2922ce6 to remote] DEBUG org.asynchttpclient.netty.request.NettyRequestSender - Using open Channel [id: 0x029edc76, L:/127.0.0.1:52187 - R:localhost/127.0.0.1:35389] for GET '/session/13e38b35c9b210637af41c90e2922ce6/url'
18:24:35.031 [AsyncHttpClient-1-17] DEBUG org.asynchttpclient.netty.handler.HttpHandler - 

Request DefaultFullHttpRequest(decodeResult: success, version: HTTP/1.1, content: EmptyByteBufBE)
GET /session/13e38b35c9b210637af41c90e2922ce6/url HTTP/1.1
User-Agent: selenium/4.8.1 (java windows)
Cache-Control: no-cache
Content-Type: application/json; charset=utf-8
host: localhost:35389
accept: */*

Response DefaultHttpResponse(decodeResult: success, version: HTTP/1.1)
HTTP/1.1 200 OK
Content-Length: 45
Content-Type: application/json; charset=utf-8
cache-control: no-cache

18:24:35.031 [AsyncHttpClient-1-17] DEBUG org.asynchttpclient.netty.channel.ChannelManager - Adding key: http://localhost:35389 for channel [id: 0x029edc76, L:/127.0.0.1:52187 - R:localhost/127.0.0.1:35389]
18:24:35.031 [Forwarding screenshot on session 13e38b35c9b210637af41c90e2922ce6 to remote] DEBUG org.asynchttpclient.netty.request.NettyRequestSender - Using pooled Channel '[id: 0x029edc76, L:/127.0.0.1:52187 - R:localhost/127.0.0.1:35389]' for 'GET' to 'http://localhost:35389/session/13e38b35c9b210637af41c90e2922ce6/screenshot'
18:24:35.031 [Forwarding screenshot on session 13e38b35c9b210637af41c90e2922ce6 to remote] DEBUG org.asynchttpclient.netty.request.NettyRequestSender - Using open Channel [id: 0x029edc76, L:/127.0.0.1:52187 - R:localhost/127.0.0.1:35389] for GET '/session/13e38b35c9b210637af41c90e2922ce6/screenshot'
18:24:35.136 [AsyncHttpClient-1-17] DEBUG org.asynchttpclient.netty.handler.HttpHandler - 

Request DefaultFullHttpRequest(decodeResult: success, version: HTTP/1.1, content: EmptyByteBufBE)
GET /session/13e38b35c9b210637af41c90e2922ce6/screenshot HTTP/1.1
User-Agent: selenium/4.8.1 (java windows)
Cache-Control: no-cache
Content-Type: application/json; charset=utf-8
host: localhost:35389
accept: */*

Response DefaultHttpResponse(decodeResult: success, version: HTTP/1.1)
HTTP/1.1 200 OK
Content-Length: 36396
Content-Type: application/json; charset=utf-8
cache-control: no-cache

18:24:35.136 [AsyncHttpClient-1-17] DEBUG org.asynchttpclient.netty.channel.ChannelManager - Adding key: http://localhost:35389 for channel [id: 0x029edc76, L:/127.0.0.1:52187 - R:localhost/127.0.0.1:35389]
18:24:35.137 [main] DEBUG net.serenitybdd.core.photography.Darkroom - Send negative for processing for target\site\serenity\6f9348c8f3ea4867a9734b4d4f2cf1b1f052e7686860779d8a2a34635e2f1779.png
18:24:35.138 [main] DEBUG net.thucydides.core.steps.StepInterceptor - STEP DONE: checkWarningEmptyEmail
18:24:35.138 [Darkroom Processing Line] DEBUG net.serenitybdd.core.photography.DarkroomProcessingLine - Processing screenshot image in /var/screenshots/screenshot-9991964167580444285
18:24:35.138 [Darkroom Processing Line] DEBUG net.serenitybdd.core.photography.DarkroomProcessingLine - Saving screenshot to target\site\serenity\6f9348c8f3ea4867a9734b4d4f2cf1b1f052e7686860779d8a2a34635e2f1779.png
  &amp#27;[32mThen &amp#27;[0m&amp#27;[32mI should see empty warning email&amp#27;[0m  &amp#27;[90m# starter.stepdefinitions.LoginSteps.checkWarningEmptyEmail()&amp#27;[0m
18:24:35.141 [main] INFO  - 
  _____   ___   ___   _____     ___     _     ___   ___   ___   ___  
 |_   _| | __| / __| |_   _|   | _ \   /_\   / __| / __| | __| |   \ 
   | |   | _|  \__ \   | |     |  _/  / _ \  \__ \ \__ \ | _|  | |) |
   |_|   |___| |___/   |_|     |_|   /_/ \_\ |___/ |___/ |___| |___/ 

Admin login without fill email
----------------------------------------------------------------------
18:24:35.142 [AsyncHttpClient-1-19] DEBUG org.asynchttpclient.netty.handler.WebSocketHandler - Channel Closed: [id: 0x12c1fa9d, L:/127.0.0.1:52195 ! R:localhost/127.0.0.1:52188] with attribute NettyResponseFuture{currentRetry=0,
	isDone=1,
	isCancelled=0,
	asyncHandler=org.asynchttpclient.ws.WebSocketUpgradeHandler@4a2adb72,
	nettyRequest=org.asynchttpclient.netty.request.NettyRequest@f285c53,
	future=java.util.concurrent.CompletableFuture@5a2faf14[Completed normally],
	uri=ws://localhost:52188/devtools/browser/2c016f0d-e2c8-49f4-b54a-8617aa84b53e,
	keepAlive=true,
	redirectCount=0,
	timeoutsHolder=null,
	inAuth=0,
	touch=1687346673114}
18:24:35.142 [Driver Command Executor] DEBUG org.asynchttpclient.netty.request.NettyRequestSender - Using pooled Channel '[id: 0x029edc76, L:/127.0.0.1:52187 - R:localhost/127.0.0.1:35389]' for 'DELETE' to 'http://localhost:35389/session/13e38b35c9b210637af41c90e2922ce6'
18:24:35.142 [AsyncHttpClient-1-19] DEBUG org.asynchttpclient.netty.channel.ChannelManager - Closing Channel [id: 0x12c1fa9d, L:/127.0.0.1:52195 ! R:localhost/127.0.0.1:52188] 
18:24:35.142 [Driver Command Executor] DEBUG org.asynchttpclient.netty.request.NettyRequestSender - Using open Channel [id: 0x029edc76, L:/127.0.0.1:52187 - R:localhost/127.0.0.1:35389] for DELETE '/session/13e38b35c9b210637af41c90e2922ce6'
18:24:35.170 [AsyncHttpClient-1-18] DEBUG org.asynchttpclient.netty.handler.HttpHandler - Unexpected I/O exception on channel [id: 0x6d6dabdb, L:/127.0.0.1:52194 - R:localhost/127.0.0.1:52188]
java.net.SocketException: Connection reset
	at java.base/sun.nio.ch.SocketChannelImpl.throwConnectionReset(SocketChannelImpl.java:367)
	at java.base/sun.nio.ch.SocketChannelImpl.read(SocketChannelImpl.java:398)
	at io.netty.buffer.PooledByteBuf.setBytes(PooledByteBuf.java:259)
	at io.netty.buffer.AbstractByteBuf.writeBytes(AbstractByteBuf.java:1132)
	at io.netty.channel.socket.nio.NioSocketChannel.doReadBytes(NioSocketChannel.java:357)
	at io.netty.channel.nio.AbstractNioByteChannel$NioByteUnsafe.read(AbstractNioByteChannel.java:151)
	at io.netty.channel.nio.NioEventLoop.processSelectedKey(NioEventLoop.java:788)
	at io.netty.channel.nio.NioEventLoop.processSelectedKeysOptimized(NioEventLoop.java:724)
	at io.netty.channel.nio.NioEventLoop.processSelectedKeys(NioEventLoop.java:650)
	at io.netty.channel.nio.NioEventLoop.run(NioEventLoop.java:562)
	at io.netty.util.concurrent.SingleThreadEventExecutor$4.run(SingleThreadEventExecutor.java:997)
	at io.netty.util.internal.ThreadExecutorMap$2.run(ThreadExecutorMap.java:74)
	at io.netty.util.concurrent.FastThreadLocalRunnable.run(FastThreadLocalRunnable.java:30)
	at java.base/java.lang.Thread.run(Thread.java:832)
18:24:35.170 [AsyncHttpClient-1-18] DEBUG org.asynchttpclient.netty.channel.ChannelManager - Closing Channel [id: 0x6d6dabdb, L:/127.0.0.1:52194 - R:localhost/127.0.0.1:52188] 
18:24:35.171 [AsyncHttpClient-1-18] DEBUG org.asynchttpclient.netty.handler.HttpHandler - Channel Closed: [id: 0x6d6dabdb, L:/127.0.0.1:52194 ! R:localhost/127.0.0.1:52188] with attribute DISCARD
18:24:35.183 [AsyncHttpClient-1-17] DEBUG org.asynchttpclient.netty.handler.HttpHandler - 

Request DefaultFullHttpRequest(decodeResult: success, version: HTTP/1.1, content: EmptyByteBufBE)
DELETE /session/13e38b35c9b210637af41c90e2922ce6 HTTP/1.1
User-Agent: selenium/4.8.1 (java windows)
Content-Type: application/json; charset=utf-8
host: localhost:35389
accept: */*

Response DefaultHttpResponse(decodeResult: success, version: HTTP/1.1)
HTTP/1.1 200 OK
Content-Length: 14
Content-Type: application/json; charset=utf-8
cache-control: no-cache

18:24:35.183 [AsyncHttpClient-1-17] DEBUG org.asynchttpclient.netty.channel.ChannelManager - Adding key: http://localhost:35389 for channel [id: 0x029edc76, L:/127.0.0.1:52187 - R:localhost/127.0.0.1:35389]
18:24:35.247 [AsyncHttpClient-1-17] DEBUG org.asynchttpclient.netty.handler.HttpHandler - Channel Closed: [id: 0x029edc76, L:/127.0.0.1:52187 ! R:localhost/127.0.0.1:35389] with attribute DISCARD
18:24:35.408 [AsyncHttpClient-1-1] DEBUG org.asynchttpclient.netty.channel.DefaultChannelPool - Entry count for : http://localhost:52188 : 1
18:24:35.408 [AsyncHttpClient-1-1] DEBUG org.asynchttpclient.netty.channel.DefaultChannelPool - Entry count for : http://localhost:35389 : 1
18:24:35.408 [AsyncHttpClient-1-1] DEBUG org.asynchttpclient.netty.channel.DefaultChannelPool - Adding Candidate expired Channel [id: 0x6d6dabdb, L:/127.0.0.1:52194 ! R:localhost/127.0.0.1:52188] isIdleTimeoutExpired=false isRemotelyClosed=true isTtlExpired=false
18:24:35.408 [AsyncHttpClient-1-1] DEBUG org.asynchttpclient.netty.channel.DefaultChannelPool - Closing Idle Channel [id: 0x6d6dabdb, L:/127.0.0.1:52194 ! R:localhost/127.0.0.1:52188]
18:24:35.408 [AsyncHttpClient-1-1] DEBUG org.asynchttpclient.netty.channel.DefaultChannelPool - Adding Candidate expired Channel [id: 0x029edc76, L:/127.0.0.1:52187 ! R:localhost/127.0.0.1:35389] isIdleTimeoutExpired=false isRemotelyClosed=true isTtlExpired=false
18:24:35.408 [AsyncHttpClient-1-1] DEBUG org.asynchttpclient.netty.channel.DefaultChannelPool - Closing Idle Channel [id: 0x029edc76, L:/127.0.0.1:52187 ! R:localhost/127.0.0.1:35389]
18:24:35.408 [AsyncHttpClient-1-1] DEBUG org.asynchttpclient.netty.channel.DefaultChannelPool - Closed 2 connections out of 2 in 0 ms
]]></system-out>
    <system-err><![CDATA[Starting ChromeDriver 114.0.5735.16 (7e1ff058633f5b79b1cd7479aca585ba385519d8-refs/branch-heads/5735@{#182}) on port 35389
Only local connections are allowed.
Please see https://chromedriver.chromium.org/security-considerations for suggestions on keeping ChromeDriver safe.
ChromeDriver was started successfully.
Jun 21, 2023 6:24:33 PM org.openqa.selenium.devtools.CdpVersionFinder findNearestMatch
WARNING: Unable to find an exact match for CDP version 114, so returning the closest version found: 110
]]></system-err>
  </testcase>
  <testcase name="Admin login with email less than 2 char" classname="Login to Sociops Admin Account" time="3.588">
    <system-out><![CDATA[
Scenario: Admin login with email less than 2 char &amp#27;[90m# src/test/resources/features/Login.feature:49&amp#27;[0m
18:24:35.787 [main] DEBUG io.cucumber.core.plugin.SerenityReporter - Running feature from file:///C:/Users/WINDOWS%2010/Documents/GitHub/Capstone/sociops_qe_web/src/test/resources/features/Login.feature
18:24:35.788 [main] INFO  - 
  _____   ___   ___   _____     ___   _____     _     ___   _____   ___   ___  
 |_   _| | __| / __| |_   _|   / __| |_   _|   /_\   | _ \ |_   _| | __| |   \ 
   | |   | _|  \__ \   | |     \__ \   | |    / _ \  |   /   | |   | _|  | |) |
   |_|   |___| |___/   |_|     |___/   |_|   /_/ \_\ |_|_\   |_|   |___| |___/ 

Admin login with email less than 2 char(login-to-sociops-admin-account;admin-login-with-email-less-than-2-char)
--------------------------------------------------------------------------------
18:24:35.797 [main] DEBUG net.thucydides.core.steps.StepInterceptor - STARTING STEP: LoginSteps.onTheLoginPage - openPage
18:24:35.825 [main] INFO net.serenitybdd.core.webdriver.driverproviders.ChromeDriverProvider - Starting Chrome driver instance with capabilities:
18:24:35.825 [main] INFO net.serenitybdd.core.webdriver.driverproviders.ChromeDriverProvider - Capabilities {acceptInsecureCerts: false, browserName: chrome, goog:chromeOptions: {args: [remote-allow-origins=*], extensions: []}}
18:24:35.896 [AsyncHttpClient-1-20] DEBUG org.asynchttpclient.netty.channel.NettyConnectListener - Using new Channel '[id: 0xde7e4157, L:/127.0.0.1:52212 - R:localhost/127.0.0.1:49025]' for 'POST' to '/session'
18:24:36.565 [AsyncHttpClient-1-20] DEBUG org.asynchttpclient.netty.handler.HttpHandler - 

Request DefaultHttpRequest(decodeResult: success, version: HTTP/1.1)
POST /session HTTP/1.1
User-Agent: selenium/4.8.1 (java windows)
Content-Length: 507
Content-Type: application/json; charset=utf-8
host: localhost:49025
accept: */*

Response DefaultHttpResponse(decodeResult: success, version: HTTP/1.1)
HTTP/1.1 200 OK
Content-Length: 863
Content-Type: application/json; charset=utf-8
cache-control: no-cache

18:24:36.565 [AsyncHttpClient-1-20] DEBUG org.asynchttpclient.netty.channel.ChannelManager - Adding key: http://localhost:49025 for channel [id: 0xde7e4157, L:/127.0.0.1:52212 - R:localhost/127.0.0.1:49025]
18:24:36.569 [AsyncHttpClient-1-21] DEBUG org.asynchttpclient.netty.channel.NettyConnectListener - Using new Channel '[id: 0xd25c1b5d, L:/127.0.0.1:52219 - R:localhost/127.0.0.1:52213]' for 'GET' to '/json/version'
18:24:36.571 [AsyncHttpClient-1-21] DEBUG org.asynchttpclient.netty.handler.HttpHandler - 

Request DefaultFullHttpRequest(decodeResult: success, version: HTTP/1.1, content: EmptyByteBufBE)
GET /json/version HTTP/1.1
User-Agent: selenium/4.8.1 (java windows)
host: localhost:52213
accept: */*

Response DefaultHttpResponse(decodeResult: success, version: HTTP/1.1)
HTTP/1.1 200 OK
Content-Security-Policy: frame-ancestors 'none'
Content-Length: 424
Content-Type: application/json; charset=UTF-8

18:24:36.571 [AsyncHttpClient-1-21] DEBUG org.asynchttpclient.netty.channel.ChannelManager - Adding key: http://localhost:52213 for channel [id: 0xd25c1b5d, L:/127.0.0.1:52219 - R:localhost/127.0.0.1:52213]
18:24:36.573 [AsyncHttpClient-1-22] DEBUG org.asynchttpclient.netty.channel.NettyConnectListener - Using new Channel '[id: 0x9a9480a3, L:/127.0.0.1:52220 - R:localhost/127.0.0.1:52213]' for 'GET' to '/devtools/browser/0741a87a-d172-4075-9635-62c04b2d51c2'
18:24:36.576 [AsyncHttpClient-1-22] DEBUG org.asynchttpclient.netty.handler.WebSocketHandler - 

Request DefaultFullHttpRequest(decodeResult: success, version: HTTP/1.1, content: EmptyByteBufBE)
GET /devtools/browser/0741a87a-d172-4075-9635-62c04b2d51c2 HTTP/1.1
upgrade: websocket
connection: upgrade
sec-websocket-key: CyUqf6s9QvsUvXvNK9eiWw==
sec-websocket-version: 13
origin: http://localhost:52213
host: localhost:52213
accept: */*
user-agent: AHC/2.1

Response DefaultHttpResponse(decodeResult: success, version: HTTP/1.1)
HTTP/1.1 101 WebSocket Protocol Handshake
Upgrade: WebSocket
Connection: Upgrade
Sec-WebSocket-Accept: b0lPx5Kw8tGwTEP6CH4oLyZb6ws=

18:24:36.578 [Forwarding get on session 72de4addcdd72d8c43a037eb74918b82 to remote] DEBUG org.asynchttpclient.netty.request.NettyRequestSender - Using pooled Channel '[id: 0xde7e4157, L:/127.0.0.1:52212 - R:localhost/127.0.0.1:49025]' for 'POST' to 'http://localhost:49025/session/72de4addcdd72d8c43a037eb74918b82/url'
18:24:36.578 [Forwarding get on session 72de4addcdd72d8c43a037eb74918b82 to remote] DEBUG org.asynchttpclient.netty.request.NettyRequestSender - Using open Channel [id: 0xde7e4157, L:/127.0.0.1:52212 - R:localhost/127.0.0.1:49025] for POST '/session/72de4addcdd72d8c43a037eb74918b82/url'
18:24:37.602 [AsyncHttpClient-1-1] DEBUG org.asynchttpclient.netty.channel.DefaultChannelPool - Entry count for : http://localhost:52213 : 1
18:24:37.725 [AsyncHttpClient-1-20] DEBUG org.asynchttpclient.netty.handler.HttpHandler - 

Request DefaultHttpRequest(decodeResult: success, version: HTTP/1.1)
POST /session/72de4addcdd72d8c43a037eb74918b82/url HTTP/1.1
User-Agent: selenium/4.8.1 (java windows)
Content-Length: 63
Content-Type: application/json; charset=utf-8
host: localhost:49025
accept: */*

Response DefaultHttpResponse(decodeResult: success, version: HTTP/1.1)
HTTP/1.1 200 OK
Content-Length: 14
Content-Type: application/json; charset=utf-8
cache-control: no-cache

18:24:37.726 [AsyncHttpClient-1-20] DEBUG org.asynchttpclient.netty.channel.ChannelManager - Adding key: http://localhost:49025 for channel [id: 0xde7e4157, L:/127.0.0.1:52212 - R:localhost/127.0.0.1:49025]
18:24:37.726 [Forwarding setTimeout on session 72de4addcdd72d8c43a037eb74918b82 to remote] DEBUG org.asynchttpclient.netty.request.NettyRequestSender - Using pooled Channel '[id: 0xde7e4157, L:/127.0.0.1:52212 - R:localhost/127.0.0.1:49025]' for 'POST' to 'http://localhost:49025/session/72de4addcdd72d8c43a037eb74918b82/timeouts'
18:24:37.726 [Forwarding setTimeout on session 72de4addcdd72d8c43a037eb74918b82 to remote] DEBUG org.asynchttpclient.netty.request.NettyRequestSender - Using open Channel [id: 0xde7e4157, L:/127.0.0.1:52212 - R:localhost/127.0.0.1:49025] for POST '/session/72de4addcdd72d8c43a037eb74918b82/timeouts'
18:24:37.728 [AsyncHttpClient-1-20] DEBUG org.asynchttpclient.netty.handler.HttpHandler - 

Request DefaultHttpRequest(decodeResult: success, version: HTTP/1.1)
POST /session/72de4addcdd72d8c43a037eb74918b82/timeouts HTTP/1.1
User-Agent: selenium/4.8.1 (java windows)
Content-Length: 22
Content-Type: application/json; charset=utf-8
host: localhost:49025
accept: */*

Response DefaultHttpResponse(decodeResult: success, version: HTTP/1.1)
HTTP/1.1 200 OK
Content-Length: 14
Content-Type: application/json; charset=utf-8
cache-control: no-cache

18:24:37.728 [AsyncHttpClient-1-20] DEBUG org.asynchttpclient.netty.channel.ChannelManager - Adding key: http://localhost:49025 for channel [id: 0xde7e4157, L:/127.0.0.1:52212 - R:localhost/127.0.0.1:49025]
18:24:37.732 [Forwarding getAlertText on session 72de4addcdd72d8c43a037eb74918b82 to remote] DEBUG org.asynchttpclient.netty.request.NettyRequestSender - Using pooled Channel '[id: 0xde7e4157, L:/127.0.0.1:52212 - R:localhost/127.0.0.1:49025]' for 'GET' to 'http://localhost:49025/session/72de4addcdd72d8c43a037eb74918b82/alert/text'
18:24:37.732 [Forwarding getAlertText on session 72de4addcdd72d8c43a037eb74918b82 to remote] DEBUG org.asynchttpclient.netty.request.NettyRequestSender - Using open Channel [id: 0xde7e4157, L:/127.0.0.1:52212 - R:localhost/127.0.0.1:49025] for GET '/session/72de4addcdd72d8c43a037eb74918b82/alert/text'
18:24:37.734 [AsyncHttpClient-1-20] DEBUG org.asynchttpclient.netty.handler.HttpHandler - 

Request DefaultFullHttpRequest(decodeResult: success, version: HTTP/1.1, content: EmptyByteBufBE)
GET /session/72de4addcdd72d8c43a037eb74918b82/alert/text HTTP/1.1
User-Agent: selenium/4.8.1 (java windows)
Cache-Control: no-cache
Content-Type: application/json; charset=utf-8
host: localhost:49025
accept: */*

Response DefaultHttpResponse(decodeResult: success, version: HTTP/1.1)
HTTP/1.1 404 Not Found
Content-Length: 821
Content-Type: application/json; charset=utf-8
cache-control: no-cache

18:24:37.734 [AsyncHttpClient-1-20] DEBUG org.asynchttpclient.netty.channel.ChannelManager - Adding key: http://localhost:49025 for channel [id: 0xde7e4157, L:/127.0.0.1:52212 - R:localhost/127.0.0.1:49025]
18:24:37.736 [Forwarding getCurrentUrl on session 72de4addcdd72d8c43a037eb74918b82 to remote] DEBUG org.asynchttpclient.netty.request.NettyRequestSender - Using pooled Channel '[id: 0xde7e4157, L:/127.0.0.1:52212 - R:localhost/127.0.0.1:49025]' for 'GET' to 'http://localhost:49025/session/72de4addcdd72d8c43a037eb74918b82/url'
18:24:37.736 [Forwarding getCurrentUrl on session 72de4addcdd72d8c43a037eb74918b82 to remote] DEBUG org.asynchttpclient.netty.request.NettyRequestSender - Using open Channel [id: 0xde7e4157, L:/127.0.0.1:52212 - R:localhost/127.0.0.1:49025] for GET '/session/72de4addcdd72d8c43a037eb74918b82/url'
18:24:37.741 [AsyncHttpClient-1-20] DEBUG org.asynchttpclient.netty.handler.HttpHandler - 

Request DefaultFullHttpRequest(decodeResult: success, version: HTTP/1.1, content: EmptyByteBufBE)
GET /session/72de4addcdd72d8c43a037eb74918b82/url HTTP/1.1
User-Agent: selenium/4.8.1 (java windows)
Cache-Control: no-cache
Content-Type: application/json; charset=utf-8
host: localhost:49025
accept: */*

Response DefaultHttpResponse(decodeResult: success, version: HTTP/1.1)
HTTP/1.1 200 OK
Content-Length: 45
Content-Type: application/json; charset=utf-8
cache-control: no-cache

18:24:37.741 [AsyncHttpClient-1-20] DEBUG org.asynchttpclient.netty.channel.ChannelManager - Adding key: http://localhost:49025 for channel [id: 0xde7e4157, L:/127.0.0.1:52212 - R:localhost/127.0.0.1:49025]
18:24:37.742 [Forwarding screenshot on session 72de4addcdd72d8c43a037eb74918b82 to remote] DEBUG org.asynchttpclient.netty.request.NettyRequestSender - Using pooled Channel '[id: 0xde7e4157, L:/127.0.0.1:52212 - R:localhost/127.0.0.1:49025]' for 'GET' to 'http://localhost:49025/session/72de4addcdd72d8c43a037eb74918b82/screenshot'
18:24:37.742 [Forwarding screenshot on session 72de4addcdd72d8c43a037eb74918b82 to remote] DEBUG org.asynchttpclient.netty.request.NettyRequestSender - Using open Channel [id: 0xde7e4157, L:/127.0.0.1:52212 - R:localhost/127.0.0.1:49025] for GET '/session/72de4addcdd72d8c43a037eb74918b82/screenshot'
18:24:37.888 [AsyncHttpClient-1-20] DEBUG org.asynchttpclient.netty.handler.HttpHandler - 

Request DefaultFullHttpRequest(decodeResult: success, version: HTTP/1.1, content: EmptyByteBufBE)
GET /session/72de4addcdd72d8c43a037eb74918b82/screenshot HTTP/1.1
User-Agent: selenium/4.8.1 (java windows)
Cache-Control: no-cache
Content-Type: application/json; charset=utf-8
host: localhost:49025
accept: */*

Response DefaultHttpResponse(decodeResult: success, version: HTTP/1.1)
HTTP/1.1 200 OK
Content-Length: 35188
Content-Type: application/json; charset=utf-8
cache-control: no-cache

18:24:37.888 [AsyncHttpClient-1-20] DEBUG org.asynchttpclient.netty.channel.ChannelManager - Adding key: http://localhost:49025 for channel [id: 0xde7e4157, L:/127.0.0.1:52212 - R:localhost/127.0.0.1:49025]
18:24:37.889 [main] DEBUG net.serenitybdd.core.photography.Darkroom - Send negative for processing for target\site\serenity\e1a043f79cde61fd83c796824eb14028e2e774bcf48939784252612fe1cf5b50.png
18:24:37.889 [main] DEBUG net.thucydides.core.steps.StepInterceptor - STEP DONE: openPage
  &amp#27;[32mGiven &amp#27;[0m&amp#27;[32mI am on the sociops login page&amp#27;[0m            &amp#27;[90m# starter.stepdefinitions.LoginSteps.onTheLoginPage()&amp#27;[0m
18:24:37.895 [Forwarding getPageSource on session 72de4addcdd72d8c43a037eb74918b82 to remote] DEBUG org.asynchttpclient.netty.request.NettyRequestSender - Using pooled Channel '[id: 0xde7e4157, L:/127.0.0.1:52212 - R:localhost/127.0.0.1:49025]' for 'POST' to 'http://localhost:49025/session/72de4addcdd72d8c43a037eb74918b82/execute/sync'
18:24:37.895 [Forwarding getPageSource on session 72de4addcdd72d8c43a037eb74918b82 to remote] DEBUG org.asynchttpclient.netty.request.NettyRequestSender - Using open Channel [id: 0xde7e4157, L:/127.0.0.1:52212 - R:localhost/127.0.0.1:49025] for POST '/session/72de4addcdd72d8c43a037eb74918b82/execute/sync'
18:24:37.900 [AsyncHttpClient-1-20] DEBUG org.asynchttpclient.netty.handler.HttpHandler - 

Request DefaultHttpRequest(decodeResult: success, version: HTTP/1.1)
POST /session/72de4addcdd72d8c43a037eb74918b82/execute/sync HTTP/1.1
User-Agent: selenium/4.8.1 (java windows)
Content-Length: 176
Content-Type: application/json; charset=utf-8
host: localhost:49025
accept: */*

Response DefaultHttpResponse(decodeResult: success, version: HTTP/1.1)
HTTP/1.1 200 OK
Content-Length: 9114
Content-Type: application/json; charset=utf-8
cache-control: no-cache

18:24:37.900 [AsyncHttpClient-1-20] DEBUG org.asynchttpclient.netty.channel.ChannelManager - Adding key: http://localhost:49025 for channel [id: 0xde7e4157, L:/127.0.0.1:52212 - R:localhost/127.0.0.1:49025]
18:24:37.901 [Forwarding getCurrentUrl on session 72de4addcdd72d8c43a037eb74918b82 to remote] DEBUG org.asynchttpclient.netty.request.NettyRequestSender - Using pooled Channel '[id: 0xde7e4157, L:/127.0.0.1:52212 - R:localhost/127.0.0.1:49025]' for 'GET' to 'http://localhost:49025/session/72de4addcdd72d8c43a037eb74918b82/url'
18:24:37.901 [Forwarding getCurrentUrl on session 72de4addcdd72d8c43a037eb74918b82 to remote] DEBUG org.asynchttpclient.netty.request.NettyRequestSender - Using open Channel [id: 0xde7e4157, L:/127.0.0.1:52212 - R:localhost/127.0.0.1:49025] for GET '/session/72de4addcdd72d8c43a037eb74918b82/url'
18:24:37.904 [AsyncHttpClient-1-20] DEBUG org.asynchttpclient.netty.handler.HttpHandler - 

Request DefaultFullHttpRequest(decodeResult: success, version: HTTP/1.1, content: EmptyByteBufBE)
GET /session/72de4addcdd72d8c43a037eb74918b82/url HTTP/1.1
User-Agent: selenium/4.8.1 (java windows)
Cache-Control: no-cache
Content-Type: application/json; charset=utf-8
host: localhost:49025
accept: */*

Response DefaultHttpResponse(decodeResult: success, version: HTTP/1.1)
HTTP/1.1 200 OK
Content-Length: 45
Content-Type: application/json; charset=utf-8
cache-control: no-cache

18:24:37.904 [AsyncHttpClient-1-20] DEBUG org.asynchttpclient.netty.channel.ChannelManager - Adding key: http://localhost:49025 for channel [id: 0xde7e4157, L:/127.0.0.1:52212 - R:localhost/127.0.0.1:49025]
18:24:37.909 [Forwarding getPageSource on session 72de4addcdd72d8c43a037eb74918b82 to remote] DEBUG org.asynchttpclient.netty.request.NettyRequestSender - Using pooled Channel '[id: 0xde7e4157, L:/127.0.0.1:52212 - R:localhost/127.0.0.1:49025]' for 'POST' to 'http://localhost:49025/session/72de4addcdd72d8c43a037eb74918b82/execute/sync'
18:24:37.909 [Forwarding getPageSource on session 72de4addcdd72d8c43a037eb74918b82 to remote] DEBUG org.asynchttpclient.netty.request.NettyRequestSender - Using open Channel [id: 0xde7e4157, L:/127.0.0.1:52212 - R:localhost/127.0.0.1:49025] for POST '/session/72de4addcdd72d8c43a037eb74918b82/execute/sync'
18:24:37.915 [AsyncHttpClient-1-20] DEBUG org.asynchttpclient.netty.handler.HttpHandler - 

Request DefaultHttpRequest(decodeResult: success, version: HTTP/1.1)
POST /session/72de4addcdd72d8c43a037eb74918b82/execute/sync HTTP/1.1
User-Agent: selenium/4.8.1 (java windows)
Content-Length: 176
Content-Type: application/json; charset=utf-8
host: localhost:49025
accept: */*

Response DefaultHttpResponse(decodeResult: success, version: HTTP/1.1)
HTTP/1.1 200 OK
Content-Length: 9114
Content-Type: application/json; charset=utf-8
cache-control: no-cache

18:24:37.916 [AsyncHttpClient-1-20] DEBUG org.asynchttpclient.netty.channel.ChannelManager - Adding key: http://localhost:49025 for channel [id: 0xde7e4157, L:/127.0.0.1:52212 - R:localhost/127.0.0.1:49025]
18:24:37.917 [Forwarding getCurrentUrl on session 72de4addcdd72d8c43a037eb74918b82 to remote] DEBUG org.asynchttpclient.netty.request.NettyRequestSender - Using pooled Channel '[id: 0xde7e4157, L:/127.0.0.1:52212 - R:localhost/127.0.0.1:49025]' for 'GET' to 'http://localhost:49025/session/72de4addcdd72d8c43a037eb74918b82/url'
18:24:37.917 [Forwarding getCurrentUrl on session 72de4addcdd72d8c43a037eb74918b82 to remote] DEBUG org.asynchttpclient.netty.request.NettyRequestSender - Using open Channel [id: 0xde7e4157, L:/127.0.0.1:52212 - R:localhost/127.0.0.1:49025] for GET '/session/72de4addcdd72d8c43a037eb74918b82/url'
18:24:37.920 [AsyncHttpClient-1-20] DEBUG org.asynchttpclient.netty.handler.HttpHandler - 

Request DefaultFullHttpRequest(decodeResult: success, version: HTTP/1.1, content: EmptyByteBufBE)
GET /session/72de4addcdd72d8c43a037eb74918b82/url HTTP/1.1
User-Agent: selenium/4.8.1 (java windows)
Cache-Control: no-cache
Content-Type: application/json; charset=utf-8
host: localhost:49025
accept: */*

Response DefaultHttpResponse(decodeResult: success, version: HTTP/1.1)
HTTP/1.1 200 OK
Content-Length: 45
Content-Type: application/json; charset=utf-8
cache-control: no-cache

18:24:37.920 [AsyncHttpClient-1-20] DEBUG org.asynchttpclient.netty.channel.ChannelManager - Adding key: http://localhost:49025 for channel [id: 0xde7e4157, L:/127.0.0.1:52212 - R:localhost/127.0.0.1:49025]
18:24:37.921 [main] DEBUG net.thucydides.core.steps.StepInterceptor - STARTING STEP: LoginSteps.inputEmailLessThan2Char - inputEmail
18:24:37.922 [Forwarding findElement on session 72de4addcdd72d8c43a037eb74918b82 to remote] DEBUG org.asynchttpclient.netty.request.NettyRequestSender - Using pooled Channel '[id: 0xde7e4157, L:/127.0.0.1:52212 - R:localhost/127.0.0.1:49025]' for 'POST' to 'http://localhost:49025/session/72de4addcdd72d8c43a037eb74918b82/element'
18:24:37.922 [Forwarding findElement on session 72de4addcdd72d8c43a037eb74918b82 to remote] DEBUG org.asynchttpclient.netty.request.NettyRequestSender - Using open Channel [id: 0xde7e4157, L:/127.0.0.1:52212 - R:localhost/127.0.0.1:49025] for POST '/session/72de4addcdd72d8c43a037eb74918b82/element'
18:24:37.932 [AsyncHttpClient-1-20] DEBUG org.asynchttpclient.netty.handler.HttpHandler - 

Request DefaultHttpRequest(decodeResult: success, version: HTTP/1.1)
POST /session/72de4addcdd72d8c43a037eb74918b82/element HTTP/1.1
User-Agent: selenium/4.8.1 (java windows)
Content-Length: 59
Content-Type: application/json; charset=utf-8
host: localhost:49025
accept: */*

Response DefaultHttpResponse(decodeResult: success, version: HTTP/1.1)
HTTP/1.1 200 OK
Content-Length: 94
Content-Type: application/json; charset=utf-8
cache-control: no-cache

18:24:37.932 [AsyncHttpClient-1-20] DEBUG org.asynchttpclient.netty.channel.ChannelManager - Adding key: http://localhost:49025 for channel [id: 0xde7e4157, L:/127.0.0.1:52212 - R:localhost/127.0.0.1:49025]
18:24:37.933 [Forwarding clearElement on session 72de4addcdd72d8c43a037eb74918b82 to remote] DEBUG org.asynchttpclient.netty.request.NettyRequestSender - Using pooled Channel '[id: 0xde7e4157, L:/127.0.0.1:52212 - R:localhost/127.0.0.1:49025]' for 'POST' to 'http://localhost:49025/session/72de4addcdd72d8c43a037eb74918b82/element/0BDBDB430E75C6CCB2BE0FD8619ECEA5_element_3/clear'
18:24:37.933 [Forwarding clearElement on session 72de4addcdd72d8c43a037eb74918b82 to remote] DEBUG org.asynchttpclient.netty.request.NettyRequestSender - Using open Channel [id: 0xde7e4157, L:/127.0.0.1:52212 - R:localhost/127.0.0.1:49025] for POST '/session/72de4addcdd72d8c43a037eb74918b82/element/0BDBDB430E75C6CCB2BE0FD8619ECEA5_element_3/clear'
18:24:37.964 [AsyncHttpClient-1-20] DEBUG org.asynchttpclient.netty.handler.HttpHandler - 

Request DefaultHttpRequest(decodeResult: success, version: HTTP/1.1)
POST /session/72de4addcdd72d8c43a037eb74918b82/element/0BDBDB430E75C6CCB2BE0FD8619ECEA5_element_3/clear HTTP/1.1
User-Agent: selenium/4.8.1 (java windows)
Content-Length: 56
Content-Type: application/json; charset=utf-8
host: localhost:49025
accept: */*

Response DefaultHttpResponse(decodeResult: success, version: HTTP/1.1)
HTTP/1.1 200 OK
Content-Length: 14
Content-Type: application/json; charset=utf-8
cache-control: no-cache

18:24:37.965 [AsyncHttpClient-1-20] DEBUG org.asynchttpclient.netty.channel.ChannelManager - Adding key: http://localhost:49025 for channel [id: 0xde7e4157, L:/127.0.0.1:52212 - R:localhost/127.0.0.1:49025]
18:24:37.966 [Forwarding sendKeysToElement on session 72de4addcdd72d8c43a037eb74918b82 to remote] DEBUG org.asynchttpclient.netty.request.NettyRequestSender - Using pooled Channel '[id: 0xde7e4157, L:/127.0.0.1:52212 - R:localhost/127.0.0.1:49025]' for 'POST' to 'http://localhost:49025/session/72de4addcdd72d8c43a037eb74918b82/element/0BDBDB430E75C6CCB2BE0FD8619ECEA5_element_3/value'
18:24:37.966 [Forwarding sendKeysToElement on session 72de4addcdd72d8c43a037eb74918b82 to remote] DEBUG org.asynchttpclient.netty.request.NettyRequestSender - Using open Channel [id: 0xde7e4157, L:/127.0.0.1:52212 - R:localhost/127.0.0.1:49025] for POST '/session/72de4addcdd72d8c43a037eb74918b82/element/0BDBDB430E75C6CCB2BE0FD8619ECEA5_element_3/value'
18:24:38.031 [AsyncHttpClient-1-20] DEBUG org.asynchttpclient.netty.handler.HttpHandler - 

Request DefaultHttpRequest(decodeResult: success, version: HTTP/1.1)
POST /session/72de4addcdd72d8c43a037eb74918b82/element/0BDBDB430E75C6CCB2BE0FD8619ECEA5_element_3/value HTTP/1.1
User-Agent: selenium/4.8.1 (java windows)
Content-Length: 97
Content-Type: application/json; charset=utf-8
host: localhost:49025
accept: */*

Response DefaultHttpResponse(decodeResult: success, version: HTTP/1.1)
HTTP/1.1 200 OK
Content-Length: 14
Content-Type: application/json; charset=utf-8
cache-control: no-cache

18:24:38.032 [AsyncHttpClient-1-20] DEBUG org.asynchttpclient.netty.channel.ChannelManager - Adding key: http://localhost:49025 for channel [id: 0xde7e4157, L:/127.0.0.1:52212 - R:localhost/127.0.0.1:49025]
18:24:38.037 [Forwarding getAlertText on session 72de4addcdd72d8c43a037eb74918b82 to remote] DEBUG org.asynchttpclient.netty.request.NettyRequestSender - Using pooled Channel '[id: 0xde7e4157, L:/127.0.0.1:52212 - R:localhost/127.0.0.1:49025]' for 'GET' to 'http://localhost:49025/session/72de4addcdd72d8c43a037eb74918b82/alert/text'
18:24:38.037 [Forwarding getAlertText on session 72de4addcdd72d8c43a037eb74918b82 to remote] DEBUG org.asynchttpclient.netty.request.NettyRequestSender - Using open Channel [id: 0xde7e4157, L:/127.0.0.1:52212 - R:localhost/127.0.0.1:49025] for GET '/session/72de4addcdd72d8c43a037eb74918b82/alert/text'
18:24:38.038 [AsyncHttpClient-1-20] DEBUG org.asynchttpclient.netty.handler.HttpHandler - 

Request DefaultFullHttpRequest(decodeResult: success, version: HTTP/1.1, content: EmptyByteBufBE)
GET /session/72de4addcdd72d8c43a037eb74918b82/alert/text HTTP/1.1
User-Agent: selenium/4.8.1 (java windows)
Cache-Control: no-cache
Content-Type: application/json; charset=utf-8
host: localhost:49025
accept: */*

Response DefaultHttpResponse(decodeResult: success, version: HTTP/1.1)
HTTP/1.1 404 Not Found
Content-Length: 821
Content-Type: application/json; charset=utf-8
cache-control: no-cache

18:24:38.038 [AsyncHttpClient-1-20] DEBUG org.asynchttpclient.netty.channel.ChannelManager - Adding key: http://localhost:49025 for channel [id: 0xde7e4157, L:/127.0.0.1:52212 - R:localhost/127.0.0.1:49025]
18:24:38.039 [Forwarding getCurrentUrl on session 72de4addcdd72d8c43a037eb74918b82 to remote] DEBUG org.asynchttpclient.netty.request.NettyRequestSender - Using pooled Channel '[id: 0xde7e4157, L:/127.0.0.1:52212 - R:localhost/127.0.0.1:49025]' for 'GET' to 'http://localhost:49025/session/72de4addcdd72d8c43a037eb74918b82/url'
18:24:38.039 [Forwarding getCurrentUrl on session 72de4addcdd72d8c43a037eb74918b82 to remote] DEBUG org.asynchttpclient.netty.request.NettyRequestSender - Using open Channel [id: 0xde7e4157, L:/127.0.0.1:52212 - R:localhost/127.0.0.1:49025] for GET '/session/72de4addcdd72d8c43a037eb74918b82/url'
18:24:38.043 [AsyncHttpClient-1-20] DEBUG org.asynchttpclient.netty.handler.HttpHandler - 

Request DefaultFullHttpRequest(decodeResult: success, version: HTTP/1.1, content: EmptyByteBufBE)
GET /session/72de4addcdd72d8c43a037eb74918b82/url HTTP/1.1
User-Agent: selenium/4.8.1 (java windows)
Cache-Control: no-cache
Content-Type: application/json; charset=utf-8
host: localhost:49025
accept: */*

Response DefaultHttpResponse(decodeResult: success, version: HTTP/1.1)
HTTP/1.1 200 OK
Content-Length: 45
Content-Type: application/json; charset=utf-8
cache-control: no-cache

18:24:38.043 [AsyncHttpClient-1-20] DEBUG org.asynchttpclient.netty.channel.ChannelManager - Adding key: http://localhost:49025 for channel [id: 0xde7e4157, L:/127.0.0.1:52212 - R:localhost/127.0.0.1:49025]
18:24:38.044 [Forwarding screenshot on session 72de4addcdd72d8c43a037eb74918b82 to remote] DEBUG org.asynchttpclient.netty.request.NettyRequestSender - Using pooled Channel '[id: 0xde7e4157, L:/127.0.0.1:52212 - R:localhost/127.0.0.1:49025]' for 'GET' to 'http://localhost:49025/session/72de4addcdd72d8c43a037eb74918b82/screenshot'
18:24:38.044 [Forwarding screenshot on session 72de4addcdd72d8c43a037eb74918b82 to remote] DEBUG org.asynchttpclient.netty.request.NettyRequestSender - Using open Channel [id: 0xde7e4157, L:/127.0.0.1:52212 - R:localhost/127.0.0.1:49025] for GET '/session/72de4addcdd72d8c43a037eb74918b82/screenshot'
18:24:38.113 [AsyncHttpClient-1-20] DEBUG org.asynchttpclient.netty.handler.HttpHandler - 

Request DefaultFullHttpRequest(decodeResult: success, version: HTTP/1.1, content: EmptyByteBufBE)
GET /session/72de4addcdd72d8c43a037eb74918b82/screenshot HTTP/1.1
User-Agent: selenium/4.8.1 (java windows)
Cache-Control: no-cache
Content-Type: application/json; charset=utf-8
host: localhost:49025
accept: */*

Response DefaultHttpResponse(decodeResult: success, version: HTTP/1.1)
HTTP/1.1 200 OK
Content-Length: 36460
Content-Type: application/json; charset=utf-8
cache-control: no-cache

18:24:38.113 [AsyncHttpClient-1-20] DEBUG org.asynchttpclient.netty.channel.ChannelManager - Adding key: http://localhost:49025 for channel [id: 0xde7e4157, L:/127.0.0.1:52212 - R:localhost/127.0.0.1:49025]
18:24:38.115 [main] DEBUG net.serenitybdd.core.photography.Darkroom - Send negative for processing for target\site\serenity\85eacb96a28049112a04eb74d528b0b4cc167d591185919da8f01d67c5debfdc.png
18:24:38.116 [main] DEBUG net.thucydides.core.steps.StepInterceptor - STEP DONE: inputEmail
  &amp#27;[32mAnd &amp#27;[0m&amp#27;[32mI type email less than 2 char&amp#27;[0m               &amp#27;[90m# starter.stepdefinitions.LoginSteps.inputEmailLessThan2Char()&amp#27;[0m
18:24:38.116 [Darkroom Processing Line] DEBUG net.serenitybdd.core.photography.DarkroomProcessingLine - Processing screenshot image in /var/screenshots/screenshot-17295903456327998721
18:24:38.116 [Darkroom Processing Line] DEBUG net.serenitybdd.core.photography.DarkroomProcessingLine - Saving screenshot to target\site\serenity\85eacb96a28049112a04eb74d528b0b4cc167d591185919da8f01d67c5debfdc.png
18:24:38.121 [Forwarding getPageSource on session 72de4addcdd72d8c43a037eb74918b82 to remote] DEBUG org.asynchttpclient.netty.request.NettyRequestSender - Using pooled Channel '[id: 0xde7e4157, L:/127.0.0.1:52212 - R:localhost/127.0.0.1:49025]' for 'POST' to 'http://localhost:49025/session/72de4addcdd72d8c43a037eb74918b82/execute/sync'
18:24:38.121 [Forwarding getPageSource on session 72de4addcdd72d8c43a037eb74918b82 to remote] DEBUG org.asynchttpclient.netty.request.NettyRequestSender - Using open Channel [id: 0xde7e4157, L:/127.0.0.1:52212 - R:localhost/127.0.0.1:49025] for POST '/session/72de4addcdd72d8c43a037eb74918b82/execute/sync'
18:24:38.126 [AsyncHttpClient-1-20] DEBUG org.asynchttpclient.netty.handler.HttpHandler - 

Request DefaultHttpRequest(decodeResult: success, version: HTTP/1.1)
POST /session/72de4addcdd72d8c43a037eb74918b82/execute/sync HTTP/1.1
User-Agent: selenium/4.8.1 (java windows)
Content-Length: 176
Content-Type: application/json; charset=utf-8
host: localhost:49025
accept: */*

Response DefaultHttpResponse(decodeResult: success, version: HTTP/1.1)
HTTP/1.1 200 OK
Content-Length: 9115
Content-Type: application/json; charset=utf-8
cache-control: no-cache

18:24:38.126 [AsyncHttpClient-1-20] DEBUG org.asynchttpclient.netty.channel.ChannelManager - Adding key: http://localhost:49025 for channel [id: 0xde7e4157, L:/127.0.0.1:52212 - R:localhost/127.0.0.1:49025]
18:24:38.127 [Forwarding getCurrentUrl on session 72de4addcdd72d8c43a037eb74918b82 to remote] DEBUG org.asynchttpclient.netty.request.NettyRequestSender - Using pooled Channel '[id: 0xde7e4157, L:/127.0.0.1:52212 - R:localhost/127.0.0.1:49025]' for 'GET' to 'http://localhost:49025/session/72de4addcdd72d8c43a037eb74918b82/url'
18:24:38.127 [Forwarding getCurrentUrl on session 72de4addcdd72d8c43a037eb74918b82 to remote] DEBUG org.asynchttpclient.netty.request.NettyRequestSender - Using open Channel [id: 0xde7e4157, L:/127.0.0.1:52212 - R:localhost/127.0.0.1:49025] for GET '/session/72de4addcdd72d8c43a037eb74918b82/url'
18:24:38.130 [AsyncHttpClient-1-20] DEBUG org.asynchttpclient.netty.handler.HttpHandler - 

Request DefaultFullHttpRequest(decodeResult: success, version: HTTP/1.1, content: EmptyByteBufBE)
GET /session/72de4addcdd72d8c43a037eb74918b82/url HTTP/1.1
User-Agent: selenium/4.8.1 (java windows)
Cache-Control: no-cache
Content-Type: application/json; charset=utf-8
host: localhost:49025
accept: */*

Response DefaultHttpResponse(decodeResult: success, version: HTTP/1.1)
HTTP/1.1 200 OK
Content-Length: 45
Content-Type: application/json; charset=utf-8
cache-control: no-cache

18:24:38.130 [AsyncHttpClient-1-20] DEBUG org.asynchttpclient.netty.channel.ChannelManager - Adding key: http://localhost:49025 for channel [id: 0xde7e4157, L:/127.0.0.1:52212 - R:localhost/127.0.0.1:49025]
18:24:38.136 [Forwarding getPageSource on session 72de4addcdd72d8c43a037eb74918b82 to remote] DEBUG org.asynchttpclient.netty.request.NettyRequestSender - Using pooled Channel '[id: 0xde7e4157, L:/127.0.0.1:52212 - R:localhost/127.0.0.1:49025]' for 'POST' to 'http://localhost:49025/session/72de4addcdd72d8c43a037eb74918b82/execute/sync'
18:24:38.136 [Forwarding getPageSource on session 72de4addcdd72d8c43a037eb74918b82 to remote] DEBUG org.asynchttpclient.netty.request.NettyRequestSender - Using open Channel [id: 0xde7e4157, L:/127.0.0.1:52212 - R:localhost/127.0.0.1:49025] for POST '/session/72de4addcdd72d8c43a037eb74918b82/execute/sync'
18:24:38.140 [AsyncHttpClient-1-20] DEBUG org.asynchttpclient.netty.handler.HttpHandler - 

Request DefaultHttpRequest(decodeResult: success, version: HTTP/1.1)
POST /session/72de4addcdd72d8c43a037eb74918b82/execute/sync HTTP/1.1
User-Agent: selenium/4.8.1 (java windows)
Content-Length: 176
Content-Type: application/json; charset=utf-8
host: localhost:49025
accept: */*

Response DefaultHttpResponse(decodeResult: success, version: HTTP/1.1)
HTTP/1.1 200 OK
Content-Length: 9115
Content-Type: application/json; charset=utf-8
cache-control: no-cache

18:24:38.140 [AsyncHttpClient-1-20] DEBUG org.asynchttpclient.netty.channel.ChannelManager - Adding key: http://localhost:49025 for channel [id: 0xde7e4157, L:/127.0.0.1:52212 - R:localhost/127.0.0.1:49025]
18:24:38.142 [Forwarding getCurrentUrl on session 72de4addcdd72d8c43a037eb74918b82 to remote] DEBUG org.asynchttpclient.netty.request.NettyRequestSender - Using pooled Channel '[id: 0xde7e4157, L:/127.0.0.1:52212 - R:localhost/127.0.0.1:49025]' for 'GET' to 'http://localhost:49025/session/72de4addcdd72d8c43a037eb74918b82/url'
18:24:38.142 [Forwarding getCurrentUrl on session 72de4addcdd72d8c43a037eb74918b82 to remote] DEBUG org.asynchttpclient.netty.request.NettyRequestSender - Using open Channel [id: 0xde7e4157, L:/127.0.0.1:52212 - R:localhost/127.0.0.1:49025] for GET '/session/72de4addcdd72d8c43a037eb74918b82/url'
18:24:38.145 [AsyncHttpClient-1-20] DEBUG org.asynchttpclient.netty.handler.HttpHandler - 

Request DefaultFullHttpRequest(decodeResult: success, version: HTTP/1.1, content: EmptyByteBufBE)
GET /session/72de4addcdd72d8c43a037eb74918b82/url HTTP/1.1
User-Agent: selenium/4.8.1 (java windows)
Cache-Control: no-cache
Content-Type: application/json; charset=utf-8
host: localhost:49025
accept: */*

Response DefaultHttpResponse(decodeResult: success, version: HTTP/1.1)
HTTP/1.1 200 OK
Content-Length: 45
Content-Type: application/json; charset=utf-8
cache-control: no-cache

18:24:38.145 [AsyncHttpClient-1-20] DEBUG org.asynchttpclient.netty.channel.ChannelManager - Adding key: http://localhost:49025 for channel [id: 0xde7e4157, L:/127.0.0.1:52212 - R:localhost/127.0.0.1:49025]
18:24:38.146 [main] DEBUG net.thucydides.core.steps.StepInterceptor - STARTING STEP: LoginSteps.inputPassword - inputPassword
18:24:38.148 [Forwarding findElement on session 72de4addcdd72d8c43a037eb74918b82 to remote] DEBUG org.asynchttpclient.netty.request.NettyRequestSender - Using pooled Channel '[id: 0xde7e4157, L:/127.0.0.1:52212 - R:localhost/127.0.0.1:49025]' for 'POST' to 'http://localhost:49025/session/72de4addcdd72d8c43a037eb74918b82/element'
18:24:38.148 [Forwarding findElement on session 72de4addcdd72d8c43a037eb74918b82 to remote] DEBUG org.asynchttpclient.netty.request.NettyRequestSender - Using open Channel [id: 0xde7e4157, L:/127.0.0.1:52212 - R:localhost/127.0.0.1:49025] for POST '/session/72de4addcdd72d8c43a037eb74918b82/element'
18:24:38.158 [AsyncHttpClient-1-20] DEBUG org.asynchttpclient.netty.handler.HttpHandler - 

Request DefaultHttpRequest(decodeResult: success, version: HTTP/1.1)
POST /session/72de4addcdd72d8c43a037eb74918b82/element HTTP/1.1
User-Agent: selenium/4.8.1 (java windows)
Content-Length: 62
Content-Type: application/json; charset=utf-8
host: localhost:49025
accept: */*

Response DefaultHttpResponse(decodeResult: success, version: HTTP/1.1)
HTTP/1.1 200 OK
Content-Length: 94
Content-Type: application/json; charset=utf-8
cache-control: no-cache

18:24:38.158 [AsyncHttpClient-1-20] DEBUG org.asynchttpclient.netty.channel.ChannelManager - Adding key: http://localhost:49025 for channel [id: 0xde7e4157, L:/127.0.0.1:52212 - R:localhost/127.0.0.1:49025]
18:24:38.158 [Forwarding clearElement on session 72de4addcdd72d8c43a037eb74918b82 to remote] DEBUG org.asynchttpclient.netty.request.NettyRequestSender - Using pooled Channel '[id: 0xde7e4157, L:/127.0.0.1:52212 - R:localhost/127.0.0.1:49025]' for 'POST' to 'http://localhost:49025/session/72de4addcdd72d8c43a037eb74918b82/element/0BDBDB430E75C6CCB2BE0FD8619ECEA5_element_2/clear'
18:24:38.158 [Forwarding clearElement on session 72de4addcdd72d8c43a037eb74918b82 to remote] DEBUG org.asynchttpclient.netty.request.NettyRequestSender - Using open Channel [id: 0xde7e4157, L:/127.0.0.1:52212 - R:localhost/127.0.0.1:49025] for POST '/session/72de4addcdd72d8c43a037eb74918b82/element/0BDBDB430E75C6CCB2BE0FD8619ECEA5_element_2/clear'
18:24:38.178 [AsyncHttpClient-1-20] DEBUG org.asynchttpclient.netty.handler.HttpHandler - 

Request DefaultHttpRequest(decodeResult: success, version: HTTP/1.1)
POST /session/72de4addcdd72d8c43a037eb74918b82/element/0BDBDB430E75C6CCB2BE0FD8619ECEA5_element_2/clear HTTP/1.1
User-Agent: selenium/4.8.1 (java windows)
Content-Length: 56
Content-Type: application/json; charset=utf-8
host: localhost:49025
accept: */*

Response DefaultHttpResponse(decodeResult: success, version: HTTP/1.1)
HTTP/1.1 200 OK
Content-Length: 14
Content-Type: application/json; charset=utf-8
cache-control: no-cache

18:24:38.178 [AsyncHttpClient-1-20] DEBUG org.asynchttpclient.netty.channel.ChannelManager - Adding key: http://localhost:49025 for channel [id: 0xde7e4157, L:/127.0.0.1:52212 - R:localhost/127.0.0.1:49025]
18:24:38.179 [Forwarding sendKeysToElement on session 72de4addcdd72d8c43a037eb74918b82 to remote] DEBUG org.asynchttpclient.netty.request.NettyRequestSender - Using pooled Channel '[id: 0xde7e4157, L:/127.0.0.1:52212 - R:localhost/127.0.0.1:49025]' for 'POST' to 'http://localhost:49025/session/72de4addcdd72d8c43a037eb74918b82/element/0BDBDB430E75C6CCB2BE0FD8619ECEA5_element_2/value'
18:24:38.179 [Forwarding sendKeysToElement on session 72de4addcdd72d8c43a037eb74918b82 to remote] DEBUG org.asynchttpclient.netty.request.NettyRequestSender - Using open Channel [id: 0xde7e4157, L:/127.0.0.1:52212 - R:localhost/127.0.0.1:49025] for POST '/session/72de4addcdd72d8c43a037eb74918b82/element/0BDBDB430E75C6CCB2BE0FD8619ECEA5_element_2/value'
18:24:38.246 [AsyncHttpClient-1-20] DEBUG org.asynchttpclient.netty.handler.HttpHandler - 

Request DefaultHttpRequest(decodeResult: success, version: HTTP/1.1)
POST /session/72de4addcdd72d8c43a037eb74918b82/element/0BDBDB430E75C6CCB2BE0FD8619ECEA5_element_2/value HTTP/1.1
User-Agent: selenium/4.8.1 (java windows)
Content-Length: 187
Content-Type: application/json; charset=utf-8
host: localhost:49025
accept: */*

Response DefaultHttpResponse(decodeResult: success, version: HTTP/1.1)
HTTP/1.1 200 OK
Content-Length: 14
Content-Type: application/json; charset=utf-8
cache-control: no-cache

18:24:38.247 [AsyncHttpClient-1-20] DEBUG org.asynchttpclient.netty.channel.ChannelManager - Adding key: http://localhost:49025 for channel [id: 0xde7e4157, L:/127.0.0.1:52212 - R:localhost/127.0.0.1:49025]
18:24:38.250 [Forwarding getAlertText on session 72de4addcdd72d8c43a037eb74918b82 to remote] DEBUG org.asynchttpclient.netty.request.NettyRequestSender - Using pooled Channel '[id: 0xde7e4157, L:/127.0.0.1:52212 - R:localhost/127.0.0.1:49025]' for 'GET' to 'http://localhost:49025/session/72de4addcdd72d8c43a037eb74918b82/alert/text'
18:24:38.250 [Forwarding getAlertText on session 72de4addcdd72d8c43a037eb74918b82 to remote] DEBUG org.asynchttpclient.netty.request.NettyRequestSender - Using open Channel [id: 0xde7e4157, L:/127.0.0.1:52212 - R:localhost/127.0.0.1:49025] for GET '/session/72de4addcdd72d8c43a037eb74918b82/alert/text'
18:24:38.251 [AsyncHttpClient-1-20] DEBUG org.asynchttpclient.netty.handler.HttpHandler - 

Request DefaultFullHttpRequest(decodeResult: success, version: HTTP/1.1, content: EmptyByteBufBE)
GET /session/72de4addcdd72d8c43a037eb74918b82/alert/text HTTP/1.1
User-Agent: selenium/4.8.1 (java windows)
Cache-Control: no-cache
Content-Type: application/json; charset=utf-8
host: localhost:49025
accept: */*

Response DefaultHttpResponse(decodeResult: success, version: HTTP/1.1)
HTTP/1.1 404 Not Found
Content-Length: 821
Content-Type: application/json; charset=utf-8
cache-control: no-cache

18:24:38.252 [AsyncHttpClient-1-20] DEBUG org.asynchttpclient.netty.channel.ChannelManager - Adding key: http://localhost:49025 for channel [id: 0xde7e4157, L:/127.0.0.1:52212 - R:localhost/127.0.0.1:49025]
18:24:38.252 [Forwarding getCurrentUrl on session 72de4addcdd72d8c43a037eb74918b82 to remote] DEBUG org.asynchttpclient.netty.request.NettyRequestSender - Using pooled Channel '[id: 0xde7e4157, L:/127.0.0.1:52212 - R:localhost/127.0.0.1:49025]' for 'GET' to 'http://localhost:49025/session/72de4addcdd72d8c43a037eb74918b82/url'
18:24:38.252 [Forwarding getCurrentUrl on session 72de4addcdd72d8c43a037eb74918b82 to remote] DEBUG org.asynchttpclient.netty.request.NettyRequestSender - Using open Channel [id: 0xde7e4157, L:/127.0.0.1:52212 - R:localhost/127.0.0.1:49025] for GET '/session/72de4addcdd72d8c43a037eb74918b82/url'
18:24:38.255 [AsyncHttpClient-1-20] DEBUG org.asynchttpclient.netty.handler.HttpHandler - 

Request DefaultFullHttpRequest(decodeResult: success, version: HTTP/1.1, content: EmptyByteBufBE)
GET /session/72de4addcdd72d8c43a037eb74918b82/url HTTP/1.1
User-Agent: selenium/4.8.1 (java windows)
Cache-Control: no-cache
Content-Type: application/json; charset=utf-8
host: localhost:49025
accept: */*

Response DefaultHttpResponse(decodeResult: success, version: HTTP/1.1)
HTTP/1.1 200 OK
Content-Length: 45
Content-Type: application/json; charset=utf-8
cache-control: no-cache

18:24:38.257 [AsyncHttpClient-1-20] DEBUG org.asynchttpclient.netty.channel.ChannelManager - Adding key: http://localhost:49025 for channel [id: 0xde7e4157, L:/127.0.0.1:52212 - R:localhost/127.0.0.1:49025]
18:24:38.257 [Forwarding screenshot on session 72de4addcdd72d8c43a037eb74918b82 to remote] DEBUG org.asynchttpclient.netty.request.NettyRequestSender - Using pooled Channel '[id: 0xde7e4157, L:/127.0.0.1:52212 - R:localhost/127.0.0.1:49025]' for 'GET' to 'http://localhost:49025/session/72de4addcdd72d8c43a037eb74918b82/screenshot'
18:24:38.257 [Forwarding screenshot on session 72de4addcdd72d8c43a037eb74918b82 to remote] DEBUG org.asynchttpclient.netty.request.NettyRequestSender - Using open Channel [id: 0xde7e4157, L:/127.0.0.1:52212 - R:localhost/127.0.0.1:49025] for GET '/session/72de4addcdd72d8c43a037eb74918b82/screenshot'
18:24:38.321 [AsyncHttpClient-1-20] DEBUG org.asynchttpclient.netty.handler.HttpHandler - 

Request DefaultFullHttpRequest(decodeResult: success, version: HTTP/1.1, content: EmptyByteBufBE)
GET /session/72de4addcdd72d8c43a037eb74918b82/screenshot HTTP/1.1
User-Agent: selenium/4.8.1 (java windows)
Cache-Control: no-cache
Content-Type: application/json; charset=utf-8
host: localhost:49025
accept: */*

Response DefaultHttpResponse(decodeResult: success, version: HTTP/1.1)
HTTP/1.1 200 OK
Content-Length: 33876
Content-Type: application/json; charset=utf-8
cache-control: no-cache

18:24:38.321 [AsyncHttpClient-1-20] DEBUG org.asynchttpclient.netty.channel.ChannelManager - Adding key: http://localhost:49025 for channel [id: 0xde7e4157, L:/127.0.0.1:52212 - R:localhost/127.0.0.1:49025]
18:24:38.322 [main] DEBUG net.serenitybdd.core.photography.Darkroom - Send negative for processing for target\site\serenity\a6f1dcde76c63500bf55a5acb357fd88f53b272d7bf8627df8f2e7a8e42cfc8a.png
18:24:38.322 [main] DEBUG net.thucydides.core.steps.StepInterceptor - STEP DONE: inputPassword
  &amp#27;[32mAnd &amp#27;[0m&amp#27;[32mI type correct password&amp#27;[0m                     &amp#27;[90m# starter.stepdefinitions.LoginSteps.inputPassword()&amp#27;[0m
18:24:38.322 [Darkroom Processing Line] DEBUG net.serenitybdd.core.photography.DarkroomProcessingLine - Processing screenshot image in /var/screenshots/screenshot-5184233321271401534
18:24:38.322 [Darkroom Processing Line] DEBUG net.serenitybdd.core.photography.DarkroomProcessingLine - Saving screenshot to target\site\serenity\a6f1dcde76c63500bf55a5acb357fd88f53b272d7bf8627df8f2e7a8e42cfc8a.png
18:24:38.329 [Forwarding getPageSource on session 72de4addcdd72d8c43a037eb74918b82 to remote] DEBUG org.asynchttpclient.netty.request.NettyRequestSender - Using pooled Channel '[id: 0xde7e4157, L:/127.0.0.1:52212 - R:localhost/127.0.0.1:49025]' for 'POST' to 'http://localhost:49025/session/72de4addcdd72d8c43a037eb74918b82/execute/sync'
18:24:38.329 [Forwarding getPageSource on session 72de4addcdd72d8c43a037eb74918b82 to remote] DEBUG org.asynchttpclient.netty.request.NettyRequestSender - Using open Channel [id: 0xde7e4157, L:/127.0.0.1:52212 - R:localhost/127.0.0.1:49025] for POST '/session/72de4addcdd72d8c43a037eb74918b82/execute/sync'
18:24:38.333 [AsyncHttpClient-1-20] DEBUG org.asynchttpclient.netty.handler.HttpHandler - 

Request DefaultHttpRequest(decodeResult: success, version: HTTP/1.1)
POST /session/72de4addcdd72d8c43a037eb74918b82/execute/sync HTTP/1.1
User-Agent: selenium/4.8.1 (java windows)
Content-Length: 176
Content-Type: application/json; charset=utf-8
host: localhost:49025
accept: */*

Response DefaultHttpResponse(decodeResult: success, version: HTTP/1.1)
HTTP/1.1 200 OK
Content-Length: 9125
Content-Type: application/json; charset=utf-8
cache-control: no-cache

18:24:38.333 [AsyncHttpClient-1-20] DEBUG org.asynchttpclient.netty.channel.ChannelManager - Adding key: http://localhost:49025 for channel [id: 0xde7e4157, L:/127.0.0.1:52212 - R:localhost/127.0.0.1:49025]
18:24:38.334 [Forwarding getCurrentUrl on session 72de4addcdd72d8c43a037eb74918b82 to remote] DEBUG org.asynchttpclient.netty.request.NettyRequestSender - Using pooled Channel '[id: 0xde7e4157, L:/127.0.0.1:52212 - R:localhost/127.0.0.1:49025]' for 'GET' to 'http://localhost:49025/session/72de4addcdd72d8c43a037eb74918b82/url'
18:24:38.334 [Forwarding getCurrentUrl on session 72de4addcdd72d8c43a037eb74918b82 to remote] DEBUG org.asynchttpclient.netty.request.NettyRequestSender - Using open Channel [id: 0xde7e4157, L:/127.0.0.1:52212 - R:localhost/127.0.0.1:49025] for GET '/session/72de4addcdd72d8c43a037eb74918b82/url'
18:24:38.337 [AsyncHttpClient-1-20] DEBUG org.asynchttpclient.netty.handler.HttpHandler - 

Request DefaultFullHttpRequest(decodeResult: success, version: HTTP/1.1, content: EmptyByteBufBE)
GET /session/72de4addcdd72d8c43a037eb74918b82/url HTTP/1.1
User-Agent: selenium/4.8.1 (java windows)
Cache-Control: no-cache
Content-Type: application/json; charset=utf-8
host: localhost:49025
accept: */*

Response DefaultHttpResponse(decodeResult: success, version: HTTP/1.1)
HTTP/1.1 200 OK
Content-Length: 45
Content-Type: application/json; charset=utf-8
cache-control: no-cache

18:24:38.337 [AsyncHttpClient-1-20] DEBUG org.asynchttpclient.netty.channel.ChannelManager - Adding key: http://localhost:49025 for channel [id: 0xde7e4157, L:/127.0.0.1:52212 - R:localhost/127.0.0.1:49025]
18:24:38.344 [Forwarding getPageSource on session 72de4addcdd72d8c43a037eb74918b82 to remote] DEBUG org.asynchttpclient.netty.request.NettyRequestSender - Using pooled Channel '[id: 0xde7e4157, L:/127.0.0.1:52212 - R:localhost/127.0.0.1:49025]' for 'POST' to 'http://localhost:49025/session/72de4addcdd72d8c43a037eb74918b82/execute/sync'
18:24:38.344 [Forwarding getPageSource on session 72de4addcdd72d8c43a037eb74918b82 to remote] DEBUG org.asynchttpclient.netty.request.NettyRequestSender - Using open Channel [id: 0xde7e4157, L:/127.0.0.1:52212 - R:localhost/127.0.0.1:49025] for POST '/session/72de4addcdd72d8c43a037eb74918b82/execute/sync'
18:24:38.349 [AsyncHttpClient-1-20] DEBUG org.asynchttpclient.netty.handler.HttpHandler - 

Request DefaultHttpRequest(decodeResult: success, version: HTTP/1.1)
POST /session/72de4addcdd72d8c43a037eb74918b82/execute/sync HTTP/1.1
User-Agent: selenium/4.8.1 (java windows)
Content-Length: 176
Content-Type: application/json; charset=utf-8
host: localhost:49025
accept: */*

Response DefaultHttpResponse(decodeResult: success, version: HTTP/1.1)
HTTP/1.1 200 OK
Content-Length: 9125
Content-Type: application/json; charset=utf-8
cache-control: no-cache

18:24:38.349 [AsyncHttpClient-1-20] DEBUG org.asynchttpclient.netty.channel.ChannelManager - Adding key: http://localhost:49025 for channel [id: 0xde7e4157, L:/127.0.0.1:52212 - R:localhost/127.0.0.1:49025]
18:24:38.350 [Forwarding getCurrentUrl on session 72de4addcdd72d8c43a037eb74918b82 to remote] DEBUG org.asynchttpclient.netty.request.NettyRequestSender - Using pooled Channel '[id: 0xde7e4157, L:/127.0.0.1:52212 - R:localhost/127.0.0.1:49025]' for 'GET' to 'http://localhost:49025/session/72de4addcdd72d8c43a037eb74918b82/url'
18:24:38.350 [Forwarding getCurrentUrl on session 72de4addcdd72d8c43a037eb74918b82 to remote] DEBUG org.asynchttpclient.netty.request.NettyRequestSender - Using open Channel [id: 0xde7e4157, L:/127.0.0.1:52212 - R:localhost/127.0.0.1:49025] for GET '/session/72de4addcdd72d8c43a037eb74918b82/url'
18:24:38.353 [AsyncHttpClient-1-20] DEBUG org.asynchttpclient.netty.handler.HttpHandler - 

Request DefaultFullHttpRequest(decodeResult: success, version: HTTP/1.1, content: EmptyByteBufBE)
GET /session/72de4addcdd72d8c43a037eb74918b82/url HTTP/1.1
User-Agent: selenium/4.8.1 (java windows)
Cache-Control: no-cache
Content-Type: application/json; charset=utf-8
host: localhost:49025
accept: */*

Response DefaultHttpResponse(decodeResult: success, version: HTTP/1.1)
HTTP/1.1 200 OK
Content-Length: 45
Content-Type: application/json; charset=utf-8
cache-control: no-cache

18:24:38.353 [AsyncHttpClient-1-20] DEBUG org.asynchttpclient.netty.channel.ChannelManager - Adding key: http://localhost:49025 for channel [id: 0xde7e4157, L:/127.0.0.1:52212 - R:localhost/127.0.0.1:49025]
18:24:38.355 [main] DEBUG net.thucydides.core.steps.StepInterceptor - STARTING STEP: LoginSteps.clickLoginButton - clickLoginButton
18:24:38.356 [Forwarding findElement on session 72de4addcdd72d8c43a037eb74918b82 to remote] DEBUG org.asynchttpclient.netty.request.NettyRequestSender - Using pooled Channel '[id: 0xde7e4157, L:/127.0.0.1:52212 - R:localhost/127.0.0.1:49025]' for 'POST' to 'http://localhost:49025/session/72de4addcdd72d8c43a037eb74918b82/element'
18:24:38.356 [Forwarding findElement on session 72de4addcdd72d8c43a037eb74918b82 to remote] DEBUG org.asynchttpclient.netty.request.NettyRequestSender - Using open Channel [id: 0xde7e4157, L:/127.0.0.1:52212 - R:localhost/127.0.0.1:49025] for POST '/session/72de4addcdd72d8c43a037eb74918b82/element'
18:24:38.367 [AsyncHttpClient-1-20] DEBUG org.asynchttpclient.netty.handler.HttpHandler - 

Request DefaultHttpRequest(decodeResult: success, version: HTTP/1.1)
POST /session/72de4addcdd72d8c43a037eb74918b82/element HTTP/1.1
User-Agent: selenium/4.8.1 (java windows)
Content-Length: 63
Content-Type: application/json; charset=utf-8
host: localhost:49025
accept: */*

Response DefaultHttpResponse(decodeResult: success, version: HTTP/1.1)
HTTP/1.1 200 OK
Content-Length: 94
Content-Type: application/json; charset=utf-8
cache-control: no-cache

18:24:38.367 [AsyncHttpClient-1-20] DEBUG org.asynchttpclient.netty.channel.ChannelManager - Adding key: http://localhost:49025 for channel [id: 0xde7e4157, L:/127.0.0.1:52212 - R:localhost/127.0.0.1:49025]
18:24:38.368 [Forwarding getElementTagName on session 72de4addcdd72d8c43a037eb74918b82 to remote] DEBUG org.asynchttpclient.netty.request.NettyRequestSender - Using pooled Channel '[id: 0xde7e4157, L:/127.0.0.1:52212 - R:localhost/127.0.0.1:49025]' for 'GET' to 'http://localhost:49025/session/72de4addcdd72d8c43a037eb74918b82/element/0BDBDB430E75C6CCB2BE0FD8619ECEA5_element_7/name'
18:24:38.368 [Forwarding getElementTagName on session 72de4addcdd72d8c43a037eb74918b82 to remote] DEBUG org.asynchttpclient.netty.request.NettyRequestSender - Using open Channel [id: 0xde7e4157, L:/127.0.0.1:52212 - R:localhost/127.0.0.1:49025] for GET '/session/72de4addcdd72d8c43a037eb74918b82/element/0BDBDB430E75C6CCB2BE0FD8619ECEA5_element_7/name'
18:24:38.371 [AsyncHttpClient-1-20] DEBUG org.asynchttpclient.netty.handler.HttpHandler - 

Request DefaultFullHttpRequest(decodeResult: success, version: HTTP/1.1, content: EmptyByteBufBE)
GET /session/72de4addcdd72d8c43a037eb74918b82/element/0BDBDB430E75C6CCB2BE0FD8619ECEA5_element_7/name HTTP/1.1
User-Agent: selenium/4.8.1 (java windows)
Cache-Control: no-cache
Content-Type: application/json; charset=utf-8
host: localhost:49025
accept: */*

Response DefaultHttpResponse(decodeResult: success, version: HTTP/1.1)
HTTP/1.1 200 OK
Content-Length: 18
Content-Type: application/json; charset=utf-8
cache-control: no-cache

18:24:38.371 [AsyncHttpClient-1-20] DEBUG org.asynchttpclient.netty.channel.ChannelManager - Adding key: http://localhost:49025 for channel [id: 0xde7e4157, L:/127.0.0.1:52212 - R:localhost/127.0.0.1:49025]
18:24:38.372 [Forwarding getElementTagName on session 72de4addcdd72d8c43a037eb74918b82 to remote] DEBUG org.asynchttpclient.netty.request.NettyRequestSender - Using pooled Channel '[id: 0xde7e4157, L:/127.0.0.1:52212 - R:localhost/127.0.0.1:49025]' for 'GET' to 'http://localhost:49025/session/72de4addcdd72d8c43a037eb74918b82/element/0BDBDB430E75C6CCB2BE0FD8619ECEA5_element_7/name'
18:24:38.372 [Forwarding getElementTagName on session 72de4addcdd72d8c43a037eb74918b82 to remote] DEBUG org.asynchttpclient.netty.request.NettyRequestSender - Using open Channel [id: 0xde7e4157, L:/127.0.0.1:52212 - R:localhost/127.0.0.1:49025] for GET '/session/72de4addcdd72d8c43a037eb74918b82/element/0BDBDB430E75C6CCB2BE0FD8619ECEA5_element_7/name'
18:24:38.376 [AsyncHttpClient-1-20] DEBUG org.asynchttpclient.netty.handler.HttpHandler - 

Request DefaultFullHttpRequest(decodeResult: success, version: HTTP/1.1, content: EmptyByteBufBE)
GET /session/72de4addcdd72d8c43a037eb74918b82/element/0BDBDB430E75C6CCB2BE0FD8619ECEA5_element_7/name HTTP/1.1
User-Agent: selenium/4.8.1 (java windows)
Cache-Control: no-cache
Content-Type: application/json; charset=utf-8
host: localhost:49025
accept: */*

Response DefaultHttpResponse(decodeResult: success, version: HTTP/1.1)
HTTP/1.1 200 OK
Content-Length: 18
Content-Type: application/json; charset=utf-8
cache-control: no-cache

18:24:38.376 [AsyncHttpClient-1-20] DEBUG org.asynchttpclient.netty.channel.ChannelManager - Adding key: http://localhost:49025 for channel [id: 0xde7e4157, L:/127.0.0.1:52212 - R:localhost/127.0.0.1:49025]
18:24:38.378 [Forwarding isElementEnabled on session 72de4addcdd72d8c43a037eb74918b82 to remote] DEBUG org.asynchttpclient.netty.request.NettyRequestSender - Using pooled Channel '[id: 0xde7e4157, L:/127.0.0.1:52212 - R:localhost/127.0.0.1:49025]' for 'GET' to 'http://localhost:49025/session/72de4addcdd72d8c43a037eb74918b82/element/0BDBDB430E75C6CCB2BE0FD8619ECEA5_element_7/enabled'
18:24:38.378 [Forwarding isElementEnabled on session 72de4addcdd72d8c43a037eb74918b82 to remote] DEBUG org.asynchttpclient.netty.request.NettyRequestSender - Using open Channel [id: 0xde7e4157, L:/127.0.0.1:52212 - R:localhost/127.0.0.1:49025] for GET '/session/72de4addcdd72d8c43a037eb74918b82/element/0BDBDB430E75C6CCB2BE0FD8619ECEA5_element_7/enabled'
18:24:38.383 [AsyncHttpClient-1-20] DEBUG org.asynchttpclient.netty.handler.HttpHandler - 

Request DefaultFullHttpRequest(decodeResult: success, version: HTTP/1.1, content: EmptyByteBufBE)
GET /session/72de4addcdd72d8c43a037eb74918b82/element/0BDBDB430E75C6CCB2BE0FD8619ECEA5_element_7/enabled HTTP/1.1
User-Agent: selenium/4.8.1 (java windows)
Cache-Control: no-cache
Content-Type: application/json; charset=utf-8
host: localhost:49025
accept: */*

Response DefaultHttpResponse(decodeResult: success, version: HTTP/1.1)
HTTP/1.1 200 OK
Content-Length: 14
Content-Type: application/json; charset=utf-8
cache-control: no-cache

18:24:38.383 [AsyncHttpClient-1-20] DEBUG org.asynchttpclient.netty.channel.ChannelManager - Adding key: http://localhost:49025 for channel [id: 0xde7e4157, L:/127.0.0.1:52212 - R:localhost/127.0.0.1:49025]
18:24:38.384 [Forwarding isElementEnabled on session 72de4addcdd72d8c43a037eb74918b82 to remote] DEBUG org.asynchttpclient.netty.request.NettyRequestSender - Using pooled Channel '[id: 0xde7e4157, L:/127.0.0.1:52212 - R:localhost/127.0.0.1:49025]' for 'GET' to 'http://localhost:49025/session/72de4addcdd72d8c43a037eb74918b82/element/0BDBDB430E75C6CCB2BE0FD8619ECEA5_element_7/enabled'
18:24:38.384 [Forwarding isElementEnabled on session 72de4addcdd72d8c43a037eb74918b82 to remote] DEBUG org.asynchttpclient.netty.request.NettyRequestSender - Using open Channel [id: 0xde7e4157, L:/127.0.0.1:52212 - R:localhost/127.0.0.1:49025] for GET '/session/72de4addcdd72d8c43a037eb74918b82/element/0BDBDB430E75C6CCB2BE0FD8619ECEA5_element_7/enabled'
18:24:38.389 [AsyncHttpClient-1-20] DEBUG org.asynchttpclient.netty.handler.HttpHandler - 

Request DefaultFullHttpRequest(decodeResult: success, version: HTTP/1.1, content: EmptyByteBufBE)
GET /session/72de4addcdd72d8c43a037eb74918b82/element/0BDBDB430E75C6CCB2BE0FD8619ECEA5_element_7/enabled HTTP/1.1
User-Agent: selenium/4.8.1 (java windows)
Cache-Control: no-cache
Content-Type: application/json; charset=utf-8
host: localhost:49025
accept: */*

Response DefaultHttpResponse(decodeResult: success, version: HTTP/1.1)
HTTP/1.1 200 OK
Content-Length: 14
Content-Type: application/json; charset=utf-8
cache-control: no-cache

18:24:38.389 [AsyncHttpClient-1-20] DEBUG org.asynchttpclient.netty.channel.ChannelManager - Adding key: http://localhost:49025 for channel [id: 0xde7e4157, L:/127.0.0.1:52212 - R:localhost/127.0.0.1:49025]
18:24:38.390 [Forwarding findElement on session 72de4addcdd72d8c43a037eb74918b82 to remote] DEBUG org.asynchttpclient.netty.request.NettyRequestSender - Using pooled Channel '[id: 0xde7e4157, L:/127.0.0.1:52212 - R:localhost/127.0.0.1:49025]' for 'POST' to 'http://localhost:49025/session/72de4addcdd72d8c43a037eb74918b82/element'
18:24:38.391 [Forwarding findElement on session 72de4addcdd72d8c43a037eb74918b82 to remote] DEBUG org.asynchttpclient.netty.request.NettyRequestSender - Using open Channel [id: 0xde7e4157, L:/127.0.0.1:52212 - R:localhost/127.0.0.1:49025] for POST '/session/72de4addcdd72d8c43a037eb74918b82/element'
18:24:38.397 [AsyncHttpClient-1-20] DEBUG org.asynchttpclient.netty.handler.HttpHandler - 

Request DefaultHttpRequest(decodeResult: success, version: HTTP/1.1)
POST /session/72de4addcdd72d8c43a037eb74918b82/element HTTP/1.1
User-Agent: selenium/4.8.1 (java windows)
Content-Length: 63
Content-Type: application/json; charset=utf-8
host: localhost:49025
accept: */*

Response DefaultHttpResponse(decodeResult: success, version: HTTP/1.1)
HTTP/1.1 200 OK
Content-Length: 94
Content-Type: application/json; charset=utf-8
cache-control: no-cache

18:24:38.397 [AsyncHttpClient-1-20] DEBUG org.asynchttpclient.netty.channel.ChannelManager - Adding key: http://localhost:49025 for channel [id: 0xde7e4157, L:/127.0.0.1:52212 - R:localhost/127.0.0.1:49025]
18:24:38.399 [Forwarding clickElement on session 72de4addcdd72d8c43a037eb74918b82 to remote] DEBUG org.asynchttpclient.netty.request.NettyRequestSender - Using pooled Channel '[id: 0xde7e4157, L:/127.0.0.1:52212 - R:localhost/127.0.0.1:49025]' for 'POST' to 'http://localhost:49025/session/72de4addcdd72d8c43a037eb74918b82/element/0BDBDB430E75C6CCB2BE0FD8619ECEA5_element_7/click'
18:24:38.399 [Forwarding clickElement on session 72de4addcdd72d8c43a037eb74918b82 to remote] DEBUG org.asynchttpclient.netty.request.NettyRequestSender - Using open Channel [id: 0xde7e4157, L:/127.0.0.1:52212 - R:localhost/127.0.0.1:49025] for POST '/session/72de4addcdd72d8c43a037eb74918b82/element/0BDBDB430E75C6CCB2BE0FD8619ECEA5_element_7/click'
18:24:38.430 [AsyncHttpClient-1-20] DEBUG org.asynchttpclient.netty.handler.HttpHandler - 

Request DefaultHttpRequest(decodeResult: success, version: HTTP/1.1)
POST /session/72de4addcdd72d8c43a037eb74918b82/element/0BDBDB430E75C6CCB2BE0FD8619ECEA5_element_7/click HTTP/1.1
User-Agent: selenium/4.8.1 (java windows)
Content-Length: 56
Content-Type: application/json; charset=utf-8
host: localhost:49025
accept: */*

Response DefaultHttpResponse(decodeResult: success, version: HTTP/1.1)
HTTP/1.1 200 OK
Content-Length: 14
Content-Type: application/json; charset=utf-8
cache-control: no-cache

18:24:38.431 [AsyncHttpClient-1-20] DEBUG org.asynchttpclient.netty.channel.ChannelManager - Adding key: http://localhost:49025 for channel [id: 0xde7e4157, L:/127.0.0.1:52212 - R:localhost/127.0.0.1:49025]
18:24:38.434 [Forwarding getAlertText on session 72de4addcdd72d8c43a037eb74918b82 to remote] DEBUG org.asynchttpclient.netty.request.NettyRequestSender - Using pooled Channel '[id: 0xde7e4157, L:/127.0.0.1:52212 - R:localhost/127.0.0.1:49025]' for 'GET' to 'http://localhost:49025/session/72de4addcdd72d8c43a037eb74918b82/alert/text'
18:24:38.434 [Forwarding getAlertText on session 72de4addcdd72d8c43a037eb74918b82 to remote] DEBUG org.asynchttpclient.netty.request.NettyRequestSender - Using open Channel [id: 0xde7e4157, L:/127.0.0.1:52212 - R:localhost/127.0.0.1:49025] for GET '/session/72de4addcdd72d8c43a037eb74918b82/alert/text'
18:24:38.436 [AsyncHttpClient-1-20] DEBUG org.asynchttpclient.netty.handler.HttpHandler - 

Request DefaultFullHttpRequest(decodeResult: success, version: HTTP/1.1, content: EmptyByteBufBE)
GET /session/72de4addcdd72d8c43a037eb74918b82/alert/text HTTP/1.1
User-Agent: selenium/4.8.1 (java windows)
Cache-Control: no-cache
Content-Type: application/json; charset=utf-8
host: localhost:49025
accept: */*

Response DefaultHttpResponse(decodeResult: success, version: HTTP/1.1)
HTTP/1.1 404 Not Found
Content-Length: 821
Content-Type: application/json; charset=utf-8
cache-control: no-cache

18:24:38.439 [AsyncHttpClient-1-20] DEBUG org.asynchttpclient.netty.channel.ChannelManager - Adding key: http://localhost:49025 for channel [id: 0xde7e4157, L:/127.0.0.1:52212 - R:localhost/127.0.0.1:49025]
18:24:38.440 [Forwarding getCurrentUrl on session 72de4addcdd72d8c43a037eb74918b82 to remote] DEBUG org.asynchttpclient.netty.request.NettyRequestSender - Using pooled Channel '[id: 0xde7e4157, L:/127.0.0.1:52212 - R:localhost/127.0.0.1:49025]' for 'GET' to 'http://localhost:49025/session/72de4addcdd72d8c43a037eb74918b82/url'
18:24:38.440 [Forwarding getCurrentUrl on session 72de4addcdd72d8c43a037eb74918b82 to remote] DEBUG org.asynchttpclient.netty.request.NettyRequestSender - Using open Channel [id: 0xde7e4157, L:/127.0.0.1:52212 - R:localhost/127.0.0.1:49025] for GET '/session/72de4addcdd72d8c43a037eb74918b82/url'
18:24:38.443 [AsyncHttpClient-1-20] DEBUG org.asynchttpclient.netty.handler.HttpHandler - 

Request DefaultFullHttpRequest(decodeResult: success, version: HTTP/1.1, content: EmptyByteBufBE)
GET /session/72de4addcdd72d8c43a037eb74918b82/url HTTP/1.1
User-Agent: selenium/4.8.1 (java windows)
Cache-Control: no-cache
Content-Type: application/json; charset=utf-8
host: localhost:49025
accept: */*

Response DefaultHttpResponse(decodeResult: success, version: HTTP/1.1)
HTTP/1.1 200 OK
Content-Length: 45
Content-Type: application/json; charset=utf-8
cache-control: no-cache

18:24:38.443 [AsyncHttpClient-1-20] DEBUG org.asynchttpclient.netty.channel.ChannelManager - Adding key: http://localhost:49025 for channel [id: 0xde7e4157, L:/127.0.0.1:52212 - R:localhost/127.0.0.1:49025]
18:24:38.444 [Forwarding screenshot on session 72de4addcdd72d8c43a037eb74918b82 to remote] DEBUG org.asynchttpclient.netty.request.NettyRequestSender - Using pooled Channel '[id: 0xde7e4157, L:/127.0.0.1:52212 - R:localhost/127.0.0.1:49025]' for 'GET' to 'http://localhost:49025/session/72de4addcdd72d8c43a037eb74918b82/screenshot'
18:24:38.444 [Forwarding screenshot on session 72de4addcdd72d8c43a037eb74918b82 to remote] DEBUG org.asynchttpclient.netty.request.NettyRequestSender - Using open Channel [id: 0xde7e4157, L:/127.0.0.1:52212 - R:localhost/127.0.0.1:49025] for GET '/session/72de4addcdd72d8c43a037eb74918b82/screenshot'
18:24:38.508 [AsyncHttpClient-1-20] DEBUG org.asynchttpclient.netty.handler.HttpHandler - 

Request DefaultFullHttpRequest(decodeResult: success, version: HTTP/1.1, content: EmptyByteBufBE)
GET /session/72de4addcdd72d8c43a037eb74918b82/screenshot HTTP/1.1
User-Agent: selenium/4.8.1 (java windows)
Cache-Control: no-cache
Content-Type: application/json; charset=utf-8
host: localhost:49025
accept: */*

Response DefaultHttpResponse(decodeResult: success, version: HTTP/1.1)
HTTP/1.1 200 OK
Content-Length: 34640
Content-Type: application/json; charset=utf-8
cache-control: no-cache

18:24:38.508 [AsyncHttpClient-1-20] DEBUG org.asynchttpclient.netty.channel.ChannelManager - Adding key: http://localhost:49025 for channel [id: 0xde7e4157, L:/127.0.0.1:52212 - R:localhost/127.0.0.1:49025]
18:24:38.509 [main] DEBUG net.serenitybdd.core.photography.Darkroom - Send negative for processing for target\site\serenity\237254975574fc8917906dce7d56e6fd2a4f11640216b66b3db7404d8627a723.png
18:24:38.510 [main] DEBUG net.thucydides.core.steps.StepInterceptor - STEP DONE: clickLoginButton
  &amp#27;[32mWhen &amp#27;[0m&amp#27;[32mI click on the login button&amp#27;[0m                &amp#27;[90m# starter.stepdefinitions.LoginSteps.clickLoginButton()&amp#27;[0m
18:24:38.510 [Darkroom Processing Line] DEBUG net.serenitybdd.core.photography.DarkroomProcessingLine - Processing screenshot image in /var/screenshots/screenshot-12444074015013148393
18:24:38.510 [Darkroom Processing Line] DEBUG net.serenitybdd.core.photography.DarkroomProcessingLine - Saving screenshot to target\site\serenity\237254975574fc8917906dce7d56e6fd2a4f11640216b66b3db7404d8627a723.png
18:24:38.515 [Forwarding getPageSource on session 72de4addcdd72d8c43a037eb74918b82 to remote] DEBUG org.asynchttpclient.netty.request.NettyRequestSender - Using pooled Channel '[id: 0xde7e4157, L:/127.0.0.1:52212 - R:localhost/127.0.0.1:49025]' for 'POST' to 'http://localhost:49025/session/72de4addcdd72d8c43a037eb74918b82/execute/sync'
18:24:38.515 [Forwarding getPageSource on session 72de4addcdd72d8c43a037eb74918b82 to remote] DEBUG org.asynchttpclient.netty.request.NettyRequestSender - Using open Channel [id: 0xde7e4157, L:/127.0.0.1:52212 - R:localhost/127.0.0.1:49025] for POST '/session/72de4addcdd72d8c43a037eb74918b82/execute/sync'
18:24:38.520 [AsyncHttpClient-1-20] DEBUG org.asynchttpclient.netty.handler.HttpHandler - 

Request DefaultHttpRequest(decodeResult: success, version: HTTP/1.1)
POST /session/72de4addcdd72d8c43a037eb74918b82/execute/sync HTTP/1.1
User-Agent: selenium/4.8.1 (java windows)
Content-Length: 176
Content-Type: application/json; charset=utf-8
host: localhost:49025
accept: */*

Response DefaultHttpResponse(decodeResult: success, version: HTTP/1.1)
HTTP/1.1 200 OK
Content-Length: 9202
Content-Type: application/json; charset=utf-8
cache-control: no-cache

18:24:38.520 [AsyncHttpClient-1-20] DEBUG org.asynchttpclient.netty.channel.ChannelManager - Adding key: http://localhost:49025 for channel [id: 0xde7e4157, L:/127.0.0.1:52212 - R:localhost/127.0.0.1:49025]
18:24:38.521 [Forwarding getCurrentUrl on session 72de4addcdd72d8c43a037eb74918b82 to remote] DEBUG org.asynchttpclient.netty.request.NettyRequestSender - Using pooled Channel '[id: 0xde7e4157, L:/127.0.0.1:52212 - R:localhost/127.0.0.1:49025]' for 'GET' to 'http://localhost:49025/session/72de4addcdd72d8c43a037eb74918b82/url'
18:24:38.521 [Forwarding getCurrentUrl on session 72de4addcdd72d8c43a037eb74918b82 to remote] DEBUG org.asynchttpclient.netty.request.NettyRequestSender - Using open Channel [id: 0xde7e4157, L:/127.0.0.1:52212 - R:localhost/127.0.0.1:49025] for GET '/session/72de4addcdd72d8c43a037eb74918b82/url'
18:24:38.524 [AsyncHttpClient-1-20] DEBUG org.asynchttpclient.netty.handler.HttpHandler - 

Request DefaultFullHttpRequest(decodeResult: success, version: HTTP/1.1, content: EmptyByteBufBE)
GET /session/72de4addcdd72d8c43a037eb74918b82/url HTTP/1.1
User-Agent: selenium/4.8.1 (java windows)
Cache-Control: no-cache
Content-Type: application/json; charset=utf-8
host: localhost:49025
accept: */*

Response DefaultHttpResponse(decodeResult: success, version: HTTP/1.1)
HTTP/1.1 200 OK
Content-Length: 45
Content-Type: application/json; charset=utf-8
cache-control: no-cache

18:24:38.524 [AsyncHttpClient-1-20] DEBUG org.asynchttpclient.netty.channel.ChannelManager - Adding key: http://localhost:49025 for channel [id: 0xde7e4157, L:/127.0.0.1:52212 - R:localhost/127.0.0.1:49025]
18:24:38.530 [Forwarding getPageSource on session 72de4addcdd72d8c43a037eb74918b82 to remote] DEBUG org.asynchttpclient.netty.request.NettyRequestSender - Using pooled Channel '[id: 0xde7e4157, L:/127.0.0.1:52212 - R:localhost/127.0.0.1:49025]' for 'POST' to 'http://localhost:49025/session/72de4addcdd72d8c43a037eb74918b82/execute/sync'
18:24:38.530 [Forwarding getPageSource on session 72de4addcdd72d8c43a037eb74918b82 to remote] DEBUG org.asynchttpclient.netty.request.NettyRequestSender - Using open Channel [id: 0xde7e4157, L:/127.0.0.1:52212 - R:localhost/127.0.0.1:49025] for POST '/session/72de4addcdd72d8c43a037eb74918b82/execute/sync'
18:24:38.537 [AsyncHttpClient-1-20] DEBUG org.asynchttpclient.netty.handler.HttpHandler - 

Request DefaultHttpRequest(decodeResult: success, version: HTTP/1.1)
POST /session/72de4addcdd72d8c43a037eb74918b82/execute/sync HTTP/1.1
User-Agent: selenium/4.8.1 (java windows)
Content-Length: 176
Content-Type: application/json; charset=utf-8
host: localhost:49025
accept: */*

Response DefaultHttpResponse(decodeResult: success, version: HTTP/1.1)
HTTP/1.1 200 OK
Content-Length: 9202
Content-Type: application/json; charset=utf-8
cache-control: no-cache

18:24:38.537 [AsyncHttpClient-1-20] DEBUG org.asynchttpclient.netty.channel.ChannelManager - Adding key: http://localhost:49025 for channel [id: 0xde7e4157, L:/127.0.0.1:52212 - R:localhost/127.0.0.1:49025]
18:24:38.539 [Forwarding getCurrentUrl on session 72de4addcdd72d8c43a037eb74918b82 to remote] DEBUG org.asynchttpclient.netty.request.NettyRequestSender - Using pooled Channel '[id: 0xde7e4157, L:/127.0.0.1:52212 - R:localhost/127.0.0.1:49025]' for 'GET' to 'http://localhost:49025/session/72de4addcdd72d8c43a037eb74918b82/url'
18:24:38.539 [Forwarding getCurrentUrl on session 72de4addcdd72d8c43a037eb74918b82 to remote] DEBUG org.asynchttpclient.netty.request.NettyRequestSender - Using open Channel [id: 0xde7e4157, L:/127.0.0.1:52212 - R:localhost/127.0.0.1:49025] for GET '/session/72de4addcdd72d8c43a037eb74918b82/url'
18:24:38.545 [AsyncHttpClient-1-20] DEBUG org.asynchttpclient.netty.handler.HttpHandler - 

Request DefaultFullHttpRequest(decodeResult: success, version: HTTP/1.1, content: EmptyByteBufBE)
GET /session/72de4addcdd72d8c43a037eb74918b82/url HTTP/1.1
User-Agent: selenium/4.8.1 (java windows)
Cache-Control: no-cache
Content-Type: application/json; charset=utf-8
host: localhost:49025
accept: */*

Response DefaultHttpResponse(decodeResult: success, version: HTTP/1.1)
HTTP/1.1 200 OK
Content-Length: 45
Content-Type: application/json; charset=utf-8
cache-control: no-cache

18:24:38.547 [AsyncHttpClient-1-20] DEBUG org.asynchttpclient.netty.channel.ChannelManager - Adding key: http://localhost:49025 for channel [id: 0xde7e4157, L:/127.0.0.1:52212 - R:localhost/127.0.0.1:49025]
18:24:38.550 [main] DEBUG net.thucydides.core.steps.StepInterceptor - STARTING STEP: LoginSteps.checkWarningCharEmail - checkWarningCharEmail
18:24:38.551 [Forwarding findElement on session 72de4addcdd72d8c43a037eb74918b82 to remote] DEBUG org.asynchttpclient.netty.request.NettyRequestSender - Using pooled Channel '[id: 0xde7e4157, L:/127.0.0.1:52212 - R:localhost/127.0.0.1:49025]' for 'POST' to 'http://localhost:49025/session/72de4addcdd72d8c43a037eb74918b82/element'
18:24:38.551 [Forwarding findElement on session 72de4addcdd72d8c43a037eb74918b82 to remote] DEBUG org.asynchttpclient.netty.request.NettyRequestSender - Using open Channel [id: 0xde7e4157, L:/127.0.0.1:52212 - R:localhost/127.0.0.1:49025] for POST '/session/72de4addcdd72d8c43a037eb74918b82/element'
18:24:38.570 [AsyncHttpClient-1-20] DEBUG org.asynchttpclient.netty.handler.HttpHandler - 

Request DefaultHttpRequest(decodeResult: success, version: HTTP/1.1)
POST /session/72de4addcdd72d8c43a037eb74918b82/element HTTP/1.1
User-Agent: selenium/4.8.1 (java windows)
Content-Length: 51
Content-Type: application/json; charset=utf-8
host: localhost:49025
accept: */*

Response DefaultHttpResponse(decodeResult: success, version: HTTP/1.1)
HTTP/1.1 200 OK
Content-Length: 95
Content-Type: application/json; charset=utf-8
cache-control: no-cache

18:24:38.570 [AsyncHttpClient-1-20] DEBUG org.asynchttpclient.netty.channel.ChannelManager - Adding key: http://localhost:49025 for channel [id: 0xde7e4157, L:/127.0.0.1:52212 - R:localhost/127.0.0.1:49025]
18:24:38.574 [Forwarding isElementDisplayed on session 72de4addcdd72d8c43a037eb74918b82 to remote] DEBUG org.asynchttpclient.netty.request.NettyRequestSender - Using pooled Channel '[id: 0xde7e4157, L:/127.0.0.1:52212 - R:localhost/127.0.0.1:49025]' for 'POST' to 'http://localhost:49025/session/72de4addcdd72d8c43a037eb74918b82/execute/sync'
18:24:38.574 [Forwarding isElementDisplayed on session 72de4addcdd72d8c43a037eb74918b82 to remote] DEBUG org.asynchttpclient.netty.request.NettyRequestSender - Using open Channel [id: 0xde7e4157, L:/127.0.0.1:52212 - R:localhost/127.0.0.1:49025] for POST '/session/72de4addcdd72d8c43a037eb74918b82/execute/sync'
18:24:38.590 [AsyncHttpClient-1-20] DEBUG org.asynchttpclient.netty.handler.HttpHandler - 

Request DefaultHttpRequest(decodeResult: success, version: HTTP/1.1)
POST /session/72de4addcdd72d8c43a037eb74918b82/execute/sync HTTP/1.1
User-Agent: selenium/4.8.1 (java windows)
Content-Length: 48814
Content-Type: application/json; charset=utf-8
host: localhost:49025
accept: */*

Response DefaultHttpResponse(decodeResult: success, version: HTTP/1.1)
HTTP/1.1 200 OK
Content-Length: 14
Content-Type: application/json; charset=utf-8
cache-control: no-cache

18:24:38.590 [AsyncHttpClient-1-20] DEBUG org.asynchttpclient.netty.channel.ChannelManager - Adding key: http://localhost:49025 for channel [id: 0xde7e4157, L:/127.0.0.1:52212 - R:localhost/127.0.0.1:49025]
18:24:38.594 [Forwarding getAlertText on session 72de4addcdd72d8c43a037eb74918b82 to remote] DEBUG org.asynchttpclient.netty.request.NettyRequestSender - Using pooled Channel '[id: 0xde7e4157, L:/127.0.0.1:52212 - R:localhost/127.0.0.1:49025]' for 'GET' to 'http://localhost:49025/session/72de4addcdd72d8c43a037eb74918b82/alert/text'
18:24:38.594 [Forwarding getAlertText on session 72de4addcdd72d8c43a037eb74918b82 to remote] DEBUG org.asynchttpclient.netty.request.NettyRequestSender - Using open Channel [id: 0xde7e4157, L:/127.0.0.1:52212 - R:localhost/127.0.0.1:49025] for GET '/session/72de4addcdd72d8c43a037eb74918b82/alert/text'
18:24:38.596 [AsyncHttpClient-1-20] DEBUG org.asynchttpclient.netty.handler.HttpHandler - 

Request DefaultFullHttpRequest(decodeResult: success, version: HTTP/1.1, content: EmptyByteBufBE)
GET /session/72de4addcdd72d8c43a037eb74918b82/alert/text HTTP/1.1
User-Agent: selenium/4.8.1 (java windows)
Cache-Control: no-cache
Content-Type: application/json; charset=utf-8
host: localhost:49025
accept: */*

Response DefaultHttpResponse(decodeResult: success, version: HTTP/1.1)
HTTP/1.1 404 Not Found
Content-Length: 821
Content-Type: application/json; charset=utf-8
cache-control: no-cache

18:24:38.596 [AsyncHttpClient-1-20] DEBUG org.asynchttpclient.netty.channel.ChannelManager - Adding key: http://localhost:49025 for channel [id: 0xde7e4157, L:/127.0.0.1:52212 - R:localhost/127.0.0.1:49025]
18:24:38.597 [Forwarding getCurrentUrl on session 72de4addcdd72d8c43a037eb74918b82 to remote] DEBUG org.asynchttpclient.netty.request.NettyRequestSender - Using pooled Channel '[id: 0xde7e4157, L:/127.0.0.1:52212 - R:localhost/127.0.0.1:49025]' for 'GET' to 'http://localhost:49025/session/72de4addcdd72d8c43a037eb74918b82/url'
18:24:38.597 [Forwarding getCurrentUrl on session 72de4addcdd72d8c43a037eb74918b82 to remote] DEBUG org.asynchttpclient.netty.request.NettyRequestSender - Using open Channel [id: 0xde7e4157, L:/127.0.0.1:52212 - R:localhost/127.0.0.1:49025] for GET '/session/72de4addcdd72d8c43a037eb74918b82/url'
18:24:38.603 [AsyncHttpClient-1-20] DEBUG org.asynchttpclient.netty.handler.HttpHandler - 

Request DefaultFullHttpRequest(decodeResult: success, version: HTTP/1.1, content: EmptyByteBufBE)
GET /session/72de4addcdd72d8c43a037eb74918b82/url HTTP/1.1
User-Agent: selenium/4.8.1 (java windows)
Cache-Control: no-cache
Content-Type: application/json; charset=utf-8
host: localhost:49025
accept: */*

Response DefaultHttpResponse(decodeResult: success, version: HTTP/1.1)
HTTP/1.1 200 OK
Content-Length: 45
Content-Type: application/json; charset=utf-8
cache-control: no-cache

18:24:38.603 [AsyncHttpClient-1-20] DEBUG org.asynchttpclient.netty.channel.ChannelManager - Adding key: http://localhost:49025 for channel [id: 0xde7e4157, L:/127.0.0.1:52212 - R:localhost/127.0.0.1:49025]
18:24:38.604 [Forwarding screenshot on session 72de4addcdd72d8c43a037eb74918b82 to remote] DEBUG org.asynchttpclient.netty.request.NettyRequestSender - Using pooled Channel '[id: 0xde7e4157, L:/127.0.0.1:52212 - R:localhost/127.0.0.1:49025]' for 'GET' to 'http://localhost:49025/session/72de4addcdd72d8c43a037eb74918b82/screenshot'
18:24:38.604 [Forwarding screenshot on session 72de4addcdd72d8c43a037eb74918b82 to remote] DEBUG org.asynchttpclient.netty.request.NettyRequestSender - Using open Channel [id: 0xde7e4157, L:/127.0.0.1:52212 - R:localhost/127.0.0.1:49025] for GET '/session/72de4addcdd72d8c43a037eb74918b82/screenshot'
18:24:38.702 [AsyncHttpClient-1-1] DEBUG org.asynchttpclient.netty.channel.DefaultChannelPool - Entry count for : http://localhost:52213 : 1
18:24:38.734 [AsyncHttpClient-1-20] DEBUG org.asynchttpclient.netty.handler.HttpHandler - 

Request DefaultFullHttpRequest(decodeResult: success, version: HTTP/1.1, content: EmptyByteBufBE)
GET /session/72de4addcdd72d8c43a037eb74918b82/screenshot HTTP/1.1
User-Agent: selenium/4.8.1 (java windows)
Cache-Control: no-cache
Content-Type: application/json; charset=utf-8
host: localhost:49025
accept: */*

Response DefaultHttpResponse(decodeResult: success, version: HTTP/1.1)
HTTP/1.1 200 OK
Content-Length: 34680
Content-Type: application/json; charset=utf-8
cache-control: no-cache

18:24:38.734 [AsyncHttpClient-1-20] DEBUG org.asynchttpclient.netty.channel.ChannelManager - Adding key: http://localhost:49025 for channel [id: 0xde7e4157, L:/127.0.0.1:52212 - R:localhost/127.0.0.1:49025]
18:24:38.735 [main] DEBUG net.serenitybdd.core.photography.Darkroom - Send negative for processing for target\site\serenity\aac299888a4c206b7cd8849a64322e8d81d77da270ccaecc1220cbeaca28ea89.png
18:24:38.736 [main] DEBUG net.thucydides.core.steps.StepInterceptor - STEP DONE: checkWarningCharEmail
  &amp#27;[32mThen &amp#27;[0m&amp#27;[32mI should see warning char email&amp#27;[0m            &amp#27;[90m# starter.stepdefinitions.LoginSteps.checkWarningCharEmail()&amp#27;[0m
18:24:38.736 [Darkroom Processing Line] DEBUG net.serenitybdd.core.photography.DarkroomProcessingLine - Processing screenshot image in /var/screenshots/screenshot-10744321439851285586
18:24:38.736 [Darkroom Processing Line] DEBUG net.serenitybdd.core.photography.DarkroomProcessingLine - Saving screenshot to target\site\serenity\aac299888a4c206b7cd8849a64322e8d81d77da270ccaecc1220cbeaca28ea89.png
18:24:38.739 [main] INFO  - 
  _____   ___   ___   _____     ___     _     ___   ___   ___   ___  
 |_   _| | __| / __| |_   _|   | _ \   /_\   / __| / __| | __| |   \ 
   | |   | _|  \__ \   | |     |  _/  / _ \  \__ \ \__ \ | _|  | |) |
   |_|   |___| |___/   |_|     |_|   /_/ \_\ |___/ |___/ |___| |___/ 

Admin login with email less than 2 char
----------------------------------------------------------------------
18:24:38.740 [AsyncHttpClient-1-22] DEBUG org.asynchttpclient.netty.handler.WebSocketHandler - Channel Closed: [id: 0x9a9480a3, L:/127.0.0.1:52220 ! R:localhost/127.0.0.1:52213] with attribute NettyResponseFuture{currentRetry=0,
	isDone=1,
	isCancelled=0,
	asyncHandler=org.asynchttpclient.ws.WebSocketUpgradeHandler@7cfbc002,
	nettyRequest=org.asynchttpclient.netty.request.NettyRequest@3f288f66,
	future=java.util.concurrent.CompletableFuture@4d593d7[Completed normally],
	uri=ws://localhost:52213/devtools/browser/0741a87a-d172-4075-9635-62c04b2d51c2,
	keepAlive=true,
	redirectCount=0,
	timeoutsHolder=null,
	inAuth=0,
	touch=1687346676576}
18:24:38.740 [AsyncHttpClient-1-22] DEBUG org.asynchttpclient.netty.channel.ChannelManager - Closing Channel [id: 0x9a9480a3, L:/127.0.0.1:52220 ! R:localhost/127.0.0.1:52213] 
18:24:38.740 [Driver Command Executor] DEBUG org.asynchttpclient.netty.request.NettyRequestSender - Using pooled Channel '[id: 0xde7e4157, L:/127.0.0.1:52212 - R:localhost/127.0.0.1:49025]' for 'DELETE' to 'http://localhost:49025/session/72de4addcdd72d8c43a037eb74918b82'
18:24:38.740 [Driver Command Executor] DEBUG org.asynchttpclient.netty.request.NettyRequestSender - Using open Channel [id: 0xde7e4157, L:/127.0.0.1:52212 - R:localhost/127.0.0.1:49025] for DELETE '/session/72de4addcdd72d8c43a037eb74918b82'
18:24:38.776 [AsyncHttpClient-1-21] DEBUG org.asynchttpclient.netty.handler.HttpHandler - Unexpected I/O exception on channel [id: 0xd25c1b5d, L:/127.0.0.1:52219 - R:localhost/127.0.0.1:52213]
java.net.SocketException: Connection reset
	at java.base/sun.nio.ch.SocketChannelImpl.throwConnectionReset(SocketChannelImpl.java:367)
	at java.base/sun.nio.ch.SocketChannelImpl.read(SocketChannelImpl.java:398)
	at io.netty.buffer.PooledByteBuf.setBytes(PooledByteBuf.java:259)
	at io.netty.buffer.AbstractByteBuf.writeBytes(AbstractByteBuf.java:1132)
	at io.netty.channel.socket.nio.NioSocketChannel.doReadBytes(NioSocketChannel.java:357)
	at io.netty.channel.nio.AbstractNioByteChannel$NioByteUnsafe.read(AbstractNioByteChannel.java:151)
	at io.netty.channel.nio.NioEventLoop.processSelectedKey(NioEventLoop.java:788)
	at io.netty.channel.nio.NioEventLoop.processSelectedKeysOptimized(NioEventLoop.java:724)
	at io.netty.channel.nio.NioEventLoop.processSelectedKeys(NioEventLoop.java:650)
	at io.netty.channel.nio.NioEventLoop.run(NioEventLoop.java:562)
	at io.netty.util.concurrent.SingleThreadEventExecutor$4.run(SingleThreadEventExecutor.java:997)
	at io.netty.util.internal.ThreadExecutorMap$2.run(ThreadExecutorMap.java:74)
	at io.netty.util.concurrent.FastThreadLocalRunnable.run(FastThreadLocalRunnable.java:30)
	at java.base/java.lang.Thread.run(Thread.java:832)
18:24:38.776 [AsyncHttpClient-1-21] DEBUG org.asynchttpclient.netty.channel.ChannelManager - Closing Channel [id: 0xd25c1b5d, L:/127.0.0.1:52219 - R:localhost/127.0.0.1:52213] 
18:24:38.776 [AsyncHttpClient-1-21] DEBUG org.asynchttpclient.netty.handler.HttpHandler - Channel Closed: [id: 0xd25c1b5d, L:/127.0.0.1:52219 ! R:localhost/127.0.0.1:52213] with attribute DISCARD
18:24:38.788 [AsyncHttpClient-1-20] DEBUG org.asynchttpclient.netty.handler.HttpHandler - 

Request DefaultFullHttpRequest(decodeResult: success, version: HTTP/1.1, content: EmptyByteBufBE)
DELETE /session/72de4addcdd72d8c43a037eb74918b82 HTTP/1.1
User-Agent: selenium/4.8.1 (java windows)
Content-Type: application/json; charset=utf-8
host: localhost:49025
accept: */*

Response DefaultHttpResponse(decodeResult: success, version: HTTP/1.1)
HTTP/1.1 200 OK
Content-Length: 14
Content-Type: application/json; charset=utf-8
cache-control: no-cache

18:24:38.788 [AsyncHttpClient-1-20] DEBUG org.asynchttpclient.netty.channel.ChannelManager - Adding key: http://localhost:49025 for channel [id: 0xde7e4157, L:/127.0.0.1:52212 - R:localhost/127.0.0.1:49025]
18:24:38.840 [AsyncHttpClient-1-20] DEBUG org.asynchttpclient.netty.handler.HttpHandler - Channel Closed: [id: 0xde7e4157, L:/127.0.0.1:52212 ! R:localhost/127.0.0.1:49025] with attribute DISCARD
]]></system-out>
    <system-err><![CDATA[Starting ChromeDriver 114.0.5735.16 (7e1ff058633f5b79b1cd7479aca585ba385519d8-refs/branch-heads/5735@{#182}) on port 49025
Only local connections are allowed.
Please see https://chromedriver.chromium.org/security-considerations for suggestions on keeping ChromeDriver safe.
ChromeDriver was started successfully.
Jun 21, 2023 6:24:36 PM org.openqa.selenium.devtools.CdpVersionFinder findNearestMatch
WARNING: Unable to find an exact match for CDP version 114, so returning the closest version found: 110
]]></system-err>
  </testcase>
  <testcase name="Admin login with password less than 8 char" classname="Login to Sociops Admin Account" time="2.999">
    <system-out><![CDATA[
Scenario: Admin login with password less than 8 char &amp#27;[90m# src/test/resources/features/Login.feature:56&amp#27;[0m
18:24:39.373 [main] DEBUG io.cucumber.core.plugin.SerenityReporter - Running feature from file:///C:/Users/WINDOWS%2010/Documents/GitHub/Capstone/sociops_qe_web/src/test/resources/features/Login.feature
18:24:39.374 [main] INFO  - 
  _____   ___   ___   _____     ___   _____     _     ___   _____   ___   ___  
 |_   _| | __| / __| |_   _|   / __| |_   _|   /_\   | _ \ |_   _| | __| |   \ 
   | |   | _|  \__ \   | |     \__ \   | |    / _ \  |   /   | |   | _|  | |) |
   |_|   |___| |___/   |_|     |___/   |_|   /_/ \_\ |_|_\   |_|   |___| |___/ 

Admin login with password less than 8 char(login-to-sociops-admin-account;admin-login-with-password-less-than-8-char)
--------------------------------------------------------------------------------
18:24:39.384 [main] DEBUG net.thucydides.core.steps.StepInterceptor - STARTING STEP: LoginSteps.onTheLoginPage - openPage
18:24:39.412 [main] INFO net.serenitybdd.core.webdriver.driverproviders.ChromeDriverProvider - Starting Chrome driver instance with capabilities:
18:24:39.412 [main] INFO net.serenitybdd.core.webdriver.driverproviders.ChromeDriverProvider - Capabilities {acceptInsecureCerts: false, browserName: chrome, goog:chromeOptions: {args: [remote-allow-origins=*], extensions: []}}
18:24:39.482 [AsyncHttpClient-1-23] DEBUG org.asynchttpclient.netty.channel.NettyConnectListener - Using new Channel '[id: 0x87ad1486, L:/127.0.0.1:52235 - R:localhost/127.0.0.1:10458]' for 'POST' to '/session'
18:24:39.804 [AsyncHttpClient-1-1] DEBUG org.asynchttpclient.netty.channel.DefaultChannelPool - Entry count for : http://localhost:52213 : 1
18:24:39.804 [AsyncHttpClient-1-1] DEBUG org.asynchttpclient.netty.channel.DefaultChannelPool - Entry count for : http://localhost:49025 : 1
18:24:39.804 [AsyncHttpClient-1-1] DEBUG org.asynchttpclient.netty.channel.DefaultChannelPool - Adding Candidate expired Channel [id: 0xd25c1b5d, L:/127.0.0.1:52219 ! R:localhost/127.0.0.1:52213] isIdleTimeoutExpired=false isRemotelyClosed=true isTtlExpired=false
18:24:39.804 [AsyncHttpClient-1-1] DEBUG org.asynchttpclient.netty.channel.DefaultChannelPool - Closing Idle Channel [id: 0xd25c1b5d, L:/127.0.0.1:52219 ! R:localhost/127.0.0.1:52213]
18:24:39.804 [AsyncHttpClient-1-1] DEBUG org.asynchttpclient.netty.channel.DefaultChannelPool - Adding Candidate expired Channel [id: 0xde7e4157, L:/127.0.0.1:52212 ! R:localhost/127.0.0.1:49025] isIdleTimeoutExpired=false isRemotelyClosed=true isTtlExpired=false
18:24:39.804 [AsyncHttpClient-1-1] DEBUG org.asynchttpclient.netty.channel.DefaultChannelPool - Closing Idle Channel [id: 0xde7e4157, L:/127.0.0.1:52212 ! R:localhost/127.0.0.1:49025]
18:24:39.804 [AsyncHttpClient-1-1] DEBUG org.asynchttpclient.netty.channel.DefaultChannelPool - Closed 2 connections out of 2 in 0 ms
18:24:40.091 [AsyncHttpClient-1-23] DEBUG org.asynchttpclient.netty.handler.HttpHandler - 

Request DefaultHttpRequest(decodeResult: success, version: HTTP/1.1)
POST /session HTTP/1.1
User-Agent: selenium/4.8.1 (java windows)
Content-Length: 507
Content-Type: application/json; charset=utf-8
host: localhost:10458
accept: */*

Response DefaultHttpResponse(decodeResult: success, version: HTTP/1.1)
HTTP/1.1 200 OK
Content-Length: 862
Content-Type: application/json; charset=utf-8
cache-control: no-cache

18:24:40.092 [AsyncHttpClient-1-23] DEBUG org.asynchttpclient.netty.channel.ChannelManager - Adding key: http://localhost:10458 for channel [id: 0x87ad1486, L:/127.0.0.1:52235 - R:localhost/127.0.0.1:10458]
18:24:40.096 [AsyncHttpClient-1-24] DEBUG org.asynchttpclient.netty.channel.NettyConnectListener - Using new Channel '[id: 0x516d46f6, L:/127.0.0.1:52244 - R:localhost/127.0.0.1:52236]' for 'GET' to '/json/version'
18:24:40.098 [AsyncHttpClient-1-24] DEBUG org.asynchttpclient.netty.handler.HttpHandler - 

Request DefaultFullHttpRequest(decodeResult: success, version: HTTP/1.1, content: EmptyByteBufBE)
GET /json/version HTTP/1.1
User-Agent: selenium/4.8.1 (java windows)
host: localhost:52236
accept: */*

Response DefaultHttpResponse(decodeResult: success, version: HTTP/1.1)
HTTP/1.1 200 OK
Content-Security-Policy: frame-ancestors 'none'
Content-Length: 424
Content-Type: application/json; charset=UTF-8

18:24:40.098 [AsyncHttpClient-1-24] DEBUG org.asynchttpclient.netty.channel.ChannelManager - Adding key: http://localhost:52236 for channel [id: 0x516d46f6, L:/127.0.0.1:52244 - R:localhost/127.0.0.1:52236]
18:24:40.099 [AsyncHttpClient-1-25] DEBUG org.asynchttpclient.netty.channel.NettyConnectListener - Using new Channel '[id: 0xf1e0f28a, L:/127.0.0.1:52245 - R:localhost/127.0.0.1:52236]' for 'GET' to '/devtools/browser/bb70e6e5-8531-4c35-9d9d-97324ec8d4f3'
18:24:40.101 [AsyncHttpClient-1-25] DEBUG org.asynchttpclient.netty.handler.WebSocketHandler - 

Request DefaultFullHttpRequest(decodeResult: success, version: HTTP/1.1, content: EmptyByteBufBE)
GET /devtools/browser/bb70e6e5-8531-4c35-9d9d-97324ec8d4f3 HTTP/1.1
upgrade: websocket
connection: upgrade
sec-websocket-key: 5XBurV3z4Vft9+qrTK0TRQ==
sec-websocket-version: 13
origin: http://localhost:52236
host: localhost:52236
accept: */*
user-agent: AHC/2.1

Response DefaultHttpResponse(decodeResult: success, version: HTTP/1.1)
HTTP/1.1 101 WebSocket Protocol Handshake
Upgrade: WebSocket
Connection: Upgrade
Sec-WebSocket-Accept: tyXmS7K6rLUFulQGTFkH8+gG7l4=

18:24:40.104 [Forwarding get on session cec56b605d8694fa0e56aca46054e9cc to remote] DEBUG org.asynchttpclient.netty.request.NettyRequestSender - Using pooled Channel '[id: 0x87ad1486, L:/127.0.0.1:52235 - R:localhost/127.0.0.1:10458]' for 'POST' to 'http://localhost:10458/session/cec56b605d8694fa0e56aca46054e9cc/url'
18:24:40.104 [Forwarding get on session cec56b605d8694fa0e56aca46054e9cc to remote] DEBUG org.asynchttpclient.netty.request.NettyRequestSender - Using open Channel [id: 0x87ad1486, L:/127.0.0.1:52235 - R:localhost/127.0.0.1:10458] for POST '/session/cec56b605d8694fa0e56aca46054e9cc/url'
18:24:40.739 [AsyncHttpClient-1-23] DEBUG org.asynchttpclient.netty.handler.HttpHandler - 

Request DefaultHttpRequest(decodeResult: success, version: HTTP/1.1)
POST /session/cec56b605d8694fa0e56aca46054e9cc/url HTTP/1.1
User-Agent: selenium/4.8.1 (java windows)
Content-Length: 63
Content-Type: application/json; charset=utf-8
host: localhost:10458
accept: */*

Response DefaultHttpResponse(decodeResult: success, version: HTTP/1.1)
HTTP/1.1 200 OK
Content-Length: 14
Content-Type: application/json; charset=utf-8
cache-control: no-cache

18:24:40.739 [AsyncHttpClient-1-23] DEBUG org.asynchttpclient.netty.channel.ChannelManager - Adding key: http://localhost:10458 for channel [id: 0x87ad1486, L:/127.0.0.1:52235 - R:localhost/127.0.0.1:10458]
18:24:40.740 [Forwarding setTimeout on session cec56b605d8694fa0e56aca46054e9cc to remote] DEBUG org.asynchttpclient.netty.request.NettyRequestSender - Using pooled Channel '[id: 0x87ad1486, L:/127.0.0.1:52235 - R:localhost/127.0.0.1:10458]' for 'POST' to 'http://localhost:10458/session/cec56b605d8694fa0e56aca46054e9cc/timeouts'
18:24:40.740 [Forwarding setTimeout on session cec56b605d8694fa0e56aca46054e9cc to remote] DEBUG org.asynchttpclient.netty.request.NettyRequestSender - Using open Channel [id: 0x87ad1486, L:/127.0.0.1:52235 - R:localhost/127.0.0.1:10458] for POST '/session/cec56b605d8694fa0e56aca46054e9cc/timeouts'
18:24:40.741 [AsyncHttpClient-1-23] DEBUG org.asynchttpclient.netty.handler.HttpHandler - 

Request DefaultHttpRequest(decodeResult: success, version: HTTP/1.1)
POST /session/cec56b605d8694fa0e56aca46054e9cc/timeouts HTTP/1.1
User-Agent: selenium/4.8.1 (java windows)
Content-Length: 22
Content-Type: application/json; charset=utf-8
host: localhost:10458
accept: */*

Response DefaultHttpResponse(decodeResult: success, version: HTTP/1.1)
HTTP/1.1 200 OK
Content-Length: 14
Content-Type: application/json; charset=utf-8
cache-control: no-cache

18:24:40.741 [AsyncHttpClient-1-23] DEBUG org.asynchttpclient.netty.channel.ChannelManager - Adding key: http://localhost:10458 for channel [id: 0x87ad1486, L:/127.0.0.1:52235 - R:localhost/127.0.0.1:10458]
18:24:40.745 [Forwarding getAlertText on session cec56b605d8694fa0e56aca46054e9cc to remote] DEBUG org.asynchttpclient.netty.request.NettyRequestSender - Using pooled Channel '[id: 0x87ad1486, L:/127.0.0.1:52235 - R:localhost/127.0.0.1:10458]' for 'GET' to 'http://localhost:10458/session/cec56b605d8694fa0e56aca46054e9cc/alert/text'
18:24:40.745 [Forwarding getAlertText on session cec56b605d8694fa0e56aca46054e9cc to remote] DEBUG org.asynchttpclient.netty.request.NettyRequestSender - Using open Channel [id: 0x87ad1486, L:/127.0.0.1:52235 - R:localhost/127.0.0.1:10458] for GET '/session/cec56b605d8694fa0e56aca46054e9cc/alert/text'
18:24:40.746 [AsyncHttpClient-1-23] DEBUG org.asynchttpclient.netty.handler.HttpHandler - 

Request DefaultFullHttpRequest(decodeResult: success, version: HTTP/1.1, content: EmptyByteBufBE)
GET /session/cec56b605d8694fa0e56aca46054e9cc/alert/text HTTP/1.1
User-Agent: selenium/4.8.1 (java windows)
Cache-Control: no-cache
Content-Type: application/json; charset=utf-8
host: localhost:10458
accept: */*

Response DefaultHttpResponse(decodeResult: success, version: HTTP/1.1)
HTTP/1.1 404 Not Found
Content-Length: 821
Content-Type: application/json; charset=utf-8
cache-control: no-cache

18:24:40.746 [AsyncHttpClient-1-23] DEBUG org.asynchttpclient.netty.channel.ChannelManager - Adding key: http://localhost:10458 for channel [id: 0x87ad1486, L:/127.0.0.1:52235 - R:localhost/127.0.0.1:10458]
18:24:40.747 [Forwarding getCurrentUrl on session cec56b605d8694fa0e56aca46054e9cc to remote] DEBUG org.asynchttpclient.netty.request.NettyRequestSender - Using pooled Channel '[id: 0x87ad1486, L:/127.0.0.1:52235 - R:localhost/127.0.0.1:10458]' for 'GET' to 'http://localhost:10458/session/cec56b605d8694fa0e56aca46054e9cc/url'
18:24:40.747 [Forwarding getCurrentUrl on session cec56b605d8694fa0e56aca46054e9cc to remote] DEBUG org.asynchttpclient.netty.request.NettyRequestSender - Using open Channel [id: 0x87ad1486, L:/127.0.0.1:52235 - R:localhost/127.0.0.1:10458] for GET '/session/cec56b605d8694fa0e56aca46054e9cc/url'
18:24:40.752 [AsyncHttpClient-1-23] DEBUG org.asynchttpclient.netty.handler.HttpHandler - 

Request DefaultFullHttpRequest(decodeResult: success, version: HTTP/1.1, content: EmptyByteBufBE)
GET /session/cec56b605d8694fa0e56aca46054e9cc/url HTTP/1.1
User-Agent: selenium/4.8.1 (java windows)
Cache-Control: no-cache
Content-Type: application/json; charset=utf-8
host: localhost:10458
accept: */*

Response DefaultHttpResponse(decodeResult: success, version: HTTP/1.1)
HTTP/1.1 200 OK
Content-Length: 45
Content-Type: application/json; charset=utf-8
cache-control: no-cache

18:24:40.754 [AsyncHttpClient-1-23] DEBUG org.asynchttpclient.netty.channel.ChannelManager - Adding key: http://localhost:10458 for channel [id: 0x87ad1486, L:/127.0.0.1:52235 - R:localhost/127.0.0.1:10458]
18:24:40.754 [Forwarding screenshot on session cec56b605d8694fa0e56aca46054e9cc to remote] DEBUG org.asynchttpclient.netty.request.NettyRequestSender - Using pooled Channel '[id: 0x87ad1486, L:/127.0.0.1:52235 - R:localhost/127.0.0.1:10458]' for 'GET' to 'http://localhost:10458/session/cec56b605d8694fa0e56aca46054e9cc/screenshot'
18:24:40.754 [Forwarding screenshot on session cec56b605d8694fa0e56aca46054e9cc to remote] DEBUG org.asynchttpclient.netty.request.NettyRequestSender - Using open Channel [id: 0x87ad1486, L:/127.0.0.1:52235 - R:localhost/127.0.0.1:10458] for GET '/session/cec56b605d8694fa0e56aca46054e9cc/screenshot'
18:24:40.905 [AsyncHttpClient-1-1] DEBUG org.asynchttpclient.netty.channel.DefaultChannelPool - Entry count for : http://localhost:52236 : 1
18:24:40.924 [AsyncHttpClient-1-23] DEBUG org.asynchttpclient.netty.handler.HttpHandler - 

Request DefaultFullHttpRequest(decodeResult: success, version: HTTP/1.1, content: EmptyByteBufBE)
GET /session/cec56b605d8694fa0e56aca46054e9cc/screenshot HTTP/1.1
User-Agent: selenium/4.8.1 (java windows)
Cache-Control: no-cache
Content-Type: application/json; charset=utf-8
host: localhost:10458
accept: */*

Response DefaultHttpResponse(decodeResult: success, version: HTTP/1.1)
HTTP/1.1 200 OK
Content-Length: 35188
Content-Type: application/json; charset=utf-8
cache-control: no-cache

18:24:40.924 [AsyncHttpClient-1-23] DEBUG org.asynchttpclient.netty.channel.ChannelManager - Adding key: http://localhost:10458 for channel [id: 0x87ad1486, L:/127.0.0.1:52235 - R:localhost/127.0.0.1:10458]
18:24:40.925 [main] DEBUG net.serenitybdd.core.photography.Darkroom - Send negative for processing for target\site\serenity\e1a043f79cde61fd83c796824eb14028e2e774bcf48939784252612fe1cf5b50.png
18:24:40.926 [main] DEBUG net.thucydides.core.steps.StepInterceptor - STEP DONE: openPage
  &amp#27;[32mGiven &amp#27;[0m&amp#27;[32mI am on the sociops login page&amp#27;[0m               &amp#27;[90m# starter.stepdefinitions.LoginSteps.onTheLoginPage()&amp#27;[0m
18:24:40.931 [Forwarding getPageSource on session cec56b605d8694fa0e56aca46054e9cc to remote] DEBUG org.asynchttpclient.netty.request.NettyRequestSender - Using pooled Channel '[id: 0x87ad1486, L:/127.0.0.1:52235 - R:localhost/127.0.0.1:10458]' for 'POST' to 'http://localhost:10458/session/cec56b605d8694fa0e56aca46054e9cc/execute/sync'
18:24:40.931 [Forwarding getPageSource on session cec56b605d8694fa0e56aca46054e9cc to remote] DEBUG org.asynchttpclient.netty.request.NettyRequestSender - Using open Channel [id: 0x87ad1486, L:/127.0.0.1:52235 - R:localhost/127.0.0.1:10458] for POST '/session/cec56b605d8694fa0e56aca46054e9cc/execute/sync'
18:24:40.937 [AsyncHttpClient-1-23] DEBUG org.asynchttpclient.netty.handler.HttpHandler - 

Request DefaultHttpRequest(decodeResult: success, version: HTTP/1.1)
POST /session/cec56b605d8694fa0e56aca46054e9cc/execute/sync HTTP/1.1
User-Agent: selenium/4.8.1 (java windows)
Content-Length: 176
Content-Type: application/json; charset=utf-8
host: localhost:10458
accept: */*

Response DefaultHttpResponse(decodeResult: success, version: HTTP/1.1)
HTTP/1.1 200 OK
Content-Length: 9114
Content-Type: application/json; charset=utf-8
cache-control: no-cache

18:24:40.938 [AsyncHttpClient-1-23] DEBUG org.asynchttpclient.netty.channel.ChannelManager - Adding key: http://localhost:10458 for channel [id: 0x87ad1486, L:/127.0.0.1:52235 - R:localhost/127.0.0.1:10458]
18:24:40.939 [Forwarding getCurrentUrl on session cec56b605d8694fa0e56aca46054e9cc to remote] DEBUG org.asynchttpclient.netty.request.NettyRequestSender - Using pooled Channel '[id: 0x87ad1486, L:/127.0.0.1:52235 - R:localhost/127.0.0.1:10458]' for 'GET' to 'http://localhost:10458/session/cec56b605d8694fa0e56aca46054e9cc/url'
18:24:40.939 [Forwarding getCurrentUrl on session cec56b605d8694fa0e56aca46054e9cc to remote] DEBUG org.asynchttpclient.netty.request.NettyRequestSender - Using open Channel [id: 0x87ad1486, L:/127.0.0.1:52235 - R:localhost/127.0.0.1:10458] for GET '/session/cec56b605d8694fa0e56aca46054e9cc/url'
18:24:40.941 [AsyncHttpClient-1-23] DEBUG org.asynchttpclient.netty.handler.HttpHandler - 

Request DefaultFullHttpRequest(decodeResult: success, version: HTTP/1.1, content: EmptyByteBufBE)
GET /session/cec56b605d8694fa0e56aca46054e9cc/url HTTP/1.1
User-Agent: selenium/4.8.1 (java windows)
Cache-Control: no-cache
Content-Type: application/json; charset=utf-8
host: localhost:10458
accept: */*

Response DefaultHttpResponse(decodeResult: success, version: HTTP/1.1)
HTTP/1.1 200 OK
Content-Length: 45
Content-Type: application/json; charset=utf-8
cache-control: no-cache

18:24:40.942 [AsyncHttpClient-1-23] DEBUG org.asynchttpclient.netty.channel.ChannelManager - Adding key: http://localhost:10458 for channel [id: 0x87ad1486, L:/127.0.0.1:52235 - R:localhost/127.0.0.1:10458]
18:24:40.948 [Forwarding getPageSource on session cec56b605d8694fa0e56aca46054e9cc to remote] DEBUG org.asynchttpclient.netty.request.NettyRequestSender - Using pooled Channel '[id: 0x87ad1486, L:/127.0.0.1:52235 - R:localhost/127.0.0.1:10458]' for 'POST' to 'http://localhost:10458/session/cec56b605d8694fa0e56aca46054e9cc/execute/sync'
18:24:40.948 [Forwarding getPageSource on session cec56b605d8694fa0e56aca46054e9cc to remote] DEBUG org.asynchttpclient.netty.request.NettyRequestSender - Using open Channel [id: 0x87ad1486, L:/127.0.0.1:52235 - R:localhost/127.0.0.1:10458] for POST '/session/cec56b605d8694fa0e56aca46054e9cc/execute/sync'
18:24:40.952 [AsyncHttpClient-1-23] DEBUG org.asynchttpclient.netty.handler.HttpHandler - 

Request DefaultHttpRequest(decodeResult: success, version: HTTP/1.1)
POST /session/cec56b605d8694fa0e56aca46054e9cc/execute/sync HTTP/1.1
User-Agent: selenium/4.8.1 (java windows)
Content-Length: 176
Content-Type: application/json; charset=utf-8
host: localhost:10458
accept: */*

Response DefaultHttpResponse(decodeResult: success, version: HTTP/1.1)
HTTP/1.1 200 OK
Content-Length: 9114
Content-Type: application/json; charset=utf-8
cache-control: no-cache

18:24:40.952 [AsyncHttpClient-1-23] DEBUG org.asynchttpclient.netty.channel.ChannelManager - Adding key: http://localhost:10458 for channel [id: 0x87ad1486, L:/127.0.0.1:52235 - R:localhost/127.0.0.1:10458]
18:24:40.953 [Forwarding getCurrentUrl on session cec56b605d8694fa0e56aca46054e9cc to remote] DEBUG org.asynchttpclient.netty.request.NettyRequestSender - Using pooled Channel '[id: 0x87ad1486, L:/127.0.0.1:52235 - R:localhost/127.0.0.1:10458]' for 'GET' to 'http://localhost:10458/session/cec56b605d8694fa0e56aca46054e9cc/url'
18:24:40.953 [Forwarding getCurrentUrl on session cec56b605d8694fa0e56aca46054e9cc to remote] DEBUG org.asynchttpclient.netty.request.NettyRequestSender - Using open Channel [id: 0x87ad1486, L:/127.0.0.1:52235 - R:localhost/127.0.0.1:10458] for GET '/session/cec56b605d8694fa0e56aca46054e9cc/url'
18:24:40.957 [AsyncHttpClient-1-23] DEBUG org.asynchttpclient.netty.handler.HttpHandler - 

Request DefaultFullHttpRequest(decodeResult: success, version: HTTP/1.1, content: EmptyByteBufBE)
GET /session/cec56b605d8694fa0e56aca46054e9cc/url HTTP/1.1
User-Agent: selenium/4.8.1 (java windows)
Cache-Control: no-cache
Content-Type: application/json; charset=utf-8
host: localhost:10458
accept: */*

Response DefaultHttpResponse(decodeResult: success, version: HTTP/1.1)
HTTP/1.1 200 OK
Content-Length: 45
Content-Type: application/json; charset=utf-8
cache-control: no-cache

18:24:40.957 [AsyncHttpClient-1-23] DEBUG org.asynchttpclient.netty.channel.ChannelManager - Adding key: http://localhost:10458 for channel [id: 0x87ad1486, L:/127.0.0.1:52235 - R:localhost/127.0.0.1:10458]
18:24:40.959 [main] DEBUG net.thucydides.core.steps.StepInterceptor - STARTING STEP: LoginSteps.inputEmail - inputEmail
18:24:40.960 [Forwarding findElement on session cec56b605d8694fa0e56aca46054e9cc to remote] DEBUG org.asynchttpclient.netty.request.NettyRequestSender - Using pooled Channel '[id: 0x87ad1486, L:/127.0.0.1:52235 - R:localhost/127.0.0.1:10458]' for 'POST' to 'http://localhost:10458/session/cec56b605d8694fa0e56aca46054e9cc/element'
18:24:40.960 [Forwarding findElement on session cec56b605d8694fa0e56aca46054e9cc to remote] DEBUG org.asynchttpclient.netty.request.NettyRequestSender - Using open Channel [id: 0x87ad1486, L:/127.0.0.1:52235 - R:localhost/127.0.0.1:10458] for POST '/session/cec56b605d8694fa0e56aca46054e9cc/element'
18:24:40.969 [AsyncHttpClient-1-23] DEBUG org.asynchttpclient.netty.handler.HttpHandler - 

Request DefaultHttpRequest(decodeResult: success, version: HTTP/1.1)
POST /session/cec56b605d8694fa0e56aca46054e9cc/element HTTP/1.1
User-Agent: selenium/4.8.1 (java windows)
Content-Length: 59
Content-Type: application/json; charset=utf-8
host: localhost:10458
accept: */*

Response DefaultHttpResponse(decodeResult: success, version: HTTP/1.1)
HTTP/1.1 200 OK
Content-Length: 94
Content-Type: application/json; charset=utf-8
cache-control: no-cache

18:24:40.969 [AsyncHttpClient-1-23] DEBUG org.asynchttpclient.netty.channel.ChannelManager - Adding key: http://localhost:10458 for channel [id: 0x87ad1486, L:/127.0.0.1:52235 - R:localhost/127.0.0.1:10458]
18:24:40.971 [Forwarding clearElement on session cec56b605d8694fa0e56aca46054e9cc to remote] DEBUG org.asynchttpclient.netty.request.NettyRequestSender - Using pooled Channel '[id: 0x87ad1486, L:/127.0.0.1:52235 - R:localhost/127.0.0.1:10458]' for 'POST' to 'http://localhost:10458/session/cec56b605d8694fa0e56aca46054e9cc/element/70CFB99BB10C728592486DAAD310A9F0_element_7/clear'
18:24:40.971 [Forwarding clearElement on session cec56b605d8694fa0e56aca46054e9cc to remote] DEBUG org.asynchttpclient.netty.request.NettyRequestSender - Using open Channel [id: 0x87ad1486, L:/127.0.0.1:52235 - R:localhost/127.0.0.1:10458] for POST '/session/cec56b605d8694fa0e56aca46054e9cc/element/70CFB99BB10C728592486DAAD310A9F0_element_7/clear'
18:24:41.000 [AsyncHttpClient-1-23] DEBUG org.asynchttpclient.netty.handler.HttpHandler - 

Request DefaultHttpRequest(decodeResult: success, version: HTTP/1.1)
POST /session/cec56b605d8694fa0e56aca46054e9cc/element/70CFB99BB10C728592486DAAD310A9F0_element_7/clear HTTP/1.1
User-Agent: selenium/4.8.1 (java windows)
Content-Length: 56
Content-Type: application/json; charset=utf-8
host: localhost:10458
accept: */*

Response DefaultHttpResponse(decodeResult: success, version: HTTP/1.1)
HTTP/1.1 200 OK
Content-Length: 14
Content-Type: application/json; charset=utf-8
cache-control: no-cache

18:24:41.000 [AsyncHttpClient-1-23] DEBUG org.asynchttpclient.netty.channel.ChannelManager - Adding key: http://localhost:10458 for channel [id: 0x87ad1486, L:/127.0.0.1:52235 - R:localhost/127.0.0.1:10458]
18:24:41.001 [Forwarding sendKeysToElement on session cec56b605d8694fa0e56aca46054e9cc to remote] DEBUG org.asynchttpclient.netty.request.NettyRequestSender - Using pooled Channel '[id: 0x87ad1486, L:/127.0.0.1:52235 - R:localhost/127.0.0.1:10458]' for 'POST' to 'http://localhost:10458/session/cec56b605d8694fa0e56aca46054e9cc/element/70CFB99BB10C728592486DAAD310A9F0_element_7/value'
18:24:41.001 [Forwarding sendKeysToElement on session cec56b605d8694fa0e56aca46054e9cc to remote] DEBUG org.asynchttpclient.netty.request.NettyRequestSender - Using open Channel [id: 0x87ad1486, L:/127.0.0.1:52235 - R:localhost/127.0.0.1:10458] for POST '/session/cec56b605d8694fa0e56aca46054e9cc/element/70CFB99BB10C728592486DAAD310A9F0_element_7/value'
18:24:41.082 [AsyncHttpClient-1-23] DEBUG org.asynchttpclient.netty.handler.HttpHandler - 

Request DefaultHttpRequest(decodeResult: success, version: HTTP/1.1)
POST /session/cec56b605d8694fa0e56aca46054e9cc/element/70CFB99BB10C728592486DAAD310A9F0_element_7/value HTTP/1.1
User-Agent: selenium/4.8.1 (java windows)
Content-Length: 207
Content-Type: application/json; charset=utf-8
host: localhost:10458
accept: */*

Response DefaultHttpResponse(decodeResult: success, version: HTTP/1.1)
HTTP/1.1 200 OK
Content-Length: 14
Content-Type: application/json; charset=utf-8
cache-control: no-cache

18:24:41.082 [AsyncHttpClient-1-23] DEBUG org.asynchttpclient.netty.channel.ChannelManager - Adding key: http://localhost:10458 for channel [id: 0x87ad1486, L:/127.0.0.1:52235 - R:localhost/127.0.0.1:10458]
18:24:41.088 [Forwarding getAlertText on session cec56b605d8694fa0e56aca46054e9cc to remote] DEBUG org.asynchttpclient.netty.request.NettyRequestSender - Using pooled Channel '[id: 0x87ad1486, L:/127.0.0.1:52235 - R:localhost/127.0.0.1:10458]' for 'GET' to 'http://localhost:10458/session/cec56b605d8694fa0e56aca46054e9cc/alert/text'
18:24:41.088 [Forwarding getAlertText on session cec56b605d8694fa0e56aca46054e9cc to remote] DEBUG org.asynchttpclient.netty.request.NettyRequestSender - Using open Channel [id: 0x87ad1486, L:/127.0.0.1:52235 - R:localhost/127.0.0.1:10458] for GET '/session/cec56b605d8694fa0e56aca46054e9cc/alert/text'
18:24:41.088 [AsyncHttpClient-1-23] DEBUG org.asynchttpclient.netty.handler.HttpHandler - 

Request DefaultFullHttpRequest(decodeResult: success, version: HTTP/1.1, content: EmptyByteBufBE)
GET /session/cec56b605d8694fa0e56aca46054e9cc/alert/text HTTP/1.1
User-Agent: selenium/4.8.1 (java windows)
Cache-Control: no-cache
Content-Type: application/json; charset=utf-8
host: localhost:10458
accept: */*

Response DefaultHttpResponse(decodeResult: success, version: HTTP/1.1)
HTTP/1.1 404 Not Found
Content-Length: 821
Content-Type: application/json; charset=utf-8
cache-control: no-cache

18:24:41.089 [AsyncHttpClient-1-23] DEBUG org.asynchttpclient.netty.channel.ChannelManager - Adding key: http://localhost:10458 for channel [id: 0x87ad1486, L:/127.0.0.1:52235 - R:localhost/127.0.0.1:10458]
18:24:41.089 [Forwarding getCurrentUrl on session cec56b605d8694fa0e56aca46054e9cc to remote] DEBUG org.asynchttpclient.netty.request.NettyRequestSender - Using pooled Channel '[id: 0x87ad1486, L:/127.0.0.1:52235 - R:localhost/127.0.0.1:10458]' for 'GET' to 'http://localhost:10458/session/cec56b605d8694fa0e56aca46054e9cc/url'
18:24:41.089 [Forwarding getCurrentUrl on session cec56b605d8694fa0e56aca46054e9cc to remote] DEBUG org.asynchttpclient.netty.request.NettyRequestSender - Using open Channel [id: 0x87ad1486, L:/127.0.0.1:52235 - R:localhost/127.0.0.1:10458] for GET '/session/cec56b605d8694fa0e56aca46054e9cc/url'
18:24:41.092 [AsyncHttpClient-1-23] DEBUG org.asynchttpclient.netty.handler.HttpHandler - 

Request DefaultFullHttpRequest(decodeResult: success, version: HTTP/1.1, content: EmptyByteBufBE)
GET /session/cec56b605d8694fa0e56aca46054e9cc/url HTTP/1.1
User-Agent: selenium/4.8.1 (java windows)
Cache-Control: no-cache
Content-Type: application/json; charset=utf-8
host: localhost:10458
accept: */*

Response DefaultHttpResponse(decodeResult: success, version: HTTP/1.1)
HTTP/1.1 200 OK
Content-Length: 45
Content-Type: application/json; charset=utf-8
cache-control: no-cache

18:24:41.092 [AsyncHttpClient-1-23] DEBUG org.asynchttpclient.netty.channel.ChannelManager - Adding key: http://localhost:10458 for channel [id: 0x87ad1486, L:/127.0.0.1:52235 - R:localhost/127.0.0.1:10458]
18:24:41.093 [Forwarding screenshot on session cec56b605d8694fa0e56aca46054e9cc to remote] DEBUG org.asynchttpclient.netty.request.NettyRequestSender - Using pooled Channel '[id: 0x87ad1486, L:/127.0.0.1:52235 - R:localhost/127.0.0.1:10458]' for 'GET' to 'http://localhost:10458/session/cec56b605d8694fa0e56aca46054e9cc/screenshot'
18:24:41.094 [Forwarding screenshot on session cec56b605d8694fa0e56aca46054e9cc to remote] DEBUG org.asynchttpclient.netty.request.NettyRequestSender - Using open Channel [id: 0x87ad1486, L:/127.0.0.1:52235 - R:localhost/127.0.0.1:10458] for GET '/session/cec56b605d8694fa0e56aca46054e9cc/screenshot'
18:24:41.167 [AsyncHttpClient-1-23] DEBUG org.asynchttpclient.netty.handler.HttpHandler - 

Request DefaultFullHttpRequest(decodeResult: success, version: HTTP/1.1, content: EmptyByteBufBE)
GET /session/cec56b605d8694fa0e56aca46054e9cc/screenshot HTTP/1.1
User-Agent: selenium/4.8.1 (java windows)
Cache-Control: no-cache
Content-Type: application/json; charset=utf-8
host: localhost:10458
accept: */*

Response DefaultHttpResponse(decodeResult: success, version: HTTP/1.1)
HTTP/1.1 200 OK
Content-Length: 39320
Content-Type: application/json; charset=utf-8
cache-control: no-cache

18:24:41.168 [AsyncHttpClient-1-23] DEBUG org.asynchttpclient.netty.channel.ChannelManager - Adding key: http://localhost:10458 for channel [id: 0x87ad1486, L:/127.0.0.1:52235 - R:localhost/127.0.0.1:10458]
18:24:41.169 [main] DEBUG net.serenitybdd.core.photography.Darkroom - Send negative for processing for target\site\serenity\0a78271d4cd45ebe50b780dcb158cfe353407df2b7f600becedaa923f5ce3bd7.png
18:24:41.169 [main] DEBUG net.thucydides.core.steps.StepInterceptor - STEP DONE: inputEmail
  &amp#27;[32mAnd &amp#27;[0m&amp#27;[32mI type correct email&amp#27;[0m                           &amp#27;[90m# starter.stepdefinitions.LoginSteps.inputEmail()&amp#27;[0m
18:24:41.175 [Forwarding getPageSource on session cec56b605d8694fa0e56aca46054e9cc to remote] DEBUG org.asynchttpclient.netty.request.NettyRequestSender - Using pooled Channel '[id: 0x87ad1486, L:/127.0.0.1:52235 - R:localhost/127.0.0.1:10458]' for 'POST' to 'http://localhost:10458/session/cec56b605d8694fa0e56aca46054e9cc/execute/sync'
18:24:41.175 [Forwarding getPageSource on session cec56b605d8694fa0e56aca46054e9cc to remote] DEBUG org.asynchttpclient.netty.request.NettyRequestSender - Using open Channel [id: 0x87ad1486, L:/127.0.0.1:52235 - R:localhost/127.0.0.1:10458] for POST '/session/cec56b605d8694fa0e56aca46054e9cc/execute/sync'
18:24:41.180 [AsyncHttpClient-1-23] DEBUG org.asynchttpclient.netty.handler.HttpHandler - 

Request DefaultHttpRequest(decodeResult: success, version: HTTP/1.1)
POST /session/cec56b605d8694fa0e56aca46054e9cc/execute/sync HTTP/1.1
User-Agent: selenium/4.8.1 (java windows)
Content-Length: 176
Content-Type: application/json; charset=utf-8
host: localhost:10458
accept: */*

Response DefaultHttpResponse(decodeResult: success, version: HTTP/1.1)
HTTP/1.1 200 OK
Content-Length: 9126
Content-Type: application/json; charset=utf-8
cache-control: no-cache

18:24:41.180 [AsyncHttpClient-1-23] DEBUG org.asynchttpclient.netty.channel.ChannelManager - Adding key: http://localhost:10458 for channel [id: 0x87ad1486, L:/127.0.0.1:52235 - R:localhost/127.0.0.1:10458]
18:24:41.181 [Forwarding getCurrentUrl on session cec56b605d8694fa0e56aca46054e9cc to remote] DEBUG org.asynchttpclient.netty.request.NettyRequestSender - Using pooled Channel '[id: 0x87ad1486, L:/127.0.0.1:52235 - R:localhost/127.0.0.1:10458]' for 'GET' to 'http://localhost:10458/session/cec56b605d8694fa0e56aca46054e9cc/url'
18:24:41.181 [Forwarding getCurrentUrl on session cec56b605d8694fa0e56aca46054e9cc to remote] DEBUG org.asynchttpclient.netty.request.NettyRequestSender - Using open Channel [id: 0x87ad1486, L:/127.0.0.1:52235 - R:localhost/127.0.0.1:10458] for GET '/session/cec56b605d8694fa0e56aca46054e9cc/url'
18:24:41.184 [AsyncHttpClient-1-23] DEBUG org.asynchttpclient.netty.handler.HttpHandler - 

Request DefaultFullHttpRequest(decodeResult: success, version: HTTP/1.1, content: EmptyByteBufBE)
GET /session/cec56b605d8694fa0e56aca46054e9cc/url HTTP/1.1
User-Agent: selenium/4.8.1 (java windows)
Cache-Control: no-cache
Content-Type: application/json; charset=utf-8
host: localhost:10458
accept: */*

Response DefaultHttpResponse(decodeResult: success, version: HTTP/1.1)
HTTP/1.1 200 OK
Content-Length: 45
Content-Type: application/json; charset=utf-8
cache-control: no-cache

18:24:41.184 [AsyncHttpClient-1-23] DEBUG org.asynchttpclient.netty.channel.ChannelManager - Adding key: http://localhost:10458 for channel [id: 0x87ad1486, L:/127.0.0.1:52235 - R:localhost/127.0.0.1:10458]
18:24:41.190 [Forwarding getPageSource on session cec56b605d8694fa0e56aca46054e9cc to remote] DEBUG org.asynchttpclient.netty.request.NettyRequestSender - Using pooled Channel '[id: 0x87ad1486, L:/127.0.0.1:52235 - R:localhost/127.0.0.1:10458]' for 'POST' to 'http://localhost:10458/session/cec56b605d8694fa0e56aca46054e9cc/execute/sync'
18:24:41.190 [Forwarding getPageSource on session cec56b605d8694fa0e56aca46054e9cc to remote] DEBUG org.asynchttpclient.netty.request.NettyRequestSender - Using open Channel [id: 0x87ad1486, L:/127.0.0.1:52235 - R:localhost/127.0.0.1:10458] for POST '/session/cec56b605d8694fa0e56aca46054e9cc/execute/sync'
18:24:41.195 [AsyncHttpClient-1-23] DEBUG org.asynchttpclient.netty.handler.HttpHandler - 

Request DefaultHttpRequest(decodeResult: success, version: HTTP/1.1)
POST /session/cec56b605d8694fa0e56aca46054e9cc/execute/sync HTTP/1.1
User-Agent: selenium/4.8.1 (java windows)
Content-Length: 176
Content-Type: application/json; charset=utf-8
host: localhost:10458
accept: */*

Response DefaultHttpResponse(decodeResult: success, version: HTTP/1.1)
HTTP/1.1 200 OK
Content-Length: 9126
Content-Type: application/json; charset=utf-8
cache-control: no-cache

18:24:41.195 [AsyncHttpClient-1-23] DEBUG org.asynchttpclient.netty.channel.ChannelManager - Adding key: http://localhost:10458 for channel [id: 0x87ad1486, L:/127.0.0.1:52235 - R:localhost/127.0.0.1:10458]
18:24:41.196 [Forwarding getCurrentUrl on session cec56b605d8694fa0e56aca46054e9cc to remote] DEBUG org.asynchttpclient.netty.request.NettyRequestSender - Using pooled Channel '[id: 0x87ad1486, L:/127.0.0.1:52235 - R:localhost/127.0.0.1:10458]' for 'GET' to 'http://localhost:10458/session/cec56b605d8694fa0e56aca46054e9cc/url'
18:24:41.196 [Forwarding getCurrentUrl on session cec56b605d8694fa0e56aca46054e9cc to remote] DEBUG org.asynchttpclient.netty.request.NettyRequestSender - Using open Channel [id: 0x87ad1486, L:/127.0.0.1:52235 - R:localhost/127.0.0.1:10458] for GET '/session/cec56b605d8694fa0e56aca46054e9cc/url'
18:24:41.199 [AsyncHttpClient-1-23] DEBUG org.asynchttpclient.netty.handler.HttpHandler - 

Request DefaultFullHttpRequest(decodeResult: success, version: HTTP/1.1, content: EmptyByteBufBE)
GET /session/cec56b605d8694fa0e56aca46054e9cc/url HTTP/1.1
User-Agent: selenium/4.8.1 (java windows)
Cache-Control: no-cache
Content-Type: application/json; charset=utf-8
host: localhost:10458
accept: */*

Response DefaultHttpResponse(decodeResult: success, version: HTTP/1.1)
HTTP/1.1 200 OK
Content-Length: 45
Content-Type: application/json; charset=utf-8
cache-control: no-cache

18:24:41.199 [AsyncHttpClient-1-23] DEBUG org.asynchttpclient.netty.channel.ChannelManager - Adding key: http://localhost:10458 for channel [id: 0x87ad1486, L:/127.0.0.1:52235 - R:localhost/127.0.0.1:10458]
18:24:41.200 [main] DEBUG net.thucydides.core.steps.StepInterceptor - STARTING STEP: LoginSteps.inputPassLessThan8Char - inputPassword
18:24:41.202 [Forwarding findElement on session cec56b605d8694fa0e56aca46054e9cc to remote] DEBUG org.asynchttpclient.netty.request.NettyRequestSender - Using pooled Channel '[id: 0x87ad1486, L:/127.0.0.1:52235 - R:localhost/127.0.0.1:10458]' for 'POST' to 'http://localhost:10458/session/cec56b605d8694fa0e56aca46054e9cc/element'
18:24:41.202 [Forwarding findElement on session cec56b605d8694fa0e56aca46054e9cc to remote] DEBUG org.asynchttpclient.netty.request.NettyRequestSender - Using open Channel [id: 0x87ad1486, L:/127.0.0.1:52235 - R:localhost/127.0.0.1:10458] for POST '/session/cec56b605d8694fa0e56aca46054e9cc/element'
18:24:41.211 [AsyncHttpClient-1-23] DEBUG org.asynchttpclient.netty.handler.HttpHandler - 

Request DefaultHttpRequest(decodeResult: success, version: HTTP/1.1)
POST /session/cec56b605d8694fa0e56aca46054e9cc/element HTTP/1.1
User-Agent: selenium/4.8.1 (java windows)
Content-Length: 62
Content-Type: application/json; charset=utf-8
host: localhost:10458
accept: */*

Response DefaultHttpResponse(decodeResult: success, version: HTTP/1.1)
HTTP/1.1 200 OK
Content-Length: 94
Content-Type: application/json; charset=utf-8
cache-control: no-cache

18:24:41.211 [AsyncHttpClient-1-23] DEBUG org.asynchttpclient.netty.channel.ChannelManager - Adding key: http://localhost:10458 for channel [id: 0x87ad1486, L:/127.0.0.1:52235 - R:localhost/127.0.0.1:10458]
18:24:41.212 [Forwarding clearElement on session cec56b605d8694fa0e56aca46054e9cc to remote] DEBUG org.asynchttpclient.netty.request.NettyRequestSender - Using pooled Channel '[id: 0x87ad1486, L:/127.0.0.1:52235 - R:localhost/127.0.0.1:10458]' for 'POST' to 'http://localhost:10458/session/cec56b605d8694fa0e56aca46054e9cc/element/70CFB99BB10C728592486DAAD310A9F0_element_2/clear'
18:24:41.212 [Forwarding clearElement on session cec56b605d8694fa0e56aca46054e9cc to remote] DEBUG org.asynchttpclient.netty.request.NettyRequestSender - Using open Channel [id: 0x87ad1486, L:/127.0.0.1:52235 - R:localhost/127.0.0.1:10458] for POST '/session/cec56b605d8694fa0e56aca46054e9cc/element/70CFB99BB10C728592486DAAD310A9F0_element_2/clear'
18:24:41.233 [AsyncHttpClient-1-23] DEBUG org.asynchttpclient.netty.handler.HttpHandler - 

Request DefaultHttpRequest(decodeResult: success, version: HTTP/1.1)
POST /session/cec56b605d8694fa0e56aca46054e9cc/element/70CFB99BB10C728592486DAAD310A9F0_element_2/clear HTTP/1.1
User-Agent: selenium/4.8.1 (java windows)
Content-Length: 56
Content-Type: application/json; charset=utf-8
host: localhost:10458
accept: */*

Response DefaultHttpResponse(decodeResult: success, version: HTTP/1.1)
HTTP/1.1 200 OK
Content-Length: 14
Content-Type: application/json; charset=utf-8
cache-control: no-cache

18:24:41.233 [AsyncHttpClient-1-23] DEBUG org.asynchttpclient.netty.channel.ChannelManager - Adding key: http://localhost:10458 for channel [id: 0x87ad1486, L:/127.0.0.1:52235 - R:localhost/127.0.0.1:10458]
18:24:41.234 [Forwarding sendKeysToElement on session cec56b605d8694fa0e56aca46054e9cc to remote] DEBUG org.asynchttpclient.netty.request.NettyRequestSender - Using pooled Channel '[id: 0x87ad1486, L:/127.0.0.1:52235 - R:localhost/127.0.0.1:10458]' for 'POST' to 'http://localhost:10458/session/cec56b605d8694fa0e56aca46054e9cc/element/70CFB99BB10C728592486DAAD310A9F0_element_2/value'
18:24:41.234 [Forwarding sendKeysToElement on session cec56b605d8694fa0e56aca46054e9cc to remote] DEBUG org.asynchttpclient.netty.request.NettyRequestSender - Using open Channel [id: 0x87ad1486, L:/127.0.0.1:52235 - R:localhost/127.0.0.1:10458] for POST '/session/cec56b605d8694fa0e56aca46054e9cc/element/70CFB99BB10C728592486DAAD310A9F0_element_2/value'
18:24:41.289 [AsyncHttpClient-1-23] DEBUG org.asynchttpclient.netty.handler.HttpHandler - 

Request DefaultHttpRequest(decodeResult: success, version: HTTP/1.1)
POST /session/cec56b605d8694fa0e56aca46054e9cc/element/70CFB99BB10C728592486DAAD310A9F0_element_2/value HTTP/1.1
User-Agent: selenium/4.8.1 (java windows)
Content-Length: 157
Content-Type: application/json; charset=utf-8
host: localhost:10458
accept: */*

Response DefaultHttpResponse(decodeResult: success, version: HTTP/1.1)
HTTP/1.1 200 OK
Content-Length: 14
Content-Type: application/json; charset=utf-8
cache-control: no-cache

18:24:41.289 [AsyncHttpClient-1-23] DEBUG org.asynchttpclient.netty.channel.ChannelManager - Adding key: http://localhost:10458 for channel [id: 0x87ad1486, L:/127.0.0.1:52235 - R:localhost/127.0.0.1:10458]
18:24:41.292 [Forwarding getAlertText on session cec56b605d8694fa0e56aca46054e9cc to remote] DEBUG org.asynchttpclient.netty.request.NettyRequestSender - Using pooled Channel '[id: 0x87ad1486, L:/127.0.0.1:52235 - R:localhost/127.0.0.1:10458]' for 'GET' to 'http://localhost:10458/session/cec56b605d8694fa0e56aca46054e9cc/alert/text'
18:24:41.292 [Forwarding getAlertText on session cec56b605d8694fa0e56aca46054e9cc to remote] DEBUG org.asynchttpclient.netty.request.NettyRequestSender - Using open Channel [id: 0x87ad1486, L:/127.0.0.1:52235 - R:localhost/127.0.0.1:10458] for GET '/session/cec56b605d8694fa0e56aca46054e9cc/alert/text'
18:24:41.295 [AsyncHttpClient-1-23] DEBUG org.asynchttpclient.netty.handler.HttpHandler - 

Request DefaultFullHttpRequest(decodeResult: success, version: HTTP/1.1, content: EmptyByteBufBE)
GET /session/cec56b605d8694fa0e56aca46054e9cc/alert/text HTTP/1.1
User-Agent: selenium/4.8.1 (java windows)
Cache-Control: no-cache
Content-Type: application/json; charset=utf-8
host: localhost:10458
accept: */*

Response DefaultHttpResponse(decodeResult: success, version: HTTP/1.1)
HTTP/1.1 404 Not Found
Content-Length: 821
Content-Type: application/json; charset=utf-8
cache-control: no-cache

18:24:41.295 [AsyncHttpClient-1-23] DEBUG org.asynchttpclient.netty.channel.ChannelManager - Adding key: http://localhost:10458 for channel [id: 0x87ad1486, L:/127.0.0.1:52235 - R:localhost/127.0.0.1:10458]
18:24:41.296 [Forwarding getCurrentUrl on session cec56b605d8694fa0e56aca46054e9cc to remote] DEBUG org.asynchttpclient.netty.request.NettyRequestSender - Using pooled Channel '[id: 0x87ad1486, L:/127.0.0.1:52235 - R:localhost/127.0.0.1:10458]' for 'GET' to 'http://localhost:10458/session/cec56b605d8694fa0e56aca46054e9cc/url'
18:24:41.296 [Forwarding getCurrentUrl on session cec56b605d8694fa0e56aca46054e9cc to remote] DEBUG org.asynchttpclient.netty.request.NettyRequestSender - Using open Channel [id: 0x87ad1486, L:/127.0.0.1:52235 - R:localhost/127.0.0.1:10458] for GET '/session/cec56b605d8694fa0e56aca46054e9cc/url'
18:24:41.299 [AsyncHttpClient-1-23] DEBUG org.asynchttpclient.netty.handler.HttpHandler - 

Request DefaultFullHttpRequest(decodeResult: success, version: HTTP/1.1, content: EmptyByteBufBE)
GET /session/cec56b605d8694fa0e56aca46054e9cc/url HTTP/1.1
User-Agent: selenium/4.8.1 (java windows)
Cache-Control: no-cache
Content-Type: application/json; charset=utf-8
host: localhost:10458
accept: */*

Response DefaultHttpResponse(decodeResult: success, version: HTTP/1.1)
HTTP/1.1 200 OK
Content-Length: 45
Content-Type: application/json; charset=utf-8
cache-control: no-cache

18:24:41.299 [AsyncHttpClient-1-23] DEBUG org.asynchttpclient.netty.channel.ChannelManager - Adding key: http://localhost:10458 for channel [id: 0x87ad1486, L:/127.0.0.1:52235 - R:localhost/127.0.0.1:10458]
18:24:41.300 [Forwarding screenshot on session cec56b605d8694fa0e56aca46054e9cc to remote] DEBUG org.asynchttpclient.netty.request.NettyRequestSender - Using pooled Channel '[id: 0x87ad1486, L:/127.0.0.1:52235 - R:localhost/127.0.0.1:10458]' for 'GET' to 'http://localhost:10458/session/cec56b605d8694fa0e56aca46054e9cc/screenshot'
18:24:41.300 [Forwarding screenshot on session cec56b605d8694fa0e56aca46054e9cc to remote] DEBUG org.asynchttpclient.netty.request.NettyRequestSender - Using open Channel [id: 0x87ad1486, L:/127.0.0.1:52235 - R:localhost/127.0.0.1:10458] for GET '/session/cec56b605d8694fa0e56aca46054e9cc/screenshot'
18:24:41.369 [AsyncHttpClient-1-23] DEBUG org.asynchttpclient.netty.handler.HttpHandler - 

Request DefaultFullHttpRequest(decodeResult: success, version: HTTP/1.1, content: EmptyByteBufBE)
GET /session/cec56b605d8694fa0e56aca46054e9cc/screenshot HTTP/1.1
User-Agent: selenium/4.8.1 (java windows)
Cache-Control: no-cache
Content-Type: application/json; charset=utf-8
host: localhost:10458
accept: */*

Response DefaultHttpResponse(decodeResult: success, version: HTTP/1.1)
HTTP/1.1 200 OK
Content-Length: 36844
Content-Type: application/json; charset=utf-8
cache-control: no-cache

18:24:41.369 [AsyncHttpClient-1-23] DEBUG org.asynchttpclient.netty.channel.ChannelManager - Adding key: http://localhost:10458 for channel [id: 0x87ad1486, L:/127.0.0.1:52235 - R:localhost/127.0.0.1:10458]
18:24:41.371 [main] DEBUG net.serenitybdd.core.photography.Darkroom - Send negative for processing for target\site\serenity\678b1087deb5ab6c9733f1451f862dfe2c99fad6f995269f94f38fb6a57bd1ea.png
18:24:41.371 [main] DEBUG net.thucydides.core.steps.StepInterceptor - STEP DONE: inputPassword
  &amp#27;[32mAnd &amp#27;[0m&amp#27;[32mI type password less than 8 char&amp#27;[0m               &amp#27;[90m# starter.stepdefinitions.LoginSteps.inputPassLessThan8Char()&amp#27;[0m
18:24:41.371 [Darkroom Processing Line] DEBUG net.serenitybdd.core.photography.DarkroomProcessingLine - Processing screenshot image in /var/screenshots/screenshot-6477034024735240706
18:24:41.371 [Darkroom Processing Line] DEBUG net.serenitybdd.core.photography.DarkroomProcessingLine - Saving screenshot to target\site\serenity\678b1087deb5ab6c9733f1451f862dfe2c99fad6f995269f94f38fb6a57bd1ea.png
18:24:41.382 [Forwarding getPageSource on session cec56b605d8694fa0e56aca46054e9cc to remote] DEBUG org.asynchttpclient.netty.request.NettyRequestSender - Using pooled Channel '[id: 0x87ad1486, L:/127.0.0.1:52235 - R:localhost/127.0.0.1:10458]' for 'POST' to 'http://localhost:10458/session/cec56b605d8694fa0e56aca46054e9cc/execute/sync'
18:24:41.382 [Forwarding getPageSource on session cec56b605d8694fa0e56aca46054e9cc to remote] DEBUG org.asynchttpclient.netty.request.NettyRequestSender - Using open Channel [id: 0x87ad1486, L:/127.0.0.1:52235 - R:localhost/127.0.0.1:10458] for POST '/session/cec56b605d8694fa0e56aca46054e9cc/execute/sync'
18:24:41.389 [AsyncHttpClient-1-23] DEBUG org.asynchttpclient.netty.handler.HttpHandler - 

Request DefaultHttpRequest(decodeResult: success, version: HTTP/1.1)
POST /session/cec56b605d8694fa0e56aca46054e9cc/execute/sync HTTP/1.1
User-Agent: selenium/4.8.1 (java windows)
Content-Length: 176
Content-Type: application/json; charset=utf-8
host: localhost:10458
accept: */*

Response DefaultHttpResponse(decodeResult: success, version: HTTP/1.1)
HTTP/1.1 200 OK
Content-Length: 9133
Content-Type: application/json; charset=utf-8
cache-control: no-cache

18:24:41.389 [AsyncHttpClient-1-23] DEBUG org.asynchttpclient.netty.channel.ChannelManager - Adding key: http://localhost:10458 for channel [id: 0x87ad1486, L:/127.0.0.1:52235 - R:localhost/127.0.0.1:10458]
18:24:41.390 [Forwarding getCurrentUrl on session cec56b605d8694fa0e56aca46054e9cc to remote] DEBUG org.asynchttpclient.netty.request.NettyRequestSender - Using pooled Channel '[id: 0x87ad1486, L:/127.0.0.1:52235 - R:localhost/127.0.0.1:10458]' for 'GET' to 'http://localhost:10458/session/cec56b605d8694fa0e56aca46054e9cc/url'
18:24:41.390 [Forwarding getCurrentUrl on session cec56b605d8694fa0e56aca46054e9cc to remote] DEBUG org.asynchttpclient.netty.request.NettyRequestSender - Using open Channel [id: 0x87ad1486, L:/127.0.0.1:52235 - R:localhost/127.0.0.1:10458] for GET '/session/cec56b605d8694fa0e56aca46054e9cc/url'
18:24:41.394 [AsyncHttpClient-1-23] DEBUG org.asynchttpclient.netty.handler.HttpHandler - 

Request DefaultFullHttpRequest(decodeResult: success, version: HTTP/1.1, content: EmptyByteBufBE)
GET /session/cec56b605d8694fa0e56aca46054e9cc/url HTTP/1.1
User-Agent: selenium/4.8.1 (java windows)
Cache-Control: no-cache
Content-Type: application/json; charset=utf-8
host: localhost:10458
accept: */*

Response DefaultHttpResponse(decodeResult: success, version: HTTP/1.1)
HTTP/1.1 200 OK
Content-Length: 45
Content-Type: application/json; charset=utf-8
cache-control: no-cache

18:24:41.394 [AsyncHttpClient-1-23] DEBUG org.asynchttpclient.netty.channel.ChannelManager - Adding key: http://localhost:10458 for channel [id: 0x87ad1486, L:/127.0.0.1:52235 - R:localhost/127.0.0.1:10458]
18:24:41.402 [Forwarding getPageSource on session cec56b605d8694fa0e56aca46054e9cc to remote] DEBUG org.asynchttpclient.netty.request.NettyRequestSender - Using pooled Channel '[id: 0x87ad1486, L:/127.0.0.1:52235 - R:localhost/127.0.0.1:10458]' for 'POST' to 'http://localhost:10458/session/cec56b605d8694fa0e56aca46054e9cc/execute/sync'
18:24:41.402 [Forwarding getPageSource on session cec56b605d8694fa0e56aca46054e9cc to remote] DEBUG org.asynchttpclient.netty.request.NettyRequestSender - Using open Channel [id: 0x87ad1486, L:/127.0.0.1:52235 - R:localhost/127.0.0.1:10458] for POST '/session/cec56b605d8694fa0e56aca46054e9cc/execute/sync'
18:24:41.406 [AsyncHttpClient-1-23] DEBUG org.asynchttpclient.netty.handler.HttpHandler - 

Request DefaultHttpRequest(decodeResult: success, version: HTTP/1.1)
POST /session/cec56b605d8694fa0e56aca46054e9cc/execute/sync HTTP/1.1
User-Agent: selenium/4.8.1 (java windows)
Content-Length: 176
Content-Type: application/json; charset=utf-8
host: localhost:10458
accept: */*

Response DefaultHttpResponse(decodeResult: success, version: HTTP/1.1)
HTTP/1.1 200 OK
Content-Length: 9133
Content-Type: application/json; charset=utf-8
cache-control: no-cache

18:24:41.407 [AsyncHttpClient-1-23] DEBUG org.asynchttpclient.netty.channel.ChannelManager - Adding key: http://localhost:10458 for channel [id: 0x87ad1486, L:/127.0.0.1:52235 - R:localhost/127.0.0.1:10458]
18:24:41.407 [Forwarding getCurrentUrl on session cec56b605d8694fa0e56aca46054e9cc to remote] DEBUG org.asynchttpclient.netty.request.NettyRequestSender - Using pooled Channel '[id: 0x87ad1486, L:/127.0.0.1:52235 - R:localhost/127.0.0.1:10458]' for 'GET' to 'http://localhost:10458/session/cec56b605d8694fa0e56aca46054e9cc/url'
18:24:41.408 [Forwarding getCurrentUrl on session cec56b605d8694fa0e56aca46054e9cc to remote] DEBUG org.asynchttpclient.netty.request.NettyRequestSender - Using open Channel [id: 0x87ad1486, L:/127.0.0.1:52235 - R:localhost/127.0.0.1:10458] for GET '/session/cec56b605d8694fa0e56aca46054e9cc/url'
18:24:41.410 [AsyncHttpClient-1-23] DEBUG org.asynchttpclient.netty.handler.HttpHandler - 

Request DefaultFullHttpRequest(decodeResult: success, version: HTTP/1.1, content: EmptyByteBufBE)
GET /session/cec56b605d8694fa0e56aca46054e9cc/url HTTP/1.1
User-Agent: selenium/4.8.1 (java windows)
Cache-Control: no-cache
Content-Type: application/json; charset=utf-8
host: localhost:10458
accept: */*

Response DefaultHttpResponse(decodeResult: success, version: HTTP/1.1)
HTTP/1.1 200 OK
Content-Length: 45
Content-Type: application/json; charset=utf-8
cache-control: no-cache

18:24:41.410 [AsyncHttpClient-1-23] DEBUG org.asynchttpclient.netty.channel.ChannelManager - Adding key: http://localhost:10458 for channel [id: 0x87ad1486, L:/127.0.0.1:52235 - R:localhost/127.0.0.1:10458]
18:24:41.412 [main] DEBUG net.thucydides.core.steps.StepInterceptor - STARTING STEP: LoginSteps.clickLoginButton - clickLoginButton
18:24:41.413 [Forwarding findElement on session cec56b605d8694fa0e56aca46054e9cc to remote] DEBUG org.asynchttpclient.netty.request.NettyRequestSender - Using pooled Channel '[id: 0x87ad1486, L:/127.0.0.1:52235 - R:localhost/127.0.0.1:10458]' for 'POST' to 'http://localhost:10458/session/cec56b605d8694fa0e56aca46054e9cc/element'
18:24:41.413 [Forwarding findElement on session cec56b605d8694fa0e56aca46054e9cc to remote] DEBUG org.asynchttpclient.netty.request.NettyRequestSender - Using open Channel [id: 0x87ad1486, L:/127.0.0.1:52235 - R:localhost/127.0.0.1:10458] for POST '/session/cec56b605d8694fa0e56aca46054e9cc/element'
18:24:41.422 [AsyncHttpClient-1-23] DEBUG org.asynchttpclient.netty.handler.HttpHandler - 

Request DefaultHttpRequest(decodeResult: success, version: HTTP/1.1)
POST /session/cec56b605d8694fa0e56aca46054e9cc/element HTTP/1.1
User-Agent: selenium/4.8.1 (java windows)
Content-Length: 63
Content-Type: application/json; charset=utf-8
host: localhost:10458
accept: */*

Response DefaultHttpResponse(decodeResult: success, version: HTTP/1.1)
HTTP/1.1 200 OK
Content-Length: 95
Content-Type: application/json; charset=utf-8
cache-control: no-cache

18:24:41.422 [AsyncHttpClient-1-23] DEBUG org.asynchttpclient.netty.channel.ChannelManager - Adding key: http://localhost:10458 for channel [id: 0x87ad1486, L:/127.0.0.1:52235 - R:localhost/127.0.0.1:10458]
18:24:41.422 [Forwarding getElementTagName on session cec56b605d8694fa0e56aca46054e9cc to remote] DEBUG org.asynchttpclient.netty.request.NettyRequestSender - Using pooled Channel '[id: 0x87ad1486, L:/127.0.0.1:52235 - R:localhost/127.0.0.1:10458]' for 'GET' to 'http://localhost:10458/session/cec56b605d8694fa0e56aca46054e9cc/element/70CFB99BB10C728592486DAAD310A9F0_element_11/name'
18:24:41.422 [Forwarding getElementTagName on session cec56b605d8694fa0e56aca46054e9cc to remote] DEBUG org.asynchttpclient.netty.request.NettyRequestSender - Using open Channel [id: 0x87ad1486, L:/127.0.0.1:52235 - R:localhost/127.0.0.1:10458] for GET '/session/cec56b605d8694fa0e56aca46054e9cc/element/70CFB99BB10C728592486DAAD310A9F0_element_11/name'
18:24:41.426 [AsyncHttpClient-1-23] DEBUG org.asynchttpclient.netty.handler.HttpHandler - 

Request DefaultFullHttpRequest(decodeResult: success, version: HTTP/1.1, content: EmptyByteBufBE)
GET /session/cec56b605d8694fa0e56aca46054e9cc/element/70CFB99BB10C728592486DAAD310A9F0_element_11/name HTTP/1.1
User-Agent: selenium/4.8.1 (java windows)
Cache-Control: no-cache
Content-Type: application/json; charset=utf-8
host: localhost:10458
accept: */*

Response DefaultHttpResponse(decodeResult: success, version: HTTP/1.1)
HTTP/1.1 200 OK
Content-Length: 18
Content-Type: application/json; charset=utf-8
cache-control: no-cache

18:24:41.427 [AsyncHttpClient-1-23] DEBUG org.asynchttpclient.netty.channel.ChannelManager - Adding key: http://localhost:10458 for channel [id: 0x87ad1486, L:/127.0.0.1:52235 - R:localhost/127.0.0.1:10458]
18:24:41.427 [Forwarding getElementTagName on session cec56b605d8694fa0e56aca46054e9cc to remote] DEBUG org.asynchttpclient.netty.request.NettyRequestSender - Using pooled Channel '[id: 0x87ad1486, L:/127.0.0.1:52235 - R:localhost/127.0.0.1:10458]' for 'GET' to 'http://localhost:10458/session/cec56b605d8694fa0e56aca46054e9cc/element/70CFB99BB10C728592486DAAD310A9F0_element_11/name'
18:24:41.427 [Forwarding getElementTagName on session cec56b605d8694fa0e56aca46054e9cc to remote] DEBUG org.asynchttpclient.netty.request.NettyRequestSender - Using open Channel [id: 0x87ad1486, L:/127.0.0.1:52235 - R:localhost/127.0.0.1:10458] for GET '/session/cec56b605d8694fa0e56aca46054e9cc/element/70CFB99BB10C728592486DAAD310A9F0_element_11/name'
18:24:41.430 [AsyncHttpClient-1-23] DEBUG org.asynchttpclient.netty.handler.HttpHandler - 

Request DefaultFullHttpRequest(decodeResult: success, version: HTTP/1.1, content: EmptyByteBufBE)
GET /session/cec56b605d8694fa0e56aca46054e9cc/element/70CFB99BB10C728592486DAAD310A9F0_element_11/name HTTP/1.1
User-Agent: selenium/4.8.1 (java windows)
Cache-Control: no-cache
Content-Type: application/json; charset=utf-8
host: localhost:10458
accept: */*

Response DefaultHttpResponse(decodeResult: success, version: HTTP/1.1)
HTTP/1.1 200 OK
Content-Length: 18
Content-Type: application/json; charset=utf-8
cache-control: no-cache

18:24:41.430 [AsyncHttpClient-1-23] DEBUG org.asynchttpclient.netty.channel.ChannelManager - Adding key: http://localhost:10458 for channel [id: 0x87ad1486, L:/127.0.0.1:52235 - R:localhost/127.0.0.1:10458]
18:24:41.431 [Forwarding isElementEnabled on session cec56b605d8694fa0e56aca46054e9cc to remote] DEBUG org.asynchttpclient.netty.request.NettyRequestSender - Using pooled Channel '[id: 0x87ad1486, L:/127.0.0.1:52235 - R:localhost/127.0.0.1:10458]' for 'GET' to 'http://localhost:10458/session/cec56b605d8694fa0e56aca46054e9cc/element/70CFB99BB10C728592486DAAD310A9F0_element_11/enabled'
18:24:41.431 [Forwarding isElementEnabled on session cec56b605d8694fa0e56aca46054e9cc to remote] DEBUG org.asynchttpclient.netty.request.NettyRequestSender - Using open Channel [id: 0x87ad1486, L:/127.0.0.1:52235 - R:localhost/127.0.0.1:10458] for GET '/session/cec56b605d8694fa0e56aca46054e9cc/element/70CFB99BB10C728592486DAAD310A9F0_element_11/enabled'
18:24:41.437 [AsyncHttpClient-1-23] DEBUG org.asynchttpclient.netty.handler.HttpHandler - 

Request DefaultFullHttpRequest(decodeResult: success, version: HTTP/1.1, content: EmptyByteBufBE)
GET /session/cec56b605d8694fa0e56aca46054e9cc/element/70CFB99BB10C728592486DAAD310A9F0_element_11/enabled HTTP/1.1
User-Agent: selenium/4.8.1 (java windows)
Cache-Control: no-cache
Content-Type: application/json; charset=utf-8
host: localhost:10458
accept: */*

Response DefaultHttpResponse(decodeResult: success, version: HTTP/1.1)
HTTP/1.1 200 OK
Content-Length: 14
Content-Type: application/json; charset=utf-8
cache-control: no-cache

18:24:41.437 [AsyncHttpClient-1-23] DEBUG org.asynchttpclient.netty.channel.ChannelManager - Adding key: http://localhost:10458 for channel [id: 0x87ad1486, L:/127.0.0.1:52235 - R:localhost/127.0.0.1:10458]
18:24:41.438 [Forwarding isElementEnabled on session cec56b605d8694fa0e56aca46054e9cc to remote] DEBUG org.asynchttpclient.netty.request.NettyRequestSender - Using pooled Channel '[id: 0x87ad1486, L:/127.0.0.1:52235 - R:localhost/127.0.0.1:10458]' for 'GET' to 'http://localhost:10458/session/cec56b605d8694fa0e56aca46054e9cc/element/70CFB99BB10C728592486DAAD310A9F0_element_11/enabled'
18:24:41.438 [Forwarding isElementEnabled on session cec56b605d8694fa0e56aca46054e9cc to remote] DEBUG org.asynchttpclient.netty.request.NettyRequestSender - Using open Channel [id: 0x87ad1486, L:/127.0.0.1:52235 - R:localhost/127.0.0.1:10458] for GET '/session/cec56b605d8694fa0e56aca46054e9cc/element/70CFB99BB10C728592486DAAD310A9F0_element_11/enabled'
18:24:41.441 [AsyncHttpClient-1-23] DEBUG org.asynchttpclient.netty.handler.HttpHandler - 

Request DefaultFullHttpRequest(decodeResult: success, version: HTTP/1.1, content: EmptyByteBufBE)
GET /session/cec56b605d8694fa0e56aca46054e9cc/element/70CFB99BB10C728592486DAAD310A9F0_element_11/enabled HTTP/1.1
User-Agent: selenium/4.8.1 (java windows)
Cache-Control: no-cache
Content-Type: application/json; charset=utf-8
host: localhost:10458
accept: */*

Response DefaultHttpResponse(decodeResult: success, version: HTTP/1.1)
HTTP/1.1 200 OK
Content-Length: 14
Content-Type: application/json; charset=utf-8
cache-control: no-cache

18:24:41.442 [AsyncHttpClient-1-23] DEBUG org.asynchttpclient.netty.channel.ChannelManager - Adding key: http://localhost:10458 for channel [id: 0x87ad1486, L:/127.0.0.1:52235 - R:localhost/127.0.0.1:10458]
18:24:41.442 [Forwarding findElement on session cec56b605d8694fa0e56aca46054e9cc to remote] DEBUG org.asynchttpclient.netty.request.NettyRequestSender - Using pooled Channel '[id: 0x87ad1486, L:/127.0.0.1:52235 - R:localhost/127.0.0.1:10458]' for 'POST' to 'http://localhost:10458/session/cec56b605d8694fa0e56aca46054e9cc/element'
18:24:41.442 [Forwarding findElement on session cec56b605d8694fa0e56aca46054e9cc to remote] DEBUG org.asynchttpclient.netty.request.NettyRequestSender - Using open Channel [id: 0x87ad1486, L:/127.0.0.1:52235 - R:localhost/127.0.0.1:10458] for POST '/session/cec56b605d8694fa0e56aca46054e9cc/element'
18:24:41.449 [AsyncHttpClient-1-23] DEBUG org.asynchttpclient.netty.handler.HttpHandler - 

Request DefaultHttpRequest(decodeResult: success, version: HTTP/1.1)
POST /session/cec56b605d8694fa0e56aca46054e9cc/element HTTP/1.1
User-Agent: selenium/4.8.1 (java windows)
Content-Length: 63
Content-Type: application/json; charset=utf-8
host: localhost:10458
accept: */*

Response DefaultHttpResponse(decodeResult: success, version: HTTP/1.1)
HTTP/1.1 200 OK
Content-Length: 95
Content-Type: application/json; charset=utf-8
cache-control: no-cache

18:24:41.449 [AsyncHttpClient-1-23] DEBUG org.asynchttpclient.netty.channel.ChannelManager - Adding key: http://localhost:10458 for channel [id: 0x87ad1486, L:/127.0.0.1:52235 - R:localhost/127.0.0.1:10458]
18:24:41.449 [Forwarding clickElement on session cec56b605d8694fa0e56aca46054e9cc to remote] DEBUG org.asynchttpclient.netty.request.NettyRequestSender - Using pooled Channel '[id: 0x87ad1486, L:/127.0.0.1:52235 - R:localhost/127.0.0.1:10458]' for 'POST' to 'http://localhost:10458/session/cec56b605d8694fa0e56aca46054e9cc/element/70CFB99BB10C728592486DAAD310A9F0_element_11/click'
18:24:41.449 [Forwarding clickElement on session cec56b605d8694fa0e56aca46054e9cc to remote] DEBUG org.asynchttpclient.netty.request.NettyRequestSender - Using open Channel [id: 0x87ad1486, L:/127.0.0.1:52235 - R:localhost/127.0.0.1:10458] for POST '/session/cec56b605d8694fa0e56aca46054e9cc/element/70CFB99BB10C728592486DAAD310A9F0_element_11/click'
18:24:41.478 [AsyncHttpClient-1-23] DEBUG org.asynchttpclient.netty.handler.HttpHandler - 

Request DefaultHttpRequest(decodeResult: success, version: HTTP/1.1)
POST /session/cec56b605d8694fa0e56aca46054e9cc/element/70CFB99BB10C728592486DAAD310A9F0_element_11/click HTTP/1.1
User-Agent: selenium/4.8.1 (java windows)
Content-Length: 57
Content-Type: application/json; charset=utf-8
host: localhost:10458
accept: */*

Response DefaultHttpResponse(decodeResult: success, version: HTTP/1.1)
HTTP/1.1 200 OK
Content-Length: 14
Content-Type: application/json; charset=utf-8
cache-control: no-cache

18:24:41.478 [AsyncHttpClient-1-23] DEBUG org.asynchttpclient.netty.channel.ChannelManager - Adding key: http://localhost:10458 for channel [id: 0x87ad1486, L:/127.0.0.1:52235 - R:localhost/127.0.0.1:10458]
18:24:41.481 [Forwarding getAlertText on session cec56b605d8694fa0e56aca46054e9cc to remote] DEBUG org.asynchttpclient.netty.request.NettyRequestSender - Using pooled Channel '[id: 0x87ad1486, L:/127.0.0.1:52235 - R:localhost/127.0.0.1:10458]' for 'GET' to 'http://localhost:10458/session/cec56b605d8694fa0e56aca46054e9cc/alert/text'
18:24:41.481 [Forwarding getAlertText on session cec56b605d8694fa0e56aca46054e9cc to remote] DEBUG org.asynchttpclient.netty.request.NettyRequestSender - Using open Channel [id: 0x87ad1486, L:/127.0.0.1:52235 - R:localhost/127.0.0.1:10458] for GET '/session/cec56b605d8694fa0e56aca46054e9cc/alert/text'
18:24:41.482 [AsyncHttpClient-1-23] DEBUG org.asynchttpclient.netty.handler.HttpHandler - 

Request DefaultFullHttpRequest(decodeResult: success, version: HTTP/1.1, content: EmptyByteBufBE)
GET /session/cec56b605d8694fa0e56aca46054e9cc/alert/text HTTP/1.1
User-Agent: selenium/4.8.1 (java windows)
Cache-Control: no-cache
Content-Type: application/json; charset=utf-8
host: localhost:10458
accept: */*

Response DefaultHttpResponse(decodeResult: success, version: HTTP/1.1)
HTTP/1.1 404 Not Found
Content-Length: 821
Content-Type: application/json; charset=utf-8
cache-control: no-cache

18:24:41.482 [AsyncHttpClient-1-23] DEBUG org.asynchttpclient.netty.channel.ChannelManager - Adding key: http://localhost:10458 for channel [id: 0x87ad1486, L:/127.0.0.1:52235 - R:localhost/127.0.0.1:10458]
18:24:41.484 [Forwarding getCurrentUrl on session cec56b605d8694fa0e56aca46054e9cc to remote] DEBUG org.asynchttpclient.netty.request.NettyRequestSender - Using pooled Channel '[id: 0x87ad1486, L:/127.0.0.1:52235 - R:localhost/127.0.0.1:10458]' for 'GET' to 'http://localhost:10458/session/cec56b605d8694fa0e56aca46054e9cc/url'
18:24:41.484 [Forwarding getCurrentUrl on session cec56b605d8694fa0e56aca46054e9cc to remote] DEBUG org.asynchttpclient.netty.request.NettyRequestSender - Using open Channel [id: 0x87ad1486, L:/127.0.0.1:52235 - R:localhost/127.0.0.1:10458] for GET '/session/cec56b605d8694fa0e56aca46054e9cc/url'
18:24:41.487 [AsyncHttpClient-1-23] DEBUG org.asynchttpclient.netty.handler.HttpHandler - 

Request DefaultFullHttpRequest(decodeResult: success, version: HTTP/1.1, content: EmptyByteBufBE)
GET /session/cec56b605d8694fa0e56aca46054e9cc/url HTTP/1.1
User-Agent: selenium/4.8.1 (java windows)
Cache-Control: no-cache
Content-Type: application/json; charset=utf-8
host: localhost:10458
accept: */*

Response DefaultHttpResponse(decodeResult: success, version: HTTP/1.1)
HTTP/1.1 200 OK
Content-Length: 45
Content-Type: application/json; charset=utf-8
cache-control: no-cache

18:24:41.487 [AsyncHttpClient-1-23] DEBUG org.asynchttpclient.netty.channel.ChannelManager - Adding key: http://localhost:10458 for channel [id: 0x87ad1486, L:/127.0.0.1:52235 - R:localhost/127.0.0.1:10458]
18:24:41.488 [Forwarding screenshot on session cec56b605d8694fa0e56aca46054e9cc to remote] DEBUG org.asynchttpclient.netty.request.NettyRequestSender - Using pooled Channel '[id: 0x87ad1486, L:/127.0.0.1:52235 - R:localhost/127.0.0.1:10458]' for 'GET' to 'http://localhost:10458/session/cec56b605d8694fa0e56aca46054e9cc/screenshot'
18:24:41.488 [Forwarding screenshot on session cec56b605d8694fa0e56aca46054e9cc to remote] DEBUG org.asynchttpclient.netty.request.NettyRequestSender - Using open Channel [id: 0x87ad1486, L:/127.0.0.1:52235 - R:localhost/127.0.0.1:10458] for GET '/session/cec56b605d8694fa0e56aca46054e9cc/screenshot'
18:24:41.562 [AsyncHttpClient-1-23] DEBUG org.asynchttpclient.netty.handler.HttpHandler - 

Request DefaultFullHttpRequest(decodeResult: success, version: HTTP/1.1, content: EmptyByteBufBE)
GET /session/cec56b605d8694fa0e56aca46054e9cc/screenshot HTTP/1.1
User-Agent: selenium/4.8.1 (java windows)
Cache-Control: no-cache
Content-Type: application/json; charset=utf-8
host: localhost:10458
accept: */*

Response DefaultHttpResponse(decodeResult: success, version: HTTP/1.1)
HTTP/1.1 200 OK
Content-Length: 37652
Content-Type: application/json; charset=utf-8
cache-control: no-cache

18:24:41.562 [AsyncHttpClient-1-23] DEBUG org.asynchttpclient.netty.channel.ChannelManager - Adding key: http://localhost:10458 for channel [id: 0x87ad1486, L:/127.0.0.1:52235 - R:localhost/127.0.0.1:10458]
18:24:41.563 [main] DEBUG net.serenitybdd.core.photography.Darkroom - Send negative for processing for target\site\serenity\1cd501a10f6ae2294249ad06c7bd73809b94cdc51842dada2b3414ecda0b1a12.png
18:24:41.563 [main] DEBUG net.thucydides.core.steps.StepInterceptor - STEP DONE: clickLoginButton
  &amp#27;[32mWhen &amp#27;[0m&amp#27;[32mI click on the login button&amp#27;[0m                   &amp#27;[90m# starter.stepdefinitions.LoginSteps.clickLoginButton()&amp#27;[0m
18:24:41.563 [Darkroom Processing Line] DEBUG net.serenitybdd.core.photography.DarkroomProcessingLine - Processing screenshot image in /var/screenshots/screenshot-4767615879469272778
18:24:41.563 [Darkroom Processing Line] DEBUG net.serenitybdd.core.photography.DarkroomProcessingLine - Saving screenshot to target\site\serenity\1cd501a10f6ae2294249ad06c7bd73809b94cdc51842dada2b3414ecda0b1a12.png
18:24:41.570 [Forwarding getPageSource on session cec56b605d8694fa0e56aca46054e9cc to remote] DEBUG org.asynchttpclient.netty.request.NettyRequestSender - Using pooled Channel '[id: 0x87ad1486, L:/127.0.0.1:52235 - R:localhost/127.0.0.1:10458]' for 'POST' to 'http://localhost:10458/session/cec56b605d8694fa0e56aca46054e9cc/execute/sync'
18:24:41.570 [Forwarding getPageSource on session cec56b605d8694fa0e56aca46054e9cc to remote] DEBUG org.asynchttpclient.netty.request.NettyRequestSender - Using open Channel [id: 0x87ad1486, L:/127.0.0.1:52235 - R:localhost/127.0.0.1:10458] for POST '/session/cec56b605d8694fa0e56aca46054e9cc/execute/sync'
18:24:41.574 [AsyncHttpClient-1-23] DEBUG org.asynchttpclient.netty.handler.HttpHandler - 

Request DefaultHttpRequest(decodeResult: success, version: HTTP/1.1)
POST /session/cec56b605d8694fa0e56aca46054e9cc/execute/sync HTTP/1.1
User-Agent: selenium/4.8.1 (java windows)
Content-Length: 176
Content-Type: application/json; charset=utf-8
host: localhost:10458
accept: */*

Response DefaultHttpResponse(decodeResult: success, version: HTTP/1.1)
HTTP/1.1 200 OK
Content-Length: 9210
Content-Type: application/json; charset=utf-8
cache-control: no-cache

18:24:41.574 [AsyncHttpClient-1-23] DEBUG org.asynchttpclient.netty.channel.ChannelManager - Adding key: http://localhost:10458 for channel [id: 0x87ad1486, L:/127.0.0.1:52235 - R:localhost/127.0.0.1:10458]
18:24:41.575 [Forwarding getCurrentUrl on session cec56b605d8694fa0e56aca46054e9cc to remote] DEBUG org.asynchttpclient.netty.request.NettyRequestSender - Using pooled Channel '[id: 0x87ad1486, L:/127.0.0.1:52235 - R:localhost/127.0.0.1:10458]' for 'GET' to 'http://localhost:10458/session/cec56b605d8694fa0e56aca46054e9cc/url'
18:24:41.575 [Forwarding getCurrentUrl on session cec56b605d8694fa0e56aca46054e9cc to remote] DEBUG org.asynchttpclient.netty.request.NettyRequestSender - Using open Channel [id: 0x87ad1486, L:/127.0.0.1:52235 - R:localhost/127.0.0.1:10458] for GET '/session/cec56b605d8694fa0e56aca46054e9cc/url'
18:24:41.582 [AsyncHttpClient-1-23] DEBUG org.asynchttpclient.netty.handler.HttpHandler - 

Request DefaultFullHttpRequest(decodeResult: success, version: HTTP/1.1, content: EmptyByteBufBE)
GET /session/cec56b605d8694fa0e56aca46054e9cc/url HTTP/1.1
User-Agent: selenium/4.8.1 (java windows)
Cache-Control: no-cache
Content-Type: application/json; charset=utf-8
host: localhost:10458
accept: */*

Response DefaultHttpResponse(decodeResult: success, version: HTTP/1.1)
HTTP/1.1 200 OK
Content-Length: 45
Content-Type: application/json; charset=utf-8
cache-control: no-cache

18:24:41.582 [AsyncHttpClient-1-23] DEBUG org.asynchttpclient.netty.channel.ChannelManager - Adding key: http://localhost:10458 for channel [id: 0x87ad1486, L:/127.0.0.1:52235 - R:localhost/127.0.0.1:10458]
18:24:41.594 [Forwarding getPageSource on session cec56b605d8694fa0e56aca46054e9cc to remote] DEBUG org.asynchttpclient.netty.request.NettyRequestSender - Using pooled Channel '[id: 0x87ad1486, L:/127.0.0.1:52235 - R:localhost/127.0.0.1:10458]' for 'POST' to 'http://localhost:10458/session/cec56b605d8694fa0e56aca46054e9cc/execute/sync'
18:24:41.594 [Forwarding getPageSource on session cec56b605d8694fa0e56aca46054e9cc to remote] DEBUG org.asynchttpclient.netty.request.NettyRequestSender - Using open Channel [id: 0x87ad1486, L:/127.0.0.1:52235 - R:localhost/127.0.0.1:10458] for POST '/session/cec56b605d8694fa0e56aca46054e9cc/execute/sync'
18:24:41.604 [AsyncHttpClient-1-23] DEBUG org.asynchttpclient.netty.handler.HttpHandler - 

Request DefaultHttpRequest(decodeResult: success, version: HTTP/1.1)
POST /session/cec56b605d8694fa0e56aca46054e9cc/execute/sync HTTP/1.1
User-Agent: selenium/4.8.1 (java windows)
Content-Length: 176
Content-Type: application/json; charset=utf-8
host: localhost:10458
accept: */*

Response DefaultHttpResponse(decodeResult: success, version: HTTP/1.1)
HTTP/1.1 200 OK
Content-Length: 9210
Content-Type: application/json; charset=utf-8
cache-control: no-cache

18:24:41.604 [AsyncHttpClient-1-23] DEBUG org.asynchttpclient.netty.channel.ChannelManager - Adding key: http://localhost:10458 for channel [id: 0x87ad1486, L:/127.0.0.1:52235 - R:localhost/127.0.0.1:10458]
18:24:41.606 [Forwarding getCurrentUrl on session cec56b605d8694fa0e56aca46054e9cc to remote] DEBUG org.asynchttpclient.netty.request.NettyRequestSender - Using pooled Channel '[id: 0x87ad1486, L:/127.0.0.1:52235 - R:localhost/127.0.0.1:10458]' for 'GET' to 'http://localhost:10458/session/cec56b605d8694fa0e56aca46054e9cc/url'
18:24:41.606 [Forwarding getCurrentUrl on session cec56b605d8694fa0e56aca46054e9cc to remote] DEBUG org.asynchttpclient.netty.request.NettyRequestSender - Using open Channel [id: 0x87ad1486, L:/127.0.0.1:52235 - R:localhost/127.0.0.1:10458] for GET '/session/cec56b605d8694fa0e56aca46054e9cc/url'
18:24:41.614 [AsyncHttpClient-1-23] DEBUG org.asynchttpclient.netty.handler.HttpHandler - 

Request DefaultFullHttpRequest(decodeResult: success, version: HTTP/1.1, content: EmptyByteBufBE)
GET /session/cec56b605d8694fa0e56aca46054e9cc/url HTTP/1.1
User-Agent: selenium/4.8.1 (java windows)
Cache-Control: no-cache
Content-Type: application/json; charset=utf-8
host: localhost:10458
accept: */*

Response DefaultHttpResponse(decodeResult: success, version: HTTP/1.1)
HTTP/1.1 200 OK
Content-Length: 45
Content-Type: application/json; charset=utf-8
cache-control: no-cache

18:24:41.614 [AsyncHttpClient-1-23] DEBUG org.asynchttpclient.netty.channel.ChannelManager - Adding key: http://localhost:10458 for channel [id: 0x87ad1486, L:/127.0.0.1:52235 - R:localhost/127.0.0.1:10458]
18:24:41.618 [main] DEBUG net.thucydides.core.steps.StepInterceptor - STARTING STEP: LoginSteps.checkWarningCharPassword - checkWarningCharPassword
18:24:41.621 [Forwarding findElement on session cec56b605d8694fa0e56aca46054e9cc to remote] DEBUG org.asynchttpclient.netty.request.NettyRequestSender - Using pooled Channel '[id: 0x87ad1486, L:/127.0.0.1:52235 - R:localhost/127.0.0.1:10458]' for 'POST' to 'http://localhost:10458/session/cec56b605d8694fa0e56aca46054e9cc/element'
18:24:41.621 [Forwarding findElement on session cec56b605d8694fa0e56aca46054e9cc to remote] DEBUG org.asynchttpclient.netty.request.NettyRequestSender - Using open Channel [id: 0x87ad1486, L:/127.0.0.1:52235 - R:localhost/127.0.0.1:10458] for POST '/session/cec56b605d8694fa0e56aca46054e9cc/element'
18:24:41.631 [AsyncHttpClient-1-23] DEBUG org.asynchttpclient.netty.handler.HttpHandler - 

Request DefaultHttpRequest(decodeResult: success, version: HTTP/1.1)
POST /session/cec56b605d8694fa0e56aca46054e9cc/element HTTP/1.1
User-Agent: selenium/4.8.1 (java windows)
Content-Length: 51
Content-Type: application/json; charset=utf-8
host: localhost:10458
accept: */*

Response DefaultHttpResponse(decodeResult: success, version: HTTP/1.1)
HTTP/1.1 200 OK
Content-Length: 95
Content-Type: application/json; charset=utf-8
cache-control: no-cache

18:24:41.631 [AsyncHttpClient-1-23] DEBUG org.asynchttpclient.netty.channel.ChannelManager - Adding key: http://localhost:10458 for channel [id: 0x87ad1486, L:/127.0.0.1:52235 - R:localhost/127.0.0.1:10458]
18:24:41.637 [Forwarding isElementDisplayed on session cec56b605d8694fa0e56aca46054e9cc to remote] DEBUG org.asynchttpclient.netty.request.NettyRequestSender - Using pooled Channel '[id: 0x87ad1486, L:/127.0.0.1:52235 - R:localhost/127.0.0.1:10458]' for 'POST' to 'http://localhost:10458/session/cec56b605d8694fa0e56aca46054e9cc/execute/sync'
18:24:41.637 [Forwarding isElementDisplayed on session cec56b605d8694fa0e56aca46054e9cc to remote] DEBUG org.asynchttpclient.netty.request.NettyRequestSender - Using open Channel [id: 0x87ad1486, L:/127.0.0.1:52235 - R:localhost/127.0.0.1:10458] for POST '/session/cec56b605d8694fa0e56aca46054e9cc/execute/sync'
18:24:41.648 [AsyncHttpClient-1-23] DEBUG org.asynchttpclient.netty.handler.HttpHandler - 

Request DefaultHttpRequest(decodeResult: success, version: HTTP/1.1)
POST /session/cec56b605d8694fa0e56aca46054e9cc/execute/sync HTTP/1.1
User-Agent: selenium/4.8.1 (java windows)
Content-Length: 48814
Content-Type: application/json; charset=utf-8
host: localhost:10458
accept: */*

Response DefaultHttpResponse(decodeResult: success, version: HTTP/1.1)
HTTP/1.1 200 OK
Content-Length: 14
Content-Type: application/json; charset=utf-8
cache-control: no-cache

18:24:41.649 [AsyncHttpClient-1-23] DEBUG org.asynchttpclient.netty.channel.ChannelManager - Adding key: http://localhost:10458 for channel [id: 0x87ad1486, L:/127.0.0.1:52235 - R:localhost/127.0.0.1:10458]
18:24:41.651 [Forwarding getAlertText on session cec56b605d8694fa0e56aca46054e9cc to remote] DEBUG org.asynchttpclient.netty.request.NettyRequestSender - Using pooled Channel '[id: 0x87ad1486, L:/127.0.0.1:52235 - R:localhost/127.0.0.1:10458]' for 'GET' to 'http://localhost:10458/session/cec56b605d8694fa0e56aca46054e9cc/alert/text'
18:24:41.651 [Forwarding getAlertText on session cec56b605d8694fa0e56aca46054e9cc to remote] DEBUG org.asynchttpclient.netty.request.NettyRequestSender - Using open Channel [id: 0x87ad1486, L:/127.0.0.1:52235 - R:localhost/127.0.0.1:10458] for GET '/session/cec56b605d8694fa0e56aca46054e9cc/alert/text'
18:24:41.653 [AsyncHttpClient-1-23] DEBUG org.asynchttpclient.netty.handler.HttpHandler - 

Request DefaultFullHttpRequest(decodeResult: success, version: HTTP/1.1, content: EmptyByteBufBE)
GET /session/cec56b605d8694fa0e56aca46054e9cc/alert/text HTTP/1.1
User-Agent: selenium/4.8.1 (java windows)
Cache-Control: no-cache
Content-Type: application/json; charset=utf-8
host: localhost:10458
accept: */*

Response DefaultHttpResponse(decodeResult: success, version: HTTP/1.1)
HTTP/1.1 404 Not Found
Content-Length: 821
Content-Type: application/json; charset=utf-8
cache-control: no-cache

18:24:41.653 [AsyncHttpClient-1-23] DEBUG org.asynchttpclient.netty.channel.ChannelManager - Adding key: http://localhost:10458 for channel [id: 0x87ad1486, L:/127.0.0.1:52235 - R:localhost/127.0.0.1:10458]
18:24:41.654 [Forwarding getCurrentUrl on session cec56b605d8694fa0e56aca46054e9cc to remote] DEBUG org.asynchttpclient.netty.request.NettyRequestSender - Using pooled Channel '[id: 0x87ad1486, L:/127.0.0.1:52235 - R:localhost/127.0.0.1:10458]' for 'GET' to 'http://localhost:10458/session/cec56b605d8694fa0e56aca46054e9cc/url'
18:24:41.655 [Forwarding getCurrentUrl on session cec56b605d8694fa0e56aca46054e9cc to remote] DEBUG org.asynchttpclient.netty.request.NettyRequestSender - Using open Channel [id: 0x87ad1486, L:/127.0.0.1:52235 - R:localhost/127.0.0.1:10458] for GET '/session/cec56b605d8694fa0e56aca46054e9cc/url'
18:24:41.657 [AsyncHttpClient-1-23] DEBUG org.asynchttpclient.netty.handler.HttpHandler - 

Request DefaultFullHttpRequest(decodeResult: success, version: HTTP/1.1, content: EmptyByteBufBE)
GET /session/cec56b605d8694fa0e56aca46054e9cc/url HTTP/1.1
User-Agent: selenium/4.8.1 (java windows)
Cache-Control: no-cache
Content-Type: application/json; charset=utf-8
host: localhost:10458
accept: */*

Response DefaultHttpResponse(decodeResult: success, version: HTTP/1.1)
HTTP/1.1 200 OK
Content-Length: 45
Content-Type: application/json; charset=utf-8
cache-control: no-cache

18:24:41.657 [AsyncHttpClient-1-23] DEBUG org.asynchttpclient.netty.channel.ChannelManager - Adding key: http://localhost:10458 for channel [id: 0x87ad1486, L:/127.0.0.1:52235 - R:localhost/127.0.0.1:10458]
18:24:41.658 [Forwarding screenshot on session cec56b605d8694fa0e56aca46054e9cc to remote] DEBUG org.asynchttpclient.netty.request.NettyRequestSender - Using pooled Channel '[id: 0x87ad1486, L:/127.0.0.1:52235 - R:localhost/127.0.0.1:10458]' for 'GET' to 'http://localhost:10458/session/cec56b605d8694fa0e56aca46054e9cc/screenshot'
18:24:41.658 [Forwarding screenshot on session cec56b605d8694fa0e56aca46054e9cc to remote] DEBUG org.asynchttpclient.netty.request.NettyRequestSender - Using open Channel [id: 0x87ad1486, L:/127.0.0.1:52235 - R:localhost/127.0.0.1:10458] for GET '/session/cec56b605d8694fa0e56aca46054e9cc/screenshot'
18:24:41.739 [AsyncHttpClient-1-23] DEBUG org.asynchttpclient.netty.handler.HttpHandler - 

Request DefaultFullHttpRequest(decodeResult: success, version: HTTP/1.1, content: EmptyByteBufBE)
GET /session/cec56b605d8694fa0e56aca46054e9cc/screenshot HTTP/1.1
User-Agent: selenium/4.8.1 (java windows)
Cache-Control: no-cache
Content-Type: application/json; charset=utf-8
host: localhost:10458
accept: */*

Response DefaultHttpResponse(decodeResult: success, version: HTTP/1.1)
HTTP/1.1 200 OK
Content-Length: 37696
Content-Type: application/json; charset=utf-8
cache-control: no-cache

18:24:41.739 [AsyncHttpClient-1-23] DEBUG org.asynchttpclient.netty.channel.ChannelManager - Adding key: http://localhost:10458 for channel [id: 0x87ad1486, L:/127.0.0.1:52235 - R:localhost/127.0.0.1:10458]
18:24:41.740 [main] DEBUG net.serenitybdd.core.photography.Darkroom - Send negative for processing for target\site\serenity\d10ca9f241c9fe9a3d77770272431bb1a0522fc71a62f1ce6b80e0943558d92c.png
18:24:41.740 [main] DEBUG net.thucydides.core.steps.StepInterceptor - STEP DONE: checkWarningCharPassword
  &amp#27;[32mThen &amp#27;[0m&amp#27;[32mI should see warning char password&amp#27;[0m            &amp#27;[90m# starter.stepdefinitions.LoginSteps.checkWarningCharPassword()&amp#27;[0m
18:24:41.740 [Darkroom Processing Line] DEBUG net.serenitybdd.core.photography.DarkroomProcessingLine - Processing screenshot image in /var/screenshots/screenshot-3267549746870316823
18:24:41.740 [Darkroom Processing Line] DEBUG net.serenitybdd.core.photography.DarkroomProcessingLine - Saving screenshot to target\site\serenity\d10ca9f241c9fe9a3d77770272431bb1a0522fc71a62f1ce6b80e0943558d92c.png
18:24:41.743 [main] INFO  - 
  _____   ___   ___   _____     ___     _     ___   ___   ___   ___  
 |_   _| | __| / __| |_   _|   | _ \   /_\   / __| / __| | __| |   \ 
   | |   | _|  \__ \   | |     |  _/  / _ \  \__ \ \__ \ | _|  | |) |
   |_|   |___| |___/   |_|     |_|   /_/ \_\ |___/ |___/ |___| |___/ 

Admin login with password less than 8 char
----------------------------------------------------------------------
18:24:41.744 [Driver Command Executor] DEBUG org.asynchttpclient.netty.request.NettyRequestSender - Using pooled Channel '[id: 0x87ad1486, L:/127.0.0.1:52235 - R:localhost/127.0.0.1:10458]' for 'DELETE' to 'http://localhost:10458/session/cec56b605d8694fa0e56aca46054e9cc'
18:24:41.744 [AsyncHttpClient-1-25] DEBUG org.asynchttpclient.netty.handler.WebSocketHandler - Channel Closed: [id: 0xf1e0f28a, L:/127.0.0.1:52245 ! R:localhost/127.0.0.1:52236] with attribute NettyResponseFuture{currentRetry=0,
	isDone=1,
	isCancelled=0,
	asyncHandler=org.asynchttpclient.ws.WebSocketUpgradeHandler@6d081d24,
	nettyRequest=org.asynchttpclient.netty.request.NettyRequest@280a8ee1,
	future=java.util.concurrent.CompletableFuture@4cac0f62[Completed normally],
	uri=ws://localhost:52236/devtools/browser/bb70e6e5-8531-4c35-9d9d-97324ec8d4f3,
	keepAlive=true,
	redirectCount=0,
	timeoutsHolder=null,
	inAuth=0,
	touch=1687346680101}
18:24:41.745 [Driver Command Executor] DEBUG org.asynchttpclient.netty.request.NettyRequestSender - Using open Channel [id: 0x87ad1486, L:/127.0.0.1:52235 - R:localhost/127.0.0.1:10458] for DELETE '/session/cec56b605d8694fa0e56aca46054e9cc'
18:24:41.745 [AsyncHttpClient-1-25] DEBUG org.asynchttpclient.netty.channel.ChannelManager - Closing Channel [id: 0xf1e0f28a, L:/127.0.0.1:52245 ! R:localhost/127.0.0.1:52236] 
18:24:41.769 [AsyncHttpClient-1-24] DEBUG org.asynchttpclient.netty.handler.HttpHandler - Unexpected I/O exception on channel [id: 0x516d46f6, L:/127.0.0.1:52244 - R:localhost/127.0.0.1:52236]
java.net.SocketException: Connection reset
	at java.base/sun.nio.ch.SocketChannelImpl.throwConnectionReset(SocketChannelImpl.java:367)
	at java.base/sun.nio.ch.SocketChannelImpl.read(SocketChannelImpl.java:398)
	at io.netty.buffer.PooledByteBuf.setBytes(PooledByteBuf.java:259)
	at io.netty.buffer.AbstractByteBuf.writeBytes(AbstractByteBuf.java:1132)
	at io.netty.channel.socket.nio.NioSocketChannel.doReadBytes(NioSocketChannel.java:357)
	at io.netty.channel.nio.AbstractNioByteChannel$NioByteUnsafe.read(AbstractNioByteChannel.java:151)
	at io.netty.channel.nio.NioEventLoop.processSelectedKey(NioEventLoop.java:788)
	at io.netty.channel.nio.NioEventLoop.processSelectedKeysOptimized(NioEventLoop.java:724)
	at io.netty.channel.nio.NioEventLoop.processSelectedKeys(NioEventLoop.java:650)
	at io.netty.channel.nio.NioEventLoop.run(NioEventLoop.java:562)
	at io.netty.util.concurrent.SingleThreadEventExecutor$4.run(SingleThreadEventExecutor.java:997)
	at io.netty.util.internal.ThreadExecutorMap$2.run(ThreadExecutorMap.java:74)
	at io.netty.util.concurrent.FastThreadLocalRunnable.run(FastThreadLocalRunnable.java:30)
	at java.base/java.lang.Thread.run(Thread.java:832)
18:24:41.769 [AsyncHttpClient-1-24] DEBUG org.asynchttpclient.netty.channel.ChannelManager - Closing Channel [id: 0x516d46f6, L:/127.0.0.1:52244 - R:localhost/127.0.0.1:52236] 
18:24:41.769 [AsyncHttpClient-1-24] DEBUG org.asynchttpclient.netty.handler.HttpHandler - Channel Closed: [id: 0x516d46f6, L:/127.0.0.1:52244 ! R:localhost/127.0.0.1:52236] with attribute DISCARD
18:24:41.780 [AsyncHttpClient-1-23] DEBUG org.asynchttpclient.netty.handler.HttpHandler - 

Request DefaultFullHttpRequest(decodeResult: success, version: HTTP/1.1, content: EmptyByteBufBE)
DELETE /session/cec56b605d8694fa0e56aca46054e9cc HTTP/1.1
User-Agent: selenium/4.8.1 (java windows)
Content-Type: application/json; charset=utf-8
host: localhost:10458
accept: */*

Response DefaultHttpResponse(decodeResult: success, version: HTTP/1.1)
HTTP/1.1 200 OK
Content-Length: 14
Content-Type: application/json; charset=utf-8
cache-control: no-cache

18:24:41.780 [AsyncHttpClient-1-23] DEBUG org.asynchttpclient.netty.channel.ChannelManager - Adding key: http://localhost:10458 for channel [id: 0x87ad1486, L:/127.0.0.1:52235 - R:localhost/127.0.0.1:10458]
18:24:41.842 [AsyncHttpClient-1-23] DEBUG org.asynchttpclient.netty.handler.HttpHandler - Channel Closed: [id: 0x87ad1486, L:/127.0.0.1:52235 ! R:localhost/127.0.0.1:10458] with attribute DISCARD
18:24:42.002 [AsyncHttpClient-1-1] DEBUG org.asynchttpclient.netty.channel.DefaultChannelPool - Entry count for : http://localhost:10458 : 1
18:24:42.002 [AsyncHttpClient-1-1] DEBUG org.asynchttpclient.netty.channel.DefaultChannelPool - Entry count for : http://localhost:52236 : 1
18:24:42.002 [AsyncHttpClient-1-1] DEBUG org.asynchttpclient.netty.channel.DefaultChannelPool - Adding Candidate expired Channel [id: 0x87ad1486, L:/127.0.0.1:52235 ! R:localhost/127.0.0.1:10458] isIdleTimeoutExpired=false isRemotelyClosed=true isTtlExpired=false
18:24:42.002 [AsyncHttpClient-1-1] DEBUG org.asynchttpclient.netty.channel.DefaultChannelPool - Closing Idle Channel [id: 0x87ad1486, L:/127.0.0.1:52235 ! R:localhost/127.0.0.1:10458]
18:24:42.002 [AsyncHttpClient-1-1] DEBUG org.asynchttpclient.netty.channel.DefaultChannelPool - Adding Candidate expired Channel [id: 0x516d46f6, L:/127.0.0.1:52244 ! R:localhost/127.0.0.1:52236] isIdleTimeoutExpired=false isRemotelyClosed=true isTtlExpired=false
18:24:42.002 [AsyncHttpClient-1-1] DEBUG org.asynchttpclient.netty.channel.DefaultChannelPool - Closing Idle Channel [id: 0x516d46f6, L:/127.0.0.1:52244 ! R:localhost/127.0.0.1:52236]
18:24:42.002 [AsyncHttpClient-1-1] DEBUG org.asynchttpclient.netty.channel.DefaultChannelPool - Closed 2 connections out of 2 in 0 ms
]]></system-out>
    <system-err><![CDATA[Starting ChromeDriver 114.0.5735.16 (7e1ff058633f5b79b1cd7479aca585ba385519d8-refs/branch-heads/5735@{#182}) on port 10458
Only local connections are allowed.
Please see https://chromedriver.chromium.org/security-considerations for suggestions on keeping ChromeDriver safe.
ChromeDriver was started successfully.
Jun 21, 2023 6:24:40 PM org.openqa.selenium.devtools.CdpVersionFinder findNearestMatch
WARNING: Unable to find an exact match for CDP version 114, so returning the closest version found: 110
]]></system-err>
  </testcase>
</testsuite>