<?xml version="1.0" encoding="UTF-8"?>
<testsuite xmlns:xsi="http://www.w3.org/2001/XMLSchema-instance" xsi:noNamespaceSchemaLocation="https://maven.apache.org/surefire/maven-failsafe-plugin/xsd/failsafe-test-report-3.0.xsd" version="3.0" name="starter.CucumberTestSuite" time="80.025" tests="4" errors="0" skipped="0" failures="0">
  <properties>
    <property name="sun.desktop" value="windows"/>
    <property name="awt.toolkit" value="sun.awt.windows.WToolkit"/>
    <property name="java.specification.version" value="1.8"/>
    <property name="file.encoding.pkg" value="sun.io"/>
    <property name="webdriver.chrome.driver" value="src/test/resources/webdriver/chromedriver.exe"/>
    <property name="sun.cpu.isalist" value="amd64"/>
    <property name="sun.jnu.encoding" value="Cp1252"/>
    <property name="java.class.path" value="C:\Users\ASUS\Pictures\Coding\sociops_qe_web\target\test-classes;C:\Users\ASUS\Pictures\Coding\sociops_qe_web\target\alta-1.0-SNAPSHOT.jar;C:\Users\ASUS\.m2\repository\net\serenity-bdd\serenity-rest-assured\3.6.22\serenity-rest-assured-3.6.22.jar;C:\Users\ASUS\.m2\repository\org\apache\httpcomponents\httpclient\4.5.13\httpclient-4.5.13.jar;C:\Users\ASUS\.m2\repository\org\apache\httpcomponents\httpcore\4.4.13\httpcore-4.4.13.jar;C:\Users\ASUS\.m2\repository\commons-logging\commons-logging\1.2\commons-logging-1.2.jar;C:\Users\ASUS\.m2\repository\io\rest-assured\rest-assured\5.3.0\rest-assured-5.3.0.jar;C:\Users\ASUS\.m2\repository\org\apache\httpcomponents\httpmime\4.5.13\httpmime-4.5.13.jar;C:\Users\ASUS\.m2\repository\org\ccil\cowan\tagsoup\tagsoup\1.2.1\tagsoup-1.2.1.jar;C:\Users\ASUS\.m2\repository\io\rest-assured\json-path\5.3.0\json-path-5.3.0.jar;C:\Users\ASUS\.m2\repository\io\rest-assured\rest-assured-common\5.3.0\rest-assured-common-5.3.0.jar;C:\Users\ASUS\.m2\repository\io\rest-assured\xml-path\5.3.0\xml-path-5.3.0.jar;C:\Users\ASUS\.m2\repository\org\apache\groovy\groovy-json\4.0.10\groovy-json-4.0.10.jar;C:\Users\ASUS\.m2\repository\org\apache\groovy\groovy-xml\4.0.10\groovy-xml-4.0.10.jar;C:\Users\ASUS\.m2\repository\org\apache\groovy\groovy\4.0.10\groovy-4.0.10.jar;C:\Users\ASUS\.m2\repository\org\opentest4j\opentest4j\1.2.0\opentest4j-1.2.0.jar;C:\Users\ASUS\.m2\repository\net\serenity-bdd\serenity-core\3.6.21\serenity-core-3.6.21.jar;C:\Users\ASUS\.m2\repository\net\serenity-bdd\serenity-model\3.6.21\serenity-model-3.6.21.jar;C:\Users\ASUS\.m2\repository\org\apache\commons\commons-text\1.10.0\commons-text-1.10.0.jar;C:\Users\ASUS\.m2\repository\commons-net\commons-net\3.9.0\commons-net-3.9.0.jar;C:\Users\ASUS\.m2\repository\com\google\guava\guava\31.1-jre\guava-31.1-jre.jar;C:\Users\ASUS\.m2\repository\com\google\guava\failureaccess\1.0.1\failureaccess-1.0.1.jar;C:\Users\ASUS\.m2\repository\com\google\guava\listenablefuture\9999.0-empty-to-avoid-conflict-with-guava\listenablefuture-9999.0-empty-to-avoid-conflict-with-guava.jar;C:\Users\ASUS\.m2\repository\com\google\code\findbugs\jsr305\3.0.2\jsr305-3.0.2.jar;C:\Users\ASUS\.m2\repository\org\checkerframework\checker-qual\3.12.0\checker-qual-3.12.0.jar;C:\Users\ASUS\.m2\repository\com\google\errorprone\error_prone_annotations\2.11.0\error_prone_annotations-2.11.0.jar;C:\Users\ASUS\.m2\repository\com\google\j2objc\j2objc-annotations\1.3\j2objc-annotations-1.3.jar;C:\Users\ASUS\.m2\repository\com\google\inject\guice\5.1.0\guice-5.1.0.jar;C:\Users\ASUS\.m2\repository\javax\inject\javax.inject\1\javax.inject-1.jar;C:\Users\ASUS\.m2\repository\aopalliance\aopalliance\1.0\aopalliance-1.0.jar;C:\Users\ASUS\.m2\repository\org\jsoup\jsoup\1.14.3\jsoup-1.14.3.jar;C:\Users\ASUS\.m2\repository\com\thoughtworks\xstream\xstream\1.4.20\xstream-1.4.20.jar;C:\Users\ASUS\.m2\repository\io\github\x-stream\mxparser\1.2.2\mxparser-1.2.2.jar;C:\Users\ASUS\.m2\repository\xmlpull\xmlpull\1.1.3.1\xmlpull-1.1.3.1.jar;C:\Users\ASUS\.m2\repository\com\typesafe\config\1.4.2\config-1.4.2.jar;C:\Users\ASUS\.m2\repository\org\imgscalr\imgscalr-lib\4.2\imgscalr-lib-4.2.jar;C:\Users\ASUS\.m2\repository\org\awaitility\awaitility\4.2.0\awaitility-4.2.0.jar;C:\Users\ASUS\.m2\repository\org\freemarker\freemarker\2.3.31\freemarker-2.3.31.jar;C:\Users\ASUS\.m2\repository\io\github\classgraph\classgraph\4.8.138\classgraph-4.8.138.jar;C:\Users\ASUS\.m2\repository\net\sourceforge\jexcelapi\jxl\2.6.12\jxl-2.6.12.jar;C:\Users\ASUS\.m2\repository\net\bytebuddy\byte-buddy-agent\1.14.2\byte-buddy-agent-1.14.2.jar;C:\Users\ASUS\.m2\repository\org\objenesis\objenesis\3.3\objenesis-3.3.jar;C:\Users\ASUS\.m2\repository\net\serenity-bdd\serenity-reports\3.6.21\serenity-reports-3.6.21.jar;C:\Users\ASUS\.m2\repository\net\serenity-bdd\serenity-stats\3.6.21\serenity-stats-3.6.21.jar;C:\Users\ASUS\.m2\repository\net\serenity-bdd\serenity-reports-configuration\3.6.21\serenity-reports-configuration-3.6.21.jar;C:\Users\ASUS\.m2\repository\com\vladsch\flexmark\flexmark-all\0.62.2\flexmark-all-0.62.2.jar;C:\Users\ASUS\.m2\repository\com\vladsch\flexmark\flexmark\0.62.2\flexmark-0.62.2.jar;C:\Users\ASUS\.m2\repository\com\vladsch\flexmark\flexmark-ext-abbreviation\0.62.2\flexmark-ext-abbreviation-0.62.2.jar;C:\Users\ASUS\.m2\repository\com\vladsch\flexmark\flexmark-util\0.62.2\flexmark-util-0.62.2.jar;C:\Users\ASUS\.m2\repository\com\vladsch\flexmark\flexmark-ext-admonition\0.62.2\flexmark-ext-admonition-0.62.2.jar;C:\Users\ASUS\.m2\repository\com\vladsch\flexmark\flexmark-ext-anchorlink\0.62.2\flexmark-ext-anchorlink-0.62.2.jar;C:\Users\ASUS\.m2\repository\com\vladsch\flexmark\flexmark-ext-aside\0.62.2\flexmark-ext-aside-0.62.2.jar;C:\Users\ASUS\.m2\repository\com\vladsch\flexmark\flexmark-ext-attributes\0.62.2\flexmark-ext-attributes-0.62.2.jar;C:\Users\ASUS\.m2\repository\com\vladsch\flexmark\flexmark-ext-autolink\0.62.2\flexmark-ext-autolink-0.62.2.jar;C:\Users\ASUS\.m2\repository\org\nibor\autolink\autolink\0.6.0\autolink-0.6.0.jar;C:\Users\ASUS\.m2\repository\com\vladsch\flexmark\flexmark-ext-definition\0.62.2\flexmark-ext-definition-0.62.2.jar;C:\Users\ASUS\.m2\repository\com\vladsch\flexmark\flexmark-ext-emoji\0.62.2\flexmark-ext-emoji-0.62.2.jar;C:\Users\ASUS\.m2\repository\com\vladsch\flexmark\flexmark-ext-enumerated-reference\0.62.2\flexmark-ext-enumerated-reference-0.62.2.jar;C:\Users\ASUS\.m2\repository\com\vladsch\flexmark\flexmark-ext-escaped-character\0.62.2\flexmark-ext-escaped-character-0.62.2.jar;C:\Users\ASUS\.m2\repository\com\vladsch\flexmark\flexmark-ext-footnotes\0.62.2\flexmark-ext-footnotes-0.62.2.jar;C:\Users\ASUS\.m2\repository\com\vladsch\flexmark\flexmark-ext-gfm-issues\0.62.2\flexmark-ext-gfm-issues-0.62.2.jar;C:\Users\ASUS\.m2\repository\com\vladsch\flexmark\flexmark-ext-gfm-strikethrough\0.62.2\flexmark-ext-gfm-strikethrough-0.62.2.jar;C:\Users\ASUS\.m2\repository\com\vladsch\flexmark\flexmark-ext-gfm-tasklist\0.62.2\flexmark-ext-gfm-tasklist-0.62.2.jar;C:\Users\ASUS\.m2\repository\com\vladsch\flexmark\flexmark-ext-gfm-users\0.62.2\flexmark-ext-gfm-users-0.62.2.jar;C:\Users\ASUS\.m2\repository\com\vladsch\flexmark\flexmark-ext-gitlab\0.62.2\flexmark-ext-gitlab-0.62.2.jar;C:\Users\ASUS\.m2\repository\com\vladsch\flexmark\flexmark-ext-jekyll-front-matter\0.62.2\flexmark-ext-jekyll-front-matter-0.62.2.jar;C:\Users\ASUS\.m2\repository\com\vladsch\flexmark\flexmark-ext-jekyll-tag\0.62.2\flexmark-ext-jekyll-tag-0.62.2.jar;C:\Users\ASUS\.m2\repository\com\vladsch\flexmark\flexmark-ext-media-tags\0.62.2\flexmark-ext-media-tags-0.62.2.jar;C:\Users\ASUS\.m2\repository\com\vladsch\flexmark\flexmark-ext-macros\0.62.2\flexmark-ext-macros-0.62.2.jar;C:\Users\ASUS\.m2\repository\com\vladsch\flexmark\flexmark-ext-ins\0.62.2\flexmark-ext-ins-0.62.2.jar;C:\Users\ASUS\.m2\repository\com\vladsch\flexmark\flexmark-ext-xwiki-macros\0.62.2\flexmark-ext-xwiki-macros-0.62.2.jar;C:\Users\ASUS\.m2\repository\com\vladsch\flexmark\flexmark-ext-superscript\0.62.2\flexmark-ext-superscript-0.62.2.jar;C:\Users\ASUS\.m2\repository\com\vladsch\flexmark\flexmark-ext-tables\0.62.2\flexmark-ext-tables-0.62.2.jar;C:\Users\ASUS\.m2\repository\com\vladsch\flexmark\flexmark-ext-toc\0.62.2\flexmark-ext-toc-0.62.2.jar;C:\Users\ASUS\.m2\repository\com\vladsch\flexmark\flexmark-ext-typographic\0.62.2\flexmark-ext-typographic-0.62.2.jar;C:\Users\ASUS\.m2\repository\com\vladsch\flexmark\flexmark-ext-wikilink\0.62.2\flexmark-ext-wikilink-0.62.2.jar;C:\Users\ASUS\.m2\repository\com\vladsch\flexmark\flexmark-ext-yaml-front-matter\0.62.2\flexmark-ext-yaml-front-matter-0.62.2.jar;C:\Users\ASUS\.m2\repository\com\vladsch\flexmark\flexmark-ext-youtube-embedded\0.62.2\flexmark-ext-youtube-embedded-0.62.2.jar;C:\Users\ASUS\.m2\repository\com\vladsch\flexmark\flexmark-html2md-converter\0.62.2\flexmark-html2md-converter-0.62.2.jar;C:\Users\ASUS\.m2\repository\com\vladsch\flexmark\flexmark-jira-converter\0.62.2\flexmark-jira-converter-0.62.2.jar;C:\Users\ASUS\.m2\repository\com\vladsch\flexmark\flexmark-pdf-converter\0.62.2\flexmark-pdf-converter-0.62.2.jar;C:\Users\ASUS\.m2\repository\com\openhtmltopdf\openhtmltopdf-core\1.0.0\openhtmltopdf-core-1.0.0.jar;C:\Users\ASUS\.m2\repository\com\openhtmltopdf\openhtmltopdf-pdfbox\1.0.0\openhtmltopdf-pdfbox-1.0.0.jar;C:\Users\ASUS\.m2\repository\org\apache\pdfbox\pdfbox\2.0.16\pdfbox-2.0.16.jar;C:\Users\ASUS\.m2\repository\org\apache\pdfbox\fontbox\2.0.16\fontbox-2.0.16.jar;C:\Users\ASUS\.m2\repository\org\apache\pdfbox\xmpbox\2.0.16\xmpbox-2.0.16.jar;C:\Users\ASUS\.m2\repository\de\rototor\pdfbox\graphics2d\0.24\graphics2d-0.24.jar;C:\Users\ASUS\.m2\repository\com\openhtmltopdf\openhtmltopdf-rtl-support\1.0.0\openhtmltopdf-rtl-support-1.0.0.jar;C:\Users\ASUS\.m2\repository\com\openhtmltopdf\openhtmltopdf-jsoup-dom-converter\1.0.0\openhtmltopdf-jsoup-dom-converter-1.0.0.jar;C:\Users\ASUS\.m2\repository\com\vladsch\flexmark\flexmark-profile-pegdown\0.62.2\flexmark-profile-pegdown-0.62.2.jar;C:\Users\ASUS\.m2\repository\com\vladsch\flexmark\flexmark-util-ast\0.62.2\flexmark-util-ast-0.62.2.jar;C:\Users\ASUS\.m2\repository\com\vladsch\flexmark\flexmark-util-builder\0.62.2\flexmark-util-builder-0.62.2.jar;C:\Users\ASUS\.m2\repository\com\vladsch\flexmark\flexmark-util-collection\0.62.2\flexmark-util-collection-0.62.2.jar;C:\Users\ASUS\.m2\repository\com\vladsch\flexmark\flexmark-util-data\0.62.2\flexmark-util-data-0.62.2.jar;C:\Users\ASUS\.m2\repository\com\vladsch\flexmark\flexmark-util-dependency\0.62.2\flexmark-util-dependency-0.62.2.jar;C:\Users\ASUS\.m2\repository\com\vladsch\flexmark\flexmark-util-format\0.62.2\flexmark-util-format-0.62.2.jar;C:\Users\ASUS\.m2\repository\com\vladsch\flexmark\flexmark-util-html\0.62.2\flexmark-util-html-0.62.2.jar;C:\Users\ASUS\.m2\repository\com\vladsch\flexmark\flexmark-util-misc\0.62.2\flexmark-util-misc-0.62.2.jar;C:\Users\ASUS\.m2\repository\com\vladsch\flexmark\flexmark-util-options\0.62.2\flexmark-util-options-0.62.2.jar;C:\Users\ASUS\.m2\repository\com\vladsch\flexmark\flexmark-util-sequence\0.62.2\flexmark-util-sequence-0.62.2.jar;C:\Users\ASUS\.m2\repository\com\vladsch\flexmark\flexmark-util-visitor\0.62.2\flexmark-util-visitor-0.62.2.jar;C:\Users\ASUS\.m2\repository\com\vladsch\flexmark\flexmark-youtrack-converter\0.62.2\flexmark-youtrack-converter-0.62.2.jar;C:\Users\ASUS\.m2\repository\com\ibm\icu\icu4j\72.1\icu4j-72.1.jar;C:\Users\ASUS\.m2\repository\es\nitaur\markdown\txtmark\0.16\txtmark-0.16.jar;C:\Users\ASUS\.m2\repository\net\serenity-bdd\serenity-report-resources\3.6.21\serenity-report-resources-3.6.21.jar;C:\Users\ASUS\.m2\repository\com\google\code\gson\gson\2.10.1\gson-2.10.1.jar;C:\Users\ASUS\.m2\repository\com\fasterxml\jackson\core\jackson-core\2.15.0-rc1\jackson-core-2.15.0-rc1.jar;C:\Users\ASUS\.m2\repository\com\fasterxml\jackson\core\jackson-databind\2.15.0-rc1\jackson-databind-2.15.0-rc1.jar;C:\Users\ASUS\.m2\repository\com\fasterxml\jackson\core\jackson-annotations\2.15.0-rc1\jackson-annotations-2.15.0-rc1.jar;C:\Users\ASUS\.m2\repository\commons-codec\commons-codec\1.15\commons-codec-1.15.jar;C:\Users\ASUS\.m2\repository\commons-io\commons-io\2.11.0\commons-io-2.11.0.jar;C:\Users\ASUS\.m2\repository\org\seleniumhq\selenium\selenium-java\4.8.1\selenium-java-4.8.1.jar;C:\Users\ASUS\.m2\repository\org\seleniumhq\selenium\selenium-devtools-v108\4.8.1\selenium-devtools-v108-4.8.1.jar;C:\Users\ASUS\.m2\repository\org\seleniumhq\selenium\selenium-devtools-v109\4.8.1\selenium-devtools-v109-4.8.1.jar;C:\Users\ASUS\.m2\repository\org\seleniumhq\selenium\selenium-devtools-v110\4.8.1\selenium-devtools-v110-4.8.1.jar;C:\Users\ASUS\.m2\repository\org\seleniumhq\selenium\selenium-devtools-v85\4.8.1\selenium-devtools-v85-4.8.1.jar;C:\Users\ASUS\.m2\repository\org\seleniumhq\selenium\selenium-remote-driver\4.8.1\selenium-remote-driver-4.8.1.jar;C:\Users\ASUS\.m2\repository\com\beust\jcommander\1.82\jcommander-1.82.jar;C:\Users\ASUS\.m2\repository\io\netty\netty-buffer\4.1.87.Final\netty-buffer-4.1.87.Final.jar;C:\Users\ASUS\.m2\repository\io\netty\netty-codec-http\4.1.87.Final\netty-codec-http-4.1.87.Final.jar;C:\Users\ASUS\.m2\repository\io\netty\netty-codec\4.1.87.Final\netty-codec-4.1.87.Final.jar;C:\Users\ASUS\.m2\repository\io\netty\netty-handler\4.1.87.Final\netty-handler-4.1.87.Final.jar;C:\Users\ASUS\.m2\repository\io\netty\netty-common\4.1.87.Final\netty-common-4.1.87.Final.jar;C:\Users\ASUS\.m2\repository\io\netty\netty-transport-classes-epoll\4.1.87.Final\netty-transport-classes-epoll-4.1.87.Final.jar;C:\Users\ASUS\.m2\repository\io\netty\netty-transport-classes-kqueue\4.1.87.Final\netty-transport-classes-kqueue-4.1.87.Final.jar;C:\Users\ASUS\.m2\repository\io\netty\netty-transport-native-epoll\4.1.87.Final\netty-transport-native-epoll-4.1.87.Final.jar;C:\Users\ASUS\.m2\repository\io\netty\netty-transport-native-kqueue\4.1.87.Final\netty-transport-native-kqueue-4.1.87.Final.jar;C:\Users\ASUS\.m2\repository\io\netty\netty-transport-native-unix-common\4.1.87.Final\netty-transport-native-unix-common-4.1.87.Final.jar;C:\Users\ASUS\.m2\repository\io\netty\netty-transport\4.1.87.Final\netty-transport-4.1.87.Final.jar;C:\Users\ASUS\.m2\repository\io\netty\netty-resolver\4.1.87.Final\netty-resolver-4.1.87.Final.jar;C:\Users\ASUS\.m2\repository\io\opentelemetry\opentelemetry-api\1.22.0\opentelemetry-api-1.22.0.jar;C:\Users\ASUS\.m2\repository\io\opentelemetry\opentelemetry-context\1.22.0\opentelemetry-context-1.22.0.jar;C:\Users\ASUS\.m2\repository\io\opentelemetry\opentelemetry-exporter-logging\1.22.0\opentelemetry-exporter-logging-1.22.0.jar;C:\Users\ASUS\.m2\repository\io\opentelemetry\opentelemetry-sdk-metrics\1.22.0\opentelemetry-sdk-metrics-1.22.0.jar;C:\Users\ASUS\.m2\repository\io\opentelemetry\opentelemetry-sdk-logs\1.22.0-alpha\opentelemetry-sdk-logs-1.22.0-alpha.jar;C:\Users\ASUS\.m2\repository\io\opentelemetry\opentelemetry-api-logs\1.22.0-alpha\opentelemetry-api-logs-1.22.0-alpha.jar;C:\Users\ASUS\.m2\repository\io\opentelemetry\opentelemetry-sdk-common\1.22.0\opentelemetry-sdk-common-1.22.0.jar;C:\Users\ASUS\.m2\repository\io\opentelemetry\opentelemetry-sdk-extension-autoconfigure-spi\1.22.0\opentelemetry-sdk-extension-autoconfigure-spi-1.22.0.jar;C:\Users\ASUS\.m2\repository\io\opentelemetry\opentelemetry-sdk-extension-autoconfigure\1.22.0-alpha\opentelemetry-sdk-extension-autoconfigure-1.22.0-alpha.jar;C:\Users\ASUS\.m2\repository\io\opentelemetry\opentelemetry-sdk-trace\1.22.0\opentelemetry-sdk-trace-1.22.0.jar;C:\Users\ASUS\.m2\repository\io\opentelemetry\opentelemetry-sdk\1.22.0\opentelemetry-sdk-1.22.0.jar;C:\Users\ASUS\.m2\repository\io\opentelemetry\opentelemetry-semconv\1.22.0-alpha\opentelemetry-semconv-1.22.0-alpha.jar;C:\Users\ASUS\.m2\repository\io\ous\jtoml\2.0.0\jtoml-2.0.0.jar;C:\Users\ASUS\.m2\repository\org\apache\commons\commons-exec\1.3\commons-exec-1.3.jar;C:\Users\ASUS\.m2\repository\org\asynchttpclient\async-http-client\2.12.3\async-http-client-2.12.3.jar;C:\Users\ASUS\.m2\repository\org\asynchttpclient\async-http-client-netty-utils\2.12.3\async-http-client-netty-utils-2.12.3.jar;C:\Users\ASUS\.m2\repository\io\netty\netty-codec-socks\4.1.60.Final\netty-codec-socks-4.1.60.Final.jar;C:\Users\ASUS\.m2\repository\io\netty\netty-handler-proxy\4.1.60.Final\netty-handler-proxy-4.1.60.Final.jar;C:\Users\ASUS\.m2\repository\io\netty\netty-transport-native-epoll\4.1.60.Final\netty-transport-native-epoll-4.1.60.Final-linux-x86_64.jar;C:\Users\ASUS\.m2\repository\io\netty\netty-transport-native-kqueue\4.1.60.Final\netty-transport-native-kqueue-4.1.60.Final-osx-x86_64.jar;C:\Users\ASUS\.m2\repository\org\reactivestreams\reactive-streams\1.0.3\reactive-streams-1.0.3.jar;C:\Users\ASUS\.m2\repository\com\typesafe\netty\netty-reactive-streams\2.0.4\netty-reactive-streams-2.0.4.jar;C:\Users\ASUS\.m2\repository\org\seleniumhq\selenium\selenium-manager\4.8.1\selenium-manager-4.8.1.jar;C:\Users\ASUS\.m2\repository\org\seleniumhq\selenium\selenium-safari-driver\4.8.1\selenium-safari-driver-4.8.1.jar;C:\Users\ASUS\.m2\repository\org\seleniumhq\selenium\selenium-api\4.8.1\selenium-api-4.8.1.jar;C:\Users\ASUS\.m2\repository\org\seleniumhq\selenium\selenium-support\4.8.1\selenium-support-4.8.1.jar;C:\Users\ASUS\.m2\repository\com\google\auto\service\auto-service-annotations\1.0.1\auto-service-annotations-1.0.1.jar;C:\Users\ASUS\.m2\repository\com\google\auto\service\auto-service\1.0.1\auto-service-1.0.1.jar;C:\Users\ASUS\.m2\repository\com\google\auto\auto-common\1.2\auto-common-1.2.jar;C:\Users\ASUS\.m2\repository\org\seleniumhq\selenium\selenium-json\4.8.1\selenium-json-4.8.1.jar;C:\Users\ASUS\.m2\repository\org\seleniumhq\selenium\selenium-chrome-driver\4.8.1\selenium-chrome-driver-4.8.1.jar;C:\Users\ASUS\.m2\repository\org\seleniumhq\selenium\selenium-chromium-driver\4.8.1\selenium-chromium-driver-4.8.1.jar;C:\Users\ASUS\.m2\repository\org\seleniumhq\selenium\selenium-firefox-driver\4.8.1\selenium-firefox-driver-4.8.1.jar;C:\Users\ASUS\.m2\repository\org\seleniumhq\selenium\selenium-http\4.8.1\selenium-http-4.8.1.jar;C:\Users\ASUS\.m2\repository\dev\failsafe\failsafe\3.3.0\failsafe-3.3.0.jar;C:\Users\ASUS\.m2\repository\org\seleniumhq\selenium\selenium-edge-driver\4.8.1\selenium-edge-driver-4.8.1.jar;C:\Users\ASUS\.m2\repository\org\seleniumhq\selenium\selenium-ie-driver\4.8.1\selenium-ie-driver-4.8.1.jar;C:\Users\ASUS\.m2\repository\org\projectlombok\lombok\1.18.20\lombok-1.18.20.jar;C:\Users\ASUS\.m2\repository\io\appium\java-client\8.3.0\java-client-8.3.0.jar;C:\Users\ASUS\.m2\repository\commons-validator\commons-validator\1.7\commons-validator-1.7.jar;C:\Users\ASUS\.m2\repository\commons-digester\commons-digester\2.1\commons-digester-2.1.jar;C:\Users\ASUS\.m2\repository\net\sf\opencsv\opencsv\2.0\opencsv-2.0.jar;C:\Users\ASUS\.m2\repository\commons-beanutils\commons-beanutils\1.9.4\commons-beanutils-1.9.4.jar;C:\Users\ASUS\.m2\repository\org\apache\commons\commons-lang3\3.12.0\commons-lang3-3.12.0.jar;C:\Users\ASUS\.m2\repository\commons-collections\commons-collections\3.2.2\commons-collections-3.2.2.jar;C:\Users\ASUS\.m2\repository\org\fluentlenium\fluentlenium-core\0.10.2\fluentlenium-core-0.10.2.jar;C:\Users\ASUS\.m2\repository\io\github\bonigarcia\webdrivermanager\5.3.0\webdrivermanager-5.3.0.jar;C:\Users\ASUS\.m2\repository\com\github\docker-java\docker-java\3.2.13\docker-java-3.2.13.jar;C:\Users\ASUS\.m2\repository\com\github\docker-java\docker-java-core\3.2.13\docker-java-core-3.2.13.jar;C:\Users\ASUS\.m2\repository\com\github\docker-java\docker-java-api\3.2.13\docker-java-api-3.2.13.jar;C:\Users\ASUS\.m2\repository\org\apache\commons\commons-compress\1.21\commons-compress-1.21.jar;C:\Users\ASUS\.m2\repository\org\bouncycastle\bcpkix-jdk15on\1.64\bcpkix-jdk15on-1.64.jar;C:\Users\ASUS\.m2\repository\org\bouncycastle\bcprov-jdk15on\1.64\bcprov-jdk15on-1.64.jar;C:\Users\ASUS\.m2\repository\org\slf4j\jcl-over-slf4j\1.7.30\jcl-over-slf4j-1.7.30.jar;C:\Users\ASUS\.m2\repository\com\github\docker-java\docker-java-transport-httpclient5\3.2.13\docker-java-transport-httpclient5-3.2.13.jar;C:\Users\ASUS\.m2\repository\com\github\docker-java\docker-java-transport\3.2.13\docker-java-transport-3.2.13.jar;C:\Users\ASUS\.m2\repository\net\java\dev\jna\jna\5.8.0\jna-5.8.0.jar;C:\Users\ASUS\.m2\repository\org\brotli\dec\0.1.2\dec-0.1.2.jar;C:\Users\ASUS\.m2\repository\org\apache\httpcomponents\client5\httpclient5\5.1.3\httpclient5-5.1.3.jar;C:\Users\ASUS\.m2\repository\org\apache\httpcomponents\core5\httpcore5\5.1.3\httpcore5-5.1.3.jar;C:\Users\ASUS\.m2\repository\org\apache\httpcomponents\core5\httpcore5-h2\5.1.3\httpcore5-h2-5.1.3.jar;C:\Users\ASUS\.m2\repository\com\jhlabs\filters\2.0.235\filters-2.0.235.jar;C:\Users\ASUS\.m2\repository\com\paulhammant\ngwebdriver\1.1.6\ngwebdriver-1.1.6.jar;C:\Users\ASUS\.m2\repository\joda-time\joda-time\2.12.2\joda-time-2.12.2.jar;C:\Users\ASUS\.m2\repository\org\hamcrest\hamcrest\2.2\hamcrest-2.2.jar;C:\Users\ASUS\.m2\repository\com\google\jimfs\jimfs\1.2\jimfs-1.2.jar;C:\Users\ASUS\.m2\repository\org\mockito\mockito-core\3.3.3\mockito-core-3.3.3.jar;C:\Users\ASUS\.m2\repository\javax\xml\bind\jaxb-api\2.3.1\jaxb-api-2.3.1.jar;C:\Users\ASUS\.m2\repository\javax\activation\javax.activation-api\1.2.0\javax.activation-api-1.2.0.jar;C:\Users\ASUS\.m2\repository\com\sun\xml\bind\jaxb-core\2.3.0.1\jaxb-core-2.3.0.1.jar;C:\Users\ASUS\.m2\repository\com\sun\xml\bind\jaxb-impl\2.3.3\jaxb-impl-2.3.3.jar;C:\Users\ASUS\.m2\repository\jakarta\xml\bind\jakarta.xml.bind-api\2.3.3\jakarta.xml.bind-api-2.3.3.jar;C:\Users\ASUS\.m2\repository\com\sun\activation\jakarta.activation\1.2.2\jakarta.activation-1.2.2.jar;C:\Users\ASUS\.m2\repository\javax\activation\activation\1.1.1\activation-1.1.1.jar;C:\Users\ASUS\.m2\repository\net\serenity-bdd\serenity-cucumber\3.6.21\serenity-cucumber-3.6.21.jar;C:\Users\ASUS\.m2\repository\io\cucumber\cucumber-core\7.11.0\cucumber-core-7.11.0.jar;C:\Users\ASUS\.m2\repository\io\cucumber\cucumber-gherkin\7.11.0\cucumber-gherkin-7.11.0.jar;C:\Users\ASUS\.m2\repository\io\cucumber\cucumber-gherkin-messages\7.11.0\cucumber-gherkin-messages-7.11.0.jar;C:\Users\ASUS\.m2\repository\io\cucumber\gherkin\26.0.3\gherkin-26.0.3.jar;C:\Users\ASUS\.m2\repository\io\cucumber\messages\21.0.1\messages-21.0.1.jar;C:\Users\ASUS\.m2\repository\io\cucumber\tag-expressions\5.0.1\tag-expressions-5.0.1.jar;C:\Users\ASUS\.m2\repository\io\cucumber\cucumber-expressions\16.1.1\cucumber-expressions-16.1.1.jar;C:\Users\ASUS\.m2\repository\io\cucumber\datatable\7.11.0\datatable-7.11.0.jar;C:\Users\ASUS\.m2\repository\io\cucumber\cucumber-plugin\7.11.0\cucumber-plugin-7.11.0.jar;C:\Users\ASUS\.m2\repository\io\cucumber\docstring\7.11.0\docstring-7.11.0.jar;C:\Users\ASUS\.m2\repository\io\cucumber\html-formatter\20.2.1\html-formatter-20.2.1.jar;C:\Users\ASUS\.m2\repository\io\cucumber\junit-xml-formatter\0.1.0\junit-xml-formatter-0.1.0.jar;C:\Users\ASUS\.m2\repository\io\cucumber\ci-environment\9.1.0\ci-environment-9.1.0.jar;C:\Users\ASUS\.m2\repository\io\cucumber\cucumber-java\7.11.0\cucumber-java-7.11.0.jar;C:\Users\ASUS\.m2\repository\io\cucumber\cucumber-junit\7.11.0\cucumber-junit-7.11.0.jar;C:\Users\ASUS\.m2\repository\org\apache\commons\commons-csv\1.5\commons-csv-1.5.jar;C:\Users\ASUS\.m2\repository\net\serenity-bdd\serenity-screenplay\3.6.21\serenity-screenplay-3.6.21.jar;C:\Users\ASUS\.m2\repository\net\serenity-bdd\serenity-screenplay-webdriver\3.6.21\serenity-screenplay-webdriver-3.6.21.jar;C:\Users\ASUS\.m2\repository\net\serenity-bdd\serenity-ensure\3.6.21\serenity-ensure-3.6.21.jar;C:\Users\ASUS\.m2\repository\net\serenity-bdd\serenity-junit\3.6.21\serenity-junit-3.6.21.jar;C:\Users\ASUS\.m2\repository\org\jetbrains\kotlin\kotlin-stdlib\1.8.10\kotlin-stdlib-1.8.10.jar;C:\Users\ASUS\.m2\repository\org\jetbrains\kotlin\kotlin-stdlib-common\1.8.10\kotlin-stdlib-common-1.8.10.jar;C:\Users\ASUS\.m2\repository\org\jetbrains\annotations\13.0\annotations-13.0.jar;C:\Users\ASUS\.m2\repository\org\junit\platform\junit-platform-launcher\1.8.2\junit-platform-launcher-1.8.2.jar;C:\Users\ASUS\.m2\repository\org\junit\platform\junit-platform-engine\1.8.2\junit-platform-engine-1.8.2.jar;C:\Users\ASUS\.m2\repository\org\junit\platform\junit-platform-commons\1.8.2\junit-platform-commons-1.8.2.jar;C:\Users\ASUS\.m2\repository\org\apiguardian\apiguardian-api\1.1.2\apiguardian-api-1.1.2.jar;C:\Users\ASUS\.m2\repository\org\junit\jupiter\junit-jupiter-engine\5.8.2\junit-jupiter-engine-5.8.2.jar;C:\Users\ASUS\.m2\repository\org\junit\jupiter\junit-jupiter-api\5.8.2\junit-jupiter-api-5.8.2.jar;C:\Users\ASUS\.m2\repository\org\junit\vintage\junit-vintage-engine\5.8.2\junit-vintage-engine-5.8.2.jar;C:\Users\ASUS\.m2\repository\junit\junit\4.13.2\junit-4.13.2.jar;C:\Users\ASUS\.m2\repository\org\hamcrest\hamcrest-core\1.3\hamcrest-core-1.3.jar;C:\Users\ASUS\.m2\repository\ch\qos\logback\logback-classic\1.2.10\logback-classic-1.2.10.jar;C:\Users\ASUS\.m2\repository\ch\qos\logback\logback-core\1.2.10\logback-core-1.2.10.jar;C:\Users\ASUS\.m2\repository\org\slf4j\slf4j-api\1.7.32\slf4j-api-1.7.32.jar;C:\Users\ASUS\.m2\repository\org\assertj\assertj-core\3.23.1\assertj-core-3.23.1.jar;C:\Users\ASUS\.m2\repository\net\bytebuddy\byte-buddy\1.12.10\byte-buddy-1.12.10.jar;C:\Users\ASUS\.m2\repository\com\googlecode\json-simple\json-simple\1.1.1\json-simple-1.1.1.jar;"/>
    <property name="java.vm.vendor" value="Oracle Corporation"/>
    <property name="sun.arch.data.model" value="64"/>
    <property name="user.variant" value=""/>
    <property name="java.vendor.url" value="http://java.oracle.com/"/>
    <property name="user.timezone" value="Asia/Bangkok"/>
    <property name="java.vm.specification.version" value="1.8"/>
    <property name="os.name" value="Windows 10"/>
    <property name="user.country" value="US"/>
    <property name="sun.java.launcher" value="SUN_STANDARD"/>
    <property name="sun.boot.library.path" value="C:\Program Files\Java\jdk1.8.0_261\jre\bin"/>
    <property name="sun.java.command" value="C:\Users\ASUS\AppData\Local\Temp\surefire8418189349300377763\surefirebooter-20230623001916068_3.jar C:\Users\ASUS\AppData\Local\Temp\surefire8418189349300377763 2023-06-23T00-19-15_431-jvmRun1 surefire-20230623001916068_1tmp surefire_0-20230623001916068_2tmp"/>
    <property name="surefire.test.class.path" value="C:\Users\ASUS\Pictures\Coding\sociops_qe_web\target\test-classes;C:\Users\ASUS\Pictures\Coding\sociops_qe_web\target\alta-1.0-SNAPSHOT.jar;C:\Users\ASUS\.m2\repository\net\serenity-bdd\serenity-rest-assured\3.6.22\serenity-rest-assured-3.6.22.jar;C:\Users\ASUS\.m2\repository\org\apache\httpcomponents\httpclient\4.5.13\httpclient-4.5.13.jar;C:\Users\ASUS\.m2\repository\org\apache\httpcomponents\httpcore\4.4.13\httpcore-4.4.13.jar;C:\Users\ASUS\.m2\repository\commons-logging\commons-logging\1.2\commons-logging-1.2.jar;C:\Users\ASUS\.m2\repository\io\rest-assured\rest-assured\5.3.0\rest-assured-5.3.0.jar;C:\Users\ASUS\.m2\repository\org\apache\httpcomponents\httpmime\4.5.13\httpmime-4.5.13.jar;C:\Users\ASUS\.m2\repository\org\ccil\cowan\tagsoup\tagsoup\1.2.1\tagsoup-1.2.1.jar;C:\Users\ASUS\.m2\repository\io\rest-assured\json-path\5.3.0\json-path-5.3.0.jar;C:\Users\ASUS\.m2\repository\io\rest-assured\rest-assured-common\5.3.0\rest-assured-common-5.3.0.jar;C:\Users\ASUS\.m2\repository\io\rest-assured\xml-path\5.3.0\xml-path-5.3.0.jar;C:\Users\ASUS\.m2\repository\org\apache\groovy\groovy-json\4.0.10\groovy-json-4.0.10.jar;C:\Users\ASUS\.m2\repository\org\apache\groovy\groovy-xml\4.0.10\groovy-xml-4.0.10.jar;C:\Users\ASUS\.m2\repository\org\apache\groovy\groovy\4.0.10\groovy-4.0.10.jar;C:\Users\ASUS\.m2\repository\org\opentest4j\opentest4j\1.2.0\opentest4j-1.2.0.jar;C:\Users\ASUS\.m2\repository\net\serenity-bdd\serenity-core\3.6.21\serenity-core-3.6.21.jar;C:\Users\ASUS\.m2\repository\net\serenity-bdd\serenity-model\3.6.21\serenity-model-3.6.21.jar;C:\Users\ASUS\.m2\repository\org\apache\commons\commons-text\1.10.0\commons-text-1.10.0.jar;C:\Users\ASUS\.m2\repository\commons-net\commons-net\3.9.0\commons-net-3.9.0.jar;C:\Users\ASUS\.m2\repository\com\google\guava\guava\31.1-jre\guava-31.1-jre.jar;C:\Users\ASUS\.m2\repository\com\google\guava\failureaccess\1.0.1\failureaccess-1.0.1.jar;C:\Users\ASUS\.m2\repository\com\google\guava\listenablefuture\9999.0-empty-to-avoid-conflict-with-guava\listenablefuture-9999.0-empty-to-avoid-conflict-with-guava.jar;C:\Users\ASUS\.m2\repository\com\google\code\findbugs\jsr305\3.0.2\jsr305-3.0.2.jar;C:\Users\ASUS\.m2\repository\org\checkerframework\checker-qual\3.12.0\checker-qual-3.12.0.jar;C:\Users\ASUS\.m2\repository\com\google\errorprone\error_prone_annotations\2.11.0\error_prone_annotations-2.11.0.jar;C:\Users\ASUS\.m2\repository\com\google\j2objc\j2objc-annotations\1.3\j2objc-annotations-1.3.jar;C:\Users\ASUS\.m2\repository\com\google\inject\guice\5.1.0\guice-5.1.0.jar;C:\Users\ASUS\.m2\repository\javax\inject\javax.inject\1\javax.inject-1.jar;C:\Users\ASUS\.m2\repository\aopalliance\aopalliance\1.0\aopalliance-1.0.jar;C:\Users\ASUS\.m2\repository\org\jsoup\jsoup\1.14.3\jsoup-1.14.3.jar;C:\Users\ASUS\.m2\repository\com\thoughtworks\xstream\xstream\1.4.20\xstream-1.4.20.jar;C:\Users\ASUS\.m2\repository\io\github\x-stream\mxparser\1.2.2\mxparser-1.2.2.jar;C:\Users\ASUS\.m2\repository\xmlpull\xmlpull\1.1.3.1\xmlpull-1.1.3.1.jar;C:\Users\ASUS\.m2\repository\com\typesafe\config\1.4.2\config-1.4.2.jar;C:\Users\ASUS\.m2\repository\org\imgscalr\imgscalr-lib\4.2\imgscalr-lib-4.2.jar;C:\Users\ASUS\.m2\repository\org\awaitility\awaitility\4.2.0\awaitility-4.2.0.jar;C:\Users\ASUS\.m2\repository\org\freemarker\freemarker\2.3.31\freemarker-2.3.31.jar;C:\Users\ASUS\.m2\repository\io\github\classgraph\classgraph\4.8.138\classgraph-4.8.138.jar;C:\Users\ASUS\.m2\repository\net\sourceforge\jexcelapi\jxl\2.6.12\jxl-2.6.12.jar;C:\Users\ASUS\.m2\repository\net\bytebuddy\byte-buddy-agent\1.14.2\byte-buddy-agent-1.14.2.jar;C:\Users\ASUS\.m2\repository\org\objenesis\objenesis\3.3\objenesis-3.3.jar;C:\Users\ASUS\.m2\repository\net\serenity-bdd\serenity-reports\3.6.21\serenity-reports-3.6.21.jar;C:\Users\ASUS\.m2\repository\net\serenity-bdd\serenity-stats\3.6.21\serenity-stats-3.6.21.jar;C:\Users\ASUS\.m2\repository\net\serenity-bdd\serenity-reports-configuration\3.6.21\serenity-reports-configuration-3.6.21.jar;C:\Users\ASUS\.m2\repository\com\vladsch\flexmark\flexmark-all\0.62.2\flexmark-all-0.62.2.jar;C:\Users\ASUS\.m2\repository\com\vladsch\flexmark\flexmark\0.62.2\flexmark-0.62.2.jar;C:\Users\ASUS\.m2\repository\com\vladsch\flexmark\flexmark-ext-abbreviation\0.62.2\flexmark-ext-abbreviation-0.62.2.jar;C:\Users\ASUS\.m2\repository\com\vladsch\flexmark\flexmark-util\0.62.2\flexmark-util-0.62.2.jar;C:\Users\ASUS\.m2\repository\com\vladsch\flexmark\flexmark-ext-admonition\0.62.2\flexmark-ext-admonition-0.62.2.jar;C:\Users\ASUS\.m2\repository\com\vladsch\flexmark\flexmark-ext-anchorlink\0.62.2\flexmark-ext-anchorlink-0.62.2.jar;C:\Users\ASUS\.m2\repository\com\vladsch\flexmark\flexmark-ext-aside\0.62.2\flexmark-ext-aside-0.62.2.jar;C:\Users\ASUS\.m2\repository\com\vladsch\flexmark\flexmark-ext-attributes\0.62.2\flexmark-ext-attributes-0.62.2.jar;C:\Users\ASUS\.m2\repository\com\vladsch\flexmark\flexmark-ext-autolink\0.62.2\flexmark-ext-autolink-0.62.2.jar;C:\Users\ASUS\.m2\repository\org\nibor\autolink\autolink\0.6.0\autolink-0.6.0.jar;C:\Users\ASUS\.m2\repository\com\vladsch\flexmark\flexmark-ext-definition\0.62.2\flexmark-ext-definition-0.62.2.jar;C:\Users\ASUS\.m2\repository\com\vladsch\flexmark\flexmark-ext-emoji\0.62.2\flexmark-ext-emoji-0.62.2.jar;C:\Users\ASUS\.m2\repository\com\vladsch\flexmark\flexmark-ext-enumerated-reference\0.62.2\flexmark-ext-enumerated-reference-0.62.2.jar;C:\Users\ASUS\.m2\repository\com\vladsch\flexmark\flexmark-ext-escaped-character\0.62.2\flexmark-ext-escaped-character-0.62.2.jar;C:\Users\ASUS\.m2\repository\com\vladsch\flexmark\flexmark-ext-footnotes\0.62.2\flexmark-ext-footnotes-0.62.2.jar;C:\Users\ASUS\.m2\repository\com\vladsch\flexmark\flexmark-ext-gfm-issues\0.62.2\flexmark-ext-gfm-issues-0.62.2.jar;C:\Users\ASUS\.m2\repository\com\vladsch\flexmark\flexmark-ext-gfm-strikethrough\0.62.2\flexmark-ext-gfm-strikethrough-0.62.2.jar;C:\Users\ASUS\.m2\repository\com\vladsch\flexmark\flexmark-ext-gfm-tasklist\0.62.2\flexmark-ext-gfm-tasklist-0.62.2.jar;C:\Users\ASUS\.m2\repository\com\vladsch\flexmark\flexmark-ext-gfm-users\0.62.2\flexmark-ext-gfm-users-0.62.2.jar;C:\Users\ASUS\.m2\repository\com\vladsch\flexmark\flexmark-ext-gitlab\0.62.2\flexmark-ext-gitlab-0.62.2.jar;C:\Users\ASUS\.m2\repository\com\vladsch\flexmark\flexmark-ext-jekyll-front-matter\0.62.2\flexmark-ext-jekyll-front-matter-0.62.2.jar;C:\Users\ASUS\.m2\repository\com\vladsch\flexmark\flexmark-ext-jekyll-tag\0.62.2\flexmark-ext-jekyll-tag-0.62.2.jar;C:\Users\ASUS\.m2\repository\com\vladsch\flexmark\flexmark-ext-media-tags\0.62.2\flexmark-ext-media-tags-0.62.2.jar;C:\Users\ASUS\.m2\repository\com\vladsch\flexmark\flexmark-ext-macros\0.62.2\flexmark-ext-macros-0.62.2.jar;C:\Users\ASUS\.m2\repository\com\vladsch\flexmark\flexmark-ext-ins\0.62.2\flexmark-ext-ins-0.62.2.jar;C:\Users\ASUS\.m2\repository\com\vladsch\flexmark\flexmark-ext-xwiki-macros\0.62.2\flexmark-ext-xwiki-macros-0.62.2.jar;C:\Users\ASUS\.m2\repository\com\vladsch\flexmark\flexmark-ext-superscript\0.62.2\flexmark-ext-superscript-0.62.2.jar;C:\Users\ASUS\.m2\repository\com\vladsch\flexmark\flexmark-ext-tables\0.62.2\flexmark-ext-tables-0.62.2.jar;C:\Users\ASUS\.m2\repository\com\vladsch\flexmark\flexmark-ext-toc\0.62.2\flexmark-ext-toc-0.62.2.jar;C:\Users\ASUS\.m2\repository\com\vladsch\flexmark\flexmark-ext-typographic\0.62.2\flexmark-ext-typographic-0.62.2.jar;C:\Users\ASUS\.m2\repository\com\vladsch\flexmark\flexmark-ext-wikilink\0.62.2\flexmark-ext-wikilink-0.62.2.jar;C:\Users\ASUS\.m2\repository\com\vladsch\flexmark\flexmark-ext-yaml-front-matter\0.62.2\flexmark-ext-yaml-front-matter-0.62.2.jar;C:\Users\ASUS\.m2\repository\com\vladsch\flexmark\flexmark-ext-youtube-embedded\0.62.2\flexmark-ext-youtube-embedded-0.62.2.jar;C:\Users\ASUS\.m2\repository\com\vladsch\flexmark\flexmark-html2md-converter\0.62.2\flexmark-html2md-converter-0.62.2.jar;C:\Users\ASUS\.m2\repository\com\vladsch\flexmark\flexmark-jira-converter\0.62.2\flexmark-jira-converter-0.62.2.jar;C:\Users\ASUS\.m2\repository\com\vladsch\flexmark\flexmark-pdf-converter\0.62.2\flexmark-pdf-converter-0.62.2.jar;C:\Users\ASUS\.m2\repository\com\openhtmltopdf\openhtmltopdf-core\1.0.0\openhtmltopdf-core-1.0.0.jar;C:\Users\ASUS\.m2\repository\com\openhtmltopdf\openhtmltopdf-pdfbox\1.0.0\openhtmltopdf-pdfbox-1.0.0.jar;C:\Users\ASUS\.m2\repository\org\apache\pdfbox\pdfbox\2.0.16\pdfbox-2.0.16.jar;C:\Users\ASUS\.m2\repository\org\apache\pdfbox\fontbox\2.0.16\fontbox-2.0.16.jar;C:\Users\ASUS\.m2\repository\org\apache\pdfbox\xmpbox\2.0.16\xmpbox-2.0.16.jar;C:\Users\ASUS\.m2\repository\de\rototor\pdfbox\graphics2d\0.24\graphics2d-0.24.jar;C:\Users\ASUS\.m2\repository\com\openhtmltopdf\openhtmltopdf-rtl-support\1.0.0\openhtmltopdf-rtl-support-1.0.0.jar;C:\Users\ASUS\.m2\repository\com\openhtmltopdf\openhtmltopdf-jsoup-dom-converter\1.0.0\openhtmltopdf-jsoup-dom-converter-1.0.0.jar;C:\Users\ASUS\.m2\repository\com\vladsch\flexmark\flexmark-profile-pegdown\0.62.2\flexmark-profile-pegdown-0.62.2.jar;C:\Users\ASUS\.m2\repository\com\vladsch\flexmark\flexmark-util-ast\0.62.2\flexmark-util-ast-0.62.2.jar;C:\Users\ASUS\.m2\repository\com\vladsch\flexmark\flexmark-util-builder\0.62.2\flexmark-util-builder-0.62.2.jar;C:\Users\ASUS\.m2\repository\com\vladsch\flexmark\flexmark-util-collection\0.62.2\flexmark-util-collection-0.62.2.jar;C:\Users\ASUS\.m2\repository\com\vladsch\flexmark\flexmark-util-data\0.62.2\flexmark-util-data-0.62.2.jar;C:\Users\ASUS\.m2\repository\com\vladsch\flexmark\flexmark-util-dependency\0.62.2\flexmark-util-dependency-0.62.2.jar;C:\Users\ASUS\.m2\repository\com\vladsch\flexmark\flexmark-util-format\0.62.2\flexmark-util-format-0.62.2.jar;C:\Users\ASUS\.m2\repository\com\vladsch\flexmark\flexmark-util-html\0.62.2\flexmark-util-html-0.62.2.jar;C:\Users\ASUS\.m2\repository\com\vladsch\flexmark\flexmark-util-misc\0.62.2\flexmark-util-misc-0.62.2.jar;C:\Users\ASUS\.m2\repository\com\vladsch\flexmark\flexmark-util-options\0.62.2\flexmark-util-options-0.62.2.jar;C:\Users\ASUS\.m2\repository\com\vladsch\flexmark\flexmark-util-sequence\0.62.2\flexmark-util-sequence-0.62.2.jar;C:\Users\ASUS\.m2\repository\com\vladsch\flexmark\flexmark-util-visitor\0.62.2\flexmark-util-visitor-0.62.2.jar;C:\Users\ASUS\.m2\repository\com\vladsch\flexmark\flexmark-youtrack-converter\0.62.2\flexmark-youtrack-converter-0.62.2.jar;C:\Users\ASUS\.m2\repository\com\ibm\icu\icu4j\72.1\icu4j-72.1.jar;C:\Users\ASUS\.m2\repository\es\nitaur\markdown\txtmark\0.16\txtmark-0.16.jar;C:\Users\ASUS\.m2\repository\net\serenity-bdd\serenity-report-resources\3.6.21\serenity-report-resources-3.6.21.jar;C:\Users\ASUS\.m2\repository\com\google\code\gson\gson\2.10.1\gson-2.10.1.jar;C:\Users\ASUS\.m2\repository\com\fasterxml\jackson\core\jackson-core\2.15.0-rc1\jackson-core-2.15.0-rc1.jar;C:\Users\ASUS\.m2\repository\com\fasterxml\jackson\core\jackson-databind\2.15.0-rc1\jackson-databind-2.15.0-rc1.jar;C:\Users\ASUS\.m2\repository\com\fasterxml\jackson\core\jackson-annotations\2.15.0-rc1\jackson-annotations-2.15.0-rc1.jar;C:\Users\ASUS\.m2\repository\commons-codec\commons-codec\1.15\commons-codec-1.15.jar;C:\Users\ASUS\.m2\repository\commons-io\commons-io\2.11.0\commons-io-2.11.0.jar;C:\Users\ASUS\.m2\repository\org\seleniumhq\selenium\selenium-java\4.8.1\selenium-java-4.8.1.jar;C:\Users\ASUS\.m2\repository\org\seleniumhq\selenium\selenium-devtools-v108\4.8.1\selenium-devtools-v108-4.8.1.jar;C:\Users\ASUS\.m2\repository\org\seleniumhq\selenium\selenium-devtools-v109\4.8.1\selenium-devtools-v109-4.8.1.jar;C:\Users\ASUS\.m2\repository\org\seleniumhq\selenium\selenium-devtools-v110\4.8.1\selenium-devtools-v110-4.8.1.jar;C:\Users\ASUS\.m2\repository\org\seleniumhq\selenium\selenium-devtools-v85\4.8.1\selenium-devtools-v85-4.8.1.jar;C:\Users\ASUS\.m2\repository\org\seleniumhq\selenium\selenium-remote-driver\4.8.1\selenium-remote-driver-4.8.1.jar;C:\Users\ASUS\.m2\repository\com\beust\jcommander\1.82\jcommander-1.82.jar;C:\Users\ASUS\.m2\repository\io\netty\netty-buffer\4.1.87.Final\netty-buffer-4.1.87.Final.jar;C:\Users\ASUS\.m2\repository\io\netty\netty-codec-http\4.1.87.Final\netty-codec-http-4.1.87.Final.jar;C:\Users\ASUS\.m2\repository\io\netty\netty-codec\4.1.87.Final\netty-codec-4.1.87.Final.jar;C:\Users\ASUS\.m2\repository\io\netty\netty-handler\4.1.87.Final\netty-handler-4.1.87.Final.jar;C:\Users\ASUS\.m2\repository\io\netty\netty-common\4.1.87.Final\netty-common-4.1.87.Final.jar;C:\Users\ASUS\.m2\repository\io\netty\netty-transport-classes-epoll\4.1.87.Final\netty-transport-classes-epoll-4.1.87.Final.jar;C:\Users\ASUS\.m2\repository\io\netty\netty-transport-classes-kqueue\4.1.87.Final\netty-transport-classes-kqueue-4.1.87.Final.jar;C:\Users\ASUS\.m2\repository\io\netty\netty-transport-native-epoll\4.1.87.Final\netty-transport-native-epoll-4.1.87.Final.jar;C:\Users\ASUS\.m2\repository\io\netty\netty-transport-native-kqueue\4.1.87.Final\netty-transport-native-kqueue-4.1.87.Final.jar;C:\Users\ASUS\.m2\repository\io\netty\netty-transport-native-unix-common\4.1.87.Final\netty-transport-native-unix-common-4.1.87.Final.jar;C:\Users\ASUS\.m2\repository\io\netty\netty-transport\4.1.87.Final\netty-transport-4.1.87.Final.jar;C:\Users\ASUS\.m2\repository\io\netty\netty-resolver\4.1.87.Final\netty-resolver-4.1.87.Final.jar;C:\Users\ASUS\.m2\repository\io\opentelemetry\opentelemetry-api\1.22.0\opentelemetry-api-1.22.0.jar;C:\Users\ASUS\.m2\repository\io\opentelemetry\opentelemetry-context\1.22.0\opentelemetry-context-1.22.0.jar;C:\Users\ASUS\.m2\repository\io\opentelemetry\opentelemetry-exporter-logging\1.22.0\opentelemetry-exporter-logging-1.22.0.jar;C:\Users\ASUS\.m2\repository\io\opentelemetry\opentelemetry-sdk-metrics\1.22.0\opentelemetry-sdk-metrics-1.22.0.jar;C:\Users\ASUS\.m2\repository\io\opentelemetry\opentelemetry-sdk-logs\1.22.0-alpha\opentelemetry-sdk-logs-1.22.0-alpha.jar;C:\Users\ASUS\.m2\repository\io\opentelemetry\opentelemetry-api-logs\1.22.0-alpha\opentelemetry-api-logs-1.22.0-alpha.jar;C:\Users\ASUS\.m2\repository\io\opentelemetry\opentelemetry-sdk-common\1.22.0\opentelemetry-sdk-common-1.22.0.jar;C:\Users\ASUS\.m2\repository\io\opentelemetry\opentelemetry-sdk-extension-autoconfigure-spi\1.22.0\opentelemetry-sdk-extension-autoconfigure-spi-1.22.0.jar;C:\Users\ASUS\.m2\repository\io\opentelemetry\opentelemetry-sdk-extension-autoconfigure\1.22.0-alpha\opentelemetry-sdk-extension-autoconfigure-1.22.0-alpha.jar;C:\Users\ASUS\.m2\repository\io\opentelemetry\opentelemetry-sdk-trace\1.22.0\opentelemetry-sdk-trace-1.22.0.jar;C:\Users\ASUS\.m2\repository\io\opentelemetry\opentelemetry-sdk\1.22.0\opentelemetry-sdk-1.22.0.jar;C:\Users\ASUS\.m2\repository\io\opentelemetry\opentelemetry-semconv\1.22.0-alpha\opentelemetry-semconv-1.22.0-alpha.jar;C:\Users\ASUS\.m2\repository\io\ous\jtoml\2.0.0\jtoml-2.0.0.jar;C:\Users\ASUS\.m2\repository\org\apache\commons\commons-exec\1.3\commons-exec-1.3.jar;C:\Users\ASUS\.m2\repository\org\asynchttpclient\async-http-client\2.12.3\async-http-client-2.12.3.jar;C:\Users\ASUS\.m2\repository\org\asynchttpclient\async-http-client-netty-utils\2.12.3\async-http-client-netty-utils-2.12.3.jar;C:\Users\ASUS\.m2\repository\io\netty\netty-codec-socks\4.1.60.Final\netty-codec-socks-4.1.60.Final.jar;C:\Users\ASUS\.m2\repository\io\netty\netty-handler-proxy\4.1.60.Final\netty-handler-proxy-4.1.60.Final.jar;C:\Users\ASUS\.m2\repository\io\netty\netty-transport-native-epoll\4.1.60.Final\netty-transport-native-epoll-4.1.60.Final-linux-x86_64.jar;C:\Users\ASUS\.m2\repository\io\netty\netty-transport-native-kqueue\4.1.60.Final\netty-transport-native-kqueue-4.1.60.Final-osx-x86_64.jar;C:\Users\ASUS\.m2\repository\org\reactivestreams\reactive-streams\1.0.3\reactive-streams-1.0.3.jar;C:\Users\ASUS\.m2\repository\com\typesafe\netty\netty-reactive-streams\2.0.4\netty-reactive-streams-2.0.4.jar;C:\Users\ASUS\.m2\repository\org\seleniumhq\selenium\selenium-manager\4.8.1\selenium-manager-4.8.1.jar;C:\Users\ASUS\.m2\repository\org\seleniumhq\selenium\selenium-safari-driver\4.8.1\selenium-safari-driver-4.8.1.jar;C:\Users\ASUS\.m2\repository\org\seleniumhq\selenium\selenium-api\4.8.1\selenium-api-4.8.1.jar;C:\Users\ASUS\.m2\repository\org\seleniumhq\selenium\selenium-support\4.8.1\selenium-support-4.8.1.jar;C:\Users\ASUS\.m2\repository\com\google\auto\service\auto-service-annotations\1.0.1\auto-service-annotations-1.0.1.jar;C:\Users\ASUS\.m2\repository\com\google\auto\service\auto-service\1.0.1\auto-service-1.0.1.jar;C:\Users\ASUS\.m2\repository\com\google\auto\auto-common\1.2\auto-common-1.2.jar;C:\Users\ASUS\.m2\repository\org\seleniumhq\selenium\selenium-json\4.8.1\selenium-json-4.8.1.jar;C:\Users\ASUS\.m2\repository\org\seleniumhq\selenium\selenium-chrome-driver\4.8.1\selenium-chrome-driver-4.8.1.jar;C:\Users\ASUS\.m2\repository\org\seleniumhq\selenium\selenium-chromium-driver\4.8.1\selenium-chromium-driver-4.8.1.jar;C:\Users\ASUS\.m2\repository\org\seleniumhq\selenium\selenium-firefox-driver\4.8.1\selenium-firefox-driver-4.8.1.jar;C:\Users\ASUS\.m2\repository\org\seleniumhq\selenium\selenium-http\4.8.1\selenium-http-4.8.1.jar;C:\Users\ASUS\.m2\repository\dev\failsafe\failsafe\3.3.0\failsafe-3.3.0.jar;C:\Users\ASUS\.m2\repository\org\seleniumhq\selenium\selenium-edge-driver\4.8.1\selenium-edge-driver-4.8.1.jar;C:\Users\ASUS\.m2\repository\org\seleniumhq\selenium\selenium-ie-driver\4.8.1\selenium-ie-driver-4.8.1.jar;C:\Users\ASUS\.m2\repository\org\projectlombok\lombok\1.18.20\lombok-1.18.20.jar;C:\Users\ASUS\.m2\repository\io\appium\java-client\8.3.0\java-client-8.3.0.jar;C:\Users\ASUS\.m2\repository\commons-validator\commons-validator\1.7\commons-validator-1.7.jar;C:\Users\ASUS\.m2\repository\commons-digester\commons-digester\2.1\commons-digester-2.1.jar;C:\Users\ASUS\.m2\repository\net\sf\opencsv\opencsv\2.0\opencsv-2.0.jar;C:\Users\ASUS\.m2\repository\commons-beanutils\commons-beanutils\1.9.4\commons-beanutils-1.9.4.jar;C:\Users\ASUS\.m2\repository\org\apache\commons\commons-lang3\3.12.0\commons-lang3-3.12.0.jar;C:\Users\ASUS\.m2\repository\commons-collections\commons-collections\3.2.2\commons-collections-3.2.2.jar;C:\Users\ASUS\.m2\repository\org\fluentlenium\fluentlenium-core\0.10.2\fluentlenium-core-0.10.2.jar;C:\Users\ASUS\.m2\repository\io\github\bonigarcia\webdrivermanager\5.3.0\webdrivermanager-5.3.0.jar;C:\Users\ASUS\.m2\repository\com\github\docker-java\docker-java\3.2.13\docker-java-3.2.13.jar;C:\Users\ASUS\.m2\repository\com\github\docker-java\docker-java-core\3.2.13\docker-java-core-3.2.13.jar;C:\Users\ASUS\.m2\repository\com\github\docker-java\docker-java-api\3.2.13\docker-java-api-3.2.13.jar;C:\Users\ASUS\.m2\repository\org\apache\commons\commons-compress\1.21\commons-compress-1.21.jar;C:\Users\ASUS\.m2\repository\org\bouncycastle\bcpkix-jdk15on\1.64\bcpkix-jdk15on-1.64.jar;C:\Users\ASUS\.m2\repository\org\bouncycastle\bcprov-jdk15on\1.64\bcprov-jdk15on-1.64.jar;C:\Users\ASUS\.m2\repository\org\slf4j\jcl-over-slf4j\1.7.30\jcl-over-slf4j-1.7.30.jar;C:\Users\ASUS\.m2\repository\com\github\docker-java\docker-java-transport-httpclient5\3.2.13\docker-java-transport-httpclient5-3.2.13.jar;C:\Users\ASUS\.m2\repository\com\github\docker-java\docker-java-transport\3.2.13\docker-java-transport-3.2.13.jar;C:\Users\ASUS\.m2\repository\net\java\dev\jna\jna\5.8.0\jna-5.8.0.jar;C:\Users\ASUS\.m2\repository\org\brotli\dec\0.1.2\dec-0.1.2.jar;C:\Users\ASUS\.m2\repository\org\apache\httpcomponents\client5\httpclient5\5.1.3\httpclient5-5.1.3.jar;C:\Users\ASUS\.m2\repository\org\apache\httpcomponents\core5\httpcore5\5.1.3\httpcore5-5.1.3.jar;C:\Users\ASUS\.m2\repository\org\apache\httpcomponents\core5\httpcore5-h2\5.1.3\httpcore5-h2-5.1.3.jar;C:\Users\ASUS\.m2\repository\com\jhlabs\filters\2.0.235\filters-2.0.235.jar;C:\Users\ASUS\.m2\repository\com\paulhammant\ngwebdriver\1.1.6\ngwebdriver-1.1.6.jar;C:\Users\ASUS\.m2\repository\joda-time\joda-time\2.12.2\joda-time-2.12.2.jar;C:\Users\ASUS\.m2\repository\org\hamcrest\hamcrest\2.2\hamcrest-2.2.jar;C:\Users\ASUS\.m2\repository\com\google\jimfs\jimfs\1.2\jimfs-1.2.jar;C:\Users\ASUS\.m2\repository\org\mockito\mockito-core\3.3.3\mockito-core-3.3.3.jar;C:\Users\ASUS\.m2\repository\javax\xml\bind\jaxb-api\2.3.1\jaxb-api-2.3.1.jar;C:\Users\ASUS\.m2\repository\javax\activation\javax.activation-api\1.2.0\javax.activation-api-1.2.0.jar;C:\Users\ASUS\.m2\repository\com\sun\xml\bind\jaxb-core\2.3.0.1\jaxb-core-2.3.0.1.jar;C:\Users\ASUS\.m2\repository\com\sun\xml\bind\jaxb-impl\2.3.3\jaxb-impl-2.3.3.jar;C:\Users\ASUS\.m2\repository\jakarta\xml\bind\jakarta.xml.bind-api\2.3.3\jakarta.xml.bind-api-2.3.3.jar;C:\Users\ASUS\.m2\repository\com\sun\activation\jakarta.activation\1.2.2\jakarta.activation-1.2.2.jar;C:\Users\ASUS\.m2\repository\javax\activation\activation\1.1.1\activation-1.1.1.jar;C:\Users\ASUS\.m2\repository\net\serenity-bdd\serenity-cucumber\3.6.21\serenity-cucumber-3.6.21.jar;C:\Users\ASUS\.m2\repository\io\cucumber\cucumber-core\7.11.0\cucumber-core-7.11.0.jar;C:\Users\ASUS\.m2\repository\io\cucumber\cucumber-gherkin\7.11.0\cucumber-gherkin-7.11.0.jar;C:\Users\ASUS\.m2\repository\io\cucumber\cucumber-gherkin-messages\7.11.0\cucumber-gherkin-messages-7.11.0.jar;C:\Users\ASUS\.m2\repository\io\cucumber\gherkin\26.0.3\gherkin-26.0.3.jar;C:\Users\ASUS\.m2\repository\io\cucumber\messages\21.0.1\messages-21.0.1.jar;C:\Users\ASUS\.m2\repository\io\cucumber\tag-expressions\5.0.1\tag-expressions-5.0.1.jar;C:\Users\ASUS\.m2\repository\io\cucumber\cucumber-expressions\16.1.1\cucumber-expressions-16.1.1.jar;C:\Users\ASUS\.m2\repository\io\cucumber\datatable\7.11.0\datatable-7.11.0.jar;C:\Users\ASUS\.m2\repository\io\cucumber\cucumber-plugin\7.11.0\cucumber-plugin-7.11.0.jar;C:\Users\ASUS\.m2\repository\io\cucumber\docstring\7.11.0\docstring-7.11.0.jar;C:\Users\ASUS\.m2\repository\io\cucumber\html-formatter\20.2.1\html-formatter-20.2.1.jar;C:\Users\ASUS\.m2\repository\io\cucumber\junit-xml-formatter\0.1.0\junit-xml-formatter-0.1.0.jar;C:\Users\ASUS\.m2\repository\io\cucumber\ci-environment\9.1.0\ci-environment-9.1.0.jar;C:\Users\ASUS\.m2\repository\io\cucumber\cucumber-java\7.11.0\cucumber-java-7.11.0.jar;C:\Users\ASUS\.m2\repository\io\cucumber\cucumber-junit\7.11.0\cucumber-junit-7.11.0.jar;C:\Users\ASUS\.m2\repository\org\apache\commons\commons-csv\1.5\commons-csv-1.5.jar;C:\Users\ASUS\.m2\repository\net\serenity-bdd\serenity-screenplay\3.6.21\serenity-screenplay-3.6.21.jar;C:\Users\ASUS\.m2\repository\net\serenity-bdd\serenity-screenplay-webdriver\3.6.21\serenity-screenplay-webdriver-3.6.21.jar;C:\Users\ASUS\.m2\repository\net\serenity-bdd\serenity-ensure\3.6.21\serenity-ensure-3.6.21.jar;C:\Users\ASUS\.m2\repository\net\serenity-bdd\serenity-junit\3.6.21\serenity-junit-3.6.21.jar;C:\Users\ASUS\.m2\repository\org\jetbrains\kotlin\kotlin-stdlib\1.8.10\kotlin-stdlib-1.8.10.jar;C:\Users\ASUS\.m2\repository\org\jetbrains\kotlin\kotlin-stdlib-common\1.8.10\kotlin-stdlib-common-1.8.10.jar;C:\Users\ASUS\.m2\repository\org\jetbrains\annotations\13.0\annotations-13.0.jar;C:\Users\ASUS\.m2\repository\org\junit\platform\junit-platform-launcher\1.8.2\junit-platform-launcher-1.8.2.jar;C:\Users\ASUS\.m2\repository\org\junit\platform\junit-platform-engine\1.8.2\junit-platform-engine-1.8.2.jar;C:\Users\ASUS\.m2\repository\org\junit\platform\junit-platform-commons\1.8.2\junit-platform-commons-1.8.2.jar;C:\Users\ASUS\.m2\repository\org\apiguardian\apiguardian-api\1.1.2\apiguardian-api-1.1.2.jar;C:\Users\ASUS\.m2\repository\org\junit\jupiter\junit-jupiter-engine\5.8.2\junit-jupiter-engine-5.8.2.jar;C:\Users\ASUS\.m2\repository\org\junit\jupiter\junit-jupiter-api\5.8.2\junit-jupiter-api-5.8.2.jar;C:\Users\ASUS\.m2\repository\org\junit\vintage\junit-vintage-engine\5.8.2\junit-vintage-engine-5.8.2.jar;C:\Users\ASUS\.m2\repository\junit\junit\4.13.2\junit-4.13.2.jar;C:\Users\ASUS\.m2\repository\org\hamcrest\hamcrest-core\1.3\hamcrest-core-1.3.jar;C:\Users\ASUS\.m2\repository\ch\qos\logback\logback-classic\1.2.10\logback-classic-1.2.10.jar;C:\Users\ASUS\.m2\repository\ch\qos\logback\logback-core\1.2.10\logback-core-1.2.10.jar;C:\Users\ASUS\.m2\repository\org\slf4j\slf4j-api\1.7.32\slf4j-api-1.7.32.jar;C:\Users\ASUS\.m2\repository\org\assertj\assertj-core\3.23.1\assertj-core-3.23.1.jar;C:\Users\ASUS\.m2\repository\net\bytebuddy\byte-buddy\1.12.10\byte-buddy-1.12.10.jar;C:\Users\ASUS\.m2\repository\com\googlecode\json-simple\json-simple\1.1.1\json-simple-1.1.1.jar;"/>
    <property name="sun.cpu.endian" value="little"/>
    <property name="user.home" value="C:\Users\ASUS"/>
    <property name="user.language" value="en"/>
    <property name="java.specification.vendor" value="Oracle Corporation"/>
    <property name="java.home" value="C:\Program Files\Java\jdk1.8.0_261\jre"/>
    <property name="basedir" value="C:\Users\ASUS\Pictures\Coding\sociops_qe_web"/>
    <property name="file.separator" value="\"/>
    <property name="line.separator" value="&#10;"/>
    <property name="java.vm.specification.vendor" value="Oracle Corporation"/>
    <property name="java.specification.name" value="Java Platform API Specification"/>
    <property name="java.awt.graphicsenv" value="sun.awt.Win32GraphicsEnvironment"/>
    <property name="surefire.real.class.path" value="C:\Users\ASUS\AppData\Local\Temp\surefire8418189349300377763\surefirebooter-20230623001916068_3.jar"/>
    <property name="sun.boot.class.path" value="C:\Program Files\Java\jdk1.8.0_261\jre\lib\resources.jar;C:\Program Files\Java\jdk1.8.0_261\jre\lib\rt.jar;C:\Program Files\Java\jdk1.8.0_261\jre\lib\sunrsasign.jar;C:\Program Files\Java\jdk1.8.0_261\jre\lib\jsse.jar;C:\Program Files\Java\jdk1.8.0_261\jre\lib\jce.jar;C:\Program Files\Java\jdk1.8.0_261\jre\lib\charsets.jar;C:\Program Files\Java\jdk1.8.0_261\jre\lib\jfr.jar;C:\Program Files\Java\jdk1.8.0_261\jre\classes"/>
    <property name="user.script" value=""/>
    <property name="java.protocol.handler.pkgs" value="com.google.common"/>
    <property name="sun.management.compiler" value="HotSpot 64-Bit Tiered Compilers"/>
    <property name="java.runtime.version" value="1.8.0_261-b12"/>
    <property name="user.name" value="ASUS"/>
    <property name="path.separator" value=";"/>
    <property name="os.version" value="10.0"/>
    <property name="java.endorsed.dirs" value="C:\Program Files\Java\jdk1.8.0_261\jre\lib\endorsed"/>
    <property name="java.runtime.name" value="Java(TM) SE Runtime Environment"/>
    <property name="file.encoding" value="Cp1252"/>
    <property name="webdriver.base.url" value=""/>
    <property name="java.vm.name" value="Java HotSpot(TM) 64-Bit Server VM"/>
    <property name="localRepository" value="C:\Users\ASUS\.m2\repository"/>
    <property name="java.vendor.url.bug" value="http://bugreport.sun.com/bugreport/"/>
    <property name="java.io.tmpdir" value="C:\Users\ASUS\AppData\Local\Temp\"/>
    <property name="java.version" value="1.8.0_261"/>
    <property name="user.dir" value="C:\Users\ASUS\Pictures\Coding\sociops_qe_web"/>
    <property name="os.arch" value="amd64"/>
    <property name="java.vm.specification.name" value="Java Virtual Machine Specification"/>
    <property name="java.awt.printerjob" value="sun.awt.windows.WPrinterJob"/>
    <property name="sun.os.patch.level" value=""/>
    <property name="java.library.path" value="C:\Program Files\Java\jdk1.8.0_261\jre\bin;C:\WINDOWS\Sun\Java\bin;C:\WINDOWS\system32;C:\WINDOWS;C:\Program Files (x86)\Common Files\Oracle\Java\javapath;C:\Program Files (x86)\Common Files\Intel\Shared Files\cpp\bin\Intel64;C:\WINDOWS\system32;C:\WINDOWS;C:\WINDOWS\System32\Wbem;C:\WINDOWS\System32\WindowsPowerShell\v1.0\;C:\WINDOWS\System32\OpenSSH\;C:\Program Files\Java\jdk1.8.0_261\bin;C:\Program Files\Microsoft SQL Server\Client SDK\ODBC\130\Tools\Binn\;C:\Program Files (x86)\Microsoft SQL Server\140\Tools\Binn\;C:\Program Files\Microsoft SQL Server\140\Tools\Binn\;C:\Program Files\Microsoft SQL Server\140\DTS\Binn\;C:\Program Files (x86)\Microsoft SQL Server\150\DTS\Binn\;C:\Program Files\Azure Data Studio\bin;C:\Program Files\Git\cmd;C:\xampp\php;C:\ProgramData\ComposerSetup\bin;C:\Program Files\nodejs\;C:\Program Files\Microsoft SQL Server\130\Tools\Binn\;C:\Program Files\Microsoft SQL Server\Client SDK\ODBC\170\Tools\Binn\;C:\Program Files (x86)\Microsoft SQL Server\110\DTS\Binn\;C:\Program Files (x86)\Microsoft SQL Server\120\DTS\Binn\;C:\Program Files (x86)\Microsoft SQL Server\130\DTS\Binn\;C:\Program Files (x86)\Microsoft SQL Server\140\DTS\Binn\;C:\Program Files\Docker\Docker\resources\bin;C:\Program Files\apache-maven-3.9.1\bin;C:\Program Files\Chrome Driver;C:\Users\ASUS\AppData\Local\Programs\Python\Python310\Scripts\;C:\Users\ASUS\AppData\Local\Programs\Python\Python310\;C:\Program Files (x86)\Common Files\Oracle\Java\javapath;C:\Program Files (x86)\Common Files\Intel\Shared Files\cpp\bin\Intel64;C:\windows\system32;C:\windows;C:\windows\System32\Wbem;C:\windows\System32\WindowsPowerShell\v1.0\;C:\windows\System32\OpenSSH\;C:\Program Files\Java\jdk1.8.0_261\bin;C:\Users\ASUS\AppData\Local\Microsoft\WindowsApps;C:\Users\ASUS\AppData\Local\Microsoft\WindowsApps;C:\Program Files\Azure Data Studio\bin;C:\Users\ASUS\AppData\Local\Programs\Microsoft VS Code\bin;C:\Users\ASUS\AppData\Roaming\Composer\vendor\bin;C:\Users\ASUS\AppData\Roaming\npm;C:\src\flutter\bin;C:\Users\ASUS\AppData\Local\GitHubDesktop\bin;C:\Program Files\apache-maven-3.9.1\apache-maven\src\bin;;."/>
    <property name="java.vm.info" value="mixed mode"/>
    <property name="java.vendor" value="Oracle Corporation"/>
    <property name="java.vm.version" value="25.261-b12"/>
    <property name="java.ext.dirs" value="C:\Program Files\Java\jdk1.8.0_261\jre\lib\ext;C:\WINDOWS\Sun\Java\lib\ext"/>
    <property name="sun.io.unicode.encoding" value="UnicodeLittle"/>
    <property name="java.class.version" value="52.0"/>
  </properties>
  <testcase name="As user, I have be able to success login" classname="User be able manage customer" time="55.842">
    <system-out><![CDATA[00:19:21.179 [main] DEBUG net.thucydides.core.guice.Injectors - Created injector for module net.thucydides.core.guice.ThucydidesModule
00:19:21.499 [main] DEBUG io.cucumber.core.plugin.SerenityReporter - Running feature from file:///C:/Users/ASUS/Pictures/Coding/sociops_qe_web/src/test/resources/features/ManageCustomer.feature
00:19:21.688 [main] DEBUG net.thucydides.core.guice.Injectors - Created injector for module net.thucydides.core.guice.webdriver.WebDriverModule
00:19:21.707 [main] INFO  - 

-------------------------------------------------------------------------------------
     _______. _______ .______       _______ .__   __.  __  .___________.____    ____ 
    /       ||   ____||   _  \     |   ____||  \ |  | |  | |           |\   \  /   / 
   |   (----`|  |__   |  |_)  |    |  |__   |   \|  | |  | `---|  |----` \   \/   /  
    \   \    |   __|  |      /     |   __|  |  . `  | |  |     |  |       \_    _/   
.----)   |   |  |____ |  |\  \----.|  |____ |  |\   | |  |     |  |         |  |     
|_______/    |_______|| _| `._____||_______||__| \__| |__|     |__|         |__|    
                                                                                     
 News and tutorials at http://www.serenity-bdd.info                                  
 Documentation at https://wakaleo.gitbooks.io/the-serenity-book/content/             
 Join the Serenity Community on Gitter: https://gitter.im/serenity-bdd/serenity-core 
 Serenity BDD Support and Training at http://serenity-bdd.info/#/trainingandsupport  
-------------------------------------------------------------------------------------

00:19:21.709 [main] DEBUG net.thucydides.core.steps.StepEventBus - Test suite started for story net.thucydides.core.model.Story@8ecc1fd0
00:19:21.711 [main] INFO  - Test Suite Started: User be able manage customer
00:19:21.757 [main] DEBUG io.cucumber.core.plugin.SerenityReporter - Running feature from file:///C:/Users/ASUS/Pictures/Coding/sociops_qe_web/src/test/resources/features/ManageCustomer.feature
00:19:21.759 [main] DEBUG net.thucydides.core.steps.StepEventBus - Test suite started for story net.thucydides.core.model.Story@8ecc1fd0
00:19:21.760 [main] INFO  - Test Suite Started: User be able manage customer

Scenario: As user, I have be able to success login &amp#27;[90m# src/test/resources/features/ManageCustomer.feature:5&amp#27;[0m
00:19:21.878 [main] DEBUG io.cucumber.core.plugin.SerenityReporter - Running feature from file:///C:/Users/ASUS/Pictures/Coding/sociops_qe_web/src/test/resources/features/ManageCustomer.feature
00:19:22.130 [main] INFO  - 
  _____   ___   ___   _____     ___   _____     _     ___   _____   ___   ___  
 |_   _| | __| / __| |_   _|   / __| |_   _|   /_\   | _ \ |_   _| | __| |   \ 
   | |   | _|  \__ \   | |     \__ \   | |    / _ \  |   /   | |   | _|  | |) |
   |_|   |___| |___/   |_|     |___/   |_|   /_/ \_\ |_|_\   |_|   |___| |___/ 

As user, I have be able to success login(user-be-able-manage-customer;as-user--i-have-be-able-to-success-login)
--------------------------------------------------------------------------------
00:19:22.260 [main] DEBUG net.thucydides.core.requirements.model.cucumber.CucumberParser - Loading feature C:\Users\ASUS\Pictures\Coding\sociops_qe_web\src\test\resources\features\Login.feature
00:19:22.289 [main] DEBUG net.thucydides.core.requirements.model.cucumber.CucumberParser - Loading feature C:\Users\ASUS\Pictures\Coding\sociops_qe_web\src\test\resources\features\ManageCustomer.feature
00:19:22.707 [main] INFO net.serenitybdd.core.webdriver.driverproviders.ChromeDriverProvider - Starting Chrome driver instance with capabilities:
00:19:22.710 [main] INFO net.serenitybdd.core.webdriver.driverproviders.ChromeDriverProvider - Capabilities {acceptInsecureCerts: false, browserName: chrome, goog:chromeOptions: {args: [remote-allow-origins=*], extensions: []}}
00:19:23.133 [main] DEBUG io.netty.util.internal.logging.InternalLoggerFactory - Using SLF4J as the default logging framework
00:19:23.137 [main] DEBUG io.netty.util.ResourceLeakDetector - -Dio.netty.leakDetection.level: simple
00:19:23.137 [main] DEBUG io.netty.util.ResourceLeakDetector - -Dio.netty.leakDetection.targetRecords: 4
00:19:23.142 [main] DEBUG io.netty.util.ResourceLeakDetectorFactory - Loaded default ResourceLeakDetector: io.netty.util.ResourceLeakDetector@ccd1bc3
00:19:23.162 [main] DEBUG io.netty.util.internal.PlatformDependent0 - -Dio.netty.noUnsafe: false
00:19:23.162 [main] DEBUG io.netty.util.internal.PlatformDependent0 - Java version: 8
00:19:23.163 [main] DEBUG io.netty.util.internal.PlatformDependent0 - sun.misc.Unsafe.theUnsafe: available
00:19:23.164 [main] DEBUG io.netty.util.internal.PlatformDependent0 - sun.misc.Unsafe.copyMemory: available
00:19:23.165 [main] DEBUG io.netty.util.internal.PlatformDependent0 - sun.misc.Unsafe.storeFence: available
00:19:23.165 [main] DEBUG io.netty.util.internal.PlatformDependent0 - java.nio.Buffer.address: available
00:19:23.166 [main] DEBUG io.netty.util.internal.PlatformDependent0 - direct buffer constructor: available
00:19:23.167 [main] DEBUG io.netty.util.internal.PlatformDependent0 - java.nio.Bits.unaligned: available, true
00:19:23.167 [main] DEBUG io.netty.util.internal.PlatformDependent0 - jdk.internal.misc.Unsafe.allocateUninitializedArray(int): unavailable prior to Java9
00:19:23.167 [main] DEBUG io.netty.util.internal.PlatformDependent0 - java.nio.DirectByteBuffer.<init>(long, int): available
00:19:23.167 [main] DEBUG io.netty.util.internal.PlatformDependent - sun.misc.Unsafe: available
00:19:23.168 [main] DEBUG io.netty.util.internal.PlatformDependent - -Dio.netty.tmpdir: C:\Users\ASUS\AppData\Local\Temp (java.io.tmpdir)
00:19:23.168 [main] DEBUG io.netty.util.internal.PlatformDependent - -Dio.netty.bitMode: 64 (sun.arch.data.model)
00:19:23.168 [main] DEBUG io.netty.util.internal.PlatformDependent - Platform: Windows
00:19:23.169 [main] DEBUG io.netty.util.internal.PlatformDependent - -Dio.netty.maxDirectMemory: 1838153728 bytes
00:19:23.169 [main] DEBUG io.netty.util.internal.PlatformDependent - -Dio.netty.uninitializedArrayAllocationThreshold: -1
00:19:23.170 [main] DEBUG io.netty.util.internal.CleanerJava6 - java.nio.ByteBuffer.cleaner(): available
00:19:23.171 [main] DEBUG io.netty.util.internal.PlatformDependent - -Dio.netty.noPreferDirect: false
00:19:23.181 [main] DEBUG io.netty.util.internal.PlatformDependent - org.jctools-core.MpscChunkedArrayQueue: available
00:19:23.210 [main] DEBUG io.netty.util.internal.InternalThreadLocalMap - -Dio.netty.threadLocalMap.stringBuilder.initialSize: 1024
00:19:23.210 [main] DEBUG io.netty.util.internal.InternalThreadLocalMap - -Dio.netty.threadLocalMap.stringBuilder.maxSize: 4096
00:19:23.701 [main] DEBUG io.netty.handler.ssl.JdkSslContext - Default protocols (JDK): [TLSv1.2, TLSv1.1, TLSv1] 
00:19:23.701 [main] DEBUG io.netty.handler.ssl.JdkSslContext - Default cipher suites (JDK): [TLS_ECDHE_ECDSA_WITH_AES_256_GCM_SHA384, TLS_ECDHE_ECDSA_WITH_AES_128_GCM_SHA256, TLS_ECDHE_RSA_WITH_AES_128_GCM_SHA256, TLS_ECDHE_RSA_WITH_AES_256_GCM_SHA384, TLS_ECDHE_RSA_WITH_AES_128_CBC_SHA, TLS_ECDHE_RSA_WITH_AES_256_CBC_SHA, TLS_RSA_WITH_AES_128_GCM_SHA256, TLS_RSA_WITH_AES_128_CBC_SHA, TLS_RSA_WITH_AES_256_CBC_SHA, TLS_AES_128_GCM_SHA256, TLS_AES_256_GCM_SHA384]
00:19:23.784 [main] DEBUG io.netty.channel.MultithreadEventLoopGroup - -Dio.netty.eventLoopThreads: 16
00:19:23.809 [main] DEBUG io.netty.channel.nio.NioEventLoop - -Dio.netty.noKeySetOptimization: false
00:19:23.809 [main] DEBUG io.netty.channel.nio.NioEventLoop - -Dio.netty.selectorAutoRebuildThreshold: 512
00:19:23.883 [main] DEBUG io.netty.buffer.PooledByteBufAllocator - -Dio.netty.allocator.numHeapArenas: 16
00:19:23.884 [main] DEBUG io.netty.buffer.PooledByteBufAllocator - -Dio.netty.allocator.numDirectArenas: 16
00:19:23.884 [main] DEBUG io.netty.buffer.PooledByteBufAllocator - -Dio.netty.allocator.pageSize: 8192
00:19:23.884 [main] DEBUG io.netty.buffer.PooledByteBufAllocator - -Dio.netty.allocator.maxOrder: 9
00:19:23.884 [main] DEBUG io.netty.buffer.PooledByteBufAllocator - -Dio.netty.allocator.chunkSize: 4194304
00:19:23.885 [main] DEBUG io.netty.buffer.PooledByteBufAllocator - -Dio.netty.allocator.smallCacheSize: 256
00:19:23.885 [main] DEBUG io.netty.buffer.PooledByteBufAllocator - -Dio.netty.allocator.normalCacheSize: 64
00:19:23.885 [main] DEBUG io.netty.buffer.PooledByteBufAllocator - -Dio.netty.allocator.maxCachedBufferCapacity: 32768
00:19:23.885 [main] DEBUG io.netty.buffer.PooledByteBufAllocator - -Dio.netty.allocator.cacheTrimInterval: 8192
00:19:23.885 [main] DEBUG io.netty.buffer.PooledByteBufAllocator - -Dio.netty.allocator.cacheTrimIntervalMillis: 0
00:19:23.885 [main] DEBUG io.netty.buffer.PooledByteBufAllocator - -Dio.netty.allocator.useCacheForAllThreads: false
00:19:23.885 [main] DEBUG io.netty.buffer.PooledByteBufAllocator - -Dio.netty.allocator.maxCachedByteBuffersPerChunk: 1023
00:19:23.909 [main] DEBUG io.netty.buffer.ByteBufUtil - -Dio.netty.allocator.type: pooled
00:19:23.910 [main] DEBUG io.netty.buffer.ByteBufUtil - -Dio.netty.threadLocalDirectBufferSize: 0
00:19:23.910 [main] DEBUG io.netty.buffer.ByteBufUtil - -Dio.netty.maxThreadLocalCharBufferSize: 16384
00:19:28.609 [Forwarding newSession on session null to remote] DEBUG io.netty.channel.DefaultChannelId - -Dio.netty.processId: 1028 (auto-detected)
00:19:28.615 [Forwarding newSession on session null to remote] DEBUG io.netty.util.NetUtil - -Djava.net.preferIPv4Stack: false
00:19:28.615 [Forwarding newSession on session null to remote] DEBUG io.netty.util.NetUtil - -Djava.net.preferIPv6Addresses: false
00:19:28.862 [Forwarding newSession on session null to remote] DEBUG io.netty.util.NetUtilInitializations - Loopback interface: lo (Software Loopback Interface 1, 127.0.0.1)
00:19:28.863 [Forwarding newSession on session null to remote] DEBUG io.netty.util.NetUtil - Failed to get SOMAXCONN from sysctl and file \proc\sys\net\core\somaxconn. Default: 200
00:19:28.876 [Forwarding newSession on session null to remote] DEBUG io.netty.channel.DefaultChannelId - -Dio.netty.machineId: d8:c0:a6:ff:fe:3f:0c:e1 (auto-detected)
00:19:29.086 [AsyncHttpClient-1-2] DEBUG io.netty.buffer.AbstractByteBuf - -Dio.netty.buffer.checkAccessible: true
00:19:29.086 [AsyncHttpClient-1-2] DEBUG io.netty.buffer.AbstractByteBuf - -Dio.netty.buffer.checkBounds: true
00:19:29.087 [AsyncHttpClient-1-2] DEBUG io.netty.util.ResourceLeakDetectorFactory - Loaded default ResourceLeakDetector: io.netty.util.ResourceLeakDetector@65c3aed9
00:19:29.141 [AsyncHttpClient-1-2] DEBUG org.asynchttpclient.netty.channel.NettyConnectListener - Using new Channel '[id: 0xf94047ec, L:/127.0.0.1:59280 - R:localhost/127.0.0.1:2905]' for 'POST' to '/session'
00:19:29.215 [AsyncHttpClient-1-2] DEBUG io.netty.util.Recycler - -Dio.netty.recycler.maxCapacityPerThread: 4096
00:19:29.215 [AsyncHttpClient-1-2] DEBUG io.netty.util.Recycler - -Dio.netty.recycler.ratio: 8
00:19:29.215 [AsyncHttpClient-1-2] DEBUG io.netty.util.Recycler - -Dio.netty.recycler.chunkSize: 32
00:19:29.215 [AsyncHttpClient-1-2] DEBUG io.netty.util.Recycler - -Dio.netty.recycler.blocking: false
00:19:50.364 [AsyncHttpClient-1-2] DEBUG io.netty.handler.codec.compression.Brotli - brotli4j not in the classpath; Brotli support will be unavailable.
00:19:50.365 [AsyncHttpClient-1-2] DEBUG org.asynchttpclient.netty.handler.HttpHandler - 

Request DefaultHttpRequest(decodeResult: success, version: HTTP/1.1)
POST /session HTTP/1.1
User-Agent: selenium/4.8.1 (java windows)
Content-Length: 507
Content-Type: application/json; charset=utf-8
host: localhost:2905
accept: */*

Response DefaultHttpResponse(decodeResult: success, version: HTTP/1.1)
HTTP/1.1 200 OK
Content-Length: 858
Content-Type: application/json; charset=utf-8
cache-control: no-cache

00:19:50.383 [AsyncHttpClient-1-2] DEBUG org.asynchttpclient.netty.channel.ChannelManager - Adding key: http://localhost:2905 for channel [id: 0xf94047ec, L:/127.0.0.1:59280 - R:localhost/127.0.0.1:2905]
00:19:50.871 [AsyncHttpClient-1-3] DEBUG org.asynchttpclient.netty.channel.NettyConnectListener - Using new Channel '[id: 0x4bad7b35, L:/127.0.0.1:59289 - R:localhost/127.0.0.1:59281]' for 'GET' to '/json/version'
00:19:50.874 [AsyncHttpClient-1-3] DEBUG org.asynchttpclient.netty.handler.HttpHandler - 

Request DefaultFullHttpRequest(decodeResult: success, version: HTTP/1.1, content: EmptyByteBufBE)
GET /json/version HTTP/1.1
User-Agent: selenium/4.8.1 (java windows)
host: localhost:59281
accept: */*

Response DefaultHttpResponse(decodeResult: success, version: HTTP/1.1)
HTTP/1.1 200 OK
Content-Security-Policy: frame-ancestors 'none'
Content-Length: 424
Content-Type: application/json; charset=UTF-8

00:19:50.874 [AsyncHttpClient-1-3] DEBUG org.asynchttpclient.netty.channel.ChannelManager - Adding key: http://localhost:59281 for channel [id: 0x4bad7b35, L:/127.0.0.1:59289 - R:localhost/127.0.0.1:59281]
00:19:50.888 [main] DEBUG io.netty.util.internal.ThreadLocalRandom - -Dio.netty.initialSeedUniquifier: 0xe0e8dda828431726
00:19:50.929 [AsyncHttpClient-1-4] DEBUG org.asynchttpclient.netty.channel.NettyConnectListener - Using new Channel '[id: 0x4a92b2df, L:/127.0.0.1:59290 - R:localhost/127.0.0.1:59281]' for 'GET' to '/devtools/browser/dbdd17f7-d6e4-48a5-add7-7fe96f6d6bb3'
00:19:50.933 [AsyncHttpClient-1-4] DEBUG org.asynchttpclient.netty.handler.WebSocketHandler - 

Request DefaultFullHttpRequest(decodeResult: success, version: HTTP/1.1, content: EmptyByteBufBE)
GET /devtools/browser/dbdd17f7-d6e4-48a5-add7-7fe96f6d6bb3 HTTP/1.1
upgrade: websocket
connection: upgrade
sec-websocket-key: TZGUy7Z1rMyfQzJQj8/Uhw==
sec-websocket-version: 13
origin: http://localhost:59281
host: localhost:59281
accept: */*
user-agent: AHC/2.1

Response DefaultHttpResponse(decodeResult: success, version: HTTP/1.1)
HTTP/1.1 101 WebSocket Protocol Handshake
Upgrade: WebSocket
Connection: Upgrade
Sec-WebSocket-Accept: /vhcjAthErGXEMTuZWZRPzkUrMY=

00:19:51.147 [Forwarding get on session ef9b602d92ae97b171ba6295389de4ce to remote] DEBUG org.asynchttpclient.netty.request.NettyRequestSender - Using pooled Channel '[id: 0xf94047ec, L:/127.0.0.1:59280 - R:localhost/127.0.0.1:2905]' for 'POST' to 'http://localhost:2905/session/ef9b602d92ae97b171ba6295389de4ce/url'
00:19:51.148 [Forwarding get on session ef9b602d92ae97b171ba6295389de4ce to remote] DEBUG org.asynchttpclient.netty.request.NettyRequestSender - Using open Channel [id: 0xf94047ec, L:/127.0.0.1:59280 - R:localhost/127.0.0.1:2905] for POST '/session/ef9b602d92ae97b171ba6295389de4ce/url'
00:19:51.190 [AsyncHttpClient-1-1] DEBUG org.asynchttpclient.netty.channel.DefaultChannelPool - Entry count for : http://localhost:59281 : 1
00:19:52.291 [AsyncHttpClient-1-1] DEBUG org.asynchttpclient.netty.channel.DefaultChannelPool - Entry count for : http://localhost:59281 : 1
00:19:53.394 [AsyncHttpClient-1-1] DEBUG org.asynchttpclient.netty.channel.DefaultChannelPool - Entry count for : http://localhost:59281 : 1
00:19:53.842 [AsyncHttpClient-1-2] DEBUG org.asynchttpclient.netty.handler.HttpHandler - 

Request DefaultHttpRequest(decodeResult: success, version: HTTP/1.1)
POST /session/ef9b602d92ae97b171ba6295389de4ce/url HTTP/1.1
User-Agent: selenium/4.8.1 (java windows)
Content-Length: 105
Content-Type: application/json; charset=utf-8
host: localhost:2905
accept: */*

Response DefaultHttpResponse(decodeResult: success, version: HTTP/1.1)
HTTP/1.1 200 OK
Content-Length: 14
Content-Type: application/json; charset=utf-8
cache-control: no-cache

00:19:53.842 [AsyncHttpClient-1-2] DEBUG org.asynchttpclient.netty.channel.ChannelManager - Adding key: http://localhost:2905 for channel [id: 0xf94047ec, L:/127.0.0.1:59280 - R:localhost/127.0.0.1:2905]
00:19:53.873 [Forwarding setTimeout on session ef9b602d92ae97b171ba6295389de4ce to remote] DEBUG org.asynchttpclient.netty.request.NettyRequestSender - Using pooled Channel '[id: 0xf94047ec, L:/127.0.0.1:59280 - R:localhost/127.0.0.1:2905]' for 'POST' to 'http://localhost:2905/session/ef9b602d92ae97b171ba6295389de4ce/timeouts'
00:19:53.873 [Forwarding setTimeout on session ef9b602d92ae97b171ba6295389de4ce to remote] DEBUG org.asynchttpclient.netty.request.NettyRequestSender - Using open Channel [id: 0xf94047ec, L:/127.0.0.1:59280 - R:localhost/127.0.0.1:2905] for POST '/session/ef9b602d92ae97b171ba6295389de4ce/timeouts'
00:19:53.878 [AsyncHttpClient-1-2] DEBUG org.asynchttpclient.netty.handler.HttpHandler - 

Request DefaultHttpRequest(decodeResult: success, version: HTTP/1.1)
POST /session/ef9b602d92ae97b171ba6295389de4ce/timeouts HTTP/1.1
User-Agent: selenium/4.8.1 (java windows)
Content-Length: 22
Content-Type: application/json; charset=utf-8
host: localhost:2905
accept: */*

Response DefaultHttpResponse(decodeResult: success, version: HTTP/1.1)
HTTP/1.1 200 OK
Content-Length: 14
Content-Type: application/json; charset=utf-8
cache-control: no-cache

00:19:53.879 [AsyncHttpClient-1-2] DEBUG org.asynchttpclient.netty.channel.ChannelManager - Adding key: http://localhost:2905 for channel [id: 0xf94047ec, L:/127.0.0.1:59280 - R:localhost/127.0.0.1:2905]
00:19:53.903 [Forwarding findElement on session ef9b602d92ae97b171ba6295389de4ce to remote] DEBUG org.asynchttpclient.netty.request.NettyRequestSender - Using pooled Channel '[id: 0xf94047ec, L:/127.0.0.1:59280 - R:localhost/127.0.0.1:2905]' for 'POST' to 'http://localhost:2905/session/ef9b602d92ae97b171ba6295389de4ce/element'
00:19:53.903 [Forwarding findElement on session ef9b602d92ae97b171ba6295389de4ce to remote] DEBUG org.asynchttpclient.netty.request.NettyRequestSender - Using open Channel [id: 0xf94047ec, L:/127.0.0.1:59280 - R:localhost/127.0.0.1:2905] for POST '/session/ef9b602d92ae97b171ba6295389de4ce/element'
00:19:54.492 [AsyncHttpClient-1-1] DEBUG org.asynchttpclient.netty.channel.DefaultChannelPool - Entry count for : http://localhost:59281 : 1
00:19:54.752 [AsyncHttpClient-1-2] DEBUG org.asynchttpclient.netty.handler.HttpHandler - 

Request DefaultHttpRequest(decodeResult: success, version: HTTP/1.1)
POST /session/ef9b602d92ae97b171ba6295389de4ce/element HTTP/1.1
User-Agent: selenium/4.8.1 (java windows)
Content-Length: 59
Content-Type: application/json; charset=utf-8
host: localhost:2905
accept: */*

Response DefaultHttpResponse(decodeResult: success, version: HTTP/1.1)
HTTP/1.1 200 OK
Content-Length: 94
Content-Type: application/json; charset=utf-8
cache-control: no-cache

00:19:54.753 [AsyncHttpClient-1-2] DEBUG org.asynchttpclient.netty.channel.ChannelManager - Adding key: http://localhost:2905 for channel [id: 0xf94047ec, L:/127.0.0.1:59280 - R:localhost/127.0.0.1:2905]
00:19:54.940 [Forwarding isElementDisplayed on session ef9b602d92ae97b171ba6295389de4ce to remote] DEBUG org.asynchttpclient.netty.request.NettyRequestSender - Using pooled Channel '[id: 0xf94047ec, L:/127.0.0.1:59280 - R:localhost/127.0.0.1:2905]' for 'POST' to 'http://localhost:2905/session/ef9b602d92ae97b171ba6295389de4ce/execute/sync'
00:19:54.942 [Forwarding isElementDisplayed on session ef9b602d92ae97b171ba6295389de4ce to remote] DEBUG org.asynchttpclient.netty.request.NettyRequestSender - Using open Channel [id: 0xf94047ec, L:/127.0.0.1:59280 - R:localhost/127.0.0.1:2905] for POST '/session/ef9b602d92ae97b171ba6295389de4ce/execute/sync'
00:19:55.126 [AsyncHttpClient-1-2] DEBUG org.asynchttpclient.netty.handler.HttpHandler - 

Request DefaultHttpRequest(decodeResult: success, version: HTTP/1.1)
POST /session/ef9b602d92ae97b171ba6295389de4ce/execute/sync HTTP/1.1
User-Agent: selenium/4.8.1 (java windows)
Content-Length: 48813
Content-Type: application/json; charset=utf-8
host: localhost:2905
accept: */*

Response DefaultHttpResponse(decodeResult: success, version: HTTP/1.1)
HTTP/1.1 200 OK
Content-Length: 14
Content-Type: application/json; charset=utf-8
cache-control: no-cache

00:19:55.127 [AsyncHttpClient-1-2] DEBUG org.asynchttpclient.netty.channel.ChannelManager - Adding key: http://localhost:2905 for channel [id: 0xf94047ec, L:/127.0.0.1:59280 - R:localhost/127.0.0.1:2905]
  &amp#27;[32mGiven &amp#27;[0m&amp#27;[32mI am on the landing page&amp#27;[0m                   &amp#27;[90m# starter.stepdefinitions.LoginSteps.onTheLandingPage()&amp#27;[0m
00:19:55.171 [main] DEBUG net.serenitybdd.core.photography.Darkroom - Opening darkroom
00:19:55.173 [Darkroom Processing Line] DEBUG net.serenitybdd.core.photography.DarkroomProcessingLine - Darkroom processing line starting up
00:19:55.473 [Forwarding getAlertText on session ef9b602d92ae97b171ba6295389de4ce to remote] DEBUG org.asynchttpclient.netty.request.NettyRequestSender - Using pooled Channel '[id: 0xf94047ec, L:/127.0.0.1:59280 - R:localhost/127.0.0.1:2905]' for 'GET' to 'http://localhost:2905/session/ef9b602d92ae97b171ba6295389de4ce/alert/text'
00:19:55.473 [Forwarding getAlertText on session ef9b602d92ae97b171ba6295389de4ce to remote] DEBUG org.asynchttpclient.netty.request.NettyRequestSender - Using open Channel [id: 0xf94047ec, L:/127.0.0.1:59280 - R:localhost/127.0.0.1:2905] for GET '/session/ef9b602d92ae97b171ba6295389de4ce/alert/text'
00:19:55.478 [AsyncHttpClient-1-2] DEBUG org.asynchttpclient.netty.handler.HttpHandler - 

Request DefaultFullHttpRequest(decodeResult: success, version: HTTP/1.1, content: EmptyByteBufBE)
GET /session/ef9b602d92ae97b171ba6295389de4ce/alert/text HTTP/1.1
User-Agent: selenium/4.8.1 (java windows)
Cache-Control: no-cache
Content-Type: application/json; charset=utf-8
host: localhost:2905
accept: */*

Response DefaultHttpResponse(decodeResult: success, version: HTTP/1.1)
HTTP/1.1 404 Not Found
Content-Length: 848
Content-Type: application/json; charset=utf-8
cache-control: no-cache

00:19:55.479 [AsyncHttpClient-1-2] DEBUG org.asynchttpclient.netty.channel.ChannelManager - Adding key: http://localhost:2905 for channel [id: 0xf94047ec, L:/127.0.0.1:59280 - R:localhost/127.0.0.1:2905]
00:19:55.564 [Forwarding getCurrentUrl on session ef9b602d92ae97b171ba6295389de4ce to remote] DEBUG org.asynchttpclient.netty.request.NettyRequestSender - Using pooled Channel '[id: 0xf94047ec, L:/127.0.0.1:59280 - R:localhost/127.0.0.1:2905]' for 'GET' to 'http://localhost:2905/session/ef9b602d92ae97b171ba6295389de4ce/url'
00:19:55.564 [Forwarding getCurrentUrl on session ef9b602d92ae97b171ba6295389de4ce to remote] DEBUG org.asynchttpclient.netty.request.NettyRequestSender - Using open Channel [id: 0xf94047ec, L:/127.0.0.1:59280 - R:localhost/127.0.0.1:2905] for GET '/session/ef9b602d92ae97b171ba6295389de4ce/url'
00:19:55.580 [AsyncHttpClient-1-2] DEBUG org.asynchttpclient.netty.handler.HttpHandler - 

Request DefaultFullHttpRequest(decodeResult: success, version: HTTP/1.1, content: EmptyByteBufBE)
GET /session/ef9b602d92ae97b171ba6295389de4ce/url HTTP/1.1
User-Agent: selenium/4.8.1 (java windows)
Cache-Control: no-cache
Content-Type: application/json; charset=utf-8
host: localhost:2905
accept: */*

Response DefaultHttpResponse(decodeResult: success, version: HTTP/1.1)
HTTP/1.1 200 OK
Content-Length: 87
Content-Type: application/json; charset=utf-8
cache-control: no-cache

00:19:55.581 [AsyncHttpClient-1-2] DEBUG org.asynchttpclient.netty.channel.ChannelManager - Adding key: http://localhost:2905 for channel [id: 0xf94047ec, L:/127.0.0.1:59280 - R:localhost/127.0.0.1:2905]
00:19:55.588 [Forwarding screenshot on session ef9b602d92ae97b171ba6295389de4ce to remote] DEBUG org.asynchttpclient.netty.request.NettyRequestSender - Using pooled Channel '[id: 0xf94047ec, L:/127.0.0.1:59280 - R:localhost/127.0.0.1:2905]' for 'GET' to 'http://localhost:2905/session/ef9b602d92ae97b171ba6295389de4ce/screenshot'
00:19:55.589 [Forwarding screenshot on session ef9b602d92ae97b171ba6295389de4ce to remote] DEBUG org.asynchttpclient.netty.request.NettyRequestSender - Using open Channel [id: 0xf94047ec, L:/127.0.0.1:59280 - R:localhost/127.0.0.1:2905] for GET '/session/ef9b602d92ae97b171ba6295389de4ce/screenshot'
00:19:55.591 [AsyncHttpClient-1-1] DEBUG org.asynchttpclient.netty.channel.DefaultChannelPool - Entry count for : http://localhost:59281 : 1
00:19:56.688 [AsyncHttpClient-1-1] DEBUG org.asynchttpclient.netty.channel.DefaultChannelPool - Entry count for : http://localhost:59281 : 1
00:19:57.788 [AsyncHttpClient-1-1] DEBUG org.asynchttpclient.netty.channel.DefaultChannelPool - Entry count for : http://localhost:59281 : 1
00:19:58.449 [AsyncHttpClient-1-2] DEBUG org.asynchttpclient.netty.handler.HttpHandler - 

Request DefaultFullHttpRequest(decodeResult: success, version: HTTP/1.1, content: EmptyByteBufBE)
GET /session/ef9b602d92ae97b171ba6295389de4ce/screenshot HTTP/1.1
User-Agent: selenium/4.8.1 (java windows)
Cache-Control: no-cache
Content-Type: application/json; charset=utf-8
host: localhost:2905
accept: */*

Response DefaultHttpResponse(decodeResult: success, version: HTTP/1.1)
HTTP/1.1 200 OK
Content-Length: 38416
Content-Type: application/json; charset=utf-8
cache-control: no-cache

00:19:58.451 [AsyncHttpClient-1-2] DEBUG org.asynchttpclient.netty.channel.ChannelManager - Adding key: http://localhost:2905 for channel [id: 0xf94047ec, L:/127.0.0.1:59280 - R:localhost/127.0.0.1:2905]
00:19:58.890 [AsyncHttpClient-1-1] DEBUG org.asynchttpclient.netty.channel.DefaultChannelPool - Entry count for : http://localhost:59281 : 1
00:19:58.890 [AsyncHttpClient-1-1] DEBUG org.asynchttpclient.netty.channel.DefaultChannelPool - Entry count for : http://localhost:2905 : 1
00:19:58.900 [main] DEBUG net.serenitybdd.core.photography.Darkroom - Send negative for processing for target\site\serenity\6d99ec2b94f2402acdacea0606e8694197071b4d57eed75997937f5dddebb359.png
00:19:58.902 [Darkroom Processing Line] DEBUG net.serenitybdd.core.photography.DarkroomProcessingLine - Processing screenshot image in /var/screenshots/screenshot-2866044856822963674
00:19:58.902 [Darkroom Processing Line] DEBUG net.serenitybdd.core.photography.DarkroomProcessingLine - Saving screenshot to target\site\serenity\6d99ec2b94f2402acdacea0606e8694197071b4d57eed75997937f5dddebb359.png
00:19:58.926 [Forwarding getPageSource on session ef9b602d92ae97b171ba6295389de4ce to remote] DEBUG org.asynchttpclient.netty.request.NettyRequestSender - Using pooled Channel '[id: 0xf94047ec, L:/127.0.0.1:59280 - R:localhost/127.0.0.1:2905]' for 'POST' to 'http://localhost:2905/session/ef9b602d92ae97b171ba6295389de4ce/execute/sync'
00:19:58.926 [Forwarding getPageSource on session ef9b602d92ae97b171ba6295389de4ce to remote] DEBUG org.asynchttpclient.netty.request.NettyRequestSender - Using open Channel [id: 0xf94047ec, L:/127.0.0.1:59280 - R:localhost/127.0.0.1:2905] for POST '/session/ef9b602d92ae97b171ba6295389de4ce/execute/sync'
00:19:58.935 [AsyncHttpClient-1-2] DEBUG org.asynchttpclient.netty.handler.HttpHandler - 

Request DefaultHttpRequest(decodeResult: success, version: HTTP/1.1)
POST /session/ef9b602d92ae97b171ba6295389de4ce/execute/sync HTTP/1.1
User-Agent: selenium/4.8.1 (java windows)
Content-Length: 176
Content-Type: application/json; charset=utf-8
host: localhost:2905
accept: */*

Response DefaultHttpResponse(decodeResult: success, version: HTTP/1.1)
HTTP/1.1 200 OK
Content-Length: 9491
Content-Type: application/json; charset=utf-8
cache-control: no-cache

00:19:58.936 [AsyncHttpClient-1-2] DEBUG org.asynchttpclient.netty.channel.ChannelManager - Adding key: http://localhost:2905 for channel [id: 0xf94047ec, L:/127.0.0.1:59280 - R:localhost/127.0.0.1:2905]
00:19:59.233 [Forwarding getCurrentUrl on session ef9b602d92ae97b171ba6295389de4ce to remote] DEBUG org.asynchttpclient.netty.request.NettyRequestSender - Using pooled Channel '[id: 0xf94047ec, L:/127.0.0.1:59280 - R:localhost/127.0.0.1:2905]' for 'GET' to 'http://localhost:2905/session/ef9b602d92ae97b171ba6295389de4ce/url'
00:19:59.233 [Forwarding getCurrentUrl on session ef9b602d92ae97b171ba6295389de4ce to remote] DEBUG org.asynchttpclient.netty.request.NettyRequestSender - Using open Channel [id: 0xf94047ec, L:/127.0.0.1:59280 - R:localhost/127.0.0.1:2905] for GET '/session/ef9b602d92ae97b171ba6295389de4ce/url'
00:19:59.240 [AsyncHttpClient-1-2] DEBUG org.asynchttpclient.netty.handler.HttpHandler - 

Request DefaultFullHttpRequest(decodeResult: success, version: HTTP/1.1, content: EmptyByteBufBE)
GET /session/ef9b602d92ae97b171ba6295389de4ce/url HTTP/1.1
User-Agent: selenium/4.8.1 (java windows)
Cache-Control: no-cache
Content-Type: application/json; charset=utf-8
host: localhost:2905
accept: */*

Response DefaultHttpResponse(decodeResult: success, version: HTTP/1.1)
HTTP/1.1 200 OK
Content-Length: 87
Content-Type: application/json; charset=utf-8
cache-control: no-cache

00:19:59.241 [AsyncHttpClient-1-2] DEBUG org.asynchttpclient.netty.channel.ChannelManager - Adding key: http://localhost:2905 for channel [id: 0xf94047ec, L:/127.0.0.1:59280 - R:localhost/127.0.0.1:2905]
00:19:59.399 [Forwarding findElement on session ef9b602d92ae97b171ba6295389de4ce to remote] DEBUG org.asynchttpclient.netty.request.NettyRequestSender - Using pooled Channel '[id: 0xf94047ec, L:/127.0.0.1:59280 - R:localhost/127.0.0.1:2905]' for 'POST' to 'http://localhost:2905/session/ef9b602d92ae97b171ba6295389de4ce/element'
00:19:59.400 [Forwarding findElement on session ef9b602d92ae97b171ba6295389de4ce to remote] DEBUG org.asynchttpclient.netty.request.NettyRequestSender - Using open Channel [id: 0xf94047ec, L:/127.0.0.1:59280 - R:localhost/127.0.0.1:2905] for POST '/session/ef9b602d92ae97b171ba6295389de4ce/element'
00:19:59.430 [AsyncHttpClient-1-2] DEBUG org.asynchttpclient.netty.handler.HttpHandler - 

Request DefaultHttpRequest(decodeResult: success, version: HTTP/1.1)
POST /session/ef9b602d92ae97b171ba6295389de4ce/element HTTP/1.1
User-Agent: selenium/4.8.1 (java windows)
Content-Length: 59
Content-Type: application/json; charset=utf-8
host: localhost:2905
accept: */*

Response DefaultHttpResponse(decodeResult: success, version: HTTP/1.1)
HTTP/1.1 200 OK
Content-Length: 94
Content-Type: application/json; charset=utf-8
cache-control: no-cache

00:19:59.430 [AsyncHttpClient-1-2] DEBUG org.asynchttpclient.netty.channel.ChannelManager - Adding key: http://localhost:2905 for channel [id: 0xf94047ec, L:/127.0.0.1:59280 - R:localhost/127.0.0.1:2905]
00:19:59.435 [Forwarding clearElement on session ef9b602d92ae97b171ba6295389de4ce to remote] DEBUG org.asynchttpclient.netty.request.NettyRequestSender - Using pooled Channel '[id: 0xf94047ec, L:/127.0.0.1:59280 - R:localhost/127.0.0.1:2905]' for 'POST' to 'http://localhost:2905/session/ef9b602d92ae97b171ba6295389de4ce/element/99722CC3069865B2FEBDF948FE0FB770_element_5/clear'
00:19:59.435 [Forwarding clearElement on session ef9b602d92ae97b171ba6295389de4ce to remote] DEBUG org.asynchttpclient.netty.request.NettyRequestSender - Using open Channel [id: 0xf94047ec, L:/127.0.0.1:59280 - R:localhost/127.0.0.1:2905] for POST '/session/ef9b602d92ae97b171ba6295389de4ce/element/99722CC3069865B2FEBDF948FE0FB770_element_5/clear'
00:19:59.993 [AsyncHttpClient-1-1] DEBUG org.asynchttpclient.netty.channel.DefaultChannelPool - Entry count for : http://localhost:59281 : 1
00:20:00.953 [AsyncHttpClient-1-2] DEBUG org.asynchttpclient.netty.handler.HttpHandler - 

Request DefaultHttpRequest(decodeResult: success, version: HTTP/1.1)
POST /session/ef9b602d92ae97b171ba6295389de4ce/element/99722CC3069865B2FEBDF948FE0FB770_element_5/clear HTTP/1.1
User-Agent: selenium/4.8.1 (java windows)
Content-Length: 56
Content-Type: application/json; charset=utf-8
host: localhost:2905
accept: */*

Response DefaultHttpResponse(decodeResult: success, version: HTTP/1.1)
HTTP/1.1 200 OK
Content-Length: 14
Content-Type: application/json; charset=utf-8
cache-control: no-cache

00:20:00.953 [AsyncHttpClient-1-2] DEBUG org.asynchttpclient.netty.channel.ChannelManager - Adding key: http://localhost:2905 for channel [id: 0xf94047ec, L:/127.0.0.1:59280 - R:localhost/127.0.0.1:2905]
00:20:00.963 [Forwarding sendKeysToElement on session ef9b602d92ae97b171ba6295389de4ce to remote] DEBUG org.asynchttpclient.netty.request.NettyRequestSender - Using pooled Channel '[id: 0xf94047ec, L:/127.0.0.1:59280 - R:localhost/127.0.0.1:2905]' for 'POST' to 'http://localhost:2905/session/ef9b602d92ae97b171ba6295389de4ce/element/99722CC3069865B2FEBDF948FE0FB770_element_5/value'
00:20:00.963 [Forwarding sendKeysToElement on session ef9b602d92ae97b171ba6295389de4ce to remote] DEBUG org.asynchttpclient.netty.request.NettyRequestSender - Using open Channel [id: 0xf94047ec, L:/127.0.0.1:59280 - R:localhost/127.0.0.1:2905] for POST '/session/ef9b602d92ae97b171ba6295389de4ce/element/99722CC3069865B2FEBDF948FE0FB770_element_5/value'
00:20:01.087 [AsyncHttpClient-1-1] DEBUG org.asynchttpclient.netty.channel.DefaultChannelPool - Entry count for : http://localhost:59281 : 1
00:20:01.202 [AsyncHttpClient-1-2] DEBUG org.asynchttpclient.netty.handler.HttpHandler - 

Request DefaultHttpRequest(decodeResult: success, version: HTTP/1.1)
POST /session/ef9b602d92ae97b171ba6295389de4ce/element/99722CC3069865B2FEBDF948FE0FB770_element_5/value HTTP/1.1
User-Agent: selenium/4.8.1 (java windows)
Content-Length: 307
Content-Type: application/json; charset=utf-8
host: localhost:2905
accept: */*

Response DefaultHttpResponse(decodeResult: success, version: HTTP/1.1)
HTTP/1.1 200 OK
Content-Length: 14
Content-Type: application/json; charset=utf-8
cache-control: no-cache

00:20:01.203 [AsyncHttpClient-1-2] DEBUG org.asynchttpclient.netty.channel.ChannelManager - Adding key: http://localhost:2905 for channel [id: 0xf94047ec, L:/127.0.0.1:59280 - R:localhost/127.0.0.1:2905]
  &amp#27;[32mWhen &amp#27;[0m&amp#27;[32mI input valid email&amp#27;[0m                         &amp#27;[90m# starter.stepdefinitions.LoginSteps.inputValidUsername()&amp#27;[0m
00:20:01.233 [Forwarding getAlertText on session ef9b602d92ae97b171ba6295389de4ce to remote] DEBUG org.asynchttpclient.netty.request.NettyRequestSender - Using pooled Channel '[id: 0xf94047ec, L:/127.0.0.1:59280 - R:localhost/127.0.0.1:2905]' for 'GET' to 'http://localhost:2905/session/ef9b602d92ae97b171ba6295389de4ce/alert/text'
00:20:01.234 [Forwarding getAlertText on session ef9b602d92ae97b171ba6295389de4ce to remote] DEBUG org.asynchttpclient.netty.request.NettyRequestSender - Using open Channel [id: 0xf94047ec, L:/127.0.0.1:59280 - R:localhost/127.0.0.1:2905] for GET '/session/ef9b602d92ae97b171ba6295389de4ce/alert/text'
00:20:01.239 [AsyncHttpClient-1-2] DEBUG org.asynchttpclient.netty.handler.HttpHandler - 

Request DefaultFullHttpRequest(decodeResult: success, version: HTTP/1.1, content: EmptyByteBufBE)
GET /session/ef9b602d92ae97b171ba6295389de4ce/alert/text HTTP/1.1
User-Agent: selenium/4.8.1 (java windows)
Cache-Control: no-cache
Content-Type: application/json; charset=utf-8
host: localhost:2905
accept: */*

Response DefaultHttpResponse(decodeResult: success, version: HTTP/1.1)
HTTP/1.1 404 Not Found
Content-Length: 848
Content-Type: application/json; charset=utf-8
cache-control: no-cache

00:20:01.239 [AsyncHttpClient-1-2] DEBUG org.asynchttpclient.netty.channel.ChannelManager - Adding key: http://localhost:2905 for channel [id: 0xf94047ec, L:/127.0.0.1:59280 - R:localhost/127.0.0.1:2905]
00:20:01.244 [Forwarding getCurrentUrl on session ef9b602d92ae97b171ba6295389de4ce to remote] DEBUG org.asynchttpclient.netty.request.NettyRequestSender - Using pooled Channel '[id: 0xf94047ec, L:/127.0.0.1:59280 - R:localhost/127.0.0.1:2905]' for 'GET' to 'http://localhost:2905/session/ef9b602d92ae97b171ba6295389de4ce/url'
00:20:01.244 [Forwarding getCurrentUrl on session ef9b602d92ae97b171ba6295389de4ce to remote] DEBUG org.asynchttpclient.netty.request.NettyRequestSender - Using open Channel [id: 0xf94047ec, L:/127.0.0.1:59280 - R:localhost/127.0.0.1:2905] for GET '/session/ef9b602d92ae97b171ba6295389de4ce/url'
00:20:01.252 [AsyncHttpClient-1-2] DEBUG org.asynchttpclient.netty.handler.HttpHandler - 

Request DefaultFullHttpRequest(decodeResult: success, version: HTTP/1.1, content: EmptyByteBufBE)
GET /session/ef9b602d92ae97b171ba6295389de4ce/url HTTP/1.1
User-Agent: selenium/4.8.1 (java windows)
Cache-Control: no-cache
Content-Type: application/json; charset=utf-8
host: localhost:2905
accept: */*

Response DefaultHttpResponse(decodeResult: success, version: HTTP/1.1)
HTTP/1.1 200 OK
Content-Length: 87
Content-Type: application/json; charset=utf-8
cache-control: no-cache

00:20:01.253 [AsyncHttpClient-1-2] DEBUG org.asynchttpclient.netty.channel.ChannelManager - Adding key: http://localhost:2905 for channel [id: 0xf94047ec, L:/127.0.0.1:59280 - R:localhost/127.0.0.1:2905]
00:20:01.257 [Forwarding screenshot on session ef9b602d92ae97b171ba6295389de4ce to remote] DEBUG org.asynchttpclient.netty.request.NettyRequestSender - Using pooled Channel '[id: 0xf94047ec, L:/127.0.0.1:59280 - R:localhost/127.0.0.1:2905]' for 'GET' to 'http://localhost:2905/session/ef9b602d92ae97b171ba6295389de4ce/screenshot'
00:20:01.257 [Forwarding screenshot on session ef9b602d92ae97b171ba6295389de4ce to remote] DEBUG org.asynchttpclient.netty.request.NettyRequestSender - Using open Channel [id: 0xf94047ec, L:/127.0.0.1:59280 - R:localhost/127.0.0.1:2905] for GET '/session/ef9b602d92ae97b171ba6295389de4ce/screenshot'
00:20:01.389 [AsyncHttpClient-1-2] DEBUG org.asynchttpclient.netty.handler.HttpHandler - 

Request DefaultFullHttpRequest(decodeResult: success, version: HTTP/1.1, content: EmptyByteBufBE)
GET /session/ef9b602d92ae97b171ba6295389de4ce/screenshot HTTP/1.1
User-Agent: selenium/4.8.1 (java windows)
Cache-Control: no-cache
Content-Type: application/json; charset=utf-8
host: localhost:2905
accept: */*

Response DefaultHttpResponse(decodeResult: success, version: HTTP/1.1)
HTTP/1.1 200 OK
Content-Length: 43940
Content-Type: application/json; charset=utf-8
cache-control: no-cache

00:20:01.391 [AsyncHttpClient-1-2] DEBUG org.asynchttpclient.netty.channel.ChannelManager - Adding key: http://localhost:2905 for channel [id: 0xf94047ec, L:/127.0.0.1:59280 - R:localhost/127.0.0.1:2905]
00:20:01.397 [main] DEBUG net.serenitybdd.core.photography.Darkroom - Send negative for processing for target\site\serenity\31e47a76886bb0961985735226789077010e6c3333faccd9ef958556582783bc.png
00:20:01.398 [Darkroom Processing Line] DEBUG net.serenitybdd.core.photography.DarkroomProcessingLine - Processing screenshot image in /var/screenshots/screenshot-7209639843193081633
00:20:01.398 [Darkroom Processing Line] DEBUG net.serenitybdd.core.photography.DarkroomProcessingLine - Saving screenshot to target\site\serenity\31e47a76886bb0961985735226789077010e6c3333faccd9ef958556582783bc.png
00:20:01.452 [Forwarding getAlertText on session ef9b602d92ae97b171ba6295389de4ce to remote] DEBUG org.asynchttpclient.netty.request.NettyRequestSender - Using pooled Channel '[id: 0xf94047ec, L:/127.0.0.1:59280 - R:localhost/127.0.0.1:2905]' for 'GET' to 'http://localhost:2905/session/ef9b602d92ae97b171ba6295389de4ce/alert/text'
00:20:01.452 [Forwarding getAlertText on session ef9b602d92ae97b171ba6295389de4ce to remote] DEBUG org.asynchttpclient.netty.request.NettyRequestSender - Using open Channel [id: 0xf94047ec, L:/127.0.0.1:59280 - R:localhost/127.0.0.1:2905] for GET '/session/ef9b602d92ae97b171ba6295389de4ce/alert/text'
00:20:01.486 [AsyncHttpClient-1-2] DEBUG org.asynchttpclient.netty.handler.HttpHandler - 

Request DefaultFullHttpRequest(decodeResult: success, version: HTTP/1.1, content: EmptyByteBufBE)
GET /session/ef9b602d92ae97b171ba6295389de4ce/alert/text HTTP/1.1
User-Agent: selenium/4.8.1 (java windows)
Cache-Control: no-cache
Content-Type: application/json; charset=utf-8
host: localhost:2905
accept: */*

Response DefaultHttpResponse(decodeResult: success, version: HTTP/1.1)
HTTP/1.1 404 Not Found
Content-Length: 848
Content-Type: application/json; charset=utf-8
cache-control: no-cache

00:20:01.486 [AsyncHttpClient-1-2] DEBUG org.asynchttpclient.netty.channel.ChannelManager - Adding key: http://localhost:2905 for channel [id: 0xf94047ec, L:/127.0.0.1:59280 - R:localhost/127.0.0.1:2905]
00:20:01.491 [Forwarding getCurrentUrl on session ef9b602d92ae97b171ba6295389de4ce to remote] DEBUG org.asynchttpclient.netty.request.NettyRequestSender - Using pooled Channel '[id: 0xf94047ec, L:/127.0.0.1:59280 - R:localhost/127.0.0.1:2905]' for 'GET' to 'http://localhost:2905/session/ef9b602d92ae97b171ba6295389de4ce/url'
00:20:01.492 [Forwarding getCurrentUrl on session ef9b602d92ae97b171ba6295389de4ce to remote] DEBUG org.asynchttpclient.netty.request.NettyRequestSender - Using open Channel [id: 0xf94047ec, L:/127.0.0.1:59280 - R:localhost/127.0.0.1:2905] for GET '/session/ef9b602d92ae97b171ba6295389de4ce/url'
00:20:01.516 [AsyncHttpClient-1-2] DEBUG org.asynchttpclient.netty.handler.HttpHandler - 

Request DefaultFullHttpRequest(decodeResult: success, version: HTTP/1.1, content: EmptyByteBufBE)
GET /session/ef9b602d92ae97b171ba6295389de4ce/url HTTP/1.1
User-Agent: selenium/4.8.1 (java windows)
Cache-Control: no-cache
Content-Type: application/json; charset=utf-8
host: localhost:2905
accept: */*

Response DefaultHttpResponse(decodeResult: success, version: HTTP/1.1)
HTTP/1.1 200 OK
Content-Length: 87
Content-Type: application/json; charset=utf-8
cache-control: no-cache

00:20:01.516 [AsyncHttpClient-1-2] DEBUG org.asynchttpclient.netty.channel.ChannelManager - Adding key: http://localhost:2905 for channel [id: 0xf94047ec, L:/127.0.0.1:59280 - R:localhost/127.0.0.1:2905]
00:20:01.519 [Forwarding screenshot on session ef9b602d92ae97b171ba6295389de4ce to remote] DEBUG org.asynchttpclient.netty.request.NettyRequestSender - Using pooled Channel '[id: 0xf94047ec, L:/127.0.0.1:59280 - R:localhost/127.0.0.1:2905]' for 'GET' to 'http://localhost:2905/session/ef9b602d92ae97b171ba6295389de4ce/screenshot'
00:20:01.519 [Forwarding screenshot on session ef9b602d92ae97b171ba6295389de4ce to remote] DEBUG org.asynchttpclient.netty.request.NettyRequestSender - Using open Channel [id: 0xf94047ec, L:/127.0.0.1:59280 - R:localhost/127.0.0.1:2905] for GET '/session/ef9b602d92ae97b171ba6295389de4ce/screenshot'
00:20:01.642 [AsyncHttpClient-1-2] DEBUG org.asynchttpclient.netty.handler.HttpHandler - 

Request DefaultFullHttpRequest(decodeResult: success, version: HTTP/1.1, content: EmptyByteBufBE)
GET /session/ef9b602d92ae97b171ba6295389de4ce/screenshot HTTP/1.1
User-Agent: selenium/4.8.1 (java windows)
Cache-Control: no-cache
Content-Type: application/json; charset=utf-8
host: localhost:2905
accept: */*

Response DefaultHttpResponse(decodeResult: success, version: HTTP/1.1)
HTTP/1.1 200 OK
Content-Length: 43940
Content-Type: application/json; charset=utf-8
cache-control: no-cache

00:20:01.644 [AsyncHttpClient-1-2] DEBUG org.asynchttpclient.netty.channel.ChannelManager - Adding key: http://localhost:2905 for channel [id: 0xf94047ec, L:/127.0.0.1:59280 - R:localhost/127.0.0.1:2905]
00:20:01.647 [main] DEBUG net.serenitybdd.core.photography.Darkroom - Send negative for processing for target\site\serenity\31e47a76886bb0961985735226789077010e6c3333faccd9ef958556582783bc.png
00:20:01.650 [Forwarding getPageSource on session ef9b602d92ae97b171ba6295389de4ce to remote] DEBUG org.asynchttpclient.netty.request.NettyRequestSender - Using pooled Channel '[id: 0xf94047ec, L:/127.0.0.1:59280 - R:localhost/127.0.0.1:2905]' for 'POST' to 'http://localhost:2905/session/ef9b602d92ae97b171ba6295389de4ce/execute/sync'
00:20:01.650 [Forwarding getPageSource on session ef9b602d92ae97b171ba6295389de4ce to remote] DEBUG org.asynchttpclient.netty.request.NettyRequestSender - Using open Channel [id: 0xf94047ec, L:/127.0.0.1:59280 - R:localhost/127.0.0.1:2905] for POST '/session/ef9b602d92ae97b171ba6295389de4ce/execute/sync'
00:20:01.664 [AsyncHttpClient-1-2] DEBUG org.asynchttpclient.netty.handler.HttpHandler - 

Request DefaultHttpRequest(decodeResult: success, version: HTTP/1.1)
POST /session/ef9b602d92ae97b171ba6295389de4ce/execute/sync HTTP/1.1
User-Agent: selenium/4.8.1 (java windows)
Content-Length: 176
Content-Type: application/json; charset=utf-8
host: localhost:2905
accept: */*

Response DefaultHttpResponse(decodeResult: success, version: HTTP/1.1)
HTTP/1.1 200 OK
Content-Length: 9513
Content-Type: application/json; charset=utf-8
cache-control: no-cache

00:20:01.664 [AsyncHttpClient-1-2] DEBUG org.asynchttpclient.netty.channel.ChannelManager - Adding key: http://localhost:2905 for channel [id: 0xf94047ec, L:/127.0.0.1:59280 - R:localhost/127.0.0.1:2905]
00:20:01.672 [Forwarding getCurrentUrl on session ef9b602d92ae97b171ba6295389de4ce to remote] DEBUG org.asynchttpclient.netty.request.NettyRequestSender - Using pooled Channel '[id: 0xf94047ec, L:/127.0.0.1:59280 - R:localhost/127.0.0.1:2905]' for 'GET' to 'http://localhost:2905/session/ef9b602d92ae97b171ba6295389de4ce/url'
00:20:01.672 [Forwarding getCurrentUrl on session ef9b602d92ae97b171ba6295389de4ce to remote] DEBUG org.asynchttpclient.netty.request.NettyRequestSender - Using open Channel [id: 0xf94047ec, L:/127.0.0.1:59280 - R:localhost/127.0.0.1:2905] for GET '/session/ef9b602d92ae97b171ba6295389de4ce/url'
00:20:01.683 [AsyncHttpClient-1-2] DEBUG org.asynchttpclient.netty.handler.HttpHandler - 

Request DefaultFullHttpRequest(decodeResult: success, version: HTTP/1.1, content: EmptyByteBufBE)
GET /session/ef9b602d92ae97b171ba6295389de4ce/url HTTP/1.1
User-Agent: selenium/4.8.1 (java windows)
Cache-Control: no-cache
Content-Type: application/json; charset=utf-8
host: localhost:2905
accept: */*

Response DefaultHttpResponse(decodeResult: success, version: HTTP/1.1)
HTTP/1.1 200 OK
Content-Length: 87
Content-Type: application/json; charset=utf-8
cache-control: no-cache

00:20:01.683 [AsyncHttpClient-1-2] DEBUG org.asynchttpclient.netty.channel.ChannelManager - Adding key: http://localhost:2905 for channel [id: 0xf94047ec, L:/127.0.0.1:59280 - R:localhost/127.0.0.1:2905]
00:20:01.693 [Forwarding findElement on session ef9b602d92ae97b171ba6295389de4ce to remote] DEBUG org.asynchttpclient.netty.request.NettyRequestSender - Using pooled Channel '[id: 0xf94047ec, L:/127.0.0.1:59280 - R:localhost/127.0.0.1:2905]' for 'POST' to 'http://localhost:2905/session/ef9b602d92ae97b171ba6295389de4ce/element'
00:20:01.693 [Forwarding findElement on session ef9b602d92ae97b171ba6295389de4ce to remote] DEBUG org.asynchttpclient.netty.request.NettyRequestSender - Using open Channel [id: 0xf94047ec, L:/127.0.0.1:59280 - R:localhost/127.0.0.1:2905] for POST '/session/ef9b602d92ae97b171ba6295389de4ce/element'
00:20:01.719 [AsyncHttpClient-1-2] DEBUG org.asynchttpclient.netty.handler.HttpHandler - 

Request DefaultHttpRequest(decodeResult: success, version: HTTP/1.1)
POST /session/ef9b602d92ae97b171ba6295389de4ce/element HTTP/1.1
User-Agent: selenium/4.8.1 (java windows)
Content-Length: 62
Content-Type: application/json; charset=utf-8
host: localhost:2905
accept: */*

Response DefaultHttpResponse(decodeResult: success, version: HTTP/1.1)
HTTP/1.1 200 OK
Content-Length: 94
Content-Type: application/json; charset=utf-8
cache-control: no-cache

00:20:01.719 [AsyncHttpClient-1-2] DEBUG org.asynchttpclient.netty.channel.ChannelManager - Adding key: http://localhost:2905 for channel [id: 0xf94047ec, L:/127.0.0.1:59280 - R:localhost/127.0.0.1:2905]
00:20:01.722 [Forwarding clearElement on session ef9b602d92ae97b171ba6295389de4ce to remote] DEBUG org.asynchttpclient.netty.request.NettyRequestSender - Using pooled Channel '[id: 0xf94047ec, L:/127.0.0.1:59280 - R:localhost/127.0.0.1:2905]' for 'POST' to 'http://localhost:2905/session/ef9b602d92ae97b171ba6295389de4ce/element/99722CC3069865B2FEBDF948FE0FB770_element_4/clear'
00:20:01.722 [Forwarding clearElement on session ef9b602d92ae97b171ba6295389de4ce to remote] DEBUG org.asynchttpclient.netty.request.NettyRequestSender - Using open Channel [id: 0xf94047ec, L:/127.0.0.1:59280 - R:localhost/127.0.0.1:2905] for POST '/session/ef9b602d92ae97b171ba6295389de4ce/element/99722CC3069865B2FEBDF948FE0FB770_element_4/clear'
00:20:01.799 [AsyncHttpClient-1-2] DEBUG org.asynchttpclient.netty.handler.HttpHandler - 

Request DefaultHttpRequest(decodeResult: success, version: HTTP/1.1)
POST /session/ef9b602d92ae97b171ba6295389de4ce/element/99722CC3069865B2FEBDF948FE0FB770_element_4/clear HTTP/1.1
User-Agent: selenium/4.8.1 (java windows)
Content-Length: 56
Content-Type: application/json; charset=utf-8
host: localhost:2905
accept: */*

Response DefaultHttpResponse(decodeResult: success, version: HTTP/1.1)
HTTP/1.1 200 OK
Content-Length: 14
Content-Type: application/json; charset=utf-8
cache-control: no-cache

00:20:01.799 [AsyncHttpClient-1-2] DEBUG org.asynchttpclient.netty.channel.ChannelManager - Adding key: http://localhost:2905 for channel [id: 0xf94047ec, L:/127.0.0.1:59280 - R:localhost/127.0.0.1:2905]
00:20:01.806 [Forwarding sendKeysToElement on session ef9b602d92ae97b171ba6295389de4ce to remote] DEBUG org.asynchttpclient.netty.request.NettyRequestSender - Using pooled Channel '[id: 0xf94047ec, L:/127.0.0.1:59280 - R:localhost/127.0.0.1:2905]' for 'POST' to 'http://localhost:2905/session/ef9b602d92ae97b171ba6295389de4ce/element/99722CC3069865B2FEBDF948FE0FB770_element_4/value'
00:20:01.807 [Forwarding sendKeysToElement on session ef9b602d92ae97b171ba6295389de4ce to remote] DEBUG org.asynchttpclient.netty.request.NettyRequestSender - Using open Channel [id: 0xf94047ec, L:/127.0.0.1:59280 - R:localhost/127.0.0.1:2905] for POST '/session/ef9b602d92ae97b171ba6295389de4ce/element/99722CC3069865B2FEBDF948FE0FB770_element_4/value'
00:20:01.924 [AsyncHttpClient-1-2] DEBUG org.asynchttpclient.netty.handler.HttpHandler - 

Request DefaultHttpRequest(decodeResult: success, version: HTTP/1.1)
POST /session/ef9b602d92ae97b171ba6295389de4ce/element/99722CC3069865B2FEBDF948FE0FB770_element_4/value HTTP/1.1
User-Agent: selenium/4.8.1 (java windows)
Content-Length: 167
Content-Type: application/json; charset=utf-8
host: localhost:2905
accept: */*

Response DefaultHttpResponse(decodeResult: success, version: HTTP/1.1)
HTTP/1.1 200 OK
Content-Length: 14
Content-Type: application/json; charset=utf-8
cache-control: no-cache

00:20:01.924 [AsyncHttpClient-1-2] DEBUG org.asynchttpclient.netty.channel.ChannelManager - Adding key: http://localhost:2905 for channel [id: 0xf94047ec, L:/127.0.0.1:59280 - R:localhost/127.0.0.1:2905]
  &amp#27;[32mAnd &amp#27;[0m&amp#27;[32mI input valid password&amp#27;[0m                       &amp#27;[90m# starter.stepdefinitions.LoginSteps.inputValidPassword()&amp#27;[0m
00:20:01.943 [Forwarding getAlertText on session ef9b602d92ae97b171ba6295389de4ce to remote] DEBUG org.asynchttpclient.netty.request.NettyRequestSender - Using pooled Channel '[id: 0xf94047ec, L:/127.0.0.1:59280 - R:localhost/127.0.0.1:2905]' for 'GET' to 'http://localhost:2905/session/ef9b602d92ae97b171ba6295389de4ce/alert/text'
00:20:01.943 [Forwarding getAlertText on session ef9b602d92ae97b171ba6295389de4ce to remote] DEBUG org.asynchttpclient.netty.request.NettyRequestSender - Using open Channel [id: 0xf94047ec, L:/127.0.0.1:59280 - R:localhost/127.0.0.1:2905] for GET '/session/ef9b602d92ae97b171ba6295389de4ce/alert/text'
00:20:01.948 [AsyncHttpClient-1-2] DEBUG org.asynchttpclient.netty.handler.HttpHandler - 

Request DefaultFullHttpRequest(decodeResult: success, version: HTTP/1.1, content: EmptyByteBufBE)
GET /session/ef9b602d92ae97b171ba6295389de4ce/alert/text HTTP/1.1
User-Agent: selenium/4.8.1 (java windows)
Cache-Control: no-cache
Content-Type: application/json; charset=utf-8
host: localhost:2905
accept: */*

Response DefaultHttpResponse(decodeResult: success, version: HTTP/1.1)
HTTP/1.1 404 Not Found
Content-Length: 848
Content-Type: application/json; charset=utf-8
cache-control: no-cache

00:20:01.949 [AsyncHttpClient-1-2] DEBUG org.asynchttpclient.netty.channel.ChannelManager - Adding key: http://localhost:2905 for channel [id: 0xf94047ec, L:/127.0.0.1:59280 - R:localhost/127.0.0.1:2905]
00:20:01.952 [Forwarding getCurrentUrl on session ef9b602d92ae97b171ba6295389de4ce to remote] DEBUG org.asynchttpclient.netty.request.NettyRequestSender - Using pooled Channel '[id: 0xf94047ec, L:/127.0.0.1:59280 - R:localhost/127.0.0.1:2905]' for 'GET' to 'http://localhost:2905/session/ef9b602d92ae97b171ba6295389de4ce/url'
00:20:01.953 [Forwarding getCurrentUrl on session ef9b602d92ae97b171ba6295389de4ce to remote] DEBUG org.asynchttpclient.netty.request.NettyRequestSender - Using open Channel [id: 0xf94047ec, L:/127.0.0.1:59280 - R:localhost/127.0.0.1:2905] for GET '/session/ef9b602d92ae97b171ba6295389de4ce/url'
00:20:01.964 [AsyncHttpClient-1-2] DEBUG org.asynchttpclient.netty.handler.HttpHandler - 

Request DefaultFullHttpRequest(decodeResult: success, version: HTTP/1.1, content: EmptyByteBufBE)
GET /session/ef9b602d92ae97b171ba6295389de4ce/url HTTP/1.1
User-Agent: selenium/4.8.1 (java windows)
Cache-Control: no-cache
Content-Type: application/json; charset=utf-8
host: localhost:2905
accept: */*

Response DefaultHttpResponse(decodeResult: success, version: HTTP/1.1)
HTTP/1.1 200 OK
Content-Length: 87
Content-Type: application/json; charset=utf-8
cache-control: no-cache

00:20:01.964 [AsyncHttpClient-1-2] DEBUG org.asynchttpclient.netty.channel.ChannelManager - Adding key: http://localhost:2905 for channel [id: 0xf94047ec, L:/127.0.0.1:59280 - R:localhost/127.0.0.1:2905]
00:20:01.965 [Forwarding screenshot on session ef9b602d92ae97b171ba6295389de4ce to remote] DEBUG org.asynchttpclient.netty.request.NettyRequestSender - Using pooled Channel '[id: 0xf94047ec, L:/127.0.0.1:59280 - R:localhost/127.0.0.1:2905]' for 'GET' to 'http://localhost:2905/session/ef9b602d92ae97b171ba6295389de4ce/screenshot'
00:20:01.965 [Forwarding screenshot on session ef9b602d92ae97b171ba6295389de4ce to remote] DEBUG org.asynchttpclient.netty.request.NettyRequestSender - Using open Channel [id: 0xf94047ec, L:/127.0.0.1:59280 - R:localhost/127.0.0.1:2905] for GET '/session/ef9b602d92ae97b171ba6295389de4ce/screenshot'
00:20:02.052 [AsyncHttpClient-1-2] DEBUG org.asynchttpclient.netty.handler.HttpHandler - 

Request DefaultFullHttpRequest(decodeResult: success, version: HTTP/1.1, content: EmptyByteBufBE)
GET /session/ef9b602d92ae97b171ba6295389de4ce/screenshot HTTP/1.1
User-Agent: selenium/4.8.1 (java windows)
Cache-Control: no-cache
Content-Type: application/json; charset=utf-8
host: localhost:2905
accept: */*

Response DefaultHttpResponse(decodeResult: success, version: HTTP/1.1)
HTTP/1.1 200 OK
Content-Length: 41416
Content-Type: application/json; charset=utf-8
cache-control: no-cache

00:20:02.053 [AsyncHttpClient-1-2] DEBUG org.asynchttpclient.netty.channel.ChannelManager - Adding key: http://localhost:2905 for channel [id: 0xf94047ec, L:/127.0.0.1:59280 - R:localhost/127.0.0.1:2905]
00:20:02.056 [main] DEBUG net.serenitybdd.core.photography.Darkroom - Send negative for processing for target\site\serenity\20387ad27f768e286db3eecd21b0337e075f7fa2886d1a0cbf5bc0623d1fe0d7.png
00:20:02.057 [Darkroom Processing Line] DEBUG net.serenitybdd.core.photography.DarkroomProcessingLine - Processing screenshot image in /var/screenshots/screenshot-7170987351480862660
00:20:02.057 [Darkroom Processing Line] DEBUG net.serenitybdd.core.photography.DarkroomProcessingLine - Saving screenshot to target\site\serenity\20387ad27f768e286db3eecd21b0337e075f7fa2886d1a0cbf5bc0623d1fe0d7.png
00:20:02.064 [Forwarding getPageSource on session ef9b602d92ae97b171ba6295389de4ce to remote] DEBUG org.asynchttpclient.netty.request.NettyRequestSender - Using pooled Channel '[id: 0xf94047ec, L:/127.0.0.1:59280 - R:localhost/127.0.0.1:2905]' for 'POST' to 'http://localhost:2905/session/ef9b602d92ae97b171ba6295389de4ce/execute/sync'
00:20:02.064 [Forwarding getPageSource on session ef9b602d92ae97b171ba6295389de4ce to remote] DEBUG org.asynchttpclient.netty.request.NettyRequestSender - Using open Channel [id: 0xf94047ec, L:/127.0.0.1:59280 - R:localhost/127.0.0.1:2905] for POST '/session/ef9b602d92ae97b171ba6295389de4ce/execute/sync'
00:20:02.072 [AsyncHttpClient-1-2] DEBUG org.asynchttpclient.netty.handler.HttpHandler - 

Request DefaultHttpRequest(decodeResult: success, version: HTTP/1.1)
POST /session/ef9b602d92ae97b171ba6295389de4ce/execute/sync HTTP/1.1
User-Agent: selenium/4.8.1 (java windows)
Content-Length: 176
Content-Type: application/json; charset=utf-8
host: localhost:2905
accept: */*

Response DefaultHttpResponse(decodeResult: success, version: HTTP/1.1)
HTTP/1.1 200 OK
Content-Length: 9521
Content-Type: application/json; charset=utf-8
cache-control: no-cache

00:20:02.072 [AsyncHttpClient-1-2] DEBUG org.asynchttpclient.netty.channel.ChannelManager - Adding key: http://localhost:2905 for channel [id: 0xf94047ec, L:/127.0.0.1:59280 - R:localhost/127.0.0.1:2905]
00:20:02.077 [Forwarding getCurrentUrl on session ef9b602d92ae97b171ba6295389de4ce to remote] DEBUG org.asynchttpclient.netty.request.NettyRequestSender - Using pooled Channel '[id: 0xf94047ec, L:/127.0.0.1:59280 - R:localhost/127.0.0.1:2905]' for 'GET' to 'http://localhost:2905/session/ef9b602d92ae97b171ba6295389de4ce/url'
00:20:02.077 [Forwarding getCurrentUrl on session ef9b602d92ae97b171ba6295389de4ce to remote] DEBUG org.asynchttpclient.netty.request.NettyRequestSender - Using open Channel [id: 0xf94047ec, L:/127.0.0.1:59280 - R:localhost/127.0.0.1:2905] for GET '/session/ef9b602d92ae97b171ba6295389de4ce/url'
00:20:02.083 [AsyncHttpClient-1-2] DEBUG org.asynchttpclient.netty.handler.HttpHandler - 

Request DefaultFullHttpRequest(decodeResult: success, version: HTTP/1.1, content: EmptyByteBufBE)
GET /session/ef9b602d92ae97b171ba6295389de4ce/url HTTP/1.1
User-Agent: selenium/4.8.1 (java windows)
Cache-Control: no-cache
Content-Type: application/json; charset=utf-8
host: localhost:2905
accept: */*

Response DefaultHttpResponse(decodeResult: success, version: HTTP/1.1)
HTTP/1.1 200 OK
Content-Length: 87
Content-Type: application/json; charset=utf-8
cache-control: no-cache

00:20:02.083 [AsyncHttpClient-1-2] DEBUG org.asynchttpclient.netty.channel.ChannelManager - Adding key: http://localhost:2905 for channel [id: 0xf94047ec, L:/127.0.0.1:59280 - R:localhost/127.0.0.1:2905]
00:20:02.095 [Forwarding findElement on session ef9b602d92ae97b171ba6295389de4ce to remote] DEBUG org.asynchttpclient.netty.request.NettyRequestSender - Using pooled Channel '[id: 0xf94047ec, L:/127.0.0.1:59280 - R:localhost/127.0.0.1:2905]' for 'POST' to 'http://localhost:2905/session/ef9b602d92ae97b171ba6295389de4ce/element'
00:20:02.096 [Forwarding findElement on session ef9b602d92ae97b171ba6295389de4ce to remote] DEBUG org.asynchttpclient.netty.request.NettyRequestSender - Using open Channel [id: 0xf94047ec, L:/127.0.0.1:59280 - R:localhost/127.0.0.1:2905] for POST '/session/ef9b602d92ae97b171ba6295389de4ce/element'
00:20:02.105 [AsyncHttpClient-1-2] DEBUG org.asynchttpclient.netty.handler.HttpHandler - 

Request DefaultHttpRequest(decodeResult: success, version: HTTP/1.1)
POST /session/ef9b602d92ae97b171ba6295389de4ce/element HTTP/1.1
User-Agent: selenium/4.8.1 (java windows)
Content-Length: 59
Content-Type: application/json; charset=utf-8
host: localhost:2905
accept: */*

Response DefaultHttpResponse(decodeResult: success, version: HTTP/1.1)
HTTP/1.1 200 OK
Content-Length: 94
Content-Type: application/json; charset=utf-8
cache-control: no-cache

00:20:02.106 [AsyncHttpClient-1-2] DEBUG org.asynchttpclient.netty.channel.ChannelManager - Adding key: http://localhost:2905 for channel [id: 0xf94047ec, L:/127.0.0.1:59280 - R:localhost/127.0.0.1:2905]
00:20:02.110 [Forwarding getElementTagName on session ef9b602d92ae97b171ba6295389de4ce to remote] DEBUG org.asynchttpclient.netty.request.NettyRequestSender - Using pooled Channel '[id: 0xf94047ec, L:/127.0.0.1:59280 - R:localhost/127.0.0.1:2905]' for 'GET' to 'http://localhost:2905/session/ef9b602d92ae97b171ba6295389de4ce/element/99722CC3069865B2FEBDF948FE0FB770_element_3/name'
00:20:02.110 [Forwarding getElementTagName on session ef9b602d92ae97b171ba6295389de4ce to remote] DEBUG org.asynchttpclient.netty.request.NettyRequestSender - Using open Channel [id: 0xf94047ec, L:/127.0.0.1:59280 - R:localhost/127.0.0.1:2905] for GET '/session/ef9b602d92ae97b171ba6295389de4ce/element/99722CC3069865B2FEBDF948FE0FB770_element_3/name'
00:20:02.117 [AsyncHttpClient-1-2] DEBUG org.asynchttpclient.netty.handler.HttpHandler - 

Request DefaultFullHttpRequest(decodeResult: success, version: HTTP/1.1, content: EmptyByteBufBE)
GET /session/ef9b602d92ae97b171ba6295389de4ce/element/99722CC3069865B2FEBDF948FE0FB770_element_3/name HTTP/1.1
User-Agent: selenium/4.8.1 (java windows)
Cache-Control: no-cache
Content-Type: application/json; charset=utf-8
host: localhost:2905
accept: */*

Response DefaultHttpResponse(decodeResult: success, version: HTTP/1.1)
HTTP/1.1 200 OK
Content-Length: 18
Content-Type: application/json; charset=utf-8
cache-control: no-cache

00:20:02.118 [AsyncHttpClient-1-2] DEBUG org.asynchttpclient.netty.channel.ChannelManager - Adding key: http://localhost:2905 for channel [id: 0xf94047ec, L:/127.0.0.1:59280 - R:localhost/127.0.0.1:2905]
00:20:02.120 [Forwarding getElementTagName on session ef9b602d92ae97b171ba6295389de4ce to remote] DEBUG org.asynchttpclient.netty.request.NettyRequestSender - Using pooled Channel '[id: 0xf94047ec, L:/127.0.0.1:59280 - R:localhost/127.0.0.1:2905]' for 'GET' to 'http://localhost:2905/session/ef9b602d92ae97b171ba6295389de4ce/element/99722CC3069865B2FEBDF948FE0FB770_element_3/name'
00:20:02.120 [Forwarding getElementTagName on session ef9b602d92ae97b171ba6295389de4ce to remote] DEBUG org.asynchttpclient.netty.request.NettyRequestSender - Using open Channel [id: 0xf94047ec, L:/127.0.0.1:59280 - R:localhost/127.0.0.1:2905] for GET '/session/ef9b602d92ae97b171ba6295389de4ce/element/99722CC3069865B2FEBDF948FE0FB770_element_3/name'
00:20:02.127 [AsyncHttpClient-1-2] DEBUG org.asynchttpclient.netty.handler.HttpHandler - 

Request DefaultFullHttpRequest(decodeResult: success, version: HTTP/1.1, content: EmptyByteBufBE)
GET /session/ef9b602d92ae97b171ba6295389de4ce/element/99722CC3069865B2FEBDF948FE0FB770_element_3/name HTTP/1.1
User-Agent: selenium/4.8.1 (java windows)
Cache-Control: no-cache
Content-Type: application/json; charset=utf-8
host: localhost:2905
accept: */*

Response DefaultHttpResponse(decodeResult: success, version: HTTP/1.1)
HTTP/1.1 200 OK
Content-Length: 18
Content-Type: application/json; charset=utf-8
cache-control: no-cache

00:20:02.127 [AsyncHttpClient-1-2] DEBUG org.asynchttpclient.netty.channel.ChannelManager - Adding key: http://localhost:2905 for channel [id: 0xf94047ec, L:/127.0.0.1:59280 - R:localhost/127.0.0.1:2905]
00:20:02.132 [Forwarding isElementEnabled on session ef9b602d92ae97b171ba6295389de4ce to remote] DEBUG org.asynchttpclient.netty.request.NettyRequestSender - Using pooled Channel '[id: 0xf94047ec, L:/127.0.0.1:59280 - R:localhost/127.0.0.1:2905]' for 'GET' to 'http://localhost:2905/session/ef9b602d92ae97b171ba6295389de4ce/element/99722CC3069865B2FEBDF948FE0FB770_element_3/enabled'
00:20:02.132 [Forwarding isElementEnabled on session ef9b602d92ae97b171ba6295389de4ce to remote] DEBUG org.asynchttpclient.netty.request.NettyRequestSender - Using open Channel [id: 0xf94047ec, L:/127.0.0.1:59280 - R:localhost/127.0.0.1:2905] for GET '/session/ef9b602d92ae97b171ba6295389de4ce/element/99722CC3069865B2FEBDF948FE0FB770_element_3/enabled'
00:20:02.141 [AsyncHttpClient-1-2] DEBUG org.asynchttpclient.netty.handler.HttpHandler - 

Request DefaultFullHttpRequest(decodeResult: success, version: HTTP/1.1, content: EmptyByteBufBE)
GET /session/ef9b602d92ae97b171ba6295389de4ce/element/99722CC3069865B2FEBDF948FE0FB770_element_3/enabled HTTP/1.1
User-Agent: selenium/4.8.1 (java windows)
Cache-Control: no-cache
Content-Type: application/json; charset=utf-8
host: localhost:2905
accept: */*

Response DefaultHttpResponse(decodeResult: success, version: HTTP/1.1)
HTTP/1.1 200 OK
Content-Length: 14
Content-Type: application/json; charset=utf-8
cache-control: no-cache

00:20:02.141 [AsyncHttpClient-1-2] DEBUG org.asynchttpclient.netty.channel.ChannelManager - Adding key: http://localhost:2905 for channel [id: 0xf94047ec, L:/127.0.0.1:59280 - R:localhost/127.0.0.1:2905]
00:20:02.144 [Forwarding isElementEnabled on session ef9b602d92ae97b171ba6295389de4ce to remote] DEBUG org.asynchttpclient.netty.request.NettyRequestSender - Using pooled Channel '[id: 0xf94047ec, L:/127.0.0.1:59280 - R:localhost/127.0.0.1:2905]' for 'GET' to 'http://localhost:2905/session/ef9b602d92ae97b171ba6295389de4ce/element/99722CC3069865B2FEBDF948FE0FB770_element_3/enabled'
00:20:02.144 [Forwarding isElementEnabled on session ef9b602d92ae97b171ba6295389de4ce to remote] DEBUG org.asynchttpclient.netty.request.NettyRequestSender - Using open Channel [id: 0xf94047ec, L:/127.0.0.1:59280 - R:localhost/127.0.0.1:2905] for GET '/session/ef9b602d92ae97b171ba6295389de4ce/element/99722CC3069865B2FEBDF948FE0FB770_element_3/enabled'
00:20:02.152 [AsyncHttpClient-1-2] DEBUG org.asynchttpclient.netty.handler.HttpHandler - 

Request DefaultFullHttpRequest(decodeResult: success, version: HTTP/1.1, content: EmptyByteBufBE)
GET /session/ef9b602d92ae97b171ba6295389de4ce/element/99722CC3069865B2FEBDF948FE0FB770_element_3/enabled HTTP/1.1
User-Agent: selenium/4.8.1 (java windows)
Cache-Control: no-cache
Content-Type: application/json; charset=utf-8
host: localhost:2905
accept: */*

Response DefaultHttpResponse(decodeResult: success, version: HTTP/1.1)
HTTP/1.1 200 OK
Content-Length: 14
Content-Type: application/json; charset=utf-8
cache-control: no-cache

00:20:02.152 [AsyncHttpClient-1-2] DEBUG org.asynchttpclient.netty.channel.ChannelManager - Adding key: http://localhost:2905 for channel [id: 0xf94047ec, L:/127.0.0.1:59280 - R:localhost/127.0.0.1:2905]
00:20:02.155 [Forwarding findElement on session ef9b602d92ae97b171ba6295389de4ce to remote] DEBUG org.asynchttpclient.netty.request.NettyRequestSender - Using pooled Channel '[id: 0xf94047ec, L:/127.0.0.1:59280 - R:localhost/127.0.0.1:2905]' for 'POST' to 'http://localhost:2905/session/ef9b602d92ae97b171ba6295389de4ce/element'
00:20:02.155 [Forwarding findElement on session ef9b602d92ae97b171ba6295389de4ce to remote] DEBUG org.asynchttpclient.netty.request.NettyRequestSender - Using open Channel [id: 0xf94047ec, L:/127.0.0.1:59280 - R:localhost/127.0.0.1:2905] for POST '/session/ef9b602d92ae97b171ba6295389de4ce/element'
00:20:02.164 [AsyncHttpClient-1-2] DEBUG org.asynchttpclient.netty.handler.HttpHandler - 

Request DefaultHttpRequest(decodeResult: success, version: HTTP/1.1)
POST /session/ef9b602d92ae97b171ba6295389de4ce/element HTTP/1.1
User-Agent: selenium/4.8.1 (java windows)
Content-Length: 59
Content-Type: application/json; charset=utf-8
host: localhost:2905
accept: */*

Response DefaultHttpResponse(decodeResult: success, version: HTTP/1.1)
HTTP/1.1 200 OK
Content-Length: 94
Content-Type: application/json; charset=utf-8
cache-control: no-cache

00:20:02.164 [AsyncHttpClient-1-2] DEBUG org.asynchttpclient.netty.channel.ChannelManager - Adding key: http://localhost:2905 for channel [id: 0xf94047ec, L:/127.0.0.1:59280 - R:localhost/127.0.0.1:2905]
00:20:02.167 [Forwarding clickElement on session ef9b602d92ae97b171ba6295389de4ce to remote] DEBUG org.asynchttpclient.netty.request.NettyRequestSender - Using pooled Channel '[id: 0xf94047ec, L:/127.0.0.1:59280 - R:localhost/127.0.0.1:2905]' for 'POST' to 'http://localhost:2905/session/ef9b602d92ae97b171ba6295389de4ce/element/99722CC3069865B2FEBDF948FE0FB770_element_3/click'
00:20:02.167 [Forwarding clickElement on session ef9b602d92ae97b171ba6295389de4ce to remote] DEBUG org.asynchttpclient.netty.request.NettyRequestSender - Using open Channel [id: 0xf94047ec, L:/127.0.0.1:59280 - R:localhost/127.0.0.1:2905] for POST '/session/ef9b602d92ae97b171ba6295389de4ce/element/99722CC3069865B2FEBDF948FE0FB770_element_3/click'
00:20:02.188 [AsyncHttpClient-1-1] DEBUG org.asynchttpclient.netty.channel.DefaultChannelPool - Entry count for : http://localhost:59281 : 1
00:20:02.239 [AsyncHttpClient-1-2] DEBUG org.asynchttpclient.netty.handler.HttpHandler - 

Request DefaultHttpRequest(decodeResult: success, version: HTTP/1.1)
POST /session/ef9b602d92ae97b171ba6295389de4ce/element/99722CC3069865B2FEBDF948FE0FB770_element_3/click HTTP/1.1
User-Agent: selenium/4.8.1 (java windows)
Content-Length: 56
Content-Type: application/json; charset=utf-8
host: localhost:2905
accept: */*

Response DefaultHttpResponse(decodeResult: success, version: HTTP/1.1)
HTTP/1.1 200 OK
Content-Length: 14
Content-Type: application/json; charset=utf-8
cache-control: no-cache

00:20:02.240 [AsyncHttpClient-1-2] DEBUG org.asynchttpclient.netty.channel.ChannelManager - Adding key: http://localhost:2905 for channel [id: 0xf94047ec, L:/127.0.0.1:59280 - R:localhost/127.0.0.1:2905]
  &amp#27;[32mAnd &amp#27;[0m&amp#27;[32mI click signin button&amp#27;[0m                        &amp#27;[90m# starter.stepdefinitions.LoginSteps.clickSigninButton()&amp#27;[0m
00:20:02.250 [Forwarding getAlertText on session ef9b602d92ae97b171ba6295389de4ce to remote] DEBUG org.asynchttpclient.netty.request.NettyRequestSender - Using pooled Channel '[id: 0xf94047ec, L:/127.0.0.1:59280 - R:localhost/127.0.0.1:2905]' for 'GET' to 'http://localhost:2905/session/ef9b602d92ae97b171ba6295389de4ce/alert/text'
00:20:02.251 [Forwarding getAlertText on session ef9b602d92ae97b171ba6295389de4ce to remote] DEBUG org.asynchttpclient.netty.request.NettyRequestSender - Using open Channel [id: 0xf94047ec, L:/127.0.0.1:59280 - R:localhost/127.0.0.1:2905] for GET '/session/ef9b602d92ae97b171ba6295389de4ce/alert/text'
00:20:02.253 [AsyncHttpClient-1-2] DEBUG org.asynchttpclient.netty.handler.HttpHandler - 

Request DefaultFullHttpRequest(decodeResult: success, version: HTTP/1.1, content: EmptyByteBufBE)
GET /session/ef9b602d92ae97b171ba6295389de4ce/alert/text HTTP/1.1
User-Agent: selenium/4.8.1 (java windows)
Cache-Control: no-cache
Content-Type: application/json; charset=utf-8
host: localhost:2905
accept: */*

Response DefaultHttpResponse(decodeResult: success, version: HTTP/1.1)
HTTP/1.1 404 Not Found
Content-Length: 848
Content-Type: application/json; charset=utf-8
cache-control: no-cache

00:20:02.253 [AsyncHttpClient-1-2] DEBUG org.asynchttpclient.netty.channel.ChannelManager - Adding key: http://localhost:2905 for channel [id: 0xf94047ec, L:/127.0.0.1:59280 - R:localhost/127.0.0.1:2905]
00:20:02.256 [Forwarding getCurrentUrl on session ef9b602d92ae97b171ba6295389de4ce to remote] DEBUG org.asynchttpclient.netty.request.NettyRequestSender - Using pooled Channel '[id: 0xf94047ec, L:/127.0.0.1:59280 - R:localhost/127.0.0.1:2905]' for 'GET' to 'http://localhost:2905/session/ef9b602d92ae97b171ba6295389de4ce/url'
00:20:02.256 [Forwarding getCurrentUrl on session ef9b602d92ae97b171ba6295389de4ce to remote] DEBUG org.asynchttpclient.netty.request.NettyRequestSender - Using open Channel [id: 0xf94047ec, L:/127.0.0.1:59280 - R:localhost/127.0.0.1:2905] for GET '/session/ef9b602d92ae97b171ba6295389de4ce/url'
00:20:02.264 [AsyncHttpClient-1-2] DEBUG org.asynchttpclient.netty.handler.HttpHandler - 

Request DefaultFullHttpRequest(decodeResult: success, version: HTTP/1.1, content: EmptyByteBufBE)
GET /session/ef9b602d92ae97b171ba6295389de4ce/url HTTP/1.1
User-Agent: selenium/4.8.1 (java windows)
Cache-Control: no-cache
Content-Type: application/json; charset=utf-8
host: localhost:2905
accept: */*

Response DefaultHttpResponse(decodeResult: success, version: HTTP/1.1)
HTTP/1.1 200 OK
Content-Length: 87
Content-Type: application/json; charset=utf-8
cache-control: no-cache

00:20:02.264 [AsyncHttpClient-1-2] DEBUG org.asynchttpclient.netty.channel.ChannelManager - Adding key: http://localhost:2905 for channel [id: 0xf94047ec, L:/127.0.0.1:59280 - R:localhost/127.0.0.1:2905]
00:20:02.266 [Forwarding screenshot on session ef9b602d92ae97b171ba6295389de4ce to remote] DEBUG org.asynchttpclient.netty.request.NettyRequestSender - Using pooled Channel '[id: 0xf94047ec, L:/127.0.0.1:59280 - R:localhost/127.0.0.1:2905]' for 'GET' to 'http://localhost:2905/session/ef9b602d92ae97b171ba6295389de4ce/screenshot'
00:20:02.266 [Forwarding screenshot on session ef9b602d92ae97b171ba6295389de4ce to remote] DEBUG org.asynchttpclient.netty.request.NettyRequestSender - Using open Channel [id: 0xf94047ec, L:/127.0.0.1:59280 - R:localhost/127.0.0.1:2905] for GET '/session/ef9b602d92ae97b171ba6295389de4ce/screenshot'
00:20:02.362 [AsyncHttpClient-1-2] DEBUG org.asynchttpclient.netty.handler.HttpHandler - 

Request DefaultFullHttpRequest(decodeResult: success, version: HTTP/1.1, content: EmptyByteBufBE)
GET /session/ef9b602d92ae97b171ba6295389de4ce/screenshot HTTP/1.1
User-Agent: selenium/4.8.1 (java windows)
Cache-Control: no-cache
Content-Type: application/json; charset=utf-8
host: localhost:2905
accept: */*

Response DefaultHttpResponse(decodeResult: success, version: HTTP/1.1)
HTTP/1.1 200 OK
Content-Length: 38404
Content-Type: application/json; charset=utf-8
cache-control: no-cache

00:20:02.363 [AsyncHttpClient-1-2] DEBUG org.asynchttpclient.netty.channel.ChannelManager - Adding key: http://localhost:2905 for channel [id: 0xf94047ec, L:/127.0.0.1:59280 - R:localhost/127.0.0.1:2905]
00:20:02.367 [main] DEBUG net.serenitybdd.core.photography.Darkroom - Send negative for processing for target\site\serenity\ea45fc909e34382717b9c4f125786a39691969821a2bbc538160f919a80d4f7a.png
00:20:02.368 [Darkroom Processing Line] DEBUG net.serenitybdd.core.photography.DarkroomProcessingLine - Processing screenshot image in /var/screenshots/screenshot-8686500032768241570
00:20:02.368 [Darkroom Processing Line] DEBUG net.serenitybdd.core.photography.DarkroomProcessingLine - Saving screenshot to target\site\serenity\ea45fc909e34382717b9c4f125786a39691969821a2bbc538160f919a80d4f7a.png
00:20:02.381 [Forwarding getPageSource on session ef9b602d92ae97b171ba6295389de4ce to remote] DEBUG org.asynchttpclient.netty.request.NettyRequestSender - Using pooled Channel '[id: 0xf94047ec, L:/127.0.0.1:59280 - R:localhost/127.0.0.1:2905]' for 'POST' to 'http://localhost:2905/session/ef9b602d92ae97b171ba6295389de4ce/execute/sync'
00:20:02.382 [Forwarding getPageSource on session ef9b602d92ae97b171ba6295389de4ce to remote] DEBUG org.asynchttpclient.netty.request.NettyRequestSender - Using open Channel [id: 0xf94047ec, L:/127.0.0.1:59280 - R:localhost/127.0.0.1:2905] for POST '/session/ef9b602d92ae97b171ba6295389de4ce/execute/sync'
00:20:02.393 [AsyncHttpClient-1-2] DEBUG org.asynchttpclient.netty.handler.HttpHandler - 

Request DefaultHttpRequest(decodeResult: success, version: HTTP/1.1)
POST /session/ef9b602d92ae97b171ba6295389de4ce/execute/sync HTTP/1.1
User-Agent: selenium/4.8.1 (java windows)
Content-Length: 176
Content-Type: application/json; charset=utf-8
host: localhost:2905
accept: */*

Response DefaultHttpResponse(decodeResult: success, version: HTTP/1.1)
HTTP/1.1 200 OK
Content-Length: 9491
Content-Type: application/json; charset=utf-8
cache-control: no-cache

00:20:02.394 [AsyncHttpClient-1-2] DEBUG org.asynchttpclient.netty.channel.ChannelManager - Adding key: http://localhost:2905 for channel [id: 0xf94047ec, L:/127.0.0.1:59280 - R:localhost/127.0.0.1:2905]
00:20:02.401 [Forwarding getCurrentUrl on session ef9b602d92ae97b171ba6295389de4ce to remote] DEBUG org.asynchttpclient.netty.request.NettyRequestSender - Using pooled Channel '[id: 0xf94047ec, L:/127.0.0.1:59280 - R:localhost/127.0.0.1:2905]' for 'GET' to 'http://localhost:2905/session/ef9b602d92ae97b171ba6295389de4ce/url'
00:20:02.401 [Forwarding getCurrentUrl on session ef9b602d92ae97b171ba6295389de4ce to remote] DEBUG org.asynchttpclient.netty.request.NettyRequestSender - Using open Channel [id: 0xf94047ec, L:/127.0.0.1:59280 - R:localhost/127.0.0.1:2905] for GET '/session/ef9b602d92ae97b171ba6295389de4ce/url'
00:20:02.412 [AsyncHttpClient-1-2] DEBUG org.asynchttpclient.netty.handler.HttpHandler - 

Request DefaultFullHttpRequest(decodeResult: success, version: HTTP/1.1, content: EmptyByteBufBE)
GET /session/ef9b602d92ae97b171ba6295389de4ce/url HTTP/1.1
User-Agent: selenium/4.8.1 (java windows)
Cache-Control: no-cache
Content-Type: application/json; charset=utf-8
host: localhost:2905
accept: */*

Response DefaultHttpResponse(decodeResult: success, version: HTTP/1.1)
HTTP/1.1 200 OK
Content-Length: 87
Content-Type: application/json; charset=utf-8
cache-control: no-cache

00:20:02.413 [AsyncHttpClient-1-2] DEBUG org.asynchttpclient.netty.channel.ChannelManager - Adding key: http://localhost:2905 for channel [id: 0xf94047ec, L:/127.0.0.1:59280 - R:localhost/127.0.0.1:2905]
00:20:02.424 [Forwarding findElement on session ef9b602d92ae97b171ba6295389de4ce to remote] DEBUG org.asynchttpclient.netty.request.NettyRequestSender - Using pooled Channel '[id: 0xf94047ec, L:/127.0.0.1:59280 - R:localhost/127.0.0.1:2905]' for 'POST' to 'http://localhost:2905/session/ef9b602d92ae97b171ba6295389de4ce/element'
00:20:02.425 [Forwarding findElement on session ef9b602d92ae97b171ba6295389de4ce to remote] DEBUG org.asynchttpclient.netty.request.NettyRequestSender - Using open Channel [id: 0xf94047ec, L:/127.0.0.1:59280 - R:localhost/127.0.0.1:2905] for POST '/session/ef9b602d92ae97b171ba6295389de4ce/element'
00:20:03.287 [AsyncHttpClient-1-1] DEBUG org.asynchttpclient.netty.channel.DefaultChannelPool - Entry count for : http://localhost:59281 : 1
00:20:04.387 [AsyncHttpClient-1-1] DEBUG org.asynchttpclient.netty.channel.DefaultChannelPool - Entry count for : http://localhost:59281 : 1
00:20:04.492 [AsyncHttpClient-1-2] DEBUG org.asynchttpclient.netty.handler.HttpHandler - 

Request DefaultHttpRequest(decodeResult: success, version: HTTP/1.1)
POST /session/ef9b602d92ae97b171ba6295389de4ce/element HTTP/1.1
User-Agent: selenium/4.8.1 (java windows)
Content-Length: 67
Content-Type: application/json; charset=utf-8
host: localhost:2905
accept: */*

Response DefaultHttpResponse(decodeResult: success, version: HTTP/1.1)
HTTP/1.1 404 Not Found
Content-Length: 968
Content-Type: application/json; charset=utf-8
cache-control: no-cache

00:20:04.493 [AsyncHttpClient-1-2] DEBUG org.asynchttpclient.netty.channel.ChannelManager - Adding key: http://localhost:2905 for channel [id: 0xf94047ec, L:/127.0.0.1:59280 - R:localhost/127.0.0.1:2905]
00:20:04.606 [Forwarding findElement on session ef9b602d92ae97b171ba6295389de4ce to remote] DEBUG org.asynchttpclient.netty.request.NettyRequestSender - Using pooled Channel '[id: 0xf94047ec, L:/127.0.0.1:59280 - R:localhost/127.0.0.1:2905]' for 'POST' to 'http://localhost:2905/session/ef9b602d92ae97b171ba6295389de4ce/element'
00:20:04.607 [Forwarding findElement on session ef9b602d92ae97b171ba6295389de4ce to remote] DEBUG org.asynchttpclient.netty.request.NettyRequestSender - Using open Channel [id: 0xf94047ec, L:/127.0.0.1:59280 - R:localhost/127.0.0.1:2905] for POST '/session/ef9b602d92ae97b171ba6295389de4ce/element'
00:20:05.487 [AsyncHttpClient-1-1] DEBUG org.asynchttpclient.netty.channel.DefaultChannelPool - Entry count for : http://localhost:59281 : 1
00:20:06.587 [AsyncHttpClient-1-1] DEBUG org.asynchttpclient.netty.channel.DefaultChannelPool - Entry count for : http://localhost:59281 : 1
00:20:07.345 [AsyncHttpClient-1-2] DEBUG org.asynchttpclient.netty.handler.HttpHandler - 

Request DefaultHttpRequest(decodeResult: success, version: HTTP/1.1)
POST /session/ef9b602d92ae97b171ba6295389de4ce/element HTTP/1.1
User-Agent: selenium/4.8.1 (java windows)
Content-Length: 67
Content-Type: application/json; charset=utf-8
host: localhost:2905
accept: */*

Response DefaultHttpResponse(decodeResult: success, version: HTTP/1.1)
HTTP/1.1 200 OK
Content-Length: 95
Content-Type: application/json; charset=utf-8
cache-control: no-cache

00:20:07.346 [AsyncHttpClient-1-2] DEBUG org.asynchttpclient.netty.channel.ChannelManager - Adding key: http://localhost:2905 for channel [id: 0xf94047ec, L:/127.0.0.1:59280 - R:localhost/127.0.0.1:2905]
00:20:07.356 [Forwarding isElementDisplayed on session ef9b602d92ae97b171ba6295389de4ce to remote] DEBUG org.asynchttpclient.netty.request.NettyRequestSender - Using pooled Channel '[id: 0xf94047ec, L:/127.0.0.1:59280 - R:localhost/127.0.0.1:2905]' for 'POST' to 'http://localhost:2905/session/ef9b602d92ae97b171ba6295389de4ce/execute/sync'
00:20:07.357 [Forwarding isElementDisplayed on session ef9b602d92ae97b171ba6295389de4ce to remote] DEBUG org.asynchttpclient.netty.request.NettyRequestSender - Using open Channel [id: 0xf94047ec, L:/127.0.0.1:59280 - R:localhost/127.0.0.1:2905] for POST '/session/ef9b602d92ae97b171ba6295389de4ce/execute/sync'
00:20:07.388 [AsyncHttpClient-1-2] DEBUG org.asynchttpclient.netty.handler.HttpHandler - 

Request DefaultHttpRequest(decodeResult: success, version: HTTP/1.1)
POST /session/ef9b602d92ae97b171ba6295389de4ce/execute/sync HTTP/1.1
User-Agent: selenium/4.8.1 (java windows)
Content-Length: 48814
Content-Type: application/json; charset=utf-8
host: localhost:2905
accept: */*

Response DefaultHttpResponse(decodeResult: success, version: HTTP/1.1)
HTTP/1.1 200 OK
Content-Length: 14
Content-Type: application/json; charset=utf-8
cache-control: no-cache

00:20:07.389 [AsyncHttpClient-1-2] DEBUG org.asynchttpclient.netty.channel.ChannelManager - Adding key: http://localhost:2905 for channel [id: 0xf94047ec, L:/127.0.0.1:59280 - R:localhost/127.0.0.1:2905]
00:20:07.394 [Forwarding findElement on session ef9b602d92ae97b171ba6295389de4ce to remote] DEBUG org.asynchttpclient.netty.request.NettyRequestSender - Using pooled Channel '[id: 0xf94047ec, L:/127.0.0.1:59280 - R:localhost/127.0.0.1:2905]' for 'POST' to 'http://localhost:2905/session/ef9b602d92ae97b171ba6295389de4ce/element'
00:20:07.394 [Forwarding findElement on session ef9b602d92ae97b171ba6295389de4ce to remote] DEBUG org.asynchttpclient.netty.request.NettyRequestSender - Using open Channel [id: 0xf94047ec, L:/127.0.0.1:59280 - R:localhost/127.0.0.1:2905] for POST '/session/ef9b602d92ae97b171ba6295389de4ce/element'
00:20:07.412 [AsyncHttpClient-1-2] DEBUG org.asynchttpclient.netty.handler.HttpHandler - 

Request DefaultHttpRequest(decodeResult: success, version: HTTP/1.1)
POST /session/ef9b602d92ae97b171ba6295389de4ce/element HTTP/1.1
User-Agent: selenium/4.8.1 (java windows)
Content-Length: 67
Content-Type: application/json; charset=utf-8
host: localhost:2905
accept: */*

Response DefaultHttpResponse(decodeResult: success, version: HTTP/1.1)
HTTP/1.1 200 OK
Content-Length: 95
Content-Type: application/json; charset=utf-8
cache-control: no-cache

00:20:07.412 [AsyncHttpClient-1-2] DEBUG org.asynchttpclient.netty.channel.ChannelManager - Adding key: http://localhost:2905 for channel [id: 0xf94047ec, L:/127.0.0.1:59280 - R:localhost/127.0.0.1:2905]
00:20:07.421 [Forwarding isElementDisplayed on session ef9b602d92ae97b171ba6295389de4ce to remote] DEBUG org.asynchttpclient.netty.request.NettyRequestSender - Using pooled Channel '[id: 0xf94047ec, L:/127.0.0.1:59280 - R:localhost/127.0.0.1:2905]' for 'POST' to 'http://localhost:2905/session/ef9b602d92ae97b171ba6295389de4ce/execute/sync'
00:20:07.421 [Forwarding isElementDisplayed on session ef9b602d92ae97b171ba6295389de4ce to remote] DEBUG org.asynchttpclient.netty.request.NettyRequestSender - Using open Channel [id: 0xf94047ec, L:/127.0.0.1:59280 - R:localhost/127.0.0.1:2905] for POST '/session/ef9b602d92ae97b171ba6295389de4ce/execute/sync'
00:20:07.443 [AsyncHttpClient-1-2] DEBUG org.asynchttpclient.netty.handler.HttpHandler - 

Request DefaultHttpRequest(decodeResult: success, version: HTTP/1.1)
POST /session/ef9b602d92ae97b171ba6295389de4ce/execute/sync HTTP/1.1
User-Agent: selenium/4.8.1 (java windows)
Content-Length: 48814
Content-Type: application/json; charset=utf-8
host: localhost:2905
accept: */*

Response DefaultHttpResponse(decodeResult: success, version: HTTP/1.1)
HTTP/1.1 200 OK
Content-Length: 14
Content-Type: application/json; charset=utf-8
cache-control: no-cache

00:20:07.443 [AsyncHttpClient-1-2] DEBUG org.asynchttpclient.netty.channel.ChannelManager - Adding key: http://localhost:2905 for channel [id: 0xf94047ec, L:/127.0.0.1:59280 - R:localhost/127.0.0.1:2905]
  &amp#27;[32mThen &amp#27;[0m&amp#27;[32mI am success log in&amp#27;[0m                         &amp#27;[90m# starter.stepdefinitions.LoginSteps.onTheDashboard()&amp#27;[0m
00:20:07.461 [Forwarding getAlertText on session ef9b602d92ae97b171ba6295389de4ce to remote] DEBUG org.asynchttpclient.netty.request.NettyRequestSender - Using pooled Channel '[id: 0xf94047ec, L:/127.0.0.1:59280 - R:localhost/127.0.0.1:2905]' for 'GET' to 'http://localhost:2905/session/ef9b602d92ae97b171ba6295389de4ce/alert/text'
00:20:07.461 [Forwarding getAlertText on session ef9b602d92ae97b171ba6295389de4ce to remote] DEBUG org.asynchttpclient.netty.request.NettyRequestSender - Using open Channel [id: 0xf94047ec, L:/127.0.0.1:59280 - R:localhost/127.0.0.1:2905] for GET '/session/ef9b602d92ae97b171ba6295389de4ce/alert/text'
00:20:07.465 [AsyncHttpClient-1-2] DEBUG org.asynchttpclient.netty.handler.HttpHandler - 

Request DefaultFullHttpRequest(decodeResult: success, version: HTTP/1.1, content: EmptyByteBufBE)
GET /session/ef9b602d92ae97b171ba6295389de4ce/alert/text HTTP/1.1
User-Agent: selenium/4.8.1 (java windows)
Cache-Control: no-cache
Content-Type: application/json; charset=utf-8
host: localhost:2905
accept: */*

Response DefaultHttpResponse(decodeResult: success, version: HTTP/1.1)
HTTP/1.1 404 Not Found
Content-Length: 848
Content-Type: application/json; charset=utf-8
cache-control: no-cache

00:20:07.465 [AsyncHttpClient-1-2] DEBUG org.asynchttpclient.netty.channel.ChannelManager - Adding key: http://localhost:2905 for channel [id: 0xf94047ec, L:/127.0.0.1:59280 - R:localhost/127.0.0.1:2905]
00:20:07.469 [Forwarding getCurrentUrl on session ef9b602d92ae97b171ba6295389de4ce to remote] DEBUG org.asynchttpclient.netty.request.NettyRequestSender - Using pooled Channel '[id: 0xf94047ec, L:/127.0.0.1:59280 - R:localhost/127.0.0.1:2905]' for 'GET' to 'http://localhost:2905/session/ef9b602d92ae97b171ba6295389de4ce/url'
00:20:07.470 [Forwarding getCurrentUrl on session ef9b602d92ae97b171ba6295389de4ce to remote] DEBUG org.asynchttpclient.netty.request.NettyRequestSender - Using open Channel [id: 0xf94047ec, L:/127.0.0.1:59280 - R:localhost/127.0.0.1:2905] for GET '/session/ef9b602d92ae97b171ba6295389de4ce/url'
00:20:07.480 [AsyncHttpClient-1-2] DEBUG org.asynchttpclient.netty.handler.HttpHandler - 

Request DefaultFullHttpRequest(decodeResult: success, version: HTTP/1.1, content: EmptyByteBufBE)
GET /session/ef9b602d92ae97b171ba6295389de4ce/url HTTP/1.1
User-Agent: selenium/4.8.1 (java windows)
Cache-Control: no-cache
Content-Type: application/json; charset=utf-8
host: localhost:2905
accept: */*

Response DefaultHttpResponse(decodeResult: success, version: HTTP/1.1)
HTTP/1.1 200 OK
Content-Length: 96
Content-Type: application/json; charset=utf-8
cache-control: no-cache

00:20:07.480 [AsyncHttpClient-1-2] DEBUG org.asynchttpclient.netty.channel.ChannelManager - Adding key: http://localhost:2905 for channel [id: 0xf94047ec, L:/127.0.0.1:59280 - R:localhost/127.0.0.1:2905]
00:20:07.482 [Forwarding screenshot on session ef9b602d92ae97b171ba6295389de4ce to remote] DEBUG org.asynchttpclient.netty.request.NettyRequestSender - Using pooled Channel '[id: 0xf94047ec, L:/127.0.0.1:59280 - R:localhost/127.0.0.1:2905]' for 'GET' to 'http://localhost:2905/session/ef9b602d92ae97b171ba6295389de4ce/screenshot'
00:20:07.482 [Forwarding screenshot on session ef9b602d92ae97b171ba6295389de4ce to remote] DEBUG org.asynchttpclient.netty.request.NettyRequestSender - Using open Channel [id: 0xf94047ec, L:/127.0.0.1:59280 - R:localhost/127.0.0.1:2905] for GET '/session/ef9b602d92ae97b171ba6295389de4ce/screenshot'
00:20:07.689 [AsyncHttpClient-1-1] DEBUG org.asynchttpclient.netty.channel.DefaultChannelPool - Entry count for : http://localhost:59281 : 1
00:20:08.791 [AsyncHttpClient-1-1] DEBUG org.asynchttpclient.netty.channel.DefaultChannelPool - Entry count for : http://localhost:59281 : 1
00:20:09.892 [AsyncHttpClient-1-1] DEBUG org.asynchttpclient.netty.channel.DefaultChannelPool - Entry count for : http://localhost:59281 : 1
00:20:10.988 [AsyncHttpClient-1-1] DEBUG org.asynchttpclient.netty.channel.DefaultChannelPool - Entry count for : http://localhost:59281 : 1
00:20:12.089 [AsyncHttpClient-1-1] DEBUG org.asynchttpclient.netty.channel.DefaultChannelPool - Entry count for : http://localhost:59281 : 1
00:20:12.846 [AsyncHttpClient-1-2] DEBUG org.asynchttpclient.netty.handler.HttpHandler - 

Request DefaultFullHttpRequest(decodeResult: success, version: HTTP/1.1, content: EmptyByteBufBE)
GET /session/ef9b602d92ae97b171ba6295389de4ce/screenshot HTTP/1.1
User-Agent: selenium/4.8.1 (java windows)
Cache-Control: no-cache
Content-Type: application/json; charset=utf-8
host: localhost:2905
accept: */*

Response DefaultHttpResponse(decodeResult: success, version: HTTP/1.1)
HTTP/1.1 200 OK
Content-Length: 97064
Content-Type: application/json; charset=utf-8
cache-control: no-cache

00:20:12.847 [AsyncHttpClient-1-2] DEBUG org.asynchttpclient.netty.channel.ChannelManager - Adding key: http://localhost:2905 for channel [id: 0xf94047ec, L:/127.0.0.1:59280 - R:localhost/127.0.0.1:2905]
00:20:12.921 [main] DEBUG net.serenitybdd.core.photography.Darkroom - Send negative for processing for target\site\serenity\5c634df2a5f9d510af0e72fc07ddb030db4ec59b947db5a7046c926d8eddfca0.png
00:20:12.922 [Darkroom Processing Line] DEBUG net.serenitybdd.core.photography.DarkroomProcessingLine - Processing screenshot image in /var/screenshots/screenshot-6098268590779233257
00:20:12.922 [Darkroom Processing Line] DEBUG net.serenitybdd.core.photography.DarkroomProcessingLine - Saving screenshot to target\site\serenity\5c634df2a5f9d510af0e72fc07ddb030db4ec59b947db5a7046c926d8eddfca0.png
00:20:12.934 [Forwarding getPageSource on session ef9b602d92ae97b171ba6295389de4ce to remote] DEBUG org.asynchttpclient.netty.request.NettyRequestSender - Using pooled Channel '[id: 0xf94047ec, L:/127.0.0.1:59280 - R:localhost/127.0.0.1:2905]' for 'POST' to 'http://localhost:2905/session/ef9b602d92ae97b171ba6295389de4ce/execute/sync'
00:20:12.934 [Forwarding getPageSource on session ef9b602d92ae97b171ba6295389de4ce to remote] DEBUG org.asynchttpclient.netty.request.NettyRequestSender - Using open Channel [id: 0xf94047ec, L:/127.0.0.1:59280 - R:localhost/127.0.0.1:2905] for POST '/session/ef9b602d92ae97b171ba6295389de4ce/execute/sync'
00:20:12.947 [AsyncHttpClient-1-2] DEBUG org.asynchttpclient.netty.handler.HttpHandler - 

Request DefaultHttpRequest(decodeResult: success, version: HTTP/1.1)
POST /session/ef9b602d92ae97b171ba6295389de4ce/execute/sync HTTP/1.1
User-Agent: selenium/4.8.1 (java windows)
Content-Length: 176
Content-Type: application/json; charset=utf-8
host: localhost:2905
accept: */*

Response DefaultHttpResponse(decodeResult: success, version: HTTP/1.1)
HTTP/1.1 200 OK
Content-Length: 28062
Content-Type: application/json; charset=utf-8
cache-control: no-cache

00:20:12.947 [AsyncHttpClient-1-2] DEBUG org.asynchttpclient.netty.channel.ChannelManager - Adding key: http://localhost:2905 for channel [id: 0xf94047ec, L:/127.0.0.1:59280 - R:localhost/127.0.0.1:2905]
00:20:12.969 [Forwarding getCurrentUrl on session ef9b602d92ae97b171ba6295389de4ce to remote] DEBUG org.asynchttpclient.netty.request.NettyRequestSender - Using pooled Channel '[id: 0xf94047ec, L:/127.0.0.1:59280 - R:localhost/127.0.0.1:2905]' for 'GET' to 'http://localhost:2905/session/ef9b602d92ae97b171ba6295389de4ce/url'
00:20:12.969 [Forwarding getCurrentUrl on session ef9b602d92ae97b171ba6295389de4ce to remote] DEBUG org.asynchttpclient.netty.request.NettyRequestSender - Using open Channel [id: 0xf94047ec, L:/127.0.0.1:59280 - R:localhost/127.0.0.1:2905] for GET '/session/ef9b602d92ae97b171ba6295389de4ce/url'
00:20:12.982 [AsyncHttpClient-1-2] DEBUG org.asynchttpclient.netty.handler.HttpHandler - 

Request DefaultFullHttpRequest(decodeResult: success, version: HTTP/1.1, content: EmptyByteBufBE)
GET /session/ef9b602d92ae97b171ba6295389de4ce/url HTTP/1.1
User-Agent: selenium/4.8.1 (java windows)
Cache-Control: no-cache
Content-Type: application/json; charset=utf-8
host: localhost:2905
accept: */*

Response DefaultHttpResponse(decodeResult: success, version: HTTP/1.1)
HTTP/1.1 200 OK
Content-Length: 96
Content-Type: application/json; charset=utf-8
cache-control: no-cache

00:20:12.983 [AsyncHttpClient-1-2] DEBUG org.asynchttpclient.netty.channel.ChannelManager - Adding key: http://localhost:2905 for channel [id: 0xf94047ec, L:/127.0.0.1:59280 - R:localhost/127.0.0.1:2905]
00:20:13.013 [Forwarding findElement on session ef9b602d92ae97b171ba6295389de4ce to remote] DEBUG org.asynchttpclient.netty.request.NettyRequestSender - Using pooled Channel '[id: 0xf94047ec, L:/127.0.0.1:59280 - R:localhost/127.0.0.1:2905]' for 'POST' to 'http://localhost:2905/session/ef9b602d92ae97b171ba6295389de4ce/element'
00:20:13.013 [Forwarding findElement on session ef9b602d92ae97b171ba6295389de4ce to remote] DEBUG org.asynchttpclient.netty.request.NettyRequestSender - Using open Channel [id: 0xf94047ec, L:/127.0.0.1:59280 - R:localhost/127.0.0.1:2905] for POST '/session/ef9b602d92ae97b171ba6295389de4ce/element'
00:20:13.031 [AsyncHttpClient-1-2] DEBUG org.asynchttpclient.netty.handler.HttpHandler - 

Request DefaultHttpRequest(decodeResult: success, version: HTTP/1.1)
POST /session/ef9b602d92ae97b171ba6295389de4ce/element HTTP/1.1
User-Agent: selenium/4.8.1 (java windows)
Content-Length: 67
Content-Type: application/json; charset=utf-8
host: localhost:2905
accept: */*

Response DefaultHttpResponse(decodeResult: success, version: HTTP/1.1)
HTTP/1.1 200 OK
Content-Length: 95
Content-Type: application/json; charset=utf-8
cache-control: no-cache

00:20:13.032 [AsyncHttpClient-1-2] DEBUG org.asynchttpclient.netty.channel.ChannelManager - Adding key: http://localhost:2905 for channel [id: 0xf94047ec, L:/127.0.0.1:59280 - R:localhost/127.0.0.1:2905]
00:20:13.035 [Forwarding getElementTagName on session ef9b602d92ae97b171ba6295389de4ce to remote] DEBUG org.asynchttpclient.netty.request.NettyRequestSender - Using pooled Channel '[id: 0xf94047ec, L:/127.0.0.1:59280 - R:localhost/127.0.0.1:2905]' for 'GET' to 'http://localhost:2905/session/ef9b602d92ae97b171ba6295389de4ce/element/99722CC3069865B2FEBDF948FE0FB770_element_10/name'
00:20:13.035 [Forwarding getElementTagName on session ef9b602d92ae97b171ba6295389de4ce to remote] DEBUG org.asynchttpclient.netty.request.NettyRequestSender - Using open Channel [id: 0xf94047ec, L:/127.0.0.1:59280 - R:localhost/127.0.0.1:2905] for GET '/session/ef9b602d92ae97b171ba6295389de4ce/element/99722CC3069865B2FEBDF948FE0FB770_element_10/name'
00:20:13.047 [AsyncHttpClient-1-2] DEBUG org.asynchttpclient.netty.handler.HttpHandler - 

Request DefaultFullHttpRequest(decodeResult: success, version: HTTP/1.1, content: EmptyByteBufBE)
GET /session/ef9b602d92ae97b171ba6295389de4ce/element/99722CC3069865B2FEBDF948FE0FB770_element_10/name HTTP/1.1
User-Agent: selenium/4.8.1 (java windows)
Cache-Control: no-cache
Content-Type: application/json; charset=utf-8
host: localhost:2905
accept: */*

Response DefaultHttpResponse(decodeResult: success, version: HTTP/1.1)
HTTP/1.1 200 OK
Content-Length: 15
Content-Type: application/json; charset=utf-8
cache-control: no-cache

00:20:13.048 [AsyncHttpClient-1-2] DEBUG org.asynchttpclient.netty.channel.ChannelManager - Adding key: http://localhost:2905 for channel [id: 0xf94047ec, L:/127.0.0.1:59280 - R:localhost/127.0.0.1:2905]
00:20:13.050 [Forwarding getElementTagName on session ef9b602d92ae97b171ba6295389de4ce to remote] DEBUG org.asynchttpclient.netty.request.NettyRequestSender - Using pooled Channel '[id: 0xf94047ec, L:/127.0.0.1:59280 - R:localhost/127.0.0.1:2905]' for 'GET' to 'http://localhost:2905/session/ef9b602d92ae97b171ba6295389de4ce/element/99722CC3069865B2FEBDF948FE0FB770_element_10/name'
00:20:13.051 [Forwarding getElementTagName on session ef9b602d92ae97b171ba6295389de4ce to remote] DEBUG org.asynchttpclient.netty.request.NettyRequestSender - Using open Channel [id: 0xf94047ec, L:/127.0.0.1:59280 - R:localhost/127.0.0.1:2905] for GET '/session/ef9b602d92ae97b171ba6295389de4ce/element/99722CC3069865B2FEBDF948FE0FB770_element_10/name'
00:20:13.062 [AsyncHttpClient-1-2] DEBUG org.asynchttpclient.netty.handler.HttpHandler - 

Request DefaultFullHttpRequest(decodeResult: success, version: HTTP/1.1, content: EmptyByteBufBE)
GET /session/ef9b602d92ae97b171ba6295389de4ce/element/99722CC3069865B2FEBDF948FE0FB770_element_10/name HTTP/1.1
User-Agent: selenium/4.8.1 (java windows)
Cache-Control: no-cache
Content-Type: application/json; charset=utf-8
host: localhost:2905
accept: */*

Response DefaultHttpResponse(decodeResult: success, version: HTTP/1.1)
HTTP/1.1 200 OK
Content-Length: 15
Content-Type: application/json; charset=utf-8
cache-control: no-cache

00:20:13.062 [AsyncHttpClient-1-2] DEBUG org.asynchttpclient.netty.channel.ChannelManager - Adding key: http://localhost:2905 for channel [id: 0xf94047ec, L:/127.0.0.1:59280 - R:localhost/127.0.0.1:2905]
00:20:13.066 [Forwarding findElement on session ef9b602d92ae97b171ba6295389de4ce to remote] DEBUG org.asynchttpclient.netty.request.NettyRequestSender - Using pooled Channel '[id: 0xf94047ec, L:/127.0.0.1:59280 - R:localhost/127.0.0.1:2905]' for 'POST' to 'http://localhost:2905/session/ef9b602d92ae97b171ba6295389de4ce/element'
00:20:13.066 [Forwarding findElement on session ef9b602d92ae97b171ba6295389de4ce to remote] DEBUG org.asynchttpclient.netty.request.NettyRequestSender - Using open Channel [id: 0xf94047ec, L:/127.0.0.1:59280 - R:localhost/127.0.0.1:2905] for POST '/session/ef9b602d92ae97b171ba6295389de4ce/element'
00:20:13.082 [AsyncHttpClient-1-2] DEBUG org.asynchttpclient.netty.handler.HttpHandler - 

Request DefaultHttpRequest(decodeResult: success, version: HTTP/1.1)
POST /session/ef9b602d92ae97b171ba6295389de4ce/element HTTP/1.1
User-Agent: selenium/4.8.1 (java windows)
Content-Length: 67
Content-Type: application/json; charset=utf-8
host: localhost:2905
accept: */*

Response DefaultHttpResponse(decodeResult: success, version: HTTP/1.1)
HTTP/1.1 200 OK
Content-Length: 95
Content-Type: application/json; charset=utf-8
cache-control: no-cache

00:20:13.082 [AsyncHttpClient-1-2] DEBUG org.asynchttpclient.netty.channel.ChannelManager - Adding key: http://localhost:2905 for channel [id: 0xf94047ec, L:/127.0.0.1:59280 - R:localhost/127.0.0.1:2905]
00:20:13.085 [Forwarding clickElement on session ef9b602d92ae97b171ba6295389de4ce to remote] DEBUG org.asynchttpclient.netty.request.NettyRequestSender - Using pooled Channel '[id: 0xf94047ec, L:/127.0.0.1:59280 - R:localhost/127.0.0.1:2905]' for 'POST' to 'http://localhost:2905/session/ef9b602d92ae97b171ba6295389de4ce/element/99722CC3069865B2FEBDF948FE0FB770_element_10/click'
00:20:13.085 [Forwarding clickElement on session ef9b602d92ae97b171ba6295389de4ce to remote] DEBUG org.asynchttpclient.netty.request.NettyRequestSender - Using open Channel [id: 0xf94047ec, L:/127.0.0.1:59280 - R:localhost/127.0.0.1:2905] for POST '/session/ef9b602d92ae97b171ba6295389de4ce/element/99722CC3069865B2FEBDF948FE0FB770_element_10/click'
00:20:13.177 [AsyncHttpClient-1-2] DEBUG org.asynchttpclient.netty.handler.HttpHandler - 

Request DefaultHttpRequest(decodeResult: success, version: HTTP/1.1)
POST /session/ef9b602d92ae97b171ba6295389de4ce/element/99722CC3069865B2FEBDF948FE0FB770_element_10/click HTTP/1.1
User-Agent: selenium/4.8.1 (java windows)
Content-Length: 57
Content-Type: application/json; charset=utf-8
host: localhost:2905
accept: */*

Response DefaultHttpResponse(decodeResult: success, version: HTTP/1.1)
HTTP/1.1 200 OK
Content-Length: 14
Content-Type: application/json; charset=utf-8
cache-control: no-cache

00:20:13.178 [AsyncHttpClient-1-2] DEBUG org.asynchttpclient.netty.channel.ChannelManager - Adding key: http://localhost:2905 for channel [id: 0xf94047ec, L:/127.0.0.1:59280 - R:localhost/127.0.0.1:2905]
  &amp#27;[32mWhen &amp#27;[0m&amp#27;[32mI click customer Icon&amp#27;[0m                       &amp#27;[90m# starter.stepdefinitions.ManageCustomers.clickCustomerIcon()&amp#27;[0m
00:20:13.193 [Forwarding getAlertText on session ef9b602d92ae97b171ba6295389de4ce to remote] DEBUG org.asynchttpclient.netty.request.NettyRequestSender - Using pooled Channel '[id: 0xf94047ec, L:/127.0.0.1:59280 - R:localhost/127.0.0.1:2905]' for 'GET' to 'http://localhost:2905/session/ef9b602d92ae97b171ba6295389de4ce/alert/text'
00:20:13.194 [Forwarding getAlertText on session ef9b602d92ae97b171ba6295389de4ce to remote] DEBUG org.asynchttpclient.netty.request.NettyRequestSender - Using open Channel [id: 0xf94047ec, L:/127.0.0.1:59280 - R:localhost/127.0.0.1:2905] for GET '/session/ef9b602d92ae97b171ba6295389de4ce/alert/text'
00:20:13.197 [AsyncHttpClient-1-1] DEBUG org.asynchttpclient.netty.channel.DefaultChannelPool - Entry count for : http://localhost:59281 : 1
00:20:13.234 [AsyncHttpClient-1-2] DEBUG org.asynchttpclient.netty.handler.HttpHandler - 

Request DefaultFullHttpRequest(decodeResult: success, version: HTTP/1.1, content: EmptyByteBufBE)
GET /session/ef9b602d92ae97b171ba6295389de4ce/alert/text HTTP/1.1
User-Agent: selenium/4.8.1 (java windows)
Cache-Control: no-cache
Content-Type: application/json; charset=utf-8
host: localhost:2905
accept: */*

Response DefaultHttpResponse(decodeResult: success, version: HTTP/1.1)
HTTP/1.1 404 Not Found
Content-Length: 848
Content-Type: application/json; charset=utf-8
cache-control: no-cache

00:20:13.235 [AsyncHttpClient-1-2] DEBUG org.asynchttpclient.netty.channel.ChannelManager - Adding key: http://localhost:2905 for channel [id: 0xf94047ec, L:/127.0.0.1:59280 - R:localhost/127.0.0.1:2905]
00:20:13.239 [Forwarding getCurrentUrl on session ef9b602d92ae97b171ba6295389de4ce to remote] DEBUG org.asynchttpclient.netty.request.NettyRequestSender - Using pooled Channel '[id: 0xf94047ec, L:/127.0.0.1:59280 - R:localhost/127.0.0.1:2905]' for 'GET' to 'http://localhost:2905/session/ef9b602d92ae97b171ba6295389de4ce/url'
00:20:13.239 [Forwarding getCurrentUrl on session ef9b602d92ae97b171ba6295389de4ce to remote] DEBUG org.asynchttpclient.netty.request.NettyRequestSender - Using open Channel [id: 0xf94047ec, L:/127.0.0.1:59280 - R:localhost/127.0.0.1:2905] for GET '/session/ef9b602d92ae97b171ba6295389de4ce/url'
00:20:13.298 [AsyncHttpClient-1-2] DEBUG org.asynchttpclient.netty.handler.HttpHandler - 

Request DefaultFullHttpRequest(decodeResult: success, version: HTTP/1.1, content: EmptyByteBufBE)
GET /session/ef9b602d92ae97b171ba6295389de4ce/url HTTP/1.1
User-Agent: selenium/4.8.1 (java windows)
Cache-Control: no-cache
Content-Type: application/json; charset=utf-8
host: localhost:2905
accept: */*

Response DefaultHttpResponse(decodeResult: success, version: HTTP/1.1)
HTTP/1.1 200 OK
Content-Length: 95
Content-Type: application/json; charset=utf-8
cache-control: no-cache

00:20:13.298 [AsyncHttpClient-1-2] DEBUG org.asynchttpclient.netty.channel.ChannelManager - Adding key: http://localhost:2905 for channel [id: 0xf94047ec, L:/127.0.0.1:59280 - R:localhost/127.0.0.1:2905]
00:20:13.300 [Forwarding screenshot on session ef9b602d92ae97b171ba6295389de4ce to remote] DEBUG org.asynchttpclient.netty.request.NettyRequestSender - Using pooled Channel '[id: 0xf94047ec, L:/127.0.0.1:59280 - R:localhost/127.0.0.1:2905]' for 'GET' to 'http://localhost:2905/session/ef9b602d92ae97b171ba6295389de4ce/screenshot'
00:20:13.301 [Forwarding screenshot on session ef9b602d92ae97b171ba6295389de4ce to remote] DEBUG org.asynchttpclient.netty.request.NettyRequestSender - Using open Channel [id: 0xf94047ec, L:/127.0.0.1:59280 - R:localhost/127.0.0.1:2905] for GET '/session/ef9b602d92ae97b171ba6295389de4ce/screenshot'
00:20:13.490 [AsyncHttpClient-1-2] DEBUG org.asynchttpclient.netty.handler.HttpHandler - 

Request DefaultFullHttpRequest(decodeResult: success, version: HTTP/1.1, content: EmptyByteBufBE)
GET /session/ef9b602d92ae97b171ba6295389de4ce/screenshot HTTP/1.1
User-Agent: selenium/4.8.1 (java windows)
Cache-Control: no-cache
Content-Type: application/json; charset=utf-8
host: localhost:2905
accept: */*

Response DefaultHttpResponse(decodeResult: success, version: HTTP/1.1)
HTTP/1.1 200 OK
Content-Length: 92680
Content-Type: application/json; charset=utf-8
cache-control: no-cache

00:20:13.493 [AsyncHttpClient-1-2] DEBUG org.asynchttpclient.netty.channel.ChannelManager - Adding key: http://localhost:2905 for channel [id: 0xf94047ec, L:/127.0.0.1:59280 - R:localhost/127.0.0.1:2905]
00:20:13.503 [main] DEBUG net.serenitybdd.core.photography.Darkroom - Send negative for processing for target\site\serenity\22524f86141a1a9622fc78046b27352bca3ffdbfb65e3d17b822bfab8da08552.png
00:20:13.504 [Darkroom Processing Line] DEBUG net.serenitybdd.core.photography.DarkroomProcessingLine - Processing screenshot image in /var/screenshots/screenshot-8942969440991316745
00:20:13.504 [Darkroom Processing Line] DEBUG net.serenitybdd.core.photography.DarkroomProcessingLine - Saving screenshot to target\site\serenity\22524f86141a1a9622fc78046b27352bca3ffdbfb65e3d17b822bfab8da08552.png
00:20:13.519 [Forwarding getPageSource on session ef9b602d92ae97b171ba6295389de4ce to remote] DEBUG org.asynchttpclient.netty.request.NettyRequestSender - Using pooled Channel '[id: 0xf94047ec, L:/127.0.0.1:59280 - R:localhost/127.0.0.1:2905]' for 'POST' to 'http://localhost:2905/session/ef9b602d92ae97b171ba6295389de4ce/execute/sync'
00:20:13.519 [Forwarding getPageSource on session ef9b602d92ae97b171ba6295389de4ce to remote] DEBUG org.asynchttpclient.netty.request.NettyRequestSender - Using open Channel [id: 0xf94047ec, L:/127.0.0.1:59280 - R:localhost/127.0.0.1:2905] for POST '/session/ef9b602d92ae97b171ba6295389de4ce/execute/sync'
00:20:13.540 [AsyncHttpClient-1-2] DEBUG org.asynchttpclient.netty.handler.HttpHandler - 

Request DefaultHttpRequest(decodeResult: success, version: HTTP/1.1)
POST /session/ef9b602d92ae97b171ba6295389de4ce/execute/sync HTTP/1.1
User-Agent: selenium/4.8.1 (java windows)
Content-Length: 176
Content-Type: application/json; charset=utf-8
host: localhost:2905
accept: */*

Response DefaultHttpResponse(decodeResult: success, version: HTTP/1.1)
HTTP/1.1 200 OK
Content-Length: 32002
Content-Type: application/json; charset=utf-8
cache-control: no-cache

00:20:13.541 [AsyncHttpClient-1-2] DEBUG org.asynchttpclient.netty.channel.ChannelManager - Adding key: http://localhost:2905 for channel [id: 0xf94047ec, L:/127.0.0.1:59280 - R:localhost/127.0.0.1:2905]
00:20:13.573 [Forwarding getCurrentUrl on session ef9b602d92ae97b171ba6295389de4ce to remote] DEBUG org.asynchttpclient.netty.request.NettyRequestSender - Using pooled Channel '[id: 0xf94047ec, L:/127.0.0.1:59280 - R:localhost/127.0.0.1:2905]' for 'GET' to 'http://localhost:2905/session/ef9b602d92ae97b171ba6295389de4ce/url'
00:20:13.573 [Forwarding getCurrentUrl on session ef9b602d92ae97b171ba6295389de4ce to remote] DEBUG org.asynchttpclient.netty.request.NettyRequestSender - Using open Channel [id: 0xf94047ec, L:/127.0.0.1:59280 - R:localhost/127.0.0.1:2905] for GET '/session/ef9b602d92ae97b171ba6295389de4ce/url'
00:20:13.587 [AsyncHttpClient-1-2] DEBUG org.asynchttpclient.netty.handler.HttpHandler - 

Request DefaultFullHttpRequest(decodeResult: success, version: HTTP/1.1, content: EmptyByteBufBE)
GET /session/ef9b602d92ae97b171ba6295389de4ce/url HTTP/1.1
User-Agent: selenium/4.8.1 (java windows)
Cache-Control: no-cache
Content-Type: application/json; charset=utf-8
host: localhost:2905
accept: */*

Response DefaultHttpResponse(decodeResult: success, version: HTTP/1.1)
HTTP/1.1 200 OK
Content-Length: 95
Content-Type: application/json; charset=utf-8
cache-control: no-cache

00:20:13.588 [AsyncHttpClient-1-2] DEBUG org.asynchttpclient.netty.channel.ChannelManager - Adding key: http://localhost:2905 for channel [id: 0xf94047ec, L:/127.0.0.1:59280 - R:localhost/127.0.0.1:2905]
00:20:13.598 [Forwarding findElement on session ef9b602d92ae97b171ba6295389de4ce to remote] DEBUG org.asynchttpclient.netty.request.NettyRequestSender - Using pooled Channel '[id: 0xf94047ec, L:/127.0.0.1:59280 - R:localhost/127.0.0.1:2905]' for 'POST' to 'http://localhost:2905/session/ef9b602d92ae97b171ba6295389de4ce/element'
00:20:13.598 [Forwarding findElement on session ef9b602d92ae97b171ba6295389de4ce to remote] DEBUG org.asynchttpclient.netty.request.NettyRequestSender - Using open Channel [id: 0xf94047ec, L:/127.0.0.1:59280 - R:localhost/127.0.0.1:2905] for POST '/session/ef9b602d92ae97b171ba6295389de4ce/element'
00:20:13.622 [AsyncHttpClient-1-2] DEBUG org.asynchttpclient.netty.handler.HttpHandler - 

Request DefaultHttpRequest(decodeResult: success, version: HTTP/1.1)
POST /session/ef9b602d92ae97b171ba6295389de4ce/element HTTP/1.1
User-Agent: selenium/4.8.1 (java windows)
Content-Length: 76
Content-Type: application/json; charset=utf-8
host: localhost:2905
accept: */*

Response DefaultHttpResponse(decodeResult: success, version: HTTP/1.1)
HTTP/1.1 200 OK
Content-Length: 95
Content-Type: application/json; charset=utf-8
cache-control: no-cache

00:20:13.622 [AsyncHttpClient-1-2] DEBUG org.asynchttpclient.netty.channel.ChannelManager - Adding key: http://localhost:2905 for channel [id: 0xf94047ec, L:/127.0.0.1:59280 - R:localhost/127.0.0.1:2905]
00:20:13.624 [Forwarding getElementTagName on session ef9b602d92ae97b171ba6295389de4ce to remote] DEBUG org.asynchttpclient.netty.request.NettyRequestSender - Using pooled Channel '[id: 0xf94047ec, L:/127.0.0.1:59280 - R:localhost/127.0.0.1:2905]' for 'GET' to 'http://localhost:2905/session/ef9b602d92ae97b171ba6295389de4ce/element/99722CC3069865B2FEBDF948FE0FB770_element_18/name'
00:20:13.624 [Forwarding getElementTagName on session ef9b602d92ae97b171ba6295389de4ce to remote] DEBUG org.asynchttpclient.netty.request.NettyRequestSender - Using open Channel [id: 0xf94047ec, L:/127.0.0.1:59280 - R:localhost/127.0.0.1:2905] for GET '/session/ef9b602d92ae97b171ba6295389de4ce/element/99722CC3069865B2FEBDF948FE0FB770_element_18/name'
00:20:13.634 [AsyncHttpClient-1-2] DEBUG org.asynchttpclient.netty.handler.HttpHandler - 

Request DefaultFullHttpRequest(decodeResult: success, version: HTTP/1.1, content: EmptyByteBufBE)
GET /session/ef9b602d92ae97b171ba6295389de4ce/element/99722CC3069865B2FEBDF948FE0FB770_element_18/name HTTP/1.1
User-Agent: selenium/4.8.1 (java windows)
Cache-Control: no-cache
Content-Type: application/json; charset=utf-8
host: localhost:2905
accept: */*

Response DefaultHttpResponse(decodeResult: success, version: HTTP/1.1)
HTTP/1.1 200 OK
Content-Length: 13
Content-Type: application/json; charset=utf-8
cache-control: no-cache

00:20:13.635 [AsyncHttpClient-1-2] DEBUG org.asynchttpclient.netty.channel.ChannelManager - Adding key: http://localhost:2905 for channel [id: 0xf94047ec, L:/127.0.0.1:59280 - R:localhost/127.0.0.1:2905]
00:20:13.637 [Forwarding getElementTagName on session ef9b602d92ae97b171ba6295389de4ce to remote] DEBUG org.asynchttpclient.netty.request.NettyRequestSender - Using pooled Channel '[id: 0xf94047ec, L:/127.0.0.1:59280 - R:localhost/127.0.0.1:2905]' for 'GET' to 'http://localhost:2905/session/ef9b602d92ae97b171ba6295389de4ce/element/99722CC3069865B2FEBDF948FE0FB770_element_18/name'
00:20:13.637 [Forwarding getElementTagName on session ef9b602d92ae97b171ba6295389de4ce to remote] DEBUG org.asynchttpclient.netty.request.NettyRequestSender - Using open Channel [id: 0xf94047ec, L:/127.0.0.1:59280 - R:localhost/127.0.0.1:2905] for GET '/session/ef9b602d92ae97b171ba6295389de4ce/element/99722CC3069865B2FEBDF948FE0FB770_element_18/name'
00:20:13.646 [AsyncHttpClient-1-2] DEBUG org.asynchttpclient.netty.handler.HttpHandler - 

Request DefaultFullHttpRequest(decodeResult: success, version: HTTP/1.1, content: EmptyByteBufBE)
GET /session/ef9b602d92ae97b171ba6295389de4ce/element/99722CC3069865B2FEBDF948FE0FB770_element_18/name HTTP/1.1
User-Agent: selenium/4.8.1 (java windows)
Cache-Control: no-cache
Content-Type: application/json; charset=utf-8
host: localhost:2905
accept: */*

Response DefaultHttpResponse(decodeResult: success, version: HTTP/1.1)
HTTP/1.1 200 OK
Content-Length: 13
Content-Type: application/json; charset=utf-8
cache-control: no-cache

00:20:13.646 [AsyncHttpClient-1-2] DEBUG org.asynchttpclient.netty.channel.ChannelManager - Adding key: http://localhost:2905 for channel [id: 0xf94047ec, L:/127.0.0.1:59280 - R:localhost/127.0.0.1:2905]
00:20:13.648 [Forwarding findElement on session ef9b602d92ae97b171ba6295389de4ce to remote] DEBUG org.asynchttpclient.netty.request.NettyRequestSender - Using pooled Channel '[id: 0xf94047ec, L:/127.0.0.1:59280 - R:localhost/127.0.0.1:2905]' for 'POST' to 'http://localhost:2905/session/ef9b602d92ae97b171ba6295389de4ce/element'
00:20:13.648 [Forwarding findElement on session ef9b602d92ae97b171ba6295389de4ce to remote] DEBUG org.asynchttpclient.netty.request.NettyRequestSender - Using open Channel [id: 0xf94047ec, L:/127.0.0.1:59280 - R:localhost/127.0.0.1:2905] for POST '/session/ef9b602d92ae97b171ba6295389de4ce/element'
00:20:13.657 [AsyncHttpClient-1-2] DEBUG org.asynchttpclient.netty.handler.HttpHandler - 

Request DefaultHttpRequest(decodeResult: success, version: HTTP/1.1)
POST /session/ef9b602d92ae97b171ba6295389de4ce/element HTTP/1.1
User-Agent: selenium/4.8.1 (java windows)
Content-Length: 76
Content-Type: application/json; charset=utf-8
host: localhost:2905
accept: */*

Response DefaultHttpResponse(decodeResult: success, version: HTTP/1.1)
HTTP/1.1 200 OK
Content-Length: 95
Content-Type: application/json; charset=utf-8
cache-control: no-cache

00:20:13.657 [AsyncHttpClient-1-2] DEBUG org.asynchttpclient.netty.channel.ChannelManager - Adding key: http://localhost:2905 for channel [id: 0xf94047ec, L:/127.0.0.1:59280 - R:localhost/127.0.0.1:2905]
00:20:13.661 [Forwarding clickElement on session ef9b602d92ae97b171ba6295389de4ce to remote] DEBUG org.asynchttpclient.netty.request.NettyRequestSender - Using pooled Channel '[id: 0xf94047ec, L:/127.0.0.1:59280 - R:localhost/127.0.0.1:2905]' for 'POST' to 'http://localhost:2905/session/ef9b602d92ae97b171ba6295389de4ce/element/99722CC3069865B2FEBDF948FE0FB770_element_18/click'
00:20:13.661 [Forwarding clickElement on session ef9b602d92ae97b171ba6295389de4ce to remote] DEBUG org.asynchttpclient.netty.request.NettyRequestSender - Using open Channel [id: 0xf94047ec, L:/127.0.0.1:59280 - R:localhost/127.0.0.1:2905] for POST '/session/ef9b602d92ae97b171ba6295389de4ce/element/99722CC3069865B2FEBDF948FE0FB770_element_18/click'
00:20:13.715 [AsyncHttpClient-1-2] DEBUG org.asynchttpclient.netty.handler.HttpHandler - 

Request DefaultHttpRequest(decodeResult: success, version: HTTP/1.1)
POST /session/ef9b602d92ae97b171ba6295389de4ce/element/99722CC3069865B2FEBDF948FE0FB770_element_18/click HTTP/1.1
User-Agent: selenium/4.8.1 (java windows)
Content-Length: 57
Content-Type: application/json; charset=utf-8
host: localhost:2905
accept: */*

Response DefaultHttpResponse(decodeResult: success, version: HTTP/1.1)
HTTP/1.1 200 OK
Content-Length: 14
Content-Type: application/json; charset=utf-8
cache-control: no-cache

00:20:13.715 [AsyncHttpClient-1-2] DEBUG org.asynchttpclient.netty.channel.ChannelManager - Adding key: http://localhost:2905 for channel [id: 0xf94047ec, L:/127.0.0.1:59280 - R:localhost/127.0.0.1:2905]
  &amp#27;[32mAnd &amp#27;[0m&amp#27;[32mI click community request&amp#27;[0m                    &amp#27;[90m# starter.stepdefinitions.ManageCustomers.clickCommunityRequest()&amp#27;[0m
00:20:13.723 [Forwarding getAlertText on session ef9b602d92ae97b171ba6295389de4ce to remote] DEBUG org.asynchttpclient.netty.request.NettyRequestSender - Using pooled Channel '[id: 0xf94047ec, L:/127.0.0.1:59280 - R:localhost/127.0.0.1:2905]' for 'GET' to 'http://localhost:2905/session/ef9b602d92ae97b171ba6295389de4ce/alert/text'
00:20:13.723 [Forwarding getAlertText on session ef9b602d92ae97b171ba6295389de4ce to remote] DEBUG org.asynchttpclient.netty.request.NettyRequestSender - Using open Channel [id: 0xf94047ec, L:/127.0.0.1:59280 - R:localhost/127.0.0.1:2905] for GET '/session/ef9b602d92ae97b171ba6295389de4ce/alert/text'
00:20:13.727 [AsyncHttpClient-1-2] DEBUG org.asynchttpclient.netty.handler.HttpHandler - 

Request DefaultFullHttpRequest(decodeResult: success, version: HTTP/1.1, content: EmptyByteBufBE)
GET /session/ef9b602d92ae97b171ba6295389de4ce/alert/text HTTP/1.1
User-Agent: selenium/4.8.1 (java windows)
Cache-Control: no-cache
Content-Type: application/json; charset=utf-8
host: localhost:2905
accept: */*

Response DefaultHttpResponse(decodeResult: success, version: HTTP/1.1)
HTTP/1.1 404 Not Found
Content-Length: 848
Content-Type: application/json; charset=utf-8
cache-control: no-cache

00:20:13.727 [AsyncHttpClient-1-2] DEBUG org.asynchttpclient.netty.channel.ChannelManager - Adding key: http://localhost:2905 for channel [id: 0xf94047ec, L:/127.0.0.1:59280 - R:localhost/127.0.0.1:2905]
00:20:13.731 [Forwarding getCurrentUrl on session ef9b602d92ae97b171ba6295389de4ce to remote] DEBUG org.asynchttpclient.netty.request.NettyRequestSender - Using pooled Channel '[id: 0xf94047ec, L:/127.0.0.1:59280 - R:localhost/127.0.0.1:2905]' for 'GET' to 'http://localhost:2905/session/ef9b602d92ae97b171ba6295389de4ce/url'
00:20:13.731 [Forwarding getCurrentUrl on session ef9b602d92ae97b171ba6295389de4ce to remote] DEBUG org.asynchttpclient.netty.request.NettyRequestSender - Using open Channel [id: 0xf94047ec, L:/127.0.0.1:59280 - R:localhost/127.0.0.1:2905] for GET '/session/ef9b602d92ae97b171ba6295389de4ce/url'
00:20:13.739 [AsyncHttpClient-1-2] DEBUG org.asynchttpclient.netty.handler.HttpHandler - 

Request DefaultFullHttpRequest(decodeResult: success, version: HTTP/1.1, content: EmptyByteBufBE)
GET /session/ef9b602d92ae97b171ba6295389de4ce/url HTTP/1.1
User-Agent: selenium/4.8.1 (java windows)
Cache-Control: no-cache
Content-Type: application/json; charset=utf-8
host: localhost:2905
accept: */*

Response DefaultHttpResponse(decodeResult: success, version: HTTP/1.1)
HTTP/1.1 200 OK
Content-Length: 95
Content-Type: application/json; charset=utf-8
cache-control: no-cache

00:20:13.740 [AsyncHttpClient-1-2] DEBUG org.asynchttpclient.netty.channel.ChannelManager - Adding key: http://localhost:2905 for channel [id: 0xf94047ec, L:/127.0.0.1:59280 - R:localhost/127.0.0.1:2905]
00:20:13.742 [Forwarding screenshot on session ef9b602d92ae97b171ba6295389de4ce to remote] DEBUG org.asynchttpclient.netty.request.NettyRequestSender - Using pooled Channel '[id: 0xf94047ec, L:/127.0.0.1:59280 - R:localhost/127.0.0.1:2905]' for 'GET' to 'http://localhost:2905/session/ef9b602d92ae97b171ba6295389de4ce/screenshot'
00:20:13.742 [Forwarding screenshot on session ef9b602d92ae97b171ba6295389de4ce to remote] DEBUG org.asynchttpclient.netty.request.NettyRequestSender - Using open Channel [id: 0xf94047ec, L:/127.0.0.1:59280 - R:localhost/127.0.0.1:2905] for GET '/session/ef9b602d92ae97b171ba6295389de4ce/screenshot'
00:20:13.936 [AsyncHttpClient-1-2] DEBUG org.asynchttpclient.netty.handler.HttpHandler - 

Request DefaultFullHttpRequest(decodeResult: success, version: HTTP/1.1, content: EmptyByteBufBE)
GET /session/ef9b602d92ae97b171ba6295389de4ce/screenshot HTTP/1.1
User-Agent: selenium/4.8.1 (java windows)
Cache-Control: no-cache
Content-Type: application/json; charset=utf-8
host: localhost:2905
accept: */*

Response DefaultHttpResponse(decodeResult: success, version: HTTP/1.1)
HTTP/1.1 200 OK
Content-Length: 92616
Content-Type: application/json; charset=utf-8
cache-control: no-cache

00:20:13.937 [AsyncHttpClient-1-2] DEBUG org.asynchttpclient.netty.channel.ChannelManager - Adding key: http://localhost:2905 for channel [id: 0xf94047ec, L:/127.0.0.1:59280 - R:localhost/127.0.0.1:2905]
00:20:13.947 [main] DEBUG net.serenitybdd.core.photography.Darkroom - Send negative for processing for target\site\serenity\aab3c8c7b1d59c585da0a3b24ac6003ca3aad60f70806a936e8ab896501824f1.png
00:20:13.947 [Darkroom Processing Line] DEBUG net.serenitybdd.core.photography.DarkroomProcessingLine - Processing screenshot image in /var/screenshots/screenshot-4417925064980545131
00:20:13.948 [Darkroom Processing Line] DEBUG net.serenitybdd.core.photography.DarkroomProcessingLine - Saving screenshot to target\site\serenity\aab3c8c7b1d59c585da0a3b24ac6003ca3aad60f70806a936e8ab896501824f1.png
00:20:13.957 [Forwarding getPageSource on session ef9b602d92ae97b171ba6295389de4ce to remote] DEBUG org.asynchttpclient.netty.request.NettyRequestSender - Using pooled Channel '[id: 0xf94047ec, L:/127.0.0.1:59280 - R:localhost/127.0.0.1:2905]' for 'POST' to 'http://localhost:2905/session/ef9b602d92ae97b171ba6295389de4ce/execute/sync'
00:20:13.957 [Forwarding getPageSource on session ef9b602d92ae97b171ba6295389de4ce to remote] DEBUG org.asynchttpclient.netty.request.NettyRequestSender - Using open Channel [id: 0xf94047ec, L:/127.0.0.1:59280 - R:localhost/127.0.0.1:2905] for POST '/session/ef9b602d92ae97b171ba6295389de4ce/execute/sync'
00:20:13.990 [AsyncHttpClient-1-2] DEBUG org.asynchttpclient.netty.handler.HttpHandler - 

Request DefaultHttpRequest(decodeResult: success, version: HTTP/1.1)
POST /session/ef9b602d92ae97b171ba6295389de4ce/execute/sync HTTP/1.1
User-Agent: selenium/4.8.1 (java windows)
Content-Length: 176
Content-Type: application/json; charset=utf-8
host: localhost:2905
accept: */*

Response DefaultHttpResponse(decodeResult: success, version: HTTP/1.1)
HTTP/1.1 200 OK
Content-Length: 30502
Content-Type: application/json; charset=utf-8
cache-control: no-cache

00:20:13.991 [AsyncHttpClient-1-2] DEBUG org.asynchttpclient.netty.channel.ChannelManager - Adding key: http://localhost:2905 for channel [id: 0xf94047ec, L:/127.0.0.1:59280 - R:localhost/127.0.0.1:2905]
00:20:14.009 [Forwarding getCurrentUrl on session ef9b602d92ae97b171ba6295389de4ce to remote] DEBUG org.asynchttpclient.netty.request.NettyRequestSender - Using pooled Channel '[id: 0xf94047ec, L:/127.0.0.1:59280 - R:localhost/127.0.0.1:2905]' for 'GET' to 'http://localhost:2905/session/ef9b602d92ae97b171ba6295389de4ce/url'
00:20:14.010 [Forwarding getCurrentUrl on session ef9b602d92ae97b171ba6295389de4ce to remote] DEBUG org.asynchttpclient.netty.request.NettyRequestSender - Using open Channel [id: 0xf94047ec, L:/127.0.0.1:59280 - R:localhost/127.0.0.1:2905] for GET '/session/ef9b602d92ae97b171ba6295389de4ce/url'
00:20:14.022 [AsyncHttpClient-1-2] DEBUG org.asynchttpclient.netty.handler.HttpHandler - 

Request DefaultFullHttpRequest(decodeResult: success, version: HTTP/1.1, content: EmptyByteBufBE)
GET /session/ef9b602d92ae97b171ba6295389de4ce/url HTTP/1.1
User-Agent: selenium/4.8.1 (java windows)
Cache-Control: no-cache
Content-Type: application/json; charset=utf-8
host: localhost:2905
accept: */*

Response DefaultHttpResponse(decodeResult: success, version: HTTP/1.1)
HTTP/1.1 200 OK
Content-Length: 95
Content-Type: application/json; charset=utf-8
cache-control: no-cache

00:20:14.022 [AsyncHttpClient-1-2] DEBUG org.asynchttpclient.netty.channel.ChannelManager - Adding key: http://localhost:2905 for channel [id: 0xf94047ec, L:/127.0.0.1:59280 - R:localhost/127.0.0.1:2905]
00:20:14.033 [Forwarding findElement on session ef9b602d92ae97b171ba6295389de4ce to remote] DEBUG org.asynchttpclient.netty.request.NettyRequestSender - Using pooled Channel '[id: 0xf94047ec, L:/127.0.0.1:59280 - R:localhost/127.0.0.1:2905]' for 'POST' to 'http://localhost:2905/session/ef9b602d92ae97b171ba6295389de4ce/element'
00:20:14.033 [Forwarding findElement on session ef9b602d92ae97b171ba6295389de4ce to remote] DEBUG org.asynchttpclient.netty.request.NettyRequestSender - Using open Channel [id: 0xf94047ec, L:/127.0.0.1:59280 - R:localhost/127.0.0.1:2905] for POST '/session/ef9b602d92ae97b171ba6295389de4ce/element'
00:20:14.287 [AsyncHttpClient-1-1] DEBUG org.asynchttpclient.netty.channel.DefaultChannelPool - Entry count for : http://localhost:59281 : 1
00:20:15.389 [AsyncHttpClient-1-1] DEBUG org.asynchttpclient.netty.channel.DefaultChannelPool - Entry count for : http://localhost:59281 : 1
00:20:15.988 [AsyncHttpClient-1-2] DEBUG org.asynchttpclient.netty.handler.HttpHandler - 

Request DefaultHttpRequest(decodeResult: success, version: HTTP/1.1)
POST /session/ef9b602d92ae97b171ba6295389de4ce/element HTTP/1.1
User-Agent: selenium/4.8.1 (java windows)
Content-Length: 58
Content-Type: application/json; charset=utf-8
host: localhost:2905
accept: */*

Response DefaultHttpResponse(decodeResult: success, version: HTTP/1.1)
HTTP/1.1 200 OK
Content-Length: 95
Content-Type: application/json; charset=utf-8
cache-control: no-cache

00:20:15.988 [AsyncHttpClient-1-2] DEBUG org.asynchttpclient.netty.channel.ChannelManager - Adding key: http://localhost:2905 for channel [id: 0xf94047ec, L:/127.0.0.1:59280 - R:localhost/127.0.0.1:2905]
00:20:15.995 [Forwarding isElementDisplayed on session ef9b602d92ae97b171ba6295389de4ce to remote] DEBUG org.asynchttpclient.netty.request.NettyRequestSender - Using pooled Channel '[id: 0xf94047ec, L:/127.0.0.1:59280 - R:localhost/127.0.0.1:2905]' for 'POST' to 'http://localhost:2905/session/ef9b602d92ae97b171ba6295389de4ce/execute/sync'
00:20:15.995 [Forwarding isElementDisplayed on session ef9b602d92ae97b171ba6295389de4ce to remote] DEBUG org.asynchttpclient.netty.request.NettyRequestSender - Using open Channel [id: 0xf94047ec, L:/127.0.0.1:59280 - R:localhost/127.0.0.1:2905] for POST '/session/ef9b602d92ae97b171ba6295389de4ce/execute/sync'
00:20:16.010 [AsyncHttpClient-1-2] DEBUG org.asynchttpclient.netty.handler.HttpHandler - 

Request DefaultHttpRequest(decodeResult: success, version: HTTP/1.1)
POST /session/ef9b602d92ae97b171ba6295389de4ce/execute/sync HTTP/1.1
User-Agent: selenium/4.8.1 (java windows)
Content-Length: 48814
Content-Type: application/json; charset=utf-8
host: localhost:2905
accept: */*

Response DefaultHttpResponse(decodeResult: success, version: HTTP/1.1)
HTTP/1.1 200 OK
Content-Length: 14
Content-Type: application/json; charset=utf-8
cache-control: no-cache

00:20:16.010 [AsyncHttpClient-1-2] DEBUG org.asynchttpclient.netty.channel.ChannelManager - Adding key: http://localhost:2905 for channel [id: 0xf94047ec, L:/127.0.0.1:59280 - R:localhost/127.0.0.1:2905]
  &amp#27;[32mThen &amp#27;[0m&amp#27;[32mI can see community request list&amp#27;[0m            &amp#27;[90m# starter.stepdefinitions.ManageCustomers.seeCommunityRequest()&amp#27;[0m
00:20:16.016 [Forwarding getAlertText on session ef9b602d92ae97b171ba6295389de4ce to remote] DEBUG org.asynchttpclient.netty.request.NettyRequestSender - Using pooled Channel '[id: 0xf94047ec, L:/127.0.0.1:59280 - R:localhost/127.0.0.1:2905]' for 'GET' to 'http://localhost:2905/session/ef9b602d92ae97b171ba6295389de4ce/alert/text'
00:20:16.016 [Forwarding getAlertText on session ef9b602d92ae97b171ba6295389de4ce to remote] DEBUG org.asynchttpclient.netty.request.NettyRequestSender - Using open Channel [id: 0xf94047ec, L:/127.0.0.1:59280 - R:localhost/127.0.0.1:2905] for GET '/session/ef9b602d92ae97b171ba6295389de4ce/alert/text'
00:20:16.018 [AsyncHttpClient-1-2] DEBUG org.asynchttpclient.netty.handler.HttpHandler - 

Request DefaultFullHttpRequest(decodeResult: success, version: HTTP/1.1, content: EmptyByteBufBE)
GET /session/ef9b602d92ae97b171ba6295389de4ce/alert/text HTTP/1.1
User-Agent: selenium/4.8.1 (java windows)
Cache-Control: no-cache
Content-Type: application/json; charset=utf-8
host: localhost:2905
accept: */*

Response DefaultHttpResponse(decodeResult: success, version: HTTP/1.1)
HTTP/1.1 404 Not Found
Content-Length: 848
Content-Type: application/json; charset=utf-8
cache-control: no-cache

00:20:16.019 [AsyncHttpClient-1-2] DEBUG org.asynchttpclient.netty.channel.ChannelManager - Adding key: http://localhost:2905 for channel [id: 0xf94047ec, L:/127.0.0.1:59280 - R:localhost/127.0.0.1:2905]
00:20:16.020 [Forwarding getCurrentUrl on session ef9b602d92ae97b171ba6295389de4ce to remote] DEBUG org.asynchttpclient.netty.request.NettyRequestSender - Using pooled Channel '[id: 0xf94047ec, L:/127.0.0.1:59280 - R:localhost/127.0.0.1:2905]' for 'GET' to 'http://localhost:2905/session/ef9b602d92ae97b171ba6295389de4ce/url'
00:20:16.020 [Forwarding getCurrentUrl on session ef9b602d92ae97b171ba6295389de4ce to remote] DEBUG org.asynchttpclient.netty.request.NettyRequestSender - Using open Channel [id: 0xf94047ec, L:/127.0.0.1:59280 - R:localhost/127.0.0.1:2905] for GET '/session/ef9b602d92ae97b171ba6295389de4ce/url'
00:20:16.029 [AsyncHttpClient-1-2] DEBUG org.asynchttpclient.netty.handler.HttpHandler - 

Request DefaultFullHttpRequest(decodeResult: success, version: HTTP/1.1, content: EmptyByteBufBE)
GET /session/ef9b602d92ae97b171ba6295389de4ce/url HTTP/1.1
User-Agent: selenium/4.8.1 (java windows)
Cache-Control: no-cache
Content-Type: application/json; charset=utf-8
host: localhost:2905
accept: */*

Response DefaultHttpResponse(decodeResult: success, version: HTTP/1.1)
HTTP/1.1 200 OK
Content-Length: 116
Content-Type: application/json; charset=utf-8
cache-control: no-cache

00:20:16.029 [AsyncHttpClient-1-2] DEBUG org.asynchttpclient.netty.channel.ChannelManager - Adding key: http://localhost:2905 for channel [id: 0xf94047ec, L:/127.0.0.1:59280 - R:localhost/127.0.0.1:2905]
00:20:16.031 [Forwarding screenshot on session ef9b602d92ae97b171ba6295389de4ce to remote] DEBUG org.asynchttpclient.netty.request.NettyRequestSender - Using pooled Channel '[id: 0xf94047ec, L:/127.0.0.1:59280 - R:localhost/127.0.0.1:2905]' for 'GET' to 'http://localhost:2905/session/ef9b602d92ae97b171ba6295389de4ce/screenshot'
00:20:16.031 [Forwarding screenshot on session ef9b602d92ae97b171ba6295389de4ce to remote] DEBUG org.asynchttpclient.netty.request.NettyRequestSender - Using open Channel [id: 0xf94047ec, L:/127.0.0.1:59280 - R:localhost/127.0.0.1:2905] for GET '/session/ef9b602d92ae97b171ba6295389de4ce/screenshot'
00:20:16.141 [AsyncHttpClient-1-2] DEBUG org.asynchttpclient.netty.handler.HttpHandler - 

Request DefaultFullHttpRequest(decodeResult: success, version: HTTP/1.1, content: EmptyByteBufBE)
GET /session/ef9b602d92ae97b171ba6295389de4ce/screenshot HTTP/1.1
User-Agent: selenium/4.8.1 (java windows)
Cache-Control: no-cache
Content-Type: application/json; charset=utf-8
host: localhost:2905
accept: */*

Response DefaultHttpResponse(decodeResult: success, version: HTTP/1.1)
HTTP/1.1 200 OK
Content-Length: 109476
Content-Type: application/json; charset=utf-8
cache-control: no-cache

00:20:16.142 [AsyncHttpClient-1-2] DEBUG org.asynchttpclient.netty.channel.ChannelManager - Adding key: http://localhost:2905 for channel [id: 0xf94047ec, L:/127.0.0.1:59280 - R:localhost/127.0.0.1:2905]
00:20:16.147 [main] DEBUG net.serenitybdd.core.photography.Darkroom - Send negative for processing for target\site\serenity\6bef86c4ad12490e92de5eb604f35190360a05491a60d1d9c23c9ec5c0549f07.png
00:20:16.147 [Darkroom Processing Line] DEBUG net.serenitybdd.core.photography.DarkroomProcessingLine - Processing screenshot image in /var/screenshots/screenshot-7230624910272318699
00:20:16.147 [Darkroom Processing Line] DEBUG net.serenitybdd.core.photography.DarkroomProcessingLine - Saving screenshot to target\site\serenity\6bef86c4ad12490e92de5eb604f35190360a05491a60d1d9c23c9ec5c0549f07.png
00:20:16.153 [main] INFO  - 
  _____   ___   ___   _____     ___     _     ___   ___   ___   ___  
 |_   _| | __| / __| |_   _|   | _ \   /_\   / __| / __| | __| |   \ 
   | |   | _|  \__ \   | |     |  _/  / _ \  \__ \ \__ \ | _|  | |) |
   |_|   |___| |___/   |_|     |_|   /_/ \_\ |___/ |___/ |___| |___/ 

As user, I have be able to success login
----------------------------------------------------------------------
00:20:16.298 [Driver Command Executor] DEBUG org.asynchttpclient.netty.request.NettyRequestSender - Using pooled Channel '[id: 0xf94047ec, L:/127.0.0.1:59280 - R:localhost/127.0.0.1:2905]' for 'DELETE' to 'http://localhost:2905/session/ef9b602d92ae97b171ba6295389de4ce'
00:20:16.298 [Driver Command Executor] DEBUG org.asynchttpclient.netty.request.NettyRequestSender - Using open Channel [id: 0xf94047ec, L:/127.0.0.1:59280 - R:localhost/127.0.0.1:2905] for DELETE '/session/ef9b602d92ae97b171ba6295389de4ce'
00:20:16.495 [AsyncHttpClient-1-1] DEBUG org.asynchttpclient.netty.channel.DefaultChannelPool - Entry count for : http://localhost:59281 : 1
00:20:16.523 [AsyncHttpClient-1-2] DEBUG org.asynchttpclient.netty.handler.HttpHandler - 

Request DefaultFullHttpRequest(decodeResult: success, version: HTTP/1.1, content: EmptyByteBufBE)
DELETE /session/ef9b602d92ae97b171ba6295389de4ce HTTP/1.1
User-Agent: selenium/4.8.1 (java windows)
Content-Type: application/json; charset=utf-8
host: localhost:2905
accept: */*

Response DefaultHttpResponse(decodeResult: success, version: HTTP/1.1)
HTTP/1.1 200 OK
Content-Length: 14
Content-Type: application/json; charset=utf-8
cache-control: no-cache

00:20:16.523 [AsyncHttpClient-1-2] DEBUG org.asynchttpclient.netty.channel.ChannelManager - Adding key: http://localhost:2905 for channel [id: 0xf94047ec, L:/127.0.0.1:59280 - R:localhost/127.0.0.1:2905]
00:20:16.602 [AsyncHttpClient-1-3] DEBUG org.asynchttpclient.netty.handler.HttpHandler - Unexpected I/O exception on channel [id: 0x4bad7b35, L:/127.0.0.1:59289 - R:localhost/127.0.0.1:59281]
java.io.IOException: An existing connection was forcibly closed by the remote host
	at sun.nio.ch.SocketDispatcher.read0(Native Method)
	at sun.nio.ch.SocketDispatcher.read(SocketDispatcher.java:43)
	at sun.nio.ch.IOUtil.readIntoNativeBuffer(IOUtil.java:223)
	at sun.nio.ch.IOUtil.read(IOUtil.java:192)
	at sun.nio.ch.SocketChannelImpl.read(SocketChannelImpl.java:378)
	at io.netty.buffer.PooledByteBuf.setBytes(PooledByteBuf.java:259)
	at io.netty.buffer.AbstractByteBuf.writeBytes(AbstractByteBuf.java:1132)
	at io.netty.channel.socket.nio.NioSocketChannel.doReadBytes(NioSocketChannel.java:357)
	at io.netty.channel.nio.AbstractNioByteChannel$NioByteUnsafe.read(AbstractNioByteChannel.java:151)
	at io.netty.channel.nio.NioEventLoop.processSelectedKey(NioEventLoop.java:788)
	at io.netty.channel.nio.NioEventLoop.processSelectedKeysOptimized(NioEventLoop.java:724)
	at io.netty.channel.nio.NioEventLoop.processSelectedKeys(NioEventLoop.java:650)
	at io.netty.channel.nio.NioEventLoop.run(NioEventLoop.java:562)
	at io.netty.util.concurrent.SingleThreadEventExecutor$4.run(SingleThreadEventExecutor.java:997)
	at io.netty.util.internal.ThreadExecutorMap$2.run(ThreadExecutorMap.java:74)
	at io.netty.util.concurrent.FastThreadLocalRunnable.run(FastThreadLocalRunnable.java:30)
	at java.lang.Thread.run(Thread.java:748)
00:20:16.602 [AsyncHttpClient-1-4] DEBUG org.asynchttpclient.netty.handler.WebSocketHandler - Unexpected I/O exception on channel [id: 0x4a92b2df, L:/127.0.0.1:59290 - R:localhost/127.0.0.1:59281]
java.io.IOException: An existing connection was forcibly closed by the remote host
	at sun.nio.ch.SocketDispatcher.read0(Native Method)
	at sun.nio.ch.SocketDispatcher.read(SocketDispatcher.java:43)
	at sun.nio.ch.IOUtil.readIntoNativeBuffer(IOUtil.java:223)
	at sun.nio.ch.IOUtil.read(IOUtil.java:192)
	at sun.nio.ch.SocketChannelImpl.read(SocketChannelImpl.java:378)
	at io.netty.buffer.PooledByteBuf.setBytes(PooledByteBuf.java:259)
	at io.netty.buffer.AbstractByteBuf.writeBytes(AbstractByteBuf.java:1132)
	at io.netty.channel.socket.nio.NioSocketChannel.doReadBytes(NioSocketChannel.java:357)
	at io.netty.channel.nio.AbstractNioByteChannel$NioByteUnsafe.read(AbstractNioByteChannel.java:151)
	at io.netty.channel.nio.NioEventLoop.processSelectedKey(NioEventLoop.java:788)
	at io.netty.channel.nio.NioEventLoop.processSelectedKeysOptimized(NioEventLoop.java:724)
	at io.netty.channel.nio.NioEventLoop.processSelectedKeys(NioEventLoop.java:650)
	at io.netty.channel.nio.NioEventLoop.run(NioEventLoop.java:562)
	at io.netty.util.concurrent.SingleThreadEventExecutor$4.run(SingleThreadEventExecutor.java:997)
	at io.netty.util.internal.ThreadExecutorMap$2.run(ThreadExecutorMap.java:74)
	at io.netty.util.concurrent.FastThreadLocalRunnable.run(FastThreadLocalRunnable.java:30)
	at java.lang.Thread.run(Thread.java:748)
00:20:16.603 [AsyncHttpClient-1-3] DEBUG org.asynchttpclient.netty.channel.ChannelManager - Closing Channel [id: 0x4bad7b35, L:/127.0.0.1:59289 - R:localhost/127.0.0.1:59281] 
00:20:16.604 [AsyncHttpClient-1-4] DEBUG org.asynchttpclient.netty.handler.WebSocketHandler - Trying to recover from dead Channel: [id: 0x4a92b2df, L:/127.0.0.1:59290 - R:localhost/127.0.0.1:59281]
00:20:16.605 [AsyncHttpClient-1-4] DEBUG org.asynchttpclient.netty.handler.WebSocketHandler - Channel Closed: [id: 0x4a92b2df, L:/127.0.0.1:59290 ! R:localhost/127.0.0.1:59281] with attribute NettyResponseFuture{currentRetry=0,
	isDone=1,
	isCancelled=0,
	asyncHandler=org.asynchttpclient.ws.WebSocketUpgradeHandler@379fe8c7,
	nettyRequest=org.asynchttpclient.netty.request.NettyRequest@498ebe7,
	future=java.util.concurrent.CompletableFuture@77dbfcc8[Completed normally],
	uri=ws://localhost:59281/devtools/browser/dbdd17f7-d6e4-48a5-add7-7fe96f6d6bb3,
	keepAlive=true,
	redirectCount=0,
	timeoutsHolder=null,
	inAuth=0,
	touch=1687454416603}
00:20:16.605 [AsyncHttpClient-1-4] DEBUG org.asynchttpclient.netty.channel.ChannelManager - Closing Channel [id: 0x4a92b2df, L:/127.0.0.1:59290 ! R:localhost/127.0.0.1:59281] 
00:20:16.607 [AsyncHttpClient-1-3] DEBUG org.asynchttpclient.netty.handler.HttpHandler - Channel Closed: [id: 0x4bad7b35, L:/127.0.0.1:59289 ! R:localhost/127.0.0.1:59281] with attribute DISCARD
00:20:17.539 [AsyncHttpClient-1-2] DEBUG org.asynchttpclient.netty.handler.HttpHandler - Unexpected I/O exception on channel [id: 0xf94047ec, L:/127.0.0.1:59280 - R:localhost/127.0.0.1:2905]
java.io.IOException: An existing connection was forcibly closed by the remote host
	at sun.nio.ch.SocketDispatcher.read0(Native Method)
	at sun.nio.ch.SocketDispatcher.read(SocketDispatcher.java:43)
	at sun.nio.ch.IOUtil.readIntoNativeBuffer(IOUtil.java:223)
	at sun.nio.ch.IOUtil.read(IOUtil.java:192)
	at sun.nio.ch.SocketChannelImpl.read(SocketChannelImpl.java:378)
	at io.netty.buffer.PooledByteBuf.setBytes(PooledByteBuf.java:259)
	at io.netty.buffer.AbstractByteBuf.writeBytes(AbstractByteBuf.java:1132)
	at io.netty.channel.socket.nio.NioSocketChannel.doReadBytes(NioSocketChannel.java:357)
	at io.netty.channel.nio.AbstractNioByteChannel$NioByteUnsafe.read(AbstractNioByteChannel.java:151)
	at io.netty.channel.nio.NioEventLoop.processSelectedKey(NioEventLoop.java:788)
	at io.netty.channel.nio.NioEventLoop.processSelectedKeysOptimized(NioEventLoop.java:724)
	at io.netty.channel.nio.NioEventLoop.processSelectedKeys(NioEventLoop.java:650)
	at io.netty.channel.nio.NioEventLoop.run(NioEventLoop.java:562)
	at io.netty.util.concurrent.SingleThreadEventExecutor$4.run(SingleThreadEventExecutor.java:997)
	at io.netty.util.internal.ThreadExecutorMap$2.run(ThreadExecutorMap.java:74)
	at io.netty.util.concurrent.FastThreadLocalRunnable.run(FastThreadLocalRunnable.java:30)
	at java.lang.Thread.run(Thread.java:748)
00:20:17.540 [AsyncHttpClient-1-2] DEBUG org.asynchttpclient.netty.channel.ChannelManager - Closing Channel [id: 0xf94047ec, L:/127.0.0.1:59280 - R:localhost/127.0.0.1:2905] 
00:20:17.540 [AsyncHttpClient-1-2] DEBUG org.asynchttpclient.netty.handler.HttpHandler - Channel Closed: [id: 0xf94047ec, L:/127.0.0.1:59280 ! R:localhost/127.0.0.1:2905] with attribute DISCARD
00:20:17.589 [AsyncHttpClient-1-1] DEBUG org.asynchttpclient.netty.channel.DefaultChannelPool - Entry count for : http://localhost:59281 : 1
00:20:17.589 [AsyncHttpClient-1-1] DEBUG org.asynchttpclient.netty.channel.DefaultChannelPool - Entry count for : http://localhost:2905 : 1
00:20:17.589 [AsyncHttpClient-1-1] DEBUG org.asynchttpclient.netty.channel.DefaultChannelPool - Adding Candidate expired Channel [id: 0x4bad7b35, L:/127.0.0.1:59289 ! R:localhost/127.0.0.1:59281] isIdleTimeoutExpired=false isRemotelyClosed=true isTtlExpired=false
00:20:17.589 [AsyncHttpClient-1-1] DEBUG org.asynchttpclient.netty.channel.DefaultChannelPool - Closing Idle Channel [id: 0x4bad7b35, L:/127.0.0.1:59289 ! R:localhost/127.0.0.1:59281]
00:20:17.589 [AsyncHttpClient-1-1] DEBUG org.asynchttpclient.netty.channel.DefaultChannelPool - Adding Candidate expired Channel [id: 0xf94047ec, L:/127.0.0.1:59280 ! R:localhost/127.0.0.1:2905] isIdleTimeoutExpired=false isRemotelyClosed=true isTtlExpired=false
00:20:17.589 [AsyncHttpClient-1-1] DEBUG org.asynchttpclient.netty.channel.DefaultChannelPool - Closing Idle Channel [id: 0xf94047ec, L:/127.0.0.1:59280 ! R:localhost/127.0.0.1:2905]
00:20:17.589 [AsyncHttpClient-1-1] DEBUG org.asynchttpclient.netty.channel.DefaultChannelPool - Closed 2 connections out of 2 in 0 ms
]]></system-out>
    <system-err><![CDATA[Starting ChromeDriver 113.0.5672.63 (0e1a4471d5ae5bf128b1bd8f4d627c8cbd55f70c-refs/branch-heads/5672@{#912}) on port 2905
Only local connections are allowed.
Please see https://chromedriver.chromium.org/security-considerations for suggestions on keeping ChromeDriver safe.
ChromeDriver was started successfully.
[1687454374.391][WARNING]: This version of ChromeDriver has not been tested with Chrome version 114.
[1687454378.401][WARNING]: Timed out connecting to Chrome, retrying...
Jun 23, 2023 12:19:51 AM org.openqa.selenium.devtools.CdpVersionFinder findNearestMatch
WARNING: Unable to find an exact match for CDP version 114, so returning the closest version found: 110
]]></system-err>
  </testcase>
  <testcase name="I want to see user account list" classname="User be able manage customer" time="0.043">
    <system-out><![CDATA[
Scenario: I want to see user account list &amp#27;[90m# src/test/resources/features/ManageCustomer.feature:22&amp#27;[0m
00:20:17.620 [main] DEBUG io.cucumber.core.plugin.SerenityReporter - Running feature from file:///C:/Users/ASUS/Pictures/Coding/sociops_qe_web/src/test/resources/features/ManageCustomer.feature
00:20:17.624 [main] INFO  - 
  _____   ___   ___   _____     ___   _____     _     ___   _____   ___   ___  
 |_   _| | __| / __| |_   _|   / __| |_   _|   /_\   | _ \ |_   _| | __| |   \ 
   | |   | _|  \__ \   | |     \__ \   | |    / _ \  |   /   | |   | _|  | |) |
   |_|   |___| |___/   |_|     |___/   |_|   /_/ \_\ |_|_\   |_|   |___| |___/ 

I want to see user account list(user-be-able-manage-customer;i-want-to-see-user-account-list)
--------------------------------------------------------------------------------
  &amp#27;[32mGiven &amp#27;[0m&amp#27;[32mI am on the dashboard customer&amp#27;[0m    &amp#27;[90m# starter.stepdefinitions.ManageCustomers.onTheDashboardCustomer()&amp#27;[0m
  &amp#27;[32mWhen &amp#27;[0m&amp#27;[32mI click User account list&amp#27;[0m          &amp#27;[90m# starter.stepdefinitions.ManageCustomers.clickUserAccountList()&amp#27;[0m
  &amp#27;[32mThen &amp#27;[0m&amp#27;[32mI can see user account list&amp#27;[0m        &amp#27;[90m# starter.stepdefinitions.ManageCustomers.seeUserAccountList()&amp#27;[0m
  &amp#27;[32mAnd &amp#27;[0m&amp#27;[32mI click back button&amp#27;[0m                 &amp#27;[90m# starter.stepdefinitions.ManageCustomers.clickBackButton()&amp#27;[0m
00:20:17.650 [main] INFO  - 
  _____   ___   ___   _____     ___     _     ___   ___   ___   ___  
 |_   _| | __| / __| |_   _|   | _ \   /_\   / __| / __| | __| |   \ 
   | |   | _|  \__ \   | |     |  _/  / _ \  \__ \ \__ \ | _|  | |) |
   |_|   |___| |___/   |_|     |_|   /_/ \_\ |___/ |___/ |___| |___/ 

I want to see user account list
----------------------------------------------------------------------
]]></system-out>
  </testcase>
  <testcase name="I want to see user fundraising list" classname="User be able manage customer" time="0.032">
    <system-out><![CDATA[
Scenario: I want to see user fundraising list &amp#27;[90m# src/test/resources/features/ManageCustomer.feature:28&amp#27;[0m
00:20:17.658 [main] DEBUG io.cucumber.core.plugin.SerenityReporter - Running feature from file:///C:/Users/ASUS/Pictures/Coding/sociops_qe_web/src/test/resources/features/ManageCustomer.feature
00:20:17.661 [main] INFO  - 
  _____   ___   ___   _____     ___   _____     _     ___   _____   ___   ___  
 |_   _| | __| / __| |_   _|   / __| |_   _|   /_\   | _ \ |_   _| | __| |   \ 
   | |   | _|  \__ \   | |     \__ \   | |    / _ \  |   /   | |   | _|  | |) |
   |_|   |___| |___/   |_|     |___/   |_|   /_/ \_\ |_|_\   |_|   |___| |___/ 

I want to see user fundraising list(user-be-able-manage-customer;i-want-to-see-user-fundraising-list)
--------------------------------------------------------------------------------
  &amp#27;[32mGiven &amp#27;[0m&amp#27;[32mI am on the dashboard customer&amp#27;[0m        &amp#27;[90m# starter.stepdefinitions.ManageCustomers.onTheDashboardCustomer()&amp#27;[0m
  &amp#27;[32mWhen &amp#27;[0m&amp#27;[32mI click user fundraising list&amp#27;[0m          &amp#27;[90m# starter.stepdefinitions.ManageCustomers.clickFundraisingList()&amp#27;[0m
  &amp#27;[32mThen &amp#27;[0m&amp#27;[32mI can see user fundraising list&amp#27;[0m        &amp#27;[90m# starter.stepdefinitions.ManageCustomers.seeUserFundraisingList()&amp#27;[0m
  &amp#27;[32mAnd &amp#27;[0m&amp#27;[32mI click back button&amp#27;[0m                     &amp#27;[90m# starter.stepdefinitions.ManageCustomers.clickBackButton()&amp#27;[0m
00:20:17.683 [main] INFO  - 
  _____   ___   ___   _____     ___     _     ___   ___   ___   ___  
 |_   _| | __| / __| |_   _|   | _ \   /_\   / __| / __| | __| |   \ 
   | |   | _|  \__ \   | |     |  _/  / _ \  \__ \ \__ \ | _|  | |) |
   |_|   |___| |___/   |_|     |_|   /_/ \_\ |___/ |___/ |___| |___/ 

I want to see user fundraising list
----------------------------------------------------------------------
]]></system-out>
  </testcase>
  <testcase name="I want to see user volunteer list" classname="User be able manage customer" time="0.039">
    <system-out><![CDATA[
Scenario: I want to see user volunteer list &amp#27;[90m# src/test/resources/features/ManageCustomer.feature:34&amp#27;[0m
00:20:17.690 [main] DEBUG io.cucumber.core.plugin.SerenityReporter - Running feature from file:///C:/Users/ASUS/Pictures/Coding/sociops_qe_web/src/test/resources/features/ManageCustomer.feature
00:20:17.693 [main] INFO  - 
  _____   ___   ___   _____     ___   _____     _     ___   _____   ___   ___  
 |_   _| | __| / __| |_   _|   / __| |_   _|   /_\   | _ \ |_   _| | __| |   \ 
   | |   | _|  \__ \   | |     \__ \   | |    / _ \  |   /   | |   | _|  | |) |
   |_|   |___| |___/   |_|     |___/   |_|   /_/ \_\ |_|_\   |_|   |___| |___/ 

I want to see user volunteer list(user-be-able-manage-customer;i-want-to-see-user-volunteer-list)
--------------------------------------------------------------------------------
  &amp#27;[32mGiven &amp#27;[0m&amp#27;[32mI am on the dashboard customer&amp#27;[0m      &amp#27;[90m# starter.stepdefinitions.ManageCustomers.onTheDashboardCustomer()&amp#27;[0m
  &amp#27;[32mWhen &amp#27;[0m&amp#27;[32mI click user volunteer list&amp#27;[0m          &amp#27;[90m# starter.stepdefinitions.ManageCustomers.clickVolunteerList()&amp#27;[0m
  &amp#27;[32mThen &amp#27;[0m&amp#27;[32mI can see volunteer list&amp#27;[0m             &amp#27;[90m# starter.stepdefinitions.ManageCustomers.seeVolunteerList()&amp#27;[0m
  &amp#27;[32mAnd &amp#27;[0m&amp#27;[32mI click back button&amp#27;[0m                   &amp#27;[90m# starter.stepdefinitions.ManageCustomers.clickBackButton()&amp#27;[0m
00:20:17.723 [main] INFO  - 
  _____   ___   ___   _____     ___     _     ___   ___   ___   ___  
 |_   _| | __| / __| |_   _|   | _ \   /_\   / __| / __| | __| |   \ 
   | |   | _|  \__ \   | |     |  _/  / _ \  \__ \ \__ \ | _|  | |) |
   |_|   |___| |___/   |_|     |_|   /_/ \_\ |___/ |___/ |___| |___/ 

I want to see user volunteer list
----------------------------------------------------------------------
]]></system-out>
  </testcase>
</testsuite>