<?xml version="1.0" encoding="UTF-8"?>
<testsuite xmlns:xsi="http://www.w3.org/2001/XMLSchema-instance" xsi:noNamespaceSchemaLocation="https://maven.apache.org/surefire/maven-failsafe-plugin/xsd/failsafe-test-report-3.0.xsd" version="3.0" name="starter.CucumberTestSuite" time="50.053" tests="8" errors="0" skipped="0" failures="0">
  <properties>
    <property name="java.specification.version" value="15"/>
    <property name="webdriver.chrome.driver" value="src/test/resources/webdriver/chromedriver.exe"/>
    <property name="sun.cpu.isalist" value="amd64"/>
    <property name="sun.jnu.encoding" value="Cp1252"/>
    <property name="java.class.path" value="C:\Users\WINDOWS 10\Documents\GitHub\Capstone\sociops_qe_web\target\test-classes;C:\Users\WINDOWS 10\Documents\GitHub\Capstone\sociops_qe_web\target\alta-1.0-SNAPSHOT.jar;C:\Users\WINDOWS 10\.m2\repository\net\serenity-bdd\serenity-rest-assured\3.6.22\serenity-rest-assured-3.6.22.jar;C:\Users\WINDOWS 10\.m2\repository\org\apache\httpcomponents\httpclient\4.5.13\httpclient-4.5.13.jar;C:\Users\WINDOWS 10\.m2\repository\org\apache\httpcomponents\httpcore\4.4.13\httpcore-4.4.13.jar;C:\Users\WINDOWS 10\.m2\repository\commons-logging\commons-logging\1.2\commons-logging-1.2.jar;C:\Users\WINDOWS 10\.m2\repository\io\rest-assured\rest-assured\5.3.0\rest-assured-5.3.0.jar;C:\Users\WINDOWS 10\.m2\repository\org\apache\httpcomponents\httpmime\4.5.13\httpmime-4.5.13.jar;C:\Users\WINDOWS 10\.m2\repository\org\ccil\cowan\tagsoup\tagsoup\1.2.1\tagsoup-1.2.1.jar;C:\Users\WINDOWS 10\.m2\repository\io\rest-assured\json-path\5.3.0\json-path-5.3.0.jar;C:\Users\WINDOWS 10\.m2\repository\io\rest-assured\rest-assured-common\5.3.0\rest-assured-common-5.3.0.jar;C:\Users\WINDOWS 10\.m2\repository\io\rest-assured\xml-path\5.3.0\xml-path-5.3.0.jar;C:\Users\WINDOWS 10\.m2\repository\org\apache\groovy\groovy-json\4.0.10\groovy-json-4.0.10.jar;C:\Users\WINDOWS 10\.m2\repository\org\apache\groovy\groovy-xml\4.0.10\groovy-xml-4.0.10.jar;C:\Users\WINDOWS 10\.m2\repository\org\apache\groovy\groovy\4.0.10\groovy-4.0.10.jar;C:\Users\WINDOWS 10\.m2\repository\org\opentest4j\opentest4j\1.2.0\opentest4j-1.2.0.jar;C:\Users\WINDOWS 10\.m2\repository\net\serenity-bdd\serenity-core\3.6.21\serenity-core-3.6.21.jar;C:\Users\WINDOWS 10\.m2\repository\net\serenity-bdd\serenity-model\3.6.21\serenity-model-3.6.21.jar;C:\Users\WINDOWS 10\.m2\repository\org\apache\commons\commons-text\1.10.0\commons-text-1.10.0.jar;C:\Users\WINDOWS 10\.m2\repository\commons-net\commons-net\3.9.0\commons-net-3.9.0.jar;C:\Users\WINDOWS 10\.m2\repository\com\google\guava\guava\31.1-jre\guava-31.1-jre.jar;C:\Users\WINDOWS 10\.m2\repository\com\google\guava\failureaccess\1.0.1\failureaccess-1.0.1.jar;C:\Users\WINDOWS 10\.m2\repository\com\google\guava\listenablefuture\9999.0-empty-to-avoid-conflict-with-guava\listenablefuture-9999.0-empty-to-avoid-conflict-with-guava.jar;C:\Users\WINDOWS 10\.m2\repository\com\google\code\findbugs\jsr305\3.0.2\jsr305-3.0.2.jar;C:\Users\WINDOWS 10\.m2\repository\org\checkerframework\checker-qual\3.12.0\checker-qual-3.12.0.jar;C:\Users\WINDOWS 10\.m2\repository\com\google\errorprone\error_prone_annotations\2.11.0\error_prone_annotations-2.11.0.jar;C:\Users\WINDOWS 10\.m2\repository\com\google\j2objc\j2objc-annotations\1.3\j2objc-annotations-1.3.jar;C:\Users\WINDOWS 10\.m2\repository\com\google\inject\guice\5.1.0\guice-5.1.0.jar;C:\Users\WINDOWS 10\.m2\repository\javax\inject\javax.inject\1\javax.inject-1.jar;C:\Users\WINDOWS 10\.m2\repository\aopalliance\aopalliance\1.0\aopalliance-1.0.jar;C:\Users\WINDOWS 10\.m2\repository\org\jsoup\jsoup\1.14.3\jsoup-1.14.3.jar;C:\Users\WINDOWS 10\.m2\repository\com\thoughtworks\xstream\xstream\1.4.20\xstream-1.4.20.jar;C:\Users\WINDOWS 10\.m2\repository\io\github\x-stream\mxparser\1.2.2\mxparser-1.2.2.jar;C:\Users\WINDOWS 10\.m2\repository\xmlpull\xmlpull\1.1.3.1\xmlpull-1.1.3.1.jar;C:\Users\WINDOWS 10\.m2\repository\com\typesafe\config\1.4.2\config-1.4.2.jar;C:\Users\WINDOWS 10\.m2\repository\org\imgscalr\imgscalr-lib\4.2\imgscalr-lib-4.2.jar;C:\Users\WINDOWS 10\.m2\repository\org\awaitility\awaitility\4.2.0\awaitility-4.2.0.jar;C:\Users\WINDOWS 10\.m2\repository\org\freemarker\freemarker\2.3.31\freemarker-2.3.31.jar;C:\Users\WINDOWS 10\.m2\repository\io\github\classgraph\classgraph\4.8.138\classgraph-4.8.138.jar;C:\Users\WINDOWS 10\.m2\repository\net\sourceforge\jexcelapi\jxl\2.6.12\jxl-2.6.12.jar;C:\Users\WINDOWS 10\.m2\repository\net\bytebuddy\byte-buddy-agent\1.14.2\byte-buddy-agent-1.14.2.jar;C:\Users\WINDOWS 10\.m2\repository\org\objenesis\objenesis\3.3\objenesis-3.3.jar;C:\Users\WINDOWS 10\.m2\repository\net\serenity-bdd\serenity-reports\3.6.21\serenity-reports-3.6.21.jar;C:\Users\WINDOWS 10\.m2\repository\net\serenity-bdd\serenity-stats\3.6.21\serenity-stats-3.6.21.jar;C:\Users\WINDOWS 10\.m2\repository\net\serenity-bdd\serenity-reports-configuration\3.6.21\serenity-reports-configuration-3.6.21.jar;C:\Users\WINDOWS 10\.m2\repository\com\vladsch\flexmark\flexmark-all\0.62.2\flexmark-all-0.62.2.jar;C:\Users\WINDOWS 10\.m2\repository\com\vladsch\flexmark\flexmark\0.62.2\flexmark-0.62.2.jar;C:\Users\WINDOWS 10\.m2\repository\com\vladsch\flexmark\flexmark-ext-abbreviation\0.62.2\flexmark-ext-abbreviation-0.62.2.jar;C:\Users\WINDOWS 10\.m2\repository\com\vladsch\flexmark\flexmark-util\0.62.2\flexmark-util-0.62.2.jar;C:\Users\WINDOWS 10\.m2\repository\com\vladsch\flexmark\flexmark-ext-admonition\0.62.2\flexmark-ext-admonition-0.62.2.jar;C:\Users\WINDOWS 10\.m2\repository\com\vladsch\flexmark\flexmark-ext-anchorlink\0.62.2\flexmark-ext-anchorlink-0.62.2.jar;C:\Users\WINDOWS 10\.m2\repository\com\vladsch\flexmark\flexmark-ext-aside\0.62.2\flexmark-ext-aside-0.62.2.jar;C:\Users\WINDOWS 10\.m2\repository\com\vladsch\flexmark\flexmark-ext-attributes\0.62.2\flexmark-ext-attributes-0.62.2.jar;C:\Users\WINDOWS 10\.m2\repository\com\vladsch\flexmark\flexmark-ext-autolink\0.62.2\flexmark-ext-autolink-0.62.2.jar;C:\Users\WINDOWS 10\.m2\repository\org\nibor\autolink\autolink\0.6.0\autolink-0.6.0.jar;C:\Users\WINDOWS 10\.m2\repository\com\vladsch\flexmark\flexmark-ext-definition\0.62.2\flexmark-ext-definition-0.62.2.jar;C:\Users\WINDOWS 10\.m2\repository\com\vladsch\flexmark\flexmark-ext-emoji\0.62.2\flexmark-ext-emoji-0.62.2.jar;C:\Users\WINDOWS 10\.m2\repository\com\vladsch\flexmark\flexmark-ext-enumerated-reference\0.62.2\flexmark-ext-enumerated-reference-0.62.2.jar;C:\Users\WINDOWS 10\.m2\repository\com\vladsch\flexmark\flexmark-ext-escaped-character\0.62.2\flexmark-ext-escaped-character-0.62.2.jar;C:\Users\WINDOWS 10\.m2\repository\com\vladsch\flexmark\flexmark-ext-footnotes\0.62.2\flexmark-ext-footnotes-0.62.2.jar;C:\Users\WINDOWS 10\.m2\repository\com\vladsch\flexmark\flexmark-ext-gfm-issues\0.62.2\flexmark-ext-gfm-issues-0.62.2.jar;C:\Users\WINDOWS 10\.m2\repository\com\vladsch\flexmark\flexmark-ext-gfm-strikethrough\0.62.2\flexmark-ext-gfm-strikethrough-0.62.2.jar;C:\Users\WINDOWS 10\.m2\repository\com\vladsch\flexmark\flexmark-ext-gfm-tasklist\0.62.2\flexmark-ext-gfm-tasklist-0.62.2.jar;C:\Users\WINDOWS 10\.m2\repository\com\vladsch\flexmark\flexmark-ext-gfm-users\0.62.2\flexmark-ext-gfm-users-0.62.2.jar;C:\Users\WINDOWS 10\.m2\repository\com\vladsch\flexmark\flexmark-ext-gitlab\0.62.2\flexmark-ext-gitlab-0.62.2.jar;C:\Users\WINDOWS 10\.m2\repository\com\vladsch\flexmark\flexmark-ext-jekyll-front-matter\0.62.2\flexmark-ext-jekyll-front-matter-0.62.2.jar;C:\Users\WINDOWS 10\.m2\repository\com\vladsch\flexmark\flexmark-ext-jekyll-tag\0.62.2\flexmark-ext-jekyll-tag-0.62.2.jar;C:\Users\WINDOWS 10\.m2\repository\com\vladsch\flexmark\flexmark-ext-media-tags\0.62.2\flexmark-ext-media-tags-0.62.2.jar;C:\Users\WINDOWS 10\.m2\repository\com\vladsch\flexmark\flexmark-ext-macros\0.62.2\flexmark-ext-macros-0.62.2.jar;C:\Users\WINDOWS 10\.m2\repository\com\vladsch\flexmark\flexmark-ext-ins\0.62.2\flexmark-ext-ins-0.62.2.jar;C:\Users\WINDOWS 10\.m2\repository\com\vladsch\flexmark\flexmark-ext-xwiki-macros\0.62.2\flexmark-ext-xwiki-macros-0.62.2.jar;C:\Users\WINDOWS 10\.m2\repository\com\vladsch\flexmark\flexmark-ext-superscript\0.62.2\flexmark-ext-superscript-0.62.2.jar;C:\Users\WINDOWS 10\.m2\repository\com\vladsch\flexmark\flexmark-ext-tables\0.62.2\flexmark-ext-tables-0.62.2.jar;C:\Users\WINDOWS 10\.m2\repository\com\vladsch\flexmark\flexmark-ext-toc\0.62.2\flexmark-ext-toc-0.62.2.jar;C:\Users\WINDOWS 10\.m2\repository\com\vladsch\flexmark\flexmark-ext-typographic\0.62.2\flexmark-ext-typographic-0.62.2.jar;C:\Users\WINDOWS 10\.m2\repository\com\vladsch\flexmark\flexmark-ext-wikilink\0.62.2\flexmark-ext-wikilink-0.62.2.jar;C:\Users\WINDOWS 10\.m2\repository\com\vladsch\flexmark\flexmark-ext-yaml-front-matter\0.62.2\flexmark-ext-yaml-front-matter-0.62.2.jar;C:\Users\WINDOWS 10\.m2\repository\com\vladsch\flexmark\flexmark-ext-youtube-embedded\0.62.2\flexmark-ext-youtube-embedded-0.62.2.jar;C:\Users\WINDOWS 10\.m2\repository\com\vladsch\flexmark\flexmark-html2md-converter\0.62.2\flexmark-html2md-converter-0.62.2.jar;C:\Users\WINDOWS 10\.m2\repository\com\vladsch\flexmark\flexmark-jira-converter\0.62.2\flexmark-jira-converter-0.62.2.jar;C:\Users\WINDOWS 10\.m2\repository\com\vladsch\flexmark\flexmark-pdf-converter\0.62.2\flexmark-pdf-converter-0.62.2.jar;C:\Users\WINDOWS 10\.m2\repository\com\openhtmltopdf\openhtmltopdf-core\1.0.0\openhtmltopdf-core-1.0.0.jar;C:\Users\WINDOWS 10\.m2\repository\com\openhtmltopdf\openhtmltopdf-pdfbox\1.0.0\openhtmltopdf-pdfbox-1.0.0.jar;C:\Users\WINDOWS 10\.m2\repository\org\apache\pdfbox\pdfbox\2.0.16\pdfbox-2.0.16.jar;C:\Users\WINDOWS 10\.m2\repository\org\apache\pdfbox\fontbox\2.0.16\fontbox-2.0.16.jar;C:\Users\WINDOWS 10\.m2\repository\org\apache\pdfbox\xmpbox\2.0.16\xmpbox-2.0.16.jar;C:\Users\WINDOWS 10\.m2\repository\de\rototor\pdfbox\graphics2d\0.24\graphics2d-0.24.jar;C:\Users\WINDOWS 10\.m2\repository\com\openhtmltopdf\openhtmltopdf-rtl-support\1.0.0\openhtmltopdf-rtl-support-1.0.0.jar;C:\Users\WINDOWS 10\.m2\repository\com\openhtmltopdf\openhtmltopdf-jsoup-dom-converter\1.0.0\openhtmltopdf-jsoup-dom-converter-1.0.0.jar;C:\Users\WINDOWS 10\.m2\repository\com\vladsch\flexmark\flexmark-profile-pegdown\0.62.2\flexmark-profile-pegdown-0.62.2.jar;C:\Users\WINDOWS 10\.m2\repository\com\vladsch\flexmark\flexmark-util-ast\0.62.2\flexmark-util-ast-0.62.2.jar;C:\Users\WINDOWS 10\.m2\repository\com\vladsch\flexmark\flexmark-util-builder\0.62.2\flexmark-util-builder-0.62.2.jar;C:\Users\WINDOWS 10\.m2\repository\com\vladsch\flexmark\flexmark-util-collection\0.62.2\flexmark-util-collection-0.62.2.jar;C:\Users\WINDOWS 10\.m2\repository\com\vladsch\flexmark\flexmark-util-data\0.62.2\flexmark-util-data-0.62.2.jar;C:\Users\WINDOWS 10\.m2\repository\com\vladsch\flexmark\flexmark-util-dependency\0.62.2\flexmark-util-dependency-0.62.2.jar;C:\Users\WINDOWS 10\.m2\repository\com\vladsch\flexmark\flexmark-util-format\0.62.2\flexmark-util-format-0.62.2.jar;C:\Users\WINDOWS 10\.m2\repository\com\vladsch\flexmark\flexmark-util-html\0.62.2\flexmark-util-html-0.62.2.jar;C:\Users\WINDOWS 10\.m2\repository\com\vladsch\flexmark\flexmark-util-misc\0.62.2\flexmark-util-misc-0.62.2.jar;C:\Users\WINDOWS 10\.m2\repository\com\vladsch\flexmark\flexmark-util-options\0.62.2\flexmark-util-options-0.62.2.jar;C:\Users\WINDOWS 10\.m2\repository\com\vladsch\flexmark\flexmark-util-sequence\0.62.2\flexmark-util-sequence-0.62.2.jar;C:\Users\WINDOWS 10\.m2\repository\com\vladsch\flexmark\flexmark-util-visitor\0.62.2\flexmark-util-visitor-0.62.2.jar;C:\Users\WINDOWS 10\.m2\repository\com\vladsch\flexmark\flexmark-youtrack-converter\0.62.2\flexmark-youtrack-converter-0.62.2.jar;C:\Users\WINDOWS 10\.m2\repository\com\ibm\icu\icu4j\72.1\icu4j-72.1.jar;C:\Users\WINDOWS 10\.m2\repository\es\nitaur\markdown\txtmark\0.16\txtmark-0.16.jar;C:\Users\WINDOWS 10\.m2\repository\net\serenity-bdd\serenity-report-resources\3.6.21\serenity-report-resources-3.6.21.jar;C:\Users\WINDOWS 10\.m2\repository\com\google\code\gson\gson\2.10.1\gson-2.10.1.jar;C:\Users\WINDOWS 10\.m2\repository\com\fasterxml\jackson\core\jackson-core\2.15.0-rc1\jackson-core-2.15.0-rc1.jar;C:\Users\WINDOWS 10\.m2\repository\com\fasterxml\jackson\core\jackson-databind\2.15.0-rc1\jackson-databind-2.15.0-rc1.jar;C:\Users\WINDOWS 10\.m2\repository\com\fasterxml\jackson\core\jackson-annotations\2.15.0-rc1\jackson-annotations-2.15.0-rc1.jar;C:\Users\WINDOWS 10\.m2\repository\commons-codec\commons-codec\1.15\commons-codec-1.15.jar;C:\Users\WINDOWS 10\.m2\repository\commons-io\commons-io\2.11.0\commons-io-2.11.0.jar;C:\Users\WINDOWS 10\.m2\repository\org\seleniumhq\selenium\selenium-java\4.8.1\selenium-java-4.8.1.jar;C:\Users\WINDOWS 10\.m2\repository\org\seleniumhq\selenium\selenium-devtools-v108\4.8.1\selenium-devtools-v108-4.8.1.jar;C:\Users\WINDOWS 10\.m2\repository\org\seleniumhq\selenium\selenium-devtools-v109\4.8.1\selenium-devtools-v109-4.8.1.jar;C:\Users\WINDOWS 10\.m2\repository\org\seleniumhq\selenium\selenium-devtools-v110\4.8.1\selenium-devtools-v110-4.8.1.jar;C:\Users\WINDOWS 10\.m2\repository\org\seleniumhq\selenium\selenium-devtools-v85\4.8.1\selenium-devtools-v85-4.8.1.jar;C:\Users\WINDOWS 10\.m2\repository\org\seleniumhq\selenium\selenium-remote-driver\4.8.1\selenium-remote-driver-4.8.1.jar;C:\Users\WINDOWS 10\.m2\repository\com\beust\jcommander\1.82\jcommander-1.82.jar;C:\Users\WINDOWS 10\.m2\repository\io\netty\netty-buffer\4.1.87.Final\netty-buffer-4.1.87.Final.jar;C:\Users\WINDOWS 10\.m2\repository\io\netty\netty-codec-http\4.1.87.Final\netty-codec-http-4.1.87.Final.jar;C:\Users\WINDOWS 10\.m2\repository\io\netty\netty-codec\4.1.87.Final\netty-codec-4.1.87.Final.jar;C:\Users\WINDOWS 10\.m2\repository\io\netty\netty-handler\4.1.87.Final\netty-handler-4.1.87.Final.jar;C:\Users\WINDOWS 10\.m2\repository\io\netty\netty-common\4.1.87.Final\netty-common-4.1.87.Final.jar;C:\Users\WINDOWS 10\.m2\repository\io\netty\netty-transport-classes-epoll\4.1.87.Final\netty-transport-classes-epoll-4.1.87.Final.jar;C:\Users\WINDOWS 10\.m2\repository\io\netty\netty-transport-classes-kqueue\4.1.87.Final\netty-transport-classes-kqueue-4.1.87.Final.jar;C:\Users\WINDOWS 10\.m2\repository\io\netty\netty-transport-native-epoll\4.1.87.Final\netty-transport-native-epoll-4.1.87.Final.jar;C:\Users\WINDOWS 10\.m2\repository\io\netty\netty-transport-native-kqueue\4.1.87.Final\netty-transport-native-kqueue-4.1.87.Final.jar;C:\Users\WINDOWS 10\.m2\repository\io\netty\netty-transport-native-unix-common\4.1.87.Final\netty-transport-native-unix-common-4.1.87.Final.jar;C:\Users\WINDOWS 10\.m2\repository\io\netty\netty-transport\4.1.87.Final\netty-transport-4.1.87.Final.jar;C:\Users\WINDOWS 10\.m2\repository\io\netty\netty-resolver\4.1.87.Final\netty-resolver-4.1.87.Final.jar;C:\Users\WINDOWS 10\.m2\repository\io\opentelemetry\opentelemetry-api\1.22.0\opentelemetry-api-1.22.0.jar;C:\Users\WINDOWS 10\.m2\repository\io\opentelemetry\opentelemetry-context\1.22.0\opentelemetry-context-1.22.0.jar;C:\Users\WINDOWS 10\.m2\repository\io\opentelemetry\opentelemetry-exporter-logging\1.22.0\opentelemetry-exporter-logging-1.22.0.jar;C:\Users\WINDOWS 10\.m2\repository\io\opentelemetry\opentelemetry-sdk-metrics\1.22.0\opentelemetry-sdk-metrics-1.22.0.jar;C:\Users\WINDOWS 10\.m2\repository\io\opentelemetry\opentelemetry-sdk-logs\1.22.0-alpha\opentelemetry-sdk-logs-1.22.0-alpha.jar;C:\Users\WINDOWS 10\.m2\repository\io\opentelemetry\opentelemetry-api-logs\1.22.0-alpha\opentelemetry-api-logs-1.22.0-alpha.jar;C:\Users\WINDOWS 10\.m2\repository\io\opentelemetry\opentelemetry-sdk-common\1.22.0\opentelemetry-sdk-common-1.22.0.jar;C:\Users\WINDOWS 10\.m2\repository\io\opentelemetry\opentelemetry-sdk-extension-autoconfigure-spi\1.22.0\opentelemetry-sdk-extension-autoconfigure-spi-1.22.0.jar;C:\Users\WINDOWS 10\.m2\repository\io\opentelemetry\opentelemetry-sdk-extension-autoconfigure\1.22.0-alpha\opentelemetry-sdk-extension-autoconfigure-1.22.0-alpha.jar;C:\Users\WINDOWS 10\.m2\repository\io\opentelemetry\opentelemetry-sdk-trace\1.22.0\opentelemetry-sdk-trace-1.22.0.jar;C:\Users\WINDOWS 10\.m2\repository\io\opentelemetry\opentelemetry-sdk\1.22.0\opentelemetry-sdk-1.22.0.jar;C:\Users\WINDOWS 10\.m2\repository\io\opentelemetry\opentelemetry-semconv\1.22.0-alpha\opentelemetry-semconv-1.22.0-alpha.jar;C:\Users\WINDOWS 10\.m2\repository\io\ous\jtoml\2.0.0\jtoml-2.0.0.jar;C:\Users\WINDOWS 10\.m2\repository\org\apache\commons\commons-exec\1.3\commons-exec-1.3.jar;C:\Users\WINDOWS 10\.m2\repository\org\asynchttpclient\async-http-client\2.12.3\async-http-client-2.12.3.jar;C:\Users\WINDOWS 10\.m2\repository\org\asynchttpclient\async-http-client-netty-utils\2.12.3\async-http-client-netty-utils-2.12.3.jar;C:\Users\WINDOWS 10\.m2\repository\io\netty\netty-codec-socks\4.1.60.Final\netty-codec-socks-4.1.60.Final.jar;C:\Users\WINDOWS 10\.m2\repository\io\netty\netty-handler-proxy\4.1.60.Final\netty-handler-proxy-4.1.60.Final.jar;C:\Users\WINDOWS 10\.m2\repository\io\netty\netty-transport-native-epoll\4.1.60.Final\netty-transport-native-epoll-4.1.60.Final-linux-x86_64.jar;C:\Users\WINDOWS 10\.m2\repository\io\netty\netty-transport-native-kqueue\4.1.60.Final\netty-transport-native-kqueue-4.1.60.Final-osx-x86_64.jar;C:\Users\WINDOWS 10\.m2\repository\org\reactivestreams\reactive-streams\1.0.3\reactive-streams-1.0.3.jar;C:\Users\WINDOWS 10\.m2\repository\com\typesafe\netty\netty-reactive-streams\2.0.4\netty-reactive-streams-2.0.4.jar;C:\Users\WINDOWS 10\.m2\repository\org\seleniumhq\selenium\selenium-manager\4.8.1\selenium-manager-4.8.1.jar;C:\Users\WINDOWS 10\.m2\repository\org\seleniumhq\selenium\selenium-safari-driver\4.8.1\selenium-safari-driver-4.8.1.jar;C:\Users\WINDOWS 10\.m2\repository\org\seleniumhq\selenium\selenium-api\4.8.1\selenium-api-4.8.1.jar;C:\Users\WINDOWS 10\.m2\repository\org\seleniumhq\selenium\selenium-support\4.8.1\selenium-support-4.8.1.jar;C:\Users\WINDOWS 10\.m2\repository\com\google\auto\service\auto-service-annotations\1.0.1\auto-service-annotations-1.0.1.jar;C:\Users\WINDOWS 10\.m2\repository\com\google\auto\service\auto-service\1.0.1\auto-service-1.0.1.jar;C:\Users\WINDOWS 10\.m2\repository\com\google\auto\auto-common\1.2\auto-common-1.2.jar;C:\Users\WINDOWS 10\.m2\repository\org\seleniumhq\selenium\selenium-json\4.8.1\selenium-json-4.8.1.jar;C:\Users\WINDOWS 10\.m2\repository\org\seleniumhq\selenium\selenium-chrome-driver\4.8.1\selenium-chrome-driver-4.8.1.jar;C:\Users\WINDOWS 10\.m2\repository\org\seleniumhq\selenium\selenium-chromium-driver\4.8.1\selenium-chromium-driver-4.8.1.jar;C:\Users\WINDOWS 10\.m2\repository\org\seleniumhq\selenium\selenium-firefox-driver\4.8.1\selenium-firefox-driver-4.8.1.jar;C:\Users\WINDOWS 10\.m2\repository\org\seleniumhq\selenium\selenium-http\4.8.1\selenium-http-4.8.1.jar;C:\Users\WINDOWS 10\.m2\repository\dev\failsafe\failsafe\3.3.0\failsafe-3.3.0.jar;C:\Users\WINDOWS 10\.m2\repository\org\seleniumhq\selenium\selenium-edge-driver\4.8.1\selenium-edge-driver-4.8.1.jar;C:\Users\WINDOWS 10\.m2\repository\org\seleniumhq\selenium\selenium-ie-driver\4.8.1\selenium-ie-driver-4.8.1.jar;C:\Users\WINDOWS 10\.m2\repository\org\projectlombok\lombok\1.18.20\lombok-1.18.20.jar;C:\Users\WINDOWS 10\.m2\repository\io\appium\java-client\8.3.0\java-client-8.3.0.jar;C:\Users\WINDOWS 10\.m2\repository\commons-validator\commons-validator\1.7\commons-validator-1.7.jar;C:\Users\WINDOWS 10\.m2\repository\commons-digester\commons-digester\2.1\commons-digester-2.1.jar;C:\Users\WINDOWS 10\.m2\repository\net\sf\opencsv\opencsv\2.0\opencsv-2.0.jar;C:\Users\WINDOWS 10\.m2\repository\commons-beanutils\commons-beanutils\1.9.4\commons-beanutils-1.9.4.jar;C:\Users\WINDOWS 10\.m2\repository\org\apache\commons\commons-lang3\3.12.0\commons-lang3-3.12.0.jar;C:\Users\WINDOWS 10\.m2\repository\commons-collections\commons-collections\3.2.2\commons-collections-3.2.2.jar;C:\Users\WINDOWS 10\.m2\repository\org\fluentlenium\fluentlenium-core\0.10.2\fluentlenium-core-0.10.2.jar;C:\Users\WINDOWS 10\.m2\repository\io\github\bonigarcia\webdrivermanager\5.3.0\webdrivermanager-5.3.0.jar;C:\Users\WINDOWS 10\.m2\repository\com\github\docker-java\docker-java\3.2.13\docker-java-3.2.13.jar;C:\Users\WINDOWS 10\.m2\repository\com\github\docker-java\docker-java-core\3.2.13\docker-java-core-3.2.13.jar;C:\Users\WINDOWS 10\.m2\repository\com\github\docker-java\docker-java-api\3.2.13\docker-java-api-3.2.13.jar;C:\Users\WINDOWS 10\.m2\repository\org\apache\commons\commons-compress\1.21\commons-compress-1.21.jar;C:\Users\WINDOWS 10\.m2\repository\org\bouncycastle\bcpkix-jdk15on\1.64\bcpkix-jdk15on-1.64.jar;C:\Users\WINDOWS 10\.m2\repository\org\bouncycastle\bcprov-jdk15on\1.64\bcprov-jdk15on-1.64.jar;C:\Users\WINDOWS 10\.m2\repository\org\slf4j\jcl-over-slf4j\1.7.30\jcl-over-slf4j-1.7.30.jar;C:\Users\WINDOWS 10\.m2\repository\com\github\docker-java\docker-java-transport-httpclient5\3.2.13\docker-java-transport-httpclient5-3.2.13.jar;C:\Users\WINDOWS 10\.m2\repository\com\github\docker-java\docker-java-transport\3.2.13\docker-java-transport-3.2.13.jar;C:\Users\WINDOWS 10\.m2\repository\net\java\dev\jna\jna\5.8.0\jna-5.8.0.jar;C:\Users\WINDOWS 10\.m2\repository\org\brotli\dec\0.1.2\dec-0.1.2.jar;C:\Users\WINDOWS 10\.m2\repository\org\apache\httpcomponents\client5\httpclient5\5.1.3\httpclient5-5.1.3.jar;C:\Users\WINDOWS 10\.m2\repository\org\apache\httpcomponents\core5\httpcore5\5.1.3\httpcore5-5.1.3.jar;C:\Users\WINDOWS 10\.m2\repository\org\apache\httpcomponents\core5\httpcore5-h2\5.1.3\httpcore5-h2-5.1.3.jar;C:\Users\WINDOWS 10\.m2\repository\com\jhlabs\filters\2.0.235\filters-2.0.235.jar;C:\Users\WINDOWS 10\.m2\repository\com\paulhammant\ngwebdriver\1.1.6\ngwebdriver-1.1.6.jar;C:\Users\WINDOWS 10\.m2\repository\joda-time\joda-time\2.12.2\joda-time-2.12.2.jar;C:\Users\WINDOWS 10\.m2\repository\org\hamcrest\hamcrest\2.2\hamcrest-2.2.jar;C:\Users\WINDOWS 10\.m2\repository\com\google\jimfs\jimfs\1.2\jimfs-1.2.jar;C:\Users\WINDOWS 10\.m2\repository\org\mockito\mockito-core\3.3.3\mockito-core-3.3.3.jar;C:\Users\WINDOWS 10\.m2\repository\javax\xml\bind\jaxb-api\2.3.1\jaxb-api-2.3.1.jar;C:\Users\WINDOWS 10\.m2\repository\javax\activation\javax.activation-api\1.2.0\javax.activation-api-1.2.0.jar;C:\Users\WINDOWS 10\.m2\repository\com\sun\xml\bind\jaxb-core\2.3.0.1\jaxb-core-2.3.0.1.jar;C:\Users\WINDOWS 10\.m2\repository\com\sun\xml\bind\jaxb-impl\2.3.3\jaxb-impl-2.3.3.jar;C:\Users\WINDOWS 10\.m2\repository\jakarta\xml\bind\jakarta.xml.bind-api\2.3.3\jakarta.xml.bind-api-2.3.3.jar;C:\Users\WINDOWS 10\.m2\repository\com\sun\activation\jakarta.activation\1.2.2\jakarta.activation-1.2.2.jar;C:\Users\WINDOWS 10\.m2\repository\javax\activation\activation\1.1.1\activation-1.1.1.jar;C:\Users\WINDOWS 10\.m2\repository\net\serenity-bdd\serenity-cucumber\3.6.21\serenity-cucumber-3.6.21.jar;C:\Users\WINDOWS 10\.m2\repository\io\cucumber\cucumber-core\7.11.0\cucumber-core-7.11.0.jar;C:\Users\WINDOWS 10\.m2\repository\io\cucumber\cucumber-gherkin\7.11.0\cucumber-gherkin-7.11.0.jar;C:\Users\WINDOWS 10\.m2\repository\io\cucumber\cucumber-gherkin-messages\7.11.0\cucumber-gherkin-messages-7.11.0.jar;C:\Users\WINDOWS 10\.m2\repository\io\cucumber\gherkin\26.0.3\gherkin-26.0.3.jar;C:\Users\WINDOWS 10\.m2\repository\io\cucumber\messages\21.0.1\messages-21.0.1.jar;C:\Users\WINDOWS 10\.m2\repository\io\cucumber\tag-expressions\5.0.1\tag-expressions-5.0.1.jar;C:\Users\WINDOWS 10\.m2\repository\io\cucumber\cucumber-expressions\16.1.1\cucumber-expressions-16.1.1.jar;C:\Users\WINDOWS 10\.m2\repository\io\cucumber\datatable\7.11.0\datatable-7.11.0.jar;C:\Users\WINDOWS 10\.m2\repository\io\cucumber\cucumber-plugin\7.11.0\cucumber-plugin-7.11.0.jar;C:\Users\WINDOWS 10\.m2\repository\io\cucumber\docstring\7.11.0\docstring-7.11.0.jar;C:\Users\WINDOWS 10\.m2\repository\io\cucumber\html-formatter\20.2.1\html-formatter-20.2.1.jar;C:\Users\WINDOWS 10\.m2\repository\io\cucumber\junit-xml-formatter\0.1.0\junit-xml-formatter-0.1.0.jar;C:\Users\WINDOWS 10\.m2\repository\io\cucumber\ci-environment\9.1.0\ci-environment-9.1.0.jar;C:\Users\WINDOWS 10\.m2\repository\io\cucumber\cucumber-java\7.11.0\cucumber-java-7.11.0.jar;C:\Users\WINDOWS 10\.m2\repository\io\cucumber\cucumber-junit\7.11.0\cucumber-junit-7.11.0.jar;C:\Users\WINDOWS 10\.m2\repository\org\apache\commons\commons-csv\1.5\commons-csv-1.5.jar;C:\Users\WINDOWS 10\.m2\repository\net\serenity-bdd\serenity-screenplay\3.6.21\serenity-screenplay-3.6.21.jar;C:\Users\WINDOWS 10\.m2\repository\net\serenity-bdd\serenity-screenplay-webdriver\3.6.21\serenity-screenplay-webdriver-3.6.21.jar;C:\Users\WINDOWS 10\.m2\repository\net\serenity-bdd\serenity-ensure\3.6.21\serenity-ensure-3.6.21.jar;C:\Users\WINDOWS 10\.m2\repository\net\serenity-bdd\serenity-junit\3.6.21\serenity-junit-3.6.21.jar;C:\Users\WINDOWS 10\.m2\repository\org\jetbrains\kotlin\kotlin-stdlib\1.8.10\kotlin-stdlib-1.8.10.jar;C:\Users\WINDOWS 10\.m2\repository\org\jetbrains\kotlin\kotlin-stdlib-common\1.8.10\kotlin-stdlib-common-1.8.10.jar;C:\Users\WINDOWS 10\.m2\repository\org\jetbrains\annotations\13.0\annotations-13.0.jar;C:\Users\WINDOWS 10\.m2\repository\org\junit\platform\junit-platform-launcher\1.8.2\junit-platform-launcher-1.8.2.jar;C:\Users\WINDOWS 10\.m2\repository\org\junit\platform\junit-platform-engine\1.8.2\junit-platform-engine-1.8.2.jar;C:\Users\WINDOWS 10\.m2\repository\org\junit\platform\junit-platform-commons\1.8.2\junit-platform-commons-1.8.2.jar;C:\Users\WINDOWS 10\.m2\repository\org\apiguardian\apiguardian-api\1.1.2\apiguardian-api-1.1.2.jar;C:\Users\WINDOWS 10\.m2\repository\org\junit\jupiter\junit-jupiter-engine\5.8.2\junit-jupiter-engine-5.8.2.jar;C:\Users\WINDOWS 10\.m2\repository\org\junit\jupiter\junit-jupiter-api\5.8.2\junit-jupiter-api-5.8.2.jar;C:\Users\WINDOWS 10\.m2\repository\org\junit\vintage\junit-vintage-engine\5.8.2\junit-vintage-engine-5.8.2.jar;C:\Users\WINDOWS 10\.m2\repository\junit\junit\4.13.2\junit-4.13.2.jar;C:\Users\WINDOWS 10\.m2\repository\org\hamcrest\hamcrest-core\1.3\hamcrest-core-1.3.jar;C:\Users\WINDOWS 10\.m2\repository\ch\qos\logback\logback-classic\1.2.10\logback-classic-1.2.10.jar;C:\Users\WINDOWS 10\.m2\repository\ch\qos\logback\logback-core\1.2.10\logback-core-1.2.10.jar;C:\Users\WINDOWS 10\.m2\repository\org\slf4j\slf4j-api\1.7.32\slf4j-api-1.7.32.jar;C:\Users\WINDOWS 10\.m2\repository\org\assertj\assertj-core\3.23.1\assertj-core-3.23.1.jar;C:\Users\WINDOWS 10\.m2\repository\net\bytebuddy\byte-buddy\1.12.10\byte-buddy-1.12.10.jar;C:\Users\WINDOWS 10\.m2\repository\com\googlecode\json-simple\json-simple\1.1.1\json-simple-1.1.1.jar;"/>
    <property name="java.vm.vendor" value="Oracle Corporation"/>
    <property name="sun.arch.data.model" value="64"/>
    <property name="user.variant" value=""/>
    <property name="java.vendor.url" value="https://java.oracle.com/"/>
    <property name="user.timezone" value="Asia/Bangkok"/>
    <property name="os.name" value="Windows 10"/>
    <property name="java.vm.specification.version" value="15"/>
    <property name="sun.java.launcher" value="SUN_STANDARD"/>
    <property name="user.country" value="US"/>
    <property name="sun.boot.library.path" value="C:\Program Files\Java\jdk-15.0.2\bin"/>
    <property name="sun.java.command" value="C:\Users\WINDOWS 10\AppData\Local\Temp\surefire7414588787845540844\surefirebooter-20230626185620696_3.jar C:\Users\WINDOWS 10\AppData\Local\Temp\surefire7414588787845540844 2023-06-26T18-56-20_336-jvmRun1 surefire-20230626185620696_1tmp surefire_0-20230626185620696_2tmp"/>
    <property name="jdk.debug" value="release"/>
    <property name="surefire.test.class.path" value="C:\Users\WINDOWS 10\Documents\GitHub\Capstone\sociops_qe_web\target\test-classes;C:\Users\WINDOWS 10\Documents\GitHub\Capstone\sociops_qe_web\target\alta-1.0-SNAPSHOT.jar;C:\Users\WINDOWS 10\.m2\repository\net\serenity-bdd\serenity-rest-assured\3.6.22\serenity-rest-assured-3.6.22.jar;C:\Users\WINDOWS 10\.m2\repository\org\apache\httpcomponents\httpclient\4.5.13\httpclient-4.5.13.jar;C:\Users\WINDOWS 10\.m2\repository\org\apache\httpcomponents\httpcore\4.4.13\httpcore-4.4.13.jar;C:\Users\WINDOWS 10\.m2\repository\commons-logging\commons-logging\1.2\commons-logging-1.2.jar;C:\Users\WINDOWS 10\.m2\repository\io\rest-assured\rest-assured\5.3.0\rest-assured-5.3.0.jar;C:\Users\WINDOWS 10\.m2\repository\org\apache\httpcomponents\httpmime\4.5.13\httpmime-4.5.13.jar;C:\Users\WINDOWS 10\.m2\repository\org\ccil\cowan\tagsoup\tagsoup\1.2.1\tagsoup-1.2.1.jar;C:\Users\WINDOWS 10\.m2\repository\io\rest-assured\json-path\5.3.0\json-path-5.3.0.jar;C:\Users\WINDOWS 10\.m2\repository\io\rest-assured\rest-assured-common\5.3.0\rest-assured-common-5.3.0.jar;C:\Users\WINDOWS 10\.m2\repository\io\rest-assured\xml-path\5.3.0\xml-path-5.3.0.jar;C:\Users\WINDOWS 10\.m2\repository\org\apache\groovy\groovy-json\4.0.10\groovy-json-4.0.10.jar;C:\Users\WINDOWS 10\.m2\repository\org\apache\groovy\groovy-xml\4.0.10\groovy-xml-4.0.10.jar;C:\Users\WINDOWS 10\.m2\repository\org\apache\groovy\groovy\4.0.10\groovy-4.0.10.jar;C:\Users\WINDOWS 10\.m2\repository\org\opentest4j\opentest4j\1.2.0\opentest4j-1.2.0.jar;C:\Users\WINDOWS 10\.m2\repository\net\serenity-bdd\serenity-core\3.6.21\serenity-core-3.6.21.jar;C:\Users\WINDOWS 10\.m2\repository\net\serenity-bdd\serenity-model\3.6.21\serenity-model-3.6.21.jar;C:\Users\WINDOWS 10\.m2\repository\org\apache\commons\commons-text\1.10.0\commons-text-1.10.0.jar;C:\Users\WINDOWS 10\.m2\repository\commons-net\commons-net\3.9.0\commons-net-3.9.0.jar;C:\Users\WINDOWS 10\.m2\repository\com\google\guava\guava\31.1-jre\guava-31.1-jre.jar;C:\Users\WINDOWS 10\.m2\repository\com\google\guava\failureaccess\1.0.1\failureaccess-1.0.1.jar;C:\Users\WINDOWS 10\.m2\repository\com\google\guava\listenablefuture\9999.0-empty-to-avoid-conflict-with-guava\listenablefuture-9999.0-empty-to-avoid-conflict-with-guava.jar;C:\Users\WINDOWS 10\.m2\repository\com\google\code\findbugs\jsr305\3.0.2\jsr305-3.0.2.jar;C:\Users\WINDOWS 10\.m2\repository\org\checkerframework\checker-qual\3.12.0\checker-qual-3.12.0.jar;C:\Users\WINDOWS 10\.m2\repository\com\google\errorprone\error_prone_annotations\2.11.0\error_prone_annotations-2.11.0.jar;C:\Users\WINDOWS 10\.m2\repository\com\google\j2objc\j2objc-annotations\1.3\j2objc-annotations-1.3.jar;C:\Users\WINDOWS 10\.m2\repository\com\google\inject\guice\5.1.0\guice-5.1.0.jar;C:\Users\WINDOWS 10\.m2\repository\javax\inject\javax.inject\1\javax.inject-1.jar;C:\Users\WINDOWS 10\.m2\repository\aopalliance\aopalliance\1.0\aopalliance-1.0.jar;C:\Users\WINDOWS 10\.m2\repository\org\jsoup\jsoup\1.14.3\jsoup-1.14.3.jar;C:\Users\WINDOWS 10\.m2\repository\com\thoughtworks\xstream\xstream\1.4.20\xstream-1.4.20.jar;C:\Users\WINDOWS 10\.m2\repository\io\github\x-stream\mxparser\1.2.2\mxparser-1.2.2.jar;C:\Users\WINDOWS 10\.m2\repository\xmlpull\xmlpull\1.1.3.1\xmlpull-1.1.3.1.jar;C:\Users\WINDOWS 10\.m2\repository\com\typesafe\config\1.4.2\config-1.4.2.jar;C:\Users\WINDOWS 10\.m2\repository\org\imgscalr\imgscalr-lib\4.2\imgscalr-lib-4.2.jar;C:\Users\WINDOWS 10\.m2\repository\org\awaitility\awaitility\4.2.0\awaitility-4.2.0.jar;C:\Users\WINDOWS 10\.m2\repository\org\freemarker\freemarker\2.3.31\freemarker-2.3.31.jar;C:\Users\WINDOWS 10\.m2\repository\io\github\classgraph\classgraph\4.8.138\classgraph-4.8.138.jar;C:\Users\WINDOWS 10\.m2\repository\net\sourceforge\jexcelapi\jxl\2.6.12\jxl-2.6.12.jar;C:\Users\WINDOWS 10\.m2\repository\net\bytebuddy\byte-buddy-agent\1.14.2\byte-buddy-agent-1.14.2.jar;C:\Users\WINDOWS 10\.m2\repository\org\objenesis\objenesis\3.3\objenesis-3.3.jar;C:\Users\WINDOWS 10\.m2\repository\net\serenity-bdd\serenity-reports\3.6.21\serenity-reports-3.6.21.jar;C:\Users\WINDOWS 10\.m2\repository\net\serenity-bdd\serenity-stats\3.6.21\serenity-stats-3.6.21.jar;C:\Users\WINDOWS 10\.m2\repository\net\serenity-bdd\serenity-reports-configuration\3.6.21\serenity-reports-configuration-3.6.21.jar;C:\Users\WINDOWS 10\.m2\repository\com\vladsch\flexmark\flexmark-all\0.62.2\flexmark-all-0.62.2.jar;C:\Users\WINDOWS 10\.m2\repository\com\vladsch\flexmark\flexmark\0.62.2\flexmark-0.62.2.jar;C:\Users\WINDOWS 10\.m2\repository\com\vladsch\flexmark\flexmark-ext-abbreviation\0.62.2\flexmark-ext-abbreviation-0.62.2.jar;C:\Users\WINDOWS 10\.m2\repository\com\vladsch\flexmark\flexmark-util\0.62.2\flexmark-util-0.62.2.jar;C:\Users\WINDOWS 10\.m2\repository\com\vladsch\flexmark\flexmark-ext-admonition\0.62.2\flexmark-ext-admonition-0.62.2.jar;C:\Users\WINDOWS 10\.m2\repository\com\vladsch\flexmark\flexmark-ext-anchorlink\0.62.2\flexmark-ext-anchorlink-0.62.2.jar;C:\Users\WINDOWS 10\.m2\repository\com\vladsch\flexmark\flexmark-ext-aside\0.62.2\flexmark-ext-aside-0.62.2.jar;C:\Users\WINDOWS 10\.m2\repository\com\vladsch\flexmark\flexmark-ext-attributes\0.62.2\flexmark-ext-attributes-0.62.2.jar;C:\Users\WINDOWS 10\.m2\repository\com\vladsch\flexmark\flexmark-ext-autolink\0.62.2\flexmark-ext-autolink-0.62.2.jar;C:\Users\WINDOWS 10\.m2\repository\org\nibor\autolink\autolink\0.6.0\autolink-0.6.0.jar;C:\Users\WINDOWS 10\.m2\repository\com\vladsch\flexmark\flexmark-ext-definition\0.62.2\flexmark-ext-definition-0.62.2.jar;C:\Users\WINDOWS 10\.m2\repository\com\vladsch\flexmark\flexmark-ext-emoji\0.62.2\flexmark-ext-emoji-0.62.2.jar;C:\Users\WINDOWS 10\.m2\repository\com\vladsch\flexmark\flexmark-ext-enumerated-reference\0.62.2\flexmark-ext-enumerated-reference-0.62.2.jar;C:\Users\WINDOWS 10\.m2\repository\com\vladsch\flexmark\flexmark-ext-escaped-character\0.62.2\flexmark-ext-escaped-character-0.62.2.jar;C:\Users\WINDOWS 10\.m2\repository\com\vladsch\flexmark\flexmark-ext-footnotes\0.62.2\flexmark-ext-footnotes-0.62.2.jar;C:\Users\WINDOWS 10\.m2\repository\com\vladsch\flexmark\flexmark-ext-gfm-issues\0.62.2\flexmark-ext-gfm-issues-0.62.2.jar;C:\Users\WINDOWS 10\.m2\repository\com\vladsch\flexmark\flexmark-ext-gfm-strikethrough\0.62.2\flexmark-ext-gfm-strikethrough-0.62.2.jar;C:\Users\WINDOWS 10\.m2\repository\com\vladsch\flexmark\flexmark-ext-gfm-tasklist\0.62.2\flexmark-ext-gfm-tasklist-0.62.2.jar;C:\Users\WINDOWS 10\.m2\repository\com\vladsch\flexmark\flexmark-ext-gfm-users\0.62.2\flexmark-ext-gfm-users-0.62.2.jar;C:\Users\WINDOWS 10\.m2\repository\com\vladsch\flexmark\flexmark-ext-gitlab\0.62.2\flexmark-ext-gitlab-0.62.2.jar;C:\Users\WINDOWS 10\.m2\repository\com\vladsch\flexmark\flexmark-ext-jekyll-front-matter\0.62.2\flexmark-ext-jekyll-front-matter-0.62.2.jar;C:\Users\WINDOWS 10\.m2\repository\com\vladsch\flexmark\flexmark-ext-jekyll-tag\0.62.2\flexmark-ext-jekyll-tag-0.62.2.jar;C:\Users\WINDOWS 10\.m2\repository\com\vladsch\flexmark\flexmark-ext-media-tags\0.62.2\flexmark-ext-media-tags-0.62.2.jar;C:\Users\WINDOWS 10\.m2\repository\com\vladsch\flexmark\flexmark-ext-macros\0.62.2\flexmark-ext-macros-0.62.2.jar;C:\Users\WINDOWS 10\.m2\repository\com\vladsch\flexmark\flexmark-ext-ins\0.62.2\flexmark-ext-ins-0.62.2.jar;C:\Users\WINDOWS 10\.m2\repository\com\vladsch\flexmark\flexmark-ext-xwiki-macros\0.62.2\flexmark-ext-xwiki-macros-0.62.2.jar;C:\Users\WINDOWS 10\.m2\repository\com\vladsch\flexmark\flexmark-ext-superscript\0.62.2\flexmark-ext-superscript-0.62.2.jar;C:\Users\WINDOWS 10\.m2\repository\com\vladsch\flexmark\flexmark-ext-tables\0.62.2\flexmark-ext-tables-0.62.2.jar;C:\Users\WINDOWS 10\.m2\repository\com\vladsch\flexmark\flexmark-ext-toc\0.62.2\flexmark-ext-toc-0.62.2.jar;C:\Users\WINDOWS 10\.m2\repository\com\vladsch\flexmark\flexmark-ext-typographic\0.62.2\flexmark-ext-typographic-0.62.2.jar;C:\Users\WINDOWS 10\.m2\repository\com\vladsch\flexmark\flexmark-ext-wikilink\0.62.2\flexmark-ext-wikilink-0.62.2.jar;C:\Users\WINDOWS 10\.m2\repository\com\vladsch\flexmark\flexmark-ext-yaml-front-matter\0.62.2\flexmark-ext-yaml-front-matter-0.62.2.jar;C:\Users\WINDOWS 10\.m2\repository\com\vladsch\flexmark\flexmark-ext-youtube-embedded\0.62.2\flexmark-ext-youtube-embedded-0.62.2.jar;C:\Users\WINDOWS 10\.m2\repository\com\vladsch\flexmark\flexmark-html2md-converter\0.62.2\flexmark-html2md-converter-0.62.2.jar;C:\Users\WINDOWS 10\.m2\repository\com\vladsch\flexmark\flexmark-jira-converter\0.62.2\flexmark-jira-converter-0.62.2.jar;C:\Users\WINDOWS 10\.m2\repository\com\vladsch\flexmark\flexmark-pdf-converter\0.62.2\flexmark-pdf-converter-0.62.2.jar;C:\Users\WINDOWS 10\.m2\repository\com\openhtmltopdf\openhtmltopdf-core\1.0.0\openhtmltopdf-core-1.0.0.jar;C:\Users\WINDOWS 10\.m2\repository\com\openhtmltopdf\openhtmltopdf-pdfbox\1.0.0\openhtmltopdf-pdfbox-1.0.0.jar;C:\Users\WINDOWS 10\.m2\repository\org\apache\pdfbox\pdfbox\2.0.16\pdfbox-2.0.16.jar;C:\Users\WINDOWS 10\.m2\repository\org\apache\pdfbox\fontbox\2.0.16\fontbox-2.0.16.jar;C:\Users\WINDOWS 10\.m2\repository\org\apache\pdfbox\xmpbox\2.0.16\xmpbox-2.0.16.jar;C:\Users\WINDOWS 10\.m2\repository\de\rototor\pdfbox\graphics2d\0.24\graphics2d-0.24.jar;C:\Users\WINDOWS 10\.m2\repository\com\openhtmltopdf\openhtmltopdf-rtl-support\1.0.0\openhtmltopdf-rtl-support-1.0.0.jar;C:\Users\WINDOWS 10\.m2\repository\com\openhtmltopdf\openhtmltopdf-jsoup-dom-converter\1.0.0\openhtmltopdf-jsoup-dom-converter-1.0.0.jar;C:\Users\WINDOWS 10\.m2\repository\com\vladsch\flexmark\flexmark-profile-pegdown\0.62.2\flexmark-profile-pegdown-0.62.2.jar;C:\Users\WINDOWS 10\.m2\repository\com\vladsch\flexmark\flexmark-util-ast\0.62.2\flexmark-util-ast-0.62.2.jar;C:\Users\WINDOWS 10\.m2\repository\com\vladsch\flexmark\flexmark-util-builder\0.62.2\flexmark-util-builder-0.62.2.jar;C:\Users\WINDOWS 10\.m2\repository\com\vladsch\flexmark\flexmark-util-collection\0.62.2\flexmark-util-collection-0.62.2.jar;C:\Users\WINDOWS 10\.m2\repository\com\vladsch\flexmark\flexmark-util-data\0.62.2\flexmark-util-data-0.62.2.jar;C:\Users\WINDOWS 10\.m2\repository\com\vladsch\flexmark\flexmark-util-dependency\0.62.2\flexmark-util-dependency-0.62.2.jar;C:\Users\WINDOWS 10\.m2\repository\com\vladsch\flexmark\flexmark-util-format\0.62.2\flexmark-util-format-0.62.2.jar;C:\Users\WINDOWS 10\.m2\repository\com\vladsch\flexmark\flexmark-util-html\0.62.2\flexmark-util-html-0.62.2.jar;C:\Users\WINDOWS 10\.m2\repository\com\vladsch\flexmark\flexmark-util-misc\0.62.2\flexmark-util-misc-0.62.2.jar;C:\Users\WINDOWS 10\.m2\repository\com\vladsch\flexmark\flexmark-util-options\0.62.2\flexmark-util-options-0.62.2.jar;C:\Users\WINDOWS 10\.m2\repository\com\vladsch\flexmark\flexmark-util-sequence\0.62.2\flexmark-util-sequence-0.62.2.jar;C:\Users\WINDOWS 10\.m2\repository\com\vladsch\flexmark\flexmark-util-visitor\0.62.2\flexmark-util-visitor-0.62.2.jar;C:\Users\WINDOWS 10\.m2\repository\com\vladsch\flexmark\flexmark-youtrack-converter\0.62.2\flexmark-youtrack-converter-0.62.2.jar;C:\Users\WINDOWS 10\.m2\repository\com\ibm\icu\icu4j\72.1\icu4j-72.1.jar;C:\Users\WINDOWS 10\.m2\repository\es\nitaur\markdown\txtmark\0.16\txtmark-0.16.jar;C:\Users\WINDOWS 10\.m2\repository\net\serenity-bdd\serenity-report-resources\3.6.21\serenity-report-resources-3.6.21.jar;C:\Users\WINDOWS 10\.m2\repository\com\google\code\gson\gson\2.10.1\gson-2.10.1.jar;C:\Users\WINDOWS 10\.m2\repository\com\fasterxml\jackson\core\jackson-core\2.15.0-rc1\jackson-core-2.15.0-rc1.jar;C:\Users\WINDOWS 10\.m2\repository\com\fasterxml\jackson\core\jackson-databind\2.15.0-rc1\jackson-databind-2.15.0-rc1.jar;C:\Users\WINDOWS 10\.m2\repository\com\fasterxml\jackson\core\jackson-annotations\2.15.0-rc1\jackson-annotations-2.15.0-rc1.jar;C:\Users\WINDOWS 10\.m2\repository\commons-codec\commons-codec\1.15\commons-codec-1.15.jar;C:\Users\WINDOWS 10\.m2\repository\commons-io\commons-io\2.11.0\commons-io-2.11.0.jar;C:\Users\WINDOWS 10\.m2\repository\org\seleniumhq\selenium\selenium-java\4.8.1\selenium-java-4.8.1.jar;C:\Users\WINDOWS 10\.m2\repository\org\seleniumhq\selenium\selenium-devtools-v108\4.8.1\selenium-devtools-v108-4.8.1.jar;C:\Users\WINDOWS 10\.m2\repository\org\seleniumhq\selenium\selenium-devtools-v109\4.8.1\selenium-devtools-v109-4.8.1.jar;C:\Users\WINDOWS 10\.m2\repository\org\seleniumhq\selenium\selenium-devtools-v110\4.8.1\selenium-devtools-v110-4.8.1.jar;C:\Users\WINDOWS 10\.m2\repository\org\seleniumhq\selenium\selenium-devtools-v85\4.8.1\selenium-devtools-v85-4.8.1.jar;C:\Users\WINDOWS 10\.m2\repository\org\seleniumhq\selenium\selenium-remote-driver\4.8.1\selenium-remote-driver-4.8.1.jar;C:\Users\WINDOWS 10\.m2\repository\com\beust\jcommander\1.82\jcommander-1.82.jar;C:\Users\WINDOWS 10\.m2\repository\io\netty\netty-buffer\4.1.87.Final\netty-buffer-4.1.87.Final.jar;C:\Users\WINDOWS 10\.m2\repository\io\netty\netty-codec-http\4.1.87.Final\netty-codec-http-4.1.87.Final.jar;C:\Users\WINDOWS 10\.m2\repository\io\netty\netty-codec\4.1.87.Final\netty-codec-4.1.87.Final.jar;C:\Users\WINDOWS 10\.m2\repository\io\netty\netty-handler\4.1.87.Final\netty-handler-4.1.87.Final.jar;C:\Users\WINDOWS 10\.m2\repository\io\netty\netty-common\4.1.87.Final\netty-common-4.1.87.Final.jar;C:\Users\WINDOWS 10\.m2\repository\io\netty\netty-transport-classes-epoll\4.1.87.Final\netty-transport-classes-epoll-4.1.87.Final.jar;C:\Users\WINDOWS 10\.m2\repository\io\netty\netty-transport-classes-kqueue\4.1.87.Final\netty-transport-classes-kqueue-4.1.87.Final.jar;C:\Users\WINDOWS 10\.m2\repository\io\netty\netty-transport-native-epoll\4.1.87.Final\netty-transport-native-epoll-4.1.87.Final.jar;C:\Users\WINDOWS 10\.m2\repository\io\netty\netty-transport-native-kqueue\4.1.87.Final\netty-transport-native-kqueue-4.1.87.Final.jar;C:\Users\WINDOWS 10\.m2\repository\io\netty\netty-transport-native-unix-common\4.1.87.Final\netty-transport-native-unix-common-4.1.87.Final.jar;C:\Users\WINDOWS 10\.m2\repository\io\netty\netty-transport\4.1.87.Final\netty-transport-4.1.87.Final.jar;C:\Users\WINDOWS 10\.m2\repository\io\netty\netty-resolver\4.1.87.Final\netty-resolver-4.1.87.Final.jar;C:\Users\WINDOWS 10\.m2\repository\io\opentelemetry\opentelemetry-api\1.22.0\opentelemetry-api-1.22.0.jar;C:\Users\WINDOWS 10\.m2\repository\io\opentelemetry\opentelemetry-context\1.22.0\opentelemetry-context-1.22.0.jar;C:\Users\WINDOWS 10\.m2\repository\io\opentelemetry\opentelemetry-exporter-logging\1.22.0\opentelemetry-exporter-logging-1.22.0.jar;C:\Users\WINDOWS 10\.m2\repository\io\opentelemetry\opentelemetry-sdk-metrics\1.22.0\opentelemetry-sdk-metrics-1.22.0.jar;C:\Users\WINDOWS 10\.m2\repository\io\opentelemetry\opentelemetry-sdk-logs\1.22.0-alpha\opentelemetry-sdk-logs-1.22.0-alpha.jar;C:\Users\WINDOWS 10\.m2\repository\io\opentelemetry\opentelemetry-api-logs\1.22.0-alpha\opentelemetry-api-logs-1.22.0-alpha.jar;C:\Users\WINDOWS 10\.m2\repository\io\opentelemetry\opentelemetry-sdk-common\1.22.0\opentelemetry-sdk-common-1.22.0.jar;C:\Users\WINDOWS 10\.m2\repository\io\opentelemetry\opentelemetry-sdk-extension-autoconfigure-spi\1.22.0\opentelemetry-sdk-extension-autoconfigure-spi-1.22.0.jar;C:\Users\WINDOWS 10\.m2\repository\io\opentelemetry\opentelemetry-sdk-extension-autoconfigure\1.22.0-alpha\opentelemetry-sdk-extension-autoconfigure-1.22.0-alpha.jar;C:\Users\WINDOWS 10\.m2\repository\io\opentelemetry\opentelemetry-sdk-trace\1.22.0\opentelemetry-sdk-trace-1.22.0.jar;C:\Users\WINDOWS 10\.m2\repository\io\opentelemetry\opentelemetry-sdk\1.22.0\opentelemetry-sdk-1.22.0.jar;C:\Users\WINDOWS 10\.m2\repository\io\opentelemetry\opentelemetry-semconv\1.22.0-alpha\opentelemetry-semconv-1.22.0-alpha.jar;C:\Users\WINDOWS 10\.m2\repository\io\ous\jtoml\2.0.0\jtoml-2.0.0.jar;C:\Users\WINDOWS 10\.m2\repository\org\apache\commons\commons-exec\1.3\commons-exec-1.3.jar;C:\Users\WINDOWS 10\.m2\repository\org\asynchttpclient\async-http-client\2.12.3\async-http-client-2.12.3.jar;C:\Users\WINDOWS 10\.m2\repository\org\asynchttpclient\async-http-client-netty-utils\2.12.3\async-http-client-netty-utils-2.12.3.jar;C:\Users\WINDOWS 10\.m2\repository\io\netty\netty-codec-socks\4.1.60.Final\netty-codec-socks-4.1.60.Final.jar;C:\Users\WINDOWS 10\.m2\repository\io\netty\netty-handler-proxy\4.1.60.Final\netty-handler-proxy-4.1.60.Final.jar;C:\Users\WINDOWS 10\.m2\repository\io\netty\netty-transport-native-epoll\4.1.60.Final\netty-transport-native-epoll-4.1.60.Final-linux-x86_64.jar;C:\Users\WINDOWS 10\.m2\repository\io\netty\netty-transport-native-kqueue\4.1.60.Final\netty-transport-native-kqueue-4.1.60.Final-osx-x86_64.jar;C:\Users\WINDOWS 10\.m2\repository\org\reactivestreams\reactive-streams\1.0.3\reactive-streams-1.0.3.jar;C:\Users\WINDOWS 10\.m2\repository\com\typesafe\netty\netty-reactive-streams\2.0.4\netty-reactive-streams-2.0.4.jar;C:\Users\WINDOWS 10\.m2\repository\org\seleniumhq\selenium\selenium-manager\4.8.1\selenium-manager-4.8.1.jar;C:\Users\WINDOWS 10\.m2\repository\org\seleniumhq\selenium\selenium-safari-driver\4.8.1\selenium-safari-driver-4.8.1.jar;C:\Users\WINDOWS 10\.m2\repository\org\seleniumhq\selenium\selenium-api\4.8.1\selenium-api-4.8.1.jar;C:\Users\WINDOWS 10\.m2\repository\org\seleniumhq\selenium\selenium-support\4.8.1\selenium-support-4.8.1.jar;C:\Users\WINDOWS 10\.m2\repository\com\google\auto\service\auto-service-annotations\1.0.1\auto-service-annotations-1.0.1.jar;C:\Users\WINDOWS 10\.m2\repository\com\google\auto\service\auto-service\1.0.1\auto-service-1.0.1.jar;C:\Users\WINDOWS 10\.m2\repository\com\google\auto\auto-common\1.2\auto-common-1.2.jar;C:\Users\WINDOWS 10\.m2\repository\org\seleniumhq\selenium\selenium-json\4.8.1\selenium-json-4.8.1.jar;C:\Users\WINDOWS 10\.m2\repository\org\seleniumhq\selenium\selenium-chrome-driver\4.8.1\selenium-chrome-driver-4.8.1.jar;C:\Users\WINDOWS 10\.m2\repository\org\seleniumhq\selenium\selenium-chromium-driver\4.8.1\selenium-chromium-driver-4.8.1.jar;C:\Users\WINDOWS 10\.m2\repository\org\seleniumhq\selenium\selenium-firefox-driver\4.8.1\selenium-firefox-driver-4.8.1.jar;C:\Users\WINDOWS 10\.m2\repository\org\seleniumhq\selenium\selenium-http\4.8.1\selenium-http-4.8.1.jar;C:\Users\WINDOWS 10\.m2\repository\dev\failsafe\failsafe\3.3.0\failsafe-3.3.0.jar;C:\Users\WINDOWS 10\.m2\repository\org\seleniumhq\selenium\selenium-edge-driver\4.8.1\selenium-edge-driver-4.8.1.jar;C:\Users\WINDOWS 10\.m2\repository\org\seleniumhq\selenium\selenium-ie-driver\4.8.1\selenium-ie-driver-4.8.1.jar;C:\Users\WINDOWS 10\.m2\repository\org\projectlombok\lombok\1.18.20\lombok-1.18.20.jar;C:\Users\WINDOWS 10\.m2\repository\io\appium\java-client\8.3.0\java-client-8.3.0.jar;C:\Users\WINDOWS 10\.m2\repository\commons-validator\commons-validator\1.7\commons-validator-1.7.jar;C:\Users\WINDOWS 10\.m2\repository\commons-digester\commons-digester\2.1\commons-digester-2.1.jar;C:\Users\WINDOWS 10\.m2\repository\net\sf\opencsv\opencsv\2.0\opencsv-2.0.jar;C:\Users\WINDOWS 10\.m2\repository\commons-beanutils\commons-beanutils\1.9.4\commons-beanutils-1.9.4.jar;C:\Users\WINDOWS 10\.m2\repository\org\apache\commons\commons-lang3\3.12.0\commons-lang3-3.12.0.jar;C:\Users\WINDOWS 10\.m2\repository\commons-collections\commons-collections\3.2.2\commons-collections-3.2.2.jar;C:\Users\WINDOWS 10\.m2\repository\org\fluentlenium\fluentlenium-core\0.10.2\fluentlenium-core-0.10.2.jar;C:\Users\WINDOWS 10\.m2\repository\io\github\bonigarcia\webdrivermanager\5.3.0\webdrivermanager-5.3.0.jar;C:\Users\WINDOWS 10\.m2\repository\com\github\docker-java\docker-java\3.2.13\docker-java-3.2.13.jar;C:\Users\WINDOWS 10\.m2\repository\com\github\docker-java\docker-java-core\3.2.13\docker-java-core-3.2.13.jar;C:\Users\WINDOWS 10\.m2\repository\com\github\docker-java\docker-java-api\3.2.13\docker-java-api-3.2.13.jar;C:\Users\WINDOWS 10\.m2\repository\org\apache\commons\commons-compress\1.21\commons-compress-1.21.jar;C:\Users\WINDOWS 10\.m2\repository\org\bouncycastle\bcpkix-jdk15on\1.64\bcpkix-jdk15on-1.64.jar;C:\Users\WINDOWS 10\.m2\repository\org\bouncycastle\bcprov-jdk15on\1.64\bcprov-jdk15on-1.64.jar;C:\Users\WINDOWS 10\.m2\repository\org\slf4j\jcl-over-slf4j\1.7.30\jcl-over-slf4j-1.7.30.jar;C:\Users\WINDOWS 10\.m2\repository\com\github\docker-java\docker-java-transport-httpclient5\3.2.13\docker-java-transport-httpclient5-3.2.13.jar;C:\Users\WINDOWS 10\.m2\repository\com\github\docker-java\docker-java-transport\3.2.13\docker-java-transport-3.2.13.jar;C:\Users\WINDOWS 10\.m2\repository\net\java\dev\jna\jna\5.8.0\jna-5.8.0.jar;C:\Users\WINDOWS 10\.m2\repository\org\brotli\dec\0.1.2\dec-0.1.2.jar;C:\Users\WINDOWS 10\.m2\repository\org\apache\httpcomponents\client5\httpclient5\5.1.3\httpclient5-5.1.3.jar;C:\Users\WINDOWS 10\.m2\repository\org\apache\httpcomponents\core5\httpcore5\5.1.3\httpcore5-5.1.3.jar;C:\Users\WINDOWS 10\.m2\repository\org\apache\httpcomponents\core5\httpcore5-h2\5.1.3\httpcore5-h2-5.1.3.jar;C:\Users\WINDOWS 10\.m2\repository\com\jhlabs\filters\2.0.235\filters-2.0.235.jar;C:\Users\WINDOWS 10\.m2\repository\com\paulhammant\ngwebdriver\1.1.6\ngwebdriver-1.1.6.jar;C:\Users\WINDOWS 10\.m2\repository\joda-time\joda-time\2.12.2\joda-time-2.12.2.jar;C:\Users\WINDOWS 10\.m2\repository\org\hamcrest\hamcrest\2.2\hamcrest-2.2.jar;C:\Users\WINDOWS 10\.m2\repository\com\google\jimfs\jimfs\1.2\jimfs-1.2.jar;C:\Users\WINDOWS 10\.m2\repository\org\mockito\mockito-core\3.3.3\mockito-core-3.3.3.jar;C:\Users\WINDOWS 10\.m2\repository\javax\xml\bind\jaxb-api\2.3.1\jaxb-api-2.3.1.jar;C:\Users\WINDOWS 10\.m2\repository\javax\activation\javax.activation-api\1.2.0\javax.activation-api-1.2.0.jar;C:\Users\WINDOWS 10\.m2\repository\com\sun\xml\bind\jaxb-core\2.3.0.1\jaxb-core-2.3.0.1.jar;C:\Users\WINDOWS 10\.m2\repository\com\sun\xml\bind\jaxb-impl\2.3.3\jaxb-impl-2.3.3.jar;C:\Users\WINDOWS 10\.m2\repository\jakarta\xml\bind\jakarta.xml.bind-api\2.3.3\jakarta.xml.bind-api-2.3.3.jar;C:\Users\WINDOWS 10\.m2\repository\com\sun\activation\jakarta.activation\1.2.2\jakarta.activation-1.2.2.jar;C:\Users\WINDOWS 10\.m2\repository\javax\activation\activation\1.1.1\activation-1.1.1.jar;C:\Users\WINDOWS 10\.m2\repository\net\serenity-bdd\serenity-cucumber\3.6.21\serenity-cucumber-3.6.21.jar;C:\Users\WINDOWS 10\.m2\repository\io\cucumber\cucumber-core\7.11.0\cucumber-core-7.11.0.jar;C:\Users\WINDOWS 10\.m2\repository\io\cucumber\cucumber-gherkin\7.11.0\cucumber-gherkin-7.11.0.jar;C:\Users\WINDOWS 10\.m2\repository\io\cucumber\cucumber-gherkin-messages\7.11.0\cucumber-gherkin-messages-7.11.0.jar;C:\Users\WINDOWS 10\.m2\repository\io\cucumber\gherkin\26.0.3\gherkin-26.0.3.jar;C:\Users\WINDOWS 10\.m2\repository\io\cucumber\messages\21.0.1\messages-21.0.1.jar;C:\Users\WINDOWS 10\.m2\repository\io\cucumber\tag-expressions\5.0.1\tag-expressions-5.0.1.jar;C:\Users\WINDOWS 10\.m2\repository\io\cucumber\cucumber-expressions\16.1.1\cucumber-expressions-16.1.1.jar;C:\Users\WINDOWS 10\.m2\repository\io\cucumber\datatable\7.11.0\datatable-7.11.0.jar;C:\Users\WINDOWS 10\.m2\repository\io\cucumber\cucumber-plugin\7.11.0\cucumber-plugin-7.11.0.jar;C:\Users\WINDOWS 10\.m2\repository\io\cucumber\docstring\7.11.0\docstring-7.11.0.jar;C:\Users\WINDOWS 10\.m2\repository\io\cucumber\html-formatter\20.2.1\html-formatter-20.2.1.jar;C:\Users\WINDOWS 10\.m2\repository\io\cucumber\junit-xml-formatter\0.1.0\junit-xml-formatter-0.1.0.jar;C:\Users\WINDOWS 10\.m2\repository\io\cucumber\ci-environment\9.1.0\ci-environment-9.1.0.jar;C:\Users\WINDOWS 10\.m2\repository\io\cucumber\cucumber-java\7.11.0\cucumber-java-7.11.0.jar;C:\Users\WINDOWS 10\.m2\repository\io\cucumber\cucumber-junit\7.11.0\cucumber-junit-7.11.0.jar;C:\Users\WINDOWS 10\.m2\repository\org\apache\commons\commons-csv\1.5\commons-csv-1.5.jar;C:\Users\WINDOWS 10\.m2\repository\net\serenity-bdd\serenity-screenplay\3.6.21\serenity-screenplay-3.6.21.jar;C:\Users\WINDOWS 10\.m2\repository\net\serenity-bdd\serenity-screenplay-webdriver\3.6.21\serenity-screenplay-webdriver-3.6.21.jar;C:\Users\WINDOWS 10\.m2\repository\net\serenity-bdd\serenity-ensure\3.6.21\serenity-ensure-3.6.21.jar;C:\Users\WINDOWS 10\.m2\repository\net\serenity-bdd\serenity-junit\3.6.21\serenity-junit-3.6.21.jar;C:\Users\WINDOWS 10\.m2\repository\org\jetbrains\kotlin\kotlin-stdlib\1.8.10\kotlin-stdlib-1.8.10.jar;C:\Users\WINDOWS 10\.m2\repository\org\jetbrains\kotlin\kotlin-stdlib-common\1.8.10\kotlin-stdlib-common-1.8.10.jar;C:\Users\WINDOWS 10\.m2\repository\org\jetbrains\annotations\13.0\annotations-13.0.jar;C:\Users\WINDOWS 10\.m2\repository\org\junit\platform\junit-platform-launcher\1.8.2\junit-platform-launcher-1.8.2.jar;C:\Users\WINDOWS 10\.m2\repository\org\junit\platform\junit-platform-engine\1.8.2\junit-platform-engine-1.8.2.jar;C:\Users\WINDOWS 10\.m2\repository\org\junit\platform\junit-platform-commons\1.8.2\junit-platform-commons-1.8.2.jar;C:\Users\WINDOWS 10\.m2\repository\org\apiguardian\apiguardian-api\1.1.2\apiguardian-api-1.1.2.jar;C:\Users\WINDOWS 10\.m2\repository\org\junit\jupiter\junit-jupiter-engine\5.8.2\junit-jupiter-engine-5.8.2.jar;C:\Users\WINDOWS 10\.m2\repository\org\junit\jupiter\junit-jupiter-api\5.8.2\junit-jupiter-api-5.8.2.jar;C:\Users\WINDOWS 10\.m2\repository\org\junit\vintage\junit-vintage-engine\5.8.2\junit-vintage-engine-5.8.2.jar;C:\Users\WINDOWS 10\.m2\repository\junit\junit\4.13.2\junit-4.13.2.jar;C:\Users\WINDOWS 10\.m2\repository\org\hamcrest\hamcrest-core\1.3\hamcrest-core-1.3.jar;C:\Users\WINDOWS 10\.m2\repository\ch\qos\logback\logback-classic\1.2.10\logback-classic-1.2.10.jar;C:\Users\WINDOWS 10\.m2\repository\ch\qos\logback\logback-core\1.2.10\logback-core-1.2.10.jar;C:\Users\WINDOWS 10\.m2\repository\org\slf4j\slf4j-api\1.7.32\slf4j-api-1.7.32.jar;C:\Users\WINDOWS 10\.m2\repository\org\assertj\assertj-core\3.23.1\assertj-core-3.23.1.jar;C:\Users\WINDOWS 10\.m2\repository\net\bytebuddy\byte-buddy\1.12.10\byte-buddy-1.12.10.jar;C:\Users\WINDOWS 10\.m2\repository\com\googlecode\json-simple\json-simple\1.1.1\json-simple-1.1.1.jar;"/>
    <property name="sun.cpu.endian" value="little"/>
    <property name="user.home" value="C:\Users\WINDOWS 10"/>
    <property name="user.language" value="en"/>
    <property name="java.specification.vendor" value="Oracle Corporation"/>
    <property name="java.version.date" value="2021-01-19"/>
    <property name="java.home" value="C:\Program Files\Java\jdk-15.0.2"/>
    <property name="file.separator" value="\"/>
    <property name="basedir" value="C:\Users\WINDOWS 10\Documents\GitHub\Capstone\sociops_qe_web"/>
    <property name="java.vm.compressedOopsMode" value="Zero based"/>
    <property name="line.separator" value="&#10;"/>
    <property name="java.vm.specification.vendor" value="Oracle Corporation"/>
    <property name="java.specification.name" value="Java Platform API Specification"/>
    <property name="surefire.real.class.path" value="C:\Users\WINDOWS 10\AppData\Local\Temp\surefire7414588787845540844\surefirebooter-20230626185620696_3.jar"/>
    <property name="user.script" value=""/>
    <property name="java.protocol.handler.pkgs" value="com.google.common"/>
    <property name="sun.management.compiler" value="HotSpot 64-Bit Tiered Compilers"/>
    <property name="java.runtime.version" value="15.0.2+7-27"/>
    <property name="user.name" value="WINDOWS 10"/>
    <property name="path.separator" value=";"/>
    <property name="os.version" value="10.0"/>
    <property name="java.runtime.name" value="Java(TM) SE Runtime Environment"/>
    <property name="file.encoding" value="Cp1252"/>
    <property name="webdriver.base.url" value=""/>
    <property name="java.vm.name" value="Java HotSpot(TM) 64-Bit Server VM"/>
    <property name="localRepository" value="C:\Users\WINDOWS 10\.m2\repository"/>
    <property name="java.vendor.url.bug" value="https://bugreport.java.com/bugreport/"/>
    <property name="java.io.tmpdir" value="C:\Users\WINDOW~1\AppData\Local\Temp\"/>
    <property name="java.version" value="15.0.2"/>
    <property name="user.dir" value="C:\Users\WINDOWS 10\Documents\GitHub\Capstone\sociops_qe_web"/>
    <property name="os.arch" value="amd64"/>
    <property name="java.vm.specification.name" value="Java Virtual Machine Specification"/>
    <property name="sun.os.patch.level" value=""/>
    <property name="java.library.path" value="C:\Program Files\Java\jdk-15.0.2\bin;C:\WINDOWS\Sun\Java\bin;C:\WINDOWS\system32;C:\WINDOWS;C:\Program Files (x86)\Common Files\Oracle\Java\javapath;C:\src\flutter\bin;C:\WINDOWS\system32;C:\WINDOWS;C:\WINDOWS\System32\Wbem;C:\WINDOWS\System32\WindowsPowerShell\v1.0\;C:\WINDOWS\System32\OpenSSH\;C:\Program Files\Java\jdk-15.0.2;C:\Program Files\Java\jdk-15.0.2\bin;C:\Program Files\apache-maven-3.9.1\bin;C:\Program Files\apache-maven-3.9.1;C:\Program Files\apache-maven-3.9.1\bin;C:\Users\WINDOWS 10\AppData\Local\Android\Sdk;C:\Users\WINDOWS 10\AppData\Local\Android\Sdk\platform-tools;C:\Users\WINDOWS 10\AppData\Local\Android\Sdk\tools;C:\Users\WINDOWS 10\AppData\Local\Android\Sdk\tools\bin;C:\Program Files\nodejs\;C:\Program Files\Git\cmd;C:\Program Files\dotnet\;C:\Users\WINDOWS 10\AppData\Local\Microsoft\WindowsApps;C:\Users\WINDOWS 10\AppData\Local\Programs\Microsoft VS Code\bin;C:\Users\WINDOWS 10\AppData\Local\GitHubDesktop\bin;C:\Users\WINDOWS 10\AppData\Roaming\npm;;."/>
    <property name="java.vm.info" value="mixed mode, sharing"/>
    <property name="java.vendor" value="Oracle Corporation"/>
    <property name="java.vm.version" value="15.0.2+7-27"/>
    <property name="sun.io.unicode.encoding" value="UnicodeLittle"/>
    <property name="java.class.version" value="59.0"/>
  </properties>
  <testcase name="Login with correct credentials" classname="Login to Sociops Admin Account" time="11.283">
    <system-out><![CDATA[18:56:22.446 [main] DEBUG net.thucydides.core.guice.Injectors - Created injector for module net.thucydides.core.guice.ThucydidesModule
18:56:22.737 [main] DEBUG io.cucumber.core.plugin.SerenityReporter - Running feature from file:///C:/Users/WINDOWS%2010/Documents/GitHub/Capstone/sociops_qe_web/src/test/resources/features/Dashboard.feature
18:56:23.023 [main] DEBUG net.thucydides.core.guice.Injectors - Created injector for module net.thucydides.core.guice.webdriver.WebDriverModule
18:56:23.052 [main] INFO  - 

-------------------------------------------------------------------------------------
     _______. _______ .______       _______ .__   __.  __  .___________.____    ____ 
    /       ||   ____||   _  \     |   ____||  \ |  | |  | |           |\   \  /   / 
   |   (----`|  |__   |  |_)  |    |  |__   |   \|  | |  | `---|  |----` \   \/   /  
    \   \    |   __|  |      /     |   __|  |  . `  | |  |     |  |       \_    _/   
.----)   |   |  |____ |  |\  \----.|  |____ |  |\   | |  |     |  |         |  |     
|_______/    |_______|| _| `._____||_______||__| \__| |__|     |__|         |__|    
                                                                                     
 News and tutorials at http://www.serenity-bdd.info                                  
 Documentation at https://wakaleo.gitbooks.io/the-serenity-book/content/             
 Join the Serenity Community on Gitter: https://gitter.im/serenity-bdd/serenity-core 
 Serenity BDD Support and Training at http://serenity-bdd.info/#/trainingandsupport  
-------------------------------------------------------------------------------------

18:56:23.056 [main] DEBUG net.thucydides.core.steps.StepEventBus - Test suite started for story net.thucydides.core.model.Story@d0cf6dd5
18:56:23.057 [main] INFO  - Test Suite Started: Validate Dashboard Sociops Web
18:56:23.081 [main] DEBUG io.cucumber.core.plugin.SerenityReporter - Running feature from file:///C:/Users/WINDOWS%2010/Documents/GitHub/Capstone/sociops_qe_web/src/test/resources/features/Login.feature
18:56:23.094 [main] DEBUG net.thucydides.core.steps.StepEventBus - Test suite started for story net.thucydides.core.model.Story@2938f36d
18:56:23.095 [main] INFO  - Test Suite Started: Login to Sociops Admin Account
18:56:23.097 [main] DEBUG io.cucumber.core.plugin.SerenityReporter - Running feature from file:///C:/Users/WINDOWS%2010/Documents/GitHub/Capstone/sociops_qe_web/src/test/resources/features/Login.feature
18:56:23.106 [main] DEBUG net.thucydides.core.steps.StepEventBus - Test suite started for story net.thucydides.core.model.Story@2938f36d
18:56:23.107 [main] INFO  - Test Suite Started: Login to Sociops Admin Account

Scenario: Login with correct credentials        &amp#27;[90m# src/test/resources/features/Login.feature:7&amp#27;[0m
18:56:23.257 [main] DEBUG io.cucumber.core.plugin.SerenityReporter - Running feature from file:///C:/Users/WINDOWS%2010/Documents/GitHub/Capstone/sociops_qe_web/src/test/resources/features/Login.feature
18:56:23.450 [main] INFO  - 
  _____   ___   ___   _____     ___   _____     _     ___   _____   ___   ___  
 |_   _| | __| / __| |_   _|   / __| |_   _|   /_\   | _ \ |_   _| | __| |   \ 
   | |   | _|  \__ \   | |     \__ \   | |    / _ \  |   /   | |   | _|  | |) |
   |_|   |___| |___/   |_|     |___/   |_|   /_/ \_\ |_|_\   |_|   |___| |___/ 

Login with correct credentials(login-to-sociops-admin-account;login-with-correct-credentials)
--------------------------------------------------------------------------------
18:56:23.544 [main] DEBUG net.thucydides.core.requirements.model.cucumber.CucumberParser - Loading feature C:\Users\WINDOWS 10\Documents\GitHub\Capstone\sociops_qe_web\src\test\resources\features\Dashboard.feature
18:56:23.569 [main] DEBUG net.thucydides.core.requirements.model.cucumber.CucumberParser - Loading feature C:\Users\WINDOWS 10\Documents\GitHub\Capstone\sociops_qe_web\src\test\resources\features\Login.feature
18:56:24.627 [main] DEBUG net.thucydides.core.steps.StepInterceptor - STARTING STEP: LoginSteps.onTheLoginPage - openPage
18:56:24.850 [main] INFO net.serenitybdd.core.webdriver.driverproviders.ChromeDriverProvider - Starting Chrome driver instance with capabilities:
18:56:24.858 [main] INFO net.serenitybdd.core.webdriver.driverproviders.ChromeDriverProvider - Capabilities {acceptInsecureCerts: false, browserName: chrome, goog:chromeOptions: {args: [remote-allow-origins=*], extensions: []}}
18:56:25.063 [main] DEBUG io.netty.util.internal.logging.InternalLoggerFactory - Using SLF4J as the default logging framework
18:56:25.069 [main] DEBUG io.netty.util.ResourceLeakDetector - -Dio.netty.leakDetection.level: simple
18:56:25.069 [main] DEBUG io.netty.util.ResourceLeakDetector - -Dio.netty.leakDetection.targetRecords: 4
18:56:25.077 [main] DEBUG io.netty.util.ResourceLeakDetectorFactory - Loaded default ResourceLeakDetector: io.netty.util.ResourceLeakDetector@601eb4af
18:56:25.116 [main] DEBUG io.netty.util.internal.PlatformDependent0 - -Dio.netty.noUnsafe: false
18:56:25.116 [main] DEBUG io.netty.util.internal.PlatformDependent0 - Java version: 15
18:56:25.118 [main] DEBUG io.netty.util.internal.PlatformDependent0 - sun.misc.Unsafe.theUnsafe: available
18:56:25.120 [main] DEBUG io.netty.util.internal.PlatformDependent0 - sun.misc.Unsafe.copyMemory: available
18:56:25.121 [main] DEBUG io.netty.util.internal.PlatformDependent0 - sun.misc.Unsafe.storeFence: available
18:56:25.122 [main] DEBUG io.netty.util.internal.PlatformDependent0 - java.nio.Buffer.address: available
18:56:25.124 [main] DEBUG io.netty.util.internal.PlatformDependent0 - direct buffer constructor: unavailable: Reflective setAccessible(true) disabled
18:56:25.125 [main] DEBUG io.netty.util.internal.PlatformDependent0 - java.nio.Bits.unaligned: available, true
18:56:25.127 [main] DEBUG io.netty.util.internal.PlatformDependent0 - jdk.internal.misc.Unsafe.allocateUninitializedArray(int): unavailable: class io.netty.util.internal.PlatformDependent0$7 cannot access class jdk.internal.misc.Unsafe (in module java.base) because module java.base does not export jdk.internal.misc to unnamed module @55e8ec2f
18:56:25.130 [main] DEBUG io.netty.util.internal.PlatformDependent0 - java.nio.DirectByteBuffer.<init>(long, int): unavailable
18:56:25.130 [main] DEBUG io.netty.util.internal.PlatformDependent - sun.misc.Unsafe: available
18:56:25.134 [main] DEBUG io.netty.util.internal.PlatformDependent - maxDirectMemory: 4133486592 bytes (maybe)
18:56:25.134 [main] DEBUG io.netty.util.internal.PlatformDependent - -Dio.netty.tmpdir: C:\Users\WINDOW~1\AppData\Local\Temp (java.io.tmpdir)
18:56:25.134 [main] DEBUG io.netty.util.internal.PlatformDependent - -Dio.netty.bitMode: 64 (sun.arch.data.model)
18:56:25.135 [main] DEBUG io.netty.util.internal.PlatformDependent - Platform: Windows
18:56:25.136 [main] DEBUG io.netty.util.internal.PlatformDependent - -Dio.netty.maxDirectMemory: -1 bytes
18:56:25.136 [main] DEBUG io.netty.util.internal.PlatformDependent - -Dio.netty.uninitializedArrayAllocationThreshold: -1
18:56:25.140 [main] DEBUG io.netty.util.internal.CleanerJava9 - java.nio.ByteBuffer.cleaner(): available
18:56:25.141 [main] DEBUG io.netty.util.internal.PlatformDependent - -Dio.netty.noPreferDirect: false
18:56:25.152 [main] DEBUG io.netty.util.internal.PlatformDependent - org.jctools-core.MpscChunkedArrayQueue: available
18:56:25.188 [main] DEBUG io.netty.util.internal.InternalThreadLocalMap - -Dio.netty.threadLocalMap.stringBuilder.initialSize: 1024
18:56:25.188 [main] DEBUG io.netty.util.internal.InternalThreadLocalMap - -Dio.netty.threadLocalMap.stringBuilder.maxSize: 4096
18:56:25.426 [main] DEBUG io.netty.handler.ssl.JdkSslContext - Default protocols (JDK): [TLSv1.3, TLSv1.2, TLSv1.1, TLSv1] 
18:56:25.426 [main] DEBUG io.netty.handler.ssl.JdkSslContext - Default cipher suites (JDK): [TLS_ECDHE_ECDSA_WITH_AES_256_GCM_SHA384, TLS_ECDHE_ECDSA_WITH_AES_128_GCM_SHA256, TLS_ECDHE_RSA_WITH_AES_128_GCM_SHA256, TLS_ECDHE_RSA_WITH_AES_256_GCM_SHA384, TLS_ECDHE_RSA_WITH_AES_128_CBC_SHA, TLS_ECDHE_RSA_WITH_AES_256_CBC_SHA, TLS_RSA_WITH_AES_128_GCM_SHA256, TLS_RSA_WITH_AES_128_CBC_SHA, TLS_RSA_WITH_AES_256_CBC_SHA, TLS_AES_128_GCM_SHA256, TLS_AES_256_GCM_SHA384]
18:56:25.497 [main] DEBUG io.netty.channel.MultithreadEventLoopGroup - -Dio.netty.eventLoopThreads: 32
18:56:25.522 [main] DEBUG io.netty.channel.nio.NioEventLoop - -Dio.netty.noKeySetOptimization: false
18:56:25.522 [main] DEBUG io.netty.channel.nio.NioEventLoop - -Dio.netty.selectorAutoRebuildThreshold: 512
18:56:25.633 [main] DEBUG io.netty.buffer.PooledByteBufAllocator - -Dio.netty.allocator.numHeapArenas: 32
18:56:25.633 [main] DEBUG io.netty.buffer.PooledByteBufAllocator - -Dio.netty.allocator.numDirectArenas: 32
18:56:25.633 [main] DEBUG io.netty.buffer.PooledByteBufAllocator - -Dio.netty.allocator.pageSize: 8192
18:56:25.633 [main] DEBUG io.netty.buffer.PooledByteBufAllocator - -Dio.netty.allocator.maxOrder: 9
18:56:25.633 [main] DEBUG io.netty.buffer.PooledByteBufAllocator - -Dio.netty.allocator.chunkSize: 4194304
18:56:25.634 [main] DEBUG io.netty.buffer.PooledByteBufAllocator - -Dio.netty.allocator.smallCacheSize: 256
18:56:25.634 [main] DEBUG io.netty.buffer.PooledByteBufAllocator - -Dio.netty.allocator.normalCacheSize: 64
18:56:25.634 [main] DEBUG io.netty.buffer.PooledByteBufAllocator - -Dio.netty.allocator.maxCachedBufferCapacity: 32768
18:56:25.634 [main] DEBUG io.netty.buffer.PooledByteBufAllocator - -Dio.netty.allocator.cacheTrimInterval: 8192
18:56:25.634 [main] DEBUG io.netty.buffer.PooledByteBufAllocator - -Dio.netty.allocator.cacheTrimIntervalMillis: 0
18:56:25.634 [main] DEBUG io.netty.buffer.PooledByteBufAllocator - -Dio.netty.allocator.useCacheForAllThreads: false
18:56:25.634 [main] DEBUG io.netty.buffer.PooledByteBufAllocator - -Dio.netty.allocator.maxCachedByteBuffersPerChunk: 1023
18:56:25.659 [main] DEBUG io.netty.buffer.ByteBufUtil - -Dio.netty.allocator.type: pooled
18:56:25.660 [main] DEBUG io.netty.buffer.ByteBufUtil - -Dio.netty.threadLocalDirectBufferSize: 0
18:56:25.660 [main] DEBUG io.netty.buffer.ByteBufUtil - -Dio.netty.maxThreadLocalCharBufferSize: 16384
18:56:27.531 [Forwarding newSession on session null to remote] DEBUG io.netty.channel.DefaultChannelId - -Dio.netty.processId: 16492 (auto-detected)
18:56:27.534 [Forwarding newSession on session null to remote] DEBUG io.netty.util.NetUtil - -Djava.net.preferIPv4Stack: false
18:56:27.534 [Forwarding newSession on session null to remote] DEBUG io.netty.util.NetUtil - -Djava.net.preferIPv6Addresses: false
18:56:27.541 [Forwarding newSession on session null to remote] DEBUG io.netty.util.NetUtilInitializations - Loopback interface: lo (Software Loopback Interface 1, 127.0.0.1)
18:56:27.542 [Forwarding newSession on session null to remote] DEBUG io.netty.util.NetUtil - Failed to get SOMAXCONN from sysctl and file \proc\sys\net\core\somaxconn. Default: 200
18:56:27.559 [Forwarding newSession on session null to remote] DEBUG io.netty.channel.DefaultChannelId - -Dio.netty.machineId: 34:cf:f6:ff:fe:2b:0c:19 (auto-detected)
18:56:27.616 [AsyncHttpClient-1-2] DEBUG io.netty.buffer.AbstractByteBuf - -Dio.netty.buffer.checkAccessible: true
18:56:27.616 [AsyncHttpClient-1-2] DEBUG io.netty.buffer.AbstractByteBuf - -Dio.netty.buffer.checkBounds: true
18:56:27.616 [AsyncHttpClient-1-2] DEBUG io.netty.util.ResourceLeakDetectorFactory - Loaded default ResourceLeakDetector: io.netty.util.ResourceLeakDetector@76fc335d
18:56:27.644 [AsyncHttpClient-1-2] DEBUG org.asynchttpclient.netty.channel.NettyConnectListener - Using new Channel '[id: 0x536e744d, L:/127.0.0.1:61978 - R:localhost/127.0.0.1:31786]' for 'POST' to '/session'
18:56:27.672 [AsyncHttpClient-1-2] DEBUG io.netty.util.Recycler - -Dio.netty.recycler.maxCapacityPerThread: 4096
18:56:27.672 [AsyncHttpClient-1-2] DEBUG io.netty.util.Recycler - -Dio.netty.recycler.ratio: 8
18:56:27.672 [AsyncHttpClient-1-2] DEBUG io.netty.util.Recycler - -Dio.netty.recycler.chunkSize: 32
18:56:27.672 [AsyncHttpClient-1-2] DEBUG io.netty.util.Recycler - -Dio.netty.recycler.blocking: false
18:56:28.401 [AsyncHttpClient-1-2] DEBUG io.netty.handler.codec.compression.Brotli - brotli4j not in the classpath; Brotli support will be unavailable.
18:56:28.401 [AsyncHttpClient-1-2] DEBUG org.asynchttpclient.netty.handler.HttpHandler - 

Request DefaultHttpRequest(decodeResult: success, version: HTTP/1.1)
POST /session HTTP/1.1
User-Agent: selenium/4.8.1 (java windows)
Content-Length: 507
Content-Type: application/json; charset=utf-8
host: localhost:31786
accept: */*

Response DefaultHttpResponse(decodeResult: success, version: HTTP/1.1)
HTTP/1.1 200 OK
Content-Length: 863
Content-Type: application/json; charset=utf-8
cache-control: no-cache

18:56:28.410 [AsyncHttpClient-1-2] DEBUG org.asynchttpclient.netty.channel.ChannelManager - Adding key: http://localhost:31786 for channel [id: 0x536e744d, L:/127.0.0.1:61978 - R:localhost/127.0.0.1:31786]
18:56:28.497 [AsyncHttpClient-1-3] DEBUG org.asynchttpclient.netty.channel.NettyConnectListener - Using new Channel '[id: 0x2ed2a5c2, L:/127.0.0.1:61986 - R:localhost/127.0.0.1:61980]' for 'GET' to '/json/version'
18:56:28.501 [AsyncHttpClient-1-3] DEBUG org.asynchttpclient.netty.handler.HttpHandler - 

Request DefaultFullHttpRequest(decodeResult: success, version: HTTP/1.1, content: EmptyByteBufBE)
GET /json/version HTTP/1.1
User-Agent: selenium/4.8.1 (java windows)
host: localhost:61980
accept: */*

Response DefaultHttpResponse(decodeResult: success, version: HTTP/1.1)
HTTP/1.1 200 OK
Content-Security-Policy: frame-ancestors 'none'
Content-Length: 424
Content-Type: application/json; charset=UTF-8

18:56:28.502 [AsyncHttpClient-1-3] DEBUG org.asynchttpclient.netty.channel.ChannelManager - Adding key: http://localhost:61980 for channel [id: 0x2ed2a5c2, L:/127.0.0.1:61986 - R:localhost/127.0.0.1:61980]
18:56:28.516 [main] DEBUG io.netty.util.internal.ThreadLocalRandom - -Dio.netty.initialSeedUniquifier: 0x505c38699a8b20f6
18:56:28.520 [AsyncHttpClient-1-4] DEBUG org.asynchttpclient.netty.channel.NettyConnectListener - Using new Channel '[id: 0x407d72b9, L:/127.0.0.1:61987 - R:localhost/127.0.0.1:61980]' for 'GET' to '/devtools/browser/dfb27699-2e57-4fab-9296-a601b78ad24f'
18:56:28.524 [AsyncHttpClient-1-4] DEBUG org.asynchttpclient.netty.handler.WebSocketHandler - 

Request DefaultFullHttpRequest(decodeResult: success, version: HTTP/1.1, content: EmptyByteBufBE)
GET /devtools/browser/dfb27699-2e57-4fab-9296-a601b78ad24f HTTP/1.1
upgrade: websocket
connection: upgrade
sec-websocket-key: 2LbAAHxCwwesfob/roTHJg==
sec-websocket-version: 13
origin: http://localhost:61980
host: localhost:61980
accept: */*
user-agent: AHC/2.1

Response DefaultHttpResponse(decodeResult: success, version: HTTP/1.1)
HTTP/1.1 101 WebSocket Protocol Handshake
Upgrade: WebSocket
Connection: Upgrade
Sec-WebSocket-Accept: 2nVQ8gtMNpjxEv1ZtFoxBFSK3nU=

18:56:28.651 [Forwarding get on session 718d3113ec5f0b2a4148c49fd9d7644d to remote] DEBUG org.asynchttpclient.netty.request.NettyRequestSender - Using pooled Channel '[id: 0x536e744d, L:/127.0.0.1:61978 - R:localhost/127.0.0.1:31786]' for 'POST' to 'http://localhost:31786/session/718d3113ec5f0b2a4148c49fd9d7644d/url'
18:56:28.651 [Forwarding get on session 718d3113ec5f0b2a4148c49fd9d7644d to remote] DEBUG org.asynchttpclient.netty.request.NettyRequestSender - Using open Channel [id: 0x536e744d, L:/127.0.0.1:61978 - R:localhost/127.0.0.1:31786] for POST '/session/718d3113ec5f0b2a4148c49fd9d7644d/url'
18:56:28.666 [AsyncHttpClient-1-1] DEBUG org.asynchttpclient.netty.channel.DefaultChannelPool - Entry count for : http://localhost:61980 : 1
18:56:29.330 [AsyncHttpClient-1-2] DEBUG org.asynchttpclient.netty.handler.HttpHandler - 

Request DefaultHttpRequest(decodeResult: success, version: HTTP/1.1)
POST /session/718d3113ec5f0b2a4148c49fd9d7644d/url HTTP/1.1
User-Agent: selenium/4.8.1 (java windows)
Content-Length: 63
Content-Type: application/json; charset=utf-8
host: localhost:31786
accept: */*

Response DefaultHttpResponse(decodeResult: success, version: HTTP/1.1)
HTTP/1.1 200 OK
Content-Length: 14
Content-Type: application/json; charset=utf-8
cache-control: no-cache

18:56:29.330 [AsyncHttpClient-1-2] DEBUG org.asynchttpclient.netty.channel.ChannelManager - Adding key: http://localhost:31786 for channel [id: 0x536e744d, L:/127.0.0.1:61978 - R:localhost/127.0.0.1:31786]
18:56:29.337 [Forwarding setTimeout on session 718d3113ec5f0b2a4148c49fd9d7644d to remote] DEBUG org.asynchttpclient.netty.request.NettyRequestSender - Using pooled Channel '[id: 0x536e744d, L:/127.0.0.1:61978 - R:localhost/127.0.0.1:31786]' for 'POST' to 'http://localhost:31786/session/718d3113ec5f0b2a4148c49fd9d7644d/timeouts'
18:56:29.337 [Forwarding setTimeout on session 718d3113ec5f0b2a4148c49fd9d7644d to remote] DEBUG org.asynchttpclient.netty.request.NettyRequestSender - Using open Channel [id: 0x536e744d, L:/127.0.0.1:61978 - R:localhost/127.0.0.1:31786] for POST '/session/718d3113ec5f0b2a4148c49fd9d7644d/timeouts'
18:56:29.341 [AsyncHttpClient-1-2] DEBUG org.asynchttpclient.netty.handler.HttpHandler - 

Request DefaultHttpRequest(decodeResult: success, version: HTTP/1.1)
POST /session/718d3113ec5f0b2a4148c49fd9d7644d/timeouts HTTP/1.1
User-Agent: selenium/4.8.1 (java windows)
Content-Length: 22
Content-Type: application/json; charset=utf-8
host: localhost:31786
accept: */*

Response DefaultHttpResponse(decodeResult: success, version: HTTP/1.1)
HTTP/1.1 200 OK
Content-Length: 14
Content-Type: application/json; charset=utf-8
cache-control: no-cache

18:56:29.342 [AsyncHttpClient-1-2] DEBUG org.asynchttpclient.netty.channel.ChannelManager - Adding key: http://localhost:31786 for channel [id: 0x536e744d, L:/127.0.0.1:61978 - R:localhost/127.0.0.1:31786]
18:56:29.390 [main] DEBUG net.serenitybdd.core.photography.Darkroom - Opening darkroom
18:56:29.392 [Darkroom Processing Line] DEBUG net.serenitybdd.core.photography.DarkroomProcessingLine - Darkroom processing line starting up
18:56:29.415 [Forwarding getAlertText on session 718d3113ec5f0b2a4148c49fd9d7644d to remote] DEBUG org.asynchttpclient.netty.request.NettyRequestSender - Using pooled Channel '[id: 0x536e744d, L:/127.0.0.1:61978 - R:localhost/127.0.0.1:31786]' for 'GET' to 'http://localhost:31786/session/718d3113ec5f0b2a4148c49fd9d7644d/alert/text'
18:56:29.415 [Forwarding getAlertText on session 718d3113ec5f0b2a4148c49fd9d7644d to remote] DEBUG org.asynchttpclient.netty.request.NettyRequestSender - Using open Channel [id: 0x536e744d, L:/127.0.0.1:61978 - R:localhost/127.0.0.1:31786] for GET '/session/718d3113ec5f0b2a4148c49fd9d7644d/alert/text'
18:56:29.417 [AsyncHttpClient-1-2] DEBUG org.asynchttpclient.netty.handler.HttpHandler - 

Request DefaultFullHttpRequest(decodeResult: success, version: HTTP/1.1, content: EmptyByteBufBE)
GET /session/718d3113ec5f0b2a4148c49fd9d7644d/alert/text HTTP/1.1
User-Agent: selenium/4.8.1 (java windows)
Cache-Control: no-cache
Content-Type: application/json; charset=utf-8
host: localhost:31786
accept: */*

Response DefaultHttpResponse(decodeResult: success, version: HTTP/1.1)
HTTP/1.1 404 Not Found
Content-Length: 821
Content-Type: application/json; charset=utf-8
cache-control: no-cache

18:56:29.417 [AsyncHttpClient-1-2] DEBUG org.asynchttpclient.netty.channel.ChannelManager - Adding key: http://localhost:31786 for channel [id: 0x536e744d, L:/127.0.0.1:61978 - R:localhost/127.0.0.1:31786]
18:56:29.431 [Forwarding getCurrentUrl on session 718d3113ec5f0b2a4148c49fd9d7644d to remote] DEBUG org.asynchttpclient.netty.request.NettyRequestSender - Using pooled Channel '[id: 0x536e744d, L:/127.0.0.1:61978 - R:localhost/127.0.0.1:31786]' for 'GET' to 'http://localhost:31786/session/718d3113ec5f0b2a4148c49fd9d7644d/url'
18:56:29.432 [Forwarding getCurrentUrl on session 718d3113ec5f0b2a4148c49fd9d7644d to remote] DEBUG org.asynchttpclient.netty.request.NettyRequestSender - Using open Channel [id: 0x536e744d, L:/127.0.0.1:61978 - R:localhost/127.0.0.1:31786] for GET '/session/718d3113ec5f0b2a4148c49fd9d7644d/url'
18:56:29.441 [AsyncHttpClient-1-2] DEBUG org.asynchttpclient.netty.handler.HttpHandler - 

Request DefaultFullHttpRequest(decodeResult: success, version: HTTP/1.1, content: EmptyByteBufBE)
GET /session/718d3113ec5f0b2a4148c49fd9d7644d/url HTTP/1.1
User-Agent: selenium/4.8.1 (java windows)
Cache-Control: no-cache
Content-Type: application/json; charset=utf-8
host: localhost:31786
accept: */*

Response DefaultHttpResponse(decodeResult: success, version: HTTP/1.1)
HTTP/1.1 200 OK
Content-Length: 45
Content-Type: application/json; charset=utf-8
cache-control: no-cache

18:56:29.441 [AsyncHttpClient-1-2] DEBUG org.asynchttpclient.netty.channel.ChannelManager - Adding key: http://localhost:31786 for channel [id: 0x536e744d, L:/127.0.0.1:61978 - R:localhost/127.0.0.1:31786]
18:56:29.448 [Forwarding screenshot on session 718d3113ec5f0b2a4148c49fd9d7644d to remote] DEBUG org.asynchttpclient.netty.request.NettyRequestSender - Using pooled Channel '[id: 0x536e744d, L:/127.0.0.1:61978 - R:localhost/127.0.0.1:31786]' for 'GET' to 'http://localhost:31786/session/718d3113ec5f0b2a4148c49fd9d7644d/screenshot'
18:56:29.448 [Forwarding screenshot on session 718d3113ec5f0b2a4148c49fd9d7644d to remote] DEBUG org.asynchttpclient.netty.request.NettyRequestSender - Using open Channel [id: 0x536e744d, L:/127.0.0.1:61978 - R:localhost/127.0.0.1:31786] for GET '/session/718d3113ec5f0b2a4148c49fd9d7644d/screenshot'
18:56:29.587 [AsyncHttpClient-1-2] DEBUG org.asynchttpclient.netty.handler.HttpHandler - 

Request DefaultFullHttpRequest(decodeResult: success, version: HTTP/1.1, content: EmptyByteBufBE)
GET /session/718d3113ec5f0b2a4148c49fd9d7644d/screenshot HTTP/1.1
User-Agent: selenium/4.8.1 (java windows)
Cache-Control: no-cache
Content-Type: application/json; charset=utf-8
host: localhost:31786
accept: */*

Response DefaultHttpResponse(decodeResult: success, version: HTTP/1.1)
HTTP/1.1 200 OK
Content-Length: 35188
Content-Type: application/json; charset=utf-8
cache-control: no-cache

18:56:29.588 [AsyncHttpClient-1-2] DEBUG org.asynchttpclient.netty.channel.ChannelManager - Adding key: http://localhost:31786 for channel [id: 0x536e744d, L:/127.0.0.1:61978 - R:localhost/127.0.0.1:31786]
18:56:29.656 [main] DEBUG net.serenitybdd.core.photography.Darkroom - Send negative for processing for target\site\serenity\e1a043f79cde61fd83c796824eb14028e2e774bcf48939784252612fe1cf5b50.png
18:56:29.657 [Darkroom Processing Line] DEBUG net.serenitybdd.core.photography.DarkroomProcessingLine - Processing screenshot image in /var/screenshots/screenshot-3731867541841726247
18:56:29.657 [Darkroom Processing Line] DEBUG net.serenitybdd.core.photography.DarkroomProcessingLine - Saving screenshot to target\site\serenity\e1a043f79cde61fd83c796824eb14028e2e774bcf48939784252612fe1cf5b50.png
18:56:29.659 [main] DEBUG net.thucydides.core.steps.StepInterceptor - STEP DONE: openPage
  &amp#27;[32mGiven &amp#27;[0m&amp#27;[32mI am on the sociops login page&amp#27;[0m          &amp#27;[90m# starter.stepdefinitions.LoginSteps.onTheLoginPage()&amp#27;[0m
18:56:29.674 [Forwarding getPageSource on session 718d3113ec5f0b2a4148c49fd9d7644d to remote] DEBUG org.asynchttpclient.netty.request.NettyRequestSender - Using pooled Channel '[id: 0x536e744d, L:/127.0.0.1:61978 - R:localhost/127.0.0.1:31786]' for 'POST' to 'http://localhost:31786/session/718d3113ec5f0b2a4148c49fd9d7644d/execute/sync'
18:56:29.675 [Forwarding getPageSource on session 718d3113ec5f0b2a4148c49fd9d7644d to remote] DEBUG org.asynchttpclient.netty.request.NettyRequestSender - Using open Channel [id: 0x536e744d, L:/127.0.0.1:61978 - R:localhost/127.0.0.1:31786] for POST '/session/718d3113ec5f0b2a4148c49fd9d7644d/execute/sync'
18:56:29.682 [AsyncHttpClient-1-2] DEBUG org.asynchttpclient.netty.handler.HttpHandler - 

Request DefaultHttpRequest(decodeResult: success, version: HTTP/1.1)
POST /session/718d3113ec5f0b2a4148c49fd9d7644d/execute/sync HTTP/1.1
User-Agent: selenium/4.8.1 (java windows)
Content-Length: 176
Content-Type: application/json; charset=utf-8
host: localhost:31786
accept: */*

Response DefaultHttpResponse(decodeResult: success, version: HTTP/1.1)
HTTP/1.1 200 OK
Content-Length: 9538
Content-Type: application/json; charset=utf-8
cache-control: no-cache

18:56:29.683 [AsyncHttpClient-1-2] DEBUG org.asynchttpclient.netty.channel.ChannelManager - Adding key: http://localhost:31786 for channel [id: 0x536e744d, L:/127.0.0.1:61978 - R:localhost/127.0.0.1:31786]
18:56:29.759 [Forwarding getCurrentUrl on session 718d3113ec5f0b2a4148c49fd9d7644d to remote] DEBUG org.asynchttpclient.netty.request.NettyRequestSender - Using pooled Channel '[id: 0x536e744d, L:/127.0.0.1:61978 - R:localhost/127.0.0.1:31786]' for 'GET' to 'http://localhost:31786/session/718d3113ec5f0b2a4148c49fd9d7644d/url'
18:56:29.759 [Forwarding getCurrentUrl on session 718d3113ec5f0b2a4148c49fd9d7644d to remote] DEBUG org.asynchttpclient.netty.request.NettyRequestSender - Using open Channel [id: 0x536e744d, L:/127.0.0.1:61978 - R:localhost/127.0.0.1:31786] for GET '/session/718d3113ec5f0b2a4148c49fd9d7644d/url'
18:56:29.763 [AsyncHttpClient-1-1] DEBUG org.asynchttpclient.netty.channel.DefaultChannelPool - Entry count for : http://localhost:61980 : 1
18:56:29.763 [AsyncHttpClient-1-2] DEBUG org.asynchttpclient.netty.handler.HttpHandler - 

Request DefaultFullHttpRequest(decodeResult: success, version: HTTP/1.1, content: EmptyByteBufBE)
GET /session/718d3113ec5f0b2a4148c49fd9d7644d/url HTTP/1.1
User-Agent: selenium/4.8.1 (java windows)
Cache-Control: no-cache
Content-Type: application/json; charset=utf-8
host: localhost:31786
accept: */*

Response DefaultHttpResponse(decodeResult: success, version: HTTP/1.1)
HTTP/1.1 200 OK
Content-Length: 45
Content-Type: application/json; charset=utf-8
cache-control: no-cache

18:56:29.763 [AsyncHttpClient-1-2] DEBUG org.asynchttpclient.netty.channel.ChannelManager - Adding key: http://localhost:31786 for channel [id: 0x536e744d, L:/127.0.0.1:61978 - R:localhost/127.0.0.1:31786]
18:56:29.777 [Forwarding getAlertText on session 718d3113ec5f0b2a4148c49fd9d7644d to remote] DEBUG org.asynchttpclient.netty.request.NettyRequestSender - Using pooled Channel '[id: 0x536e744d, L:/127.0.0.1:61978 - R:localhost/127.0.0.1:31786]' for 'GET' to 'http://localhost:31786/session/718d3113ec5f0b2a4148c49fd9d7644d/alert/text'
18:56:29.777 [Forwarding getAlertText on session 718d3113ec5f0b2a4148c49fd9d7644d to remote] DEBUG org.asynchttpclient.netty.request.NettyRequestSender - Using open Channel [id: 0x536e744d, L:/127.0.0.1:61978 - R:localhost/127.0.0.1:31786] for GET '/session/718d3113ec5f0b2a4148c49fd9d7644d/alert/text'
18:56:29.780 [AsyncHttpClient-1-2] DEBUG org.asynchttpclient.netty.handler.HttpHandler - 

Request DefaultFullHttpRequest(decodeResult: success, version: HTTP/1.1, content: EmptyByteBufBE)
GET /session/718d3113ec5f0b2a4148c49fd9d7644d/alert/text HTTP/1.1
User-Agent: selenium/4.8.1 (java windows)
Cache-Control: no-cache
Content-Type: application/json; charset=utf-8
host: localhost:31786
accept: */*

Response DefaultHttpResponse(decodeResult: success, version: HTTP/1.1)
HTTP/1.1 404 Not Found
Content-Length: 821
Content-Type: application/json; charset=utf-8
cache-control: no-cache

18:56:29.780 [AsyncHttpClient-1-2] DEBUG org.asynchttpclient.netty.channel.ChannelManager - Adding key: http://localhost:31786 for channel [id: 0x536e744d, L:/127.0.0.1:61978 - R:localhost/127.0.0.1:31786]
18:56:29.785 [Forwarding getCurrentUrl on session 718d3113ec5f0b2a4148c49fd9d7644d to remote] DEBUG org.asynchttpclient.netty.request.NettyRequestSender - Using pooled Channel '[id: 0x536e744d, L:/127.0.0.1:61978 - R:localhost/127.0.0.1:31786]' for 'GET' to 'http://localhost:31786/session/718d3113ec5f0b2a4148c49fd9d7644d/url'
18:56:29.785 [Forwarding getCurrentUrl on session 718d3113ec5f0b2a4148c49fd9d7644d to remote] DEBUG org.asynchttpclient.netty.request.NettyRequestSender - Using open Channel [id: 0x536e744d, L:/127.0.0.1:61978 - R:localhost/127.0.0.1:31786] for GET '/session/718d3113ec5f0b2a4148c49fd9d7644d/url'
18:56:29.797 [AsyncHttpClient-1-2] DEBUG org.asynchttpclient.netty.handler.HttpHandler - 

Request DefaultFullHttpRequest(decodeResult: success, version: HTTP/1.1, content: EmptyByteBufBE)
GET /session/718d3113ec5f0b2a4148c49fd9d7644d/url HTTP/1.1
User-Agent: selenium/4.8.1 (java windows)
Cache-Control: no-cache
Content-Type: application/json; charset=utf-8
host: localhost:31786
accept: */*

Response DefaultHttpResponse(decodeResult: success, version: HTTP/1.1)
HTTP/1.1 200 OK
Content-Length: 45
Content-Type: application/json; charset=utf-8
cache-control: no-cache

18:56:29.798 [AsyncHttpClient-1-2] DEBUG org.asynchttpclient.netty.channel.ChannelManager - Adding key: http://localhost:31786 for channel [id: 0x536e744d, L:/127.0.0.1:61978 - R:localhost/127.0.0.1:31786]
18:56:29.801 [Forwarding screenshot on session 718d3113ec5f0b2a4148c49fd9d7644d to remote] DEBUG org.asynchttpclient.netty.request.NettyRequestSender - Using pooled Channel '[id: 0x536e744d, L:/127.0.0.1:61978 - R:localhost/127.0.0.1:31786]' for 'GET' to 'http://localhost:31786/session/718d3113ec5f0b2a4148c49fd9d7644d/screenshot'
18:56:29.801 [Forwarding screenshot on session 718d3113ec5f0b2a4148c49fd9d7644d to remote] DEBUG org.asynchttpclient.netty.request.NettyRequestSender - Using open Channel [id: 0x536e744d, L:/127.0.0.1:61978 - R:localhost/127.0.0.1:31786] for GET '/session/718d3113ec5f0b2a4148c49fd9d7644d/screenshot'
18:56:29.904 [AsyncHttpClient-1-2] DEBUG org.asynchttpclient.netty.handler.HttpHandler - 

Request DefaultFullHttpRequest(decodeResult: success, version: HTTP/1.1, content: EmptyByteBufBE)
GET /session/718d3113ec5f0b2a4148c49fd9d7644d/screenshot HTTP/1.1
User-Agent: selenium/4.8.1 (java windows)
Cache-Control: no-cache
Content-Type: application/json; charset=utf-8
host: localhost:31786
accept: */*

Response DefaultHttpResponse(decodeResult: success, version: HTTP/1.1)
HTTP/1.1 200 OK
Content-Length: 35188
Content-Type: application/json; charset=utf-8
cache-control: no-cache

18:56:29.905 [AsyncHttpClient-1-2] DEBUG org.asynchttpclient.netty.channel.ChannelManager - Adding key: http://localhost:31786 for channel [id: 0x536e744d, L:/127.0.0.1:61978 - R:localhost/127.0.0.1:31786]
18:56:29.908 [main] DEBUG net.serenitybdd.core.photography.Darkroom - Send negative for processing for target\site\serenity\e1a043f79cde61fd83c796824eb14028e2e774bcf48939784252612fe1cf5b50.png
18:56:29.910 [Forwarding getPageSource on session 718d3113ec5f0b2a4148c49fd9d7644d to remote] DEBUG org.asynchttpclient.netty.request.NettyRequestSender - Using pooled Channel '[id: 0x536e744d, L:/127.0.0.1:61978 - R:localhost/127.0.0.1:31786]' for 'POST' to 'http://localhost:31786/session/718d3113ec5f0b2a4148c49fd9d7644d/execute/sync'
18:56:29.910 [Forwarding getPageSource on session 718d3113ec5f0b2a4148c49fd9d7644d to remote] DEBUG org.asynchttpclient.netty.request.NettyRequestSender - Using open Channel [id: 0x536e744d, L:/127.0.0.1:61978 - R:localhost/127.0.0.1:31786] for POST '/session/718d3113ec5f0b2a4148c49fd9d7644d/execute/sync'
18:56:29.917 [AsyncHttpClient-1-2] DEBUG org.asynchttpclient.netty.handler.HttpHandler - 

Request DefaultHttpRequest(decodeResult: success, version: HTTP/1.1)
POST /session/718d3113ec5f0b2a4148c49fd9d7644d/execute/sync HTTP/1.1
User-Agent: selenium/4.8.1 (java windows)
Content-Length: 176
Content-Type: application/json; charset=utf-8
host: localhost:31786
accept: */*

Response DefaultHttpResponse(decodeResult: success, version: HTTP/1.1)
HTTP/1.1 200 OK
Content-Length: 9538
Content-Type: application/json; charset=utf-8
cache-control: no-cache

18:56:29.917 [AsyncHttpClient-1-2] DEBUG org.asynchttpclient.netty.channel.ChannelManager - Adding key: http://localhost:31786 for channel [id: 0x536e744d, L:/127.0.0.1:61978 - R:localhost/127.0.0.1:31786]
18:56:29.924 [Forwarding getCurrentUrl on session 718d3113ec5f0b2a4148c49fd9d7644d to remote] DEBUG org.asynchttpclient.netty.request.NettyRequestSender - Using pooled Channel '[id: 0x536e744d, L:/127.0.0.1:61978 - R:localhost/127.0.0.1:31786]' for 'GET' to 'http://localhost:31786/session/718d3113ec5f0b2a4148c49fd9d7644d/url'
18:56:29.924 [Forwarding getCurrentUrl on session 718d3113ec5f0b2a4148c49fd9d7644d to remote] DEBUG org.asynchttpclient.netty.request.NettyRequestSender - Using open Channel [id: 0x536e744d, L:/127.0.0.1:61978 - R:localhost/127.0.0.1:31786] for GET '/session/718d3113ec5f0b2a4148c49fd9d7644d/url'
18:56:29.928 [AsyncHttpClient-1-2] DEBUG org.asynchttpclient.netty.handler.HttpHandler - 

Request DefaultFullHttpRequest(decodeResult: success, version: HTTP/1.1, content: EmptyByteBufBE)
GET /session/718d3113ec5f0b2a4148c49fd9d7644d/url HTTP/1.1
User-Agent: selenium/4.8.1 (java windows)
Cache-Control: no-cache
Content-Type: application/json; charset=utf-8
host: localhost:31786
accept: */*

Response DefaultHttpResponse(decodeResult: success, version: HTTP/1.1)
HTTP/1.1 200 OK
Content-Length: 45
Content-Type: application/json; charset=utf-8
cache-control: no-cache

18:56:29.928 [AsyncHttpClient-1-2] DEBUG org.asynchttpclient.netty.channel.ChannelManager - Adding key: http://localhost:31786 for channel [id: 0x536e744d, L:/127.0.0.1:61978 - R:localhost/127.0.0.1:31786]
18:56:29.930 [main] DEBUG net.thucydides.core.steps.StepInterceptor - STARTING STEP: LoginSteps.inputEmail - inputEmail
18:56:29.942 [Forwarding findElement on session 718d3113ec5f0b2a4148c49fd9d7644d to remote] DEBUG org.asynchttpclient.netty.request.NettyRequestSender - Using pooled Channel '[id: 0x536e744d, L:/127.0.0.1:61978 - R:localhost/127.0.0.1:31786]' for 'POST' to 'http://localhost:31786/session/718d3113ec5f0b2a4148c49fd9d7644d/element'
18:56:29.943 [Forwarding findElement on session 718d3113ec5f0b2a4148c49fd9d7644d to remote] DEBUG org.asynchttpclient.netty.request.NettyRequestSender - Using open Channel [id: 0x536e744d, L:/127.0.0.1:61978 - R:localhost/127.0.0.1:31786] for POST '/session/718d3113ec5f0b2a4148c49fd9d7644d/element'
18:56:29.954 [AsyncHttpClient-1-2] DEBUG org.asynchttpclient.netty.handler.HttpHandler - 

Request DefaultHttpRequest(decodeResult: success, version: HTTP/1.1)
POST /session/718d3113ec5f0b2a4148c49fd9d7644d/element HTTP/1.1
User-Agent: selenium/4.8.1 (java windows)
Content-Length: 59
Content-Type: application/json; charset=utf-8
host: localhost:31786
accept: */*

Response DefaultHttpResponse(decodeResult: success, version: HTTP/1.1)
HTTP/1.1 200 OK
Content-Length: 94
Content-Type: application/json; charset=utf-8
cache-control: no-cache

18:56:29.954 [AsyncHttpClient-1-2] DEBUG org.asynchttpclient.netty.channel.ChannelManager - Adding key: http://localhost:31786 for channel [id: 0x536e744d, L:/127.0.0.1:61978 - R:localhost/127.0.0.1:31786]
18:56:29.958 [Forwarding clearElement on session 718d3113ec5f0b2a4148c49fd9d7644d to remote] DEBUG org.asynchttpclient.netty.request.NettyRequestSender - Using pooled Channel '[id: 0x536e744d, L:/127.0.0.1:61978 - R:localhost/127.0.0.1:31786]' for 'POST' to 'http://localhost:31786/session/718d3113ec5f0b2a4148c49fd9d7644d/element/572FF2379974B3ECCC3CAA111492F9F7_element_9/clear'
18:56:29.958 [Forwarding clearElement on session 718d3113ec5f0b2a4148c49fd9d7644d to remote] DEBUG org.asynchttpclient.netty.request.NettyRequestSender - Using open Channel [id: 0x536e744d, L:/127.0.0.1:61978 - R:localhost/127.0.0.1:31786] for POST '/session/718d3113ec5f0b2a4148c49fd9d7644d/element/572FF2379974B3ECCC3CAA111492F9F7_element_9/clear'
18:56:29.991 [AsyncHttpClient-1-2] DEBUG org.asynchttpclient.netty.handler.HttpHandler - 

Request DefaultHttpRequest(decodeResult: success, version: HTTP/1.1)
POST /session/718d3113ec5f0b2a4148c49fd9d7644d/element/572FF2379974B3ECCC3CAA111492F9F7_element_9/clear HTTP/1.1
User-Agent: selenium/4.8.1 (java windows)
Content-Length: 56
Content-Type: application/json; charset=utf-8
host: localhost:31786
accept: */*

Response DefaultHttpResponse(decodeResult: success, version: HTTP/1.1)
HTTP/1.1 200 OK
Content-Length: 14
Content-Type: application/json; charset=utf-8
cache-control: no-cache

18:56:29.991 [AsyncHttpClient-1-2] DEBUG org.asynchttpclient.netty.channel.ChannelManager - Adding key: http://localhost:31786 for channel [id: 0x536e744d, L:/127.0.0.1:61978 - R:localhost/127.0.0.1:31786]
18:56:29.995 [Forwarding sendKeysToElement on session 718d3113ec5f0b2a4148c49fd9d7644d to remote] DEBUG org.asynchttpclient.netty.request.NettyRequestSender - Using pooled Channel '[id: 0x536e744d, L:/127.0.0.1:61978 - R:localhost/127.0.0.1:31786]' for 'POST' to 'http://localhost:31786/session/718d3113ec5f0b2a4148c49fd9d7644d/element/572FF2379974B3ECCC3CAA111492F9F7_element_9/value'
18:56:29.995 [Forwarding sendKeysToElement on session 718d3113ec5f0b2a4148c49fd9d7644d to remote] DEBUG org.asynchttpclient.netty.request.NettyRequestSender - Using open Channel [id: 0x536e744d, L:/127.0.0.1:61978 - R:localhost/127.0.0.1:31786] for POST '/session/718d3113ec5f0b2a4148c49fd9d7644d/element/572FF2379974B3ECCC3CAA111492F9F7_element_9/value'
18:56:30.093 [AsyncHttpClient-1-2] DEBUG org.asynchttpclient.netty.handler.HttpHandler - 

Request DefaultHttpRequest(decodeResult: success, version: HTTP/1.1)
POST /session/718d3113ec5f0b2a4148c49fd9d7644d/element/572FF2379974B3ECCC3CAA111492F9F7_element_9/value HTTP/1.1
User-Agent: selenium/4.8.1 (java windows)
Content-Length: 207
Content-Type: application/json; charset=utf-8
host: localhost:31786
accept: */*

Response DefaultHttpResponse(decodeResult: success, version: HTTP/1.1)
HTTP/1.1 200 OK
Content-Length: 14
Content-Type: application/json; charset=utf-8
cache-control: no-cache

18:56:30.093 [AsyncHttpClient-1-2] DEBUG org.asynchttpclient.netty.channel.ChannelManager - Adding key: http://localhost:31786 for channel [id: 0x536e744d, L:/127.0.0.1:61978 - R:localhost/127.0.0.1:31786]
18:56:30.101 [Forwarding getAlertText on session 718d3113ec5f0b2a4148c49fd9d7644d to remote] DEBUG org.asynchttpclient.netty.request.NettyRequestSender - Using pooled Channel '[id: 0x536e744d, L:/127.0.0.1:61978 - R:localhost/127.0.0.1:31786]' for 'GET' to 'http://localhost:31786/session/718d3113ec5f0b2a4148c49fd9d7644d/alert/text'
18:56:30.101 [Forwarding getAlertText on session 718d3113ec5f0b2a4148c49fd9d7644d to remote] DEBUG org.asynchttpclient.netty.request.NettyRequestSender - Using open Channel [id: 0x536e744d, L:/127.0.0.1:61978 - R:localhost/127.0.0.1:31786] for GET '/session/718d3113ec5f0b2a4148c49fd9d7644d/alert/text'
18:56:30.104 [AsyncHttpClient-1-2] DEBUG org.asynchttpclient.netty.handler.HttpHandler - 

Request DefaultFullHttpRequest(decodeResult: success, version: HTTP/1.1, content: EmptyByteBufBE)
GET /session/718d3113ec5f0b2a4148c49fd9d7644d/alert/text HTTP/1.1
User-Agent: selenium/4.8.1 (java windows)
Cache-Control: no-cache
Content-Type: application/json; charset=utf-8
host: localhost:31786
accept: */*

Response DefaultHttpResponse(decodeResult: success, version: HTTP/1.1)
HTTP/1.1 404 Not Found
Content-Length: 821
Content-Type: application/json; charset=utf-8
cache-control: no-cache

18:56:30.106 [AsyncHttpClient-1-2] DEBUG org.asynchttpclient.netty.channel.ChannelManager - Adding key: http://localhost:31786 for channel [id: 0x536e744d, L:/127.0.0.1:61978 - R:localhost/127.0.0.1:31786]
18:56:30.110 [Forwarding getCurrentUrl on session 718d3113ec5f0b2a4148c49fd9d7644d to remote] DEBUG org.asynchttpclient.netty.request.NettyRequestSender - Using pooled Channel '[id: 0x536e744d, L:/127.0.0.1:61978 - R:localhost/127.0.0.1:31786]' for 'GET' to 'http://localhost:31786/session/718d3113ec5f0b2a4148c49fd9d7644d/url'
18:56:30.111 [Forwarding getCurrentUrl on session 718d3113ec5f0b2a4148c49fd9d7644d to remote] DEBUG org.asynchttpclient.netty.request.NettyRequestSender - Using open Channel [id: 0x536e744d, L:/127.0.0.1:61978 - R:localhost/127.0.0.1:31786] for GET '/session/718d3113ec5f0b2a4148c49fd9d7644d/url'
18:56:30.121 [AsyncHttpClient-1-2] DEBUG org.asynchttpclient.netty.handler.HttpHandler - 

Request DefaultFullHttpRequest(decodeResult: success, version: HTTP/1.1, content: EmptyByteBufBE)
GET /session/718d3113ec5f0b2a4148c49fd9d7644d/url HTTP/1.1
User-Agent: selenium/4.8.1 (java windows)
Cache-Control: no-cache
Content-Type: application/json; charset=utf-8
host: localhost:31786
accept: */*

Response DefaultHttpResponse(decodeResult: success, version: HTTP/1.1)
HTTP/1.1 200 OK
Content-Length: 45
Content-Type: application/json; charset=utf-8
cache-control: no-cache

18:56:30.122 [AsyncHttpClient-1-2] DEBUG org.asynchttpclient.netty.channel.ChannelManager - Adding key: http://localhost:31786 for channel [id: 0x536e744d, L:/127.0.0.1:61978 - R:localhost/127.0.0.1:31786]
18:56:30.126 [Forwarding screenshot on session 718d3113ec5f0b2a4148c49fd9d7644d to remote] DEBUG org.asynchttpclient.netty.request.NettyRequestSender - Using pooled Channel '[id: 0x536e744d, L:/127.0.0.1:61978 - R:localhost/127.0.0.1:31786]' for 'GET' to 'http://localhost:31786/session/718d3113ec5f0b2a4148c49fd9d7644d/screenshot'
18:56:30.127 [Forwarding screenshot on session 718d3113ec5f0b2a4148c49fd9d7644d to remote] DEBUG org.asynchttpclient.netty.request.NettyRequestSender - Using open Channel [id: 0x536e744d, L:/127.0.0.1:61978 - R:localhost/127.0.0.1:31786] for GET '/session/718d3113ec5f0b2a4148c49fd9d7644d/screenshot'
18:56:30.245 [AsyncHttpClient-1-2] DEBUG org.asynchttpclient.netty.handler.HttpHandler - 

Request DefaultFullHttpRequest(decodeResult: success, version: HTTP/1.1, content: EmptyByteBufBE)
GET /session/718d3113ec5f0b2a4148c49fd9d7644d/screenshot HTTP/1.1
User-Agent: selenium/4.8.1 (java windows)
Cache-Control: no-cache
Content-Type: application/json; charset=utf-8
host: localhost:31786
accept: */*

Response DefaultHttpResponse(decodeResult: success, version: HTTP/1.1)
HTTP/1.1 200 OK
Content-Length: 39320
Content-Type: application/json; charset=utf-8
cache-control: no-cache

18:56:30.246 [AsyncHttpClient-1-2] DEBUG org.asynchttpclient.netty.channel.ChannelManager - Adding key: http://localhost:31786 for channel [id: 0x536e744d, L:/127.0.0.1:61978 - R:localhost/127.0.0.1:31786]
18:56:30.250 [main] DEBUG net.serenitybdd.core.photography.Darkroom - Send negative for processing for target\site\serenity\0a78271d4cd45ebe50b780dcb158cfe353407df2b7f600becedaa923f5ce3bd7.png
18:56:30.250 [Darkroom Processing Line] DEBUG net.serenitybdd.core.photography.DarkroomProcessingLine - Processing screenshot image in /var/screenshots/screenshot-10242803160789315280
18:56:30.250 [main] DEBUG net.thucydides.core.steps.StepInterceptor - STEP DONE: inputEmail
18:56:30.250 [Darkroom Processing Line] DEBUG net.serenitybdd.core.photography.DarkroomProcessingLine - Saving screenshot to target\site\serenity\0a78271d4cd45ebe50b780dcb158cfe353407df2b7f600becedaa923f5ce3bd7.png
  &amp#27;[32mAnd &amp#27;[0m&amp#27;[32mI type correct email&amp#27;[0m                      &amp#27;[90m# starter.stepdefinitions.LoginSteps.inputEmail()&amp#27;[0m
18:56:30.261 [Forwarding getPageSource on session 718d3113ec5f0b2a4148c49fd9d7644d to remote] DEBUG org.asynchttpclient.netty.request.NettyRequestSender - Using pooled Channel '[id: 0x536e744d, L:/127.0.0.1:61978 - R:localhost/127.0.0.1:31786]' for 'POST' to 'http://localhost:31786/session/718d3113ec5f0b2a4148c49fd9d7644d/execute/sync'
18:56:30.261 [Forwarding getPageSource on session 718d3113ec5f0b2a4148c49fd9d7644d to remote] DEBUG org.asynchttpclient.netty.request.NettyRequestSender - Using open Channel [id: 0x536e744d, L:/127.0.0.1:61978 - R:localhost/127.0.0.1:31786] for POST '/session/718d3113ec5f0b2a4148c49fd9d7644d/execute/sync'
18:56:30.265 [AsyncHttpClient-1-2] DEBUG org.asynchttpclient.netty.handler.HttpHandler - 

Request DefaultHttpRequest(decodeResult: success, version: HTTP/1.1)
POST /session/718d3113ec5f0b2a4148c49fd9d7644d/execute/sync HTTP/1.1
User-Agent: selenium/4.8.1 (java windows)
Content-Length: 176
Content-Type: application/json; charset=utf-8
host: localhost:31786
accept: */*

Response DefaultHttpResponse(decodeResult: success, version: HTTP/1.1)
HTTP/1.1 200 OK
Content-Length: 9550
Content-Type: application/json; charset=utf-8
cache-control: no-cache

18:56:30.265 [AsyncHttpClient-1-2] DEBUG org.asynchttpclient.netty.channel.ChannelManager - Adding key: http://localhost:31786 for channel [id: 0x536e744d, L:/127.0.0.1:61978 - R:localhost/127.0.0.1:31786]
18:56:30.272 [Forwarding getCurrentUrl on session 718d3113ec5f0b2a4148c49fd9d7644d to remote] DEBUG org.asynchttpclient.netty.request.NettyRequestSender - Using pooled Channel '[id: 0x536e744d, L:/127.0.0.1:61978 - R:localhost/127.0.0.1:31786]' for 'GET' to 'http://localhost:31786/session/718d3113ec5f0b2a4148c49fd9d7644d/url'
18:56:30.273 [Forwarding getCurrentUrl on session 718d3113ec5f0b2a4148c49fd9d7644d to remote] DEBUG org.asynchttpclient.netty.request.NettyRequestSender - Using open Channel [id: 0x536e744d, L:/127.0.0.1:61978 - R:localhost/127.0.0.1:31786] for GET '/session/718d3113ec5f0b2a4148c49fd9d7644d/url'
18:56:30.279 [AsyncHttpClient-1-2] DEBUG org.asynchttpclient.netty.handler.HttpHandler - 

Request DefaultFullHttpRequest(decodeResult: success, version: HTTP/1.1, content: EmptyByteBufBE)
GET /session/718d3113ec5f0b2a4148c49fd9d7644d/url HTTP/1.1
User-Agent: selenium/4.8.1 (java windows)
Cache-Control: no-cache
Content-Type: application/json; charset=utf-8
host: localhost:31786
accept: */*

Response DefaultHttpResponse(decodeResult: success, version: HTTP/1.1)
HTTP/1.1 200 OK
Content-Length: 45
Content-Type: application/json; charset=utf-8
cache-control: no-cache

18:56:30.279 [AsyncHttpClient-1-2] DEBUG org.asynchttpclient.netty.channel.ChannelManager - Adding key: http://localhost:31786 for channel [id: 0x536e744d, L:/127.0.0.1:61978 - R:localhost/127.0.0.1:31786]
18:56:30.297 [Forwarding getPageSource on session 718d3113ec5f0b2a4148c49fd9d7644d to remote] DEBUG org.asynchttpclient.netty.request.NettyRequestSender - Using pooled Channel '[id: 0x536e744d, L:/127.0.0.1:61978 - R:localhost/127.0.0.1:31786]' for 'POST' to 'http://localhost:31786/session/718d3113ec5f0b2a4148c49fd9d7644d/execute/sync'
18:56:30.297 [Forwarding getPageSource on session 718d3113ec5f0b2a4148c49fd9d7644d to remote] DEBUG org.asynchttpclient.netty.request.NettyRequestSender - Using open Channel [id: 0x536e744d, L:/127.0.0.1:61978 - R:localhost/127.0.0.1:31786] for POST '/session/718d3113ec5f0b2a4148c49fd9d7644d/execute/sync'
18:56:30.303 [AsyncHttpClient-1-2] DEBUG org.asynchttpclient.netty.handler.HttpHandler - 

Request DefaultHttpRequest(decodeResult: success, version: HTTP/1.1)
POST /session/718d3113ec5f0b2a4148c49fd9d7644d/execute/sync HTTP/1.1
User-Agent: selenium/4.8.1 (java windows)
Content-Length: 176
Content-Type: application/json; charset=utf-8
host: localhost:31786
accept: */*

Response DefaultHttpResponse(decodeResult: success, version: HTTP/1.1)
HTTP/1.1 200 OK
Content-Length: 9550
Content-Type: application/json; charset=utf-8
cache-control: no-cache

18:56:30.303 [AsyncHttpClient-1-2] DEBUG org.asynchttpclient.netty.channel.ChannelManager - Adding key: http://localhost:31786 for channel [id: 0x536e744d, L:/127.0.0.1:61978 - R:localhost/127.0.0.1:31786]
18:56:30.310 [Forwarding getCurrentUrl on session 718d3113ec5f0b2a4148c49fd9d7644d to remote] DEBUG org.asynchttpclient.netty.request.NettyRequestSender - Using pooled Channel '[id: 0x536e744d, L:/127.0.0.1:61978 - R:localhost/127.0.0.1:31786]' for 'GET' to 'http://localhost:31786/session/718d3113ec5f0b2a4148c49fd9d7644d/url'
18:56:30.310 [Forwarding getCurrentUrl on session 718d3113ec5f0b2a4148c49fd9d7644d to remote] DEBUG org.asynchttpclient.netty.request.NettyRequestSender - Using open Channel [id: 0x536e744d, L:/127.0.0.1:61978 - R:localhost/127.0.0.1:31786] for GET '/session/718d3113ec5f0b2a4148c49fd9d7644d/url'
18:56:30.315 [AsyncHttpClient-1-2] DEBUG org.asynchttpclient.netty.handler.HttpHandler - 

Request DefaultFullHttpRequest(decodeResult: success, version: HTTP/1.1, content: EmptyByteBufBE)
GET /session/718d3113ec5f0b2a4148c49fd9d7644d/url HTTP/1.1
User-Agent: selenium/4.8.1 (java windows)
Cache-Control: no-cache
Content-Type: application/json; charset=utf-8
host: localhost:31786
accept: */*

Response DefaultHttpResponse(decodeResult: success, version: HTTP/1.1)
HTTP/1.1 200 OK
Content-Length: 45
Content-Type: application/json; charset=utf-8
cache-control: no-cache

18:56:30.315 [AsyncHttpClient-1-2] DEBUG org.asynchttpclient.netty.channel.ChannelManager - Adding key: http://localhost:31786 for channel [id: 0x536e744d, L:/127.0.0.1:61978 - R:localhost/127.0.0.1:31786]
18:56:30.318 [main] DEBUG net.thucydides.core.steps.StepInterceptor - STARTING STEP: LoginSteps.inputPassword - inputPassword
18:56:30.322 [Forwarding findElement on session 718d3113ec5f0b2a4148c49fd9d7644d to remote] DEBUG org.asynchttpclient.netty.request.NettyRequestSender - Using pooled Channel '[id: 0x536e744d, L:/127.0.0.1:61978 - R:localhost/127.0.0.1:31786]' for 'POST' to 'http://localhost:31786/session/718d3113ec5f0b2a4148c49fd9d7644d/element'
18:56:30.322 [Forwarding findElement on session 718d3113ec5f0b2a4148c49fd9d7644d to remote] DEBUG org.asynchttpclient.netty.request.NettyRequestSender - Using open Channel [id: 0x536e744d, L:/127.0.0.1:61978 - R:localhost/127.0.0.1:31786] for POST '/session/718d3113ec5f0b2a4148c49fd9d7644d/element'
18:56:30.339 [AsyncHttpClient-1-2] DEBUG org.asynchttpclient.netty.handler.HttpHandler - 

Request DefaultHttpRequest(decodeResult: success, version: HTTP/1.1)
POST /session/718d3113ec5f0b2a4148c49fd9d7644d/element HTTP/1.1
User-Agent: selenium/4.8.1 (java windows)
Content-Length: 62
Content-Type: application/json; charset=utf-8
host: localhost:31786
accept: */*

Response DefaultHttpResponse(decodeResult: success, version: HTTP/1.1)
HTTP/1.1 200 OK
Content-Length: 94
Content-Type: application/json; charset=utf-8
cache-control: no-cache

18:56:30.339 [AsyncHttpClient-1-2] DEBUG org.asynchttpclient.netty.channel.ChannelManager - Adding key: http://localhost:31786 for channel [id: 0x536e744d, L:/127.0.0.1:61978 - R:localhost/127.0.0.1:31786]
18:56:30.341 [Forwarding clearElement on session 718d3113ec5f0b2a4148c49fd9d7644d to remote] DEBUG org.asynchttpclient.netty.request.NettyRequestSender - Using pooled Channel '[id: 0x536e744d, L:/127.0.0.1:61978 - R:localhost/127.0.0.1:31786]' for 'POST' to 'http://localhost:31786/session/718d3113ec5f0b2a4148c49fd9d7644d/element/572FF2379974B3ECCC3CAA111492F9F7_element_2/clear'
18:56:30.342 [Forwarding clearElement on session 718d3113ec5f0b2a4148c49fd9d7644d to remote] DEBUG org.asynchttpclient.netty.request.NettyRequestSender - Using open Channel [id: 0x536e744d, L:/127.0.0.1:61978 - R:localhost/127.0.0.1:31786] for POST '/session/718d3113ec5f0b2a4148c49fd9d7644d/element/572FF2379974B3ECCC3CAA111492F9F7_element_2/clear'
18:56:30.373 [AsyncHttpClient-1-2] DEBUG org.asynchttpclient.netty.handler.HttpHandler - 

Request DefaultHttpRequest(decodeResult: success, version: HTTP/1.1)
POST /session/718d3113ec5f0b2a4148c49fd9d7644d/element/572FF2379974B3ECCC3CAA111492F9F7_element_2/clear HTTP/1.1
User-Agent: selenium/4.8.1 (java windows)
Content-Length: 56
Content-Type: application/json; charset=utf-8
host: localhost:31786
accept: */*

Response DefaultHttpResponse(decodeResult: success, version: HTTP/1.1)
HTTP/1.1 200 OK
Content-Length: 14
Content-Type: application/json; charset=utf-8
cache-control: no-cache

18:56:30.373 [AsyncHttpClient-1-2] DEBUG org.asynchttpclient.netty.channel.ChannelManager - Adding key: http://localhost:31786 for channel [id: 0x536e744d, L:/127.0.0.1:61978 - R:localhost/127.0.0.1:31786]
18:56:30.376 [Forwarding sendKeysToElement on session 718d3113ec5f0b2a4148c49fd9d7644d to remote] DEBUG org.asynchttpclient.netty.request.NettyRequestSender - Using pooled Channel '[id: 0x536e744d, L:/127.0.0.1:61978 - R:localhost/127.0.0.1:31786]' for 'POST' to 'http://localhost:31786/session/718d3113ec5f0b2a4148c49fd9d7644d/element/572FF2379974B3ECCC3CAA111492F9F7_element_2/value'
18:56:30.376 [Forwarding sendKeysToElement on session 718d3113ec5f0b2a4148c49fd9d7644d to remote] DEBUG org.asynchttpclient.netty.request.NettyRequestSender - Using open Channel [id: 0x536e744d, L:/127.0.0.1:61978 - R:localhost/127.0.0.1:31786] for POST '/session/718d3113ec5f0b2a4148c49fd9d7644d/element/572FF2379974B3ECCC3CAA111492F9F7_element_2/value'
18:56:30.458 [AsyncHttpClient-1-2] DEBUG org.asynchttpclient.netty.handler.HttpHandler - 

Request DefaultHttpRequest(decodeResult: success, version: HTTP/1.1)
POST /session/718d3113ec5f0b2a4148c49fd9d7644d/element/572FF2379974B3ECCC3CAA111492F9F7_element_2/value HTTP/1.1
User-Agent: selenium/4.8.1 (java windows)
Content-Length: 187
Content-Type: application/json; charset=utf-8
host: localhost:31786
accept: */*

Response DefaultHttpResponse(decodeResult: success, version: HTTP/1.1)
HTTP/1.1 200 OK
Content-Length: 14
Content-Type: application/json; charset=utf-8
cache-control: no-cache

18:56:30.458 [AsyncHttpClient-1-2] DEBUG org.asynchttpclient.netty.channel.ChannelManager - Adding key: http://localhost:31786 for channel [id: 0x536e744d, L:/127.0.0.1:61978 - R:localhost/127.0.0.1:31786]
18:56:30.467 [Forwarding getAlertText on session 718d3113ec5f0b2a4148c49fd9d7644d to remote] DEBUG org.asynchttpclient.netty.request.NettyRequestSender - Using pooled Channel '[id: 0x536e744d, L:/127.0.0.1:61978 - R:localhost/127.0.0.1:31786]' for 'GET' to 'http://localhost:31786/session/718d3113ec5f0b2a4148c49fd9d7644d/alert/text'
18:56:30.467 [Forwarding getAlertText on session 718d3113ec5f0b2a4148c49fd9d7644d to remote] DEBUG org.asynchttpclient.netty.request.NettyRequestSender - Using open Channel [id: 0x536e744d, L:/127.0.0.1:61978 - R:localhost/127.0.0.1:31786] for GET '/session/718d3113ec5f0b2a4148c49fd9d7644d/alert/text'
18:56:30.469 [AsyncHttpClient-1-2] DEBUG org.asynchttpclient.netty.handler.HttpHandler - 

Request DefaultFullHttpRequest(decodeResult: success, version: HTTP/1.1, content: EmptyByteBufBE)
GET /session/718d3113ec5f0b2a4148c49fd9d7644d/alert/text HTTP/1.1
User-Agent: selenium/4.8.1 (java windows)
Cache-Control: no-cache
Content-Type: application/json; charset=utf-8
host: localhost:31786
accept: */*

Response DefaultHttpResponse(decodeResult: success, version: HTTP/1.1)
HTTP/1.1 404 Not Found
Content-Length: 821
Content-Type: application/json; charset=utf-8
cache-control: no-cache

18:56:30.469 [AsyncHttpClient-1-2] DEBUG org.asynchttpclient.netty.channel.ChannelManager - Adding key: http://localhost:31786 for channel [id: 0x536e744d, L:/127.0.0.1:61978 - R:localhost/127.0.0.1:31786]
18:56:30.473 [Forwarding getCurrentUrl on session 718d3113ec5f0b2a4148c49fd9d7644d to remote] DEBUG org.asynchttpclient.netty.request.NettyRequestSender - Using pooled Channel '[id: 0x536e744d, L:/127.0.0.1:61978 - R:localhost/127.0.0.1:31786]' for 'GET' to 'http://localhost:31786/session/718d3113ec5f0b2a4148c49fd9d7644d/url'
18:56:30.473 [Forwarding getCurrentUrl on session 718d3113ec5f0b2a4148c49fd9d7644d to remote] DEBUG org.asynchttpclient.netty.request.NettyRequestSender - Using open Channel [id: 0x536e744d, L:/127.0.0.1:61978 - R:localhost/127.0.0.1:31786] for GET '/session/718d3113ec5f0b2a4148c49fd9d7644d/url'
18:56:30.478 [AsyncHttpClient-1-2] DEBUG org.asynchttpclient.netty.handler.HttpHandler - 

Request DefaultFullHttpRequest(decodeResult: success, version: HTTP/1.1, content: EmptyByteBufBE)
GET /session/718d3113ec5f0b2a4148c49fd9d7644d/url HTTP/1.1
User-Agent: selenium/4.8.1 (java windows)
Cache-Control: no-cache
Content-Type: application/json; charset=utf-8
host: localhost:31786
accept: */*

Response DefaultHttpResponse(decodeResult: success, version: HTTP/1.1)
HTTP/1.1 200 OK
Content-Length: 45
Content-Type: application/json; charset=utf-8
cache-control: no-cache

18:56:30.479 [AsyncHttpClient-1-2] DEBUG org.asynchttpclient.netty.channel.ChannelManager - Adding key: http://localhost:31786 for channel [id: 0x536e744d, L:/127.0.0.1:61978 - R:localhost/127.0.0.1:31786]
18:56:30.480 [Forwarding screenshot on session 718d3113ec5f0b2a4148c49fd9d7644d to remote] DEBUG org.asynchttpclient.netty.request.NettyRequestSender - Using pooled Channel '[id: 0x536e744d, L:/127.0.0.1:61978 - R:localhost/127.0.0.1:31786]' for 'GET' to 'http://localhost:31786/session/718d3113ec5f0b2a4148c49fd9d7644d/screenshot'
18:56:30.480 [Forwarding screenshot on session 718d3113ec5f0b2a4148c49fd9d7644d to remote] DEBUG org.asynchttpclient.netty.request.NettyRequestSender - Using open Channel [id: 0x536e744d, L:/127.0.0.1:61978 - R:localhost/127.0.0.1:31786] for GET '/session/718d3113ec5f0b2a4148c49fd9d7644d/screenshot'
18:56:30.586 [AsyncHttpClient-1-2] DEBUG org.asynchttpclient.netty.handler.HttpHandler - 

Request DefaultFullHttpRequest(decodeResult: success, version: HTTP/1.1, content: EmptyByteBufBE)
GET /session/718d3113ec5f0b2a4148c49fd9d7644d/screenshot HTTP/1.1
User-Agent: selenium/4.8.1 (java windows)
Cache-Control: no-cache
Content-Type: application/json; charset=utf-8
host: localhost:31786
accept: */*

Response DefaultHttpResponse(decodeResult: success, version: HTTP/1.1)
HTTP/1.1 200 OK
Content-Length: 36836
Content-Type: application/json; charset=utf-8
cache-control: no-cache

18:56:30.588 [AsyncHttpClient-1-2] DEBUG org.asynchttpclient.netty.channel.ChannelManager - Adding key: http://localhost:31786 for channel [id: 0x536e744d, L:/127.0.0.1:61978 - R:localhost/127.0.0.1:31786]
18:56:30.592 [main] DEBUG net.serenitybdd.core.photography.Darkroom - Send negative for processing for target\site\serenity\2aa86d31854312c8ab1c6d9551b633df9df65a4d0a000f2ef90d4e167f27fdb2.png
18:56:30.592 [main] DEBUG net.thucydides.core.steps.StepInterceptor - STEP DONE: inputPassword
18:56:30.592 [Darkroom Processing Line] DEBUG net.serenitybdd.core.photography.DarkroomProcessingLine - Processing screenshot image in /var/screenshots/screenshot-3995737608820281770
18:56:30.593 [Darkroom Processing Line] DEBUG net.serenitybdd.core.photography.DarkroomProcessingLine - Saving screenshot to target\site\serenity\2aa86d31854312c8ab1c6d9551b633df9df65a4d0a000f2ef90d4e167f27fdb2.png
  &amp#27;[32mAnd &amp#27;[0m&amp#27;[32mI type correct password&amp#27;[0m                   &amp#27;[90m# starter.stepdefinitions.LoginSteps.inputPassword()&amp#27;[0m
18:56:30.603 [Forwarding getPageSource on session 718d3113ec5f0b2a4148c49fd9d7644d to remote] DEBUG org.asynchttpclient.netty.request.NettyRequestSender - Using pooled Channel '[id: 0x536e744d, L:/127.0.0.1:61978 - R:localhost/127.0.0.1:31786]' for 'POST' to 'http://localhost:31786/session/718d3113ec5f0b2a4148c49fd9d7644d/execute/sync'
18:56:30.603 [Forwarding getPageSource on session 718d3113ec5f0b2a4148c49fd9d7644d to remote] DEBUG org.asynchttpclient.netty.request.NettyRequestSender - Using open Channel [id: 0x536e744d, L:/127.0.0.1:61978 - R:localhost/127.0.0.1:31786] for POST '/session/718d3113ec5f0b2a4148c49fd9d7644d/execute/sync'
18:56:30.611 [AsyncHttpClient-1-2] DEBUG org.asynchttpclient.netty.handler.HttpHandler - 

Request DefaultHttpRequest(decodeResult: success, version: HTTP/1.1)
POST /session/718d3113ec5f0b2a4148c49fd9d7644d/execute/sync HTTP/1.1
User-Agent: selenium/4.8.1 (java windows)
Content-Length: 176
Content-Type: application/json; charset=utf-8
host: localhost:31786
accept: */*

Response DefaultHttpResponse(decodeResult: success, version: HTTP/1.1)
HTTP/1.1 200 OK
Content-Length: 9560
Content-Type: application/json; charset=utf-8
cache-control: no-cache

18:56:30.611 [AsyncHttpClient-1-2] DEBUG org.asynchttpclient.netty.channel.ChannelManager - Adding key: http://localhost:31786 for channel [id: 0x536e744d, L:/127.0.0.1:61978 - R:localhost/127.0.0.1:31786]
18:56:30.616 [Forwarding getCurrentUrl on session 718d3113ec5f0b2a4148c49fd9d7644d to remote] DEBUG org.asynchttpclient.netty.request.NettyRequestSender - Using pooled Channel '[id: 0x536e744d, L:/127.0.0.1:61978 - R:localhost/127.0.0.1:31786]' for 'GET' to 'http://localhost:31786/session/718d3113ec5f0b2a4148c49fd9d7644d/url'
18:56:30.616 [Forwarding getCurrentUrl on session 718d3113ec5f0b2a4148c49fd9d7644d to remote] DEBUG org.asynchttpclient.netty.request.NettyRequestSender - Using open Channel [id: 0x536e744d, L:/127.0.0.1:61978 - R:localhost/127.0.0.1:31786] for GET '/session/718d3113ec5f0b2a4148c49fd9d7644d/url'
18:56:30.622 [AsyncHttpClient-1-2] DEBUG org.asynchttpclient.netty.handler.HttpHandler - 

Request DefaultFullHttpRequest(decodeResult: success, version: HTTP/1.1, content: EmptyByteBufBE)
GET /session/718d3113ec5f0b2a4148c49fd9d7644d/url HTTP/1.1
User-Agent: selenium/4.8.1 (java windows)
Cache-Control: no-cache
Content-Type: application/json; charset=utf-8
host: localhost:31786
accept: */*

Response DefaultHttpResponse(decodeResult: success, version: HTTP/1.1)
HTTP/1.1 200 OK
Content-Length: 45
Content-Type: application/json; charset=utf-8
cache-control: no-cache

18:56:30.622 [AsyncHttpClient-1-2] DEBUG org.asynchttpclient.netty.channel.ChannelManager - Adding key: http://localhost:31786 for channel [id: 0x536e744d, L:/127.0.0.1:61978 - R:localhost/127.0.0.1:31786]
18:56:30.631 [Forwarding getPageSource on session 718d3113ec5f0b2a4148c49fd9d7644d to remote] DEBUG org.asynchttpclient.netty.request.NettyRequestSender - Using pooled Channel '[id: 0x536e744d, L:/127.0.0.1:61978 - R:localhost/127.0.0.1:31786]' for 'POST' to 'http://localhost:31786/session/718d3113ec5f0b2a4148c49fd9d7644d/execute/sync'
18:56:30.631 [Forwarding getPageSource on session 718d3113ec5f0b2a4148c49fd9d7644d to remote] DEBUG org.asynchttpclient.netty.request.NettyRequestSender - Using open Channel [id: 0x536e744d, L:/127.0.0.1:61978 - R:localhost/127.0.0.1:31786] for POST '/session/718d3113ec5f0b2a4148c49fd9d7644d/execute/sync'
18:56:30.636 [AsyncHttpClient-1-2] DEBUG org.asynchttpclient.netty.handler.HttpHandler - 

Request DefaultHttpRequest(decodeResult: success, version: HTTP/1.1)
POST /session/718d3113ec5f0b2a4148c49fd9d7644d/execute/sync HTTP/1.1
User-Agent: selenium/4.8.1 (java windows)
Content-Length: 176
Content-Type: application/json; charset=utf-8
host: localhost:31786
accept: */*

Response DefaultHttpResponse(decodeResult: success, version: HTTP/1.1)
HTTP/1.1 200 OK
Content-Length: 9560
Content-Type: application/json; charset=utf-8
cache-control: no-cache

18:56:30.636 [AsyncHttpClient-1-2] DEBUG org.asynchttpclient.netty.channel.ChannelManager - Adding key: http://localhost:31786 for channel [id: 0x536e744d, L:/127.0.0.1:61978 - R:localhost/127.0.0.1:31786]
18:56:30.641 [Forwarding getCurrentUrl on session 718d3113ec5f0b2a4148c49fd9d7644d to remote] DEBUG org.asynchttpclient.netty.request.NettyRequestSender - Using pooled Channel '[id: 0x536e744d, L:/127.0.0.1:61978 - R:localhost/127.0.0.1:31786]' for 'GET' to 'http://localhost:31786/session/718d3113ec5f0b2a4148c49fd9d7644d/url'
18:56:30.641 [Forwarding getCurrentUrl on session 718d3113ec5f0b2a4148c49fd9d7644d to remote] DEBUG org.asynchttpclient.netty.request.NettyRequestSender - Using open Channel [id: 0x536e744d, L:/127.0.0.1:61978 - R:localhost/127.0.0.1:31786] for GET '/session/718d3113ec5f0b2a4148c49fd9d7644d/url'
18:56:30.648 [AsyncHttpClient-1-2] DEBUG org.asynchttpclient.netty.handler.HttpHandler - 

Request DefaultFullHttpRequest(decodeResult: success, version: HTTP/1.1, content: EmptyByteBufBE)
GET /session/718d3113ec5f0b2a4148c49fd9d7644d/url HTTP/1.1
User-Agent: selenium/4.8.1 (java windows)
Cache-Control: no-cache
Content-Type: application/json; charset=utf-8
host: localhost:31786
accept: */*

Response DefaultHttpResponse(decodeResult: success, version: HTTP/1.1)
HTTP/1.1 200 OK
Content-Length: 45
Content-Type: application/json; charset=utf-8
cache-control: no-cache

18:56:30.648 [AsyncHttpClient-1-2] DEBUG org.asynchttpclient.netty.channel.ChannelManager - Adding key: http://localhost:31786 for channel [id: 0x536e744d, L:/127.0.0.1:61978 - R:localhost/127.0.0.1:31786]
18:56:30.653 [main] DEBUG net.thucydides.core.steps.StepInterceptor - STARTING STEP: LoginSteps.clickLoginButton - clickLoginButton
18:56:30.660 [Forwarding findElement on session 718d3113ec5f0b2a4148c49fd9d7644d to remote] DEBUG org.asynchttpclient.netty.request.NettyRequestSender - Using pooled Channel '[id: 0x536e744d, L:/127.0.0.1:61978 - R:localhost/127.0.0.1:31786]' for 'POST' to 'http://localhost:31786/session/718d3113ec5f0b2a4148c49fd9d7644d/element'
18:56:30.660 [Forwarding findElement on session 718d3113ec5f0b2a4148c49fd9d7644d to remote] DEBUG org.asynchttpclient.netty.request.NettyRequestSender - Using open Channel [id: 0x536e744d, L:/127.0.0.1:61978 - R:localhost/127.0.0.1:31786] for POST '/session/718d3113ec5f0b2a4148c49fd9d7644d/element'
18:56:30.671 [AsyncHttpClient-1-2] DEBUG org.asynchttpclient.netty.handler.HttpHandler - 

Request DefaultHttpRequest(decodeResult: success, version: HTTP/1.1)
POST /session/718d3113ec5f0b2a4148c49fd9d7644d/element HTTP/1.1
User-Agent: selenium/4.8.1 (java windows)
Content-Length: 63
Content-Type: application/json; charset=utf-8
host: localhost:31786
accept: */*

Response DefaultHttpResponse(decodeResult: success, version: HTTP/1.1)
HTTP/1.1 200 OK
Content-Length: 95
Content-Type: application/json; charset=utf-8
cache-control: no-cache

18:56:30.671 [AsyncHttpClient-1-2] DEBUG org.asynchttpclient.netty.channel.ChannelManager - Adding key: http://localhost:31786 for channel [id: 0x536e744d, L:/127.0.0.1:61978 - R:localhost/127.0.0.1:31786]
18:56:30.673 [Forwarding getElementTagName on session 718d3113ec5f0b2a4148c49fd9d7644d to remote] DEBUG org.asynchttpclient.netty.request.NettyRequestSender - Using pooled Channel '[id: 0x536e744d, L:/127.0.0.1:61978 - R:localhost/127.0.0.1:31786]' for 'GET' to 'http://localhost:31786/session/718d3113ec5f0b2a4148c49fd9d7644d/element/572FF2379974B3ECCC3CAA111492F9F7_element_11/name'
18:56:30.673 [Forwarding getElementTagName on session 718d3113ec5f0b2a4148c49fd9d7644d to remote] DEBUG org.asynchttpclient.netty.request.NettyRequestSender - Using open Channel [id: 0x536e744d, L:/127.0.0.1:61978 - R:localhost/127.0.0.1:31786] for GET '/session/718d3113ec5f0b2a4148c49fd9d7644d/element/572FF2379974B3ECCC3CAA111492F9F7_element_11/name'
18:56:30.678 [AsyncHttpClient-1-2] DEBUG org.asynchttpclient.netty.handler.HttpHandler - 

Request DefaultFullHttpRequest(decodeResult: success, version: HTTP/1.1, content: EmptyByteBufBE)
GET /session/718d3113ec5f0b2a4148c49fd9d7644d/element/572FF2379974B3ECCC3CAA111492F9F7_element_11/name HTTP/1.1
User-Agent: selenium/4.8.1 (java windows)
Cache-Control: no-cache
Content-Type: application/json; charset=utf-8
host: localhost:31786
accept: */*

Response DefaultHttpResponse(decodeResult: success, version: HTTP/1.1)
HTTP/1.1 200 OK
Content-Length: 18
Content-Type: application/json; charset=utf-8
cache-control: no-cache

18:56:30.679 [AsyncHttpClient-1-2] DEBUG org.asynchttpclient.netty.channel.ChannelManager - Adding key: http://localhost:31786 for channel [id: 0x536e744d, L:/127.0.0.1:61978 - R:localhost/127.0.0.1:31786]
18:56:30.680 [Forwarding getElementTagName on session 718d3113ec5f0b2a4148c49fd9d7644d to remote] DEBUG org.asynchttpclient.netty.request.NettyRequestSender - Using pooled Channel '[id: 0x536e744d, L:/127.0.0.1:61978 - R:localhost/127.0.0.1:31786]' for 'GET' to 'http://localhost:31786/session/718d3113ec5f0b2a4148c49fd9d7644d/element/572FF2379974B3ECCC3CAA111492F9F7_element_11/name'
18:56:30.680 [Forwarding getElementTagName on session 718d3113ec5f0b2a4148c49fd9d7644d to remote] DEBUG org.asynchttpclient.netty.request.NettyRequestSender - Using open Channel [id: 0x536e744d, L:/127.0.0.1:61978 - R:localhost/127.0.0.1:31786] for GET '/session/718d3113ec5f0b2a4148c49fd9d7644d/element/572FF2379974B3ECCC3CAA111492F9F7_element_11/name'
18:56:30.686 [AsyncHttpClient-1-2] DEBUG org.asynchttpclient.netty.handler.HttpHandler - 

Request DefaultFullHttpRequest(decodeResult: success, version: HTTP/1.1, content: EmptyByteBufBE)
GET /session/718d3113ec5f0b2a4148c49fd9d7644d/element/572FF2379974B3ECCC3CAA111492F9F7_element_11/name HTTP/1.1
User-Agent: selenium/4.8.1 (java windows)
Cache-Control: no-cache
Content-Type: application/json; charset=utf-8
host: localhost:31786
accept: */*

Response DefaultHttpResponse(decodeResult: success, version: HTTP/1.1)
HTTP/1.1 200 OK
Content-Length: 18
Content-Type: application/json; charset=utf-8
cache-control: no-cache

18:56:30.686 [AsyncHttpClient-1-2] DEBUG org.asynchttpclient.netty.channel.ChannelManager - Adding key: http://localhost:31786 for channel [id: 0x536e744d, L:/127.0.0.1:61978 - R:localhost/127.0.0.1:31786]
18:56:30.692 [Forwarding isElementEnabled on session 718d3113ec5f0b2a4148c49fd9d7644d to remote] DEBUG org.asynchttpclient.netty.request.NettyRequestSender - Using pooled Channel '[id: 0x536e744d, L:/127.0.0.1:61978 - R:localhost/127.0.0.1:31786]' for 'GET' to 'http://localhost:31786/session/718d3113ec5f0b2a4148c49fd9d7644d/element/572FF2379974B3ECCC3CAA111492F9F7_element_11/enabled'
18:56:30.692 [Forwarding isElementEnabled on session 718d3113ec5f0b2a4148c49fd9d7644d to remote] DEBUG org.asynchttpclient.netty.request.NettyRequestSender - Using open Channel [id: 0x536e744d, L:/127.0.0.1:61978 - R:localhost/127.0.0.1:31786] for GET '/session/718d3113ec5f0b2a4148c49fd9d7644d/element/572FF2379974B3ECCC3CAA111492F9F7_element_11/enabled'
18:56:30.698 [AsyncHttpClient-1-2] DEBUG org.asynchttpclient.netty.handler.HttpHandler - 

Request DefaultFullHttpRequest(decodeResult: success, version: HTTP/1.1, content: EmptyByteBufBE)
GET /session/718d3113ec5f0b2a4148c49fd9d7644d/element/572FF2379974B3ECCC3CAA111492F9F7_element_11/enabled HTTP/1.1
User-Agent: selenium/4.8.1 (java windows)
Cache-Control: no-cache
Content-Type: application/json; charset=utf-8
host: localhost:31786
accept: */*

Response DefaultHttpResponse(decodeResult: success, version: HTTP/1.1)
HTTP/1.1 200 OK
Content-Length: 14
Content-Type: application/json; charset=utf-8
cache-control: no-cache

18:56:30.698 [AsyncHttpClient-1-2] DEBUG org.asynchttpclient.netty.channel.ChannelManager - Adding key: http://localhost:31786 for channel [id: 0x536e744d, L:/127.0.0.1:61978 - R:localhost/127.0.0.1:31786]
18:56:30.699 [Forwarding isElementEnabled on session 718d3113ec5f0b2a4148c49fd9d7644d to remote] DEBUG org.asynchttpclient.netty.request.NettyRequestSender - Using pooled Channel '[id: 0x536e744d, L:/127.0.0.1:61978 - R:localhost/127.0.0.1:31786]' for 'GET' to 'http://localhost:31786/session/718d3113ec5f0b2a4148c49fd9d7644d/element/572FF2379974B3ECCC3CAA111492F9F7_element_11/enabled'
18:56:30.699 [Forwarding isElementEnabled on session 718d3113ec5f0b2a4148c49fd9d7644d to remote] DEBUG org.asynchttpclient.netty.request.NettyRequestSender - Using open Channel [id: 0x536e744d, L:/127.0.0.1:61978 - R:localhost/127.0.0.1:31786] for GET '/session/718d3113ec5f0b2a4148c49fd9d7644d/element/572FF2379974B3ECCC3CAA111492F9F7_element_11/enabled'
18:56:30.706 [AsyncHttpClient-1-2] DEBUG org.asynchttpclient.netty.handler.HttpHandler - 

Request DefaultFullHttpRequest(decodeResult: success, version: HTTP/1.1, content: EmptyByteBufBE)
GET /session/718d3113ec5f0b2a4148c49fd9d7644d/element/572FF2379974B3ECCC3CAA111492F9F7_element_11/enabled HTTP/1.1
User-Agent: selenium/4.8.1 (java windows)
Cache-Control: no-cache
Content-Type: application/json; charset=utf-8
host: localhost:31786
accept: */*

Response DefaultHttpResponse(decodeResult: success, version: HTTP/1.1)
HTTP/1.1 200 OK
Content-Length: 14
Content-Type: application/json; charset=utf-8
cache-control: no-cache

18:56:30.706 [AsyncHttpClient-1-2] DEBUG org.asynchttpclient.netty.channel.ChannelManager - Adding key: http://localhost:31786 for channel [id: 0x536e744d, L:/127.0.0.1:61978 - R:localhost/127.0.0.1:31786]
18:56:30.708 [Forwarding findElement on session 718d3113ec5f0b2a4148c49fd9d7644d to remote] DEBUG org.asynchttpclient.netty.request.NettyRequestSender - Using pooled Channel '[id: 0x536e744d, L:/127.0.0.1:61978 - R:localhost/127.0.0.1:31786]' for 'POST' to 'http://localhost:31786/session/718d3113ec5f0b2a4148c49fd9d7644d/element'
18:56:30.708 [Forwarding findElement on session 718d3113ec5f0b2a4148c49fd9d7644d to remote] DEBUG org.asynchttpclient.netty.request.NettyRequestSender - Using open Channel [id: 0x536e744d, L:/127.0.0.1:61978 - R:localhost/127.0.0.1:31786] for POST '/session/718d3113ec5f0b2a4148c49fd9d7644d/element'
18:56:30.716 [AsyncHttpClient-1-2] DEBUG org.asynchttpclient.netty.handler.HttpHandler - 

Request DefaultHttpRequest(decodeResult: success, version: HTTP/1.1)
POST /session/718d3113ec5f0b2a4148c49fd9d7644d/element HTTP/1.1
User-Agent: selenium/4.8.1 (java windows)
Content-Length: 63
Content-Type: application/json; charset=utf-8
host: localhost:31786
accept: */*

Response DefaultHttpResponse(decodeResult: success, version: HTTP/1.1)
HTTP/1.1 200 OK
Content-Length: 95
Content-Type: application/json; charset=utf-8
cache-control: no-cache

18:56:30.717 [AsyncHttpClient-1-2] DEBUG org.asynchttpclient.netty.channel.ChannelManager - Adding key: http://localhost:31786 for channel [id: 0x536e744d, L:/127.0.0.1:61978 - R:localhost/127.0.0.1:31786]
18:56:30.718 [Forwarding clickElement on session 718d3113ec5f0b2a4148c49fd9d7644d to remote] DEBUG org.asynchttpclient.netty.request.NettyRequestSender - Using pooled Channel '[id: 0x536e744d, L:/127.0.0.1:61978 - R:localhost/127.0.0.1:31786]' for 'POST' to 'http://localhost:31786/session/718d3113ec5f0b2a4148c49fd9d7644d/element/572FF2379974B3ECCC3CAA111492F9F7_element_11/click'
18:56:30.718 [Forwarding clickElement on session 718d3113ec5f0b2a4148c49fd9d7644d to remote] DEBUG org.asynchttpclient.netty.request.NettyRequestSender - Using open Channel [id: 0x536e744d, L:/127.0.0.1:61978 - R:localhost/127.0.0.1:31786] for POST '/session/718d3113ec5f0b2a4148c49fd9d7644d/element/572FF2379974B3ECCC3CAA111492F9F7_element_11/click'
18:56:30.764 [AsyncHttpClient-1-2] DEBUG org.asynchttpclient.netty.handler.HttpHandler - 

Request DefaultHttpRequest(decodeResult: success, version: HTTP/1.1)
POST /session/718d3113ec5f0b2a4148c49fd9d7644d/element/572FF2379974B3ECCC3CAA111492F9F7_element_11/click HTTP/1.1
User-Agent: selenium/4.8.1 (java windows)
Content-Length: 57
Content-Type: application/json; charset=utf-8
host: localhost:31786
accept: */*

Response DefaultHttpResponse(decodeResult: success, version: HTTP/1.1)
HTTP/1.1 200 OK
Content-Length: 14
Content-Type: application/json; charset=utf-8
cache-control: no-cache

18:56:30.764 [AsyncHttpClient-1-2] DEBUG org.asynchttpclient.netty.channel.ChannelManager - Adding key: http://localhost:31786 for channel [id: 0x536e744d, L:/127.0.0.1:61978 - R:localhost/127.0.0.1:31786]
18:56:30.773 [Forwarding getAlertText on session 718d3113ec5f0b2a4148c49fd9d7644d to remote] DEBUG org.asynchttpclient.netty.request.NettyRequestSender - Using pooled Channel '[id: 0x536e744d, L:/127.0.0.1:61978 - R:localhost/127.0.0.1:31786]' for 'GET' to 'http://localhost:31786/session/718d3113ec5f0b2a4148c49fd9d7644d/alert/text'
18:56:30.773 [Forwarding getAlertText on session 718d3113ec5f0b2a4148c49fd9d7644d to remote] DEBUG org.asynchttpclient.netty.request.NettyRequestSender - Using open Channel [id: 0x536e744d, L:/127.0.0.1:61978 - R:localhost/127.0.0.1:31786] for GET '/session/718d3113ec5f0b2a4148c49fd9d7644d/alert/text'
18:56:30.775 [AsyncHttpClient-1-2] DEBUG org.asynchttpclient.netty.handler.HttpHandler - 

Request DefaultFullHttpRequest(decodeResult: success, version: HTTP/1.1, content: EmptyByteBufBE)
GET /session/718d3113ec5f0b2a4148c49fd9d7644d/alert/text HTTP/1.1
User-Agent: selenium/4.8.1 (java windows)
Cache-Control: no-cache
Content-Type: application/json; charset=utf-8
host: localhost:31786
accept: */*

Response DefaultHttpResponse(decodeResult: success, version: HTTP/1.1)
HTTP/1.1 404 Not Found
Content-Length: 821
Content-Type: application/json; charset=utf-8
cache-control: no-cache

18:56:30.775 [AsyncHttpClient-1-2] DEBUG org.asynchttpclient.netty.channel.ChannelManager - Adding key: http://localhost:31786 for channel [id: 0x536e744d, L:/127.0.0.1:61978 - R:localhost/127.0.0.1:31786]
18:56:30.780 [Forwarding getCurrentUrl on session 718d3113ec5f0b2a4148c49fd9d7644d to remote] DEBUG org.asynchttpclient.netty.request.NettyRequestSender - Using pooled Channel '[id: 0x536e744d, L:/127.0.0.1:61978 - R:localhost/127.0.0.1:31786]' for 'GET' to 'http://localhost:31786/session/718d3113ec5f0b2a4148c49fd9d7644d/url'
18:56:30.780 [Forwarding getCurrentUrl on session 718d3113ec5f0b2a4148c49fd9d7644d to remote] DEBUG org.asynchttpclient.netty.request.NettyRequestSender - Using open Channel [id: 0x536e744d, L:/127.0.0.1:61978 - R:localhost/127.0.0.1:31786] for GET '/session/718d3113ec5f0b2a4148c49fd9d7644d/url'
18:56:30.785 [AsyncHttpClient-1-2] DEBUG org.asynchttpclient.netty.handler.HttpHandler - 

Request DefaultFullHttpRequest(decodeResult: success, version: HTTP/1.1, content: EmptyByteBufBE)
GET /session/718d3113ec5f0b2a4148c49fd9d7644d/url HTTP/1.1
User-Agent: selenium/4.8.1 (java windows)
Cache-Control: no-cache
Content-Type: application/json; charset=utf-8
host: localhost:31786
accept: */*

Response DefaultHttpResponse(decodeResult: success, version: HTTP/1.1)
HTTP/1.1 200 OK
Content-Length: 45
Content-Type: application/json; charset=utf-8
cache-control: no-cache

18:56:30.786 [AsyncHttpClient-1-2] DEBUG org.asynchttpclient.netty.channel.ChannelManager - Adding key: http://localhost:31786 for channel [id: 0x536e744d, L:/127.0.0.1:61978 - R:localhost/127.0.0.1:31786]
18:56:30.786 [Forwarding screenshot on session 718d3113ec5f0b2a4148c49fd9d7644d to remote] DEBUG org.asynchttpclient.netty.request.NettyRequestSender - Using pooled Channel '[id: 0x536e744d, L:/127.0.0.1:61978 - R:localhost/127.0.0.1:31786]' for 'GET' to 'http://localhost:31786/session/718d3113ec5f0b2a4148c49fd9d7644d/screenshot'
18:56:30.788 [Forwarding screenshot on session 718d3113ec5f0b2a4148c49fd9d7644d to remote] DEBUG org.asynchttpclient.netty.request.NettyRequestSender - Using open Channel [id: 0x536e744d, L:/127.0.0.1:61978 - R:localhost/127.0.0.1:31786] for GET '/session/718d3113ec5f0b2a4148c49fd9d7644d/screenshot'
18:56:30.861 [AsyncHttpClient-1-1] DEBUG org.asynchttpclient.netty.channel.DefaultChannelPool - Entry count for : http://localhost:61980 : 1
18:56:30.891 [AsyncHttpClient-1-2] DEBUG org.asynchttpclient.netty.handler.HttpHandler - 

Request DefaultFullHttpRequest(decodeResult: success, version: HTTP/1.1, content: EmptyByteBufBE)
GET /session/718d3113ec5f0b2a4148c49fd9d7644d/screenshot HTTP/1.1
User-Agent: selenium/4.8.1 (java windows)
Cache-Control: no-cache
Content-Type: application/json; charset=utf-8
host: localhost:31786
accept: */*

Response DefaultHttpResponse(decodeResult: success, version: HTTP/1.1)
HTTP/1.1 200 OK
Content-Length: 35192
Content-Type: application/json; charset=utf-8
cache-control: no-cache

18:56:30.891 [AsyncHttpClient-1-2] DEBUG org.asynchttpclient.netty.channel.ChannelManager - Adding key: http://localhost:31786 for channel [id: 0x536e744d, L:/127.0.0.1:61978 - R:localhost/127.0.0.1:31786]
18:56:30.895 [main] DEBUG net.serenitybdd.core.photography.Darkroom - Send negative for processing for target\site\serenity\e867f9d23684302201ecd6fa23f41d731c501b3660cb4f2cd72fd4117d7a7917.png
18:56:30.895 [main] DEBUG net.thucydides.core.steps.StepInterceptor - STEP DONE: clickLoginButton
  &amp#27;[32mWhen &amp#27;[0m&amp#27;[32mI click on the login button&amp#27;[0m              &amp#27;[90m# starter.stepdefinitions.LoginSteps.clickLoginButton()&amp#27;[0m
18:56:30.895 [Darkroom Processing Line] DEBUG net.serenitybdd.core.photography.DarkroomProcessingLine - Processing screenshot image in /var/screenshots/screenshot-2060701221584865259
18:56:30.895 [Darkroom Processing Line] DEBUG net.serenitybdd.core.photography.DarkroomProcessingLine - Saving screenshot to target\site\serenity\e867f9d23684302201ecd6fa23f41d731c501b3660cb4f2cd72fd4117d7a7917.png
18:56:30.904 [Forwarding getPageSource on session 718d3113ec5f0b2a4148c49fd9d7644d to remote] DEBUG org.asynchttpclient.netty.request.NettyRequestSender - Using pooled Channel '[id: 0x536e744d, L:/127.0.0.1:61978 - R:localhost/127.0.0.1:31786]' for 'POST' to 'http://localhost:31786/session/718d3113ec5f0b2a4148c49fd9d7644d/execute/sync'
18:56:30.904 [Forwarding getPageSource on session 718d3113ec5f0b2a4148c49fd9d7644d to remote] DEBUG org.asynchttpclient.netty.request.NettyRequestSender - Using open Channel [id: 0x536e744d, L:/127.0.0.1:61978 - R:localhost/127.0.0.1:31786] for POST '/session/718d3113ec5f0b2a4148c49fd9d7644d/execute/sync'
18:56:30.910 [AsyncHttpClient-1-2] DEBUG org.asynchttpclient.netty.handler.HttpHandler - 

Request DefaultHttpRequest(decodeResult: success, version: HTTP/1.1)
POST /session/718d3113ec5f0b2a4148c49fd9d7644d/execute/sync HTTP/1.1
User-Agent: selenium/4.8.1 (java windows)
Content-Length: 176
Content-Type: application/json; charset=utf-8
host: localhost:31786
accept: */*

Response DefaultHttpResponse(decodeResult: success, version: HTTP/1.1)
HTTP/1.1 200 OK
Content-Length: 9538
Content-Type: application/json; charset=utf-8
cache-control: no-cache

18:56:30.910 [AsyncHttpClient-1-2] DEBUG org.asynchttpclient.netty.channel.ChannelManager - Adding key: http://localhost:31786 for channel [id: 0x536e744d, L:/127.0.0.1:61978 - R:localhost/127.0.0.1:31786]
18:56:30.913 [Forwarding getCurrentUrl on session 718d3113ec5f0b2a4148c49fd9d7644d to remote] DEBUG org.asynchttpclient.netty.request.NettyRequestSender - Using pooled Channel '[id: 0x536e744d, L:/127.0.0.1:61978 - R:localhost/127.0.0.1:31786]' for 'GET' to 'http://localhost:31786/session/718d3113ec5f0b2a4148c49fd9d7644d/url'
18:56:30.914 [Forwarding getCurrentUrl on session 718d3113ec5f0b2a4148c49fd9d7644d to remote] DEBUG org.asynchttpclient.netty.request.NettyRequestSender - Using open Channel [id: 0x536e744d, L:/127.0.0.1:61978 - R:localhost/127.0.0.1:31786] for GET '/session/718d3113ec5f0b2a4148c49fd9d7644d/url'
18:56:30.918 [AsyncHttpClient-1-2] DEBUG org.asynchttpclient.netty.handler.HttpHandler - 

Request DefaultFullHttpRequest(decodeResult: success, version: HTTP/1.1, content: EmptyByteBufBE)
GET /session/718d3113ec5f0b2a4148c49fd9d7644d/url HTTP/1.1
User-Agent: selenium/4.8.1 (java windows)
Cache-Control: no-cache
Content-Type: application/json; charset=utf-8
host: localhost:31786
accept: */*

Response DefaultHttpResponse(decodeResult: success, version: HTTP/1.1)
HTTP/1.1 200 OK
Content-Length: 45
Content-Type: application/json; charset=utf-8
cache-control: no-cache

18:56:30.918 [AsyncHttpClient-1-2] DEBUG org.asynchttpclient.netty.channel.ChannelManager - Adding key: http://localhost:31786 for channel [id: 0x536e744d, L:/127.0.0.1:61978 - R:localhost/127.0.0.1:31786]
18:56:30.928 [Forwarding getPageSource on session 718d3113ec5f0b2a4148c49fd9d7644d to remote] DEBUG org.asynchttpclient.netty.request.NettyRequestSender - Using pooled Channel '[id: 0x536e744d, L:/127.0.0.1:61978 - R:localhost/127.0.0.1:31786]' for 'POST' to 'http://localhost:31786/session/718d3113ec5f0b2a4148c49fd9d7644d/execute/sync'
18:56:30.928 [Forwarding getPageSource on session 718d3113ec5f0b2a4148c49fd9d7644d to remote] DEBUG org.asynchttpclient.netty.request.NettyRequestSender - Using open Channel [id: 0x536e744d, L:/127.0.0.1:61978 - R:localhost/127.0.0.1:31786] for POST '/session/718d3113ec5f0b2a4148c49fd9d7644d/execute/sync'
18:56:30.934 [AsyncHttpClient-1-2] DEBUG org.asynchttpclient.netty.handler.HttpHandler - 

Request DefaultHttpRequest(decodeResult: success, version: HTTP/1.1)
POST /session/718d3113ec5f0b2a4148c49fd9d7644d/execute/sync HTTP/1.1
User-Agent: selenium/4.8.1 (java windows)
Content-Length: 176
Content-Type: application/json; charset=utf-8
host: localhost:31786
accept: */*

Response DefaultHttpResponse(decodeResult: success, version: HTTP/1.1)
HTTP/1.1 200 OK
Content-Length: 9538
Content-Type: application/json; charset=utf-8
cache-control: no-cache

18:56:30.934 [AsyncHttpClient-1-2] DEBUG org.asynchttpclient.netty.channel.ChannelManager - Adding key: http://localhost:31786 for channel [id: 0x536e744d, L:/127.0.0.1:61978 - R:localhost/127.0.0.1:31786]
18:56:30.938 [Forwarding getCurrentUrl on session 718d3113ec5f0b2a4148c49fd9d7644d to remote] DEBUG org.asynchttpclient.netty.request.NettyRequestSender - Using pooled Channel '[id: 0x536e744d, L:/127.0.0.1:61978 - R:localhost/127.0.0.1:31786]' for 'GET' to 'http://localhost:31786/session/718d3113ec5f0b2a4148c49fd9d7644d/url'
18:56:30.938 [Forwarding getCurrentUrl on session 718d3113ec5f0b2a4148c49fd9d7644d to remote] DEBUG org.asynchttpclient.netty.request.NettyRequestSender - Using open Channel [id: 0x536e744d, L:/127.0.0.1:61978 - R:localhost/127.0.0.1:31786] for GET '/session/718d3113ec5f0b2a4148c49fd9d7644d/url'
18:56:30.943 [AsyncHttpClient-1-2] DEBUG org.asynchttpclient.netty.handler.HttpHandler - 

Request DefaultFullHttpRequest(decodeResult: success, version: HTTP/1.1, content: EmptyByteBufBE)
GET /session/718d3113ec5f0b2a4148c49fd9d7644d/url HTTP/1.1
User-Agent: selenium/4.8.1 (java windows)
Cache-Control: no-cache
Content-Type: application/json; charset=utf-8
host: localhost:31786
accept: */*

Response DefaultHttpResponse(decodeResult: success, version: HTTP/1.1)
HTTP/1.1 200 OK
Content-Length: 45
Content-Type: application/json; charset=utf-8
cache-control: no-cache

18:56:30.943 [AsyncHttpClient-1-2] DEBUG org.asynchttpclient.netty.channel.ChannelManager - Adding key: http://localhost:31786 for channel [id: 0x536e744d, L:/127.0.0.1:61978 - R:localhost/127.0.0.1:31786]
18:56:30.945 [main] DEBUG net.thucydides.core.steps.StepInterceptor - STARTING STEP: LoginSteps.validateOnHomePage - validateOnDashboard
18:56:30.948 [Forwarding findElement on session 718d3113ec5f0b2a4148c49fd9d7644d to remote] DEBUG org.asynchttpclient.netty.request.NettyRequestSender - Using pooled Channel '[id: 0x536e744d, L:/127.0.0.1:61978 - R:localhost/127.0.0.1:31786]' for 'POST' to 'http://localhost:31786/session/718d3113ec5f0b2a4148c49fd9d7644d/element'
18:56:30.948 [Forwarding findElement on session 718d3113ec5f0b2a4148c49fd9d7644d to remote] DEBUG org.asynchttpclient.netty.request.NettyRequestSender - Using open Channel [id: 0x536e744d, L:/127.0.0.1:61978 - R:localhost/127.0.0.1:31786] for POST '/session/718d3113ec5f0b2a4148c49fd9d7644d/element'
18:56:31.971 [AsyncHttpClient-1-1] DEBUG org.asynchttpclient.netty.channel.DefaultChannelPool - Entry count for : http://localhost:61980 : 1
18:56:33.076 [AsyncHttpClient-1-1] DEBUG org.asynchttpclient.netty.channel.DefaultChannelPool - Entry count for : http://localhost:61980 : 1
18:56:33.173 [AsyncHttpClient-1-2] DEBUG org.asynchttpclient.netty.handler.HttpHandler - 

Request DefaultHttpRequest(decodeResult: success, version: HTTP/1.1)
POST /session/718d3113ec5f0b2a4148c49fd9d7644d/element HTTP/1.1
User-Agent: selenium/4.8.1 (java windows)
Content-Length: 51
Content-Type: application/json; charset=utf-8
host: localhost:31786
accept: */*

Response DefaultHttpResponse(decodeResult: success, version: HTTP/1.1)
HTTP/1.1 200 OK
Content-Length: 95
Content-Type: application/json; charset=utf-8
cache-control: no-cache

18:56:33.174 [AsyncHttpClient-1-2] DEBUG org.asynchttpclient.netty.channel.ChannelManager - Adding key: http://localhost:31786 for channel [id: 0x536e744d, L:/127.0.0.1:61978 - R:localhost/127.0.0.1:31786]
18:56:33.186 [Forwarding isElementDisplayed on session 718d3113ec5f0b2a4148c49fd9d7644d to remote] DEBUG org.asynchttpclient.netty.request.NettyRequestSender - Using pooled Channel '[id: 0x536e744d, L:/127.0.0.1:61978 - R:localhost/127.0.0.1:31786]' for 'POST' to 'http://localhost:31786/session/718d3113ec5f0b2a4148c49fd9d7644d/execute/sync'
18:56:33.187 [Forwarding isElementDisplayed on session 718d3113ec5f0b2a4148c49fd9d7644d to remote] DEBUG org.asynchttpclient.netty.request.NettyRequestSender - Using open Channel [id: 0x536e744d, L:/127.0.0.1:61978 - R:localhost/127.0.0.1:31786] for POST '/session/718d3113ec5f0b2a4148c49fd9d7644d/execute/sync'
18:56:33.203 [AsyncHttpClient-1-2] DEBUG org.asynchttpclient.netty.handler.HttpHandler - 

Request DefaultHttpRequest(decodeResult: success, version: HTTP/1.1)
POST /session/718d3113ec5f0b2a4148c49fd9d7644d/execute/sync HTTP/1.1
User-Agent: selenium/4.8.1 (java windows)
Content-Length: 48814
Content-Type: application/json; charset=utf-8
host: localhost:31786
accept: */*

Response DefaultHttpResponse(decodeResult: success, version: HTTP/1.1)
HTTP/1.1 200 OK
Content-Length: 14
Content-Type: application/json; charset=utf-8
cache-control: no-cache

18:56:33.203 [AsyncHttpClient-1-2] DEBUG org.asynchttpclient.netty.channel.ChannelManager - Adding key: http://localhost:31786 for channel [id: 0x536e744d, L:/127.0.0.1:61978 - R:localhost/127.0.0.1:31786]
18:56:33.207 [Forwarding findElement on session 718d3113ec5f0b2a4148c49fd9d7644d to remote] DEBUG org.asynchttpclient.netty.request.NettyRequestSender - Using pooled Channel '[id: 0x536e744d, L:/127.0.0.1:61978 - R:localhost/127.0.0.1:31786]' for 'POST' to 'http://localhost:31786/session/718d3113ec5f0b2a4148c49fd9d7644d/element'
18:56:33.207 [Forwarding findElement on session 718d3113ec5f0b2a4148c49fd9d7644d to remote] DEBUG org.asynchttpclient.netty.request.NettyRequestSender - Using open Channel [id: 0x536e744d, L:/127.0.0.1:61978 - R:localhost/127.0.0.1:31786] for POST '/session/718d3113ec5f0b2a4148c49fd9d7644d/element'
18:56:33.219 [AsyncHttpClient-1-2] DEBUG org.asynchttpclient.netty.handler.HttpHandler - 

Request DefaultHttpRequest(decodeResult: success, version: HTTP/1.1)
POST /session/718d3113ec5f0b2a4148c49fd9d7644d/element HTTP/1.1
User-Agent: selenium/4.8.1 (java windows)
Content-Length: 51
Content-Type: application/json; charset=utf-8
host: localhost:31786
accept: */*

Response DefaultHttpResponse(decodeResult: success, version: HTTP/1.1)
HTTP/1.1 200 OK
Content-Length: 95
Content-Type: application/json; charset=utf-8
cache-control: no-cache

18:56:33.219 [AsyncHttpClient-1-2] DEBUG org.asynchttpclient.netty.channel.ChannelManager - Adding key: http://localhost:31786 for channel [id: 0x536e744d, L:/127.0.0.1:61978 - R:localhost/127.0.0.1:31786]
18:56:33.222 [Forwarding isElementDisplayed on session 718d3113ec5f0b2a4148c49fd9d7644d to remote] DEBUG org.asynchttpclient.netty.request.NettyRequestSender - Using pooled Channel '[id: 0x536e744d, L:/127.0.0.1:61978 - R:localhost/127.0.0.1:31786]' for 'POST' to 'http://localhost:31786/session/718d3113ec5f0b2a4148c49fd9d7644d/execute/sync'
18:56:33.222 [Forwarding isElementDisplayed on session 718d3113ec5f0b2a4148c49fd9d7644d to remote] DEBUG org.asynchttpclient.netty.request.NettyRequestSender - Using open Channel [id: 0x536e744d, L:/127.0.0.1:61978 - R:localhost/127.0.0.1:31786] for POST '/session/718d3113ec5f0b2a4148c49fd9d7644d/execute/sync'
18:56:33.238 [AsyncHttpClient-1-2] DEBUG org.asynchttpclient.netty.handler.HttpHandler - 

Request DefaultHttpRequest(decodeResult: success, version: HTTP/1.1)
POST /session/718d3113ec5f0b2a4148c49fd9d7644d/execute/sync HTTP/1.1
User-Agent: selenium/4.8.1 (java windows)
Content-Length: 48814
Content-Type: application/json; charset=utf-8
host: localhost:31786
accept: */*

Response DefaultHttpResponse(decodeResult: success, version: HTTP/1.1)
HTTP/1.1 200 OK
Content-Length: 14
Content-Type: application/json; charset=utf-8
cache-control: no-cache

18:56:33.239 [AsyncHttpClient-1-2] DEBUG org.asynchttpclient.netty.channel.ChannelManager - Adding key: http://localhost:31786 for channel [id: 0x536e744d, L:/127.0.0.1:61978 - R:localhost/127.0.0.1:31786]
18:56:33.243 [Forwarding getAlertText on session 718d3113ec5f0b2a4148c49fd9d7644d to remote] DEBUG org.asynchttpclient.netty.request.NettyRequestSender - Using pooled Channel '[id: 0x536e744d, L:/127.0.0.1:61978 - R:localhost/127.0.0.1:31786]' for 'GET' to 'http://localhost:31786/session/718d3113ec5f0b2a4148c49fd9d7644d/alert/text'
18:56:33.243 [Forwarding getAlertText on session 718d3113ec5f0b2a4148c49fd9d7644d to remote] DEBUG org.asynchttpclient.netty.request.NettyRequestSender - Using open Channel [id: 0x536e744d, L:/127.0.0.1:61978 - R:localhost/127.0.0.1:31786] for GET '/session/718d3113ec5f0b2a4148c49fd9d7644d/alert/text'
18:56:33.245 [AsyncHttpClient-1-2] DEBUG org.asynchttpclient.netty.handler.HttpHandler - 

Request DefaultFullHttpRequest(decodeResult: success, version: HTTP/1.1, content: EmptyByteBufBE)
GET /session/718d3113ec5f0b2a4148c49fd9d7644d/alert/text HTTP/1.1
User-Agent: selenium/4.8.1 (java windows)
Cache-Control: no-cache
Content-Type: application/json; charset=utf-8
host: localhost:31786
accept: */*

Response DefaultHttpResponse(decodeResult: success, version: HTTP/1.1)
HTTP/1.1 404 Not Found
Content-Length: 821
Content-Type: application/json; charset=utf-8
cache-control: no-cache

18:56:33.245 [AsyncHttpClient-1-2] DEBUG org.asynchttpclient.netty.channel.ChannelManager - Adding key: http://localhost:31786 for channel [id: 0x536e744d, L:/127.0.0.1:61978 - R:localhost/127.0.0.1:31786]
18:56:33.247 [Forwarding getCurrentUrl on session 718d3113ec5f0b2a4148c49fd9d7644d to remote] DEBUG org.asynchttpclient.netty.request.NettyRequestSender - Using pooled Channel '[id: 0x536e744d, L:/127.0.0.1:61978 - R:localhost/127.0.0.1:31786]' for 'GET' to 'http://localhost:31786/session/718d3113ec5f0b2a4148c49fd9d7644d/url'
18:56:33.247 [Forwarding getCurrentUrl on session 718d3113ec5f0b2a4148c49fd9d7644d to remote] DEBUG org.asynchttpclient.netty.request.NettyRequestSender - Using open Channel [id: 0x536e744d, L:/127.0.0.1:61978 - R:localhost/127.0.0.1:31786] for GET '/session/718d3113ec5f0b2a4148c49fd9d7644d/url'
18:56:33.257 [AsyncHttpClient-1-2] DEBUG org.asynchttpclient.netty.handler.HttpHandler - 

Request DefaultFullHttpRequest(decodeResult: success, version: HTTP/1.1, content: EmptyByteBufBE)
GET /session/718d3113ec5f0b2a4148c49fd9d7644d/url HTTP/1.1
User-Agent: selenium/4.8.1 (java windows)
Cache-Control: no-cache
Content-Type: application/json; charset=utf-8
host: localhost:31786
accept: */*

Response DefaultHttpResponse(decodeResult: success, version: HTTP/1.1)
HTTP/1.1 200 OK
Content-Length: 54
Content-Type: application/json; charset=utf-8
cache-control: no-cache

18:56:33.257 [AsyncHttpClient-1-2] DEBUG org.asynchttpclient.netty.channel.ChannelManager - Adding key: http://localhost:31786 for channel [id: 0x536e744d, L:/127.0.0.1:61978 - R:localhost/127.0.0.1:31786]
18:56:33.259 [Forwarding screenshot on session 718d3113ec5f0b2a4148c49fd9d7644d to remote] DEBUG org.asynchttpclient.netty.request.NettyRequestSender - Using pooled Channel '[id: 0x536e744d, L:/127.0.0.1:61978 - R:localhost/127.0.0.1:31786]' for 'GET' to 'http://localhost:31786/session/718d3113ec5f0b2a4148c49fd9d7644d/screenshot'
18:56:33.259 [Forwarding screenshot on session 718d3113ec5f0b2a4148c49fd9d7644d to remote] DEBUG org.asynchttpclient.netty.request.NettyRequestSender - Using open Channel [id: 0x536e744d, L:/127.0.0.1:61978 - R:localhost/127.0.0.1:31786] for GET '/session/718d3113ec5f0b2a4148c49fd9d7644d/screenshot'
18:56:33.631 [AsyncHttpClient-1-2] DEBUG org.asynchttpclient.netty.handler.HttpHandler - 

Request DefaultFullHttpRequest(decodeResult: success, version: HTTP/1.1, content: EmptyByteBufBE)
GET /session/718d3113ec5f0b2a4148c49fd9d7644d/screenshot HTTP/1.1
User-Agent: selenium/4.8.1 (java windows)
Cache-Control: no-cache
Content-Type: application/json; charset=utf-8
host: localhost:31786
accept: */*

Response DefaultHttpResponse(decodeResult: success, version: HTTP/1.1)
HTTP/1.1 200 OK
Content-Length: 61956
Content-Type: application/json; charset=utf-8
cache-control: no-cache

18:56:33.632 [AsyncHttpClient-1-2] DEBUG org.asynchttpclient.netty.channel.ChannelManager - Adding key: http://localhost:31786 for channel [id: 0x536e744d, L:/127.0.0.1:61978 - R:localhost/127.0.0.1:31786]
18:56:33.637 [main] DEBUG net.serenitybdd.core.photography.Darkroom - Send negative for processing for target\site\serenity\52de4d955cf664a58cdb13158ddbf1f869f53d504c2c99d4ac6596105a1b186d.png
18:56:33.637 [main] DEBUG net.thucydides.core.steps.StepInterceptor - STEP DONE: validateOnDashboard
18:56:33.637 [Darkroom Processing Line] DEBUG net.serenitybdd.core.photography.DarkroomProcessingLine - Processing screenshot image in /var/screenshots/screenshot-6225497094909338900
18:56:33.637 [Darkroom Processing Line] DEBUG net.serenitybdd.core.photography.DarkroomProcessingLine - Saving screenshot to target\site\serenity\52de4d955cf664a58cdb13158ddbf1f869f53d504c2c99d4ac6596105a1b186d.png
  &amp#27;[32mThen &amp#27;[0m&amp#27;[32mI should redirected to sociops dashboard&amp#27;[0m &amp#27;[90m# starter.stepdefinitions.LoginSteps.validateOnHomePage()&amp#27;[0m
18:56:33.645 [main] INFO  - 
  _____   ___   ___   _____     ___     _     ___   ___   ___   ___  
 |_   _| | __| / __| |_   _|   | _ \   /_\   / __| / __| | __| |   \ 
   | |   | _|  \__ \   | |     |  _/  / _ \  \__ \ \__ \ | _|  | |) |
   |_|   |___| |___/   |_|     |_|   /_/ \_\ |___/ |___/ |___| |___/ 

Login with correct credentials
----------------------------------------------------------------------
18:56:33.690 [Driver Command Executor] DEBUG org.asynchttpclient.netty.request.NettyRequestSender - Using pooled Channel '[id: 0x536e744d, L:/127.0.0.1:61978 - R:localhost/127.0.0.1:31786]' for 'DELETE' to 'http://localhost:31786/session/718d3113ec5f0b2a4148c49fd9d7644d'
18:56:33.690 [Driver Command Executor] DEBUG org.asynchttpclient.netty.request.NettyRequestSender - Using open Channel [id: 0x536e744d, L:/127.0.0.1:61978 - R:localhost/127.0.0.1:31786] for DELETE '/session/718d3113ec5f0b2a4148c49fd9d7644d'
18:56:33.752 [AsyncHttpClient-1-4] DEBUG org.asynchttpclient.netty.handler.WebSocketHandler - Unexpected I/O exception on channel [id: 0x407d72b9, L:/127.0.0.1:61987 - R:localhost/127.0.0.1:61980]
java.net.SocketException: Connection reset
	at java.base/sun.nio.ch.SocketChannelImpl.throwConnectionReset(SocketChannelImpl.java:367)
	at java.base/sun.nio.ch.SocketChannelImpl.read(SocketChannelImpl.java:398)
	at io.netty.buffer.PooledByteBuf.setBytes(PooledByteBuf.java:259)
	at io.netty.buffer.AbstractByteBuf.writeBytes(AbstractByteBuf.java:1132)
	at io.netty.channel.socket.nio.NioSocketChannel.doReadBytes(NioSocketChannel.java:357)
	at io.netty.channel.nio.AbstractNioByteChannel$NioByteUnsafe.read(AbstractNioByteChannel.java:151)
	at io.netty.channel.nio.NioEventLoop.processSelectedKey(NioEventLoop.java:788)
	at io.netty.channel.nio.NioEventLoop.processSelectedKeysOptimized(NioEventLoop.java:724)
	at io.netty.channel.nio.NioEventLoop.processSelectedKeys(NioEventLoop.java:650)
	at io.netty.channel.nio.NioEventLoop.run(NioEventLoop.java:562)
	at io.netty.util.concurrent.SingleThreadEventExecutor$4.run(SingleThreadEventExecutor.java:997)
	at io.netty.util.internal.ThreadExecutorMap$2.run(ThreadExecutorMap.java:74)
	at io.netty.util.concurrent.FastThreadLocalRunnable.run(FastThreadLocalRunnable.java:30)
	at java.base/java.lang.Thread.run(Thread.java:832)
18:56:33.752 [AsyncHttpClient-1-3] DEBUG org.asynchttpclient.netty.handler.HttpHandler - Unexpected I/O exception on channel [id: 0x2ed2a5c2, L:/127.0.0.1:61986 - R:localhost/127.0.0.1:61980]
java.net.SocketException: Connection reset
	at java.base/sun.nio.ch.SocketChannelImpl.throwConnectionReset(SocketChannelImpl.java:367)
	at java.base/sun.nio.ch.SocketChannelImpl.read(SocketChannelImpl.java:398)
	at io.netty.buffer.PooledByteBuf.setBytes(PooledByteBuf.java:259)
	at io.netty.buffer.AbstractByteBuf.writeBytes(AbstractByteBuf.java:1132)
	at io.netty.channel.socket.nio.NioSocketChannel.doReadBytes(NioSocketChannel.java:357)
	at io.netty.channel.nio.AbstractNioByteChannel$NioByteUnsafe.read(AbstractNioByteChannel.java:151)
	at io.netty.channel.nio.NioEventLoop.processSelectedKey(NioEventLoop.java:788)
	at io.netty.channel.nio.NioEventLoop.processSelectedKeysOptimized(NioEventLoop.java:724)
	at io.netty.channel.nio.NioEventLoop.processSelectedKeys(NioEventLoop.java:650)
	at io.netty.channel.nio.NioEventLoop.run(NioEventLoop.java:562)
	at io.netty.util.concurrent.SingleThreadEventExecutor$4.run(SingleThreadEventExecutor.java:997)
	at io.netty.util.internal.ThreadExecutorMap$2.run(ThreadExecutorMap.java:74)
	at io.netty.util.concurrent.FastThreadLocalRunnable.run(FastThreadLocalRunnable.java:30)
	at java.base/java.lang.Thread.run(Thread.java:832)
18:56:33.752 [AsyncHttpClient-1-3] DEBUG org.asynchttpclient.netty.channel.ChannelManager - Closing Channel [id: 0x2ed2a5c2, L:/127.0.0.1:61986 - R:localhost/127.0.0.1:61980] 
18:56:33.753 [AsyncHttpClient-1-4] DEBUG org.asynchttpclient.netty.handler.WebSocketHandler - Was unable to recover Future: NettyResponseFuture{currentRetry=0,
	isDone=1,
	isCancelled=0,
	asyncHandler=org.asynchttpclient.ws.WebSocketUpgradeHandler@763dc348,
	nettyRequest=org.asynchttpclient.netty.request.NettyRequest@6cb0d66e,
	future=java.util.concurrent.CompletableFuture@4de7a4e3[Completed normally],
	uri=ws://localhost:61980/devtools/browser/dfb27699-2e57-4fab-9296-a601b78ad24f,
	keepAlive=true,
	redirectCount=0,
	timeoutsHolder=null,
	inAuth=0,
	touch=1687780593752}
18:56:33.753 [AsyncHttpClient-1-4] DEBUG org.asynchttpclient.netty.channel.ChannelManager - Closing Channel [id: 0x407d72b9, L:/127.0.0.1:61987 - R:localhost/127.0.0.1:61980] 
18:56:33.754 [AsyncHttpClient-1-4] WARN org.asynchttpclient.netty.handler.WebSocketHandler - onError
java.net.SocketException: Connection reset
	at java.base/sun.nio.ch.SocketChannelImpl.throwConnectionReset(SocketChannelImpl.java:367)
	at java.base/sun.nio.ch.SocketChannelImpl.read(SocketChannelImpl.java:398)
	at io.netty.buffer.PooledByteBuf.setBytes(PooledByteBuf.java:259)
	at io.netty.buffer.AbstractByteBuf.writeBytes(AbstractByteBuf.java:1132)
	at io.netty.channel.socket.nio.NioSocketChannel.doReadBytes(NioSocketChannel.java:357)
	at io.netty.channel.nio.AbstractNioByteChannel$NioByteUnsafe.read(AbstractNioByteChannel.java:151)
	at io.netty.channel.nio.NioEventLoop.processSelectedKey(NioEventLoop.java:788)
	at io.netty.channel.nio.NioEventLoop.processSelectedKeysOptimized(NioEventLoop.java:724)
	at io.netty.channel.nio.NioEventLoop.processSelectedKeys(NioEventLoop.java:650)
	at io.netty.channel.nio.NioEventLoop.run(NioEventLoop.java:562)
	at io.netty.util.concurrent.SingleThreadEventExecutor$4.run(SingleThreadEventExecutor.java:997)
	at io.netty.util.internal.ThreadExecutorMap$2.run(ThreadExecutorMap.java:74)
	at io.netty.util.concurrent.FastThreadLocalRunnable.run(FastThreadLocalRunnable.java:30)
	at java.base/java.lang.Thread.run(Thread.java:832)
18:56:33.756 [AsyncHttpClient-1-3] DEBUG org.asynchttpclient.netty.handler.HttpHandler - Channel Closed: [id: 0x2ed2a5c2, L:/127.0.0.1:61986 ! R:localhost/127.0.0.1:61980] with attribute DISCARD
18:56:33.756 [AsyncHttpClient-1-4] DEBUG org.asynchttpclient.netty.channel.ChannelManager - Closing Channel [id: 0x407d72b9, L:/127.0.0.1:61987 ! R:localhost/127.0.0.1:61980] 
18:56:33.757 [AsyncHttpClient-1-4] DEBUG org.asynchttpclient.netty.handler.WebSocketHandler - Channel Closed: [id: 0x407d72b9, L:/127.0.0.1:61987 ! R:localhost/127.0.0.1:61980] with attribute DISCARD
18:56:33.769 [AsyncHttpClient-1-2] DEBUG org.asynchttpclient.netty.handler.HttpHandler - 

Request DefaultFullHttpRequest(decodeResult: success, version: HTTP/1.1, content: EmptyByteBufBE)
DELETE /session/718d3113ec5f0b2a4148c49fd9d7644d HTTP/1.1
User-Agent: selenium/4.8.1 (java windows)
Content-Type: application/json; charset=utf-8
host: localhost:31786
accept: */*

Response DefaultHttpResponse(decodeResult: success, version: HTTP/1.1)
HTTP/1.1 200 OK
Content-Length: 14
Content-Type: application/json; charset=utf-8
cache-control: no-cache

18:56:33.770 [AsyncHttpClient-1-2] DEBUG org.asynchttpclient.netty.channel.ChannelManager - Adding key: http://localhost:31786 for channel [id: 0x536e744d, L:/127.0.0.1:61978 - R:localhost/127.0.0.1:31786]
18:56:33.861 [AsyncHttpClient-1-2] DEBUG org.asynchttpclient.netty.handler.HttpHandler - Channel Closed: [id: 0x536e744d, L:/127.0.0.1:61978 ! R:localhost/127.0.0.1:31786] with attribute DISCARD
18:56:34.161 [AsyncHttpClient-1-1] DEBUG org.asynchttpclient.netty.channel.DefaultChannelPool - Entry count for : http://localhost:61980 : 1
18:56:34.161 [AsyncHttpClient-1-1] DEBUG org.asynchttpclient.netty.channel.DefaultChannelPool - Entry count for : http://localhost:31786 : 1
18:56:34.161 [AsyncHttpClient-1-1] DEBUG org.asynchttpclient.netty.channel.DefaultChannelPool - Adding Candidate expired Channel [id: 0x2ed2a5c2, L:/127.0.0.1:61986 ! R:localhost/127.0.0.1:61980] isIdleTimeoutExpired=false isRemotelyClosed=true isTtlExpired=false
18:56:34.161 [AsyncHttpClient-1-1] DEBUG org.asynchttpclient.netty.channel.DefaultChannelPool - Closing Idle Channel [id: 0x2ed2a5c2, L:/127.0.0.1:61986 ! R:localhost/127.0.0.1:61980]
18:56:34.161 [AsyncHttpClient-1-1] DEBUG org.asynchttpclient.netty.channel.DefaultChannelPool - Adding Candidate expired Channel [id: 0x536e744d, L:/127.0.0.1:61978 ! R:localhost/127.0.0.1:31786] isIdleTimeoutExpired=false isRemotelyClosed=true isTtlExpired=false
18:56:34.161 [AsyncHttpClient-1-1] DEBUG org.asynchttpclient.netty.channel.DefaultChannelPool - Closing Idle Channel [id: 0x536e744d, L:/127.0.0.1:61978 ! R:localhost/127.0.0.1:31786]
18:56:34.161 [AsyncHttpClient-1-1] DEBUG org.asynchttpclient.netty.channel.DefaultChannelPool - Closed 2 connections out of 2 in 0 ms
]]></system-out>
    <system-err><![CDATA[Starting ChromeDriver 114.0.5735.16 (7e1ff058633f5b79b1cd7479aca585ba385519d8-refs/branch-heads/5735@{#182}) on port 31786
Only local connections are allowed.
Please see https://chromedriver.chromium.org/security-considerations for suggestions on keeping ChromeDriver safe.
ChromeDriver was started successfully.
Jun 26, 2023 6:56:28 PM org.openqa.selenium.devtools.CdpVersionFinder findNearestMatch
WARNING: Unable to find an exact match for CDP version 114, so returning the closest version found: 110
Jun 26, 2023 6:56:33 PM org.openqa.selenium.remote.http.WebSocket$Listener onError
WARNING: Connection reset
java.net.SocketException: Connection reset
	at java.base/sun.nio.ch.SocketChannelImpl.throwConnectionReset(SocketChannelImpl.java:367)
	at java.base/sun.nio.ch.SocketChannelImpl.read(SocketChannelImpl.java:398)
	at io.netty.buffer.PooledByteBuf.setBytes(PooledByteBuf.java:259)
	at io.netty.buffer.AbstractByteBuf.writeBytes(AbstractByteBuf.java:1132)
	at io.netty.channel.socket.nio.NioSocketChannel.doReadBytes(NioSocketChannel.java:357)
	at io.netty.channel.nio.AbstractNioByteChannel$NioByteUnsafe.read(AbstractNioByteChannel.java:151)
	at io.netty.channel.nio.NioEventLoop.processSelectedKey(NioEventLoop.java:788)
	at io.netty.channel.nio.NioEventLoop.processSelectedKeysOptimized(NioEventLoop.java:724)
	at io.netty.channel.nio.NioEventLoop.processSelectedKeys(NioEventLoop.java:650)
	at io.netty.channel.nio.NioEventLoop.run(NioEventLoop.java:562)
	at io.netty.util.concurrent.SingleThreadEventExecutor$4.run(SingleThreadEventExecutor.java:997)
	at io.netty.util.internal.ThreadExecutorMap$2.run(ThreadExecutorMap.java:74)
	at io.netty.util.concurrent.FastThreadLocalRunnable.run(FastThreadLocalRunnable.java:30)
	at java.base/java.lang.Thread.run(Thread.java:832)

]]></system-err>
  </testcase>
  <testcase name="Login with incorrect password" classname="Login to Sociops Admin Account" time="5.749">
    <system-out><![CDATA[
Scenario: Login with incorrect password          &amp#27;[90m# src/test/resources/features/Login.feature:14&amp#27;[0m
18:56:34.404 [main] DEBUG io.cucumber.core.plugin.SerenityReporter - Running feature from file:///C:/Users/WINDOWS%2010/Documents/GitHub/Capstone/sociops_qe_web/src/test/resources/features/Login.feature
18:56:34.409 [main] INFO  - 
  _____   ___   ___   _____     ___   _____     _     ___   _____   ___   ___  
 |_   _| | __| / __| |_   _|   / __| |_   _|   /_\   | _ \ |_   _| | __| |   \ 
   | |   | _|  \__ \   | |     \__ \   | |    / _ \  |   /   | |   | _|  | |) |
   |_|   |___| |___/   |_|     |___/   |_|   /_/ \_\ |_|_\   |_|   |___| |___/ 

Login with incorrect password(login-to-sociops-admin-account;login-with-incorrect-password)
--------------------------------------------------------------------------------
18:56:34.445 [main] DEBUG net.thucydides.core.steps.StepInterceptor - STARTING STEP: LoginSteps.onTheLoginPage - openPage
18:56:34.499 [main] INFO net.serenitybdd.core.webdriver.driverproviders.ChromeDriverProvider - Starting Chrome driver instance with capabilities:
18:56:34.500 [main] INFO net.serenitybdd.core.webdriver.driverproviders.ChromeDriverProvider - Capabilities {acceptInsecureCerts: false, browserName: chrome, goog:chromeOptions: {args: [remote-allow-origins=*], extensions: []}}
18:56:34.575 [AsyncHttpClient-1-5] DEBUG org.asynchttpclient.netty.channel.NettyConnectListener - Using new Channel '[id: 0xe5fc4d69, L:/127.0.0.1:62003 - R:localhost/127.0.0.1:8455]' for 'POST' to '/session'
18:56:35.182 [AsyncHttpClient-1-5] DEBUG org.asynchttpclient.netty.handler.HttpHandler - 

Request DefaultHttpRequest(decodeResult: success, version: HTTP/1.1)
POST /session HTTP/1.1
User-Agent: selenium/4.8.1 (java windows)
Content-Length: 507
Content-Type: application/json; charset=utf-8
host: localhost:8455
accept: */*

Response DefaultHttpResponse(decodeResult: success, version: HTTP/1.1)
HTTP/1.1 200 OK
Content-Length: 862
Content-Type: application/json; charset=utf-8
cache-control: no-cache

18:56:35.182 [AsyncHttpClient-1-5] DEBUG org.asynchttpclient.netty.channel.ChannelManager - Adding key: http://localhost:8455 for channel [id: 0xe5fc4d69, L:/127.0.0.1:62003 - R:localhost/127.0.0.1:8455]
18:56:35.191 [AsyncHttpClient-1-6] DEBUG org.asynchttpclient.netty.channel.NettyConnectListener - Using new Channel '[id: 0x3476b6c4, L:/127.0.0.1:62010 - R:localhost/127.0.0.1:62004]' for 'GET' to '/json/version'
18:56:35.193 [AsyncHttpClient-1-6] DEBUG org.asynchttpclient.netty.handler.HttpHandler - 

Request DefaultFullHttpRequest(decodeResult: success, version: HTTP/1.1, content: EmptyByteBufBE)
GET /json/version HTTP/1.1
User-Agent: selenium/4.8.1 (java windows)
host: localhost:62004
accept: */*

Response DefaultHttpResponse(decodeResult: success, version: HTTP/1.1)
HTTP/1.1 200 OK
Content-Security-Policy: frame-ancestors 'none'
Content-Length: 424
Content-Type: application/json; charset=UTF-8

18:56:35.193 [AsyncHttpClient-1-6] DEBUG org.asynchttpclient.netty.channel.ChannelManager - Adding key: http://localhost:62004 for channel [id: 0x3476b6c4, L:/127.0.0.1:62010 - R:localhost/127.0.0.1:62004]
18:56:35.196 [AsyncHttpClient-1-7] DEBUG org.asynchttpclient.netty.channel.NettyConnectListener - Using new Channel '[id: 0x75ff8199, L:/127.0.0.1:62011 - R:localhost/127.0.0.1:62004]' for 'GET' to '/devtools/browser/3283778c-253b-4eff-bcdb-87e112359f4b'
18:56:35.199 [AsyncHttpClient-1-7] DEBUG org.asynchttpclient.netty.handler.WebSocketHandler - 

Request DefaultFullHttpRequest(decodeResult: success, version: HTTP/1.1, content: EmptyByteBufBE)
GET /devtools/browser/3283778c-253b-4eff-bcdb-87e112359f4b HTTP/1.1
upgrade: websocket
connection: upgrade
sec-websocket-key: USchuhtlSxbV+iE0HUTyOw==
sec-websocket-version: 13
origin: http://localhost:62004
host: localhost:62004
accept: */*
user-agent: AHC/2.1

Response DefaultHttpResponse(decodeResult: success, version: HTTP/1.1)
HTTP/1.1 101 WebSocket Protocol Handshake
Upgrade: WebSocket
Connection: Upgrade
Sec-WebSocket-Accept: YG0PY3dVjPbY25iiNCyNJ7/HtmI=

18:56:35.207 [Forwarding get on session c8cc4273c06351d6be57e4a8193cbaf4 to remote] DEBUG org.asynchttpclient.netty.request.NettyRequestSender - Using pooled Channel '[id: 0xe5fc4d69, L:/127.0.0.1:62003 - R:localhost/127.0.0.1:8455]' for 'POST' to 'http://localhost:8455/session/c8cc4273c06351d6be57e4a8193cbaf4/url'
18:56:35.208 [Forwarding get on session c8cc4273c06351d6be57e4a8193cbaf4 to remote] DEBUG org.asynchttpclient.netty.request.NettyRequestSender - Using open Channel [id: 0xe5fc4d69, L:/127.0.0.1:62003 - R:localhost/127.0.0.1:8455] for POST '/session/c8cc4273c06351d6be57e4a8193cbaf4/url'
18:56:35.261 [AsyncHttpClient-1-1] DEBUG org.asynchttpclient.netty.channel.DefaultChannelPool - Entry count for : http://localhost:62004 : 1
18:56:36.074 [AsyncHttpClient-1-5] DEBUG org.asynchttpclient.netty.handler.HttpHandler - 

Request DefaultHttpRequest(decodeResult: success, version: HTTP/1.1)
POST /session/c8cc4273c06351d6be57e4a8193cbaf4/url HTTP/1.1
User-Agent: selenium/4.8.1 (java windows)
Content-Length: 63
Content-Type: application/json; charset=utf-8
host: localhost:8455
accept: */*

Response DefaultHttpResponse(decodeResult: success, version: HTTP/1.1)
HTTP/1.1 200 OK
Content-Length: 14
Content-Type: application/json; charset=utf-8
cache-control: no-cache

18:56:36.075 [AsyncHttpClient-1-5] DEBUG org.asynchttpclient.netty.channel.ChannelManager - Adding key: http://localhost:8455 for channel [id: 0xe5fc4d69, L:/127.0.0.1:62003 - R:localhost/127.0.0.1:8455]
18:56:36.076 [Forwarding setTimeout on session c8cc4273c06351d6be57e4a8193cbaf4 to remote] DEBUG org.asynchttpclient.netty.request.NettyRequestSender - Using pooled Channel '[id: 0xe5fc4d69, L:/127.0.0.1:62003 - R:localhost/127.0.0.1:8455]' for 'POST' to 'http://localhost:8455/session/c8cc4273c06351d6be57e4a8193cbaf4/timeouts'
18:56:36.076 [Forwarding setTimeout on session c8cc4273c06351d6be57e4a8193cbaf4 to remote] DEBUG org.asynchttpclient.netty.request.NettyRequestSender - Using open Channel [id: 0xe5fc4d69, L:/127.0.0.1:62003 - R:localhost/127.0.0.1:8455] for POST '/session/c8cc4273c06351d6be57e4a8193cbaf4/timeouts'
18:56:36.077 [AsyncHttpClient-1-5] DEBUG org.asynchttpclient.netty.handler.HttpHandler - 

Request DefaultHttpRequest(decodeResult: success, version: HTTP/1.1)
POST /session/c8cc4273c06351d6be57e4a8193cbaf4/timeouts HTTP/1.1
User-Agent: selenium/4.8.1 (java windows)
Content-Length: 22
Content-Type: application/json; charset=utf-8
host: localhost:8455
accept: */*

Response DefaultHttpResponse(decodeResult: success, version: HTTP/1.1)
HTTP/1.1 200 OK
Content-Length: 14
Content-Type: application/json; charset=utf-8
cache-control: no-cache

18:56:36.077 [AsyncHttpClient-1-5] DEBUG org.asynchttpclient.netty.channel.ChannelManager - Adding key: http://localhost:8455 for channel [id: 0xe5fc4d69, L:/127.0.0.1:62003 - R:localhost/127.0.0.1:8455]
18:56:36.084 [Forwarding getAlertText on session c8cc4273c06351d6be57e4a8193cbaf4 to remote] DEBUG org.asynchttpclient.netty.request.NettyRequestSender - Using pooled Channel '[id: 0xe5fc4d69, L:/127.0.0.1:62003 - R:localhost/127.0.0.1:8455]' for 'GET' to 'http://localhost:8455/session/c8cc4273c06351d6be57e4a8193cbaf4/alert/text'
18:56:36.084 [Forwarding getAlertText on session c8cc4273c06351d6be57e4a8193cbaf4 to remote] DEBUG org.asynchttpclient.netty.request.NettyRequestSender - Using open Channel [id: 0xe5fc4d69, L:/127.0.0.1:62003 - R:localhost/127.0.0.1:8455] for GET '/session/c8cc4273c06351d6be57e4a8193cbaf4/alert/text'
18:56:36.086 [AsyncHttpClient-1-5] DEBUG org.asynchttpclient.netty.handler.HttpHandler - 

Request DefaultFullHttpRequest(decodeResult: success, version: HTTP/1.1, content: EmptyByteBufBE)
GET /session/c8cc4273c06351d6be57e4a8193cbaf4/alert/text HTTP/1.1
User-Agent: selenium/4.8.1 (java windows)
Cache-Control: no-cache
Content-Type: application/json; charset=utf-8
host: localhost:8455
accept: */*

Response DefaultHttpResponse(decodeResult: success, version: HTTP/1.1)
HTTP/1.1 404 Not Found
Content-Length: 821
Content-Type: application/json; charset=utf-8
cache-control: no-cache

18:56:36.086 [AsyncHttpClient-1-5] DEBUG org.asynchttpclient.netty.channel.ChannelManager - Adding key: http://localhost:8455 for channel [id: 0xe5fc4d69, L:/127.0.0.1:62003 - R:localhost/127.0.0.1:8455]
18:56:36.088 [Forwarding getCurrentUrl on session c8cc4273c06351d6be57e4a8193cbaf4 to remote] DEBUG org.asynchttpclient.netty.request.NettyRequestSender - Using pooled Channel '[id: 0xe5fc4d69, L:/127.0.0.1:62003 - R:localhost/127.0.0.1:8455]' for 'GET' to 'http://localhost:8455/session/c8cc4273c06351d6be57e4a8193cbaf4/url'
18:56:36.089 [Forwarding getCurrentUrl on session c8cc4273c06351d6be57e4a8193cbaf4 to remote] DEBUG org.asynchttpclient.netty.request.NettyRequestSender - Using open Channel [id: 0xe5fc4d69, L:/127.0.0.1:62003 - R:localhost/127.0.0.1:8455] for GET '/session/c8cc4273c06351d6be57e4a8193cbaf4/url'
18:56:36.097 [AsyncHttpClient-1-5] DEBUG org.asynchttpclient.netty.handler.HttpHandler - 

Request DefaultFullHttpRequest(decodeResult: success, version: HTTP/1.1, content: EmptyByteBufBE)
GET /session/c8cc4273c06351d6be57e4a8193cbaf4/url HTTP/1.1
User-Agent: selenium/4.8.1 (java windows)
Cache-Control: no-cache
Content-Type: application/json; charset=utf-8
host: localhost:8455
accept: */*

Response DefaultHttpResponse(decodeResult: success, version: HTTP/1.1)
HTTP/1.1 200 OK
Content-Length: 45
Content-Type: application/json; charset=utf-8
cache-control: no-cache

18:56:36.098 [AsyncHttpClient-1-5] DEBUG org.asynchttpclient.netty.channel.ChannelManager - Adding key: http://localhost:8455 for channel [id: 0xe5fc4d69, L:/127.0.0.1:62003 - R:localhost/127.0.0.1:8455]
18:56:36.099 [Forwarding screenshot on session c8cc4273c06351d6be57e4a8193cbaf4 to remote] DEBUG org.asynchttpclient.netty.request.NettyRequestSender - Using pooled Channel '[id: 0xe5fc4d69, L:/127.0.0.1:62003 - R:localhost/127.0.0.1:8455]' for 'GET' to 'http://localhost:8455/session/c8cc4273c06351d6be57e4a8193cbaf4/screenshot'
18:56:36.099 [Forwarding screenshot on session c8cc4273c06351d6be57e4a8193cbaf4 to remote] DEBUG org.asynchttpclient.netty.request.NettyRequestSender - Using open Channel [id: 0xe5fc4d69, L:/127.0.0.1:62003 - R:localhost/127.0.0.1:8455] for GET '/session/c8cc4273c06351d6be57e4a8193cbaf4/screenshot'
18:56:36.333 [AsyncHttpClient-1-5] DEBUG org.asynchttpclient.netty.handler.HttpHandler - 

Request DefaultFullHttpRequest(decodeResult: success, version: HTTP/1.1, content: EmptyByteBufBE)
GET /session/c8cc4273c06351d6be57e4a8193cbaf4/screenshot HTTP/1.1
User-Agent: selenium/4.8.1 (java windows)
Cache-Control: no-cache
Content-Type: application/json; charset=utf-8
host: localhost:8455
accept: */*

Response DefaultHttpResponse(decodeResult: success, version: HTTP/1.1)
HTTP/1.1 200 OK
Content-Length: 35188
Content-Type: application/json; charset=utf-8
cache-control: no-cache

18:56:36.334 [AsyncHttpClient-1-5] DEBUG org.asynchttpclient.netty.channel.ChannelManager - Adding key: http://localhost:8455 for channel [id: 0xe5fc4d69, L:/127.0.0.1:62003 - R:localhost/127.0.0.1:8455]
18:56:36.336 [main] DEBUG net.serenitybdd.core.photography.Darkroom - Send negative for processing for target\site\serenity\e1a043f79cde61fd83c796824eb14028e2e774bcf48939784252612fe1cf5b50.png
18:56:36.336 [main] DEBUG net.thucydides.core.steps.StepInterceptor - STEP DONE: openPage
  &amp#27;[32mGiven &amp#27;[0m&amp#27;[32mI am on the sociops login page&amp#27;[0m           &amp#27;[90m# starter.stepdefinitions.LoginSteps.onTheLoginPage()&amp#27;[0m
18:56:36.344 [Forwarding getPageSource on session c8cc4273c06351d6be57e4a8193cbaf4 to remote] DEBUG org.asynchttpclient.netty.request.NettyRequestSender - Using pooled Channel '[id: 0xe5fc4d69, L:/127.0.0.1:62003 - R:localhost/127.0.0.1:8455]' for 'POST' to 'http://localhost:8455/session/c8cc4273c06351d6be57e4a8193cbaf4/execute/sync'
18:56:36.344 [Forwarding getPageSource on session c8cc4273c06351d6be57e4a8193cbaf4 to remote] DEBUG org.asynchttpclient.netty.request.NettyRequestSender - Using open Channel [id: 0xe5fc4d69, L:/127.0.0.1:62003 - R:localhost/127.0.0.1:8455] for POST '/session/c8cc4273c06351d6be57e4a8193cbaf4/execute/sync'
18:56:36.353 [AsyncHttpClient-1-5] DEBUG org.asynchttpclient.netty.handler.HttpHandler - 

Request DefaultHttpRequest(decodeResult: success, version: HTTP/1.1)
POST /session/c8cc4273c06351d6be57e4a8193cbaf4/execute/sync HTTP/1.1
User-Agent: selenium/4.8.1 (java windows)
Content-Length: 176
Content-Type: application/json; charset=utf-8
host: localhost:8455
accept: */*

Response DefaultHttpResponse(decodeResult: success, version: HTTP/1.1)
HTTP/1.1 200 OK
Content-Length: 9538
Content-Type: application/json; charset=utf-8
cache-control: no-cache

18:56:36.353 [AsyncHttpClient-1-5] DEBUG org.asynchttpclient.netty.channel.ChannelManager - Adding key: http://localhost:8455 for channel [id: 0xe5fc4d69, L:/127.0.0.1:62003 - R:localhost/127.0.0.1:8455]
18:56:36.356 [Forwarding getCurrentUrl on session c8cc4273c06351d6be57e4a8193cbaf4 to remote] DEBUG org.asynchttpclient.netty.request.NettyRequestSender - Using pooled Channel '[id: 0xe5fc4d69, L:/127.0.0.1:62003 - R:localhost/127.0.0.1:8455]' for 'GET' to 'http://localhost:8455/session/c8cc4273c06351d6be57e4a8193cbaf4/url'
18:56:36.356 [Forwarding getCurrentUrl on session c8cc4273c06351d6be57e4a8193cbaf4 to remote] DEBUG org.asynchttpclient.netty.request.NettyRequestSender - Using open Channel [id: 0xe5fc4d69, L:/127.0.0.1:62003 - R:localhost/127.0.0.1:8455] for GET '/session/c8cc4273c06351d6be57e4a8193cbaf4/url'
18:56:36.360 [AsyncHttpClient-1-5] DEBUG org.asynchttpclient.netty.handler.HttpHandler - 

Request DefaultFullHttpRequest(decodeResult: success, version: HTTP/1.1, content: EmptyByteBufBE)
GET /session/c8cc4273c06351d6be57e4a8193cbaf4/url HTTP/1.1
User-Agent: selenium/4.8.1 (java windows)
Cache-Control: no-cache
Content-Type: application/json; charset=utf-8
host: localhost:8455
accept: */*

Response DefaultHttpResponse(decodeResult: success, version: HTTP/1.1)
HTTP/1.1 200 OK
Content-Length: 45
Content-Type: application/json; charset=utf-8
cache-control: no-cache

18:56:36.360 [AsyncHttpClient-1-5] DEBUG org.asynchttpclient.netty.channel.ChannelManager - Adding key: http://localhost:8455 for channel [id: 0xe5fc4d69, L:/127.0.0.1:62003 - R:localhost/127.0.0.1:8455]
18:56:36.361 [AsyncHttpClient-1-1] DEBUG org.asynchttpclient.netty.channel.DefaultChannelPool - Entry count for : http://localhost:62004 : 1
18:56:36.361 [AsyncHttpClient-1-1] DEBUG org.asynchttpclient.netty.channel.DefaultChannelPool - Entry count for : http://localhost:8455 : 1
18:56:36.369 [Forwarding getPageSource on session c8cc4273c06351d6be57e4a8193cbaf4 to remote] DEBUG org.asynchttpclient.netty.request.NettyRequestSender - Using pooled Channel '[id: 0xe5fc4d69, L:/127.0.0.1:62003 - R:localhost/127.0.0.1:8455]' for 'POST' to 'http://localhost:8455/session/c8cc4273c06351d6be57e4a8193cbaf4/execute/sync'
18:56:36.369 [Forwarding getPageSource on session c8cc4273c06351d6be57e4a8193cbaf4 to remote] DEBUG org.asynchttpclient.netty.request.NettyRequestSender - Using open Channel [id: 0xe5fc4d69, L:/127.0.0.1:62003 - R:localhost/127.0.0.1:8455] for POST '/session/c8cc4273c06351d6be57e4a8193cbaf4/execute/sync'
18:56:36.375 [AsyncHttpClient-1-5] DEBUG org.asynchttpclient.netty.handler.HttpHandler - 

Request DefaultHttpRequest(decodeResult: success, version: HTTP/1.1)
POST /session/c8cc4273c06351d6be57e4a8193cbaf4/execute/sync HTTP/1.1
User-Agent: selenium/4.8.1 (java windows)
Content-Length: 176
Content-Type: application/json; charset=utf-8
host: localhost:8455
accept: */*

Response DefaultHttpResponse(decodeResult: success, version: HTTP/1.1)
HTTP/1.1 200 OK
Content-Length: 9538
Content-Type: application/json; charset=utf-8
cache-control: no-cache

18:56:36.375 [AsyncHttpClient-1-5] DEBUG org.asynchttpclient.netty.channel.ChannelManager - Adding key: http://localhost:8455 for channel [id: 0xe5fc4d69, L:/127.0.0.1:62003 - R:localhost/127.0.0.1:8455]
18:56:36.377 [Forwarding getCurrentUrl on session c8cc4273c06351d6be57e4a8193cbaf4 to remote] DEBUG org.asynchttpclient.netty.request.NettyRequestSender - Using pooled Channel '[id: 0xe5fc4d69, L:/127.0.0.1:62003 - R:localhost/127.0.0.1:8455]' for 'GET' to 'http://localhost:8455/session/c8cc4273c06351d6be57e4a8193cbaf4/url'
18:56:36.377 [Forwarding getCurrentUrl on session c8cc4273c06351d6be57e4a8193cbaf4 to remote] DEBUG org.asynchttpclient.netty.request.NettyRequestSender - Using open Channel [id: 0xe5fc4d69, L:/127.0.0.1:62003 - R:localhost/127.0.0.1:8455] for GET '/session/c8cc4273c06351d6be57e4a8193cbaf4/url'
18:56:36.382 [AsyncHttpClient-1-5] DEBUG org.asynchttpclient.netty.handler.HttpHandler - 

Request DefaultFullHttpRequest(decodeResult: success, version: HTTP/1.1, content: EmptyByteBufBE)
GET /session/c8cc4273c06351d6be57e4a8193cbaf4/url HTTP/1.1
User-Agent: selenium/4.8.1 (java windows)
Cache-Control: no-cache
Content-Type: application/json; charset=utf-8
host: localhost:8455
accept: */*

Response DefaultHttpResponse(decodeResult: success, version: HTTP/1.1)
HTTP/1.1 200 OK
Content-Length: 45
Content-Type: application/json; charset=utf-8
cache-control: no-cache

18:56:36.383 [AsyncHttpClient-1-5] DEBUG org.asynchttpclient.netty.channel.ChannelManager - Adding key: http://localhost:8455 for channel [id: 0xe5fc4d69, L:/127.0.0.1:62003 - R:localhost/127.0.0.1:8455]
18:56:36.385 [main] DEBUG net.thucydides.core.steps.StepInterceptor - STARTING STEP: LoginSteps.inputEmail - inputEmail
18:56:36.387 [Forwarding findElement on session c8cc4273c06351d6be57e4a8193cbaf4 to remote] DEBUG org.asynchttpclient.netty.request.NettyRequestSender - Using pooled Channel '[id: 0xe5fc4d69, L:/127.0.0.1:62003 - R:localhost/127.0.0.1:8455]' for 'POST' to 'http://localhost:8455/session/c8cc4273c06351d6be57e4a8193cbaf4/element'
18:56:36.387 [Forwarding findElement on session c8cc4273c06351d6be57e4a8193cbaf4 to remote] DEBUG org.asynchttpclient.netty.request.NettyRequestSender - Using open Channel [id: 0xe5fc4d69, L:/127.0.0.1:62003 - R:localhost/127.0.0.1:8455] for POST '/session/c8cc4273c06351d6be57e4a8193cbaf4/element'
18:56:36.400 [AsyncHttpClient-1-5] DEBUG org.asynchttpclient.netty.handler.HttpHandler - 

Request DefaultHttpRequest(decodeResult: success, version: HTTP/1.1)
POST /session/c8cc4273c06351d6be57e4a8193cbaf4/element HTTP/1.1
User-Agent: selenium/4.8.1 (java windows)
Content-Length: 59
Content-Type: application/json; charset=utf-8
host: localhost:8455
accept: */*

Response DefaultHttpResponse(decodeResult: success, version: HTTP/1.1)
HTTP/1.1 200 OK
Content-Length: 94
Content-Type: application/json; charset=utf-8
cache-control: no-cache

18:56:36.400 [AsyncHttpClient-1-5] DEBUG org.asynchttpclient.netty.channel.ChannelManager - Adding key: http://localhost:8455 for channel [id: 0xe5fc4d69, L:/127.0.0.1:62003 - R:localhost/127.0.0.1:8455]
18:56:36.402 [Forwarding clearElement on session c8cc4273c06351d6be57e4a8193cbaf4 to remote] DEBUG org.asynchttpclient.netty.request.NettyRequestSender - Using pooled Channel '[id: 0xe5fc4d69, L:/127.0.0.1:62003 - R:localhost/127.0.0.1:8455]' for 'POST' to 'http://localhost:8455/session/c8cc4273c06351d6be57e4a8193cbaf4/element/115A40C9D44027084FCF234A197FAFD9_element_7/clear'
18:56:36.402 [Forwarding clearElement on session c8cc4273c06351d6be57e4a8193cbaf4 to remote] DEBUG org.asynchttpclient.netty.request.NettyRequestSender - Using open Channel [id: 0xe5fc4d69, L:/127.0.0.1:62003 - R:localhost/127.0.0.1:8455] for POST '/session/c8cc4273c06351d6be57e4a8193cbaf4/element/115A40C9D44027084FCF234A197FAFD9_element_7/clear'
18:56:36.440 [AsyncHttpClient-1-5] DEBUG org.asynchttpclient.netty.handler.HttpHandler - 

Request DefaultHttpRequest(decodeResult: success, version: HTTP/1.1)
POST /session/c8cc4273c06351d6be57e4a8193cbaf4/element/115A40C9D44027084FCF234A197FAFD9_element_7/clear HTTP/1.1
User-Agent: selenium/4.8.1 (java windows)
Content-Length: 56
Content-Type: application/json; charset=utf-8
host: localhost:8455
accept: */*

Response DefaultHttpResponse(decodeResult: success, version: HTTP/1.1)
HTTP/1.1 200 OK
Content-Length: 14
Content-Type: application/json; charset=utf-8
cache-control: no-cache

18:56:36.440 [AsyncHttpClient-1-5] DEBUG org.asynchttpclient.netty.channel.ChannelManager - Adding key: http://localhost:8455 for channel [id: 0xe5fc4d69, L:/127.0.0.1:62003 - R:localhost/127.0.0.1:8455]
18:56:36.443 [Forwarding sendKeysToElement on session c8cc4273c06351d6be57e4a8193cbaf4 to remote] DEBUG org.asynchttpclient.netty.request.NettyRequestSender - Using pooled Channel '[id: 0xe5fc4d69, L:/127.0.0.1:62003 - R:localhost/127.0.0.1:8455]' for 'POST' to 'http://localhost:8455/session/c8cc4273c06351d6be57e4a8193cbaf4/element/115A40C9D44027084FCF234A197FAFD9_element_7/value'
18:56:36.443 [Forwarding sendKeysToElement on session c8cc4273c06351d6be57e4a8193cbaf4 to remote] DEBUG org.asynchttpclient.netty.request.NettyRequestSender - Using open Channel [id: 0xe5fc4d69, L:/127.0.0.1:62003 - R:localhost/127.0.0.1:8455] for POST '/session/c8cc4273c06351d6be57e4a8193cbaf4/element/115A40C9D44027084FCF234A197FAFD9_element_7/value'
18:56:36.576 [AsyncHttpClient-1-5] DEBUG org.asynchttpclient.netty.handler.HttpHandler - 

Request DefaultHttpRequest(decodeResult: success, version: HTTP/1.1)
POST /session/c8cc4273c06351d6be57e4a8193cbaf4/element/115A40C9D44027084FCF234A197FAFD9_element_7/value HTTP/1.1
User-Agent: selenium/4.8.1 (java windows)
Content-Length: 207
Content-Type: application/json; charset=utf-8
host: localhost:8455
accept: */*

Response DefaultHttpResponse(decodeResult: success, version: HTTP/1.1)
HTTP/1.1 200 OK
Content-Length: 14
Content-Type: application/json; charset=utf-8
cache-control: no-cache

18:56:36.576 [AsyncHttpClient-1-5] DEBUG org.asynchttpclient.netty.channel.ChannelManager - Adding key: http://localhost:8455 for channel [id: 0xe5fc4d69, L:/127.0.0.1:62003 - R:localhost/127.0.0.1:8455]
18:56:36.583 [Forwarding getAlertText on session c8cc4273c06351d6be57e4a8193cbaf4 to remote] DEBUG org.asynchttpclient.netty.request.NettyRequestSender - Using pooled Channel '[id: 0xe5fc4d69, L:/127.0.0.1:62003 - R:localhost/127.0.0.1:8455]' for 'GET' to 'http://localhost:8455/session/c8cc4273c06351d6be57e4a8193cbaf4/alert/text'
18:56:36.583 [Forwarding getAlertText on session c8cc4273c06351d6be57e4a8193cbaf4 to remote] DEBUG org.asynchttpclient.netty.request.NettyRequestSender - Using open Channel [id: 0xe5fc4d69, L:/127.0.0.1:62003 - R:localhost/127.0.0.1:8455] for GET '/session/c8cc4273c06351d6be57e4a8193cbaf4/alert/text'
18:56:36.585 [AsyncHttpClient-1-5] DEBUG org.asynchttpclient.netty.handler.HttpHandler - 

Request DefaultFullHttpRequest(decodeResult: success, version: HTTP/1.1, content: EmptyByteBufBE)
GET /session/c8cc4273c06351d6be57e4a8193cbaf4/alert/text HTTP/1.1
User-Agent: selenium/4.8.1 (java windows)
Cache-Control: no-cache
Content-Type: application/json; charset=utf-8
host: localhost:8455
accept: */*

Response DefaultHttpResponse(decodeResult: success, version: HTTP/1.1)
HTTP/1.1 404 Not Found
Content-Length: 821
Content-Type: application/json; charset=utf-8
cache-control: no-cache

18:56:36.585 [AsyncHttpClient-1-5] DEBUG org.asynchttpclient.netty.channel.ChannelManager - Adding key: http://localhost:8455 for channel [id: 0xe5fc4d69, L:/127.0.0.1:62003 - R:localhost/127.0.0.1:8455]
18:56:36.587 [Forwarding getCurrentUrl on session c8cc4273c06351d6be57e4a8193cbaf4 to remote] DEBUG org.asynchttpclient.netty.request.NettyRequestSender - Using pooled Channel '[id: 0xe5fc4d69, L:/127.0.0.1:62003 - R:localhost/127.0.0.1:8455]' for 'GET' to 'http://localhost:8455/session/c8cc4273c06351d6be57e4a8193cbaf4/url'
18:56:36.587 [Forwarding getCurrentUrl on session c8cc4273c06351d6be57e4a8193cbaf4 to remote] DEBUG org.asynchttpclient.netty.request.NettyRequestSender - Using open Channel [id: 0xe5fc4d69, L:/127.0.0.1:62003 - R:localhost/127.0.0.1:8455] for GET '/session/c8cc4273c06351d6be57e4a8193cbaf4/url'
18:56:36.591 [AsyncHttpClient-1-5] DEBUG org.asynchttpclient.netty.handler.HttpHandler - 

Request DefaultFullHttpRequest(decodeResult: success, version: HTTP/1.1, content: EmptyByteBufBE)
GET /session/c8cc4273c06351d6be57e4a8193cbaf4/url HTTP/1.1
User-Agent: selenium/4.8.1 (java windows)
Cache-Control: no-cache
Content-Type: application/json; charset=utf-8
host: localhost:8455
accept: */*

Response DefaultHttpResponse(decodeResult: success, version: HTTP/1.1)
HTTP/1.1 200 OK
Content-Length: 45
Content-Type: application/json; charset=utf-8
cache-control: no-cache

18:56:36.591 [AsyncHttpClient-1-5] DEBUG org.asynchttpclient.netty.channel.ChannelManager - Adding key: http://localhost:8455 for channel [id: 0xe5fc4d69, L:/127.0.0.1:62003 - R:localhost/127.0.0.1:8455]
18:56:36.592 [Forwarding screenshot on session c8cc4273c06351d6be57e4a8193cbaf4 to remote] DEBUG org.asynchttpclient.netty.request.NettyRequestSender - Using pooled Channel '[id: 0xe5fc4d69, L:/127.0.0.1:62003 - R:localhost/127.0.0.1:8455]' for 'GET' to 'http://localhost:8455/session/c8cc4273c06351d6be57e4a8193cbaf4/screenshot'
18:56:36.592 [Forwarding screenshot on session c8cc4273c06351d6be57e4a8193cbaf4 to remote] DEBUG org.asynchttpclient.netty.request.NettyRequestSender - Using open Channel [id: 0xe5fc4d69, L:/127.0.0.1:62003 - R:localhost/127.0.0.1:8455] for GET '/session/c8cc4273c06351d6be57e4a8193cbaf4/screenshot'
18:56:36.710 [AsyncHttpClient-1-5] DEBUG org.asynchttpclient.netty.handler.HttpHandler - 

Request DefaultFullHttpRequest(decodeResult: success, version: HTTP/1.1, content: EmptyByteBufBE)
GET /session/c8cc4273c06351d6be57e4a8193cbaf4/screenshot HTTP/1.1
User-Agent: selenium/4.8.1 (java windows)
Cache-Control: no-cache
Content-Type: application/json; charset=utf-8
host: localhost:8455
accept: */*

Response DefaultHttpResponse(decodeResult: success, version: HTTP/1.1)
HTTP/1.1 200 OK
Content-Length: 39320
Content-Type: application/json; charset=utf-8
cache-control: no-cache

18:56:36.711 [AsyncHttpClient-1-5] DEBUG org.asynchttpclient.netty.channel.ChannelManager - Adding key: http://localhost:8455 for channel [id: 0xe5fc4d69, L:/127.0.0.1:62003 - R:localhost/127.0.0.1:8455]
18:56:36.712 [main] DEBUG net.serenitybdd.core.photography.Darkroom - Send negative for processing for target\site\serenity\0a78271d4cd45ebe50b780dcb158cfe353407df2b7f600becedaa923f5ce3bd7.png
18:56:36.713 [main] DEBUG net.thucydides.core.steps.StepInterceptor - STEP DONE: inputEmail
  &amp#27;[32mAnd &amp#27;[0m&amp#27;[32mI type correct email&amp#27;[0m                       &amp#27;[90m# starter.stepdefinitions.LoginSteps.inputEmail()&amp#27;[0m
18:56:36.722 [Forwarding getPageSource on session c8cc4273c06351d6be57e4a8193cbaf4 to remote] DEBUG org.asynchttpclient.netty.request.NettyRequestSender - Using pooled Channel '[id: 0xe5fc4d69, L:/127.0.0.1:62003 - R:localhost/127.0.0.1:8455]' for 'POST' to 'http://localhost:8455/session/c8cc4273c06351d6be57e4a8193cbaf4/execute/sync'
18:56:36.722 [Forwarding getPageSource on session c8cc4273c06351d6be57e4a8193cbaf4 to remote] DEBUG org.asynchttpclient.netty.request.NettyRequestSender - Using open Channel [id: 0xe5fc4d69, L:/127.0.0.1:62003 - R:localhost/127.0.0.1:8455] for POST '/session/c8cc4273c06351d6be57e4a8193cbaf4/execute/sync'
18:56:36.730 [AsyncHttpClient-1-5] DEBUG org.asynchttpclient.netty.handler.HttpHandler - 

Request DefaultHttpRequest(decodeResult: success, version: HTTP/1.1)
POST /session/c8cc4273c06351d6be57e4a8193cbaf4/execute/sync HTTP/1.1
User-Agent: selenium/4.8.1 (java windows)
Content-Length: 176
Content-Type: application/json; charset=utf-8
host: localhost:8455
accept: */*

Response DefaultHttpResponse(decodeResult: success, version: HTTP/1.1)
HTTP/1.1 200 OK
Content-Length: 9550
Content-Type: application/json; charset=utf-8
cache-control: no-cache

18:56:36.730 [AsyncHttpClient-1-5] DEBUG org.asynchttpclient.netty.channel.ChannelManager - Adding key: http://localhost:8455 for channel [id: 0xe5fc4d69, L:/127.0.0.1:62003 - R:localhost/127.0.0.1:8455]
18:56:36.733 [Forwarding getCurrentUrl on session c8cc4273c06351d6be57e4a8193cbaf4 to remote] DEBUG org.asynchttpclient.netty.request.NettyRequestSender - Using pooled Channel '[id: 0xe5fc4d69, L:/127.0.0.1:62003 - R:localhost/127.0.0.1:8455]' for 'GET' to 'http://localhost:8455/session/c8cc4273c06351d6be57e4a8193cbaf4/url'
18:56:36.733 [Forwarding getCurrentUrl on session c8cc4273c06351d6be57e4a8193cbaf4 to remote] DEBUG org.asynchttpclient.netty.request.NettyRequestSender - Using open Channel [id: 0xe5fc4d69, L:/127.0.0.1:62003 - R:localhost/127.0.0.1:8455] for GET '/session/c8cc4273c06351d6be57e4a8193cbaf4/url'
18:56:36.740 [AsyncHttpClient-1-5] DEBUG org.asynchttpclient.netty.handler.HttpHandler - 

Request DefaultFullHttpRequest(decodeResult: success, version: HTTP/1.1, content: EmptyByteBufBE)
GET /session/c8cc4273c06351d6be57e4a8193cbaf4/url HTTP/1.1
User-Agent: selenium/4.8.1 (java windows)
Cache-Control: no-cache
Content-Type: application/json; charset=utf-8
host: localhost:8455
accept: */*

Response DefaultHttpResponse(decodeResult: success, version: HTTP/1.1)
HTTP/1.1 200 OK
Content-Length: 45
Content-Type: application/json; charset=utf-8
cache-control: no-cache

18:56:36.740 [AsyncHttpClient-1-5] DEBUG org.asynchttpclient.netty.channel.ChannelManager - Adding key: http://localhost:8455 for channel [id: 0xe5fc4d69, L:/127.0.0.1:62003 - R:localhost/127.0.0.1:8455]
18:56:36.753 [Forwarding getPageSource on session c8cc4273c06351d6be57e4a8193cbaf4 to remote] DEBUG org.asynchttpclient.netty.request.NettyRequestSender - Using pooled Channel '[id: 0xe5fc4d69, L:/127.0.0.1:62003 - R:localhost/127.0.0.1:8455]' for 'POST' to 'http://localhost:8455/session/c8cc4273c06351d6be57e4a8193cbaf4/execute/sync'
18:56:36.753 [Forwarding getPageSource on session c8cc4273c06351d6be57e4a8193cbaf4 to remote] DEBUG org.asynchttpclient.netty.request.NettyRequestSender - Using open Channel [id: 0xe5fc4d69, L:/127.0.0.1:62003 - R:localhost/127.0.0.1:8455] for POST '/session/c8cc4273c06351d6be57e4a8193cbaf4/execute/sync'
18:56:36.759 [AsyncHttpClient-1-5] DEBUG org.asynchttpclient.netty.handler.HttpHandler - 

Request DefaultHttpRequest(decodeResult: success, version: HTTP/1.1)
POST /session/c8cc4273c06351d6be57e4a8193cbaf4/execute/sync HTTP/1.1
User-Agent: selenium/4.8.1 (java windows)
Content-Length: 176
Content-Type: application/json; charset=utf-8
host: localhost:8455
accept: */*

Response DefaultHttpResponse(decodeResult: success, version: HTTP/1.1)
HTTP/1.1 200 OK
Content-Length: 9550
Content-Type: application/json; charset=utf-8
cache-control: no-cache

18:56:36.760 [AsyncHttpClient-1-5] DEBUG org.asynchttpclient.netty.channel.ChannelManager - Adding key: http://localhost:8455 for channel [id: 0xe5fc4d69, L:/127.0.0.1:62003 - R:localhost/127.0.0.1:8455]
18:56:36.763 [Forwarding getCurrentUrl on session c8cc4273c06351d6be57e4a8193cbaf4 to remote] DEBUG org.asynchttpclient.netty.request.NettyRequestSender - Using pooled Channel '[id: 0xe5fc4d69, L:/127.0.0.1:62003 - R:localhost/127.0.0.1:8455]' for 'GET' to 'http://localhost:8455/session/c8cc4273c06351d6be57e4a8193cbaf4/url'
18:56:36.763 [Forwarding getCurrentUrl on session c8cc4273c06351d6be57e4a8193cbaf4 to remote] DEBUG org.asynchttpclient.netty.request.NettyRequestSender - Using open Channel [id: 0xe5fc4d69, L:/127.0.0.1:62003 - R:localhost/127.0.0.1:8455] for GET '/session/c8cc4273c06351d6be57e4a8193cbaf4/url'
18:56:36.768 [AsyncHttpClient-1-5] DEBUG org.asynchttpclient.netty.handler.HttpHandler - 

Request DefaultFullHttpRequest(decodeResult: success, version: HTTP/1.1, content: EmptyByteBufBE)
GET /session/c8cc4273c06351d6be57e4a8193cbaf4/url HTTP/1.1
User-Agent: selenium/4.8.1 (java windows)
Cache-Control: no-cache
Content-Type: application/json; charset=utf-8
host: localhost:8455
accept: */*

Response DefaultHttpResponse(decodeResult: success, version: HTTP/1.1)
HTTP/1.1 200 OK
Content-Length: 45
Content-Type: application/json; charset=utf-8
cache-control: no-cache

18:56:36.768 [AsyncHttpClient-1-5] DEBUG org.asynchttpclient.netty.channel.ChannelManager - Adding key: http://localhost:8455 for channel [id: 0xe5fc4d69, L:/127.0.0.1:62003 - R:localhost/127.0.0.1:8455]
18:56:36.771 [main] DEBUG net.thucydides.core.steps.StepInterceptor - STARTING STEP: LoginSteps.inputIncorrectPassword - inputPassword
18:56:36.773 [Forwarding findElement on session c8cc4273c06351d6be57e4a8193cbaf4 to remote] DEBUG org.asynchttpclient.netty.request.NettyRequestSender - Using pooled Channel '[id: 0xe5fc4d69, L:/127.0.0.1:62003 - R:localhost/127.0.0.1:8455]' for 'POST' to 'http://localhost:8455/session/c8cc4273c06351d6be57e4a8193cbaf4/element'
18:56:36.773 [Forwarding findElement on session c8cc4273c06351d6be57e4a8193cbaf4 to remote] DEBUG org.asynchttpclient.netty.request.NettyRequestSender - Using open Channel [id: 0xe5fc4d69, L:/127.0.0.1:62003 - R:localhost/127.0.0.1:8455] for POST '/session/c8cc4273c06351d6be57e4a8193cbaf4/element'
18:56:36.783 [AsyncHttpClient-1-5] DEBUG org.asynchttpclient.netty.handler.HttpHandler - 

Request DefaultHttpRequest(decodeResult: success, version: HTTP/1.1)
POST /session/c8cc4273c06351d6be57e4a8193cbaf4/element HTTP/1.1
User-Agent: selenium/4.8.1 (java windows)
Content-Length: 62
Content-Type: application/json; charset=utf-8
host: localhost:8455
accept: */*

Response DefaultHttpResponse(decodeResult: success, version: HTTP/1.1)
HTTP/1.1 200 OK
Content-Length: 94
Content-Type: application/json; charset=utf-8
cache-control: no-cache

18:56:36.783 [AsyncHttpClient-1-5] DEBUG org.asynchttpclient.netty.channel.ChannelManager - Adding key: http://localhost:8455 for channel [id: 0xe5fc4d69, L:/127.0.0.1:62003 - R:localhost/127.0.0.1:8455]
18:56:36.785 [Forwarding clearElement on session c8cc4273c06351d6be57e4a8193cbaf4 to remote] DEBUG org.asynchttpclient.netty.request.NettyRequestSender - Using pooled Channel '[id: 0xe5fc4d69, L:/127.0.0.1:62003 - R:localhost/127.0.0.1:8455]' for 'POST' to 'http://localhost:8455/session/c8cc4273c06351d6be57e4a8193cbaf4/element/115A40C9D44027084FCF234A197FAFD9_element_2/clear'
18:56:36.785 [Forwarding clearElement on session c8cc4273c06351d6be57e4a8193cbaf4 to remote] DEBUG org.asynchttpclient.netty.request.NettyRequestSender - Using open Channel [id: 0xe5fc4d69, L:/127.0.0.1:62003 - R:localhost/127.0.0.1:8455] for POST '/session/c8cc4273c06351d6be57e4a8193cbaf4/element/115A40C9D44027084FCF234A197FAFD9_element_2/clear'
18:56:36.807 [AsyncHttpClient-1-5] DEBUG org.asynchttpclient.netty.handler.HttpHandler - 

Request DefaultHttpRequest(decodeResult: success, version: HTTP/1.1)
POST /session/c8cc4273c06351d6be57e4a8193cbaf4/element/115A40C9D44027084FCF234A197FAFD9_element_2/clear HTTP/1.1
User-Agent: selenium/4.8.1 (java windows)
Content-Length: 56
Content-Type: application/json; charset=utf-8
host: localhost:8455
accept: */*

Response DefaultHttpResponse(decodeResult: success, version: HTTP/1.1)
HTTP/1.1 200 OK
Content-Length: 14
Content-Type: application/json; charset=utf-8
cache-control: no-cache

18:56:36.808 [AsyncHttpClient-1-5] DEBUG org.asynchttpclient.netty.channel.ChannelManager - Adding key: http://localhost:8455 for channel [id: 0xe5fc4d69, L:/127.0.0.1:62003 - R:localhost/127.0.0.1:8455]
18:56:36.810 [Forwarding sendKeysToElement on session c8cc4273c06351d6be57e4a8193cbaf4 to remote] DEBUG org.asynchttpclient.netty.request.NettyRequestSender - Using pooled Channel '[id: 0xe5fc4d69, L:/127.0.0.1:62003 - R:localhost/127.0.0.1:8455]' for 'POST' to 'http://localhost:8455/session/c8cc4273c06351d6be57e4a8193cbaf4/element/115A40C9D44027084FCF234A197FAFD9_element_2/value'
18:56:36.811 [Forwarding sendKeysToElement on session c8cc4273c06351d6be57e4a8193cbaf4 to remote] DEBUG org.asynchttpclient.netty.request.NettyRequestSender - Using open Channel [id: 0xe5fc4d69, L:/127.0.0.1:62003 - R:localhost/127.0.0.1:8455] for POST '/session/c8cc4273c06351d6be57e4a8193cbaf4/element/115A40C9D44027084FCF234A197FAFD9_element_2/value'
18:56:36.876 [AsyncHttpClient-1-5] DEBUG org.asynchttpclient.netty.handler.HttpHandler - 

Request DefaultHttpRequest(decodeResult: success, version: HTTP/1.1)
POST /session/c8cc4273c06351d6be57e4a8193cbaf4/element/115A40C9D44027084FCF234A197FAFD9_element_2/value HTTP/1.1
User-Agent: selenium/4.8.1 (java windows)
Content-Length: 167
Content-Type: application/json; charset=utf-8
host: localhost:8455
accept: */*

Response DefaultHttpResponse(decodeResult: success, version: HTTP/1.1)
HTTP/1.1 200 OK
Content-Length: 14
Content-Type: application/json; charset=utf-8
cache-control: no-cache

18:56:36.876 [AsyncHttpClient-1-5] DEBUG org.asynchttpclient.netty.channel.ChannelManager - Adding key: http://localhost:8455 for channel [id: 0xe5fc4d69, L:/127.0.0.1:62003 - R:localhost/127.0.0.1:8455]
18:56:36.881 [Forwarding getAlertText on session c8cc4273c06351d6be57e4a8193cbaf4 to remote] DEBUG org.asynchttpclient.netty.request.NettyRequestSender - Using pooled Channel '[id: 0xe5fc4d69, L:/127.0.0.1:62003 - R:localhost/127.0.0.1:8455]' for 'GET' to 'http://localhost:8455/session/c8cc4273c06351d6be57e4a8193cbaf4/alert/text'
18:56:36.881 [Forwarding getAlertText on session c8cc4273c06351d6be57e4a8193cbaf4 to remote] DEBUG org.asynchttpclient.netty.request.NettyRequestSender - Using open Channel [id: 0xe5fc4d69, L:/127.0.0.1:62003 - R:localhost/127.0.0.1:8455] for GET '/session/c8cc4273c06351d6be57e4a8193cbaf4/alert/text'
18:56:36.882 [AsyncHttpClient-1-5] DEBUG org.asynchttpclient.netty.handler.HttpHandler - 

Request DefaultFullHttpRequest(decodeResult: success, version: HTTP/1.1, content: EmptyByteBufBE)
GET /session/c8cc4273c06351d6be57e4a8193cbaf4/alert/text HTTP/1.1
User-Agent: selenium/4.8.1 (java windows)
Cache-Control: no-cache
Content-Type: application/json; charset=utf-8
host: localhost:8455
accept: */*

Response DefaultHttpResponse(decodeResult: success, version: HTTP/1.1)
HTTP/1.1 404 Not Found
Content-Length: 821
Content-Type: application/json; charset=utf-8
cache-control: no-cache

18:56:36.882 [AsyncHttpClient-1-5] DEBUG org.asynchttpclient.netty.channel.ChannelManager - Adding key: http://localhost:8455 for channel [id: 0xe5fc4d69, L:/127.0.0.1:62003 - R:localhost/127.0.0.1:8455]
18:56:36.884 [Forwarding getCurrentUrl on session c8cc4273c06351d6be57e4a8193cbaf4 to remote] DEBUG org.asynchttpclient.netty.request.NettyRequestSender - Using pooled Channel '[id: 0xe5fc4d69, L:/127.0.0.1:62003 - R:localhost/127.0.0.1:8455]' for 'GET' to 'http://localhost:8455/session/c8cc4273c06351d6be57e4a8193cbaf4/url'
18:56:36.884 [Forwarding getCurrentUrl on session c8cc4273c06351d6be57e4a8193cbaf4 to remote] DEBUG org.asynchttpclient.netty.request.NettyRequestSender - Using open Channel [id: 0xe5fc4d69, L:/127.0.0.1:62003 - R:localhost/127.0.0.1:8455] for GET '/session/c8cc4273c06351d6be57e4a8193cbaf4/url'
18:56:36.890 [AsyncHttpClient-1-5] DEBUG org.asynchttpclient.netty.handler.HttpHandler - 

Request DefaultFullHttpRequest(decodeResult: success, version: HTTP/1.1, content: EmptyByteBufBE)
GET /session/c8cc4273c06351d6be57e4a8193cbaf4/url HTTP/1.1
User-Agent: selenium/4.8.1 (java windows)
Cache-Control: no-cache
Content-Type: application/json; charset=utf-8
host: localhost:8455
accept: */*

Response DefaultHttpResponse(decodeResult: success, version: HTTP/1.1)
HTTP/1.1 200 OK
Content-Length: 45
Content-Type: application/json; charset=utf-8
cache-control: no-cache

18:56:36.890 [AsyncHttpClient-1-5] DEBUG org.asynchttpclient.netty.channel.ChannelManager - Adding key: http://localhost:8455 for channel [id: 0xe5fc4d69, L:/127.0.0.1:62003 - R:localhost/127.0.0.1:8455]
18:56:36.891 [Forwarding screenshot on session c8cc4273c06351d6be57e4a8193cbaf4 to remote] DEBUG org.asynchttpclient.netty.request.NettyRequestSender - Using pooled Channel '[id: 0xe5fc4d69, L:/127.0.0.1:62003 - R:localhost/127.0.0.1:8455]' for 'GET' to 'http://localhost:8455/session/c8cc4273c06351d6be57e4a8193cbaf4/screenshot'
18:56:36.891 [Forwarding screenshot on session c8cc4273c06351d6be57e4a8193cbaf4 to remote] DEBUG org.asynchttpclient.netty.request.NettyRequestSender - Using open Channel [id: 0xe5fc4d69, L:/127.0.0.1:62003 - R:localhost/127.0.0.1:8455] for GET '/session/c8cc4273c06351d6be57e4a8193cbaf4/screenshot'
18:56:36.997 [AsyncHttpClient-1-5] DEBUG org.asynchttpclient.netty.handler.HttpHandler - 

Request DefaultFullHttpRequest(decodeResult: success, version: HTTP/1.1, content: EmptyByteBufBE)
GET /session/c8cc4273c06351d6be57e4a8193cbaf4/screenshot HTTP/1.1
User-Agent: selenium/4.8.1 (java windows)
Cache-Control: no-cache
Content-Type: application/json; charset=utf-8
host: localhost:8455
accept: */*

Response DefaultHttpResponse(decodeResult: success, version: HTTP/1.1)
HTTP/1.1 200 OK
Content-Length: 36820
Content-Type: application/json; charset=utf-8
cache-control: no-cache

18:56:36.998 [AsyncHttpClient-1-5] DEBUG org.asynchttpclient.netty.channel.ChannelManager - Adding key: http://localhost:8455 for channel [id: 0xe5fc4d69, L:/127.0.0.1:62003 - R:localhost/127.0.0.1:8455]
18:56:37.000 [main] DEBUG net.serenitybdd.core.photography.Darkroom - Send negative for processing for target\site\serenity\3cb7d995dad9dbeba1eca7b62002d54c8236f3726a5b6b0975f77d96ff504188.png
18:56:37.000 [main] DEBUG net.thucydides.core.steps.StepInterceptor - STEP DONE: inputPassword
18:56:37.000 [Darkroom Processing Line] DEBUG net.serenitybdd.core.photography.DarkroomProcessingLine - Processing screenshot image in /var/screenshots/screenshot-16548187103800665646
  &amp#27;[32mAnd &amp#27;[0m&amp#27;[32mI type incorrect password&amp#27;[0m                  &amp#27;[90m# starter.stepdefinitions.LoginSteps.inputIncorrectPassword()&amp#27;[0m
18:56:37.000 [Darkroom Processing Line] DEBUG net.serenitybdd.core.photography.DarkroomProcessingLine - Saving screenshot to target\site\serenity\3cb7d995dad9dbeba1eca7b62002d54c8236f3726a5b6b0975f77d96ff504188.png
18:56:37.006 [Forwarding getPageSource on session c8cc4273c06351d6be57e4a8193cbaf4 to remote] DEBUG org.asynchttpclient.netty.request.NettyRequestSender - Using pooled Channel '[id: 0xe5fc4d69, L:/127.0.0.1:62003 - R:localhost/127.0.0.1:8455]' for 'POST' to 'http://localhost:8455/session/c8cc4273c06351d6be57e4a8193cbaf4/execute/sync'
18:56:37.006 [Forwarding getPageSource on session c8cc4273c06351d6be57e4a8193cbaf4 to remote] DEBUG org.asynchttpclient.netty.request.NettyRequestSender - Using open Channel [id: 0xe5fc4d69, L:/127.0.0.1:62003 - R:localhost/127.0.0.1:8455] for POST '/session/c8cc4273c06351d6be57e4a8193cbaf4/execute/sync'
18:56:37.012 [AsyncHttpClient-1-5] DEBUG org.asynchttpclient.netty.handler.HttpHandler - 

Request DefaultHttpRequest(decodeResult: success, version: HTTP/1.1)
POST /session/c8cc4273c06351d6be57e4a8193cbaf4/execute/sync HTTP/1.1
User-Agent: selenium/4.8.1 (java windows)
Content-Length: 176
Content-Type: application/json; charset=utf-8
host: localhost:8455
accept: */*

Response DefaultHttpResponse(decodeResult: success, version: HTTP/1.1)
HTTP/1.1 200 OK
Content-Length: 9558
Content-Type: application/json; charset=utf-8
cache-control: no-cache

18:56:37.012 [AsyncHttpClient-1-5] DEBUG org.asynchttpclient.netty.channel.ChannelManager - Adding key: http://localhost:8455 for channel [id: 0xe5fc4d69, L:/127.0.0.1:62003 - R:localhost/127.0.0.1:8455]
18:56:37.015 [Forwarding getCurrentUrl on session c8cc4273c06351d6be57e4a8193cbaf4 to remote] DEBUG org.asynchttpclient.netty.request.NettyRequestSender - Using pooled Channel '[id: 0xe5fc4d69, L:/127.0.0.1:62003 - R:localhost/127.0.0.1:8455]' for 'GET' to 'http://localhost:8455/session/c8cc4273c06351d6be57e4a8193cbaf4/url'
18:56:37.015 [Forwarding getCurrentUrl on session c8cc4273c06351d6be57e4a8193cbaf4 to remote] DEBUG org.asynchttpclient.netty.request.NettyRequestSender - Using open Channel [id: 0xe5fc4d69, L:/127.0.0.1:62003 - R:localhost/127.0.0.1:8455] for GET '/session/c8cc4273c06351d6be57e4a8193cbaf4/url'
18:56:37.019 [AsyncHttpClient-1-5] DEBUG org.asynchttpclient.netty.handler.HttpHandler - 

Request DefaultFullHttpRequest(decodeResult: success, version: HTTP/1.1, content: EmptyByteBufBE)
GET /session/c8cc4273c06351d6be57e4a8193cbaf4/url HTTP/1.1
User-Agent: selenium/4.8.1 (java windows)
Cache-Control: no-cache
Content-Type: application/json; charset=utf-8
host: localhost:8455
accept: */*

Response DefaultHttpResponse(decodeResult: success, version: HTTP/1.1)
HTTP/1.1 200 OK
Content-Length: 45
Content-Type: application/json; charset=utf-8
cache-control: no-cache

18:56:37.020 [AsyncHttpClient-1-5] DEBUG org.asynchttpclient.netty.channel.ChannelManager - Adding key: http://localhost:8455 for channel [id: 0xe5fc4d69, L:/127.0.0.1:62003 - R:localhost/127.0.0.1:8455]
18:56:37.027 [Forwarding getPageSource on session c8cc4273c06351d6be57e4a8193cbaf4 to remote] DEBUG org.asynchttpclient.netty.request.NettyRequestSender - Using pooled Channel '[id: 0xe5fc4d69, L:/127.0.0.1:62003 - R:localhost/127.0.0.1:8455]' for 'POST' to 'http://localhost:8455/session/c8cc4273c06351d6be57e4a8193cbaf4/execute/sync'
18:56:37.028 [Forwarding getPageSource on session c8cc4273c06351d6be57e4a8193cbaf4 to remote] DEBUG org.asynchttpclient.netty.request.NettyRequestSender - Using open Channel [id: 0xe5fc4d69, L:/127.0.0.1:62003 - R:localhost/127.0.0.1:8455] for POST '/session/c8cc4273c06351d6be57e4a8193cbaf4/execute/sync'
18:56:37.033 [AsyncHttpClient-1-5] DEBUG org.asynchttpclient.netty.handler.HttpHandler - 

Request DefaultHttpRequest(decodeResult: success, version: HTTP/1.1)
POST /session/c8cc4273c06351d6be57e4a8193cbaf4/execute/sync HTTP/1.1
User-Agent: selenium/4.8.1 (java windows)
Content-Length: 176
Content-Type: application/json; charset=utf-8
host: localhost:8455
accept: */*

Response DefaultHttpResponse(decodeResult: success, version: HTTP/1.1)
HTTP/1.1 200 OK
Content-Length: 9558
Content-Type: application/json; charset=utf-8
cache-control: no-cache

18:56:37.033 [AsyncHttpClient-1-5] DEBUG org.asynchttpclient.netty.channel.ChannelManager - Adding key: http://localhost:8455 for channel [id: 0xe5fc4d69, L:/127.0.0.1:62003 - R:localhost/127.0.0.1:8455]
18:56:37.035 [Forwarding getCurrentUrl on session c8cc4273c06351d6be57e4a8193cbaf4 to remote] DEBUG org.asynchttpclient.netty.request.NettyRequestSender - Using pooled Channel '[id: 0xe5fc4d69, L:/127.0.0.1:62003 - R:localhost/127.0.0.1:8455]' for 'GET' to 'http://localhost:8455/session/c8cc4273c06351d6be57e4a8193cbaf4/url'
18:56:37.035 [Forwarding getCurrentUrl on session c8cc4273c06351d6be57e4a8193cbaf4 to remote] DEBUG org.asynchttpclient.netty.request.NettyRequestSender - Using open Channel [id: 0xe5fc4d69, L:/127.0.0.1:62003 - R:localhost/127.0.0.1:8455] for GET '/session/c8cc4273c06351d6be57e4a8193cbaf4/url'
18:56:37.038 [AsyncHttpClient-1-5] DEBUG org.asynchttpclient.netty.handler.HttpHandler - 

Request DefaultFullHttpRequest(decodeResult: success, version: HTTP/1.1, content: EmptyByteBufBE)
GET /session/c8cc4273c06351d6be57e4a8193cbaf4/url HTTP/1.1
User-Agent: selenium/4.8.1 (java windows)
Cache-Control: no-cache
Content-Type: application/json; charset=utf-8
host: localhost:8455
accept: */*

Response DefaultHttpResponse(decodeResult: success, version: HTTP/1.1)
HTTP/1.1 200 OK
Content-Length: 45
Content-Type: application/json; charset=utf-8
cache-control: no-cache

18:56:37.039 [AsyncHttpClient-1-5] DEBUG org.asynchttpclient.netty.channel.ChannelManager - Adding key: http://localhost:8455 for channel [id: 0xe5fc4d69, L:/127.0.0.1:62003 - R:localhost/127.0.0.1:8455]
18:56:37.041 [main] DEBUG net.thucydides.core.steps.StepInterceptor - STARTING STEP: LoginSteps.clickLoginButton - clickLoginButton
18:56:37.045 [Forwarding findElement on session c8cc4273c06351d6be57e4a8193cbaf4 to remote] DEBUG org.asynchttpclient.netty.request.NettyRequestSender - Using pooled Channel '[id: 0xe5fc4d69, L:/127.0.0.1:62003 - R:localhost/127.0.0.1:8455]' for 'POST' to 'http://localhost:8455/session/c8cc4273c06351d6be57e4a8193cbaf4/element'
18:56:37.045 [Forwarding findElement on session c8cc4273c06351d6be57e4a8193cbaf4 to remote] DEBUG org.asynchttpclient.netty.request.NettyRequestSender - Using open Channel [id: 0xe5fc4d69, L:/127.0.0.1:62003 - R:localhost/127.0.0.1:8455] for POST '/session/c8cc4273c06351d6be57e4a8193cbaf4/element'
18:56:37.062 [AsyncHttpClient-1-5] DEBUG org.asynchttpclient.netty.handler.HttpHandler - 

Request DefaultHttpRequest(decodeResult: success, version: HTTP/1.1)
POST /session/c8cc4273c06351d6be57e4a8193cbaf4/element HTTP/1.1
User-Agent: selenium/4.8.1 (java windows)
Content-Length: 63
Content-Type: application/json; charset=utf-8
host: localhost:8455
accept: */*

Response DefaultHttpResponse(decodeResult: success, version: HTTP/1.1)
HTTP/1.1 200 OK
Content-Length: 95
Content-Type: application/json; charset=utf-8
cache-control: no-cache

18:56:37.062 [AsyncHttpClient-1-5] DEBUG org.asynchttpclient.netty.channel.ChannelManager - Adding key: http://localhost:8455 for channel [id: 0xe5fc4d69, L:/127.0.0.1:62003 - R:localhost/127.0.0.1:8455]
18:56:37.064 [Forwarding getElementTagName on session c8cc4273c06351d6be57e4a8193cbaf4 to remote] DEBUG org.asynchttpclient.netty.request.NettyRequestSender - Using pooled Channel '[id: 0xe5fc4d69, L:/127.0.0.1:62003 - R:localhost/127.0.0.1:8455]' for 'GET' to 'http://localhost:8455/session/c8cc4273c06351d6be57e4a8193cbaf4/element/115A40C9D44027084FCF234A197FAFD9_element_11/name'
18:56:37.064 [Forwarding getElementTagName on session c8cc4273c06351d6be57e4a8193cbaf4 to remote] DEBUG org.asynchttpclient.netty.request.NettyRequestSender - Using open Channel [id: 0xe5fc4d69, L:/127.0.0.1:62003 - R:localhost/127.0.0.1:8455] for GET '/session/c8cc4273c06351d6be57e4a8193cbaf4/element/115A40C9D44027084FCF234A197FAFD9_element_11/name'
18:56:37.071 [AsyncHttpClient-1-5] DEBUG org.asynchttpclient.netty.handler.HttpHandler - 

Request DefaultFullHttpRequest(decodeResult: success, version: HTTP/1.1, content: EmptyByteBufBE)
GET /session/c8cc4273c06351d6be57e4a8193cbaf4/element/115A40C9D44027084FCF234A197FAFD9_element_11/name HTTP/1.1
User-Agent: selenium/4.8.1 (java windows)
Cache-Control: no-cache
Content-Type: application/json; charset=utf-8
host: localhost:8455
accept: */*

Response DefaultHttpResponse(decodeResult: success, version: HTTP/1.1)
HTTP/1.1 200 OK
Content-Length: 18
Content-Type: application/json; charset=utf-8
cache-control: no-cache

18:56:37.071 [AsyncHttpClient-1-5] DEBUG org.asynchttpclient.netty.channel.ChannelManager - Adding key: http://localhost:8455 for channel [id: 0xe5fc4d69, L:/127.0.0.1:62003 - R:localhost/127.0.0.1:8455]
18:56:37.073 [Forwarding getElementTagName on session c8cc4273c06351d6be57e4a8193cbaf4 to remote] DEBUG org.asynchttpclient.netty.request.NettyRequestSender - Using pooled Channel '[id: 0xe5fc4d69, L:/127.0.0.1:62003 - R:localhost/127.0.0.1:8455]' for 'GET' to 'http://localhost:8455/session/c8cc4273c06351d6be57e4a8193cbaf4/element/115A40C9D44027084FCF234A197FAFD9_element_11/name'
18:56:37.073 [Forwarding getElementTagName on session c8cc4273c06351d6be57e4a8193cbaf4 to remote] DEBUG org.asynchttpclient.netty.request.NettyRequestSender - Using open Channel [id: 0xe5fc4d69, L:/127.0.0.1:62003 - R:localhost/127.0.0.1:8455] for GET '/session/c8cc4273c06351d6be57e4a8193cbaf4/element/115A40C9D44027084FCF234A197FAFD9_element_11/name'
18:56:37.079 [AsyncHttpClient-1-5] DEBUG org.asynchttpclient.netty.handler.HttpHandler - 

Request DefaultFullHttpRequest(decodeResult: success, version: HTTP/1.1, content: EmptyByteBufBE)
GET /session/c8cc4273c06351d6be57e4a8193cbaf4/element/115A40C9D44027084FCF234A197FAFD9_element_11/name HTTP/1.1
User-Agent: selenium/4.8.1 (java windows)
Cache-Control: no-cache
Content-Type: application/json; charset=utf-8
host: localhost:8455
accept: */*

Response DefaultHttpResponse(decodeResult: success, version: HTTP/1.1)
HTTP/1.1 200 OK
Content-Length: 18
Content-Type: application/json; charset=utf-8
cache-control: no-cache

18:56:37.079 [AsyncHttpClient-1-5] DEBUG org.asynchttpclient.netty.channel.ChannelManager - Adding key: http://localhost:8455 for channel [id: 0xe5fc4d69, L:/127.0.0.1:62003 - R:localhost/127.0.0.1:8455]
18:56:37.082 [Forwarding isElementEnabled on session c8cc4273c06351d6be57e4a8193cbaf4 to remote] DEBUG org.asynchttpclient.netty.request.NettyRequestSender - Using pooled Channel '[id: 0xe5fc4d69, L:/127.0.0.1:62003 - R:localhost/127.0.0.1:8455]' for 'GET' to 'http://localhost:8455/session/c8cc4273c06351d6be57e4a8193cbaf4/element/115A40C9D44027084FCF234A197FAFD9_element_11/enabled'
18:56:37.082 [Forwarding isElementEnabled on session c8cc4273c06351d6be57e4a8193cbaf4 to remote] DEBUG org.asynchttpclient.netty.request.NettyRequestSender - Using open Channel [id: 0xe5fc4d69, L:/127.0.0.1:62003 - R:localhost/127.0.0.1:8455] for GET '/session/c8cc4273c06351d6be57e4a8193cbaf4/element/115A40C9D44027084FCF234A197FAFD9_element_11/enabled'
18:56:37.089 [AsyncHttpClient-1-5] DEBUG org.asynchttpclient.netty.handler.HttpHandler - 

Request DefaultFullHttpRequest(decodeResult: success, version: HTTP/1.1, content: EmptyByteBufBE)
GET /session/c8cc4273c06351d6be57e4a8193cbaf4/element/115A40C9D44027084FCF234A197FAFD9_element_11/enabled HTTP/1.1
User-Agent: selenium/4.8.1 (java windows)
Cache-Control: no-cache
Content-Type: application/json; charset=utf-8
host: localhost:8455
accept: */*

Response DefaultHttpResponse(decodeResult: success, version: HTTP/1.1)
HTTP/1.1 200 OK
Content-Length: 14
Content-Type: application/json; charset=utf-8
cache-control: no-cache

18:56:37.090 [AsyncHttpClient-1-5] DEBUG org.asynchttpclient.netty.channel.ChannelManager - Adding key: http://localhost:8455 for channel [id: 0xe5fc4d69, L:/127.0.0.1:62003 - R:localhost/127.0.0.1:8455]
18:56:37.091 [Forwarding isElementEnabled on session c8cc4273c06351d6be57e4a8193cbaf4 to remote] DEBUG org.asynchttpclient.netty.request.NettyRequestSender - Using pooled Channel '[id: 0xe5fc4d69, L:/127.0.0.1:62003 - R:localhost/127.0.0.1:8455]' for 'GET' to 'http://localhost:8455/session/c8cc4273c06351d6be57e4a8193cbaf4/element/115A40C9D44027084FCF234A197FAFD9_element_11/enabled'
18:56:37.091 [Forwarding isElementEnabled on session c8cc4273c06351d6be57e4a8193cbaf4 to remote] DEBUG org.asynchttpclient.netty.request.NettyRequestSender - Using open Channel [id: 0xe5fc4d69, L:/127.0.0.1:62003 - R:localhost/127.0.0.1:8455] for GET '/session/c8cc4273c06351d6be57e4a8193cbaf4/element/115A40C9D44027084FCF234A197FAFD9_element_11/enabled'
18:56:37.096 [AsyncHttpClient-1-5] DEBUG org.asynchttpclient.netty.handler.HttpHandler - 

Request DefaultFullHttpRequest(decodeResult: success, version: HTTP/1.1, content: EmptyByteBufBE)
GET /session/c8cc4273c06351d6be57e4a8193cbaf4/element/115A40C9D44027084FCF234A197FAFD9_element_11/enabled HTTP/1.1
User-Agent: selenium/4.8.1 (java windows)
Cache-Control: no-cache
Content-Type: application/json; charset=utf-8
host: localhost:8455
accept: */*

Response DefaultHttpResponse(decodeResult: success, version: HTTP/1.1)
HTTP/1.1 200 OK
Content-Length: 14
Content-Type: application/json; charset=utf-8
cache-control: no-cache

18:56:37.097 [AsyncHttpClient-1-5] DEBUG org.asynchttpclient.netty.channel.ChannelManager - Adding key: http://localhost:8455 for channel [id: 0xe5fc4d69, L:/127.0.0.1:62003 - R:localhost/127.0.0.1:8455]
18:56:37.098 [Forwarding findElement on session c8cc4273c06351d6be57e4a8193cbaf4 to remote] DEBUG org.asynchttpclient.netty.request.NettyRequestSender - Using pooled Channel '[id: 0xe5fc4d69, L:/127.0.0.1:62003 - R:localhost/127.0.0.1:8455]' for 'POST' to 'http://localhost:8455/session/c8cc4273c06351d6be57e4a8193cbaf4/element'
18:56:37.098 [Forwarding findElement on session c8cc4273c06351d6be57e4a8193cbaf4 to remote] DEBUG org.asynchttpclient.netty.request.NettyRequestSender - Using open Channel [id: 0xe5fc4d69, L:/127.0.0.1:62003 - R:localhost/127.0.0.1:8455] for POST '/session/c8cc4273c06351d6be57e4a8193cbaf4/element'
18:56:37.106 [AsyncHttpClient-1-5] DEBUG org.asynchttpclient.netty.handler.HttpHandler - 

Request DefaultHttpRequest(decodeResult: success, version: HTTP/1.1)
POST /session/c8cc4273c06351d6be57e4a8193cbaf4/element HTTP/1.1
User-Agent: selenium/4.8.1 (java windows)
Content-Length: 63
Content-Type: application/json; charset=utf-8
host: localhost:8455
accept: */*

Response DefaultHttpResponse(decodeResult: success, version: HTTP/1.1)
HTTP/1.1 200 OK
Content-Length: 95
Content-Type: application/json; charset=utf-8
cache-control: no-cache

18:56:37.106 [AsyncHttpClient-1-5] DEBUG org.asynchttpclient.netty.channel.ChannelManager - Adding key: http://localhost:8455 for channel [id: 0xe5fc4d69, L:/127.0.0.1:62003 - R:localhost/127.0.0.1:8455]
18:56:37.107 [Forwarding clickElement on session c8cc4273c06351d6be57e4a8193cbaf4 to remote] DEBUG org.asynchttpclient.netty.request.NettyRequestSender - Using pooled Channel '[id: 0xe5fc4d69, L:/127.0.0.1:62003 - R:localhost/127.0.0.1:8455]' for 'POST' to 'http://localhost:8455/session/c8cc4273c06351d6be57e4a8193cbaf4/element/115A40C9D44027084FCF234A197FAFD9_element_11/click'
18:56:37.107 [Forwarding clickElement on session c8cc4273c06351d6be57e4a8193cbaf4 to remote] DEBUG org.asynchttpclient.netty.request.NettyRequestSender - Using open Channel [id: 0xe5fc4d69, L:/127.0.0.1:62003 - R:localhost/127.0.0.1:8455] for POST '/session/c8cc4273c06351d6be57e4a8193cbaf4/element/115A40C9D44027084FCF234A197FAFD9_element_11/click'
18:56:37.144 [AsyncHttpClient-1-5] DEBUG org.asynchttpclient.netty.handler.HttpHandler - 

Request DefaultHttpRequest(decodeResult: success, version: HTTP/1.1)
POST /session/c8cc4273c06351d6be57e4a8193cbaf4/element/115A40C9D44027084FCF234A197FAFD9_element_11/click HTTP/1.1
User-Agent: selenium/4.8.1 (java windows)
Content-Length: 57
Content-Type: application/json; charset=utf-8
host: localhost:8455
accept: */*

Response DefaultHttpResponse(decodeResult: success, version: HTTP/1.1)
HTTP/1.1 200 OK
Content-Length: 14
Content-Type: application/json; charset=utf-8
cache-control: no-cache

18:56:37.150 [AsyncHttpClient-1-5] DEBUG org.asynchttpclient.netty.channel.ChannelManager - Adding key: http://localhost:8455 for channel [id: 0xe5fc4d69, L:/127.0.0.1:62003 - R:localhost/127.0.0.1:8455]
18:56:37.157 [Forwarding getAlertText on session c8cc4273c06351d6be57e4a8193cbaf4 to remote] DEBUG org.asynchttpclient.netty.request.NettyRequestSender - Using pooled Channel '[id: 0xe5fc4d69, L:/127.0.0.1:62003 - R:localhost/127.0.0.1:8455]' for 'GET' to 'http://localhost:8455/session/c8cc4273c06351d6be57e4a8193cbaf4/alert/text'
18:56:37.157 [Forwarding getAlertText on session c8cc4273c06351d6be57e4a8193cbaf4 to remote] DEBUG org.asynchttpclient.netty.request.NettyRequestSender - Using open Channel [id: 0xe5fc4d69, L:/127.0.0.1:62003 - R:localhost/127.0.0.1:8455] for GET '/session/c8cc4273c06351d6be57e4a8193cbaf4/alert/text'
18:56:37.159 [AsyncHttpClient-1-5] DEBUG org.asynchttpclient.netty.handler.HttpHandler - 

Request DefaultFullHttpRequest(decodeResult: success, version: HTTP/1.1, content: EmptyByteBufBE)
GET /session/c8cc4273c06351d6be57e4a8193cbaf4/alert/text HTTP/1.1
User-Agent: selenium/4.8.1 (java windows)
Cache-Control: no-cache
Content-Type: application/json; charset=utf-8
host: localhost:8455
accept: */*

Response DefaultHttpResponse(decodeResult: success, version: HTTP/1.1)
HTTP/1.1 404 Not Found
Content-Length: 821
Content-Type: application/json; charset=utf-8
cache-control: no-cache

18:56:37.160 [AsyncHttpClient-1-5] DEBUG org.asynchttpclient.netty.channel.ChannelManager - Adding key: http://localhost:8455 for channel [id: 0xe5fc4d69, L:/127.0.0.1:62003 - R:localhost/127.0.0.1:8455]
18:56:37.162 [Forwarding getCurrentUrl on session c8cc4273c06351d6be57e4a8193cbaf4 to remote] DEBUG org.asynchttpclient.netty.request.NettyRequestSender - Using pooled Channel '[id: 0xe5fc4d69, L:/127.0.0.1:62003 - R:localhost/127.0.0.1:8455]' for 'GET' to 'http://localhost:8455/session/c8cc4273c06351d6be57e4a8193cbaf4/url'
18:56:37.162 [Forwarding getCurrentUrl on session c8cc4273c06351d6be57e4a8193cbaf4 to remote] DEBUG org.asynchttpclient.netty.request.NettyRequestSender - Using open Channel [id: 0xe5fc4d69, L:/127.0.0.1:62003 - R:localhost/127.0.0.1:8455] for GET '/session/c8cc4273c06351d6be57e4a8193cbaf4/url'
18:56:37.172 [AsyncHttpClient-1-5] DEBUG org.asynchttpclient.netty.handler.HttpHandler - 

Request DefaultFullHttpRequest(decodeResult: success, version: HTTP/1.1, content: EmptyByteBufBE)
GET /session/c8cc4273c06351d6be57e4a8193cbaf4/url HTTP/1.1
User-Agent: selenium/4.8.1 (java windows)
Cache-Control: no-cache
Content-Type: application/json; charset=utf-8
host: localhost:8455
accept: */*

Response DefaultHttpResponse(decodeResult: success, version: HTTP/1.1)
HTTP/1.1 200 OK
Content-Length: 45
Content-Type: application/json; charset=utf-8
cache-control: no-cache

18:56:37.172 [AsyncHttpClient-1-5] DEBUG org.asynchttpclient.netty.channel.ChannelManager - Adding key: http://localhost:8455 for channel [id: 0xe5fc4d69, L:/127.0.0.1:62003 - R:localhost/127.0.0.1:8455]
18:56:37.173 [Forwarding screenshot on session c8cc4273c06351d6be57e4a8193cbaf4 to remote] DEBUG org.asynchttpclient.netty.request.NettyRequestSender - Using pooled Channel '[id: 0xe5fc4d69, L:/127.0.0.1:62003 - R:localhost/127.0.0.1:8455]' for 'GET' to 'http://localhost:8455/session/c8cc4273c06351d6be57e4a8193cbaf4/screenshot'
18:56:37.173 [Forwarding screenshot on session c8cc4273c06351d6be57e4a8193cbaf4 to remote] DEBUG org.asynchttpclient.netty.request.NettyRequestSender - Using open Channel [id: 0xe5fc4d69, L:/127.0.0.1:62003 - R:localhost/127.0.0.1:8455] for GET '/session/c8cc4273c06351d6be57e4a8193cbaf4/screenshot'
18:56:37.267 [AsyncHttpClient-1-5] DEBUG org.asynchttpclient.netty.handler.HttpHandler - 

Request DefaultFullHttpRequest(decodeResult: success, version: HTTP/1.1, content: EmptyByteBufBE)
GET /session/c8cc4273c06351d6be57e4a8193cbaf4/screenshot HTTP/1.1
User-Agent: selenium/4.8.1 (java windows)
Cache-Control: no-cache
Content-Type: application/json; charset=utf-8
host: localhost:8455
accept: */*

Response DefaultHttpResponse(decodeResult: success, version: HTTP/1.1)
HTTP/1.1 200 OK
Content-Length: 35216
Content-Type: application/json; charset=utf-8
cache-control: no-cache

18:56:37.268 [AsyncHttpClient-1-5] DEBUG org.asynchttpclient.netty.channel.ChannelManager - Adding key: http://localhost:8455 for channel [id: 0xe5fc4d69, L:/127.0.0.1:62003 - R:localhost/127.0.0.1:8455]
18:56:37.270 [main] DEBUG net.serenitybdd.core.photography.Darkroom - Send negative for processing for target\site\serenity\95005749dc4771101f81cdc5e83b8e8f11f7bd13c32bb9ea7ecfca60de6a8da3.png
18:56:37.270 [main] DEBUG net.thucydides.core.steps.StepInterceptor - STEP DONE: clickLoginButton
18:56:37.270 [Darkroom Processing Line] DEBUG net.serenitybdd.core.photography.DarkroomProcessingLine - Processing screenshot image in /var/screenshots/screenshot-18121265548014719830
18:56:37.270 [Darkroom Processing Line] DEBUG net.serenitybdd.core.photography.DarkroomProcessingLine - Saving screenshot to target\site\serenity\95005749dc4771101f81cdc5e83b8e8f11f7bd13c32bb9ea7ecfca60de6a8da3.png
  &amp#27;[32mWhen &amp#27;[0m&amp#27;[32mI click on the login button&amp#27;[0m               &amp#27;[90m# starter.stepdefinitions.LoginSteps.clickLoginButton()&amp#27;[0m
18:56:37.279 [Forwarding getPageSource on session c8cc4273c06351d6be57e4a8193cbaf4 to remote] DEBUG org.asynchttpclient.netty.request.NettyRequestSender - Using pooled Channel '[id: 0xe5fc4d69, L:/127.0.0.1:62003 - R:localhost/127.0.0.1:8455]' for 'POST' to 'http://localhost:8455/session/c8cc4273c06351d6be57e4a8193cbaf4/execute/sync'
18:56:37.280 [Forwarding getPageSource on session c8cc4273c06351d6be57e4a8193cbaf4 to remote] DEBUG org.asynchttpclient.netty.request.NettyRequestSender - Using open Channel [id: 0xe5fc4d69, L:/127.0.0.1:62003 - R:localhost/127.0.0.1:8455] for POST '/session/c8cc4273c06351d6be57e4a8193cbaf4/execute/sync'
18:56:37.285 [AsyncHttpClient-1-5] DEBUG org.asynchttpclient.netty.handler.HttpHandler - 

Request DefaultHttpRequest(decodeResult: success, version: HTTP/1.1)
POST /session/c8cc4273c06351d6be57e4a8193cbaf4/execute/sync HTTP/1.1
User-Agent: selenium/4.8.1 (java windows)
Content-Length: 176
Content-Type: application/json; charset=utf-8
host: localhost:8455
accept: */*

Response DefaultHttpResponse(decodeResult: success, version: HTTP/1.1)
HTTP/1.1 200 OK
Content-Length: 9538
Content-Type: application/json; charset=utf-8
cache-control: no-cache

18:56:37.285 [AsyncHttpClient-1-5] DEBUG org.asynchttpclient.netty.channel.ChannelManager - Adding key: http://localhost:8455 for channel [id: 0xe5fc4d69, L:/127.0.0.1:62003 - R:localhost/127.0.0.1:8455]
18:56:37.287 [Forwarding getCurrentUrl on session c8cc4273c06351d6be57e4a8193cbaf4 to remote] DEBUG org.asynchttpclient.netty.request.NettyRequestSender - Using pooled Channel '[id: 0xe5fc4d69, L:/127.0.0.1:62003 - R:localhost/127.0.0.1:8455]' for 'GET' to 'http://localhost:8455/session/c8cc4273c06351d6be57e4a8193cbaf4/url'
18:56:37.287 [Forwarding getCurrentUrl on session c8cc4273c06351d6be57e4a8193cbaf4 to remote] DEBUG org.asynchttpclient.netty.request.NettyRequestSender - Using open Channel [id: 0xe5fc4d69, L:/127.0.0.1:62003 - R:localhost/127.0.0.1:8455] for GET '/session/c8cc4273c06351d6be57e4a8193cbaf4/url'
18:56:37.293 [AsyncHttpClient-1-5] DEBUG org.asynchttpclient.netty.handler.HttpHandler - 

Request DefaultFullHttpRequest(decodeResult: success, version: HTTP/1.1, content: EmptyByteBufBE)
GET /session/c8cc4273c06351d6be57e4a8193cbaf4/url HTTP/1.1
User-Agent: selenium/4.8.1 (java windows)
Cache-Control: no-cache
Content-Type: application/json; charset=utf-8
host: localhost:8455
accept: */*

Response DefaultHttpResponse(decodeResult: success, version: HTTP/1.1)
HTTP/1.1 200 OK
Content-Length: 45
Content-Type: application/json; charset=utf-8
cache-control: no-cache

18:56:37.293 [AsyncHttpClient-1-5] DEBUG org.asynchttpclient.netty.channel.ChannelManager - Adding key: http://localhost:8455 for channel [id: 0xe5fc4d69, L:/127.0.0.1:62003 - R:localhost/127.0.0.1:8455]
18:56:37.300 [Forwarding getPageSource on session c8cc4273c06351d6be57e4a8193cbaf4 to remote] DEBUG org.asynchttpclient.netty.request.NettyRequestSender - Using pooled Channel '[id: 0xe5fc4d69, L:/127.0.0.1:62003 - R:localhost/127.0.0.1:8455]' for 'POST' to 'http://localhost:8455/session/c8cc4273c06351d6be57e4a8193cbaf4/execute/sync'
18:56:37.300 [Forwarding getPageSource on session c8cc4273c06351d6be57e4a8193cbaf4 to remote] DEBUG org.asynchttpclient.netty.request.NettyRequestSender - Using open Channel [id: 0xe5fc4d69, L:/127.0.0.1:62003 - R:localhost/127.0.0.1:8455] for POST '/session/c8cc4273c06351d6be57e4a8193cbaf4/execute/sync'
18:56:37.306 [AsyncHttpClient-1-5] DEBUG org.asynchttpclient.netty.handler.HttpHandler - 

Request DefaultHttpRequest(decodeResult: success, version: HTTP/1.1)
POST /session/c8cc4273c06351d6be57e4a8193cbaf4/execute/sync HTTP/1.1
User-Agent: selenium/4.8.1 (java windows)
Content-Length: 176
Content-Type: application/json; charset=utf-8
host: localhost:8455
accept: */*

Response DefaultHttpResponse(decodeResult: success, version: HTTP/1.1)
HTTP/1.1 200 OK
Content-Length: 9538
Content-Type: application/json; charset=utf-8
cache-control: no-cache

18:56:37.306 [AsyncHttpClient-1-5] DEBUG org.asynchttpclient.netty.channel.ChannelManager - Adding key: http://localhost:8455 for channel [id: 0xe5fc4d69, L:/127.0.0.1:62003 - R:localhost/127.0.0.1:8455]
18:56:37.308 [Forwarding getCurrentUrl on session c8cc4273c06351d6be57e4a8193cbaf4 to remote] DEBUG org.asynchttpclient.netty.request.NettyRequestSender - Using pooled Channel '[id: 0xe5fc4d69, L:/127.0.0.1:62003 - R:localhost/127.0.0.1:8455]' for 'GET' to 'http://localhost:8455/session/c8cc4273c06351d6be57e4a8193cbaf4/url'
18:56:37.308 [Forwarding getCurrentUrl on session c8cc4273c06351d6be57e4a8193cbaf4 to remote] DEBUG org.asynchttpclient.netty.request.NettyRequestSender - Using open Channel [id: 0xe5fc4d69, L:/127.0.0.1:62003 - R:localhost/127.0.0.1:8455] for GET '/session/c8cc4273c06351d6be57e4a8193cbaf4/url'
18:56:37.312 [AsyncHttpClient-1-5] DEBUG org.asynchttpclient.netty.handler.HttpHandler - 

Request DefaultFullHttpRequest(decodeResult: success, version: HTTP/1.1, content: EmptyByteBufBE)
GET /session/c8cc4273c06351d6be57e4a8193cbaf4/url HTTP/1.1
User-Agent: selenium/4.8.1 (java windows)
Cache-Control: no-cache
Content-Type: application/json; charset=utf-8
host: localhost:8455
accept: */*

Response DefaultHttpResponse(decodeResult: success, version: HTTP/1.1)
HTTP/1.1 200 OK
Content-Length: 45
Content-Type: application/json; charset=utf-8
cache-control: no-cache

18:56:37.312 [AsyncHttpClient-1-5] DEBUG org.asynchttpclient.netty.channel.ChannelManager - Adding key: http://localhost:8455 for channel [id: 0xe5fc4d69, L:/127.0.0.1:62003 - R:localhost/127.0.0.1:8455]
18:56:37.314 [main] DEBUG net.thucydides.core.steps.StepInterceptor - STARTING STEP: LoginSteps.checkIncorrectAlert - checkIncorrectAlert
18:56:37.315 [Forwarding findElement on session c8cc4273c06351d6be57e4a8193cbaf4 to remote] DEBUG org.asynchttpclient.netty.request.NettyRequestSender - Using pooled Channel '[id: 0xe5fc4d69, L:/127.0.0.1:62003 - R:localhost/127.0.0.1:8455]' for 'POST' to 'http://localhost:8455/session/c8cc4273c06351d6be57e4a8193cbaf4/element'
18:56:37.316 [Forwarding findElement on session c8cc4273c06351d6be57e4a8193cbaf4 to remote] DEBUG org.asynchttpclient.netty.request.NettyRequestSender - Using open Channel [id: 0xe5fc4d69, L:/127.0.0.1:62003 - R:localhost/127.0.0.1:8455] for POST '/session/c8cc4273c06351d6be57e4a8193cbaf4/element'
18:56:37.460 [AsyncHttpClient-1-1] DEBUG org.asynchttpclient.netty.channel.DefaultChannelPool - Entry count for : http://localhost:62004 : 1
18:56:38.562 [AsyncHttpClient-1-1] DEBUG org.asynchttpclient.netty.channel.DefaultChannelPool - Entry count for : http://localhost:62004 : 1
18:56:39.314 [AsyncHttpClient-1-5] DEBUG org.asynchttpclient.netty.handler.HttpHandler - 

Request DefaultHttpRequest(decodeResult: success, version: HTTP/1.1)
POST /session/c8cc4273c06351d6be57e4a8193cbaf4/element HTTP/1.1
User-Agent: selenium/4.8.1 (java windows)
Content-Length: 123
Content-Type: application/json; charset=utf-8
host: localhost:8455
accept: */*

Response DefaultHttpResponse(decodeResult: success, version: HTTP/1.1)
HTTP/1.1 200 OK
Content-Length: 95
Content-Type: application/json; charset=utf-8
cache-control: no-cache

18:56:39.314 [AsyncHttpClient-1-5] DEBUG org.asynchttpclient.netty.channel.ChannelManager - Adding key: http://localhost:8455 for channel [id: 0xe5fc4d69, L:/127.0.0.1:62003 - R:localhost/127.0.0.1:8455]
18:56:39.317 [Forwarding isElementDisplayed on session c8cc4273c06351d6be57e4a8193cbaf4 to remote] DEBUG org.asynchttpclient.netty.request.NettyRequestSender - Using pooled Channel '[id: 0xe5fc4d69, L:/127.0.0.1:62003 - R:localhost/127.0.0.1:8455]' for 'POST' to 'http://localhost:8455/session/c8cc4273c06351d6be57e4a8193cbaf4/execute/sync'
18:56:39.317 [Forwarding isElementDisplayed on session c8cc4273c06351d6be57e4a8193cbaf4 to remote] DEBUG org.asynchttpclient.netty.request.NettyRequestSender - Using open Channel [id: 0xe5fc4d69, L:/127.0.0.1:62003 - R:localhost/127.0.0.1:8455] for POST '/session/c8cc4273c06351d6be57e4a8193cbaf4/execute/sync'
18:56:39.334 [AsyncHttpClient-1-5] DEBUG org.asynchttpclient.netty.handler.HttpHandler - 

Request DefaultHttpRequest(decodeResult: success, version: HTTP/1.1)
POST /session/c8cc4273c06351d6be57e4a8193cbaf4/execute/sync HTTP/1.1
User-Agent: selenium/4.8.1 (java windows)
Content-Length: 48814
Content-Type: application/json; charset=utf-8
host: localhost:8455
accept: */*

Response DefaultHttpResponse(decodeResult: success, version: HTTP/1.1)
HTTP/1.1 200 OK
Content-Length: 15
Content-Type: application/json; charset=utf-8
cache-control: no-cache

18:56:39.334 [AsyncHttpClient-1-5] DEBUG org.asynchttpclient.netty.channel.ChannelManager - Adding key: http://localhost:8455 for channel [id: 0xe5fc4d69, L:/127.0.0.1:62003 - R:localhost/127.0.0.1:8455]
18:56:39.338 [Forwarding getAlertText on session c8cc4273c06351d6be57e4a8193cbaf4 to remote] DEBUG org.asynchttpclient.netty.request.NettyRequestSender - Using pooled Channel '[id: 0xe5fc4d69, L:/127.0.0.1:62003 - R:localhost/127.0.0.1:8455]' for 'GET' to 'http://localhost:8455/session/c8cc4273c06351d6be57e4a8193cbaf4/alert/text'
18:56:39.338 [Forwarding getAlertText on session c8cc4273c06351d6be57e4a8193cbaf4 to remote] DEBUG org.asynchttpclient.netty.request.NettyRequestSender - Using open Channel [id: 0xe5fc4d69, L:/127.0.0.1:62003 - R:localhost/127.0.0.1:8455] for GET '/session/c8cc4273c06351d6be57e4a8193cbaf4/alert/text'
18:56:39.340 [AsyncHttpClient-1-5] DEBUG org.asynchttpclient.netty.handler.HttpHandler - 

Request DefaultFullHttpRequest(decodeResult: success, version: HTTP/1.1, content: EmptyByteBufBE)
GET /session/c8cc4273c06351d6be57e4a8193cbaf4/alert/text HTTP/1.1
User-Agent: selenium/4.8.1 (java windows)
Cache-Control: no-cache
Content-Type: application/json; charset=utf-8
host: localhost:8455
accept: */*

Response DefaultHttpResponse(decodeResult: success, version: HTTP/1.1)
HTTP/1.1 404 Not Found
Content-Length: 821
Content-Type: application/json; charset=utf-8
cache-control: no-cache

18:56:39.340 [AsyncHttpClient-1-5] DEBUG org.asynchttpclient.netty.channel.ChannelManager - Adding key: http://localhost:8455 for channel [id: 0xe5fc4d69, L:/127.0.0.1:62003 - R:localhost/127.0.0.1:8455]
18:56:39.341 [Forwarding getCurrentUrl on session c8cc4273c06351d6be57e4a8193cbaf4 to remote] DEBUG org.asynchttpclient.netty.request.NettyRequestSender - Using pooled Channel '[id: 0xe5fc4d69, L:/127.0.0.1:62003 - R:localhost/127.0.0.1:8455]' for 'GET' to 'http://localhost:8455/session/c8cc4273c06351d6be57e4a8193cbaf4/url'
18:56:39.341 [Forwarding getCurrentUrl on session c8cc4273c06351d6be57e4a8193cbaf4 to remote] DEBUG org.asynchttpclient.netty.request.NettyRequestSender - Using open Channel [id: 0xe5fc4d69, L:/127.0.0.1:62003 - R:localhost/127.0.0.1:8455] for GET '/session/c8cc4273c06351d6be57e4a8193cbaf4/url'
18:56:39.347 [AsyncHttpClient-1-5] DEBUG org.asynchttpclient.netty.handler.HttpHandler - 

Request DefaultFullHttpRequest(decodeResult: success, version: HTTP/1.1, content: EmptyByteBufBE)
GET /session/c8cc4273c06351d6be57e4a8193cbaf4/url HTTP/1.1
User-Agent: selenium/4.8.1 (java windows)
Cache-Control: no-cache
Content-Type: application/json; charset=utf-8
host: localhost:8455
accept: */*

Response DefaultHttpResponse(decodeResult: success, version: HTTP/1.1)
HTTP/1.1 200 OK
Content-Length: 45
Content-Type: application/json; charset=utf-8
cache-control: no-cache

18:56:39.347 [AsyncHttpClient-1-5] DEBUG org.asynchttpclient.netty.channel.ChannelManager - Adding key: http://localhost:8455 for channel [id: 0xe5fc4d69, L:/127.0.0.1:62003 - R:localhost/127.0.0.1:8455]
18:56:39.348 [Forwarding screenshot on session c8cc4273c06351d6be57e4a8193cbaf4 to remote] DEBUG org.asynchttpclient.netty.request.NettyRequestSender - Using pooled Channel '[id: 0xe5fc4d69, L:/127.0.0.1:62003 - R:localhost/127.0.0.1:8455]' for 'GET' to 'http://localhost:8455/session/c8cc4273c06351d6be57e4a8193cbaf4/screenshot'
18:56:39.348 [Forwarding screenshot on session c8cc4273c06351d6be57e4a8193cbaf4 to remote] DEBUG org.asynchttpclient.netty.request.NettyRequestSender - Using open Channel [id: 0xe5fc4d69, L:/127.0.0.1:62003 - R:localhost/127.0.0.1:8455] for GET '/session/c8cc4273c06351d6be57e4a8193cbaf4/screenshot'
18:56:39.475 [AsyncHttpClient-1-5] DEBUG org.asynchttpclient.netty.handler.HttpHandler - 

Request DefaultFullHttpRequest(decodeResult: success, version: HTTP/1.1, content: EmptyByteBufBE)
GET /session/c8cc4273c06351d6be57e4a8193cbaf4/screenshot HTTP/1.1
User-Agent: selenium/4.8.1 (java windows)
Cache-Control: no-cache
Content-Type: application/json; charset=utf-8
host: localhost:8455
accept: */*

Response DefaultHttpResponse(decodeResult: success, version: HTTP/1.1)
HTTP/1.1 200 OK
Content-Length: 35228
Content-Type: application/json; charset=utf-8
cache-control: no-cache

18:56:39.475 [AsyncHttpClient-1-5] DEBUG org.asynchttpclient.netty.channel.ChannelManager - Adding key: http://localhost:8455 for channel [id: 0xe5fc4d69, L:/127.0.0.1:62003 - R:localhost/127.0.0.1:8455]
18:56:39.477 [main] DEBUG net.serenitybdd.core.photography.Darkroom - Send negative for processing for target\site\serenity\73c7c122a13362330edebd9e24e3f728fadf2f822d6b3929aa6f9ce48168541a.png
18:56:39.477 [main] DEBUG net.thucydides.core.steps.StepInterceptor - STEP DONE: checkIncorrectAlert
18:56:39.477 [Darkroom Processing Line] DEBUG net.serenitybdd.core.photography.DarkroomProcessingLine - Processing screenshot image in /var/screenshots/screenshot-1821879405807593291
18:56:39.477 [Darkroom Processing Line] DEBUG net.serenitybdd.core.photography.DarkroomProcessingLine - Saving screenshot to target\site\serenity\73c7c122a13362330edebd9e24e3f728fadf2f822d6b3929aa6f9ce48168541a.png
  &amp#27;[32mThen &amp#27;[0m&amp#27;[32mI should see incorrect alert notification&amp#27;[0m &amp#27;[90m# starter.stepdefinitions.LoginSteps.checkIncorrectAlert()&amp#27;[0m
18:56:39.482 [main] INFO  - 
  _____   ___   ___   _____     ___     _     ___   ___   ___   ___  
 |_   _| | __| / __| |_   _|   | _ \   /_\   / __| / __| | __| |   \ 
   | |   | _|  \__ \   | |     |  _/  / _ \  \__ \ \__ \ | _|  | |) |
   |_|   |___| |___/   |_|     |_|   /_/ \_\ |___/ |___/ |___| |___/ 

Login with incorrect password
----------------------------------------------------------------------
18:56:39.484 [Driver Command Executor] DEBUG org.asynchttpclient.netty.request.NettyRequestSender - Using pooled Channel '[id: 0xe5fc4d69, L:/127.0.0.1:62003 - R:localhost/127.0.0.1:8455]' for 'DELETE' to 'http://localhost:8455/session/c8cc4273c06351d6be57e4a8193cbaf4'
18:56:39.484 [AsyncHttpClient-1-7] DEBUG org.asynchttpclient.netty.handler.WebSocketHandler - Channel Closed: [id: 0x75ff8199, L:/127.0.0.1:62011 ! R:localhost/127.0.0.1:62004] with attribute NettyResponseFuture{currentRetry=0,
	isDone=1,
	isCancelled=0,
	asyncHandler=org.asynchttpclient.ws.WebSocketUpgradeHandler@779d4ce9,
	nettyRequest=org.asynchttpclient.netty.request.NettyRequest@329fcc7e,
	future=java.util.concurrent.CompletableFuture@66127c5b[Completed normally],
	uri=ws://localhost:62004/devtools/browser/3283778c-253b-4eff-bcdb-87e112359f4b,
	keepAlive=true,
	redirectCount=0,
	timeoutsHolder=null,
	inAuth=0,
	touch=1687780595199}
18:56:39.484 [Driver Command Executor] DEBUG org.asynchttpclient.netty.request.NettyRequestSender - Using open Channel [id: 0xe5fc4d69, L:/127.0.0.1:62003 - R:localhost/127.0.0.1:8455] for DELETE '/session/c8cc4273c06351d6be57e4a8193cbaf4'
18:56:39.484 [AsyncHttpClient-1-7] DEBUG org.asynchttpclient.netty.channel.ChannelManager - Closing Channel [id: 0x75ff8199, L:/127.0.0.1:62011 ! R:localhost/127.0.0.1:62004] 
18:56:39.522 [AsyncHttpClient-1-6] DEBUG org.asynchttpclient.netty.handler.HttpHandler - Unexpected I/O exception on channel [id: 0x3476b6c4, L:/127.0.0.1:62010 - R:localhost/127.0.0.1:62004]
java.net.SocketException: Connection reset
	at java.base/sun.nio.ch.SocketChannelImpl.throwConnectionReset(SocketChannelImpl.java:367)
	at java.base/sun.nio.ch.SocketChannelImpl.read(SocketChannelImpl.java:398)
	at io.netty.buffer.PooledByteBuf.setBytes(PooledByteBuf.java:259)
	at io.netty.buffer.AbstractByteBuf.writeBytes(AbstractByteBuf.java:1132)
	at io.netty.buffer.WrappedByteBuf.writeBytes(WrappedByteBuf.java:821)
	at io.netty.channel.socket.nio.NioSocketChannel.doReadBytes(NioSocketChannel.java:357)
	at io.netty.channel.nio.AbstractNioByteChannel$NioByteUnsafe.read(AbstractNioByteChannel.java:151)
	at io.netty.channel.nio.NioEventLoop.processSelectedKey(NioEventLoop.java:788)
	at io.netty.channel.nio.NioEventLoop.processSelectedKeysOptimized(NioEventLoop.java:724)
	at io.netty.channel.nio.NioEventLoop.processSelectedKeys(NioEventLoop.java:650)
	at io.netty.channel.nio.NioEventLoop.run(NioEventLoop.java:562)
	at io.netty.util.concurrent.SingleThreadEventExecutor$4.run(SingleThreadEventExecutor.java:997)
	at io.netty.util.internal.ThreadExecutorMap$2.run(ThreadExecutorMap.java:74)
	at io.netty.util.concurrent.FastThreadLocalRunnable.run(FastThreadLocalRunnable.java:30)
	at java.base/java.lang.Thread.run(Thread.java:832)
18:56:39.522 [AsyncHttpClient-1-6] DEBUG org.asynchttpclient.netty.channel.ChannelManager - Closing Channel [id: 0x3476b6c4, L:/127.0.0.1:62010 - R:localhost/127.0.0.1:62004] 
18:56:39.522 [AsyncHttpClient-1-6] DEBUG org.asynchttpclient.netty.handler.HttpHandler - Channel Closed: [id: 0x3476b6c4, L:/127.0.0.1:62010 ! R:localhost/127.0.0.1:62004] with attribute DISCARD
18:56:39.545 [AsyncHttpClient-1-5] DEBUG org.asynchttpclient.netty.handler.HttpHandler - 

Request DefaultFullHttpRequest(decodeResult: success, version: HTTP/1.1, content: EmptyByteBufBE)
DELETE /session/c8cc4273c06351d6be57e4a8193cbaf4 HTTP/1.1
User-Agent: selenium/4.8.1 (java windows)
Content-Type: application/json; charset=utf-8
host: localhost:8455
accept: */*

Response DefaultHttpResponse(decodeResult: success, version: HTTP/1.1)
HTTP/1.1 200 OK
Content-Length: 14
Content-Type: application/json; charset=utf-8
cache-control: no-cache

18:56:39.545 [AsyncHttpClient-1-5] DEBUG org.asynchttpclient.netty.channel.ChannelManager - Adding key: http://localhost:8455 for channel [id: 0xe5fc4d69, L:/127.0.0.1:62003 - R:localhost/127.0.0.1:8455]
18:56:39.612 [AsyncHttpClient-1-5] DEBUG org.asynchttpclient.netty.handler.HttpHandler - Channel Closed: [id: 0xe5fc4d69, L:/127.0.0.1:62003 ! R:localhost/127.0.0.1:8455] with attribute DISCARD
18:56:39.665 [AsyncHttpClient-1-1] DEBUG org.asynchttpclient.netty.channel.DefaultChannelPool - Entry count for : http://localhost:62004 : 1
18:56:39.665 [AsyncHttpClient-1-1] DEBUG org.asynchttpclient.netty.channel.DefaultChannelPool - Entry count for : http://localhost:8455 : 1
18:56:39.665 [AsyncHttpClient-1-1] DEBUG org.asynchttpclient.netty.channel.DefaultChannelPool - Adding Candidate expired Channel [id: 0x3476b6c4, L:/127.0.0.1:62010 ! R:localhost/127.0.0.1:62004] isIdleTimeoutExpired=false isRemotelyClosed=true isTtlExpired=false
18:56:39.665 [AsyncHttpClient-1-1] DEBUG org.asynchttpclient.netty.channel.DefaultChannelPool - Closing Idle Channel [id: 0x3476b6c4, L:/127.0.0.1:62010 ! R:localhost/127.0.0.1:62004]
18:56:39.665 [AsyncHttpClient-1-1] DEBUG org.asynchttpclient.netty.channel.DefaultChannelPool - Adding Candidate expired Channel [id: 0xe5fc4d69, L:/127.0.0.1:62003 ! R:localhost/127.0.0.1:8455] isIdleTimeoutExpired=false isRemotelyClosed=true isTtlExpired=false
18:56:39.665 [AsyncHttpClient-1-1] DEBUG org.asynchttpclient.netty.channel.DefaultChannelPool - Closing Idle Channel [id: 0xe5fc4d69, L:/127.0.0.1:62003 ! R:localhost/127.0.0.1:8455]
18:56:39.665 [AsyncHttpClient-1-1] DEBUG org.asynchttpclient.netty.channel.DefaultChannelPool - Closed 2 connections out of 2 in 0 ms
]]></system-out>
    <system-err><![CDATA[Starting ChromeDriver 114.0.5735.16 (7e1ff058633f5b79b1cd7479aca585ba385519d8-refs/branch-heads/5735@{#182}) on port 8455
Only local connections are allowed.
Please see https://chromedriver.chromium.org/security-considerations for suggestions on keeping ChromeDriver safe.
ChromeDriver was started successfully.
Jun 26, 2023 6:56:35 PM org.openqa.selenium.devtools.CdpVersionFinder findNearestMatch
WARNING: Unable to find an exact match for CDP version 114, so returning the closest version found: 110
]]></system-err>
  </testcase>
  <testcase name="Login with incorrect email" classname="Login to Sociops Admin Account" time="4.749">
    <system-out><![CDATA[
Scenario: Login with incorrect email             &amp#27;[90m# src/test/resources/features/Login.feature:21&amp#27;[0m
18:56:40.155 [main] DEBUG io.cucumber.core.plugin.SerenityReporter - Running feature from file:///C:/Users/WINDOWS%2010/Documents/GitHub/Capstone/sociops_qe_web/src/test/resources/features/Login.feature
18:56:40.159 [main] INFO  - 
  _____   ___   ___   _____     ___   _____     _     ___   _____   ___   ___  
 |_   _| | __| / __| |_   _|   / __| |_   _|   /_\   | _ \ |_   _| | __| |   \ 
   | |   | _|  \__ \   | |     \__ \   | |    / _ \  |   /   | |   | _|  | |) |
   |_|   |___| |___/   |_|     |___/   |_|   /_/ \_\ |_|_\   |_|   |___| |___/ 

Login with incorrect email(login-to-sociops-admin-account;login-with-incorrect-email)
--------------------------------------------------------------------------------
18:56:40.189 [main] DEBUG net.thucydides.core.steps.StepInterceptor - STARTING STEP: LoginSteps.onTheLoginPage - openPage
18:56:40.233 [main] INFO net.serenitybdd.core.webdriver.driverproviders.ChromeDriverProvider - Starting Chrome driver instance with capabilities:
18:56:40.233 [main] INFO net.serenitybdd.core.webdriver.driverproviders.ChromeDriverProvider - Capabilities {acceptInsecureCerts: false, browserName: chrome, goog:chromeOptions: {args: [remote-allow-origins=*], extensions: []}}
18:56:40.312 [AsyncHttpClient-1-8] DEBUG org.asynchttpclient.netty.channel.NettyConnectListener - Using new Channel '[id: 0xc0d31f2a, L:/127.0.0.1:62026 - R:localhost/127.0.0.1:4228]' for 'POST' to '/session'
18:56:40.993 [AsyncHttpClient-1-8] DEBUG org.asynchttpclient.netty.handler.HttpHandler - 

Request DefaultHttpRequest(decodeResult: success, version: HTTP/1.1)
POST /session HTTP/1.1
User-Agent: selenium/4.8.1 (java windows)
Content-Length: 507
Content-Type: application/json; charset=utf-8
host: localhost:4228
accept: */*

Response DefaultHttpResponse(decodeResult: success, version: HTTP/1.1)
HTTP/1.1 200 OK
Content-Length: 862
Content-Type: application/json; charset=utf-8
cache-control: no-cache

18:56:40.993 [AsyncHttpClient-1-8] DEBUG org.asynchttpclient.netty.channel.ChannelManager - Adding key: http://localhost:4228 for channel [id: 0xc0d31f2a, L:/127.0.0.1:62026 - R:localhost/127.0.0.1:4228]
18:56:41.000 [AsyncHttpClient-1-9] DEBUG org.asynchttpclient.netty.channel.NettyConnectListener - Using new Channel '[id: 0x89f6e6d9, L:/127.0.0.1:62036 - R:localhost/127.0.0.1:62028]' for 'GET' to '/json/version'
18:56:41.003 [AsyncHttpClient-1-9] DEBUG org.asynchttpclient.netty.handler.HttpHandler - 

Request DefaultFullHttpRequest(decodeResult: success, version: HTTP/1.1, content: EmptyByteBufBE)
GET /json/version HTTP/1.1
User-Agent: selenium/4.8.1 (java windows)
host: localhost:62028
accept: */*

Response DefaultHttpResponse(decodeResult: success, version: HTTP/1.1)
HTTP/1.1 200 OK
Content-Security-Policy: frame-ancestors 'none'
Content-Length: 424
Content-Type: application/json; charset=UTF-8

18:56:41.003 [AsyncHttpClient-1-9] DEBUG org.asynchttpclient.netty.channel.ChannelManager - Adding key: http://localhost:62028 for channel [id: 0x89f6e6d9, L:/127.0.0.1:62036 - R:localhost/127.0.0.1:62028]
18:56:41.006 [AsyncHttpClient-1-10] DEBUG org.asynchttpclient.netty.channel.NettyConnectListener - Using new Channel '[id: 0xda2849b3, L:/127.0.0.1:62037 - R:localhost/127.0.0.1:62028]' for 'GET' to '/devtools/browser/dfb6f873-2236-456e-bff6-eee2e902ab5f'
18:56:41.008 [AsyncHttpClient-1-10] DEBUG org.asynchttpclient.netty.handler.WebSocketHandler - 

Request DefaultFullHttpRequest(decodeResult: success, version: HTTP/1.1, content: EmptyByteBufBE)
GET /devtools/browser/dfb6f873-2236-456e-bff6-eee2e902ab5f HTTP/1.1
upgrade: websocket
connection: upgrade
sec-websocket-key: lIE86PfnBlXoRO0/WuGxsw==
sec-websocket-version: 13
origin: http://localhost:62028
host: localhost:62028
accept: */*
user-agent: AHC/2.1

Response DefaultHttpResponse(decodeResult: success, version: HTTP/1.1)
HTTP/1.1 101 WebSocket Protocol Handshake
Upgrade: WebSocket
Connection: Upgrade
Sec-WebSocket-Accept: 8KB3RELeVuZH6ashQ/zseT/9mfo=

18:56:41.012 [Forwarding get on session 49e503c1297baf2707227c334e762f58 to remote] DEBUG org.asynchttpclient.netty.request.NettyRequestSender - Using pooled Channel '[id: 0xc0d31f2a, L:/127.0.0.1:62026 - R:localhost/127.0.0.1:4228]' for 'POST' to 'http://localhost:4228/session/49e503c1297baf2707227c334e762f58/url'
18:56:41.012 [Forwarding get on session 49e503c1297baf2707227c334e762f58 to remote] DEBUG org.asynchttpclient.netty.request.NettyRequestSender - Using open Channel [id: 0xc0d31f2a, L:/127.0.0.1:62026 - R:localhost/127.0.0.1:4228] for POST '/session/49e503c1297baf2707227c334e762f58/url'
18:56:41.697 [AsyncHttpClient-1-8] DEBUG org.asynchttpclient.netty.handler.HttpHandler - 

Request DefaultHttpRequest(decodeResult: success, version: HTTP/1.1)
POST /session/49e503c1297baf2707227c334e762f58/url HTTP/1.1
User-Agent: selenium/4.8.1 (java windows)
Content-Length: 63
Content-Type: application/json; charset=utf-8
host: localhost:4228
accept: */*

Response DefaultHttpResponse(decodeResult: success, version: HTTP/1.1)
HTTP/1.1 200 OK
Content-Length: 14
Content-Type: application/json; charset=utf-8
cache-control: no-cache

18:56:41.698 [AsyncHttpClient-1-8] DEBUG org.asynchttpclient.netty.channel.ChannelManager - Adding key: http://localhost:4228 for channel [id: 0xc0d31f2a, L:/127.0.0.1:62026 - R:localhost/127.0.0.1:4228]
18:56:41.700 [Forwarding setTimeout on session 49e503c1297baf2707227c334e762f58 to remote] DEBUG org.asynchttpclient.netty.request.NettyRequestSender - Using pooled Channel '[id: 0xc0d31f2a, L:/127.0.0.1:62026 - R:localhost/127.0.0.1:4228]' for 'POST' to 'http://localhost:4228/session/49e503c1297baf2707227c334e762f58/timeouts'
18:56:41.700 [Forwarding setTimeout on session 49e503c1297baf2707227c334e762f58 to remote] DEBUG org.asynchttpclient.netty.request.NettyRequestSender - Using open Channel [id: 0xc0d31f2a, L:/127.0.0.1:62026 - R:localhost/127.0.0.1:4228] for POST '/session/49e503c1297baf2707227c334e762f58/timeouts'
18:56:41.701 [AsyncHttpClient-1-8] DEBUG org.asynchttpclient.netty.handler.HttpHandler - 

Request DefaultHttpRequest(decodeResult: success, version: HTTP/1.1)
POST /session/49e503c1297baf2707227c334e762f58/timeouts HTTP/1.1
User-Agent: selenium/4.8.1 (java windows)
Content-Length: 22
Content-Type: application/json; charset=utf-8
host: localhost:4228
accept: */*

Response DefaultHttpResponse(decodeResult: success, version: HTTP/1.1)
HTTP/1.1 200 OK
Content-Length: 14
Content-Type: application/json; charset=utf-8
cache-control: no-cache

18:56:41.701 [AsyncHttpClient-1-8] DEBUG org.asynchttpclient.netty.channel.ChannelManager - Adding key: http://localhost:4228 for channel [id: 0xc0d31f2a, L:/127.0.0.1:62026 - R:localhost/127.0.0.1:4228]
18:56:41.708 [Forwarding getAlertText on session 49e503c1297baf2707227c334e762f58 to remote] DEBUG org.asynchttpclient.netty.request.NettyRequestSender - Using pooled Channel '[id: 0xc0d31f2a, L:/127.0.0.1:62026 - R:localhost/127.0.0.1:4228]' for 'GET' to 'http://localhost:4228/session/49e503c1297baf2707227c334e762f58/alert/text'
18:56:41.708 [Forwarding getAlertText on session 49e503c1297baf2707227c334e762f58 to remote] DEBUG org.asynchttpclient.netty.request.NettyRequestSender - Using open Channel [id: 0xc0d31f2a, L:/127.0.0.1:62026 - R:localhost/127.0.0.1:4228] for GET '/session/49e503c1297baf2707227c334e762f58/alert/text'
18:56:41.710 [AsyncHttpClient-1-8] DEBUG org.asynchttpclient.netty.handler.HttpHandler - 

Request DefaultFullHttpRequest(decodeResult: success, version: HTTP/1.1, content: EmptyByteBufBE)
GET /session/49e503c1297baf2707227c334e762f58/alert/text HTTP/1.1
User-Agent: selenium/4.8.1 (java windows)
Cache-Control: no-cache
Content-Type: application/json; charset=utf-8
host: localhost:4228
accept: */*

Response DefaultHttpResponse(decodeResult: success, version: HTTP/1.1)
HTTP/1.1 404 Not Found
Content-Length: 821
Content-Type: application/json; charset=utf-8
cache-control: no-cache

18:56:41.710 [AsyncHttpClient-1-8] DEBUG org.asynchttpclient.netty.channel.ChannelManager - Adding key: http://localhost:4228 for channel [id: 0xc0d31f2a, L:/127.0.0.1:62026 - R:localhost/127.0.0.1:4228]
18:56:41.711 [Forwarding getCurrentUrl on session 49e503c1297baf2707227c334e762f58 to remote] DEBUG org.asynchttpclient.netty.request.NettyRequestSender - Using pooled Channel '[id: 0xc0d31f2a, L:/127.0.0.1:62026 - R:localhost/127.0.0.1:4228]' for 'GET' to 'http://localhost:4228/session/49e503c1297baf2707227c334e762f58/url'
18:56:41.712 [Forwarding getCurrentUrl on session 49e503c1297baf2707227c334e762f58 to remote] DEBUG org.asynchttpclient.netty.request.NettyRequestSender - Using open Channel [id: 0xc0d31f2a, L:/127.0.0.1:62026 - R:localhost/127.0.0.1:4228] for GET '/session/49e503c1297baf2707227c334e762f58/url'
18:56:41.717 [AsyncHttpClient-1-8] DEBUG org.asynchttpclient.netty.handler.HttpHandler - 

Request DefaultFullHttpRequest(decodeResult: success, version: HTTP/1.1, content: EmptyByteBufBE)
GET /session/49e503c1297baf2707227c334e762f58/url HTTP/1.1
User-Agent: selenium/4.8.1 (java windows)
Cache-Control: no-cache
Content-Type: application/json; charset=utf-8
host: localhost:4228
accept: */*

Response DefaultHttpResponse(decodeResult: success, version: HTTP/1.1)
HTTP/1.1 200 OK
Content-Length: 45
Content-Type: application/json; charset=utf-8
cache-control: no-cache

18:56:41.717 [AsyncHttpClient-1-8] DEBUG org.asynchttpclient.netty.channel.ChannelManager - Adding key: http://localhost:4228 for channel [id: 0xc0d31f2a, L:/127.0.0.1:62026 - R:localhost/127.0.0.1:4228]
18:56:41.718 [Forwarding screenshot on session 49e503c1297baf2707227c334e762f58 to remote] DEBUG org.asynchttpclient.netty.request.NettyRequestSender - Using pooled Channel '[id: 0xc0d31f2a, L:/127.0.0.1:62026 - R:localhost/127.0.0.1:4228]' for 'GET' to 'http://localhost:4228/session/49e503c1297baf2707227c334e762f58/screenshot'
18:56:41.718 [Forwarding screenshot on session 49e503c1297baf2707227c334e762f58 to remote] DEBUG org.asynchttpclient.netty.request.NettyRequestSender - Using open Channel [id: 0xc0d31f2a, L:/127.0.0.1:62026 - R:localhost/127.0.0.1:4228] for GET '/session/49e503c1297baf2707227c334e762f58/screenshot'
18:56:41.863 [AsyncHttpClient-1-1] DEBUG org.asynchttpclient.netty.channel.DefaultChannelPool - Entry count for : http://localhost:62028 : 1
18:56:41.973 [AsyncHttpClient-1-8] DEBUG org.asynchttpclient.netty.handler.HttpHandler - 

Request DefaultFullHttpRequest(decodeResult: success, version: HTTP/1.1, content: EmptyByteBufBE)
GET /session/49e503c1297baf2707227c334e762f58/screenshot HTTP/1.1
User-Agent: selenium/4.8.1 (java windows)
Cache-Control: no-cache
Content-Type: application/json; charset=utf-8
host: localhost:4228
accept: */*

Response DefaultHttpResponse(decodeResult: success, version: HTTP/1.1)
HTTP/1.1 200 OK
Content-Length: 35188
Content-Type: application/json; charset=utf-8
cache-control: no-cache

18:56:41.973 [AsyncHttpClient-1-8] DEBUG org.asynchttpclient.netty.channel.ChannelManager - Adding key: http://localhost:4228 for channel [id: 0xc0d31f2a, L:/127.0.0.1:62026 - R:localhost/127.0.0.1:4228]
18:56:41.974 [main] DEBUG net.serenitybdd.core.photography.Darkroom - Send negative for processing for target\site\serenity\e1a043f79cde61fd83c796824eb14028e2e774bcf48939784252612fe1cf5b50.png
18:56:41.975 [main] DEBUG net.thucydides.core.steps.StepInterceptor - STEP DONE: openPage
  &amp#27;[32mGiven &amp#27;[0m&amp#27;[32mI am on the sociops login page&amp#27;[0m           &amp#27;[90m# starter.stepdefinitions.LoginSteps.onTheLoginPage()&amp#27;[0m
18:56:41.981 [Forwarding getPageSource on session 49e503c1297baf2707227c334e762f58 to remote] DEBUG org.asynchttpclient.netty.request.NettyRequestSender - Using pooled Channel '[id: 0xc0d31f2a, L:/127.0.0.1:62026 - R:localhost/127.0.0.1:4228]' for 'POST' to 'http://localhost:4228/session/49e503c1297baf2707227c334e762f58/execute/sync'
18:56:41.981 [Forwarding getPageSource on session 49e503c1297baf2707227c334e762f58 to remote] DEBUG org.asynchttpclient.netty.request.NettyRequestSender - Using open Channel [id: 0xc0d31f2a, L:/127.0.0.1:62026 - R:localhost/127.0.0.1:4228] for POST '/session/49e503c1297baf2707227c334e762f58/execute/sync'
18:56:41.987 [AsyncHttpClient-1-8] DEBUG org.asynchttpclient.netty.handler.HttpHandler - 

Request DefaultHttpRequest(decodeResult: success, version: HTTP/1.1)
POST /session/49e503c1297baf2707227c334e762f58/execute/sync HTTP/1.1
User-Agent: selenium/4.8.1 (java windows)
Content-Length: 176
Content-Type: application/json; charset=utf-8
host: localhost:4228
accept: */*

Response DefaultHttpResponse(decodeResult: success, version: HTTP/1.1)
HTTP/1.1 200 OK
Content-Length: 9538
Content-Type: application/json; charset=utf-8
cache-control: no-cache

18:56:41.987 [AsyncHttpClient-1-8] DEBUG org.asynchttpclient.netty.channel.ChannelManager - Adding key: http://localhost:4228 for channel [id: 0xc0d31f2a, L:/127.0.0.1:62026 - R:localhost/127.0.0.1:4228]
18:56:41.989 [Forwarding getCurrentUrl on session 49e503c1297baf2707227c334e762f58 to remote] DEBUG org.asynchttpclient.netty.request.NettyRequestSender - Using pooled Channel '[id: 0xc0d31f2a, L:/127.0.0.1:62026 - R:localhost/127.0.0.1:4228]' for 'GET' to 'http://localhost:4228/session/49e503c1297baf2707227c334e762f58/url'
18:56:41.989 [Forwarding getCurrentUrl on session 49e503c1297baf2707227c334e762f58 to remote] DEBUG org.asynchttpclient.netty.request.NettyRequestSender - Using open Channel [id: 0xc0d31f2a, L:/127.0.0.1:62026 - R:localhost/127.0.0.1:4228] for GET '/session/49e503c1297baf2707227c334e762f58/url'
18:56:41.994 [AsyncHttpClient-1-8] DEBUG org.asynchttpclient.netty.handler.HttpHandler - 

Request DefaultFullHttpRequest(decodeResult: success, version: HTTP/1.1, content: EmptyByteBufBE)
GET /session/49e503c1297baf2707227c334e762f58/url HTTP/1.1
User-Agent: selenium/4.8.1 (java windows)
Cache-Control: no-cache
Content-Type: application/json; charset=utf-8
host: localhost:4228
accept: */*

Response DefaultHttpResponse(decodeResult: success, version: HTTP/1.1)
HTTP/1.1 200 OK
Content-Length: 45
Content-Type: application/json; charset=utf-8
cache-control: no-cache

18:56:41.995 [AsyncHttpClient-1-8] DEBUG org.asynchttpclient.netty.channel.ChannelManager - Adding key: http://localhost:4228 for channel [id: 0xc0d31f2a, L:/127.0.0.1:62026 - R:localhost/127.0.0.1:4228]
18:56:42.003 [Forwarding getPageSource on session 49e503c1297baf2707227c334e762f58 to remote] DEBUG org.asynchttpclient.netty.request.NettyRequestSender - Using pooled Channel '[id: 0xc0d31f2a, L:/127.0.0.1:62026 - R:localhost/127.0.0.1:4228]' for 'POST' to 'http://localhost:4228/session/49e503c1297baf2707227c334e762f58/execute/sync'
18:56:42.003 [Forwarding getPageSource on session 49e503c1297baf2707227c334e762f58 to remote] DEBUG org.asynchttpclient.netty.request.NettyRequestSender - Using open Channel [id: 0xc0d31f2a, L:/127.0.0.1:62026 - R:localhost/127.0.0.1:4228] for POST '/session/49e503c1297baf2707227c334e762f58/execute/sync'
18:56:42.009 [AsyncHttpClient-1-8] DEBUG org.asynchttpclient.netty.handler.HttpHandler - 

Request DefaultHttpRequest(decodeResult: success, version: HTTP/1.1)
POST /session/49e503c1297baf2707227c334e762f58/execute/sync HTTP/1.1
User-Agent: selenium/4.8.1 (java windows)
Content-Length: 176
Content-Type: application/json; charset=utf-8
host: localhost:4228
accept: */*

Response DefaultHttpResponse(decodeResult: success, version: HTTP/1.1)
HTTP/1.1 200 OK
Content-Length: 9538
Content-Type: application/json; charset=utf-8
cache-control: no-cache

18:56:42.009 [AsyncHttpClient-1-8] DEBUG org.asynchttpclient.netty.channel.ChannelManager - Adding key: http://localhost:4228 for channel [id: 0xc0d31f2a, L:/127.0.0.1:62026 - R:localhost/127.0.0.1:4228]
18:56:42.011 [Forwarding getCurrentUrl on session 49e503c1297baf2707227c334e762f58 to remote] DEBUG org.asynchttpclient.netty.request.NettyRequestSender - Using pooled Channel '[id: 0xc0d31f2a, L:/127.0.0.1:62026 - R:localhost/127.0.0.1:4228]' for 'GET' to 'http://localhost:4228/session/49e503c1297baf2707227c334e762f58/url'
18:56:42.011 [Forwarding getCurrentUrl on session 49e503c1297baf2707227c334e762f58 to remote] DEBUG org.asynchttpclient.netty.request.NettyRequestSender - Using open Channel [id: 0xc0d31f2a, L:/127.0.0.1:62026 - R:localhost/127.0.0.1:4228] for GET '/session/49e503c1297baf2707227c334e762f58/url'
18:56:42.015 [AsyncHttpClient-1-8] DEBUG org.asynchttpclient.netty.handler.HttpHandler - 

Request DefaultFullHttpRequest(decodeResult: success, version: HTTP/1.1, content: EmptyByteBufBE)
GET /session/49e503c1297baf2707227c334e762f58/url HTTP/1.1
User-Agent: selenium/4.8.1 (java windows)
Cache-Control: no-cache
Content-Type: application/json; charset=utf-8
host: localhost:4228
accept: */*

Response DefaultHttpResponse(decodeResult: success, version: HTTP/1.1)
HTTP/1.1 200 OK
Content-Length: 45
Content-Type: application/json; charset=utf-8
cache-control: no-cache

18:56:42.015 [AsyncHttpClient-1-8] DEBUG org.asynchttpclient.netty.channel.ChannelManager - Adding key: http://localhost:4228 for channel [id: 0xc0d31f2a, L:/127.0.0.1:62026 - R:localhost/127.0.0.1:4228]
18:56:42.016 [main] DEBUG net.thucydides.core.steps.StepInterceptor - STARTING STEP: LoginSteps.inputIncorrectEmail - inputEmail
18:56:42.019 [Forwarding findElement on session 49e503c1297baf2707227c334e762f58 to remote] DEBUG org.asynchttpclient.netty.request.NettyRequestSender - Using pooled Channel '[id: 0xc0d31f2a, L:/127.0.0.1:62026 - R:localhost/127.0.0.1:4228]' for 'POST' to 'http://localhost:4228/session/49e503c1297baf2707227c334e762f58/element'
18:56:42.019 [Forwarding findElement on session 49e503c1297baf2707227c334e762f58 to remote] DEBUG org.asynchttpclient.netty.request.NettyRequestSender - Using open Channel [id: 0xc0d31f2a, L:/127.0.0.1:62026 - R:localhost/127.0.0.1:4228] for POST '/session/49e503c1297baf2707227c334e762f58/element'
18:56:42.033 [AsyncHttpClient-1-8] DEBUG org.asynchttpclient.netty.handler.HttpHandler - 

Request DefaultHttpRequest(decodeResult: success, version: HTTP/1.1)
POST /session/49e503c1297baf2707227c334e762f58/element HTTP/1.1
User-Agent: selenium/4.8.1 (java windows)
Content-Length: 59
Content-Type: application/json; charset=utf-8
host: localhost:4228
accept: */*

Response DefaultHttpResponse(decodeResult: success, version: HTTP/1.1)
HTTP/1.1 200 OK
Content-Length: 94
Content-Type: application/json; charset=utf-8
cache-control: no-cache

18:56:42.034 [AsyncHttpClient-1-8] DEBUG org.asynchttpclient.netty.channel.ChannelManager - Adding key: http://localhost:4228 for channel [id: 0xc0d31f2a, L:/127.0.0.1:62026 - R:localhost/127.0.0.1:4228]
18:56:42.034 [Forwarding clearElement on session 49e503c1297baf2707227c334e762f58 to remote] DEBUG org.asynchttpclient.netty.request.NettyRequestSender - Using pooled Channel '[id: 0xc0d31f2a, L:/127.0.0.1:62026 - R:localhost/127.0.0.1:4228]' for 'POST' to 'http://localhost:4228/session/49e503c1297baf2707227c334e762f58/element/D6404AA8C44A1CCE9838125E0B9DC619_element_7/clear'
18:56:42.035 [Forwarding clearElement on session 49e503c1297baf2707227c334e762f58 to remote] DEBUG org.asynchttpclient.netty.request.NettyRequestSender - Using open Channel [id: 0xc0d31f2a, L:/127.0.0.1:62026 - R:localhost/127.0.0.1:4228] for POST '/session/49e503c1297baf2707227c334e762f58/element/D6404AA8C44A1CCE9838125E0B9DC619_element_7/clear'
18:56:42.070 [AsyncHttpClient-1-8] DEBUG org.asynchttpclient.netty.handler.HttpHandler - 

Request DefaultHttpRequest(decodeResult: success, version: HTTP/1.1)
POST /session/49e503c1297baf2707227c334e762f58/element/D6404AA8C44A1CCE9838125E0B9DC619_element_7/clear HTTP/1.1
User-Agent: selenium/4.8.1 (java windows)
Content-Length: 56
Content-Type: application/json; charset=utf-8
host: localhost:4228
accept: */*

Response DefaultHttpResponse(decodeResult: success, version: HTTP/1.1)
HTTP/1.1 200 OK
Content-Length: 14
Content-Type: application/json; charset=utf-8
cache-control: no-cache

18:56:42.070 [AsyncHttpClient-1-8] DEBUG org.asynchttpclient.netty.channel.ChannelManager - Adding key: http://localhost:4228 for channel [id: 0xc0d31f2a, L:/127.0.0.1:62026 - R:localhost/127.0.0.1:4228]
18:56:42.072 [Forwarding sendKeysToElement on session 49e503c1297baf2707227c334e762f58 to remote] DEBUG org.asynchttpclient.netty.request.NettyRequestSender - Using pooled Channel '[id: 0xc0d31f2a, L:/127.0.0.1:62026 - R:localhost/127.0.0.1:4228]' for 'POST' to 'http://localhost:4228/session/49e503c1297baf2707227c334e762f58/element/D6404AA8C44A1CCE9838125E0B9DC619_element_7/value'
18:56:42.072 [Forwarding sendKeysToElement on session 49e503c1297baf2707227c334e762f58 to remote] DEBUG org.asynchttpclient.netty.request.NettyRequestSender - Using open Channel [id: 0xc0d31f2a, L:/127.0.0.1:62026 - R:localhost/127.0.0.1:4228] for POST '/session/49e503c1297baf2707227c334e762f58/element/D6404AA8C44A1CCE9838125E0B9DC619_element_7/value'
18:56:42.164 [AsyncHttpClient-1-8] DEBUG org.asynchttpclient.netty.handler.HttpHandler - 

Request DefaultHttpRequest(decodeResult: success, version: HTTP/1.1)
POST /session/49e503c1297baf2707227c334e762f58/element/D6404AA8C44A1CCE9838125E0B9DC619_element_7/value HTTP/1.1
User-Agent: selenium/4.8.1 (java windows)
Content-Length: 277
Content-Type: application/json; charset=utf-8
host: localhost:4228
accept: */*

Response DefaultHttpResponse(decodeResult: success, version: HTTP/1.1)
HTTP/1.1 200 OK
Content-Length: 14
Content-Type: application/json; charset=utf-8
cache-control: no-cache

18:56:42.164 [AsyncHttpClient-1-8] DEBUG org.asynchttpclient.netty.channel.ChannelManager - Adding key: http://localhost:4228 for channel [id: 0xc0d31f2a, L:/127.0.0.1:62026 - R:localhost/127.0.0.1:4228]
18:56:42.170 [Forwarding getAlertText on session 49e503c1297baf2707227c334e762f58 to remote] DEBUG org.asynchttpclient.netty.request.NettyRequestSender - Using pooled Channel '[id: 0xc0d31f2a, L:/127.0.0.1:62026 - R:localhost/127.0.0.1:4228]' for 'GET' to 'http://localhost:4228/session/49e503c1297baf2707227c334e762f58/alert/text'
18:56:42.170 [Forwarding getAlertText on session 49e503c1297baf2707227c334e762f58 to remote] DEBUG org.asynchttpclient.netty.request.NettyRequestSender - Using open Channel [id: 0xc0d31f2a, L:/127.0.0.1:62026 - R:localhost/127.0.0.1:4228] for GET '/session/49e503c1297baf2707227c334e762f58/alert/text'
18:56:42.172 [AsyncHttpClient-1-8] DEBUG org.asynchttpclient.netty.handler.HttpHandler - 

Request DefaultFullHttpRequest(decodeResult: success, version: HTTP/1.1, content: EmptyByteBufBE)
GET /session/49e503c1297baf2707227c334e762f58/alert/text HTTP/1.1
User-Agent: selenium/4.8.1 (java windows)
Cache-Control: no-cache
Content-Type: application/json; charset=utf-8
host: localhost:4228
accept: */*

Response DefaultHttpResponse(decodeResult: success, version: HTTP/1.1)
HTTP/1.1 404 Not Found
Content-Length: 821
Content-Type: application/json; charset=utf-8
cache-control: no-cache

18:56:42.172 [AsyncHttpClient-1-8] DEBUG org.asynchttpclient.netty.channel.ChannelManager - Adding key: http://localhost:4228 for channel [id: 0xc0d31f2a, L:/127.0.0.1:62026 - R:localhost/127.0.0.1:4228]
18:56:42.174 [Forwarding getCurrentUrl on session 49e503c1297baf2707227c334e762f58 to remote] DEBUG org.asynchttpclient.netty.request.NettyRequestSender - Using pooled Channel '[id: 0xc0d31f2a, L:/127.0.0.1:62026 - R:localhost/127.0.0.1:4228]' for 'GET' to 'http://localhost:4228/session/49e503c1297baf2707227c334e762f58/url'
18:56:42.174 [Forwarding getCurrentUrl on session 49e503c1297baf2707227c334e762f58 to remote] DEBUG org.asynchttpclient.netty.request.NettyRequestSender - Using open Channel [id: 0xc0d31f2a, L:/127.0.0.1:62026 - R:localhost/127.0.0.1:4228] for GET '/session/49e503c1297baf2707227c334e762f58/url'
18:56:42.177 [AsyncHttpClient-1-8] DEBUG org.asynchttpclient.netty.handler.HttpHandler - 

Request DefaultFullHttpRequest(decodeResult: success, version: HTTP/1.1, content: EmptyByteBufBE)
GET /session/49e503c1297baf2707227c334e762f58/url HTTP/1.1
User-Agent: selenium/4.8.1 (java windows)
Cache-Control: no-cache
Content-Type: application/json; charset=utf-8
host: localhost:4228
accept: */*

Response DefaultHttpResponse(decodeResult: success, version: HTTP/1.1)
HTTP/1.1 200 OK
Content-Length: 45
Content-Type: application/json; charset=utf-8
cache-control: no-cache

18:56:42.177 [AsyncHttpClient-1-8] DEBUG org.asynchttpclient.netty.channel.ChannelManager - Adding key: http://localhost:4228 for channel [id: 0xc0d31f2a, L:/127.0.0.1:62026 - R:localhost/127.0.0.1:4228]
18:56:42.178 [Forwarding screenshot on session 49e503c1297baf2707227c334e762f58 to remote] DEBUG org.asynchttpclient.netty.request.NettyRequestSender - Using pooled Channel '[id: 0xc0d31f2a, L:/127.0.0.1:62026 - R:localhost/127.0.0.1:4228]' for 'GET' to 'http://localhost:4228/session/49e503c1297baf2707227c334e762f58/screenshot'
18:56:42.178 [Forwarding screenshot on session 49e503c1297baf2707227c334e762f58 to remote] DEBUG org.asynchttpclient.netty.request.NettyRequestSender - Using open Channel [id: 0xc0d31f2a, L:/127.0.0.1:62026 - R:localhost/127.0.0.1:4228] for GET '/session/49e503c1297baf2707227c334e762f58/screenshot'
18:56:42.320 [AsyncHttpClient-1-8] DEBUG org.asynchttpclient.netty.handler.HttpHandler - 

Request DefaultFullHttpRequest(decodeResult: success, version: HTTP/1.1, content: EmptyByteBufBE)
GET /session/49e503c1297baf2707227c334e762f58/screenshot HTTP/1.1
User-Agent: selenium/4.8.1 (java windows)
Cache-Control: no-cache
Content-Type: application/json; charset=utf-8
host: localhost:4228
accept: */*

Response DefaultHttpResponse(decodeResult: success, version: HTTP/1.1)
HTTP/1.1 200 OK
Content-Length: 40392
Content-Type: application/json; charset=utf-8
cache-control: no-cache

18:56:42.320 [AsyncHttpClient-1-8] DEBUG org.asynchttpclient.netty.channel.ChannelManager - Adding key: http://localhost:4228 for channel [id: 0xc0d31f2a, L:/127.0.0.1:62026 - R:localhost/127.0.0.1:4228]
18:56:42.322 [main] DEBUG net.serenitybdd.core.photography.Darkroom - Send negative for processing for target\site\serenity\3e01cda438fe903574b18fbb9339dc99a636816a67f242bed06c6fc300bc9242.png
18:56:42.322 [main] DEBUG net.thucydides.core.steps.StepInterceptor - STEP DONE: inputEmail
18:56:42.322 [Darkroom Processing Line] DEBUG net.serenitybdd.core.photography.DarkroomProcessingLine - Processing screenshot image in /var/screenshots/screenshot-12405204173285395696
  &amp#27;[32mAnd &amp#27;[0m&amp#27;[32mI type incorrect email&amp#27;[0m                     &amp#27;[90m# starter.stepdefinitions.LoginSteps.inputIncorrectEmail()&amp#27;[0m
18:56:42.322 [Darkroom Processing Line] DEBUG net.serenitybdd.core.photography.DarkroomProcessingLine - Saving screenshot to target\site\serenity\3e01cda438fe903574b18fbb9339dc99a636816a67f242bed06c6fc300bc9242.png
18:56:42.328 [Forwarding getPageSource on session 49e503c1297baf2707227c334e762f58 to remote] DEBUG org.asynchttpclient.netty.request.NettyRequestSender - Using pooled Channel '[id: 0xc0d31f2a, L:/127.0.0.1:62026 - R:localhost/127.0.0.1:4228]' for 'POST' to 'http://localhost:4228/session/49e503c1297baf2707227c334e762f58/execute/sync'
18:56:42.328 [Forwarding getPageSource on session 49e503c1297baf2707227c334e762f58 to remote] DEBUG org.asynchttpclient.netty.request.NettyRequestSender - Using open Channel [id: 0xc0d31f2a, L:/127.0.0.1:62026 - R:localhost/127.0.0.1:4228] for POST '/session/49e503c1297baf2707227c334e762f58/execute/sync'
18:56:42.334 [AsyncHttpClient-1-8] DEBUG org.asynchttpclient.netty.handler.HttpHandler - 

Request DefaultHttpRequest(decodeResult: success, version: HTTP/1.1)
POST /session/49e503c1297baf2707227c334e762f58/execute/sync HTTP/1.1
User-Agent: selenium/4.8.1 (java windows)
Content-Length: 176
Content-Type: application/json; charset=utf-8
host: localhost:4228
accept: */*

Response DefaultHttpResponse(decodeResult: success, version: HTTP/1.1)
HTTP/1.1 200 OK
Content-Length: 9557
Content-Type: application/json; charset=utf-8
cache-control: no-cache

18:56:42.334 [AsyncHttpClient-1-8] DEBUG org.asynchttpclient.netty.channel.ChannelManager - Adding key: http://localhost:4228 for channel [id: 0xc0d31f2a, L:/127.0.0.1:62026 - R:localhost/127.0.0.1:4228]
18:56:42.336 [Forwarding getCurrentUrl on session 49e503c1297baf2707227c334e762f58 to remote] DEBUG org.asynchttpclient.netty.request.NettyRequestSender - Using pooled Channel '[id: 0xc0d31f2a, L:/127.0.0.1:62026 - R:localhost/127.0.0.1:4228]' for 'GET' to 'http://localhost:4228/session/49e503c1297baf2707227c334e762f58/url'
18:56:42.336 [Forwarding getCurrentUrl on session 49e503c1297baf2707227c334e762f58 to remote] DEBUG org.asynchttpclient.netty.request.NettyRequestSender - Using open Channel [id: 0xc0d31f2a, L:/127.0.0.1:62026 - R:localhost/127.0.0.1:4228] for GET '/session/49e503c1297baf2707227c334e762f58/url'
18:56:42.339 [AsyncHttpClient-1-8] DEBUG org.asynchttpclient.netty.handler.HttpHandler - 

Request DefaultFullHttpRequest(decodeResult: success, version: HTTP/1.1, content: EmptyByteBufBE)
GET /session/49e503c1297baf2707227c334e762f58/url HTTP/1.1
User-Agent: selenium/4.8.1 (java windows)
Cache-Control: no-cache
Content-Type: application/json; charset=utf-8
host: localhost:4228
accept: */*

Response DefaultHttpResponse(decodeResult: success, version: HTTP/1.1)
HTTP/1.1 200 OK
Content-Length: 45
Content-Type: application/json; charset=utf-8
cache-control: no-cache

18:56:42.340 [AsyncHttpClient-1-8] DEBUG org.asynchttpclient.netty.channel.ChannelManager - Adding key: http://localhost:4228 for channel [id: 0xc0d31f2a, L:/127.0.0.1:62026 - R:localhost/127.0.0.1:4228]
18:56:42.348 [Forwarding getPageSource on session 49e503c1297baf2707227c334e762f58 to remote] DEBUG org.asynchttpclient.netty.request.NettyRequestSender - Using pooled Channel '[id: 0xc0d31f2a, L:/127.0.0.1:62026 - R:localhost/127.0.0.1:4228]' for 'POST' to 'http://localhost:4228/session/49e503c1297baf2707227c334e762f58/execute/sync'
18:56:42.348 [Forwarding getPageSource on session 49e503c1297baf2707227c334e762f58 to remote] DEBUG org.asynchttpclient.netty.request.NettyRequestSender - Using open Channel [id: 0xc0d31f2a, L:/127.0.0.1:62026 - R:localhost/127.0.0.1:4228] for POST '/session/49e503c1297baf2707227c334e762f58/execute/sync'
18:56:42.358 [AsyncHttpClient-1-8] DEBUG org.asynchttpclient.netty.handler.HttpHandler - 

Request DefaultHttpRequest(decodeResult: success, version: HTTP/1.1)
POST /session/49e503c1297baf2707227c334e762f58/execute/sync HTTP/1.1
User-Agent: selenium/4.8.1 (java windows)
Content-Length: 176
Content-Type: application/json; charset=utf-8
host: localhost:4228
accept: */*

Response DefaultHttpResponse(decodeResult: success, version: HTTP/1.1)
HTTP/1.1 200 OK
Content-Length: 9557
Content-Type: application/json; charset=utf-8
cache-control: no-cache

18:56:42.358 [AsyncHttpClient-1-8] DEBUG org.asynchttpclient.netty.channel.ChannelManager - Adding key: http://localhost:4228 for channel [id: 0xc0d31f2a, L:/127.0.0.1:62026 - R:localhost/127.0.0.1:4228]
18:56:42.360 [Forwarding getCurrentUrl on session 49e503c1297baf2707227c334e762f58 to remote] DEBUG org.asynchttpclient.netty.request.NettyRequestSender - Using pooled Channel '[id: 0xc0d31f2a, L:/127.0.0.1:62026 - R:localhost/127.0.0.1:4228]' for 'GET' to 'http://localhost:4228/session/49e503c1297baf2707227c334e762f58/url'
18:56:42.360 [Forwarding getCurrentUrl on session 49e503c1297baf2707227c334e762f58 to remote] DEBUG org.asynchttpclient.netty.request.NettyRequestSender - Using open Channel [id: 0xc0d31f2a, L:/127.0.0.1:62026 - R:localhost/127.0.0.1:4228] for GET '/session/49e503c1297baf2707227c334e762f58/url'
18:56:42.367 [AsyncHttpClient-1-8] DEBUG org.asynchttpclient.netty.handler.HttpHandler - 

Request DefaultFullHttpRequest(decodeResult: success, version: HTTP/1.1, content: EmptyByteBufBE)
GET /session/49e503c1297baf2707227c334e762f58/url HTTP/1.1
User-Agent: selenium/4.8.1 (java windows)
Cache-Control: no-cache
Content-Type: application/json; charset=utf-8
host: localhost:4228
accept: */*

Response DefaultHttpResponse(decodeResult: success, version: HTTP/1.1)
HTTP/1.1 200 OK
Content-Length: 45
Content-Type: application/json; charset=utf-8
cache-control: no-cache

18:56:42.368 [AsyncHttpClient-1-8] DEBUG org.asynchttpclient.netty.channel.ChannelManager - Adding key: http://localhost:4228 for channel [id: 0xc0d31f2a, L:/127.0.0.1:62026 - R:localhost/127.0.0.1:4228]
18:56:42.370 [main] DEBUG net.thucydides.core.steps.StepInterceptor - STARTING STEP: LoginSteps.inputPassword - inputPassword
18:56:42.372 [Forwarding findElement on session 49e503c1297baf2707227c334e762f58 to remote] DEBUG org.asynchttpclient.netty.request.NettyRequestSender - Using pooled Channel '[id: 0xc0d31f2a, L:/127.0.0.1:62026 - R:localhost/127.0.0.1:4228]' for 'POST' to 'http://localhost:4228/session/49e503c1297baf2707227c334e762f58/element'
18:56:42.372 [Forwarding findElement on session 49e503c1297baf2707227c334e762f58 to remote] DEBUG org.asynchttpclient.netty.request.NettyRequestSender - Using open Channel [id: 0xc0d31f2a, L:/127.0.0.1:62026 - R:localhost/127.0.0.1:4228] for POST '/session/49e503c1297baf2707227c334e762f58/element'
18:56:42.383 [AsyncHttpClient-1-8] DEBUG org.asynchttpclient.netty.handler.HttpHandler - 

Request DefaultHttpRequest(decodeResult: success, version: HTTP/1.1)
POST /session/49e503c1297baf2707227c334e762f58/element HTTP/1.1
User-Agent: selenium/4.8.1 (java windows)
Content-Length: 62
Content-Type: application/json; charset=utf-8
host: localhost:4228
accept: */*

Response DefaultHttpResponse(decodeResult: success, version: HTTP/1.1)
HTTP/1.1 200 OK
Content-Length: 94
Content-Type: application/json; charset=utf-8
cache-control: no-cache

18:56:42.385 [AsyncHttpClient-1-8] DEBUG org.asynchttpclient.netty.channel.ChannelManager - Adding key: http://localhost:4228 for channel [id: 0xc0d31f2a, L:/127.0.0.1:62026 - R:localhost/127.0.0.1:4228]
18:56:42.386 [Forwarding clearElement on session 49e503c1297baf2707227c334e762f58 to remote] DEBUG org.asynchttpclient.netty.request.NettyRequestSender - Using pooled Channel '[id: 0xc0d31f2a, L:/127.0.0.1:62026 - R:localhost/127.0.0.1:4228]' for 'POST' to 'http://localhost:4228/session/49e503c1297baf2707227c334e762f58/element/D6404AA8C44A1CCE9838125E0B9DC619_element_2/clear'
18:56:42.386 [Forwarding clearElement on session 49e503c1297baf2707227c334e762f58 to remote] DEBUG org.asynchttpclient.netty.request.NettyRequestSender - Using open Channel [id: 0xc0d31f2a, L:/127.0.0.1:62026 - R:localhost/127.0.0.1:4228] for POST '/session/49e503c1297baf2707227c334e762f58/element/D6404AA8C44A1CCE9838125E0B9DC619_element_2/clear'
18:56:42.407 [AsyncHttpClient-1-8] DEBUG org.asynchttpclient.netty.handler.HttpHandler - 

Request DefaultHttpRequest(decodeResult: success, version: HTTP/1.1)
POST /session/49e503c1297baf2707227c334e762f58/element/D6404AA8C44A1CCE9838125E0B9DC619_element_2/clear HTTP/1.1
User-Agent: selenium/4.8.1 (java windows)
Content-Length: 56
Content-Type: application/json; charset=utf-8
host: localhost:4228
accept: */*

Response DefaultHttpResponse(decodeResult: success, version: HTTP/1.1)
HTTP/1.1 200 OK
Content-Length: 14
Content-Type: application/json; charset=utf-8
cache-control: no-cache

18:56:42.407 [AsyncHttpClient-1-8] DEBUG org.asynchttpclient.netty.channel.ChannelManager - Adding key: http://localhost:4228 for channel [id: 0xc0d31f2a, L:/127.0.0.1:62026 - R:localhost/127.0.0.1:4228]
18:56:42.408 [Forwarding sendKeysToElement on session 49e503c1297baf2707227c334e762f58 to remote] DEBUG org.asynchttpclient.netty.request.NettyRequestSender - Using pooled Channel '[id: 0xc0d31f2a, L:/127.0.0.1:62026 - R:localhost/127.0.0.1:4228]' for 'POST' to 'http://localhost:4228/session/49e503c1297baf2707227c334e762f58/element/D6404AA8C44A1CCE9838125E0B9DC619_element_2/value'
18:56:42.408 [Forwarding sendKeysToElement on session 49e503c1297baf2707227c334e762f58 to remote] DEBUG org.asynchttpclient.netty.request.NettyRequestSender - Using open Channel [id: 0xc0d31f2a, L:/127.0.0.1:62026 - R:localhost/127.0.0.1:4228] for POST '/session/49e503c1297baf2707227c334e762f58/element/D6404AA8C44A1CCE9838125E0B9DC619_element_2/value'
18:56:42.482 [AsyncHttpClient-1-8] DEBUG org.asynchttpclient.netty.handler.HttpHandler - 

Request DefaultHttpRequest(decodeResult: success, version: HTTP/1.1)
POST /session/49e503c1297baf2707227c334e762f58/element/D6404AA8C44A1CCE9838125E0B9DC619_element_2/value HTTP/1.1
User-Agent: selenium/4.8.1 (java windows)
Content-Length: 187
Content-Type: application/json; charset=utf-8
host: localhost:4228
accept: */*

Response DefaultHttpResponse(decodeResult: success, version: HTTP/1.1)
HTTP/1.1 200 OK
Content-Length: 14
Content-Type: application/json; charset=utf-8
cache-control: no-cache

18:56:42.482 [AsyncHttpClient-1-8] DEBUG org.asynchttpclient.netty.channel.ChannelManager - Adding key: http://localhost:4228 for channel [id: 0xc0d31f2a, L:/127.0.0.1:62026 - R:localhost/127.0.0.1:4228]
18:56:42.489 [Forwarding getAlertText on session 49e503c1297baf2707227c334e762f58 to remote] DEBUG org.asynchttpclient.netty.request.NettyRequestSender - Using pooled Channel '[id: 0xc0d31f2a, L:/127.0.0.1:62026 - R:localhost/127.0.0.1:4228]' for 'GET' to 'http://localhost:4228/session/49e503c1297baf2707227c334e762f58/alert/text'
18:56:42.489 [Forwarding getAlertText on session 49e503c1297baf2707227c334e762f58 to remote] DEBUG org.asynchttpclient.netty.request.NettyRequestSender - Using open Channel [id: 0xc0d31f2a, L:/127.0.0.1:62026 - R:localhost/127.0.0.1:4228] for GET '/session/49e503c1297baf2707227c334e762f58/alert/text'
18:56:42.490 [AsyncHttpClient-1-8] DEBUG org.asynchttpclient.netty.handler.HttpHandler - 

Request DefaultFullHttpRequest(decodeResult: success, version: HTTP/1.1, content: EmptyByteBufBE)
GET /session/49e503c1297baf2707227c334e762f58/alert/text HTTP/1.1
User-Agent: selenium/4.8.1 (java windows)
Cache-Control: no-cache
Content-Type: application/json; charset=utf-8
host: localhost:4228
accept: */*

Response DefaultHttpResponse(decodeResult: success, version: HTTP/1.1)
HTTP/1.1 404 Not Found
Content-Length: 821
Content-Type: application/json; charset=utf-8
cache-control: no-cache

18:56:42.491 [AsyncHttpClient-1-8] DEBUG org.asynchttpclient.netty.channel.ChannelManager - Adding key: http://localhost:4228 for channel [id: 0xc0d31f2a, L:/127.0.0.1:62026 - R:localhost/127.0.0.1:4228]
18:56:42.492 [Forwarding getCurrentUrl on session 49e503c1297baf2707227c334e762f58 to remote] DEBUG org.asynchttpclient.netty.request.NettyRequestSender - Using pooled Channel '[id: 0xc0d31f2a, L:/127.0.0.1:62026 - R:localhost/127.0.0.1:4228]' for 'GET' to 'http://localhost:4228/session/49e503c1297baf2707227c334e762f58/url'
18:56:42.492 [Forwarding getCurrentUrl on session 49e503c1297baf2707227c334e762f58 to remote] DEBUG org.asynchttpclient.netty.request.NettyRequestSender - Using open Channel [id: 0xc0d31f2a, L:/127.0.0.1:62026 - R:localhost/127.0.0.1:4228] for GET '/session/49e503c1297baf2707227c334e762f58/url'
18:56:42.496 [AsyncHttpClient-1-8] DEBUG org.asynchttpclient.netty.handler.HttpHandler - 

Request DefaultFullHttpRequest(decodeResult: success, version: HTTP/1.1, content: EmptyByteBufBE)
GET /session/49e503c1297baf2707227c334e762f58/url HTTP/1.1
User-Agent: selenium/4.8.1 (java windows)
Cache-Control: no-cache
Content-Type: application/json; charset=utf-8
host: localhost:4228
accept: */*

Response DefaultHttpResponse(decodeResult: success, version: HTTP/1.1)
HTTP/1.1 200 OK
Content-Length: 45
Content-Type: application/json; charset=utf-8
cache-control: no-cache

18:56:42.496 [AsyncHttpClient-1-8] DEBUG org.asynchttpclient.netty.channel.ChannelManager - Adding key: http://localhost:4228 for channel [id: 0xc0d31f2a, L:/127.0.0.1:62026 - R:localhost/127.0.0.1:4228]
18:56:42.498 [Forwarding screenshot on session 49e503c1297baf2707227c334e762f58 to remote] DEBUG org.asynchttpclient.netty.request.NettyRequestSender - Using pooled Channel '[id: 0xc0d31f2a, L:/127.0.0.1:62026 - R:localhost/127.0.0.1:4228]' for 'GET' to 'http://localhost:4228/session/49e503c1297baf2707227c334e762f58/screenshot'
18:56:42.498 [Forwarding screenshot on session 49e503c1297baf2707227c334e762f58 to remote] DEBUG org.asynchttpclient.netty.request.NettyRequestSender - Using open Channel [id: 0xc0d31f2a, L:/127.0.0.1:62026 - R:localhost/127.0.0.1:4228] for GET '/session/49e503c1297baf2707227c334e762f58/screenshot'
18:56:42.602 [AsyncHttpClient-1-8] DEBUG org.asynchttpclient.netty.handler.HttpHandler - 

Request DefaultFullHttpRequest(decodeResult: success, version: HTTP/1.1, content: EmptyByteBufBE)
GET /session/49e503c1297baf2707227c334e762f58/screenshot HTTP/1.1
User-Agent: selenium/4.8.1 (java windows)
Cache-Control: no-cache
Content-Type: application/json; charset=utf-8
host: localhost:4228
accept: */*

Response DefaultHttpResponse(decodeResult: success, version: HTTP/1.1)
HTTP/1.1 200 OK
Content-Length: 38124
Content-Type: application/json; charset=utf-8
cache-control: no-cache

18:56:42.603 [AsyncHttpClient-1-8] DEBUG org.asynchttpclient.netty.channel.ChannelManager - Adding key: http://localhost:4228 for channel [id: 0xc0d31f2a, L:/127.0.0.1:62026 - R:localhost/127.0.0.1:4228]
18:56:42.605 [main] DEBUG net.serenitybdd.core.photography.Darkroom - Send negative for processing for target\site\serenity\bb1015ae4408d08f6ea0b221fd242434c06f0209897155f22826a46d66d9a875.png
18:56:42.605 [main] DEBUG net.thucydides.core.steps.StepInterceptor - STEP DONE: inputPassword
18:56:42.605 [Darkroom Processing Line] DEBUG net.serenitybdd.core.photography.DarkroomProcessingLine - Processing screenshot image in /var/screenshots/screenshot-15449562651803179907
  &amp#27;[32mAnd &amp#27;[0m&amp#27;[32mI type correct password&amp#27;[0m                    &amp#27;[90m# starter.stepdefinitions.LoginSteps.inputPassword()&amp#27;[0m
18:56:42.605 [Darkroom Processing Line] DEBUG net.serenitybdd.core.photography.DarkroomProcessingLine - Saving screenshot to target\site\serenity\bb1015ae4408d08f6ea0b221fd242434c06f0209897155f22826a46d66d9a875.png
18:56:42.611 [Forwarding getPageSource on session 49e503c1297baf2707227c334e762f58 to remote] DEBUG org.asynchttpclient.netty.request.NettyRequestSender - Using pooled Channel '[id: 0xc0d31f2a, L:/127.0.0.1:62026 - R:localhost/127.0.0.1:4228]' for 'POST' to 'http://localhost:4228/session/49e503c1297baf2707227c334e762f58/execute/sync'
18:56:42.612 [Forwarding getPageSource on session 49e503c1297baf2707227c334e762f58 to remote] DEBUG org.asynchttpclient.netty.request.NettyRequestSender - Using open Channel [id: 0xc0d31f2a, L:/127.0.0.1:62026 - R:localhost/127.0.0.1:4228] for POST '/session/49e503c1297baf2707227c334e762f58/execute/sync'
18:56:42.617 [AsyncHttpClient-1-8] DEBUG org.asynchttpclient.netty.handler.HttpHandler - 

Request DefaultHttpRequest(decodeResult: success, version: HTTP/1.1)
POST /session/49e503c1297baf2707227c334e762f58/execute/sync HTTP/1.1
User-Agent: selenium/4.8.1 (java windows)
Content-Length: 176
Content-Type: application/json; charset=utf-8
host: localhost:4228
accept: */*

Response DefaultHttpResponse(decodeResult: success, version: HTTP/1.1)
HTTP/1.1 200 OK
Content-Length: 9567
Content-Type: application/json; charset=utf-8
cache-control: no-cache

18:56:42.617 [AsyncHttpClient-1-8] DEBUG org.asynchttpclient.netty.channel.ChannelManager - Adding key: http://localhost:4228 for channel [id: 0xc0d31f2a, L:/127.0.0.1:62026 - R:localhost/127.0.0.1:4228]
18:56:42.618 [Forwarding getCurrentUrl on session 49e503c1297baf2707227c334e762f58 to remote] DEBUG org.asynchttpclient.netty.request.NettyRequestSender - Using pooled Channel '[id: 0xc0d31f2a, L:/127.0.0.1:62026 - R:localhost/127.0.0.1:4228]' for 'GET' to 'http://localhost:4228/session/49e503c1297baf2707227c334e762f58/url'
18:56:42.618 [Forwarding getCurrentUrl on session 49e503c1297baf2707227c334e762f58 to remote] DEBUG org.asynchttpclient.netty.request.NettyRequestSender - Using open Channel [id: 0xc0d31f2a, L:/127.0.0.1:62026 - R:localhost/127.0.0.1:4228] for GET '/session/49e503c1297baf2707227c334e762f58/url'
18:56:42.622 [AsyncHttpClient-1-8] DEBUG org.asynchttpclient.netty.handler.HttpHandler - 

Request DefaultFullHttpRequest(decodeResult: success, version: HTTP/1.1, content: EmptyByteBufBE)
GET /session/49e503c1297baf2707227c334e762f58/url HTTP/1.1
User-Agent: selenium/4.8.1 (java windows)
Cache-Control: no-cache
Content-Type: application/json; charset=utf-8
host: localhost:4228
accept: */*

Response DefaultHttpResponse(decodeResult: success, version: HTTP/1.1)
HTTP/1.1 200 OK
Content-Length: 45
Content-Type: application/json; charset=utf-8
cache-control: no-cache

18:56:42.622 [AsyncHttpClient-1-8] DEBUG org.asynchttpclient.netty.channel.ChannelManager - Adding key: http://localhost:4228 for channel [id: 0xc0d31f2a, L:/127.0.0.1:62026 - R:localhost/127.0.0.1:4228]
18:56:42.629 [Forwarding getPageSource on session 49e503c1297baf2707227c334e762f58 to remote] DEBUG org.asynchttpclient.netty.request.NettyRequestSender - Using pooled Channel '[id: 0xc0d31f2a, L:/127.0.0.1:62026 - R:localhost/127.0.0.1:4228]' for 'POST' to 'http://localhost:4228/session/49e503c1297baf2707227c334e762f58/execute/sync'
18:56:42.629 [Forwarding getPageSource on session 49e503c1297baf2707227c334e762f58 to remote] DEBUG org.asynchttpclient.netty.request.NettyRequestSender - Using open Channel [id: 0xc0d31f2a, L:/127.0.0.1:62026 - R:localhost/127.0.0.1:4228] for POST '/session/49e503c1297baf2707227c334e762f58/execute/sync'
18:56:42.635 [AsyncHttpClient-1-8] DEBUG org.asynchttpclient.netty.handler.HttpHandler - 

Request DefaultHttpRequest(decodeResult: success, version: HTTP/1.1)
POST /session/49e503c1297baf2707227c334e762f58/execute/sync HTTP/1.1
User-Agent: selenium/4.8.1 (java windows)
Content-Length: 176
Content-Type: application/json; charset=utf-8
host: localhost:4228
accept: */*

Response DefaultHttpResponse(decodeResult: success, version: HTTP/1.1)
HTTP/1.1 200 OK
Content-Length: 9567
Content-Type: application/json; charset=utf-8
cache-control: no-cache

18:56:42.635 [AsyncHttpClient-1-8] DEBUG org.asynchttpclient.netty.channel.ChannelManager - Adding key: http://localhost:4228 for channel [id: 0xc0d31f2a, L:/127.0.0.1:62026 - R:localhost/127.0.0.1:4228]
18:56:42.637 [Forwarding getCurrentUrl on session 49e503c1297baf2707227c334e762f58 to remote] DEBUG org.asynchttpclient.netty.request.NettyRequestSender - Using pooled Channel '[id: 0xc0d31f2a, L:/127.0.0.1:62026 - R:localhost/127.0.0.1:4228]' for 'GET' to 'http://localhost:4228/session/49e503c1297baf2707227c334e762f58/url'
18:56:42.637 [Forwarding getCurrentUrl on session 49e503c1297baf2707227c334e762f58 to remote] DEBUG org.asynchttpclient.netty.request.NettyRequestSender - Using open Channel [id: 0xc0d31f2a, L:/127.0.0.1:62026 - R:localhost/127.0.0.1:4228] for GET '/session/49e503c1297baf2707227c334e762f58/url'
18:56:42.642 [AsyncHttpClient-1-8] DEBUG org.asynchttpclient.netty.handler.HttpHandler - 

Request DefaultFullHttpRequest(decodeResult: success, version: HTTP/1.1, content: EmptyByteBufBE)
GET /session/49e503c1297baf2707227c334e762f58/url HTTP/1.1
User-Agent: selenium/4.8.1 (java windows)
Cache-Control: no-cache
Content-Type: application/json; charset=utf-8
host: localhost:4228
accept: */*

Response DefaultHttpResponse(decodeResult: success, version: HTTP/1.1)
HTTP/1.1 200 OK
Content-Length: 45
Content-Type: application/json; charset=utf-8
cache-control: no-cache

18:56:42.642 [AsyncHttpClient-1-8] DEBUG org.asynchttpclient.netty.channel.ChannelManager - Adding key: http://localhost:4228 for channel [id: 0xc0d31f2a, L:/127.0.0.1:62026 - R:localhost/127.0.0.1:4228]
18:56:42.644 [main] DEBUG net.thucydides.core.steps.StepInterceptor - STARTING STEP: LoginSteps.clickLoginButton - clickLoginButton
18:56:42.646 [Forwarding findElement on session 49e503c1297baf2707227c334e762f58 to remote] DEBUG org.asynchttpclient.netty.request.NettyRequestSender - Using pooled Channel '[id: 0xc0d31f2a, L:/127.0.0.1:62026 - R:localhost/127.0.0.1:4228]' for 'POST' to 'http://localhost:4228/session/49e503c1297baf2707227c334e762f58/element'
18:56:42.646 [Forwarding findElement on session 49e503c1297baf2707227c334e762f58 to remote] DEBUG org.asynchttpclient.netty.request.NettyRequestSender - Using open Channel [id: 0xc0d31f2a, L:/127.0.0.1:62026 - R:localhost/127.0.0.1:4228] for POST '/session/49e503c1297baf2707227c334e762f58/element'
18:56:42.658 [AsyncHttpClient-1-8] DEBUG org.asynchttpclient.netty.handler.HttpHandler - 

Request DefaultHttpRequest(decodeResult: success, version: HTTP/1.1)
POST /session/49e503c1297baf2707227c334e762f58/element HTTP/1.1
User-Agent: selenium/4.8.1 (java windows)
Content-Length: 63
Content-Type: application/json; charset=utf-8
host: localhost:4228
accept: */*

Response DefaultHttpResponse(decodeResult: success, version: HTTP/1.1)
HTTP/1.1 200 OK
Content-Length: 95
Content-Type: application/json; charset=utf-8
cache-control: no-cache

18:56:42.658 [AsyncHttpClient-1-8] DEBUG org.asynchttpclient.netty.channel.ChannelManager - Adding key: http://localhost:4228 for channel [id: 0xc0d31f2a, L:/127.0.0.1:62026 - R:localhost/127.0.0.1:4228]
18:56:42.660 [Forwarding getElementTagName on session 49e503c1297baf2707227c334e762f58 to remote] DEBUG org.asynchttpclient.netty.request.NettyRequestSender - Using pooled Channel '[id: 0xc0d31f2a, L:/127.0.0.1:62026 - R:localhost/127.0.0.1:4228]' for 'GET' to 'http://localhost:4228/session/49e503c1297baf2707227c334e762f58/element/D6404AA8C44A1CCE9838125E0B9DC619_element_11/name'
18:56:42.660 [Forwarding getElementTagName on session 49e503c1297baf2707227c334e762f58 to remote] DEBUG org.asynchttpclient.netty.request.NettyRequestSender - Using open Channel [id: 0xc0d31f2a, L:/127.0.0.1:62026 - R:localhost/127.0.0.1:4228] for GET '/session/49e503c1297baf2707227c334e762f58/element/D6404AA8C44A1CCE9838125E0B9DC619_element_11/name'
18:56:42.667 [AsyncHttpClient-1-8] DEBUG org.asynchttpclient.netty.handler.HttpHandler - 

Request DefaultFullHttpRequest(decodeResult: success, version: HTTP/1.1, content: EmptyByteBufBE)
GET /session/49e503c1297baf2707227c334e762f58/element/D6404AA8C44A1CCE9838125E0B9DC619_element_11/name HTTP/1.1
User-Agent: selenium/4.8.1 (java windows)
Cache-Control: no-cache
Content-Type: application/json; charset=utf-8
host: localhost:4228
accept: */*

Response DefaultHttpResponse(decodeResult: success, version: HTTP/1.1)
HTTP/1.1 200 OK
Content-Length: 18
Content-Type: application/json; charset=utf-8
cache-control: no-cache

18:56:42.668 [AsyncHttpClient-1-8] DEBUG org.asynchttpclient.netty.channel.ChannelManager - Adding key: http://localhost:4228 for channel [id: 0xc0d31f2a, L:/127.0.0.1:62026 - R:localhost/127.0.0.1:4228]
18:56:42.669 [Forwarding getElementTagName on session 49e503c1297baf2707227c334e762f58 to remote] DEBUG org.asynchttpclient.netty.request.NettyRequestSender - Using pooled Channel '[id: 0xc0d31f2a, L:/127.0.0.1:62026 - R:localhost/127.0.0.1:4228]' for 'GET' to 'http://localhost:4228/session/49e503c1297baf2707227c334e762f58/element/D6404AA8C44A1CCE9838125E0B9DC619_element_11/name'
18:56:42.669 [Forwarding getElementTagName on session 49e503c1297baf2707227c334e762f58 to remote] DEBUG org.asynchttpclient.netty.request.NettyRequestSender - Using open Channel [id: 0xc0d31f2a, L:/127.0.0.1:62026 - R:localhost/127.0.0.1:4228] for GET '/session/49e503c1297baf2707227c334e762f58/element/D6404AA8C44A1CCE9838125E0B9DC619_element_11/name'
18:56:42.676 [AsyncHttpClient-1-8] DEBUG org.asynchttpclient.netty.handler.HttpHandler - 

Request DefaultFullHttpRequest(decodeResult: success, version: HTTP/1.1, content: EmptyByteBufBE)
GET /session/49e503c1297baf2707227c334e762f58/element/D6404AA8C44A1CCE9838125E0B9DC619_element_11/name HTTP/1.1
User-Agent: selenium/4.8.1 (java windows)
Cache-Control: no-cache
Content-Type: application/json; charset=utf-8
host: localhost:4228
accept: */*

Response DefaultHttpResponse(decodeResult: success, version: HTTP/1.1)
HTTP/1.1 200 OK
Content-Length: 18
Content-Type: application/json; charset=utf-8
cache-control: no-cache

18:56:42.676 [AsyncHttpClient-1-8] DEBUG org.asynchttpclient.netty.channel.ChannelManager - Adding key: http://localhost:4228 for channel [id: 0xc0d31f2a, L:/127.0.0.1:62026 - R:localhost/127.0.0.1:4228]
18:56:42.680 [Forwarding isElementEnabled on session 49e503c1297baf2707227c334e762f58 to remote] DEBUG org.asynchttpclient.netty.request.NettyRequestSender - Using pooled Channel '[id: 0xc0d31f2a, L:/127.0.0.1:62026 - R:localhost/127.0.0.1:4228]' for 'GET' to 'http://localhost:4228/session/49e503c1297baf2707227c334e762f58/element/D6404AA8C44A1CCE9838125E0B9DC619_element_11/enabled'
18:56:42.680 [Forwarding isElementEnabled on session 49e503c1297baf2707227c334e762f58 to remote] DEBUG org.asynchttpclient.netty.request.NettyRequestSender - Using open Channel [id: 0xc0d31f2a, L:/127.0.0.1:62026 - R:localhost/127.0.0.1:4228] for GET '/session/49e503c1297baf2707227c334e762f58/element/D6404AA8C44A1CCE9838125E0B9DC619_element_11/enabled'
18:56:42.695 [AsyncHttpClient-1-8] DEBUG org.asynchttpclient.netty.handler.HttpHandler - 

Request DefaultFullHttpRequest(decodeResult: success, version: HTTP/1.1, content: EmptyByteBufBE)
GET /session/49e503c1297baf2707227c334e762f58/element/D6404AA8C44A1CCE9838125E0B9DC619_element_11/enabled HTTP/1.1
User-Agent: selenium/4.8.1 (java windows)
Cache-Control: no-cache
Content-Type: application/json; charset=utf-8
host: localhost:4228
accept: */*

Response DefaultHttpResponse(decodeResult: success, version: HTTP/1.1)
HTTP/1.1 200 OK
Content-Length: 14
Content-Type: application/json; charset=utf-8
cache-control: no-cache

18:56:42.695 [AsyncHttpClient-1-8] DEBUG org.asynchttpclient.netty.channel.ChannelManager - Adding key: http://localhost:4228 for channel [id: 0xc0d31f2a, L:/127.0.0.1:62026 - R:localhost/127.0.0.1:4228]
18:56:42.697 [Forwarding isElementEnabled on session 49e503c1297baf2707227c334e762f58 to remote] DEBUG org.asynchttpclient.netty.request.NettyRequestSender - Using pooled Channel '[id: 0xc0d31f2a, L:/127.0.0.1:62026 - R:localhost/127.0.0.1:4228]' for 'GET' to 'http://localhost:4228/session/49e503c1297baf2707227c334e762f58/element/D6404AA8C44A1CCE9838125E0B9DC619_element_11/enabled'
18:56:42.697 [Forwarding isElementEnabled on session 49e503c1297baf2707227c334e762f58 to remote] DEBUG org.asynchttpclient.netty.request.NettyRequestSender - Using open Channel [id: 0xc0d31f2a, L:/127.0.0.1:62026 - R:localhost/127.0.0.1:4228] for GET '/session/49e503c1297baf2707227c334e762f58/element/D6404AA8C44A1CCE9838125E0B9DC619_element_11/enabled'
18:56:42.709 [AsyncHttpClient-1-8] DEBUG org.asynchttpclient.netty.handler.HttpHandler - 

Request DefaultFullHttpRequest(decodeResult: success, version: HTTP/1.1, content: EmptyByteBufBE)
GET /session/49e503c1297baf2707227c334e762f58/element/D6404AA8C44A1CCE9838125E0B9DC619_element_11/enabled HTTP/1.1
User-Agent: selenium/4.8.1 (java windows)
Cache-Control: no-cache
Content-Type: application/json; charset=utf-8
host: localhost:4228
accept: */*

Response DefaultHttpResponse(decodeResult: success, version: HTTP/1.1)
HTTP/1.1 200 OK
Content-Length: 14
Content-Type: application/json; charset=utf-8
cache-control: no-cache

18:56:42.710 [AsyncHttpClient-1-8] DEBUG org.asynchttpclient.netty.channel.ChannelManager - Adding key: http://localhost:4228 for channel [id: 0xc0d31f2a, L:/127.0.0.1:62026 - R:localhost/127.0.0.1:4228]
18:56:42.712 [Forwarding findElement on session 49e503c1297baf2707227c334e762f58 to remote] DEBUG org.asynchttpclient.netty.request.NettyRequestSender - Using pooled Channel '[id: 0xc0d31f2a, L:/127.0.0.1:62026 - R:localhost/127.0.0.1:4228]' for 'POST' to 'http://localhost:4228/session/49e503c1297baf2707227c334e762f58/element'
18:56:42.712 [Forwarding findElement on session 49e503c1297baf2707227c334e762f58 to remote] DEBUG org.asynchttpclient.netty.request.NettyRequestSender - Using open Channel [id: 0xc0d31f2a, L:/127.0.0.1:62026 - R:localhost/127.0.0.1:4228] for POST '/session/49e503c1297baf2707227c334e762f58/element'
18:56:42.721 [AsyncHttpClient-1-8] DEBUG org.asynchttpclient.netty.handler.HttpHandler - 

Request DefaultHttpRequest(decodeResult: success, version: HTTP/1.1)
POST /session/49e503c1297baf2707227c334e762f58/element HTTP/1.1
User-Agent: selenium/4.8.1 (java windows)
Content-Length: 63
Content-Type: application/json; charset=utf-8
host: localhost:4228
accept: */*

Response DefaultHttpResponse(decodeResult: success, version: HTTP/1.1)
HTTP/1.1 200 OK
Content-Length: 95
Content-Type: application/json; charset=utf-8
cache-control: no-cache

18:56:42.722 [AsyncHttpClient-1-8] DEBUG org.asynchttpclient.netty.channel.ChannelManager - Adding key: http://localhost:4228 for channel [id: 0xc0d31f2a, L:/127.0.0.1:62026 - R:localhost/127.0.0.1:4228]
18:56:42.722 [Forwarding clickElement on session 49e503c1297baf2707227c334e762f58 to remote] DEBUG org.asynchttpclient.netty.request.NettyRequestSender - Using pooled Channel '[id: 0xc0d31f2a, L:/127.0.0.1:62026 - R:localhost/127.0.0.1:4228]' for 'POST' to 'http://localhost:4228/session/49e503c1297baf2707227c334e762f58/element/D6404AA8C44A1CCE9838125E0B9DC619_element_11/click'
18:56:42.722 [Forwarding clickElement on session 49e503c1297baf2707227c334e762f58 to remote] DEBUG org.asynchttpclient.netty.request.NettyRequestSender - Using open Channel [id: 0xc0d31f2a, L:/127.0.0.1:62026 - R:localhost/127.0.0.1:4228] for POST '/session/49e503c1297baf2707227c334e762f58/element/D6404AA8C44A1CCE9838125E0B9DC619_element_11/click'
18:56:42.783 [AsyncHttpClient-1-8] DEBUG org.asynchttpclient.netty.handler.HttpHandler - 

Request DefaultHttpRequest(decodeResult: success, version: HTTP/1.1)
POST /session/49e503c1297baf2707227c334e762f58/element/D6404AA8C44A1CCE9838125E0B9DC619_element_11/click HTTP/1.1
User-Agent: selenium/4.8.1 (java windows)
Content-Length: 57
Content-Type: application/json; charset=utf-8
host: localhost:4228
accept: */*

Response DefaultHttpResponse(decodeResult: success, version: HTTP/1.1)
HTTP/1.1 200 OK
Content-Length: 14
Content-Type: application/json; charset=utf-8
cache-control: no-cache

18:56:42.785 [AsyncHttpClient-1-8] DEBUG org.asynchttpclient.netty.channel.ChannelManager - Adding key: http://localhost:4228 for channel [id: 0xc0d31f2a, L:/127.0.0.1:62026 - R:localhost/127.0.0.1:4228]
18:56:42.792 [Forwarding getAlertText on session 49e503c1297baf2707227c334e762f58 to remote] DEBUG org.asynchttpclient.netty.request.NettyRequestSender - Using pooled Channel '[id: 0xc0d31f2a, L:/127.0.0.1:62026 - R:localhost/127.0.0.1:4228]' for 'GET' to 'http://localhost:4228/session/49e503c1297baf2707227c334e762f58/alert/text'
18:56:42.792 [Forwarding getAlertText on session 49e503c1297baf2707227c334e762f58 to remote] DEBUG org.asynchttpclient.netty.request.NettyRequestSender - Using open Channel [id: 0xc0d31f2a, L:/127.0.0.1:62026 - R:localhost/127.0.0.1:4228] for GET '/session/49e503c1297baf2707227c334e762f58/alert/text'
18:56:42.795 [AsyncHttpClient-1-8] DEBUG org.asynchttpclient.netty.handler.HttpHandler - 

Request DefaultFullHttpRequest(decodeResult: success, version: HTTP/1.1, content: EmptyByteBufBE)
GET /session/49e503c1297baf2707227c334e762f58/alert/text HTTP/1.1
User-Agent: selenium/4.8.1 (java windows)
Cache-Control: no-cache
Content-Type: application/json; charset=utf-8
host: localhost:4228
accept: */*

Response DefaultHttpResponse(decodeResult: success, version: HTTP/1.1)
HTTP/1.1 404 Not Found
Content-Length: 821
Content-Type: application/json; charset=utf-8
cache-control: no-cache

18:56:42.795 [AsyncHttpClient-1-8] DEBUG org.asynchttpclient.netty.channel.ChannelManager - Adding key: http://localhost:4228 for channel [id: 0xc0d31f2a, L:/127.0.0.1:62026 - R:localhost/127.0.0.1:4228]
18:56:42.797 [Forwarding getCurrentUrl on session 49e503c1297baf2707227c334e762f58 to remote] DEBUG org.asynchttpclient.netty.request.NettyRequestSender - Using pooled Channel '[id: 0xc0d31f2a, L:/127.0.0.1:62026 - R:localhost/127.0.0.1:4228]' for 'GET' to 'http://localhost:4228/session/49e503c1297baf2707227c334e762f58/url'
18:56:42.797 [Forwarding getCurrentUrl on session 49e503c1297baf2707227c334e762f58 to remote] DEBUG org.asynchttpclient.netty.request.NettyRequestSender - Using open Channel [id: 0xc0d31f2a, L:/127.0.0.1:62026 - R:localhost/127.0.0.1:4228] for GET '/session/49e503c1297baf2707227c334e762f58/url'
18:56:42.806 [AsyncHttpClient-1-8] DEBUG org.asynchttpclient.netty.handler.HttpHandler - 

Request DefaultFullHttpRequest(decodeResult: success, version: HTTP/1.1, content: EmptyByteBufBE)
GET /session/49e503c1297baf2707227c334e762f58/url HTTP/1.1
User-Agent: selenium/4.8.1 (java windows)
Cache-Control: no-cache
Content-Type: application/json; charset=utf-8
host: localhost:4228
accept: */*

Response DefaultHttpResponse(decodeResult: success, version: HTTP/1.1)
HTTP/1.1 200 OK
Content-Length: 45
Content-Type: application/json; charset=utf-8
cache-control: no-cache

18:56:42.806 [AsyncHttpClient-1-8] DEBUG org.asynchttpclient.netty.channel.ChannelManager - Adding key: http://localhost:4228 for channel [id: 0xc0d31f2a, L:/127.0.0.1:62026 - R:localhost/127.0.0.1:4228]
18:56:42.807 [Forwarding screenshot on session 49e503c1297baf2707227c334e762f58 to remote] DEBUG org.asynchttpclient.netty.request.NettyRequestSender - Using pooled Channel '[id: 0xc0d31f2a, L:/127.0.0.1:62026 - R:localhost/127.0.0.1:4228]' for 'GET' to 'http://localhost:4228/session/49e503c1297baf2707227c334e762f58/screenshot'
18:56:42.808 [Forwarding screenshot on session 49e503c1297baf2707227c334e762f58 to remote] DEBUG org.asynchttpclient.netty.request.NettyRequestSender - Using open Channel [id: 0xc0d31f2a, L:/127.0.0.1:62026 - R:localhost/127.0.0.1:4228] for GET '/session/49e503c1297baf2707227c334e762f58/screenshot'
18:56:42.944 [AsyncHttpClient-1-8] DEBUG org.asynchttpclient.netty.handler.HttpHandler - 

Request DefaultFullHttpRequest(decodeResult: success, version: HTTP/1.1, content: EmptyByteBufBE)
GET /session/49e503c1297baf2707227c334e762f58/screenshot HTTP/1.1
User-Agent: selenium/4.8.1 (java windows)
Cache-Control: no-cache
Content-Type: application/json; charset=utf-8
host: localhost:4228
accept: */*

Response DefaultHttpResponse(decodeResult: success, version: HTTP/1.1)
HTTP/1.1 200 OK
Content-Length: 35216
Content-Type: application/json; charset=utf-8
cache-control: no-cache

18:56:42.944 [AsyncHttpClient-1-8] DEBUG org.asynchttpclient.netty.channel.ChannelManager - Adding key: http://localhost:4228 for channel [id: 0xc0d31f2a, L:/127.0.0.1:62026 - R:localhost/127.0.0.1:4228]
18:56:42.946 [main] DEBUG net.serenitybdd.core.photography.Darkroom - Send negative for processing for target\site\serenity\d3d7f94c850d57d362a65da268a96c022ebdecbb8888292db89daeba68146fc1.png
18:56:42.946 [main] DEBUG net.thucydides.core.steps.StepInterceptor - STEP DONE: clickLoginButton
  &amp#27;[32mWhen &amp#27;[0m&amp#27;[32mI click on the login button&amp#27;[0m               &amp#27;[90m# starter.stepdefinitions.LoginSteps.clickLoginButton()&amp#27;[0m
18:56:42.946 [Darkroom Processing Line] DEBUG net.serenitybdd.core.photography.DarkroomProcessingLine - Processing screenshot image in /var/screenshots/screenshot-5476132218700837735
18:56:42.946 [Darkroom Processing Line] DEBUG net.serenitybdd.core.photography.DarkroomProcessingLine - Saving screenshot to target\site\serenity\d3d7f94c850d57d362a65da268a96c022ebdecbb8888292db89daeba68146fc1.png
18:56:42.957 [Forwarding getPageSource on session 49e503c1297baf2707227c334e762f58 to remote] DEBUG org.asynchttpclient.netty.request.NettyRequestSender - Using pooled Channel '[id: 0xc0d31f2a, L:/127.0.0.1:62026 - R:localhost/127.0.0.1:4228]' for 'POST' to 'http://localhost:4228/session/49e503c1297baf2707227c334e762f58/execute/sync'
18:56:42.957 [Forwarding getPageSource on session 49e503c1297baf2707227c334e762f58 to remote] DEBUG org.asynchttpclient.netty.request.NettyRequestSender - Using open Channel [id: 0xc0d31f2a, L:/127.0.0.1:62026 - R:localhost/127.0.0.1:4228] for POST '/session/49e503c1297baf2707227c334e762f58/execute/sync'
18:56:42.962 [AsyncHttpClient-1-8] DEBUG org.asynchttpclient.netty.handler.HttpHandler - 

Request DefaultHttpRequest(decodeResult: success, version: HTTP/1.1)
POST /session/49e503c1297baf2707227c334e762f58/execute/sync HTTP/1.1
User-Agent: selenium/4.8.1 (java windows)
Content-Length: 176
Content-Type: application/json; charset=utf-8
host: localhost:4228
accept: */*

Response DefaultHttpResponse(decodeResult: success, version: HTTP/1.1)
HTTP/1.1 200 OK
Content-Length: 9538
Content-Type: application/json; charset=utf-8
cache-control: no-cache

18:56:42.962 [AsyncHttpClient-1-8] DEBUG org.asynchttpclient.netty.channel.ChannelManager - Adding key: http://localhost:4228 for channel [id: 0xc0d31f2a, L:/127.0.0.1:62026 - R:localhost/127.0.0.1:4228]
18:56:42.963 [Forwarding getCurrentUrl on session 49e503c1297baf2707227c334e762f58 to remote] DEBUG org.asynchttpclient.netty.request.NettyRequestSender - Using pooled Channel '[id: 0xc0d31f2a, L:/127.0.0.1:62026 - R:localhost/127.0.0.1:4228]' for 'GET' to 'http://localhost:4228/session/49e503c1297baf2707227c334e762f58/url'
18:56:42.963 [Forwarding getCurrentUrl on session 49e503c1297baf2707227c334e762f58 to remote] DEBUG org.asynchttpclient.netty.request.NettyRequestSender - Using open Channel [id: 0xc0d31f2a, L:/127.0.0.1:62026 - R:localhost/127.0.0.1:4228] for GET '/session/49e503c1297baf2707227c334e762f58/url'
18:56:42.967 [AsyncHttpClient-1-1] DEBUG org.asynchttpclient.netty.channel.DefaultChannelPool - Entry count for : http://localhost:62028 : 1
18:56:42.968 [AsyncHttpClient-1-8] DEBUG org.asynchttpclient.netty.handler.HttpHandler - 

Request DefaultFullHttpRequest(decodeResult: success, version: HTTP/1.1, content: EmptyByteBufBE)
GET /session/49e503c1297baf2707227c334e762f58/url HTTP/1.1
User-Agent: selenium/4.8.1 (java windows)
Cache-Control: no-cache
Content-Type: application/json; charset=utf-8
host: localhost:4228
accept: */*

Response DefaultHttpResponse(decodeResult: success, version: HTTP/1.1)
HTTP/1.1 200 OK
Content-Length: 45
Content-Type: application/json; charset=utf-8
cache-control: no-cache

18:56:42.969 [AsyncHttpClient-1-8] DEBUG org.asynchttpclient.netty.channel.ChannelManager - Adding key: http://localhost:4228 for channel [id: 0xc0d31f2a, L:/127.0.0.1:62026 - R:localhost/127.0.0.1:4228]
18:56:42.978 [Forwarding getPageSource on session 49e503c1297baf2707227c334e762f58 to remote] DEBUG org.asynchttpclient.netty.request.NettyRequestSender - Using pooled Channel '[id: 0xc0d31f2a, L:/127.0.0.1:62026 - R:localhost/127.0.0.1:4228]' for 'POST' to 'http://localhost:4228/session/49e503c1297baf2707227c334e762f58/execute/sync'
18:56:42.978 [Forwarding getPageSource on session 49e503c1297baf2707227c334e762f58 to remote] DEBUG org.asynchttpclient.netty.request.NettyRequestSender - Using open Channel [id: 0xc0d31f2a, L:/127.0.0.1:62026 - R:localhost/127.0.0.1:4228] for POST '/session/49e503c1297baf2707227c334e762f58/execute/sync'
18:56:42.982 [AsyncHttpClient-1-8] DEBUG org.asynchttpclient.netty.handler.HttpHandler - 

Request DefaultHttpRequest(decodeResult: success, version: HTTP/1.1)
POST /session/49e503c1297baf2707227c334e762f58/execute/sync HTTP/1.1
User-Agent: selenium/4.8.1 (java windows)
Content-Length: 176
Content-Type: application/json; charset=utf-8
host: localhost:4228
accept: */*

Response DefaultHttpResponse(decodeResult: success, version: HTTP/1.1)
HTTP/1.1 200 OK
Content-Length: 9538
Content-Type: application/json; charset=utf-8
cache-control: no-cache

18:56:42.982 [AsyncHttpClient-1-8] DEBUG org.asynchttpclient.netty.channel.ChannelManager - Adding key: http://localhost:4228 for channel [id: 0xc0d31f2a, L:/127.0.0.1:62026 - R:localhost/127.0.0.1:4228]
18:56:42.983 [Forwarding getCurrentUrl on session 49e503c1297baf2707227c334e762f58 to remote] DEBUG org.asynchttpclient.netty.request.NettyRequestSender - Using pooled Channel '[id: 0xc0d31f2a, L:/127.0.0.1:62026 - R:localhost/127.0.0.1:4228]' for 'GET' to 'http://localhost:4228/session/49e503c1297baf2707227c334e762f58/url'
18:56:42.983 [Forwarding getCurrentUrl on session 49e503c1297baf2707227c334e762f58 to remote] DEBUG org.asynchttpclient.netty.request.NettyRequestSender - Using open Channel [id: 0xc0d31f2a, L:/127.0.0.1:62026 - R:localhost/127.0.0.1:4228] for GET '/session/49e503c1297baf2707227c334e762f58/url'
18:56:42.988 [AsyncHttpClient-1-8] DEBUG org.asynchttpclient.netty.handler.HttpHandler - 

Request DefaultFullHttpRequest(decodeResult: success, version: HTTP/1.1, content: EmptyByteBufBE)
GET /session/49e503c1297baf2707227c334e762f58/url HTTP/1.1
User-Agent: selenium/4.8.1 (java windows)
Cache-Control: no-cache
Content-Type: application/json; charset=utf-8
host: localhost:4228
accept: */*

Response DefaultHttpResponse(decodeResult: success, version: HTTP/1.1)
HTTP/1.1 200 OK
Content-Length: 45
Content-Type: application/json; charset=utf-8
cache-control: no-cache

18:56:42.988 [AsyncHttpClient-1-8] DEBUG org.asynchttpclient.netty.channel.ChannelManager - Adding key: http://localhost:4228 for channel [id: 0xc0d31f2a, L:/127.0.0.1:62026 - R:localhost/127.0.0.1:4228]
18:56:42.990 [main] DEBUG net.thucydides.core.steps.StepInterceptor - STARTING STEP: LoginSteps.checkIncorrectAlert - checkIncorrectAlert
18:56:42.991 [Forwarding findElement on session 49e503c1297baf2707227c334e762f58 to remote] DEBUG org.asynchttpclient.netty.request.NettyRequestSender - Using pooled Channel '[id: 0xc0d31f2a, L:/127.0.0.1:62026 - R:localhost/127.0.0.1:4228]' for 'POST' to 'http://localhost:4228/session/49e503c1297baf2707227c334e762f58/element'
18:56:42.991 [Forwarding findElement on session 49e503c1297baf2707227c334e762f58 to remote] DEBUG org.asynchttpclient.netty.request.NettyRequestSender - Using open Channel [id: 0xc0d31f2a, L:/127.0.0.1:62026 - R:localhost/127.0.0.1:4228] for POST '/session/49e503c1297baf2707227c334e762f58/element'
18:56:43.936 [AsyncHttpClient-1-8] DEBUG org.asynchttpclient.netty.handler.HttpHandler - 

Request DefaultHttpRequest(decodeResult: success, version: HTTP/1.1)
POST /session/49e503c1297baf2707227c334e762f58/element HTTP/1.1
User-Agent: selenium/4.8.1 (java windows)
Content-Length: 123
Content-Type: application/json; charset=utf-8
host: localhost:4228
accept: */*

Response DefaultHttpResponse(decodeResult: success, version: HTTP/1.1)
HTTP/1.1 200 OK
Content-Length: 95
Content-Type: application/json; charset=utf-8
cache-control: no-cache

18:56:43.936 [AsyncHttpClient-1-8] DEBUG org.asynchttpclient.netty.channel.ChannelManager - Adding key: http://localhost:4228 for channel [id: 0xc0d31f2a, L:/127.0.0.1:62026 - R:localhost/127.0.0.1:4228]
18:56:43.938 [Forwarding isElementDisplayed on session 49e503c1297baf2707227c334e762f58 to remote] DEBUG org.asynchttpclient.netty.request.NettyRequestSender - Using pooled Channel '[id: 0xc0d31f2a, L:/127.0.0.1:62026 - R:localhost/127.0.0.1:4228]' for 'POST' to 'http://localhost:4228/session/49e503c1297baf2707227c334e762f58/execute/sync'
18:56:43.938 [Forwarding isElementDisplayed on session 49e503c1297baf2707227c334e762f58 to remote] DEBUG org.asynchttpclient.netty.request.NettyRequestSender - Using open Channel [id: 0xc0d31f2a, L:/127.0.0.1:62026 - R:localhost/127.0.0.1:4228] for POST '/session/49e503c1297baf2707227c334e762f58/execute/sync'
18:56:43.953 [AsyncHttpClient-1-8] DEBUG org.asynchttpclient.netty.handler.HttpHandler - 

Request DefaultHttpRequest(decodeResult: success, version: HTTP/1.1)
POST /session/49e503c1297baf2707227c334e762f58/execute/sync HTTP/1.1
User-Agent: selenium/4.8.1 (java windows)
Content-Length: 48814
Content-Type: application/json; charset=utf-8
host: localhost:4228
accept: */*

Response DefaultHttpResponse(decodeResult: success, version: HTTP/1.1)
HTTP/1.1 200 OK
Content-Length: 15
Content-Type: application/json; charset=utf-8
cache-control: no-cache

18:56:43.954 [AsyncHttpClient-1-8] DEBUG org.asynchttpclient.netty.channel.ChannelManager - Adding key: http://localhost:4228 for channel [id: 0xc0d31f2a, L:/127.0.0.1:62026 - R:localhost/127.0.0.1:4228]
18:56:43.960 [Forwarding getAlertText on session 49e503c1297baf2707227c334e762f58 to remote] DEBUG org.asynchttpclient.netty.request.NettyRequestSender - Using pooled Channel '[id: 0xc0d31f2a, L:/127.0.0.1:62026 - R:localhost/127.0.0.1:4228]' for 'GET' to 'http://localhost:4228/session/49e503c1297baf2707227c334e762f58/alert/text'
18:56:43.960 [Forwarding getAlertText on session 49e503c1297baf2707227c334e762f58 to remote] DEBUG org.asynchttpclient.netty.request.NettyRequestSender - Using open Channel [id: 0xc0d31f2a, L:/127.0.0.1:62026 - R:localhost/127.0.0.1:4228] for GET '/session/49e503c1297baf2707227c334e762f58/alert/text'
18:56:43.967 [AsyncHttpClient-1-8] DEBUG org.asynchttpclient.netty.handler.HttpHandler - 

Request DefaultFullHttpRequest(decodeResult: success, version: HTTP/1.1, content: EmptyByteBufBE)
GET /session/49e503c1297baf2707227c334e762f58/alert/text HTTP/1.1
User-Agent: selenium/4.8.1 (java windows)
Cache-Control: no-cache
Content-Type: application/json; charset=utf-8
host: localhost:4228
accept: */*

Response DefaultHttpResponse(decodeResult: success, version: HTTP/1.1)
HTTP/1.1 404 Not Found
Content-Length: 821
Content-Type: application/json; charset=utf-8
cache-control: no-cache

18:56:43.967 [AsyncHttpClient-1-8] DEBUG org.asynchttpclient.netty.channel.ChannelManager - Adding key: http://localhost:4228 for channel [id: 0xc0d31f2a, L:/127.0.0.1:62026 - R:localhost/127.0.0.1:4228]
18:56:43.969 [Forwarding getCurrentUrl on session 49e503c1297baf2707227c334e762f58 to remote] DEBUG org.asynchttpclient.netty.request.NettyRequestSender - Using pooled Channel '[id: 0xc0d31f2a, L:/127.0.0.1:62026 - R:localhost/127.0.0.1:4228]' for 'GET' to 'http://localhost:4228/session/49e503c1297baf2707227c334e762f58/url'
18:56:43.969 [Forwarding getCurrentUrl on session 49e503c1297baf2707227c334e762f58 to remote] DEBUG org.asynchttpclient.netty.request.NettyRequestSender - Using open Channel [id: 0xc0d31f2a, L:/127.0.0.1:62026 - R:localhost/127.0.0.1:4228] for GET '/session/49e503c1297baf2707227c334e762f58/url'
18:56:43.976 [AsyncHttpClient-1-8] DEBUG org.asynchttpclient.netty.handler.HttpHandler - 

Request DefaultFullHttpRequest(decodeResult: success, version: HTTP/1.1, content: EmptyByteBufBE)
GET /session/49e503c1297baf2707227c334e762f58/url HTTP/1.1
User-Agent: selenium/4.8.1 (java windows)
Cache-Control: no-cache
Content-Type: application/json; charset=utf-8
host: localhost:4228
accept: */*

Response DefaultHttpResponse(decodeResult: success, version: HTTP/1.1)
HTTP/1.1 200 OK
Content-Length: 45
Content-Type: application/json; charset=utf-8
cache-control: no-cache

18:56:43.976 [AsyncHttpClient-1-8] DEBUG org.asynchttpclient.netty.channel.ChannelManager - Adding key: http://localhost:4228 for channel [id: 0xc0d31f2a, L:/127.0.0.1:62026 - R:localhost/127.0.0.1:4228]
18:56:43.978 [Forwarding screenshot on session 49e503c1297baf2707227c334e762f58 to remote] DEBUG org.asynchttpclient.netty.request.NettyRequestSender - Using pooled Channel '[id: 0xc0d31f2a, L:/127.0.0.1:62026 - R:localhost/127.0.0.1:4228]' for 'GET' to 'http://localhost:4228/session/49e503c1297baf2707227c334e762f58/screenshot'
18:56:43.979 [Forwarding screenshot on session 49e503c1297baf2707227c334e762f58 to remote] DEBUG org.asynchttpclient.netty.request.NettyRequestSender - Using open Channel [id: 0xc0d31f2a, L:/127.0.0.1:62026 - R:localhost/127.0.0.1:4228] for GET '/session/49e503c1297baf2707227c334e762f58/screenshot'
18:56:44.069 [AsyncHttpClient-1-1] DEBUG org.asynchttpclient.netty.channel.DefaultChannelPool - Entry count for : http://localhost:62028 : 1
18:56:44.153 [AsyncHttpClient-1-8] DEBUG org.asynchttpclient.netty.handler.HttpHandler - 

Request DefaultFullHttpRequest(decodeResult: success, version: HTTP/1.1, content: EmptyByteBufBE)
GET /session/49e503c1297baf2707227c334e762f58/screenshot HTTP/1.1
User-Agent: selenium/4.8.1 (java windows)
Cache-Control: no-cache
Content-Type: application/json; charset=utf-8
host: localhost:4228
accept: */*

Response DefaultHttpResponse(decodeResult: success, version: HTTP/1.1)
HTTP/1.1 200 OK
Content-Length: 35228
Content-Type: application/json; charset=utf-8
cache-control: no-cache

18:56:44.154 [AsyncHttpClient-1-8] DEBUG org.asynchttpclient.netty.channel.ChannelManager - Adding key: http://localhost:4228 for channel [id: 0xc0d31f2a, L:/127.0.0.1:62026 - R:localhost/127.0.0.1:4228]
18:56:44.156 [main] DEBUG net.serenitybdd.core.photography.Darkroom - Send negative for processing for target\site\serenity\73c7c122a13362330edebd9e24e3f728fadf2f822d6b3929aa6f9ce48168541a.png
18:56:44.157 [main] DEBUG net.thucydides.core.steps.StepInterceptor - STEP DONE: checkIncorrectAlert
  &amp#27;[32mThen &amp#27;[0m&amp#27;[32mI should see incorrect alert notification&amp#27;[0m &amp#27;[90m# starter.stepdefinitions.LoginSteps.checkIncorrectAlert()&amp#27;[0m
18:56:44.166 [main] INFO  - 
  _____   ___   ___   _____     ___     _     ___   ___   ___   ___  
 |_   _| | __| / __| |_   _|   | _ \   /_\   / __| / __| | __| |   \ 
   | |   | _|  \__ \   | |     |  _/  / _ \  \__ \ \__ \ | _|  | |) |
   |_|   |___| |___/   |_|     |_|   /_/ \_\ |___/ |___/ |___| |___/ 

Login with incorrect email
----------------------------------------------------------------------
18:56:44.168 [AsyncHttpClient-1-10] DEBUG org.asynchttpclient.netty.handler.WebSocketHandler - Channel Closed: [id: 0xda2849b3, L:/127.0.0.1:62037 ! R:localhost/127.0.0.1:62028] with attribute NettyResponseFuture{currentRetry=0,
	isDone=1,
	isCancelled=0,
	asyncHandler=org.asynchttpclient.ws.WebSocketUpgradeHandler@7e816232,
	nettyRequest=org.asynchttpclient.netty.request.NettyRequest@3b83e386,
	future=java.util.concurrent.CompletableFuture@78ccead[Completed normally],
	uri=ws://localhost:62028/devtools/browser/dfb6f873-2236-456e-bff6-eee2e902ab5f,
	keepAlive=true,
	redirectCount=0,
	timeoutsHolder=null,
	inAuth=0,
	touch=1687780601008}
18:56:44.168 [Driver Command Executor] DEBUG org.asynchttpclient.netty.request.NettyRequestSender - Using pooled Channel '[id: 0xc0d31f2a, L:/127.0.0.1:62026 - R:localhost/127.0.0.1:4228]' for 'DELETE' to 'http://localhost:4228/session/49e503c1297baf2707227c334e762f58'
18:56:44.168 [AsyncHttpClient-1-10] DEBUG org.asynchttpclient.netty.channel.ChannelManager - Closing Channel [id: 0xda2849b3, L:/127.0.0.1:62037 ! R:localhost/127.0.0.1:62028] 
18:56:44.169 [Driver Command Executor] DEBUG org.asynchttpclient.netty.request.NettyRequestSender - Using open Channel [id: 0xc0d31f2a, L:/127.0.0.1:62026 - R:localhost/127.0.0.1:4228] for DELETE '/session/49e503c1297baf2707227c334e762f58'
18:56:44.248 [AsyncHttpClient-1-9] DEBUG org.asynchttpclient.netty.handler.HttpHandler - Unexpected I/O exception on channel [id: 0x89f6e6d9, L:/127.0.0.1:62036 - R:localhost/127.0.0.1:62028]
java.net.SocketException: Connection reset
	at java.base/sun.nio.ch.SocketChannelImpl.throwConnectionReset(SocketChannelImpl.java:367)
	at java.base/sun.nio.ch.SocketChannelImpl.read(SocketChannelImpl.java:398)
	at io.netty.buffer.PooledByteBuf.setBytes(PooledByteBuf.java:259)
	at io.netty.buffer.AbstractByteBuf.writeBytes(AbstractByteBuf.java:1132)
	at io.netty.channel.socket.nio.NioSocketChannel.doReadBytes(NioSocketChannel.java:357)
	at io.netty.channel.nio.AbstractNioByteChannel$NioByteUnsafe.read(AbstractNioByteChannel.java:151)
	at io.netty.channel.nio.NioEventLoop.processSelectedKey(NioEventLoop.java:788)
	at io.netty.channel.nio.NioEventLoop.processSelectedKeysOptimized(NioEventLoop.java:724)
	at io.netty.channel.nio.NioEventLoop.processSelectedKeys(NioEventLoop.java:650)
	at io.netty.channel.nio.NioEventLoop.run(NioEventLoop.java:562)
	at io.netty.util.concurrent.SingleThreadEventExecutor$4.run(SingleThreadEventExecutor.java:997)
	at io.netty.util.internal.ThreadExecutorMap$2.run(ThreadExecutorMap.java:74)
	at io.netty.util.concurrent.FastThreadLocalRunnable.run(FastThreadLocalRunnable.java:30)
	at java.base/java.lang.Thread.run(Thread.java:832)
18:56:44.249 [AsyncHttpClient-1-9] DEBUG org.asynchttpclient.netty.channel.ChannelManager - Closing Channel [id: 0x89f6e6d9, L:/127.0.0.1:62036 - R:localhost/127.0.0.1:62028] 
18:56:44.249 [AsyncHttpClient-1-9] DEBUG org.asynchttpclient.netty.handler.HttpHandler - Channel Closed: [id: 0x89f6e6d9, L:/127.0.0.1:62036 ! R:localhost/127.0.0.1:62028] with attribute DISCARD
18:56:44.266 [AsyncHttpClient-1-8] DEBUG org.asynchttpclient.netty.handler.HttpHandler - 

Request DefaultFullHttpRequest(decodeResult: success, version: HTTP/1.1, content: EmptyByteBufBE)
DELETE /session/49e503c1297baf2707227c334e762f58 HTTP/1.1
User-Agent: selenium/4.8.1 (java windows)
Content-Type: application/json; charset=utf-8
host: localhost:4228
accept: */*

Response DefaultHttpResponse(decodeResult: success, version: HTTP/1.1)
HTTP/1.1 200 OK
Content-Length: 14
Content-Type: application/json; charset=utf-8
cache-control: no-cache

18:56:44.267 [AsyncHttpClient-1-8] DEBUG org.asynchttpclient.netty.channel.ChannelManager - Adding key: http://localhost:4228 for channel [id: 0xc0d31f2a, L:/127.0.0.1:62026 - R:localhost/127.0.0.1:4228]
18:56:44.373 [AsyncHttpClient-1-8] DEBUG org.asynchttpclient.netty.handler.HttpHandler - Channel Closed: [id: 0xc0d31f2a, L:/127.0.0.1:62026 ! R:localhost/127.0.0.1:4228] with attribute DISCARD
]]></system-out>
    <system-err><![CDATA[Starting ChromeDriver 114.0.5735.16 (7e1ff058633f5b79b1cd7479aca585ba385519d8-refs/branch-heads/5735@{#182}) on port 4228
Only local connections are allowed.
Please see https://chromedriver.chromium.org/security-considerations for suggestions on keeping ChromeDriver safe.
ChromeDriver was started successfully.
Jun 26, 2023 6:56:41 PM org.openqa.selenium.devtools.CdpVersionFinder findNearestMatch
WARNING: Unable to find an exact match for CDP version 114, so returning the closest version found: 110
]]></system-err>
  </testcase>
  <testcase name="Verify email input must be valid value" classname="Login to Sociops Admin Account" time="3.594">
    <system-out><![CDATA[
Scenario: Verify email input must be valid value &amp#27;[90m# src/test/resources/features/Login.feature:28&amp#27;[0m
18:56:44.902 [main] DEBUG io.cucumber.core.plugin.SerenityReporter - Running feature from file:///C:/Users/WINDOWS%2010/Documents/GitHub/Capstone/sociops_qe_web/src/test/resources/features/Login.feature
18:56:44.904 [main] INFO  - 
  _____   ___   ___   _____     ___   _____     _     ___   _____   ___   ___  
 |_   _| | __| / __| |_   _|   / __| |_   _|   /_\   | _ \ |_   _| | __| |   \ 
   | |   | _|  \__ \   | |     \__ \   | |    / _ \  |   /   | |   | _|  | |) |
   |_|   |___| |___/   |_|     |___/   |_|   /_/ \_\ |_|_\   |_|   |___| |___/ 

Verify email input must be valid value(login-to-sociops-admin-account;verify-email-input-must-be-valid-value)
--------------------------------------------------------------------------------
18:56:44.927 [main] DEBUG net.thucydides.core.steps.StepInterceptor - STARTING STEP: LoginSteps.onTheLoginPage - openPage
18:56:44.966 [main] INFO net.serenitybdd.core.webdriver.driverproviders.ChromeDriverProvider - Starting Chrome driver instance with capabilities:
18:56:44.967 [main] INFO net.serenitybdd.core.webdriver.driverproviders.ChromeDriverProvider - Capabilities {acceptInsecureCerts: false, browserName: chrome, goog:chromeOptions: {args: [remote-allow-origins=*], extensions: []}}
18:56:45.047 [AsyncHttpClient-1-11] DEBUG org.asynchttpclient.netty.channel.NettyConnectListener - Using new Channel '[id: 0x78f21d64, L:/127.0.0.1:62052 - R:localhost/127.0.0.1:18586]' for 'POST' to '/session'
18:56:45.161 [AsyncHttpClient-1-1] DEBUG org.asynchttpclient.netty.channel.DefaultChannelPool - Entry count for : http://localhost:4228 : 1
18:56:45.161 [AsyncHttpClient-1-1] DEBUG org.asynchttpclient.netty.channel.DefaultChannelPool - Entry count for : http://localhost:62028 : 1
18:56:45.161 [AsyncHttpClient-1-1] DEBUG org.asynchttpclient.netty.channel.DefaultChannelPool - Adding Candidate expired Channel [id: 0xc0d31f2a, L:/127.0.0.1:62026 ! R:localhost/127.0.0.1:4228] isIdleTimeoutExpired=false isRemotelyClosed=true isTtlExpired=false
18:56:45.161 [AsyncHttpClient-1-1] DEBUG org.asynchttpclient.netty.channel.DefaultChannelPool - Closing Idle Channel [id: 0xc0d31f2a, L:/127.0.0.1:62026 ! R:localhost/127.0.0.1:4228]
18:56:45.161 [AsyncHttpClient-1-1] DEBUG org.asynchttpclient.netty.channel.DefaultChannelPool - Adding Candidate expired Channel [id: 0x89f6e6d9, L:/127.0.0.1:62036 ! R:localhost/127.0.0.1:62028] isIdleTimeoutExpired=false isRemotelyClosed=true isTtlExpired=false
18:56:45.161 [AsyncHttpClient-1-1] DEBUG org.asynchttpclient.netty.channel.DefaultChannelPool - Closing Idle Channel [id: 0x89f6e6d9, L:/127.0.0.1:62036 ! R:localhost/127.0.0.1:62028]
18:56:45.161 [AsyncHttpClient-1-1] DEBUG org.asynchttpclient.netty.channel.DefaultChannelPool - Closed 2 connections out of 2 in 0 ms
18:56:45.898 [AsyncHttpClient-1-11] DEBUG org.asynchttpclient.netty.handler.HttpHandler - 

Request DefaultHttpRequest(decodeResult: success, version: HTTP/1.1)
POST /session HTTP/1.1
User-Agent: selenium/4.8.1 (java windows)
Content-Length: 507
Content-Type: application/json; charset=utf-8
host: localhost:18586
accept: */*

Response DefaultHttpResponse(decodeResult: success, version: HTTP/1.1)
HTTP/1.1 200 OK
Content-Length: 862
Content-Type: application/json; charset=utf-8
cache-control: no-cache

18:56:45.899 [AsyncHttpClient-1-11] DEBUG org.asynchttpclient.netty.channel.ChannelManager - Adding key: http://localhost:18586 for channel [id: 0x78f21d64, L:/127.0.0.1:62052 - R:localhost/127.0.0.1:18586]
18:56:45.906 [AsyncHttpClient-1-12] DEBUG org.asynchttpclient.netty.channel.NettyConnectListener - Using new Channel '[id: 0x47d21a16, L:/127.0.0.1:62064 - R:localhost/127.0.0.1:62053]' for 'GET' to '/json/version'
18:56:45.907 [AsyncHttpClient-1-12] DEBUG org.asynchttpclient.netty.handler.HttpHandler - 

Request DefaultFullHttpRequest(decodeResult: success, version: HTTP/1.1, content: EmptyByteBufBE)
GET /json/version HTTP/1.1
User-Agent: selenium/4.8.1 (java windows)
host: localhost:62053
accept: */*

Response DefaultHttpResponse(decodeResult: success, version: HTTP/1.1)
HTTP/1.1 200 OK
Content-Security-Policy: frame-ancestors 'none'
Content-Length: 424
Content-Type: application/json; charset=UTF-8

18:56:45.907 [AsyncHttpClient-1-12] DEBUG org.asynchttpclient.netty.channel.ChannelManager - Adding key: http://localhost:62053 for channel [id: 0x47d21a16, L:/127.0.0.1:62064 - R:localhost/127.0.0.1:62053]
18:56:45.911 [AsyncHttpClient-1-13] DEBUG org.asynchttpclient.netty.channel.NettyConnectListener - Using new Channel '[id: 0x0ae50eed, L:/127.0.0.1:62065 - R:localhost/127.0.0.1:62053]' for 'GET' to '/devtools/browser/d819515e-7adb-4501-8f61-d0960f9308e2'
18:56:45.912 [AsyncHttpClient-1-13] DEBUG org.asynchttpclient.netty.handler.WebSocketHandler - 

Request DefaultFullHttpRequest(decodeResult: success, version: HTTP/1.1, content: EmptyByteBufBE)
GET /devtools/browser/d819515e-7adb-4501-8f61-d0960f9308e2 HTTP/1.1
upgrade: websocket
connection: upgrade
sec-websocket-key: NCc/PG3N3h5toxFD29+UDw==
sec-websocket-version: 13
origin: http://localhost:62053
host: localhost:62053
accept: */*
user-agent: AHC/2.1

Response DefaultHttpResponse(decodeResult: success, version: HTTP/1.1)
HTTP/1.1 101 WebSocket Protocol Handshake
Upgrade: WebSocket
Connection: Upgrade
Sec-WebSocket-Accept: /DtiRjtiMMeSImsbOQ6ZTLp3KS0=

18:56:45.917 [Forwarding get on session 6832b86ed448f4afb939bdc46507230c to remote] DEBUG org.asynchttpclient.netty.request.NettyRequestSender - Using pooled Channel '[id: 0x78f21d64, L:/127.0.0.1:62052 - R:localhost/127.0.0.1:18586]' for 'POST' to 'http://localhost:18586/session/6832b86ed448f4afb939bdc46507230c/url'
18:56:45.917 [Forwarding get on session 6832b86ed448f4afb939bdc46507230c to remote] DEBUG org.asynchttpclient.netty.request.NettyRequestSender - Using open Channel [id: 0x78f21d64, L:/127.0.0.1:62052 - R:localhost/127.0.0.1:18586] for POST '/session/6832b86ed448f4afb939bdc46507230c/url'
18:56:46.260 [AsyncHttpClient-1-1] DEBUG org.asynchttpclient.netty.channel.DefaultChannelPool - Entry count for : http://localhost:62053 : 1
18:56:46.569 [AsyncHttpClient-1-11] DEBUG org.asynchttpclient.netty.handler.HttpHandler - 

Request DefaultHttpRequest(decodeResult: success, version: HTTP/1.1)
POST /session/6832b86ed448f4afb939bdc46507230c/url HTTP/1.1
User-Agent: selenium/4.8.1 (java windows)
Content-Length: 63
Content-Type: application/json; charset=utf-8
host: localhost:18586
accept: */*

Response DefaultHttpResponse(decodeResult: success, version: HTTP/1.1)
HTTP/1.1 200 OK
Content-Length: 14
Content-Type: application/json; charset=utf-8
cache-control: no-cache

18:56:46.569 [AsyncHttpClient-1-11] DEBUG org.asynchttpclient.netty.channel.ChannelManager - Adding key: http://localhost:18586 for channel [id: 0x78f21d64, L:/127.0.0.1:62052 - R:localhost/127.0.0.1:18586]
18:56:46.572 [Forwarding setTimeout on session 6832b86ed448f4afb939bdc46507230c to remote] DEBUG org.asynchttpclient.netty.request.NettyRequestSender - Using pooled Channel '[id: 0x78f21d64, L:/127.0.0.1:62052 - R:localhost/127.0.0.1:18586]' for 'POST' to 'http://localhost:18586/session/6832b86ed448f4afb939bdc46507230c/timeouts'
18:56:46.572 [Forwarding setTimeout on session 6832b86ed448f4afb939bdc46507230c to remote] DEBUG org.asynchttpclient.netty.request.NettyRequestSender - Using open Channel [id: 0x78f21d64, L:/127.0.0.1:62052 - R:localhost/127.0.0.1:18586] for POST '/session/6832b86ed448f4afb939bdc46507230c/timeouts'
18:56:46.573 [AsyncHttpClient-1-11] DEBUG org.asynchttpclient.netty.handler.HttpHandler - 

Request DefaultHttpRequest(decodeResult: success, version: HTTP/1.1)
POST /session/6832b86ed448f4afb939bdc46507230c/timeouts HTTP/1.1
User-Agent: selenium/4.8.1 (java windows)
Content-Length: 22
Content-Type: application/json; charset=utf-8
host: localhost:18586
accept: */*

Response DefaultHttpResponse(decodeResult: success, version: HTTP/1.1)
HTTP/1.1 200 OK
Content-Length: 14
Content-Type: application/json; charset=utf-8
cache-control: no-cache

18:56:46.573 [AsyncHttpClient-1-11] DEBUG org.asynchttpclient.netty.channel.ChannelManager - Adding key: http://localhost:18586 for channel [id: 0x78f21d64, L:/127.0.0.1:62052 - R:localhost/127.0.0.1:18586]
18:56:46.578 [Forwarding getAlertText on session 6832b86ed448f4afb939bdc46507230c to remote] DEBUG org.asynchttpclient.netty.request.NettyRequestSender - Using pooled Channel '[id: 0x78f21d64, L:/127.0.0.1:62052 - R:localhost/127.0.0.1:18586]' for 'GET' to 'http://localhost:18586/session/6832b86ed448f4afb939bdc46507230c/alert/text'
18:56:46.578 [Forwarding getAlertText on session 6832b86ed448f4afb939bdc46507230c to remote] DEBUG org.asynchttpclient.netty.request.NettyRequestSender - Using open Channel [id: 0x78f21d64, L:/127.0.0.1:62052 - R:localhost/127.0.0.1:18586] for GET '/session/6832b86ed448f4afb939bdc46507230c/alert/text'
18:56:46.581 [AsyncHttpClient-1-11] DEBUG org.asynchttpclient.netty.handler.HttpHandler - 

Request DefaultFullHttpRequest(decodeResult: success, version: HTTP/1.1, content: EmptyByteBufBE)
GET /session/6832b86ed448f4afb939bdc46507230c/alert/text HTTP/1.1
User-Agent: selenium/4.8.1 (java windows)
Cache-Control: no-cache
Content-Type: application/json; charset=utf-8
host: localhost:18586
accept: */*

Response DefaultHttpResponse(decodeResult: success, version: HTTP/1.1)
HTTP/1.1 404 Not Found
Content-Length: 821
Content-Type: application/json; charset=utf-8
cache-control: no-cache

18:56:46.581 [AsyncHttpClient-1-11] DEBUG org.asynchttpclient.netty.channel.ChannelManager - Adding key: http://localhost:18586 for channel [id: 0x78f21d64, L:/127.0.0.1:62052 - R:localhost/127.0.0.1:18586]
18:56:46.582 [Forwarding getCurrentUrl on session 6832b86ed448f4afb939bdc46507230c to remote] DEBUG org.asynchttpclient.netty.request.NettyRequestSender - Using pooled Channel '[id: 0x78f21d64, L:/127.0.0.1:62052 - R:localhost/127.0.0.1:18586]' for 'GET' to 'http://localhost:18586/session/6832b86ed448f4afb939bdc46507230c/url'
18:56:46.582 [Forwarding getCurrentUrl on session 6832b86ed448f4afb939bdc46507230c to remote] DEBUG org.asynchttpclient.netty.request.NettyRequestSender - Using open Channel [id: 0x78f21d64, L:/127.0.0.1:62052 - R:localhost/127.0.0.1:18586] for GET '/session/6832b86ed448f4afb939bdc46507230c/url'
18:56:46.590 [AsyncHttpClient-1-11] DEBUG org.asynchttpclient.netty.handler.HttpHandler - 

Request DefaultFullHttpRequest(decodeResult: success, version: HTTP/1.1, content: EmptyByteBufBE)
GET /session/6832b86ed448f4afb939bdc46507230c/url HTTP/1.1
User-Agent: selenium/4.8.1 (java windows)
Cache-Control: no-cache
Content-Type: application/json; charset=utf-8
host: localhost:18586
accept: */*

Response DefaultHttpResponse(decodeResult: success, version: HTTP/1.1)
HTTP/1.1 200 OK
Content-Length: 45
Content-Type: application/json; charset=utf-8
cache-control: no-cache

18:56:46.590 [AsyncHttpClient-1-11] DEBUG org.asynchttpclient.netty.channel.ChannelManager - Adding key: http://localhost:18586 for channel [id: 0x78f21d64, L:/127.0.0.1:62052 - R:localhost/127.0.0.1:18586]
18:56:46.592 [Forwarding screenshot on session 6832b86ed448f4afb939bdc46507230c to remote] DEBUG org.asynchttpclient.netty.request.NettyRequestSender - Using pooled Channel '[id: 0x78f21d64, L:/127.0.0.1:62052 - R:localhost/127.0.0.1:18586]' for 'GET' to 'http://localhost:18586/session/6832b86ed448f4afb939bdc46507230c/screenshot'
18:56:46.592 [Forwarding screenshot on session 6832b86ed448f4afb939bdc46507230c to remote] DEBUG org.asynchttpclient.netty.request.NettyRequestSender - Using open Channel [id: 0x78f21d64, L:/127.0.0.1:62052 - R:localhost/127.0.0.1:18586] for GET '/session/6832b86ed448f4afb939bdc46507230c/screenshot'
18:56:46.814 [AsyncHttpClient-1-11] DEBUG org.asynchttpclient.netty.handler.HttpHandler - 

Request DefaultFullHttpRequest(decodeResult: success, version: HTTP/1.1, content: EmptyByteBufBE)
GET /session/6832b86ed448f4afb939bdc46507230c/screenshot HTTP/1.1
User-Agent: selenium/4.8.1 (java windows)
Cache-Control: no-cache
Content-Type: application/json; charset=utf-8
host: localhost:18586
accept: */*

Response DefaultHttpResponse(decodeResult: success, version: HTTP/1.1)
HTTP/1.1 200 OK
Content-Length: 35188
Content-Type: application/json; charset=utf-8
cache-control: no-cache

18:56:46.814 [AsyncHttpClient-1-11] DEBUG org.asynchttpclient.netty.channel.ChannelManager - Adding key: http://localhost:18586 for channel [id: 0x78f21d64, L:/127.0.0.1:62052 - R:localhost/127.0.0.1:18586]
18:56:46.816 [main] DEBUG net.serenitybdd.core.photography.Darkroom - Send negative for processing for target\site\serenity\e1a043f79cde61fd83c796824eb14028e2e774bcf48939784252612fe1cf5b50.png
18:56:46.816 [main] DEBUG net.thucydides.core.steps.StepInterceptor - STEP DONE: openPage
  &amp#27;[32mGiven &amp#27;[0m&amp#27;[32mI am on the sociops login page&amp#27;[0m           &amp#27;[90m# starter.stepdefinitions.LoginSteps.onTheLoginPage()&amp#27;[0m
18:56:46.823 [Forwarding getPageSource on session 6832b86ed448f4afb939bdc46507230c to remote] DEBUG org.asynchttpclient.netty.request.NettyRequestSender - Using pooled Channel '[id: 0x78f21d64, L:/127.0.0.1:62052 - R:localhost/127.0.0.1:18586]' for 'POST' to 'http://localhost:18586/session/6832b86ed448f4afb939bdc46507230c/execute/sync'
18:56:46.823 [Forwarding getPageSource on session 6832b86ed448f4afb939bdc46507230c to remote] DEBUG org.asynchttpclient.netty.request.NettyRequestSender - Using open Channel [id: 0x78f21d64, L:/127.0.0.1:62052 - R:localhost/127.0.0.1:18586] for POST '/session/6832b86ed448f4afb939bdc46507230c/execute/sync'
18:56:46.828 [AsyncHttpClient-1-11] DEBUG org.asynchttpclient.netty.handler.HttpHandler - 

Request DefaultHttpRequest(decodeResult: success, version: HTTP/1.1)
POST /session/6832b86ed448f4afb939bdc46507230c/execute/sync HTTP/1.1
User-Agent: selenium/4.8.1 (java windows)
Content-Length: 176
Content-Type: application/json; charset=utf-8
host: localhost:18586
accept: */*

Response DefaultHttpResponse(decodeResult: success, version: HTTP/1.1)
HTTP/1.1 200 OK
Content-Length: 9538
Content-Type: application/json; charset=utf-8
cache-control: no-cache

18:56:46.829 [AsyncHttpClient-1-11] DEBUG org.asynchttpclient.netty.channel.ChannelManager - Adding key: http://localhost:18586 for channel [id: 0x78f21d64, L:/127.0.0.1:62052 - R:localhost/127.0.0.1:18586]
18:56:46.830 [Forwarding getCurrentUrl on session 6832b86ed448f4afb939bdc46507230c to remote] DEBUG org.asynchttpclient.netty.request.NettyRequestSender - Using pooled Channel '[id: 0x78f21d64, L:/127.0.0.1:62052 - R:localhost/127.0.0.1:18586]' for 'GET' to 'http://localhost:18586/session/6832b86ed448f4afb939bdc46507230c/url'
18:56:46.830 [Forwarding getCurrentUrl on session 6832b86ed448f4afb939bdc46507230c to remote] DEBUG org.asynchttpclient.netty.request.NettyRequestSender - Using open Channel [id: 0x78f21d64, L:/127.0.0.1:62052 - R:localhost/127.0.0.1:18586] for GET '/session/6832b86ed448f4afb939bdc46507230c/url'
18:56:46.834 [AsyncHttpClient-1-11] DEBUG org.asynchttpclient.netty.handler.HttpHandler - 

Request DefaultFullHttpRequest(decodeResult: success, version: HTTP/1.1, content: EmptyByteBufBE)
GET /session/6832b86ed448f4afb939bdc46507230c/url HTTP/1.1
User-Agent: selenium/4.8.1 (java windows)
Cache-Control: no-cache
Content-Type: application/json; charset=utf-8
host: localhost:18586
accept: */*

Response DefaultHttpResponse(decodeResult: success, version: HTTP/1.1)
HTTP/1.1 200 OK
Content-Length: 45
Content-Type: application/json; charset=utf-8
cache-control: no-cache

18:56:46.834 [AsyncHttpClient-1-11] DEBUG org.asynchttpclient.netty.channel.ChannelManager - Adding key: http://localhost:18586 for channel [id: 0x78f21d64, L:/127.0.0.1:62052 - R:localhost/127.0.0.1:18586]
18:56:46.841 [Forwarding getPageSource on session 6832b86ed448f4afb939bdc46507230c to remote] DEBUG org.asynchttpclient.netty.request.NettyRequestSender - Using pooled Channel '[id: 0x78f21d64, L:/127.0.0.1:62052 - R:localhost/127.0.0.1:18586]' for 'POST' to 'http://localhost:18586/session/6832b86ed448f4afb939bdc46507230c/execute/sync'
18:56:46.841 [Forwarding getPageSource on session 6832b86ed448f4afb939bdc46507230c to remote] DEBUG org.asynchttpclient.netty.request.NettyRequestSender - Using open Channel [id: 0x78f21d64, L:/127.0.0.1:62052 - R:localhost/127.0.0.1:18586] for POST '/session/6832b86ed448f4afb939bdc46507230c/execute/sync'
18:56:46.846 [AsyncHttpClient-1-11] DEBUG org.asynchttpclient.netty.handler.HttpHandler - 

Request DefaultHttpRequest(decodeResult: success, version: HTTP/1.1)
POST /session/6832b86ed448f4afb939bdc46507230c/execute/sync HTTP/1.1
User-Agent: selenium/4.8.1 (java windows)
Content-Length: 176
Content-Type: application/json; charset=utf-8
host: localhost:18586
accept: */*

Response DefaultHttpResponse(decodeResult: success, version: HTTP/1.1)
HTTP/1.1 200 OK
Content-Length: 9538
Content-Type: application/json; charset=utf-8
cache-control: no-cache

18:56:46.846 [AsyncHttpClient-1-11] DEBUG org.asynchttpclient.netty.channel.ChannelManager - Adding key: http://localhost:18586 for channel [id: 0x78f21d64, L:/127.0.0.1:62052 - R:localhost/127.0.0.1:18586]
18:56:46.849 [Forwarding getCurrentUrl on session 6832b86ed448f4afb939bdc46507230c to remote] DEBUG org.asynchttpclient.netty.request.NettyRequestSender - Using pooled Channel '[id: 0x78f21d64, L:/127.0.0.1:62052 - R:localhost/127.0.0.1:18586]' for 'GET' to 'http://localhost:18586/session/6832b86ed448f4afb939bdc46507230c/url'
18:56:46.849 [Forwarding getCurrentUrl on session 6832b86ed448f4afb939bdc46507230c to remote] DEBUG org.asynchttpclient.netty.request.NettyRequestSender - Using open Channel [id: 0x78f21d64, L:/127.0.0.1:62052 - R:localhost/127.0.0.1:18586] for GET '/session/6832b86ed448f4afb939bdc46507230c/url'
18:56:46.852 [AsyncHttpClient-1-11] DEBUG org.asynchttpclient.netty.handler.HttpHandler - 

Request DefaultFullHttpRequest(decodeResult: success, version: HTTP/1.1, content: EmptyByteBufBE)
GET /session/6832b86ed448f4afb939bdc46507230c/url HTTP/1.1
User-Agent: selenium/4.8.1 (java windows)
Cache-Control: no-cache
Content-Type: application/json; charset=utf-8
host: localhost:18586
accept: */*

Response DefaultHttpResponse(decodeResult: success, version: HTTP/1.1)
HTTP/1.1 200 OK
Content-Length: 45
Content-Type: application/json; charset=utf-8
cache-control: no-cache

18:56:46.852 [AsyncHttpClient-1-11] DEBUG org.asynchttpclient.netty.channel.ChannelManager - Adding key: http://localhost:18586 for channel [id: 0x78f21d64, L:/127.0.0.1:62052 - R:localhost/127.0.0.1:18586]
18:56:46.854 [main] DEBUG net.thucydides.core.steps.StepInterceptor - STARTING STEP: LoginSteps.inputInvalidEmail - inputEmail
18:56:46.855 [Forwarding findElement on session 6832b86ed448f4afb939bdc46507230c to remote] DEBUG org.asynchttpclient.netty.request.NettyRequestSender - Using pooled Channel '[id: 0x78f21d64, L:/127.0.0.1:62052 - R:localhost/127.0.0.1:18586]' for 'POST' to 'http://localhost:18586/session/6832b86ed448f4afb939bdc46507230c/element'
18:56:46.855 [Forwarding findElement on session 6832b86ed448f4afb939bdc46507230c to remote] DEBUG org.asynchttpclient.netty.request.NettyRequestSender - Using open Channel [id: 0x78f21d64, L:/127.0.0.1:62052 - R:localhost/127.0.0.1:18586] for POST '/session/6832b86ed448f4afb939bdc46507230c/element'
18:56:46.867 [AsyncHttpClient-1-11] DEBUG org.asynchttpclient.netty.handler.HttpHandler - 

Request DefaultHttpRequest(decodeResult: success, version: HTTP/1.1)
POST /session/6832b86ed448f4afb939bdc46507230c/element HTTP/1.1
User-Agent: selenium/4.8.1 (java windows)
Content-Length: 59
Content-Type: application/json; charset=utf-8
host: localhost:18586
accept: */*

Response DefaultHttpResponse(decodeResult: success, version: HTTP/1.1)
HTTP/1.1 200 OK
Content-Length: 94
Content-Type: application/json; charset=utf-8
cache-control: no-cache

18:56:46.868 [AsyncHttpClient-1-11] DEBUG org.asynchttpclient.netty.channel.ChannelManager - Adding key: http://localhost:18586 for channel [id: 0x78f21d64, L:/127.0.0.1:62052 - R:localhost/127.0.0.1:18586]
18:56:46.869 [Forwarding clearElement on session 6832b86ed448f4afb939bdc46507230c to remote] DEBUG org.asynchttpclient.netty.request.NettyRequestSender - Using pooled Channel '[id: 0x78f21d64, L:/127.0.0.1:62052 - R:localhost/127.0.0.1:18586]' for 'POST' to 'http://localhost:18586/session/6832b86ed448f4afb939bdc46507230c/element/7907E03EF395CE14CDF3A5AAE9469694_element_7/clear'
18:56:46.869 [Forwarding clearElement on session 6832b86ed448f4afb939bdc46507230c to remote] DEBUG org.asynchttpclient.netty.request.NettyRequestSender - Using open Channel [id: 0x78f21d64, L:/127.0.0.1:62052 - R:localhost/127.0.0.1:18586] for POST '/session/6832b86ed448f4afb939bdc46507230c/element/7907E03EF395CE14CDF3A5AAE9469694_element_7/clear'
18:56:46.899 [AsyncHttpClient-1-11] DEBUG org.asynchttpclient.netty.handler.HttpHandler - 

Request DefaultHttpRequest(decodeResult: success, version: HTTP/1.1)
POST /session/6832b86ed448f4afb939bdc46507230c/element/7907E03EF395CE14CDF3A5AAE9469694_element_7/clear HTTP/1.1
User-Agent: selenium/4.8.1 (java windows)
Content-Length: 56
Content-Type: application/json; charset=utf-8
host: localhost:18586
accept: */*

Response DefaultHttpResponse(decodeResult: success, version: HTTP/1.1)
HTTP/1.1 200 OK
Content-Length: 14
Content-Type: application/json; charset=utf-8
cache-control: no-cache

18:56:46.899 [AsyncHttpClient-1-11] DEBUG org.asynchttpclient.netty.channel.ChannelManager - Adding key: http://localhost:18586 for channel [id: 0x78f21d64, L:/127.0.0.1:62052 - R:localhost/127.0.0.1:18586]
18:56:46.901 [Forwarding sendKeysToElement on session 6832b86ed448f4afb939bdc46507230c to remote] DEBUG org.asynchttpclient.netty.request.NettyRequestSender - Using pooled Channel '[id: 0x78f21d64, L:/127.0.0.1:62052 - R:localhost/127.0.0.1:18586]' for 'POST' to 'http://localhost:18586/session/6832b86ed448f4afb939bdc46507230c/element/7907E03EF395CE14CDF3A5AAE9469694_element_7/value'
18:56:46.901 [Forwarding sendKeysToElement on session 6832b86ed448f4afb939bdc46507230c to remote] DEBUG org.asynchttpclient.netty.request.NettyRequestSender - Using open Channel [id: 0x78f21d64, L:/127.0.0.1:62052 - R:localhost/127.0.0.1:18586] for POST '/session/6832b86ed448f4afb939bdc46507230c/element/7907E03EF395CE14CDF3A5AAE9469694_element_7/value'
18:56:46.974 [AsyncHttpClient-1-11] DEBUG org.asynchttpclient.netty.handler.HttpHandler - 

Request DefaultHttpRequest(decodeResult: success, version: HTTP/1.1)
POST /session/6832b86ed448f4afb939bdc46507230c/element/7907E03EF395CE14CDF3A5AAE9469694_element_7/value HTTP/1.1
User-Agent: selenium/4.8.1 (java windows)
Content-Length: 167
Content-Type: application/json; charset=utf-8
host: localhost:18586
accept: */*

Response DefaultHttpResponse(decodeResult: success, version: HTTP/1.1)
HTTP/1.1 200 OK
Content-Length: 14
Content-Type: application/json; charset=utf-8
cache-control: no-cache

18:56:46.974 [AsyncHttpClient-1-11] DEBUG org.asynchttpclient.netty.channel.ChannelManager - Adding key: http://localhost:18586 for channel [id: 0x78f21d64, L:/127.0.0.1:62052 - R:localhost/127.0.0.1:18586]
18:56:46.979 [Forwarding getAlertText on session 6832b86ed448f4afb939bdc46507230c to remote] DEBUG org.asynchttpclient.netty.request.NettyRequestSender - Using pooled Channel '[id: 0x78f21d64, L:/127.0.0.1:62052 - R:localhost/127.0.0.1:18586]' for 'GET' to 'http://localhost:18586/session/6832b86ed448f4afb939bdc46507230c/alert/text'
18:56:46.979 [Forwarding getAlertText on session 6832b86ed448f4afb939bdc46507230c to remote] DEBUG org.asynchttpclient.netty.request.NettyRequestSender - Using open Channel [id: 0x78f21d64, L:/127.0.0.1:62052 - R:localhost/127.0.0.1:18586] for GET '/session/6832b86ed448f4afb939bdc46507230c/alert/text'
18:56:46.980 [AsyncHttpClient-1-11] DEBUG org.asynchttpclient.netty.handler.HttpHandler - 

Request DefaultFullHttpRequest(decodeResult: success, version: HTTP/1.1, content: EmptyByteBufBE)
GET /session/6832b86ed448f4afb939bdc46507230c/alert/text HTTP/1.1
User-Agent: selenium/4.8.1 (java windows)
Cache-Control: no-cache
Content-Type: application/json; charset=utf-8
host: localhost:18586
accept: */*

Response DefaultHttpResponse(decodeResult: success, version: HTTP/1.1)
HTTP/1.1 404 Not Found
Content-Length: 821
Content-Type: application/json; charset=utf-8
cache-control: no-cache

18:56:46.981 [AsyncHttpClient-1-11] DEBUG org.asynchttpclient.netty.channel.ChannelManager - Adding key: http://localhost:18586 for channel [id: 0x78f21d64, L:/127.0.0.1:62052 - R:localhost/127.0.0.1:18586]
18:56:46.982 [Forwarding getCurrentUrl on session 6832b86ed448f4afb939bdc46507230c to remote] DEBUG org.asynchttpclient.netty.request.NettyRequestSender - Using pooled Channel '[id: 0x78f21d64, L:/127.0.0.1:62052 - R:localhost/127.0.0.1:18586]' for 'GET' to 'http://localhost:18586/session/6832b86ed448f4afb939bdc46507230c/url'
18:56:46.982 [Forwarding getCurrentUrl on session 6832b86ed448f4afb939bdc46507230c to remote] DEBUG org.asynchttpclient.netty.request.NettyRequestSender - Using open Channel [id: 0x78f21d64, L:/127.0.0.1:62052 - R:localhost/127.0.0.1:18586] for GET '/session/6832b86ed448f4afb939bdc46507230c/url'
18:56:46.985 [AsyncHttpClient-1-11] DEBUG org.asynchttpclient.netty.handler.HttpHandler - 

Request DefaultFullHttpRequest(decodeResult: success, version: HTTP/1.1, content: EmptyByteBufBE)
GET /session/6832b86ed448f4afb939bdc46507230c/url HTTP/1.1
User-Agent: selenium/4.8.1 (java windows)
Cache-Control: no-cache
Content-Type: application/json; charset=utf-8
host: localhost:18586
accept: */*

Response DefaultHttpResponse(decodeResult: success, version: HTTP/1.1)
HTTP/1.1 200 OK
Content-Length: 45
Content-Type: application/json; charset=utf-8
cache-control: no-cache

18:56:46.985 [AsyncHttpClient-1-11] DEBUG org.asynchttpclient.netty.channel.ChannelManager - Adding key: http://localhost:18586 for channel [id: 0x78f21d64, L:/127.0.0.1:62052 - R:localhost/127.0.0.1:18586]
18:56:46.986 [Forwarding screenshot on session 6832b86ed448f4afb939bdc46507230c to remote] DEBUG org.asynchttpclient.netty.request.NettyRequestSender - Using pooled Channel '[id: 0x78f21d64, L:/127.0.0.1:62052 - R:localhost/127.0.0.1:18586]' for 'GET' to 'http://localhost:18586/session/6832b86ed448f4afb939bdc46507230c/screenshot'
18:56:46.986 [Forwarding screenshot on session 6832b86ed448f4afb939bdc46507230c to remote] DEBUG org.asynchttpclient.netty.request.NettyRequestSender - Using open Channel [id: 0x78f21d64, L:/127.0.0.1:62052 - R:localhost/127.0.0.1:18586] for GET '/session/6832b86ed448f4afb939bdc46507230c/screenshot'
18:56:47.098 [AsyncHttpClient-1-11] DEBUG org.asynchttpclient.netty.handler.HttpHandler - 

Request DefaultFullHttpRequest(decodeResult: success, version: HTTP/1.1, content: EmptyByteBufBE)
GET /session/6832b86ed448f4afb939bdc46507230c/screenshot HTTP/1.1
User-Agent: selenium/4.8.1 (java windows)
Cache-Control: no-cache
Content-Type: application/json; charset=utf-8
host: localhost:18586
accept: */*

Response DefaultHttpResponse(decodeResult: success, version: HTTP/1.1)
HTTP/1.1 200 OK
Content-Length: 37612
Content-Type: application/json; charset=utf-8
cache-control: no-cache

18:56:47.099 [AsyncHttpClient-1-11] DEBUG org.asynchttpclient.netty.channel.ChannelManager - Adding key: http://localhost:18586 for channel [id: 0x78f21d64, L:/127.0.0.1:62052 - R:localhost/127.0.0.1:18586]
18:56:47.100 [main] DEBUG net.serenitybdd.core.photography.Darkroom - Send negative for processing for target\site\serenity\25f13862fea61594fee6d3853eee3a432dc608e6757b6c5d2d70f4e6cc0a857b.png
18:56:47.101 [main] DEBUG net.thucydides.core.steps.StepInterceptor - STEP DONE: inputEmail
18:56:47.101 [Darkroom Processing Line] DEBUG net.serenitybdd.core.photography.DarkroomProcessingLine - Processing screenshot image in /var/screenshots/screenshot-18296611626528918386
18:56:47.101 [Darkroom Processing Line] DEBUG net.serenitybdd.core.photography.DarkroomProcessingLine - Saving screenshot to target\site\serenity\25f13862fea61594fee6d3853eee3a432dc608e6757b6c5d2d70f4e6cc0a857b.png
  &amp#27;[32mAnd &amp#27;[0m&amp#27;[32mI type invalid email&amp#27;[0m                       &amp#27;[90m# starter.stepdefinitions.LoginSteps.inputInvalidEmail()&amp#27;[0m
18:56:47.107 [Forwarding getPageSource on session 6832b86ed448f4afb939bdc46507230c to remote] DEBUG org.asynchttpclient.netty.request.NettyRequestSender - Using pooled Channel '[id: 0x78f21d64, L:/127.0.0.1:62052 - R:localhost/127.0.0.1:18586]' for 'POST' to 'http://localhost:18586/session/6832b86ed448f4afb939bdc46507230c/execute/sync'
18:56:47.107 [Forwarding getPageSource on session 6832b86ed448f4afb939bdc46507230c to remote] DEBUG org.asynchttpclient.netty.request.NettyRequestSender - Using open Channel [id: 0x78f21d64, L:/127.0.0.1:62052 - R:localhost/127.0.0.1:18586] for POST '/session/6832b86ed448f4afb939bdc46507230c/execute/sync'
18:56:47.112 [AsyncHttpClient-1-11] DEBUG org.asynchttpclient.netty.handler.HttpHandler - 

Request DefaultHttpRequest(decodeResult: success, version: HTTP/1.1)
POST /session/6832b86ed448f4afb939bdc46507230c/execute/sync HTTP/1.1
User-Agent: selenium/4.8.1 (java windows)
Content-Length: 176
Content-Type: application/json; charset=utf-8
host: localhost:18586
accept: */*

Response DefaultHttpResponse(decodeResult: success, version: HTTP/1.1)
HTTP/1.1 200 OK
Content-Length: 9546
Content-Type: application/json; charset=utf-8
cache-control: no-cache

18:56:47.113 [AsyncHttpClient-1-11] DEBUG org.asynchttpclient.netty.channel.ChannelManager - Adding key: http://localhost:18586 for channel [id: 0x78f21d64, L:/127.0.0.1:62052 - R:localhost/127.0.0.1:18586]
18:56:47.115 [Forwarding getCurrentUrl on session 6832b86ed448f4afb939bdc46507230c to remote] DEBUG org.asynchttpclient.netty.request.NettyRequestSender - Using pooled Channel '[id: 0x78f21d64, L:/127.0.0.1:62052 - R:localhost/127.0.0.1:18586]' for 'GET' to 'http://localhost:18586/session/6832b86ed448f4afb939bdc46507230c/url'
18:56:47.115 [Forwarding getCurrentUrl on session 6832b86ed448f4afb939bdc46507230c to remote] DEBUG org.asynchttpclient.netty.request.NettyRequestSender - Using open Channel [id: 0x78f21d64, L:/127.0.0.1:62052 - R:localhost/127.0.0.1:18586] for GET '/session/6832b86ed448f4afb939bdc46507230c/url'
18:56:47.119 [AsyncHttpClient-1-11] DEBUG org.asynchttpclient.netty.handler.HttpHandler - 

Request DefaultFullHttpRequest(decodeResult: success, version: HTTP/1.1, content: EmptyByteBufBE)
GET /session/6832b86ed448f4afb939bdc46507230c/url HTTP/1.1
User-Agent: selenium/4.8.1 (java windows)
Cache-Control: no-cache
Content-Type: application/json; charset=utf-8
host: localhost:18586
accept: */*

Response DefaultHttpResponse(decodeResult: success, version: HTTP/1.1)
HTTP/1.1 200 OK
Content-Length: 45
Content-Type: application/json; charset=utf-8
cache-control: no-cache

18:56:47.119 [AsyncHttpClient-1-11] DEBUG org.asynchttpclient.netty.channel.ChannelManager - Adding key: http://localhost:18586 for channel [id: 0x78f21d64, L:/127.0.0.1:62052 - R:localhost/127.0.0.1:18586]
18:56:47.127 [Forwarding getPageSource on session 6832b86ed448f4afb939bdc46507230c to remote] DEBUG org.asynchttpclient.netty.request.NettyRequestSender - Using pooled Channel '[id: 0x78f21d64, L:/127.0.0.1:62052 - R:localhost/127.0.0.1:18586]' for 'POST' to 'http://localhost:18586/session/6832b86ed448f4afb939bdc46507230c/execute/sync'
18:56:47.127 [Forwarding getPageSource on session 6832b86ed448f4afb939bdc46507230c to remote] DEBUG org.asynchttpclient.netty.request.NettyRequestSender - Using open Channel [id: 0x78f21d64, L:/127.0.0.1:62052 - R:localhost/127.0.0.1:18586] for POST '/session/6832b86ed448f4afb939bdc46507230c/execute/sync'
18:56:47.132 [AsyncHttpClient-1-11] DEBUG org.asynchttpclient.netty.handler.HttpHandler - 

Request DefaultHttpRequest(decodeResult: success, version: HTTP/1.1)
POST /session/6832b86ed448f4afb939bdc46507230c/execute/sync HTTP/1.1
User-Agent: selenium/4.8.1 (java windows)
Content-Length: 176
Content-Type: application/json; charset=utf-8
host: localhost:18586
accept: */*

Response DefaultHttpResponse(decodeResult: success, version: HTTP/1.1)
HTTP/1.1 200 OK
Content-Length: 9546
Content-Type: application/json; charset=utf-8
cache-control: no-cache

18:56:47.132 [AsyncHttpClient-1-11] DEBUG org.asynchttpclient.netty.channel.ChannelManager - Adding key: http://localhost:18586 for channel [id: 0x78f21d64, L:/127.0.0.1:62052 - R:localhost/127.0.0.1:18586]
18:56:47.133 [Forwarding getCurrentUrl on session 6832b86ed448f4afb939bdc46507230c to remote] DEBUG org.asynchttpclient.netty.request.NettyRequestSender - Using pooled Channel '[id: 0x78f21d64, L:/127.0.0.1:62052 - R:localhost/127.0.0.1:18586]' for 'GET' to 'http://localhost:18586/session/6832b86ed448f4afb939bdc46507230c/url'
18:56:47.133 [Forwarding getCurrentUrl on session 6832b86ed448f4afb939bdc46507230c to remote] DEBUG org.asynchttpclient.netty.request.NettyRequestSender - Using open Channel [id: 0x78f21d64, L:/127.0.0.1:62052 - R:localhost/127.0.0.1:18586] for GET '/session/6832b86ed448f4afb939bdc46507230c/url'
18:56:47.137 [AsyncHttpClient-1-11] DEBUG org.asynchttpclient.netty.handler.HttpHandler - 

Request DefaultFullHttpRequest(decodeResult: success, version: HTTP/1.1, content: EmptyByteBufBE)
GET /session/6832b86ed448f4afb939bdc46507230c/url HTTP/1.1
User-Agent: selenium/4.8.1 (java windows)
Cache-Control: no-cache
Content-Type: application/json; charset=utf-8
host: localhost:18586
accept: */*

Response DefaultHttpResponse(decodeResult: success, version: HTTP/1.1)
HTTP/1.1 200 OK
Content-Length: 45
Content-Type: application/json; charset=utf-8
cache-control: no-cache

18:56:47.137 [AsyncHttpClient-1-11] DEBUG org.asynchttpclient.netty.channel.ChannelManager - Adding key: http://localhost:18586 for channel [id: 0x78f21d64, L:/127.0.0.1:62052 - R:localhost/127.0.0.1:18586]
18:56:47.139 [main] DEBUG net.thucydides.core.steps.StepInterceptor - STARTING STEP: LoginSteps.inputPassword - inputPassword
18:56:47.142 [Forwarding findElement on session 6832b86ed448f4afb939bdc46507230c to remote] DEBUG org.asynchttpclient.netty.request.NettyRequestSender - Using pooled Channel '[id: 0x78f21d64, L:/127.0.0.1:62052 - R:localhost/127.0.0.1:18586]' for 'POST' to 'http://localhost:18586/session/6832b86ed448f4afb939bdc46507230c/element'
18:56:47.142 [Forwarding findElement on session 6832b86ed448f4afb939bdc46507230c to remote] DEBUG org.asynchttpclient.netty.request.NettyRequestSender - Using open Channel [id: 0x78f21d64, L:/127.0.0.1:62052 - R:localhost/127.0.0.1:18586] for POST '/session/6832b86ed448f4afb939bdc46507230c/element'
18:56:47.151 [AsyncHttpClient-1-11] DEBUG org.asynchttpclient.netty.handler.HttpHandler - 

Request DefaultHttpRequest(decodeResult: success, version: HTTP/1.1)
POST /session/6832b86ed448f4afb939bdc46507230c/element HTTP/1.1
User-Agent: selenium/4.8.1 (java windows)
Content-Length: 62
Content-Type: application/json; charset=utf-8
host: localhost:18586
accept: */*

Response DefaultHttpResponse(decodeResult: success, version: HTTP/1.1)
HTTP/1.1 200 OK
Content-Length: 94
Content-Type: application/json; charset=utf-8
cache-control: no-cache

18:56:47.151 [AsyncHttpClient-1-11] DEBUG org.asynchttpclient.netty.channel.ChannelManager - Adding key: http://localhost:18586 for channel [id: 0x78f21d64, L:/127.0.0.1:62052 - R:localhost/127.0.0.1:18586]
18:56:47.152 [Forwarding clearElement on session 6832b86ed448f4afb939bdc46507230c to remote] DEBUG org.asynchttpclient.netty.request.NettyRequestSender - Using pooled Channel '[id: 0x78f21d64, L:/127.0.0.1:62052 - R:localhost/127.0.0.1:18586]' for 'POST' to 'http://localhost:18586/session/6832b86ed448f4afb939bdc46507230c/element/7907E03EF395CE14CDF3A5AAE9469694_element_2/clear'
18:56:47.152 [Forwarding clearElement on session 6832b86ed448f4afb939bdc46507230c to remote] DEBUG org.asynchttpclient.netty.request.NettyRequestSender - Using open Channel [id: 0x78f21d64, L:/127.0.0.1:62052 - R:localhost/127.0.0.1:18586] for POST '/session/6832b86ed448f4afb939bdc46507230c/element/7907E03EF395CE14CDF3A5AAE9469694_element_2/clear'
18:56:47.171 [AsyncHttpClient-1-11] DEBUG org.asynchttpclient.netty.handler.HttpHandler - 

Request DefaultHttpRequest(decodeResult: success, version: HTTP/1.1)
POST /session/6832b86ed448f4afb939bdc46507230c/element/7907E03EF395CE14CDF3A5AAE9469694_element_2/clear HTTP/1.1
User-Agent: selenium/4.8.1 (java windows)
Content-Length: 56
Content-Type: application/json; charset=utf-8
host: localhost:18586
accept: */*

Response DefaultHttpResponse(decodeResult: success, version: HTTP/1.1)
HTTP/1.1 200 OK
Content-Length: 14
Content-Type: application/json; charset=utf-8
cache-control: no-cache

18:56:47.171 [AsyncHttpClient-1-11] DEBUG org.asynchttpclient.netty.channel.ChannelManager - Adding key: http://localhost:18586 for channel [id: 0x78f21d64, L:/127.0.0.1:62052 - R:localhost/127.0.0.1:18586]
18:56:47.173 [Forwarding sendKeysToElement on session 6832b86ed448f4afb939bdc46507230c to remote] DEBUG org.asynchttpclient.netty.request.NettyRequestSender - Using pooled Channel '[id: 0x78f21d64, L:/127.0.0.1:62052 - R:localhost/127.0.0.1:18586]' for 'POST' to 'http://localhost:18586/session/6832b86ed448f4afb939bdc46507230c/element/7907E03EF395CE14CDF3A5AAE9469694_element_2/value'
18:56:47.173 [Forwarding sendKeysToElement on session 6832b86ed448f4afb939bdc46507230c to remote] DEBUG org.asynchttpclient.netty.request.NettyRequestSender - Using open Channel [id: 0x78f21d64, L:/127.0.0.1:62052 - R:localhost/127.0.0.1:18586] for POST '/session/6832b86ed448f4afb939bdc46507230c/element/7907E03EF395CE14CDF3A5AAE9469694_element_2/value'
18:56:47.226 [AsyncHttpClient-1-11] DEBUG org.asynchttpclient.netty.handler.HttpHandler - 

Request DefaultHttpRequest(decodeResult: success, version: HTTP/1.1)
POST /session/6832b86ed448f4afb939bdc46507230c/element/7907E03EF395CE14CDF3A5AAE9469694_element_2/value HTTP/1.1
User-Agent: selenium/4.8.1 (java windows)
Content-Length: 187
Content-Type: application/json; charset=utf-8
host: localhost:18586
accept: */*

Response DefaultHttpResponse(decodeResult: success, version: HTTP/1.1)
HTTP/1.1 200 OK
Content-Length: 14
Content-Type: application/json; charset=utf-8
cache-control: no-cache

18:56:47.226 [AsyncHttpClient-1-11] DEBUG org.asynchttpclient.netty.channel.ChannelManager - Adding key: http://localhost:18586 for channel [id: 0x78f21d64, L:/127.0.0.1:62052 - R:localhost/127.0.0.1:18586]
18:56:47.230 [Forwarding getAlertText on session 6832b86ed448f4afb939bdc46507230c to remote] DEBUG org.asynchttpclient.netty.request.NettyRequestSender - Using pooled Channel '[id: 0x78f21d64, L:/127.0.0.1:62052 - R:localhost/127.0.0.1:18586]' for 'GET' to 'http://localhost:18586/session/6832b86ed448f4afb939bdc46507230c/alert/text'
18:56:47.230 [Forwarding getAlertText on session 6832b86ed448f4afb939bdc46507230c to remote] DEBUG org.asynchttpclient.netty.request.NettyRequestSender - Using open Channel [id: 0x78f21d64, L:/127.0.0.1:62052 - R:localhost/127.0.0.1:18586] for GET '/session/6832b86ed448f4afb939bdc46507230c/alert/text'
18:56:47.231 [AsyncHttpClient-1-11] DEBUG org.asynchttpclient.netty.handler.HttpHandler - 

Request DefaultFullHttpRequest(decodeResult: success, version: HTTP/1.1, content: EmptyByteBufBE)
GET /session/6832b86ed448f4afb939bdc46507230c/alert/text HTTP/1.1
User-Agent: selenium/4.8.1 (java windows)
Cache-Control: no-cache
Content-Type: application/json; charset=utf-8
host: localhost:18586
accept: */*

Response DefaultHttpResponse(decodeResult: success, version: HTTP/1.1)
HTTP/1.1 404 Not Found
Content-Length: 821
Content-Type: application/json; charset=utf-8
cache-control: no-cache

18:56:47.231 [AsyncHttpClient-1-11] DEBUG org.asynchttpclient.netty.channel.ChannelManager - Adding key: http://localhost:18586 for channel [id: 0x78f21d64, L:/127.0.0.1:62052 - R:localhost/127.0.0.1:18586]
18:56:47.232 [Forwarding getCurrentUrl on session 6832b86ed448f4afb939bdc46507230c to remote] DEBUG org.asynchttpclient.netty.request.NettyRequestSender - Using pooled Channel '[id: 0x78f21d64, L:/127.0.0.1:62052 - R:localhost/127.0.0.1:18586]' for 'GET' to 'http://localhost:18586/session/6832b86ed448f4afb939bdc46507230c/url'
18:56:47.232 [Forwarding getCurrentUrl on session 6832b86ed448f4afb939bdc46507230c to remote] DEBUG org.asynchttpclient.netty.request.NettyRequestSender - Using open Channel [id: 0x78f21d64, L:/127.0.0.1:62052 - R:localhost/127.0.0.1:18586] for GET '/session/6832b86ed448f4afb939bdc46507230c/url'
18:56:47.237 [AsyncHttpClient-1-11] DEBUG org.asynchttpclient.netty.handler.HttpHandler - 

Request DefaultFullHttpRequest(decodeResult: success, version: HTTP/1.1, content: EmptyByteBufBE)
GET /session/6832b86ed448f4afb939bdc46507230c/url HTTP/1.1
User-Agent: selenium/4.8.1 (java windows)
Cache-Control: no-cache
Content-Type: application/json; charset=utf-8
host: localhost:18586
accept: */*

Response DefaultHttpResponse(decodeResult: success, version: HTTP/1.1)
HTTP/1.1 200 OK
Content-Length: 45
Content-Type: application/json; charset=utf-8
cache-control: no-cache

18:56:47.237 [AsyncHttpClient-1-11] DEBUG org.asynchttpclient.netty.channel.ChannelManager - Adding key: http://localhost:18586 for channel [id: 0x78f21d64, L:/127.0.0.1:62052 - R:localhost/127.0.0.1:18586]
18:56:47.238 [Forwarding screenshot on session 6832b86ed448f4afb939bdc46507230c to remote] DEBUG org.asynchttpclient.netty.request.NettyRequestSender - Using pooled Channel '[id: 0x78f21d64, L:/127.0.0.1:62052 - R:localhost/127.0.0.1:18586]' for 'GET' to 'http://localhost:18586/session/6832b86ed448f4afb939bdc46507230c/screenshot'
18:56:47.238 [Forwarding screenshot on session 6832b86ed448f4afb939bdc46507230c to remote] DEBUG org.asynchttpclient.netty.request.NettyRequestSender - Using open Channel [id: 0x78f21d64, L:/127.0.0.1:62052 - R:localhost/127.0.0.1:18586] for GET '/session/6832b86ed448f4afb939bdc46507230c/screenshot'
18:56:47.341 [AsyncHttpClient-1-11] DEBUG org.asynchttpclient.netty.handler.HttpHandler - 

Request DefaultFullHttpRequest(decodeResult: success, version: HTTP/1.1, content: EmptyByteBufBE)
GET /session/6832b86ed448f4afb939bdc46507230c/screenshot HTTP/1.1
User-Agent: selenium/4.8.1 (java windows)
Cache-Control: no-cache
Content-Type: application/json; charset=utf-8
host: localhost:18586
accept: */*

Response DefaultHttpResponse(decodeResult: success, version: HTTP/1.1)
HTTP/1.1 200 OK
Content-Length: 35092
Content-Type: application/json; charset=utf-8
cache-control: no-cache

18:56:47.341 [AsyncHttpClient-1-11] DEBUG org.asynchttpclient.netty.channel.ChannelManager - Adding key: http://localhost:18586 for channel [id: 0x78f21d64, L:/127.0.0.1:62052 - R:localhost/127.0.0.1:18586]
18:56:47.343 [main] DEBUG net.serenitybdd.core.photography.Darkroom - Send negative for processing for target\site\serenity\f7481f2ade21b1a460c0b0568b31c7a3c55cd1c05319211ff90eebad4bb8ddd1.png
18:56:47.343 [main] DEBUG net.thucydides.core.steps.StepInterceptor - STEP DONE: inputPassword
18:56:47.343 [Darkroom Processing Line] DEBUG net.serenitybdd.core.photography.DarkroomProcessingLine - Processing screenshot image in /var/screenshots/screenshot-260173405739054283
18:56:47.343 [Darkroom Processing Line] DEBUG net.serenitybdd.core.photography.DarkroomProcessingLine - Saving screenshot to target\site\serenity\f7481f2ade21b1a460c0b0568b31c7a3c55cd1c05319211ff90eebad4bb8ddd1.png
  &amp#27;[32mAnd &amp#27;[0m&amp#27;[32mI type correct password&amp#27;[0m                    &amp#27;[90m# starter.stepdefinitions.LoginSteps.inputPassword()&amp#27;[0m
18:56:47.349 [Forwarding getPageSource on session 6832b86ed448f4afb939bdc46507230c to remote] DEBUG org.asynchttpclient.netty.request.NettyRequestSender - Using pooled Channel '[id: 0x78f21d64, L:/127.0.0.1:62052 - R:localhost/127.0.0.1:18586]' for 'POST' to 'http://localhost:18586/session/6832b86ed448f4afb939bdc46507230c/execute/sync'
18:56:47.349 [Forwarding getPageSource on session 6832b86ed448f4afb939bdc46507230c to remote] DEBUG org.asynchttpclient.netty.request.NettyRequestSender - Using open Channel [id: 0x78f21d64, L:/127.0.0.1:62052 - R:localhost/127.0.0.1:18586] for POST '/session/6832b86ed448f4afb939bdc46507230c/execute/sync'
18:56:47.354 [AsyncHttpClient-1-11] DEBUG org.asynchttpclient.netty.handler.HttpHandler - 

Request DefaultHttpRequest(decodeResult: success, version: HTTP/1.1)
POST /session/6832b86ed448f4afb939bdc46507230c/execute/sync HTTP/1.1
User-Agent: selenium/4.8.1 (java windows)
Content-Length: 176
Content-Type: application/json; charset=utf-8
host: localhost:18586
accept: */*

Response DefaultHttpResponse(decodeResult: success, version: HTTP/1.1)
HTTP/1.1 200 OK
Content-Length: 9556
Content-Type: application/json; charset=utf-8
cache-control: no-cache

18:56:47.354 [AsyncHttpClient-1-11] DEBUG org.asynchttpclient.netty.channel.ChannelManager - Adding key: http://localhost:18586 for channel [id: 0x78f21d64, L:/127.0.0.1:62052 - R:localhost/127.0.0.1:18586]
18:56:47.356 [Forwarding getCurrentUrl on session 6832b86ed448f4afb939bdc46507230c to remote] DEBUG org.asynchttpclient.netty.request.NettyRequestSender - Using pooled Channel '[id: 0x78f21d64, L:/127.0.0.1:62052 - R:localhost/127.0.0.1:18586]' for 'GET' to 'http://localhost:18586/session/6832b86ed448f4afb939bdc46507230c/url'
18:56:47.356 [Forwarding getCurrentUrl on session 6832b86ed448f4afb939bdc46507230c to remote] DEBUG org.asynchttpclient.netty.request.NettyRequestSender - Using open Channel [id: 0x78f21d64, L:/127.0.0.1:62052 - R:localhost/127.0.0.1:18586] for GET '/session/6832b86ed448f4afb939bdc46507230c/url'
18:56:47.359 [AsyncHttpClient-1-11] DEBUG org.asynchttpclient.netty.handler.HttpHandler - 

Request DefaultFullHttpRequest(decodeResult: success, version: HTTP/1.1, content: EmptyByteBufBE)
GET /session/6832b86ed448f4afb939bdc46507230c/url HTTP/1.1
User-Agent: selenium/4.8.1 (java windows)
Cache-Control: no-cache
Content-Type: application/json; charset=utf-8
host: localhost:18586
accept: */*

Response DefaultHttpResponse(decodeResult: success, version: HTTP/1.1)
HTTP/1.1 200 OK
Content-Length: 45
Content-Type: application/json; charset=utf-8
cache-control: no-cache

18:56:47.359 [AsyncHttpClient-1-11] DEBUG org.asynchttpclient.netty.channel.ChannelManager - Adding key: http://localhost:18586 for channel [id: 0x78f21d64, L:/127.0.0.1:62052 - R:localhost/127.0.0.1:18586]
18:56:47.362 [AsyncHttpClient-1-1] DEBUG org.asynchttpclient.netty.channel.DefaultChannelPool - Entry count for : http://localhost:62053 : 1
18:56:47.362 [AsyncHttpClient-1-1] DEBUG org.asynchttpclient.netty.channel.DefaultChannelPool - Entry count for : http://localhost:18586 : 1
18:56:47.372 [Forwarding getPageSource on session 6832b86ed448f4afb939bdc46507230c to remote] DEBUG org.asynchttpclient.netty.request.NettyRequestSender - Using pooled Channel '[id: 0x78f21d64, L:/127.0.0.1:62052 - R:localhost/127.0.0.1:18586]' for 'POST' to 'http://localhost:18586/session/6832b86ed448f4afb939bdc46507230c/execute/sync'
18:56:47.372 [Forwarding getPageSource on session 6832b86ed448f4afb939bdc46507230c to remote] DEBUG org.asynchttpclient.netty.request.NettyRequestSender - Using open Channel [id: 0x78f21d64, L:/127.0.0.1:62052 - R:localhost/127.0.0.1:18586] for POST '/session/6832b86ed448f4afb939bdc46507230c/execute/sync'
18:56:47.377 [AsyncHttpClient-1-11] DEBUG org.asynchttpclient.netty.handler.HttpHandler - 

Request DefaultHttpRequest(decodeResult: success, version: HTTP/1.1)
POST /session/6832b86ed448f4afb939bdc46507230c/execute/sync HTTP/1.1
User-Agent: selenium/4.8.1 (java windows)
Content-Length: 176
Content-Type: application/json; charset=utf-8
host: localhost:18586
accept: */*

Response DefaultHttpResponse(decodeResult: success, version: HTTP/1.1)
HTTP/1.1 200 OK
Content-Length: 9556
Content-Type: application/json; charset=utf-8
cache-control: no-cache

18:56:47.377 [AsyncHttpClient-1-11] DEBUG org.asynchttpclient.netty.channel.ChannelManager - Adding key: http://localhost:18586 for channel [id: 0x78f21d64, L:/127.0.0.1:62052 - R:localhost/127.0.0.1:18586]
18:56:47.379 [Forwarding getCurrentUrl on session 6832b86ed448f4afb939bdc46507230c to remote] DEBUG org.asynchttpclient.netty.request.NettyRequestSender - Using pooled Channel '[id: 0x78f21d64, L:/127.0.0.1:62052 - R:localhost/127.0.0.1:18586]' for 'GET' to 'http://localhost:18586/session/6832b86ed448f4afb939bdc46507230c/url'
18:56:47.379 [Forwarding getCurrentUrl on session 6832b86ed448f4afb939bdc46507230c to remote] DEBUG org.asynchttpclient.netty.request.NettyRequestSender - Using open Channel [id: 0x78f21d64, L:/127.0.0.1:62052 - R:localhost/127.0.0.1:18586] for GET '/session/6832b86ed448f4afb939bdc46507230c/url'
18:56:47.383 [AsyncHttpClient-1-11] DEBUG org.asynchttpclient.netty.handler.HttpHandler - 

Request DefaultFullHttpRequest(decodeResult: success, version: HTTP/1.1, content: EmptyByteBufBE)
GET /session/6832b86ed448f4afb939bdc46507230c/url HTTP/1.1
User-Agent: selenium/4.8.1 (java windows)
Cache-Control: no-cache
Content-Type: application/json; charset=utf-8
host: localhost:18586
accept: */*

Response DefaultHttpResponse(decodeResult: success, version: HTTP/1.1)
HTTP/1.1 200 OK
Content-Length: 45
Content-Type: application/json; charset=utf-8
cache-control: no-cache

18:56:47.383 [AsyncHttpClient-1-11] DEBUG org.asynchttpclient.netty.channel.ChannelManager - Adding key: http://localhost:18586 for channel [id: 0x78f21d64, L:/127.0.0.1:62052 - R:localhost/127.0.0.1:18586]
18:56:47.385 [main] DEBUG net.thucydides.core.steps.StepInterceptor - STARTING STEP: LoginSteps.clickLoginButton - clickLoginButton
18:56:47.387 [Forwarding findElement on session 6832b86ed448f4afb939bdc46507230c to remote] DEBUG org.asynchttpclient.netty.request.NettyRequestSender - Using pooled Channel '[id: 0x78f21d64, L:/127.0.0.1:62052 - R:localhost/127.0.0.1:18586]' for 'POST' to 'http://localhost:18586/session/6832b86ed448f4afb939bdc46507230c/element'
18:56:47.387 [Forwarding findElement on session 6832b86ed448f4afb939bdc46507230c to remote] DEBUG org.asynchttpclient.netty.request.NettyRequestSender - Using open Channel [id: 0x78f21d64, L:/127.0.0.1:62052 - R:localhost/127.0.0.1:18586] for POST '/session/6832b86ed448f4afb939bdc46507230c/element'
18:56:47.397 [AsyncHttpClient-1-11] DEBUG org.asynchttpclient.netty.handler.HttpHandler - 

Request DefaultHttpRequest(decodeResult: success, version: HTTP/1.1)
POST /session/6832b86ed448f4afb939bdc46507230c/element HTTP/1.1
User-Agent: selenium/4.8.1 (java windows)
Content-Length: 63
Content-Type: application/json; charset=utf-8
host: localhost:18586
accept: */*

Response DefaultHttpResponse(decodeResult: success, version: HTTP/1.1)
HTTP/1.1 200 OK
Content-Length: 95
Content-Type: application/json; charset=utf-8
cache-control: no-cache

18:56:47.397 [AsyncHttpClient-1-11] DEBUG org.asynchttpclient.netty.channel.ChannelManager - Adding key: http://localhost:18586 for channel [id: 0x78f21d64, L:/127.0.0.1:62052 - R:localhost/127.0.0.1:18586]
18:56:47.398 [Forwarding getElementTagName on session 6832b86ed448f4afb939bdc46507230c to remote] DEBUG org.asynchttpclient.netty.request.NettyRequestSender - Using pooled Channel '[id: 0x78f21d64, L:/127.0.0.1:62052 - R:localhost/127.0.0.1:18586]' for 'GET' to 'http://localhost:18586/session/6832b86ed448f4afb939bdc46507230c/element/7907E03EF395CE14CDF3A5AAE9469694_element_11/name'
18:56:47.398 [Forwarding getElementTagName on session 6832b86ed448f4afb939bdc46507230c to remote] DEBUG org.asynchttpclient.netty.request.NettyRequestSender - Using open Channel [id: 0x78f21d64, L:/127.0.0.1:62052 - R:localhost/127.0.0.1:18586] for GET '/session/6832b86ed448f4afb939bdc46507230c/element/7907E03EF395CE14CDF3A5AAE9469694_element_11/name'
18:56:47.405 [AsyncHttpClient-1-11] DEBUG org.asynchttpclient.netty.handler.HttpHandler - 

Request DefaultFullHttpRequest(decodeResult: success, version: HTTP/1.1, content: EmptyByteBufBE)
GET /session/6832b86ed448f4afb939bdc46507230c/element/7907E03EF395CE14CDF3A5AAE9469694_element_11/name HTTP/1.1
User-Agent: selenium/4.8.1 (java windows)
Cache-Control: no-cache
Content-Type: application/json; charset=utf-8
host: localhost:18586
accept: */*

Response DefaultHttpResponse(decodeResult: success, version: HTTP/1.1)
HTTP/1.1 200 OK
Content-Length: 18
Content-Type: application/json; charset=utf-8
cache-control: no-cache

18:56:47.405 [AsyncHttpClient-1-11] DEBUG org.asynchttpclient.netty.channel.ChannelManager - Adding key: http://localhost:18586 for channel [id: 0x78f21d64, L:/127.0.0.1:62052 - R:localhost/127.0.0.1:18586]
18:56:47.406 [Forwarding getElementTagName on session 6832b86ed448f4afb939bdc46507230c to remote] DEBUG org.asynchttpclient.netty.request.NettyRequestSender - Using pooled Channel '[id: 0x78f21d64, L:/127.0.0.1:62052 - R:localhost/127.0.0.1:18586]' for 'GET' to 'http://localhost:18586/session/6832b86ed448f4afb939bdc46507230c/element/7907E03EF395CE14CDF3A5AAE9469694_element_11/name'
18:56:47.406 [Forwarding getElementTagName on session 6832b86ed448f4afb939bdc46507230c to remote] DEBUG org.asynchttpclient.netty.request.NettyRequestSender - Using open Channel [id: 0x78f21d64, L:/127.0.0.1:62052 - R:localhost/127.0.0.1:18586] for GET '/session/6832b86ed448f4afb939bdc46507230c/element/7907E03EF395CE14CDF3A5AAE9469694_element_11/name'
18:56:47.410 [AsyncHttpClient-1-11] DEBUG org.asynchttpclient.netty.handler.HttpHandler - 

Request DefaultFullHttpRequest(decodeResult: success, version: HTTP/1.1, content: EmptyByteBufBE)
GET /session/6832b86ed448f4afb939bdc46507230c/element/7907E03EF395CE14CDF3A5AAE9469694_element_11/name HTTP/1.1
User-Agent: selenium/4.8.1 (java windows)
Cache-Control: no-cache
Content-Type: application/json; charset=utf-8
host: localhost:18586
accept: */*

Response DefaultHttpResponse(decodeResult: success, version: HTTP/1.1)
HTTP/1.1 200 OK
Content-Length: 18
Content-Type: application/json; charset=utf-8
cache-control: no-cache

18:56:47.410 [AsyncHttpClient-1-11] DEBUG org.asynchttpclient.netty.channel.ChannelManager - Adding key: http://localhost:18586 for channel [id: 0x78f21d64, L:/127.0.0.1:62052 - R:localhost/127.0.0.1:18586]
18:56:47.414 [Forwarding isElementEnabled on session 6832b86ed448f4afb939bdc46507230c to remote] DEBUG org.asynchttpclient.netty.request.NettyRequestSender - Using pooled Channel '[id: 0x78f21d64, L:/127.0.0.1:62052 - R:localhost/127.0.0.1:18586]' for 'GET' to 'http://localhost:18586/session/6832b86ed448f4afb939bdc46507230c/element/7907E03EF395CE14CDF3A5AAE9469694_element_11/enabled'
18:56:47.414 [Forwarding isElementEnabled on session 6832b86ed448f4afb939bdc46507230c to remote] DEBUG org.asynchttpclient.netty.request.NettyRequestSender - Using open Channel [id: 0x78f21d64, L:/127.0.0.1:62052 - R:localhost/127.0.0.1:18586] for GET '/session/6832b86ed448f4afb939bdc46507230c/element/7907E03EF395CE14CDF3A5AAE9469694_element_11/enabled'
18:56:47.422 [AsyncHttpClient-1-11] DEBUG org.asynchttpclient.netty.handler.HttpHandler - 

Request DefaultFullHttpRequest(decodeResult: success, version: HTTP/1.1, content: EmptyByteBufBE)
GET /session/6832b86ed448f4afb939bdc46507230c/element/7907E03EF395CE14CDF3A5AAE9469694_element_11/enabled HTTP/1.1
User-Agent: selenium/4.8.1 (java windows)
Cache-Control: no-cache
Content-Type: application/json; charset=utf-8
host: localhost:18586
accept: */*

Response DefaultHttpResponse(decodeResult: success, version: HTTP/1.1)
HTTP/1.1 200 OK
Content-Length: 14
Content-Type: application/json; charset=utf-8
cache-control: no-cache

18:56:47.422 [AsyncHttpClient-1-11] DEBUG org.asynchttpclient.netty.channel.ChannelManager - Adding key: http://localhost:18586 for channel [id: 0x78f21d64, L:/127.0.0.1:62052 - R:localhost/127.0.0.1:18586]
18:56:47.423 [Forwarding isElementEnabled on session 6832b86ed448f4afb939bdc46507230c to remote] DEBUG org.asynchttpclient.netty.request.NettyRequestSender - Using pooled Channel '[id: 0x78f21d64, L:/127.0.0.1:62052 - R:localhost/127.0.0.1:18586]' for 'GET' to 'http://localhost:18586/session/6832b86ed448f4afb939bdc46507230c/element/7907E03EF395CE14CDF3A5AAE9469694_element_11/enabled'
18:56:47.423 [Forwarding isElementEnabled on session 6832b86ed448f4afb939bdc46507230c to remote] DEBUG org.asynchttpclient.netty.request.NettyRequestSender - Using open Channel [id: 0x78f21d64, L:/127.0.0.1:62052 - R:localhost/127.0.0.1:18586] for GET '/session/6832b86ed448f4afb939bdc46507230c/element/7907E03EF395CE14CDF3A5AAE9469694_element_11/enabled'
18:56:47.428 [AsyncHttpClient-1-11] DEBUG org.asynchttpclient.netty.handler.HttpHandler - 

Request DefaultFullHttpRequest(decodeResult: success, version: HTTP/1.1, content: EmptyByteBufBE)
GET /session/6832b86ed448f4afb939bdc46507230c/element/7907E03EF395CE14CDF3A5AAE9469694_element_11/enabled HTTP/1.1
User-Agent: selenium/4.8.1 (java windows)
Cache-Control: no-cache
Content-Type: application/json; charset=utf-8
host: localhost:18586
accept: */*

Response DefaultHttpResponse(decodeResult: success, version: HTTP/1.1)
HTTP/1.1 200 OK
Content-Length: 14
Content-Type: application/json; charset=utf-8
cache-control: no-cache

18:56:47.428 [AsyncHttpClient-1-11] DEBUG org.asynchttpclient.netty.channel.ChannelManager - Adding key: http://localhost:18586 for channel [id: 0x78f21d64, L:/127.0.0.1:62052 - R:localhost/127.0.0.1:18586]
18:56:47.430 [Forwarding findElement on session 6832b86ed448f4afb939bdc46507230c to remote] DEBUG org.asynchttpclient.netty.request.NettyRequestSender - Using pooled Channel '[id: 0x78f21d64, L:/127.0.0.1:62052 - R:localhost/127.0.0.1:18586]' for 'POST' to 'http://localhost:18586/session/6832b86ed448f4afb939bdc46507230c/element'
18:56:47.430 [Forwarding findElement on session 6832b86ed448f4afb939bdc46507230c to remote] DEBUG org.asynchttpclient.netty.request.NettyRequestSender - Using open Channel [id: 0x78f21d64, L:/127.0.0.1:62052 - R:localhost/127.0.0.1:18586] for POST '/session/6832b86ed448f4afb939bdc46507230c/element'
18:56:47.436 [AsyncHttpClient-1-11] DEBUG org.asynchttpclient.netty.handler.HttpHandler - 

Request DefaultHttpRequest(decodeResult: success, version: HTTP/1.1)
POST /session/6832b86ed448f4afb939bdc46507230c/element HTTP/1.1
User-Agent: selenium/4.8.1 (java windows)
Content-Length: 63
Content-Type: application/json; charset=utf-8
host: localhost:18586
accept: */*

Response DefaultHttpResponse(decodeResult: success, version: HTTP/1.1)
HTTP/1.1 200 OK
Content-Length: 95
Content-Type: application/json; charset=utf-8
cache-control: no-cache

18:56:47.436 [AsyncHttpClient-1-11] DEBUG org.asynchttpclient.netty.channel.ChannelManager - Adding key: http://localhost:18586 for channel [id: 0x78f21d64, L:/127.0.0.1:62052 - R:localhost/127.0.0.1:18586]
18:56:47.437 [Forwarding clickElement on session 6832b86ed448f4afb939bdc46507230c to remote] DEBUG org.asynchttpclient.netty.request.NettyRequestSender - Using pooled Channel '[id: 0x78f21d64, L:/127.0.0.1:62052 - R:localhost/127.0.0.1:18586]' for 'POST' to 'http://localhost:18586/session/6832b86ed448f4afb939bdc46507230c/element/7907E03EF395CE14CDF3A5AAE9469694_element_11/click'
18:56:47.437 [Forwarding clickElement on session 6832b86ed448f4afb939bdc46507230c to remote] DEBUG org.asynchttpclient.netty.request.NettyRequestSender - Using open Channel [id: 0x78f21d64, L:/127.0.0.1:62052 - R:localhost/127.0.0.1:18586] for POST '/session/6832b86ed448f4afb939bdc46507230c/element/7907E03EF395CE14CDF3A5AAE9469694_element_11/click'
18:56:47.491 [AsyncHttpClient-1-11] DEBUG org.asynchttpclient.netty.handler.HttpHandler - 

Request DefaultHttpRequest(decodeResult: success, version: HTTP/1.1)
POST /session/6832b86ed448f4afb939bdc46507230c/element/7907E03EF395CE14CDF3A5AAE9469694_element_11/click HTTP/1.1
User-Agent: selenium/4.8.1 (java windows)
Content-Length: 57
Content-Type: application/json; charset=utf-8
host: localhost:18586
accept: */*

Response DefaultHttpResponse(decodeResult: success, version: HTTP/1.1)
HTTP/1.1 200 OK
Content-Length: 14
Content-Type: application/json; charset=utf-8
cache-control: no-cache

18:56:47.493 [AsyncHttpClient-1-11] DEBUG org.asynchttpclient.netty.channel.ChannelManager - Adding key: http://localhost:18586 for channel [id: 0x78f21d64, L:/127.0.0.1:62052 - R:localhost/127.0.0.1:18586]
18:56:47.502 [Forwarding getAlertText on session 6832b86ed448f4afb939bdc46507230c to remote] DEBUG org.asynchttpclient.netty.request.NettyRequestSender - Using pooled Channel '[id: 0x78f21d64, L:/127.0.0.1:62052 - R:localhost/127.0.0.1:18586]' for 'GET' to 'http://localhost:18586/session/6832b86ed448f4afb939bdc46507230c/alert/text'
18:56:47.502 [Forwarding getAlertText on session 6832b86ed448f4afb939bdc46507230c to remote] DEBUG org.asynchttpclient.netty.request.NettyRequestSender - Using open Channel [id: 0x78f21d64, L:/127.0.0.1:62052 - R:localhost/127.0.0.1:18586] for GET '/session/6832b86ed448f4afb939bdc46507230c/alert/text'
18:56:47.503 [AsyncHttpClient-1-11] DEBUG org.asynchttpclient.netty.handler.HttpHandler - 

Request DefaultFullHttpRequest(decodeResult: success, version: HTTP/1.1, content: EmptyByteBufBE)
GET /session/6832b86ed448f4afb939bdc46507230c/alert/text HTTP/1.1
User-Agent: selenium/4.8.1 (java windows)
Cache-Control: no-cache
Content-Type: application/json; charset=utf-8
host: localhost:18586
accept: */*

Response DefaultHttpResponse(decodeResult: success, version: HTTP/1.1)
HTTP/1.1 404 Not Found
Content-Length: 821
Content-Type: application/json; charset=utf-8
cache-control: no-cache

18:56:47.503 [AsyncHttpClient-1-11] DEBUG org.asynchttpclient.netty.channel.ChannelManager - Adding key: http://localhost:18586 for channel [id: 0x78f21d64, L:/127.0.0.1:62052 - R:localhost/127.0.0.1:18586]
18:56:47.504 [Forwarding getCurrentUrl on session 6832b86ed448f4afb939bdc46507230c to remote] DEBUG org.asynchttpclient.netty.request.NettyRequestSender - Using pooled Channel '[id: 0x78f21d64, L:/127.0.0.1:62052 - R:localhost/127.0.0.1:18586]' for 'GET' to 'http://localhost:18586/session/6832b86ed448f4afb939bdc46507230c/url'
18:56:47.504 [Forwarding getCurrentUrl on session 6832b86ed448f4afb939bdc46507230c to remote] DEBUG org.asynchttpclient.netty.request.NettyRequestSender - Using open Channel [id: 0x78f21d64, L:/127.0.0.1:62052 - R:localhost/127.0.0.1:18586] for GET '/session/6832b86ed448f4afb939bdc46507230c/url'
18:56:47.508 [AsyncHttpClient-1-11] DEBUG org.asynchttpclient.netty.handler.HttpHandler - 

Request DefaultFullHttpRequest(decodeResult: success, version: HTTP/1.1, content: EmptyByteBufBE)
GET /session/6832b86ed448f4afb939bdc46507230c/url HTTP/1.1
User-Agent: selenium/4.8.1 (java windows)
Cache-Control: no-cache
Content-Type: application/json; charset=utf-8
host: localhost:18586
accept: */*

Response DefaultHttpResponse(decodeResult: success, version: HTTP/1.1)
HTTP/1.1 200 OK
Content-Length: 45
Content-Type: application/json; charset=utf-8
cache-control: no-cache

18:56:47.508 [AsyncHttpClient-1-11] DEBUG org.asynchttpclient.netty.channel.ChannelManager - Adding key: http://localhost:18586 for channel [id: 0x78f21d64, L:/127.0.0.1:62052 - R:localhost/127.0.0.1:18586]
18:56:47.509 [Forwarding screenshot on session 6832b86ed448f4afb939bdc46507230c to remote] DEBUG org.asynchttpclient.netty.request.NettyRequestSender - Using pooled Channel '[id: 0x78f21d64, L:/127.0.0.1:62052 - R:localhost/127.0.0.1:18586]' for 'GET' to 'http://localhost:18586/session/6832b86ed448f4afb939bdc46507230c/screenshot'
18:56:47.509 [Forwarding screenshot on session 6832b86ed448f4afb939bdc46507230c to remote] DEBUG org.asynchttpclient.netty.request.NettyRequestSender - Using open Channel [id: 0x78f21d64, L:/127.0.0.1:62052 - R:localhost/127.0.0.1:18586] for GET '/session/6832b86ed448f4afb939bdc46507230c/screenshot'
18:56:47.619 [AsyncHttpClient-1-11] DEBUG org.asynchttpclient.netty.handler.HttpHandler - 

Request DefaultFullHttpRequest(decodeResult: success, version: HTTP/1.1, content: EmptyByteBufBE)
GET /session/6832b86ed448f4afb939bdc46507230c/screenshot HTTP/1.1
User-Agent: selenium/4.8.1 (java windows)
Cache-Control: no-cache
Content-Type: application/json; charset=utf-8
host: localhost:18586
accept: */*

Response DefaultHttpResponse(decodeResult: success, version: HTTP/1.1)
HTTP/1.1 200 OK
Content-Length: 35560
Content-Type: application/json; charset=utf-8
cache-control: no-cache

18:56:47.619 [AsyncHttpClient-1-11] DEBUG org.asynchttpclient.netty.channel.ChannelManager - Adding key: http://localhost:18586 for channel [id: 0x78f21d64, L:/127.0.0.1:62052 - R:localhost/127.0.0.1:18586]
18:56:47.621 [main] DEBUG net.serenitybdd.core.photography.Darkroom - Send negative for processing for target\site\serenity\4ea674eb0d626bbaa33210650c6ddb86ddd4914018697171860ff4c9e4500a71.png
18:56:47.621 [main] DEBUG net.thucydides.core.steps.StepInterceptor - STEP DONE: clickLoginButton
18:56:47.621 [Darkroom Processing Line] DEBUG net.serenitybdd.core.photography.DarkroomProcessingLine - Processing screenshot image in /var/screenshots/screenshot-2242674847115505985
  &amp#27;[32mWhen &amp#27;[0m&amp#27;[32mI click on the login button&amp#27;[0m               &amp#27;[90m# starter.stepdefinitions.LoginSteps.clickLoginButton()&amp#27;[0m
18:56:47.621 [Darkroom Processing Line] DEBUG net.serenitybdd.core.photography.DarkroomProcessingLine - Saving screenshot to target\site\serenity\4ea674eb0d626bbaa33210650c6ddb86ddd4914018697171860ff4c9e4500a71.png
18:56:47.628 [Forwarding getPageSource on session 6832b86ed448f4afb939bdc46507230c to remote] DEBUG org.asynchttpclient.netty.request.NettyRequestSender - Using pooled Channel '[id: 0x78f21d64, L:/127.0.0.1:62052 - R:localhost/127.0.0.1:18586]' for 'POST' to 'http://localhost:18586/session/6832b86ed448f4afb939bdc46507230c/execute/sync'
18:56:47.629 [Forwarding getPageSource on session 6832b86ed448f4afb939bdc46507230c to remote] DEBUG org.asynchttpclient.netty.request.NettyRequestSender - Using open Channel [id: 0x78f21d64, L:/127.0.0.1:62052 - R:localhost/127.0.0.1:18586] for POST '/session/6832b86ed448f4afb939bdc46507230c/execute/sync'
18:56:47.633 [AsyncHttpClient-1-11] DEBUG org.asynchttpclient.netty.handler.HttpHandler - 

Request DefaultHttpRequest(decodeResult: success, version: HTTP/1.1)
POST /session/6832b86ed448f4afb939bdc46507230c/execute/sync HTTP/1.1
User-Agent: selenium/4.8.1 (java windows)
Content-Length: 176
Content-Type: application/json; charset=utf-8
host: localhost:18586
accept: */*

Response DefaultHttpResponse(decodeResult: success, version: HTTP/1.1)
HTTP/1.1 200 OK
Content-Length: 9632
Content-Type: application/json; charset=utf-8
cache-control: no-cache

18:56:47.633 [AsyncHttpClient-1-11] DEBUG org.asynchttpclient.netty.channel.ChannelManager - Adding key: http://localhost:18586 for channel [id: 0x78f21d64, L:/127.0.0.1:62052 - R:localhost/127.0.0.1:18586]
18:56:47.636 [Forwarding getCurrentUrl on session 6832b86ed448f4afb939bdc46507230c to remote] DEBUG org.asynchttpclient.netty.request.NettyRequestSender - Using pooled Channel '[id: 0x78f21d64, L:/127.0.0.1:62052 - R:localhost/127.0.0.1:18586]' for 'GET' to 'http://localhost:18586/session/6832b86ed448f4afb939bdc46507230c/url'
18:56:47.636 [Forwarding getCurrentUrl on session 6832b86ed448f4afb939bdc46507230c to remote] DEBUG org.asynchttpclient.netty.request.NettyRequestSender - Using open Channel [id: 0x78f21d64, L:/127.0.0.1:62052 - R:localhost/127.0.0.1:18586] for GET '/session/6832b86ed448f4afb939bdc46507230c/url'
18:56:47.639 [AsyncHttpClient-1-11] DEBUG org.asynchttpclient.netty.handler.HttpHandler - 

Request DefaultFullHttpRequest(decodeResult: success, version: HTTP/1.1, content: EmptyByteBufBE)
GET /session/6832b86ed448f4afb939bdc46507230c/url HTTP/1.1
User-Agent: selenium/4.8.1 (java windows)
Cache-Control: no-cache
Content-Type: application/json; charset=utf-8
host: localhost:18586
accept: */*

Response DefaultHttpResponse(decodeResult: success, version: HTTP/1.1)
HTTP/1.1 200 OK
Content-Length: 45
Content-Type: application/json; charset=utf-8
cache-control: no-cache

18:56:47.640 [AsyncHttpClient-1-11] DEBUG org.asynchttpclient.netty.channel.ChannelManager - Adding key: http://localhost:18586 for channel [id: 0x78f21d64, L:/127.0.0.1:62052 - R:localhost/127.0.0.1:18586]
18:56:47.648 [Forwarding getPageSource on session 6832b86ed448f4afb939bdc46507230c to remote] DEBUG org.asynchttpclient.netty.request.NettyRequestSender - Using pooled Channel '[id: 0x78f21d64, L:/127.0.0.1:62052 - R:localhost/127.0.0.1:18586]' for 'POST' to 'http://localhost:18586/session/6832b86ed448f4afb939bdc46507230c/execute/sync'
18:56:47.648 [Forwarding getPageSource on session 6832b86ed448f4afb939bdc46507230c to remote] DEBUG org.asynchttpclient.netty.request.NettyRequestSender - Using open Channel [id: 0x78f21d64, L:/127.0.0.1:62052 - R:localhost/127.0.0.1:18586] for POST '/session/6832b86ed448f4afb939bdc46507230c/execute/sync'
18:56:47.653 [AsyncHttpClient-1-11] DEBUG org.asynchttpclient.netty.handler.HttpHandler - 

Request DefaultHttpRequest(decodeResult: success, version: HTTP/1.1)
POST /session/6832b86ed448f4afb939bdc46507230c/execute/sync HTTP/1.1
User-Agent: selenium/4.8.1 (java windows)
Content-Length: 176
Content-Type: application/json; charset=utf-8
host: localhost:18586
accept: */*

Response DefaultHttpResponse(decodeResult: success, version: HTTP/1.1)
HTTP/1.1 200 OK
Content-Length: 9632
Content-Type: application/json; charset=utf-8
cache-control: no-cache

18:56:47.653 [AsyncHttpClient-1-11] DEBUG org.asynchttpclient.netty.channel.ChannelManager - Adding key: http://localhost:18586 for channel [id: 0x78f21d64, L:/127.0.0.1:62052 - R:localhost/127.0.0.1:18586]
18:56:47.655 [Forwarding getCurrentUrl on session 6832b86ed448f4afb939bdc46507230c to remote] DEBUG org.asynchttpclient.netty.request.NettyRequestSender - Using pooled Channel '[id: 0x78f21d64, L:/127.0.0.1:62052 - R:localhost/127.0.0.1:18586]' for 'GET' to 'http://localhost:18586/session/6832b86ed448f4afb939bdc46507230c/url'
18:56:47.655 [Forwarding getCurrentUrl on session 6832b86ed448f4afb939bdc46507230c to remote] DEBUG org.asynchttpclient.netty.request.NettyRequestSender - Using open Channel [id: 0x78f21d64, L:/127.0.0.1:62052 - R:localhost/127.0.0.1:18586] for GET '/session/6832b86ed448f4afb939bdc46507230c/url'
18:56:47.658 [AsyncHttpClient-1-11] DEBUG org.asynchttpclient.netty.handler.HttpHandler - 

Request DefaultFullHttpRequest(decodeResult: success, version: HTTP/1.1, content: EmptyByteBufBE)
GET /session/6832b86ed448f4afb939bdc46507230c/url HTTP/1.1
User-Agent: selenium/4.8.1 (java windows)
Cache-Control: no-cache
Content-Type: application/json; charset=utf-8
host: localhost:18586
accept: */*

Response DefaultHttpResponse(decodeResult: success, version: HTTP/1.1)
HTTP/1.1 200 OK
Content-Length: 45
Content-Type: application/json; charset=utf-8
cache-control: no-cache

18:56:47.658 [AsyncHttpClient-1-11] DEBUG org.asynchttpclient.netty.channel.ChannelManager - Adding key: http://localhost:18586 for channel [id: 0x78f21d64, L:/127.0.0.1:62052 - R:localhost/127.0.0.1:18586]
18:56:47.662 [main] DEBUG net.thucydides.core.steps.StepInterceptor - STARTING STEP: LoginSteps.checkWarningInvalidEmail - checkWarningInvalidEmail
18:56:47.663 [Forwarding findElement on session 6832b86ed448f4afb939bdc46507230c to remote] DEBUG org.asynchttpclient.netty.request.NettyRequestSender - Using pooled Channel '[id: 0x78f21d64, L:/127.0.0.1:62052 - R:localhost/127.0.0.1:18586]' for 'POST' to 'http://localhost:18586/session/6832b86ed448f4afb939bdc46507230c/element'
18:56:47.663 [Forwarding findElement on session 6832b86ed448f4afb939bdc46507230c to remote] DEBUG org.asynchttpclient.netty.request.NettyRequestSender - Using open Channel [id: 0x78f21d64, L:/127.0.0.1:62052 - R:localhost/127.0.0.1:18586] for POST '/session/6832b86ed448f4afb939bdc46507230c/element'
18:56:47.676 [AsyncHttpClient-1-11] DEBUG org.asynchttpclient.netty.handler.HttpHandler - 

Request DefaultHttpRequest(decodeResult: success, version: HTTP/1.1)
POST /session/6832b86ed448f4afb939bdc46507230c/element HTTP/1.1
User-Agent: selenium/4.8.1 (java windows)
Content-Length: 51
Content-Type: application/json; charset=utf-8
host: localhost:18586
accept: */*

Response DefaultHttpResponse(decodeResult: success, version: HTTP/1.1)
HTTP/1.1 200 OK
Content-Length: 95
Content-Type: application/json; charset=utf-8
cache-control: no-cache

18:56:47.676 [AsyncHttpClient-1-11] DEBUG org.asynchttpclient.netty.channel.ChannelManager - Adding key: http://localhost:18586 for channel [id: 0x78f21d64, L:/127.0.0.1:62052 - R:localhost/127.0.0.1:18586]
18:56:47.680 [Forwarding isElementDisplayed on session 6832b86ed448f4afb939bdc46507230c to remote] DEBUG org.asynchttpclient.netty.request.NettyRequestSender - Using pooled Channel '[id: 0x78f21d64, L:/127.0.0.1:62052 - R:localhost/127.0.0.1:18586]' for 'POST' to 'http://localhost:18586/session/6832b86ed448f4afb939bdc46507230c/execute/sync'
18:56:47.680 [Forwarding isElementDisplayed on session 6832b86ed448f4afb939bdc46507230c to remote] DEBUG org.asynchttpclient.netty.request.NettyRequestSender - Using open Channel [id: 0x78f21d64, L:/127.0.0.1:62052 - R:localhost/127.0.0.1:18586] for POST '/session/6832b86ed448f4afb939bdc46507230c/execute/sync'
18:56:47.698 [AsyncHttpClient-1-11] DEBUG org.asynchttpclient.netty.handler.HttpHandler - 

Request DefaultHttpRequest(decodeResult: success, version: HTTP/1.1)
POST /session/6832b86ed448f4afb939bdc46507230c/execute/sync HTTP/1.1
User-Agent: selenium/4.8.1 (java windows)
Content-Length: 48814
Content-Type: application/json; charset=utf-8
host: localhost:18586
accept: */*

Response DefaultHttpResponse(decodeResult: success, version: HTTP/1.1)
HTTP/1.1 200 OK
Content-Length: 14
Content-Type: application/json; charset=utf-8
cache-control: no-cache

18:56:47.698 [AsyncHttpClient-1-11] DEBUG org.asynchttpclient.netty.channel.ChannelManager - Adding key: http://localhost:18586 for channel [id: 0x78f21d64, L:/127.0.0.1:62052 - R:localhost/127.0.0.1:18586]
18:56:47.703 [Forwarding getAlertText on session 6832b86ed448f4afb939bdc46507230c to remote] DEBUG org.asynchttpclient.netty.request.NettyRequestSender - Using pooled Channel '[id: 0x78f21d64, L:/127.0.0.1:62052 - R:localhost/127.0.0.1:18586]' for 'GET' to 'http://localhost:18586/session/6832b86ed448f4afb939bdc46507230c/alert/text'
18:56:47.703 [Forwarding getAlertText on session 6832b86ed448f4afb939bdc46507230c to remote] DEBUG org.asynchttpclient.netty.request.NettyRequestSender - Using open Channel [id: 0x78f21d64, L:/127.0.0.1:62052 - R:localhost/127.0.0.1:18586] for GET '/session/6832b86ed448f4afb939bdc46507230c/alert/text'
18:56:47.704 [AsyncHttpClient-1-11] DEBUG org.asynchttpclient.netty.handler.HttpHandler - 

Request DefaultFullHttpRequest(decodeResult: success, version: HTTP/1.1, content: EmptyByteBufBE)
GET /session/6832b86ed448f4afb939bdc46507230c/alert/text HTTP/1.1
User-Agent: selenium/4.8.1 (java windows)
Cache-Control: no-cache
Content-Type: application/json; charset=utf-8
host: localhost:18586
accept: */*

Response DefaultHttpResponse(decodeResult: success, version: HTTP/1.1)
HTTP/1.1 404 Not Found
Content-Length: 821
Content-Type: application/json; charset=utf-8
cache-control: no-cache

18:56:47.706 [AsyncHttpClient-1-11] DEBUG org.asynchttpclient.netty.channel.ChannelManager - Adding key: http://localhost:18586 for channel [id: 0x78f21d64, L:/127.0.0.1:62052 - R:localhost/127.0.0.1:18586]
18:56:47.707 [Forwarding getCurrentUrl on session 6832b86ed448f4afb939bdc46507230c to remote] DEBUG org.asynchttpclient.netty.request.NettyRequestSender - Using pooled Channel '[id: 0x78f21d64, L:/127.0.0.1:62052 - R:localhost/127.0.0.1:18586]' for 'GET' to 'http://localhost:18586/session/6832b86ed448f4afb939bdc46507230c/url'
18:56:47.707 [Forwarding getCurrentUrl on session 6832b86ed448f4afb939bdc46507230c to remote] DEBUG org.asynchttpclient.netty.request.NettyRequestSender - Using open Channel [id: 0x78f21d64, L:/127.0.0.1:62052 - R:localhost/127.0.0.1:18586] for GET '/session/6832b86ed448f4afb939bdc46507230c/url'
18:56:47.711 [AsyncHttpClient-1-11] DEBUG org.asynchttpclient.netty.handler.HttpHandler - 

Request DefaultFullHttpRequest(decodeResult: success, version: HTTP/1.1, content: EmptyByteBufBE)
GET /session/6832b86ed448f4afb939bdc46507230c/url HTTP/1.1
User-Agent: selenium/4.8.1 (java windows)
Cache-Control: no-cache
Content-Type: application/json; charset=utf-8
host: localhost:18586
accept: */*

Response DefaultHttpResponse(decodeResult: success, version: HTTP/1.1)
HTTP/1.1 200 OK
Content-Length: 45
Content-Type: application/json; charset=utf-8
cache-control: no-cache

18:56:47.711 [AsyncHttpClient-1-11] DEBUG org.asynchttpclient.netty.channel.ChannelManager - Adding key: http://localhost:18586 for channel [id: 0x78f21d64, L:/127.0.0.1:62052 - R:localhost/127.0.0.1:18586]
18:56:47.712 [Forwarding screenshot on session 6832b86ed448f4afb939bdc46507230c to remote] DEBUG org.asynchttpclient.netty.request.NettyRequestSender - Using pooled Channel '[id: 0x78f21d64, L:/127.0.0.1:62052 - R:localhost/127.0.0.1:18586]' for 'GET' to 'http://localhost:18586/session/6832b86ed448f4afb939bdc46507230c/screenshot'
18:56:47.712 [Forwarding screenshot on session 6832b86ed448f4afb939bdc46507230c to remote] DEBUG org.asynchttpclient.netty.request.NettyRequestSender - Using open Channel [id: 0x78f21d64, L:/127.0.0.1:62052 - R:localhost/127.0.0.1:18586] for GET '/session/6832b86ed448f4afb939bdc46507230c/screenshot'
18:56:47.859 [AsyncHttpClient-1-11] DEBUG org.asynchttpclient.netty.handler.HttpHandler - 

Request DefaultFullHttpRequest(decodeResult: success, version: HTTP/1.1, content: EmptyByteBufBE)
GET /session/6832b86ed448f4afb939bdc46507230c/screenshot HTTP/1.1
User-Agent: selenium/4.8.1 (java windows)
Cache-Control: no-cache
Content-Type: application/json; charset=utf-8
host: localhost:18586
accept: */*

Response DefaultHttpResponse(decodeResult: success, version: HTTP/1.1)
HTTP/1.1 200 OK
Content-Length: 35576
Content-Type: application/json; charset=utf-8
cache-control: no-cache

18:56:47.859 [AsyncHttpClient-1-11] DEBUG org.asynchttpclient.netty.channel.ChannelManager - Adding key: http://localhost:18586 for channel [id: 0x78f21d64, L:/127.0.0.1:62052 - R:localhost/127.0.0.1:18586]
18:56:47.861 [main] DEBUG net.serenitybdd.core.photography.Darkroom - Send negative for processing for target\site\serenity\864ab6fa9f2b72a87ea4a1f51fadac35fa2efc04dd79c93b700af8bf83d99a58.png
18:56:47.861 [main] DEBUG net.thucydides.core.steps.StepInterceptor - STEP DONE: checkWarningInvalidEmail
18:56:47.861 [Darkroom Processing Line] DEBUG net.serenitybdd.core.photography.DarkroomProcessingLine - Processing screenshot image in /var/screenshots/screenshot-9653626225177683563
18:56:47.861 [Darkroom Processing Line] DEBUG net.serenitybdd.core.photography.DarkroomProcessingLine - Saving screenshot to target\site\serenity\864ab6fa9f2b72a87ea4a1f51fadac35fa2efc04dd79c93b700af8bf83d99a58.png
  &amp#27;[32mThen &amp#27;[0m&amp#27;[32mI should see invalid warning email&amp#27;[0m        &amp#27;[90m# starter.stepdefinitions.LoginSteps.checkWarningInvalidEmail()&amp#27;[0m
18:56:47.866 [main] INFO  - 
  _____   ___   ___   _____     ___     _     ___   ___   ___   ___  
 |_   _| | __| / __| |_   _|   | _ \   /_\   / __| / __| | __| |   \ 
   | |   | _|  \__ \   | |     |  _/  / _ \  \__ \ \__ \ | _|  | |) |
   |_|   |___| |___/   |_|     |_|   /_/ \_\ |___/ |___/ |___| |___/ 

Verify email input must be valid value
----------------------------------------------------------------------
18:56:47.867 [Driver Command Executor] DEBUG org.asynchttpclient.netty.request.NettyRequestSender - Using pooled Channel '[id: 0x78f21d64, L:/127.0.0.1:62052 - R:localhost/127.0.0.1:18586]' for 'DELETE' to 'http://localhost:18586/session/6832b86ed448f4afb939bdc46507230c'
18:56:47.867 [AsyncHttpClient-1-13] DEBUG org.asynchttpclient.netty.handler.WebSocketHandler - Channel Closed: [id: 0x0ae50eed, L:/127.0.0.1:62065 ! R:localhost/127.0.0.1:62053] with attribute NettyResponseFuture{currentRetry=0,
	isDone=1,
	isCancelled=0,
	asyncHandler=org.asynchttpclient.ws.WebSocketUpgradeHandler@17d666b5,
	nettyRequest=org.asynchttpclient.netty.request.NettyRequest@52d4ea2b,
	future=java.util.concurrent.CompletableFuture@3f798591[Completed normally],
	uri=ws://localhost:62053/devtools/browser/d819515e-7adb-4501-8f61-d0960f9308e2,
	keepAlive=true,
	redirectCount=0,
	timeoutsHolder=null,
	inAuth=0,
	touch=1687780605912}
18:56:47.867 [Driver Command Executor] DEBUG org.asynchttpclient.netty.request.NettyRequestSender - Using open Channel [id: 0x78f21d64, L:/127.0.0.1:62052 - R:localhost/127.0.0.1:18586] for DELETE '/session/6832b86ed448f4afb939bdc46507230c'
18:56:47.867 [AsyncHttpClient-1-13] DEBUG org.asynchttpclient.netty.channel.ChannelManager - Closing Channel [id: 0x0ae50eed, L:/127.0.0.1:62065 ! R:localhost/127.0.0.1:62053] 
18:56:47.896 [AsyncHttpClient-1-12] DEBUG org.asynchttpclient.netty.handler.HttpHandler - Unexpected I/O exception on channel [id: 0x47d21a16, L:/127.0.0.1:62064 - R:localhost/127.0.0.1:62053]
java.net.SocketException: Connection reset
	at java.base/sun.nio.ch.SocketChannelImpl.throwConnectionReset(SocketChannelImpl.java:367)
	at java.base/sun.nio.ch.SocketChannelImpl.read(SocketChannelImpl.java:398)
	at io.netty.buffer.PooledByteBuf.setBytes(PooledByteBuf.java:259)
	at io.netty.buffer.AbstractByteBuf.writeBytes(AbstractByteBuf.java:1132)
	at io.netty.channel.socket.nio.NioSocketChannel.doReadBytes(NioSocketChannel.java:357)
	at io.netty.channel.nio.AbstractNioByteChannel$NioByteUnsafe.read(AbstractNioByteChannel.java:151)
	at io.netty.channel.nio.NioEventLoop.processSelectedKey(NioEventLoop.java:788)
	at io.netty.channel.nio.NioEventLoop.processSelectedKeysOptimized(NioEventLoop.java:724)
	at io.netty.channel.nio.NioEventLoop.processSelectedKeys(NioEventLoop.java:650)
	at io.netty.channel.nio.NioEventLoop.run(NioEventLoop.java:562)
	at io.netty.util.concurrent.SingleThreadEventExecutor$4.run(SingleThreadEventExecutor.java:997)
	at io.netty.util.internal.ThreadExecutorMap$2.run(ThreadExecutorMap.java:74)
	at io.netty.util.concurrent.FastThreadLocalRunnable.run(FastThreadLocalRunnable.java:30)
	at java.base/java.lang.Thread.run(Thread.java:832)
18:56:47.897 [AsyncHttpClient-1-12] DEBUG org.asynchttpclient.netty.channel.ChannelManager - Closing Channel [id: 0x47d21a16, L:/127.0.0.1:62064 - R:localhost/127.0.0.1:62053] 
18:56:47.897 [AsyncHttpClient-1-12] DEBUG org.asynchttpclient.netty.handler.HttpHandler - Channel Closed: [id: 0x47d21a16, L:/127.0.0.1:62064 ! R:localhost/127.0.0.1:62053] with attribute DISCARD
18:56:47.909 [AsyncHttpClient-1-11] DEBUG org.asynchttpclient.netty.handler.HttpHandler - 

Request DefaultFullHttpRequest(decodeResult: success, version: HTTP/1.1, content: EmptyByteBufBE)
DELETE /session/6832b86ed448f4afb939bdc46507230c HTTP/1.1
User-Agent: selenium/4.8.1 (java windows)
Content-Type: application/json; charset=utf-8
host: localhost:18586
accept: */*

Response DefaultHttpResponse(decodeResult: success, version: HTTP/1.1)
HTTP/1.1 200 OK
Content-Length: 14
Content-Type: application/json; charset=utf-8
cache-control: no-cache

18:56:47.910 [AsyncHttpClient-1-11] DEBUG org.asynchttpclient.netty.channel.ChannelManager - Adding key: http://localhost:18586 for channel [id: 0x78f21d64, L:/127.0.0.1:62052 - R:localhost/127.0.0.1:18586]
18:56:47.955 [AsyncHttpClient-1-11] DEBUG org.asynchttpclient.netty.handler.HttpHandler - Channel Closed: [id: 0x78f21d64, L:/127.0.0.1:62052 ! R:localhost/127.0.0.1:18586] with attribute DISCARD
18:56:48.461 [AsyncHttpClient-1-1] DEBUG org.asynchttpclient.netty.channel.DefaultChannelPool - Entry count for : http://localhost:62053 : 1
18:56:48.461 [AsyncHttpClient-1-1] DEBUG org.asynchttpclient.netty.channel.DefaultChannelPool - Entry count for : http://localhost:18586 : 1
18:56:48.461 [AsyncHttpClient-1-1] DEBUG org.asynchttpclient.netty.channel.DefaultChannelPool - Adding Candidate expired Channel [id: 0x47d21a16, L:/127.0.0.1:62064 ! R:localhost/127.0.0.1:62053] isIdleTimeoutExpired=false isRemotelyClosed=true isTtlExpired=false
18:56:48.461 [AsyncHttpClient-1-1] DEBUG org.asynchttpclient.netty.channel.DefaultChannelPool - Closing Idle Channel [id: 0x47d21a16, L:/127.0.0.1:62064 ! R:localhost/127.0.0.1:62053]
18:56:48.461 [AsyncHttpClient-1-1] DEBUG org.asynchttpclient.netty.channel.DefaultChannelPool - Adding Candidate expired Channel [id: 0x78f21d64, L:/127.0.0.1:62052 ! R:localhost/127.0.0.1:18586] isIdleTimeoutExpired=false isRemotelyClosed=true isTtlExpired=false
18:56:48.461 [AsyncHttpClient-1-1] DEBUG org.asynchttpclient.netty.channel.DefaultChannelPool - Closing Idle Channel [id: 0x78f21d64, L:/127.0.0.1:62052 ! R:localhost/127.0.0.1:18586]
18:56:48.461 [AsyncHttpClient-1-1] DEBUG org.asynchttpclient.netty.channel.DefaultChannelPool - Closed 2 connections out of 2 in 0 ms
]]></system-out>
    <system-err><![CDATA[Starting ChromeDriver 114.0.5735.16 (7e1ff058633f5b79b1cd7479aca585ba385519d8-refs/branch-heads/5735@{#182}) on port 18586
Only local connections are allowed.
Please see https://chromedriver.chromium.org/security-considerations for suggestions on keeping ChromeDriver safe.
ChromeDriver was started successfully.
Jun 26, 2023 6:56:45 PM org.openqa.selenium.devtools.CdpVersionFinder findNearestMatch
WARNING: Unable to find an exact match for CDP version 114, so returning the closest version found: 110
]]></system-err>
  </testcase>
  <testcase name="Admin login without fill password" classname="Login to Sociops Admin Account" time="3.322">
    <system-out><![CDATA[
Scenario: Admin login without fill password &amp#27;[90m# src/test/resources/features/Login.feature:35&amp#27;[0m
18:56:48.497 [main] DEBUG io.cucumber.core.plugin.SerenityReporter - Running feature from file:///C:/Users/WINDOWS%2010/Documents/GitHub/Capstone/sociops_qe_web/src/test/resources/features/Login.feature
18:56:48.499 [main] INFO  - 
  _____   ___   ___   _____     ___   _____     _     ___   _____   ___   ___  
 |_   _| | __| / __| |_   _|   / __| |_   _|   /_\   | _ \ |_   _| | __| |   \ 
   | |   | _|  \__ \   | |     \__ \   | |    / _ \  |   /   | |   | _|  | |) |
   |_|   |___| |___/   |_|     |___/   |_|   /_/ \_\ |_|_\   |_|   |___| |___/ 

Admin login without fill password(login-to-sociops-admin-account;admin-login-without-fill-password)
--------------------------------------------------------------------------------
18:56:48.516 [main] DEBUG net.thucydides.core.steps.StepInterceptor - STARTING STEP: LoginSteps.onTheLoginPage - openPage
18:56:48.558 [main] INFO net.serenitybdd.core.webdriver.driverproviders.ChromeDriverProvider - Starting Chrome driver instance with capabilities:
18:56:48.558 [main] INFO net.serenitybdd.core.webdriver.driverproviders.ChromeDriverProvider - Capabilities {acceptInsecureCerts: false, browserName: chrome, goog:chromeOptions: {args: [remote-allow-origins=*], extensions: []}}
18:56:48.621 [AsyncHttpClient-1-14] DEBUG org.asynchttpclient.netty.channel.NettyConnectListener - Using new Channel '[id: 0xe7551c63, L:/127.0.0.1:62081 - R:localhost/127.0.0.1:15012]' for 'POST' to '/session'
18:56:49.294 [AsyncHttpClient-1-14] DEBUG org.asynchttpclient.netty.handler.HttpHandler - 

Request DefaultHttpRequest(decodeResult: success, version: HTTP/1.1)
POST /session HTTP/1.1
User-Agent: selenium/4.8.1 (java windows)
Content-Length: 507
Content-Type: application/json; charset=utf-8
host: localhost:15012
accept: */*

Response DefaultHttpResponse(decodeResult: success, version: HTTP/1.1)
HTTP/1.1 200 OK
Content-Length: 862
Content-Type: application/json; charset=utf-8
cache-control: no-cache

18:56:49.294 [AsyncHttpClient-1-14] DEBUG org.asynchttpclient.netty.channel.ChannelManager - Adding key: http://localhost:15012 for channel [id: 0xe7551c63, L:/127.0.0.1:62081 - R:localhost/127.0.0.1:15012]
18:56:49.301 [AsyncHttpClient-1-15] DEBUG org.asynchttpclient.netty.channel.NettyConnectListener - Using new Channel '[id: 0x3565938f, L:/127.0.0.1:62090 - R:localhost/127.0.0.1:62082]' for 'GET' to '/json/version'
18:56:49.303 [AsyncHttpClient-1-15] DEBUG org.asynchttpclient.netty.handler.HttpHandler - 

Request DefaultFullHttpRequest(decodeResult: success, version: HTTP/1.1, content: EmptyByteBufBE)
GET /json/version HTTP/1.1
User-Agent: selenium/4.8.1 (java windows)
host: localhost:62082
accept: */*

Response DefaultHttpResponse(decodeResult: success, version: HTTP/1.1)
HTTP/1.1 200 OK
Content-Security-Policy: frame-ancestors 'none'
Content-Length: 424
Content-Type: application/json; charset=UTF-8

18:56:49.303 [AsyncHttpClient-1-15] DEBUG org.asynchttpclient.netty.channel.ChannelManager - Adding key: http://localhost:62082 for channel [id: 0x3565938f, L:/127.0.0.1:62090 - R:localhost/127.0.0.1:62082]
18:56:49.306 [AsyncHttpClient-1-16] DEBUG org.asynchttpclient.netty.channel.NettyConnectListener - Using new Channel '[id: 0xff4cfcaf, L:/127.0.0.1:62091 - R:localhost/127.0.0.1:62082]' for 'GET' to '/devtools/browser/a2fd9f40-8204-47f5-aa21-6cc8e41465d2'
18:56:49.308 [AsyncHttpClient-1-16] DEBUG org.asynchttpclient.netty.handler.WebSocketHandler - 

Request DefaultFullHttpRequest(decodeResult: success, version: HTTP/1.1, content: EmptyByteBufBE)
GET /devtools/browser/a2fd9f40-8204-47f5-aa21-6cc8e41465d2 HTTP/1.1
upgrade: websocket
connection: upgrade
sec-websocket-key: JkIMgqyUe3rTzIb62klsRA==
sec-websocket-version: 13
origin: http://localhost:62082
host: localhost:62082
accept: */*
user-agent: AHC/2.1

Response DefaultHttpResponse(decodeResult: success, version: HTTP/1.1)
HTTP/1.1 101 WebSocket Protocol Handshake
Upgrade: WebSocket
Connection: Upgrade
Sec-WebSocket-Accept: bHP++CWq4f/HPCCt/tvMlMAkBIo=

18:56:49.311 [Forwarding get on session 0177c304d46c4b4d3e1f4d542e5d1b98 to remote] DEBUG org.asynchttpclient.netty.request.NettyRequestSender - Using pooled Channel '[id: 0xe7551c63, L:/127.0.0.1:62081 - R:localhost/127.0.0.1:15012]' for 'POST' to 'http://localhost:15012/session/0177c304d46c4b4d3e1f4d542e5d1b98/url'
18:56:49.311 [Forwarding get on session 0177c304d46c4b4d3e1f4d542e5d1b98 to remote] DEBUG org.asynchttpclient.netty.request.NettyRequestSender - Using open Channel [id: 0xe7551c63, L:/127.0.0.1:62081 - R:localhost/127.0.0.1:15012] for POST '/session/0177c304d46c4b4d3e1f4d542e5d1b98/url'
18:56:49.561 [AsyncHttpClient-1-1] DEBUG org.asynchttpclient.netty.channel.DefaultChannelPool - Entry count for : http://localhost:62082 : 1
18:56:49.927 [AsyncHttpClient-1-14] DEBUG org.asynchttpclient.netty.handler.HttpHandler - 

Request DefaultHttpRequest(decodeResult: success, version: HTTP/1.1)
POST /session/0177c304d46c4b4d3e1f4d542e5d1b98/url HTTP/1.1
User-Agent: selenium/4.8.1 (java windows)
Content-Length: 63
Content-Type: application/json; charset=utf-8
host: localhost:15012
accept: */*

Response DefaultHttpResponse(decodeResult: success, version: HTTP/1.1)
HTTP/1.1 200 OK
Content-Length: 14
Content-Type: application/json; charset=utf-8
cache-control: no-cache

18:56:49.928 [AsyncHttpClient-1-14] DEBUG org.asynchttpclient.netty.channel.ChannelManager - Adding key: http://localhost:15012 for channel [id: 0xe7551c63, L:/127.0.0.1:62081 - R:localhost/127.0.0.1:15012]
18:56:49.928 [Forwarding setTimeout on session 0177c304d46c4b4d3e1f4d542e5d1b98 to remote] DEBUG org.asynchttpclient.netty.request.NettyRequestSender - Using pooled Channel '[id: 0xe7551c63, L:/127.0.0.1:62081 - R:localhost/127.0.0.1:15012]' for 'POST' to 'http://localhost:15012/session/0177c304d46c4b4d3e1f4d542e5d1b98/timeouts'
18:56:49.928 [Forwarding setTimeout on session 0177c304d46c4b4d3e1f4d542e5d1b98 to remote] DEBUG org.asynchttpclient.netty.request.NettyRequestSender - Using open Channel [id: 0xe7551c63, L:/127.0.0.1:62081 - R:localhost/127.0.0.1:15012] for POST '/session/0177c304d46c4b4d3e1f4d542e5d1b98/timeouts'
18:56:49.929 [AsyncHttpClient-1-14] DEBUG org.asynchttpclient.netty.handler.HttpHandler - 

Request DefaultHttpRequest(decodeResult: success, version: HTTP/1.1)
POST /session/0177c304d46c4b4d3e1f4d542e5d1b98/timeouts HTTP/1.1
User-Agent: selenium/4.8.1 (java windows)
Content-Length: 22
Content-Type: application/json; charset=utf-8
host: localhost:15012
accept: */*

Response DefaultHttpResponse(decodeResult: success, version: HTTP/1.1)
HTTP/1.1 200 OK
Content-Length: 14
Content-Type: application/json; charset=utf-8
cache-control: no-cache

18:56:49.930 [AsyncHttpClient-1-14] DEBUG org.asynchttpclient.netty.channel.ChannelManager - Adding key: http://localhost:15012 for channel [id: 0xe7551c63, L:/127.0.0.1:62081 - R:localhost/127.0.0.1:15012]
18:56:49.935 [Forwarding getAlertText on session 0177c304d46c4b4d3e1f4d542e5d1b98 to remote] DEBUG org.asynchttpclient.netty.request.NettyRequestSender - Using pooled Channel '[id: 0xe7551c63, L:/127.0.0.1:62081 - R:localhost/127.0.0.1:15012]' for 'GET' to 'http://localhost:15012/session/0177c304d46c4b4d3e1f4d542e5d1b98/alert/text'
18:56:49.935 [Forwarding getAlertText on session 0177c304d46c4b4d3e1f4d542e5d1b98 to remote] DEBUG org.asynchttpclient.netty.request.NettyRequestSender - Using open Channel [id: 0xe7551c63, L:/127.0.0.1:62081 - R:localhost/127.0.0.1:15012] for GET '/session/0177c304d46c4b4d3e1f4d542e5d1b98/alert/text'
18:56:49.937 [AsyncHttpClient-1-14] DEBUG org.asynchttpclient.netty.handler.HttpHandler - 

Request DefaultFullHttpRequest(decodeResult: success, version: HTTP/1.1, content: EmptyByteBufBE)
GET /session/0177c304d46c4b4d3e1f4d542e5d1b98/alert/text HTTP/1.1
User-Agent: selenium/4.8.1 (java windows)
Cache-Control: no-cache
Content-Type: application/json; charset=utf-8
host: localhost:15012
accept: */*

Response DefaultHttpResponse(decodeResult: success, version: HTTP/1.1)
HTTP/1.1 404 Not Found
Content-Length: 821
Content-Type: application/json; charset=utf-8
cache-control: no-cache

18:56:49.937 [AsyncHttpClient-1-14] DEBUG org.asynchttpclient.netty.channel.ChannelManager - Adding key: http://localhost:15012 for channel [id: 0xe7551c63, L:/127.0.0.1:62081 - R:localhost/127.0.0.1:15012]
18:56:49.938 [Forwarding getCurrentUrl on session 0177c304d46c4b4d3e1f4d542e5d1b98 to remote] DEBUG org.asynchttpclient.netty.request.NettyRequestSender - Using pooled Channel '[id: 0xe7551c63, L:/127.0.0.1:62081 - R:localhost/127.0.0.1:15012]' for 'GET' to 'http://localhost:15012/session/0177c304d46c4b4d3e1f4d542e5d1b98/url'
18:56:49.938 [Forwarding getCurrentUrl on session 0177c304d46c4b4d3e1f4d542e5d1b98 to remote] DEBUG org.asynchttpclient.netty.request.NettyRequestSender - Using open Channel [id: 0xe7551c63, L:/127.0.0.1:62081 - R:localhost/127.0.0.1:15012] for GET '/session/0177c304d46c4b4d3e1f4d542e5d1b98/url'
18:56:49.944 [AsyncHttpClient-1-14] DEBUG org.asynchttpclient.netty.handler.HttpHandler - 

Request DefaultFullHttpRequest(decodeResult: success, version: HTTP/1.1, content: EmptyByteBufBE)
GET /session/0177c304d46c4b4d3e1f4d542e5d1b98/url HTTP/1.1
User-Agent: selenium/4.8.1 (java windows)
Cache-Control: no-cache
Content-Type: application/json; charset=utf-8
host: localhost:15012
accept: */*

Response DefaultHttpResponse(decodeResult: success, version: HTTP/1.1)
HTTP/1.1 200 OK
Content-Length: 45
Content-Type: application/json; charset=utf-8
cache-control: no-cache

18:56:49.945 [AsyncHttpClient-1-14] DEBUG org.asynchttpclient.netty.channel.ChannelManager - Adding key: http://localhost:15012 for channel [id: 0xe7551c63, L:/127.0.0.1:62081 - R:localhost/127.0.0.1:15012]
18:56:49.946 [Forwarding screenshot on session 0177c304d46c4b4d3e1f4d542e5d1b98 to remote] DEBUG org.asynchttpclient.netty.request.NettyRequestSender - Using pooled Channel '[id: 0xe7551c63, L:/127.0.0.1:62081 - R:localhost/127.0.0.1:15012]' for 'GET' to 'http://localhost:15012/session/0177c304d46c4b4d3e1f4d542e5d1b98/screenshot'
18:56:49.946 [Forwarding screenshot on session 0177c304d46c4b4d3e1f4d542e5d1b98 to remote] DEBUG org.asynchttpclient.netty.request.NettyRequestSender - Using open Channel [id: 0xe7551c63, L:/127.0.0.1:62081 - R:localhost/127.0.0.1:15012] for GET '/session/0177c304d46c4b4d3e1f4d542e5d1b98/screenshot'
18:56:50.167 [AsyncHttpClient-1-14] DEBUG org.asynchttpclient.netty.handler.HttpHandler - 

Request DefaultFullHttpRequest(decodeResult: success, version: HTTP/1.1, content: EmptyByteBufBE)
GET /session/0177c304d46c4b4d3e1f4d542e5d1b98/screenshot HTTP/1.1
User-Agent: selenium/4.8.1 (java windows)
Cache-Control: no-cache
Content-Type: application/json; charset=utf-8
host: localhost:15012
accept: */*

Response DefaultHttpResponse(decodeResult: success, version: HTTP/1.1)
HTTP/1.1 200 OK
Content-Length: 35188
Content-Type: application/json; charset=utf-8
cache-control: no-cache

18:56:50.167 [AsyncHttpClient-1-14] DEBUG org.asynchttpclient.netty.channel.ChannelManager - Adding key: http://localhost:15012 for channel [id: 0xe7551c63, L:/127.0.0.1:62081 - R:localhost/127.0.0.1:15012]
18:56:50.170 [main] DEBUG net.serenitybdd.core.photography.Darkroom - Send negative for processing for target\site\serenity\e1a043f79cde61fd83c796824eb14028e2e774bcf48939784252612fe1cf5b50.png
18:56:50.171 [main] DEBUG net.thucydides.core.steps.StepInterceptor - STEP DONE: openPage
  &amp#27;[32mGiven &amp#27;[0m&amp#27;[32mI am on the sociops login page&amp#27;[0m      &amp#27;[90m# starter.stepdefinitions.LoginSteps.onTheLoginPage()&amp#27;[0m
18:56:50.176 [Forwarding getPageSource on session 0177c304d46c4b4d3e1f4d542e5d1b98 to remote] DEBUG org.asynchttpclient.netty.request.NettyRequestSender - Using pooled Channel '[id: 0xe7551c63, L:/127.0.0.1:62081 - R:localhost/127.0.0.1:15012]' for 'POST' to 'http://localhost:15012/session/0177c304d46c4b4d3e1f4d542e5d1b98/execute/sync'
18:56:50.176 [Forwarding getPageSource on session 0177c304d46c4b4d3e1f4d542e5d1b98 to remote] DEBUG org.asynchttpclient.netty.request.NettyRequestSender - Using open Channel [id: 0xe7551c63, L:/127.0.0.1:62081 - R:localhost/127.0.0.1:15012] for POST '/session/0177c304d46c4b4d3e1f4d542e5d1b98/execute/sync'
18:56:50.182 [AsyncHttpClient-1-14] DEBUG org.asynchttpclient.netty.handler.HttpHandler - 

Request DefaultHttpRequest(decodeResult: success, version: HTTP/1.1)
POST /session/0177c304d46c4b4d3e1f4d542e5d1b98/execute/sync HTTP/1.1
User-Agent: selenium/4.8.1 (java windows)
Content-Length: 176
Content-Type: application/json; charset=utf-8
host: localhost:15012
accept: */*

Response DefaultHttpResponse(decodeResult: success, version: HTTP/1.1)
HTTP/1.1 200 OK
Content-Length: 9538
Content-Type: application/json; charset=utf-8
cache-control: no-cache

18:56:50.182 [AsyncHttpClient-1-14] DEBUG org.asynchttpclient.netty.channel.ChannelManager - Adding key: http://localhost:15012 for channel [id: 0xe7551c63, L:/127.0.0.1:62081 - R:localhost/127.0.0.1:15012]
18:56:50.183 [Forwarding getCurrentUrl on session 0177c304d46c4b4d3e1f4d542e5d1b98 to remote] DEBUG org.asynchttpclient.netty.request.NettyRequestSender - Using pooled Channel '[id: 0xe7551c63, L:/127.0.0.1:62081 - R:localhost/127.0.0.1:15012]' for 'GET' to 'http://localhost:15012/session/0177c304d46c4b4d3e1f4d542e5d1b98/url'
18:56:50.183 [Forwarding getCurrentUrl on session 0177c304d46c4b4d3e1f4d542e5d1b98 to remote] DEBUG org.asynchttpclient.netty.request.NettyRequestSender - Using open Channel [id: 0xe7551c63, L:/127.0.0.1:62081 - R:localhost/127.0.0.1:15012] for GET '/session/0177c304d46c4b4d3e1f4d542e5d1b98/url'
18:56:50.187 [AsyncHttpClient-1-14] DEBUG org.asynchttpclient.netty.handler.HttpHandler - 

Request DefaultFullHttpRequest(decodeResult: success, version: HTTP/1.1, content: EmptyByteBufBE)
GET /session/0177c304d46c4b4d3e1f4d542e5d1b98/url HTTP/1.1
User-Agent: selenium/4.8.1 (java windows)
Cache-Control: no-cache
Content-Type: application/json; charset=utf-8
host: localhost:15012
accept: */*

Response DefaultHttpResponse(decodeResult: success, version: HTTP/1.1)
HTTP/1.1 200 OK
Content-Length: 45
Content-Type: application/json; charset=utf-8
cache-control: no-cache

18:56:50.187 [AsyncHttpClient-1-14] DEBUG org.asynchttpclient.netty.channel.ChannelManager - Adding key: http://localhost:15012 for channel [id: 0xe7551c63, L:/127.0.0.1:62081 - R:localhost/127.0.0.1:15012]
18:56:50.194 [Forwarding getPageSource on session 0177c304d46c4b4d3e1f4d542e5d1b98 to remote] DEBUG org.asynchttpclient.netty.request.NettyRequestSender - Using pooled Channel '[id: 0xe7551c63, L:/127.0.0.1:62081 - R:localhost/127.0.0.1:15012]' for 'POST' to 'http://localhost:15012/session/0177c304d46c4b4d3e1f4d542e5d1b98/execute/sync'
18:56:50.194 [Forwarding getPageSource on session 0177c304d46c4b4d3e1f4d542e5d1b98 to remote] DEBUG org.asynchttpclient.netty.request.NettyRequestSender - Using open Channel [id: 0xe7551c63, L:/127.0.0.1:62081 - R:localhost/127.0.0.1:15012] for POST '/session/0177c304d46c4b4d3e1f4d542e5d1b98/execute/sync'
18:56:50.198 [AsyncHttpClient-1-14] DEBUG org.asynchttpclient.netty.handler.HttpHandler - 

Request DefaultHttpRequest(decodeResult: success, version: HTTP/1.1)
POST /session/0177c304d46c4b4d3e1f4d542e5d1b98/execute/sync HTTP/1.1
User-Agent: selenium/4.8.1 (java windows)
Content-Length: 176
Content-Type: application/json; charset=utf-8
host: localhost:15012
accept: */*

Response DefaultHttpResponse(decodeResult: success, version: HTTP/1.1)
HTTP/1.1 200 OK
Content-Length: 9538
Content-Type: application/json; charset=utf-8
cache-control: no-cache

18:56:50.198 [AsyncHttpClient-1-14] DEBUG org.asynchttpclient.netty.channel.ChannelManager - Adding key: http://localhost:15012 for channel [id: 0xe7551c63, L:/127.0.0.1:62081 - R:localhost/127.0.0.1:15012]
18:56:50.200 [Forwarding getCurrentUrl on session 0177c304d46c4b4d3e1f4d542e5d1b98 to remote] DEBUG org.asynchttpclient.netty.request.NettyRequestSender - Using pooled Channel '[id: 0xe7551c63, L:/127.0.0.1:62081 - R:localhost/127.0.0.1:15012]' for 'GET' to 'http://localhost:15012/session/0177c304d46c4b4d3e1f4d542e5d1b98/url'
18:56:50.200 [Forwarding getCurrentUrl on session 0177c304d46c4b4d3e1f4d542e5d1b98 to remote] DEBUG org.asynchttpclient.netty.request.NettyRequestSender - Using open Channel [id: 0xe7551c63, L:/127.0.0.1:62081 - R:localhost/127.0.0.1:15012] for GET '/session/0177c304d46c4b4d3e1f4d542e5d1b98/url'
18:56:50.203 [AsyncHttpClient-1-14] DEBUG org.asynchttpclient.netty.handler.HttpHandler - 

Request DefaultFullHttpRequest(decodeResult: success, version: HTTP/1.1, content: EmptyByteBufBE)
GET /session/0177c304d46c4b4d3e1f4d542e5d1b98/url HTTP/1.1
User-Agent: selenium/4.8.1 (java windows)
Cache-Control: no-cache
Content-Type: application/json; charset=utf-8
host: localhost:15012
accept: */*

Response DefaultHttpResponse(decodeResult: success, version: HTTP/1.1)
HTTP/1.1 200 OK
Content-Length: 45
Content-Type: application/json; charset=utf-8
cache-control: no-cache

18:56:50.203 [AsyncHttpClient-1-14] DEBUG org.asynchttpclient.netty.channel.ChannelManager - Adding key: http://localhost:15012 for channel [id: 0xe7551c63, L:/127.0.0.1:62081 - R:localhost/127.0.0.1:15012]
18:56:50.205 [main] DEBUG net.thucydides.core.steps.StepInterceptor - STARTING STEP: LoginSteps.inputEmail - inputEmail
18:56:50.206 [Forwarding findElement on session 0177c304d46c4b4d3e1f4d542e5d1b98 to remote] DEBUG org.asynchttpclient.netty.request.NettyRequestSender - Using pooled Channel '[id: 0xe7551c63, L:/127.0.0.1:62081 - R:localhost/127.0.0.1:15012]' for 'POST' to 'http://localhost:15012/session/0177c304d46c4b4d3e1f4d542e5d1b98/element'
18:56:50.206 [Forwarding findElement on session 0177c304d46c4b4d3e1f4d542e5d1b98 to remote] DEBUG org.asynchttpclient.netty.request.NettyRequestSender - Using open Channel [id: 0xe7551c63, L:/127.0.0.1:62081 - R:localhost/127.0.0.1:15012] for POST '/session/0177c304d46c4b4d3e1f4d542e5d1b98/element'
18:56:50.215 [AsyncHttpClient-1-14] DEBUG org.asynchttpclient.netty.handler.HttpHandler - 

Request DefaultHttpRequest(decodeResult: success, version: HTTP/1.1)
POST /session/0177c304d46c4b4d3e1f4d542e5d1b98/element HTTP/1.1
User-Agent: selenium/4.8.1 (java windows)
Content-Length: 59
Content-Type: application/json; charset=utf-8
host: localhost:15012
accept: */*

Response DefaultHttpResponse(decodeResult: success, version: HTTP/1.1)
HTTP/1.1 200 OK
Content-Length: 94
Content-Type: application/json; charset=utf-8
cache-control: no-cache

18:56:50.215 [AsyncHttpClient-1-14] DEBUG org.asynchttpclient.netty.channel.ChannelManager - Adding key: http://localhost:15012 for channel [id: 0xe7551c63, L:/127.0.0.1:62081 - R:localhost/127.0.0.1:15012]
18:56:50.216 [Forwarding clearElement on session 0177c304d46c4b4d3e1f4d542e5d1b98 to remote] DEBUG org.asynchttpclient.netty.request.NettyRequestSender - Using pooled Channel '[id: 0xe7551c63, L:/127.0.0.1:62081 - R:localhost/127.0.0.1:15012]' for 'POST' to 'http://localhost:15012/session/0177c304d46c4b4d3e1f4d542e5d1b98/element/D47D73EC5C250E834E0A4B073CCE8FD6_element_7/clear'
18:56:50.216 [Forwarding clearElement on session 0177c304d46c4b4d3e1f4d542e5d1b98 to remote] DEBUG org.asynchttpclient.netty.request.NettyRequestSender - Using open Channel [id: 0xe7551c63, L:/127.0.0.1:62081 - R:localhost/127.0.0.1:15012] for POST '/session/0177c304d46c4b4d3e1f4d542e5d1b98/element/D47D73EC5C250E834E0A4B073CCE8FD6_element_7/clear'
18:56:50.250 [AsyncHttpClient-1-14] DEBUG org.asynchttpclient.netty.handler.HttpHandler - 

Request DefaultHttpRequest(decodeResult: success, version: HTTP/1.1)
POST /session/0177c304d46c4b4d3e1f4d542e5d1b98/element/D47D73EC5C250E834E0A4B073CCE8FD6_element_7/clear HTTP/1.1
User-Agent: selenium/4.8.1 (java windows)
Content-Length: 56
Content-Type: application/json; charset=utf-8
host: localhost:15012
accept: */*

Response DefaultHttpResponse(decodeResult: success, version: HTTP/1.1)
HTTP/1.1 200 OK
Content-Length: 14
Content-Type: application/json; charset=utf-8
cache-control: no-cache

18:56:50.250 [AsyncHttpClient-1-14] DEBUG org.asynchttpclient.netty.channel.ChannelManager - Adding key: http://localhost:15012 for channel [id: 0xe7551c63, L:/127.0.0.1:62081 - R:localhost/127.0.0.1:15012]
18:56:50.251 [Forwarding sendKeysToElement on session 0177c304d46c4b4d3e1f4d542e5d1b98 to remote] DEBUG org.asynchttpclient.netty.request.NettyRequestSender - Using pooled Channel '[id: 0xe7551c63, L:/127.0.0.1:62081 - R:localhost/127.0.0.1:15012]' for 'POST' to 'http://localhost:15012/session/0177c304d46c4b4d3e1f4d542e5d1b98/element/D47D73EC5C250E834E0A4B073CCE8FD6_element_7/value'
18:56:50.251 [Forwarding sendKeysToElement on session 0177c304d46c4b4d3e1f4d542e5d1b98 to remote] DEBUG org.asynchttpclient.netty.request.NettyRequestSender - Using open Channel [id: 0xe7551c63, L:/127.0.0.1:62081 - R:localhost/127.0.0.1:15012] for POST '/session/0177c304d46c4b4d3e1f4d542e5d1b98/element/D47D73EC5C250E834E0A4B073CCE8FD6_element_7/value'
18:56:50.344 [AsyncHttpClient-1-14] DEBUG org.asynchttpclient.netty.handler.HttpHandler - 

Request DefaultHttpRequest(decodeResult: success, version: HTTP/1.1)
POST /session/0177c304d46c4b4d3e1f4d542e5d1b98/element/D47D73EC5C250E834E0A4B073CCE8FD6_element_7/value HTTP/1.1
User-Agent: selenium/4.8.1 (java windows)
Content-Length: 207
Content-Type: application/json; charset=utf-8
host: localhost:15012
accept: */*

Response DefaultHttpResponse(decodeResult: success, version: HTTP/1.1)
HTTP/1.1 200 OK
Content-Length: 14
Content-Type: application/json; charset=utf-8
cache-control: no-cache

18:56:50.345 [AsyncHttpClient-1-14] DEBUG org.asynchttpclient.netty.channel.ChannelManager - Adding key: http://localhost:15012 for channel [id: 0xe7551c63, L:/127.0.0.1:62081 - R:localhost/127.0.0.1:15012]
18:56:50.348 [Forwarding getAlertText on session 0177c304d46c4b4d3e1f4d542e5d1b98 to remote] DEBUG org.asynchttpclient.netty.request.NettyRequestSender - Using pooled Channel '[id: 0xe7551c63, L:/127.0.0.1:62081 - R:localhost/127.0.0.1:15012]' for 'GET' to 'http://localhost:15012/session/0177c304d46c4b4d3e1f4d542e5d1b98/alert/text'
18:56:50.348 [Forwarding getAlertText on session 0177c304d46c4b4d3e1f4d542e5d1b98 to remote] DEBUG org.asynchttpclient.netty.request.NettyRequestSender - Using open Channel [id: 0xe7551c63, L:/127.0.0.1:62081 - R:localhost/127.0.0.1:15012] for GET '/session/0177c304d46c4b4d3e1f4d542e5d1b98/alert/text'
18:56:50.351 [AsyncHttpClient-1-14] DEBUG org.asynchttpclient.netty.handler.HttpHandler - 

Request DefaultFullHttpRequest(decodeResult: success, version: HTTP/1.1, content: EmptyByteBufBE)
GET /session/0177c304d46c4b4d3e1f4d542e5d1b98/alert/text HTTP/1.1
User-Agent: selenium/4.8.1 (java windows)
Cache-Control: no-cache
Content-Type: application/json; charset=utf-8
host: localhost:15012
accept: */*

Response DefaultHttpResponse(decodeResult: success, version: HTTP/1.1)
HTTP/1.1 404 Not Found
Content-Length: 821
Content-Type: application/json; charset=utf-8
cache-control: no-cache

18:56:50.351 [AsyncHttpClient-1-14] DEBUG org.asynchttpclient.netty.channel.ChannelManager - Adding key: http://localhost:15012 for channel [id: 0xe7551c63, L:/127.0.0.1:62081 - R:localhost/127.0.0.1:15012]
18:56:50.352 [Forwarding getCurrentUrl on session 0177c304d46c4b4d3e1f4d542e5d1b98 to remote] DEBUG org.asynchttpclient.netty.request.NettyRequestSender - Using pooled Channel '[id: 0xe7551c63, L:/127.0.0.1:62081 - R:localhost/127.0.0.1:15012]' for 'GET' to 'http://localhost:15012/session/0177c304d46c4b4d3e1f4d542e5d1b98/url'
18:56:50.352 [Forwarding getCurrentUrl on session 0177c304d46c4b4d3e1f4d542e5d1b98 to remote] DEBUG org.asynchttpclient.netty.request.NettyRequestSender - Using open Channel [id: 0xe7551c63, L:/127.0.0.1:62081 - R:localhost/127.0.0.1:15012] for GET '/session/0177c304d46c4b4d3e1f4d542e5d1b98/url'
18:56:50.357 [AsyncHttpClient-1-14] DEBUG org.asynchttpclient.netty.handler.HttpHandler - 

Request DefaultFullHttpRequest(decodeResult: success, version: HTTP/1.1, content: EmptyByteBufBE)
GET /session/0177c304d46c4b4d3e1f4d542e5d1b98/url HTTP/1.1
User-Agent: selenium/4.8.1 (java windows)
Cache-Control: no-cache
Content-Type: application/json; charset=utf-8
host: localhost:15012
accept: */*

Response DefaultHttpResponse(decodeResult: success, version: HTTP/1.1)
HTTP/1.1 200 OK
Content-Length: 45
Content-Type: application/json; charset=utf-8
cache-control: no-cache

18:56:50.357 [AsyncHttpClient-1-14] DEBUG org.asynchttpclient.netty.channel.ChannelManager - Adding key: http://localhost:15012 for channel [id: 0xe7551c63, L:/127.0.0.1:62081 - R:localhost/127.0.0.1:15012]
18:56:50.358 [Forwarding screenshot on session 0177c304d46c4b4d3e1f4d542e5d1b98 to remote] DEBUG org.asynchttpclient.netty.request.NettyRequestSender - Using pooled Channel '[id: 0xe7551c63, L:/127.0.0.1:62081 - R:localhost/127.0.0.1:15012]' for 'GET' to 'http://localhost:15012/session/0177c304d46c4b4d3e1f4d542e5d1b98/screenshot'
18:56:50.358 [Forwarding screenshot on session 0177c304d46c4b4d3e1f4d542e5d1b98 to remote] DEBUG org.asynchttpclient.netty.request.NettyRequestSender - Using open Channel [id: 0xe7551c63, L:/127.0.0.1:62081 - R:localhost/127.0.0.1:15012] for GET '/session/0177c304d46c4b4d3e1f4d542e5d1b98/screenshot'
18:56:50.469 [AsyncHttpClient-1-14] DEBUG org.asynchttpclient.netty.handler.HttpHandler - 

Request DefaultFullHttpRequest(decodeResult: success, version: HTTP/1.1, content: EmptyByteBufBE)
GET /session/0177c304d46c4b4d3e1f4d542e5d1b98/screenshot HTTP/1.1
User-Agent: selenium/4.8.1 (java windows)
Cache-Control: no-cache
Content-Type: application/json; charset=utf-8
host: localhost:15012
accept: */*

Response DefaultHttpResponse(decodeResult: success, version: HTTP/1.1)
HTTP/1.1 200 OK
Content-Length: 39320
Content-Type: application/json; charset=utf-8
cache-control: no-cache

18:56:50.469 [AsyncHttpClient-1-14] DEBUG org.asynchttpclient.netty.channel.ChannelManager - Adding key: http://localhost:15012 for channel [id: 0xe7551c63, L:/127.0.0.1:62081 - R:localhost/127.0.0.1:15012]
18:56:50.471 [main] DEBUG net.serenitybdd.core.photography.Darkroom - Send negative for processing for target\site\serenity\0a78271d4cd45ebe50b780dcb158cfe353407df2b7f600becedaa923f5ce3bd7.png
18:56:50.471 [main] DEBUG net.thucydides.core.steps.StepInterceptor - STEP DONE: inputEmail
  &amp#27;[32mAnd &amp#27;[0m&amp#27;[32mI type correct email&amp#27;[0m                  &amp#27;[90m# starter.stepdefinitions.LoginSteps.inputEmail()&amp#27;[0m
18:56:50.478 [Forwarding getPageSource on session 0177c304d46c4b4d3e1f4d542e5d1b98 to remote] DEBUG org.asynchttpclient.netty.request.NettyRequestSender - Using pooled Channel '[id: 0xe7551c63, L:/127.0.0.1:62081 - R:localhost/127.0.0.1:15012]' for 'POST' to 'http://localhost:15012/session/0177c304d46c4b4d3e1f4d542e5d1b98/execute/sync'
18:56:50.478 [Forwarding getPageSource on session 0177c304d46c4b4d3e1f4d542e5d1b98 to remote] DEBUG org.asynchttpclient.netty.request.NettyRequestSender - Using open Channel [id: 0xe7551c63, L:/127.0.0.1:62081 - R:localhost/127.0.0.1:15012] for POST '/session/0177c304d46c4b4d3e1f4d542e5d1b98/execute/sync'
18:56:50.484 [AsyncHttpClient-1-14] DEBUG org.asynchttpclient.netty.handler.HttpHandler - 

Request DefaultHttpRequest(decodeResult: success, version: HTTP/1.1)
POST /session/0177c304d46c4b4d3e1f4d542e5d1b98/execute/sync HTTP/1.1
User-Agent: selenium/4.8.1 (java windows)
Content-Length: 176
Content-Type: application/json; charset=utf-8
host: localhost:15012
accept: */*

Response DefaultHttpResponse(decodeResult: success, version: HTTP/1.1)
HTTP/1.1 200 OK
Content-Length: 9550
Content-Type: application/json; charset=utf-8
cache-control: no-cache

18:56:50.484 [AsyncHttpClient-1-14] DEBUG org.asynchttpclient.netty.channel.ChannelManager - Adding key: http://localhost:15012 for channel [id: 0xe7551c63, L:/127.0.0.1:62081 - R:localhost/127.0.0.1:15012]
18:56:50.486 [Forwarding getCurrentUrl on session 0177c304d46c4b4d3e1f4d542e5d1b98 to remote] DEBUG org.asynchttpclient.netty.request.NettyRequestSender - Using pooled Channel '[id: 0xe7551c63, L:/127.0.0.1:62081 - R:localhost/127.0.0.1:15012]' for 'GET' to 'http://localhost:15012/session/0177c304d46c4b4d3e1f4d542e5d1b98/url'
18:56:50.486 [Forwarding getCurrentUrl on session 0177c304d46c4b4d3e1f4d542e5d1b98 to remote] DEBUG org.asynchttpclient.netty.request.NettyRequestSender - Using open Channel [id: 0xe7551c63, L:/127.0.0.1:62081 - R:localhost/127.0.0.1:15012] for GET '/session/0177c304d46c4b4d3e1f4d542e5d1b98/url'
18:56:50.492 [AsyncHttpClient-1-14] DEBUG org.asynchttpclient.netty.handler.HttpHandler - 

Request DefaultFullHttpRequest(decodeResult: success, version: HTTP/1.1, content: EmptyByteBufBE)
GET /session/0177c304d46c4b4d3e1f4d542e5d1b98/url HTTP/1.1
User-Agent: selenium/4.8.1 (java windows)
Cache-Control: no-cache
Content-Type: application/json; charset=utf-8
host: localhost:15012
accept: */*

Response DefaultHttpResponse(decodeResult: success, version: HTTP/1.1)
HTTP/1.1 200 OK
Content-Length: 45
Content-Type: application/json; charset=utf-8
cache-control: no-cache

18:56:50.492 [AsyncHttpClient-1-14] DEBUG org.asynchttpclient.netty.channel.ChannelManager - Adding key: http://localhost:15012 for channel [id: 0xe7551c63, L:/127.0.0.1:62081 - R:localhost/127.0.0.1:15012]
18:56:50.503 [Forwarding getPageSource on session 0177c304d46c4b4d3e1f4d542e5d1b98 to remote] DEBUG org.asynchttpclient.netty.request.NettyRequestSender - Using pooled Channel '[id: 0xe7551c63, L:/127.0.0.1:62081 - R:localhost/127.0.0.1:15012]' for 'POST' to 'http://localhost:15012/session/0177c304d46c4b4d3e1f4d542e5d1b98/execute/sync'
18:56:50.503 [Forwarding getPageSource on session 0177c304d46c4b4d3e1f4d542e5d1b98 to remote] DEBUG org.asynchttpclient.netty.request.NettyRequestSender - Using open Channel [id: 0xe7551c63, L:/127.0.0.1:62081 - R:localhost/127.0.0.1:15012] for POST '/session/0177c304d46c4b4d3e1f4d542e5d1b98/execute/sync'
18:56:50.509 [AsyncHttpClient-1-14] DEBUG org.asynchttpclient.netty.handler.HttpHandler - 

Request DefaultHttpRequest(decodeResult: success, version: HTTP/1.1)
POST /session/0177c304d46c4b4d3e1f4d542e5d1b98/execute/sync HTTP/1.1
User-Agent: selenium/4.8.1 (java windows)
Content-Length: 176
Content-Type: application/json; charset=utf-8
host: localhost:15012
accept: */*

Response DefaultHttpResponse(decodeResult: success, version: HTTP/1.1)
HTTP/1.1 200 OK
Content-Length: 9550
Content-Type: application/json; charset=utf-8
cache-control: no-cache

18:56:50.509 [AsyncHttpClient-1-14] DEBUG org.asynchttpclient.netty.channel.ChannelManager - Adding key: http://localhost:15012 for channel [id: 0xe7551c63, L:/127.0.0.1:62081 - R:localhost/127.0.0.1:15012]
18:56:50.511 [Forwarding getCurrentUrl on session 0177c304d46c4b4d3e1f4d542e5d1b98 to remote] DEBUG org.asynchttpclient.netty.request.NettyRequestSender - Using pooled Channel '[id: 0xe7551c63, L:/127.0.0.1:62081 - R:localhost/127.0.0.1:15012]' for 'GET' to 'http://localhost:15012/session/0177c304d46c4b4d3e1f4d542e5d1b98/url'
18:56:50.512 [Forwarding getCurrentUrl on session 0177c304d46c4b4d3e1f4d542e5d1b98 to remote] DEBUG org.asynchttpclient.netty.request.NettyRequestSender - Using open Channel [id: 0xe7551c63, L:/127.0.0.1:62081 - R:localhost/127.0.0.1:15012] for GET '/session/0177c304d46c4b4d3e1f4d542e5d1b98/url'
18:56:50.515 [AsyncHttpClient-1-14] DEBUG org.asynchttpclient.netty.handler.HttpHandler - 

Request DefaultFullHttpRequest(decodeResult: success, version: HTTP/1.1, content: EmptyByteBufBE)
GET /session/0177c304d46c4b4d3e1f4d542e5d1b98/url HTTP/1.1
User-Agent: selenium/4.8.1 (java windows)
Cache-Control: no-cache
Content-Type: application/json; charset=utf-8
host: localhost:15012
accept: */*

Response DefaultHttpResponse(decodeResult: success, version: HTTP/1.1)
HTTP/1.1 200 OK
Content-Length: 45
Content-Type: application/json; charset=utf-8
cache-control: no-cache

18:56:50.515 [AsyncHttpClient-1-14] DEBUG org.asynchttpclient.netty.channel.ChannelManager - Adding key: http://localhost:15012 for channel [id: 0xe7551c63, L:/127.0.0.1:62081 - R:localhost/127.0.0.1:15012]
18:56:50.518 [main] DEBUG net.thucydides.core.steps.StepInterceptor - STARTING STEP: LoginSteps.inputNothingPassword - inputPassword
18:56:50.523 [Forwarding findElement on session 0177c304d46c4b4d3e1f4d542e5d1b98 to remote] DEBUG org.asynchttpclient.netty.request.NettyRequestSender - Using pooled Channel '[id: 0xe7551c63, L:/127.0.0.1:62081 - R:localhost/127.0.0.1:15012]' for 'POST' to 'http://localhost:15012/session/0177c304d46c4b4d3e1f4d542e5d1b98/element'
18:56:50.523 [Forwarding findElement on session 0177c304d46c4b4d3e1f4d542e5d1b98 to remote] DEBUG org.asynchttpclient.netty.request.NettyRequestSender - Using open Channel [id: 0xe7551c63, L:/127.0.0.1:62081 - R:localhost/127.0.0.1:15012] for POST '/session/0177c304d46c4b4d3e1f4d542e5d1b98/element'
18:56:50.536 [AsyncHttpClient-1-14] DEBUG org.asynchttpclient.netty.handler.HttpHandler - 

Request DefaultHttpRequest(decodeResult: success, version: HTTP/1.1)
POST /session/0177c304d46c4b4d3e1f4d542e5d1b98/element HTTP/1.1
User-Agent: selenium/4.8.1 (java windows)
Content-Length: 62
Content-Type: application/json; charset=utf-8
host: localhost:15012
accept: */*

Response DefaultHttpResponse(decodeResult: success, version: HTTP/1.1)
HTTP/1.1 200 OK
Content-Length: 94
Content-Type: application/json; charset=utf-8
cache-control: no-cache

18:56:50.536 [AsyncHttpClient-1-14] DEBUG org.asynchttpclient.netty.channel.ChannelManager - Adding key: http://localhost:15012 for channel [id: 0xe7551c63, L:/127.0.0.1:62081 - R:localhost/127.0.0.1:15012]
18:56:50.537 [Forwarding clearElement on session 0177c304d46c4b4d3e1f4d542e5d1b98 to remote] DEBUG org.asynchttpclient.netty.request.NettyRequestSender - Using pooled Channel '[id: 0xe7551c63, L:/127.0.0.1:62081 - R:localhost/127.0.0.1:15012]' for 'POST' to 'http://localhost:15012/session/0177c304d46c4b4d3e1f4d542e5d1b98/element/D47D73EC5C250E834E0A4B073CCE8FD6_element_2/clear'
18:56:50.537 [Forwarding clearElement on session 0177c304d46c4b4d3e1f4d542e5d1b98 to remote] DEBUG org.asynchttpclient.netty.request.NettyRequestSender - Using open Channel [id: 0xe7551c63, L:/127.0.0.1:62081 - R:localhost/127.0.0.1:15012] for POST '/session/0177c304d46c4b4d3e1f4d542e5d1b98/element/D47D73EC5C250E834E0A4B073CCE8FD6_element_2/clear'
18:56:50.558 [AsyncHttpClient-1-14] DEBUG org.asynchttpclient.netty.handler.HttpHandler - 

Request DefaultHttpRequest(decodeResult: success, version: HTTP/1.1)
POST /session/0177c304d46c4b4d3e1f4d542e5d1b98/element/D47D73EC5C250E834E0A4B073CCE8FD6_element_2/clear HTTP/1.1
User-Agent: selenium/4.8.1 (java windows)
Content-Length: 56
Content-Type: application/json; charset=utf-8
host: localhost:15012
accept: */*

Response DefaultHttpResponse(decodeResult: success, version: HTTP/1.1)
HTTP/1.1 200 OK
Content-Length: 14
Content-Type: application/json; charset=utf-8
cache-control: no-cache

18:56:50.558 [AsyncHttpClient-1-14] DEBUG org.asynchttpclient.netty.channel.ChannelManager - Adding key: http://localhost:15012 for channel [id: 0xe7551c63, L:/127.0.0.1:62081 - R:localhost/127.0.0.1:15012]
18:56:50.561 [Forwarding sendKeysToElement on session 0177c304d46c4b4d3e1f4d542e5d1b98 to remote] DEBUG org.asynchttpclient.netty.request.NettyRequestSender - Using pooled Channel '[id: 0xe7551c63, L:/127.0.0.1:62081 - R:localhost/127.0.0.1:15012]' for 'POST' to 'http://localhost:15012/session/0177c304d46c4b4d3e1f4d542e5d1b98/element/D47D73EC5C250E834E0A4B073CCE8FD6_element_2/value'
18:56:50.561 [Forwarding sendKeysToElement on session 0177c304d46c4b4d3e1f4d542e5d1b98 to remote] DEBUG org.asynchttpclient.netty.request.NettyRequestSender - Using open Channel [id: 0xe7551c63, L:/127.0.0.1:62081 - R:localhost/127.0.0.1:15012] for POST '/session/0177c304d46c4b4d3e1f4d542e5d1b98/element/D47D73EC5C250E834E0A4B073CCE8FD6_element_2/value'
18:56:50.601 [AsyncHttpClient-1-14] DEBUG org.asynchttpclient.netty.handler.HttpHandler - 

Request DefaultHttpRequest(decodeResult: success, version: HTTP/1.1)
POST /session/0177c304d46c4b4d3e1f4d542e5d1b98/element/D47D73EC5C250E834E0A4B073CCE8FD6_element_2/value HTTP/1.1
User-Agent: selenium/4.8.1 (java windows)
Content-Length: 88
Content-Type: application/json; charset=utf-8
host: localhost:15012
accept: */*

Response DefaultHttpResponse(decodeResult: success, version: HTTP/1.1)
HTTP/1.1 200 OK
Content-Length: 14
Content-Type: application/json; charset=utf-8
cache-control: no-cache

18:56:50.601 [AsyncHttpClient-1-14] DEBUG org.asynchttpclient.netty.channel.ChannelManager - Adding key: http://localhost:15012 for channel [id: 0xe7551c63, L:/127.0.0.1:62081 - R:localhost/127.0.0.1:15012]
18:56:50.607 [Forwarding getAlertText on session 0177c304d46c4b4d3e1f4d542e5d1b98 to remote] DEBUG org.asynchttpclient.netty.request.NettyRequestSender - Using pooled Channel '[id: 0xe7551c63, L:/127.0.0.1:62081 - R:localhost/127.0.0.1:15012]' for 'GET' to 'http://localhost:15012/session/0177c304d46c4b4d3e1f4d542e5d1b98/alert/text'
18:56:50.607 [Forwarding getAlertText on session 0177c304d46c4b4d3e1f4d542e5d1b98 to remote] DEBUG org.asynchttpclient.netty.request.NettyRequestSender - Using open Channel [id: 0xe7551c63, L:/127.0.0.1:62081 - R:localhost/127.0.0.1:15012] for GET '/session/0177c304d46c4b4d3e1f4d542e5d1b98/alert/text'
18:56:50.609 [AsyncHttpClient-1-14] DEBUG org.asynchttpclient.netty.handler.HttpHandler - 

Request DefaultFullHttpRequest(decodeResult: success, version: HTTP/1.1, content: EmptyByteBufBE)
GET /session/0177c304d46c4b4d3e1f4d542e5d1b98/alert/text HTTP/1.1
User-Agent: selenium/4.8.1 (java windows)
Cache-Control: no-cache
Content-Type: application/json; charset=utf-8
host: localhost:15012
accept: */*

Response DefaultHttpResponse(decodeResult: success, version: HTTP/1.1)
HTTP/1.1 404 Not Found
Content-Length: 821
Content-Type: application/json; charset=utf-8
cache-control: no-cache

18:56:50.609 [AsyncHttpClient-1-14] DEBUG org.asynchttpclient.netty.channel.ChannelManager - Adding key: http://localhost:15012 for channel [id: 0xe7551c63, L:/127.0.0.1:62081 - R:localhost/127.0.0.1:15012]
18:56:50.610 [Forwarding getCurrentUrl on session 0177c304d46c4b4d3e1f4d542e5d1b98 to remote] DEBUG org.asynchttpclient.netty.request.NettyRequestSender - Using pooled Channel '[id: 0xe7551c63, L:/127.0.0.1:62081 - R:localhost/127.0.0.1:15012]' for 'GET' to 'http://localhost:15012/session/0177c304d46c4b4d3e1f4d542e5d1b98/url'
18:56:50.610 [Forwarding getCurrentUrl on session 0177c304d46c4b4d3e1f4d542e5d1b98 to remote] DEBUG org.asynchttpclient.netty.request.NettyRequestSender - Using open Channel [id: 0xe7551c63, L:/127.0.0.1:62081 - R:localhost/127.0.0.1:15012] for GET '/session/0177c304d46c4b4d3e1f4d542e5d1b98/url'
18:56:50.616 [AsyncHttpClient-1-14] DEBUG org.asynchttpclient.netty.handler.HttpHandler - 

Request DefaultFullHttpRequest(decodeResult: success, version: HTTP/1.1, content: EmptyByteBufBE)
GET /session/0177c304d46c4b4d3e1f4d542e5d1b98/url HTTP/1.1
User-Agent: selenium/4.8.1 (java windows)
Cache-Control: no-cache
Content-Type: application/json; charset=utf-8
host: localhost:15012
accept: */*

Response DefaultHttpResponse(decodeResult: success, version: HTTP/1.1)
HTTP/1.1 200 OK
Content-Length: 45
Content-Type: application/json; charset=utf-8
cache-control: no-cache

18:56:50.616 [AsyncHttpClient-1-14] DEBUG org.asynchttpclient.netty.channel.ChannelManager - Adding key: http://localhost:15012 for channel [id: 0xe7551c63, L:/127.0.0.1:62081 - R:localhost/127.0.0.1:15012]
18:56:50.618 [Forwarding screenshot on session 0177c304d46c4b4d3e1f4d542e5d1b98 to remote] DEBUG org.asynchttpclient.netty.request.NettyRequestSender - Using pooled Channel '[id: 0xe7551c63, L:/127.0.0.1:62081 - R:localhost/127.0.0.1:15012]' for 'GET' to 'http://localhost:15012/session/0177c304d46c4b4d3e1f4d542e5d1b98/screenshot'
18:56:50.618 [Forwarding screenshot on session 0177c304d46c4b4d3e1f4d542e5d1b98 to remote] DEBUG org.asynchttpclient.netty.request.NettyRequestSender - Using open Channel [id: 0xe7551c63, L:/127.0.0.1:62081 - R:localhost/127.0.0.1:15012] for GET '/session/0177c304d46c4b4d3e1f4d542e5d1b98/screenshot'
18:56:50.662 [AsyncHttpClient-1-1] DEBUG org.asynchttpclient.netty.channel.DefaultChannelPool - Entry count for : http://localhost:62082 : 1
18:56:50.720 [AsyncHttpClient-1-14] DEBUG org.asynchttpclient.netty.handler.HttpHandler - 

Request DefaultFullHttpRequest(decodeResult: success, version: HTTP/1.1, content: EmptyByteBufBE)
GET /session/0177c304d46c4b4d3e1f4d542e5d1b98/screenshot HTTP/1.1
User-Agent: selenium/4.8.1 (java windows)
Cache-Control: no-cache
Content-Type: application/json; charset=utf-8
host: localhost:15012
accept: */*

Response DefaultHttpResponse(decodeResult: success, version: HTTP/1.1)
HTTP/1.1 200 OK
Content-Length: 39144
Content-Type: application/json; charset=utf-8
cache-control: no-cache

18:56:50.721 [AsyncHttpClient-1-14] DEBUG org.asynchttpclient.netty.channel.ChannelManager - Adding key: http://localhost:15012 for channel [id: 0xe7551c63, L:/127.0.0.1:62081 - R:localhost/127.0.0.1:15012]
18:56:50.723 [main] DEBUG net.serenitybdd.core.photography.Darkroom - Send negative for processing for target\site\serenity\d93eb3c21bdcfa9b5995e1e90ecd8e46e50d5c0f3c806817c9b27aa1ac360f1c.png
18:56:50.723 [main] DEBUG net.thucydides.core.steps.StepInterceptor - STEP DONE: inputPassword
18:56:50.723 [Darkroom Processing Line] DEBUG net.serenitybdd.core.photography.DarkroomProcessingLine - Processing screenshot image in /var/screenshots/screenshot-12771940039198233238
18:56:50.723 [Darkroom Processing Line] DEBUG net.serenitybdd.core.photography.DarkroomProcessingLine - Saving screenshot to target\site\serenity\d93eb3c21bdcfa9b5995e1e90ecd8e46e50d5c0f3c806817c9b27aa1ac360f1c.png
  &amp#27;[32mAnd &amp#27;[0m&amp#27;[32mI type nothing in password field&amp#27;[0m      &amp#27;[90m# starter.stepdefinitions.LoginSteps.inputNothingPassword()&amp#27;[0m
18:56:50.733 [Forwarding getPageSource on session 0177c304d46c4b4d3e1f4d542e5d1b98 to remote] DEBUG org.asynchttpclient.netty.request.NettyRequestSender - Using pooled Channel '[id: 0xe7551c63, L:/127.0.0.1:62081 - R:localhost/127.0.0.1:15012]' for 'POST' to 'http://localhost:15012/session/0177c304d46c4b4d3e1f4d542e5d1b98/execute/sync'
18:56:50.733 [Forwarding getPageSource on session 0177c304d46c4b4d3e1f4d542e5d1b98 to remote] DEBUG org.asynchttpclient.netty.request.NettyRequestSender - Using open Channel [id: 0xe7551c63, L:/127.0.0.1:62081 - R:localhost/127.0.0.1:15012] for POST '/session/0177c304d46c4b4d3e1f4d542e5d1b98/execute/sync'
18:56:50.738 [AsyncHttpClient-1-14] DEBUG org.asynchttpclient.netty.handler.HttpHandler - 

Request DefaultHttpRequest(decodeResult: success, version: HTTP/1.1)
POST /session/0177c304d46c4b4d3e1f4d542e5d1b98/execute/sync HTTP/1.1
User-Agent: selenium/4.8.1 (java windows)
Content-Length: 176
Content-Type: application/json; charset=utf-8
host: localhost:15012
accept: */*

Response DefaultHttpResponse(decodeResult: success, version: HTTP/1.1)
HTTP/1.1 200 OK
Content-Length: 9550
Content-Type: application/json; charset=utf-8
cache-control: no-cache

18:56:50.738 [AsyncHttpClient-1-14] DEBUG org.asynchttpclient.netty.channel.ChannelManager - Adding key: http://localhost:15012 for channel [id: 0xe7551c63, L:/127.0.0.1:62081 - R:localhost/127.0.0.1:15012]
18:56:50.740 [Forwarding getCurrentUrl on session 0177c304d46c4b4d3e1f4d542e5d1b98 to remote] DEBUG org.asynchttpclient.netty.request.NettyRequestSender - Using pooled Channel '[id: 0xe7551c63, L:/127.0.0.1:62081 - R:localhost/127.0.0.1:15012]' for 'GET' to 'http://localhost:15012/session/0177c304d46c4b4d3e1f4d542e5d1b98/url'
18:56:50.740 [Forwarding getCurrentUrl on session 0177c304d46c4b4d3e1f4d542e5d1b98 to remote] DEBUG org.asynchttpclient.netty.request.NettyRequestSender - Using open Channel [id: 0xe7551c63, L:/127.0.0.1:62081 - R:localhost/127.0.0.1:15012] for GET '/session/0177c304d46c4b4d3e1f4d542e5d1b98/url'
18:56:50.743 [AsyncHttpClient-1-14] DEBUG org.asynchttpclient.netty.handler.HttpHandler - 

Request DefaultFullHttpRequest(decodeResult: success, version: HTTP/1.1, content: EmptyByteBufBE)
GET /session/0177c304d46c4b4d3e1f4d542e5d1b98/url HTTP/1.1
User-Agent: selenium/4.8.1 (java windows)
Cache-Control: no-cache
Content-Type: application/json; charset=utf-8
host: localhost:15012
accept: */*

Response DefaultHttpResponse(decodeResult: success, version: HTTP/1.1)
HTTP/1.1 200 OK
Content-Length: 45
Content-Type: application/json; charset=utf-8
cache-control: no-cache

18:56:50.743 [AsyncHttpClient-1-14] DEBUG org.asynchttpclient.netty.channel.ChannelManager - Adding key: http://localhost:15012 for channel [id: 0xe7551c63, L:/127.0.0.1:62081 - R:localhost/127.0.0.1:15012]
18:56:50.750 [Forwarding getPageSource on session 0177c304d46c4b4d3e1f4d542e5d1b98 to remote] DEBUG org.asynchttpclient.netty.request.NettyRequestSender - Using pooled Channel '[id: 0xe7551c63, L:/127.0.0.1:62081 - R:localhost/127.0.0.1:15012]' for 'POST' to 'http://localhost:15012/session/0177c304d46c4b4d3e1f4d542e5d1b98/execute/sync'
18:56:50.750 [Forwarding getPageSource on session 0177c304d46c4b4d3e1f4d542e5d1b98 to remote] DEBUG org.asynchttpclient.netty.request.NettyRequestSender - Using open Channel [id: 0xe7551c63, L:/127.0.0.1:62081 - R:localhost/127.0.0.1:15012] for POST '/session/0177c304d46c4b4d3e1f4d542e5d1b98/execute/sync'
18:56:50.755 [AsyncHttpClient-1-14] DEBUG org.asynchttpclient.netty.handler.HttpHandler - 

Request DefaultHttpRequest(decodeResult: success, version: HTTP/1.1)
POST /session/0177c304d46c4b4d3e1f4d542e5d1b98/execute/sync HTTP/1.1
User-Agent: selenium/4.8.1 (java windows)
Content-Length: 176
Content-Type: application/json; charset=utf-8
host: localhost:15012
accept: */*

Response DefaultHttpResponse(decodeResult: success, version: HTTP/1.1)
HTTP/1.1 200 OK
Content-Length: 9550
Content-Type: application/json; charset=utf-8
cache-control: no-cache

18:56:50.755 [AsyncHttpClient-1-14] DEBUG org.asynchttpclient.netty.channel.ChannelManager - Adding key: http://localhost:15012 for channel [id: 0xe7551c63, L:/127.0.0.1:62081 - R:localhost/127.0.0.1:15012]
18:56:50.758 [Forwarding getCurrentUrl on session 0177c304d46c4b4d3e1f4d542e5d1b98 to remote] DEBUG org.asynchttpclient.netty.request.NettyRequestSender - Using pooled Channel '[id: 0xe7551c63, L:/127.0.0.1:62081 - R:localhost/127.0.0.1:15012]' for 'GET' to 'http://localhost:15012/session/0177c304d46c4b4d3e1f4d542e5d1b98/url'
18:56:50.758 [Forwarding getCurrentUrl on session 0177c304d46c4b4d3e1f4d542e5d1b98 to remote] DEBUG org.asynchttpclient.netty.request.NettyRequestSender - Using open Channel [id: 0xe7551c63, L:/127.0.0.1:62081 - R:localhost/127.0.0.1:15012] for GET '/session/0177c304d46c4b4d3e1f4d542e5d1b98/url'
18:56:50.762 [AsyncHttpClient-1-14] DEBUG org.asynchttpclient.netty.handler.HttpHandler - 

Request DefaultFullHttpRequest(decodeResult: success, version: HTTP/1.1, content: EmptyByteBufBE)
GET /session/0177c304d46c4b4d3e1f4d542e5d1b98/url HTTP/1.1
User-Agent: selenium/4.8.1 (java windows)
Cache-Control: no-cache
Content-Type: application/json; charset=utf-8
host: localhost:15012
accept: */*

Response DefaultHttpResponse(decodeResult: success, version: HTTP/1.1)
HTTP/1.1 200 OK
Content-Length: 45
Content-Type: application/json; charset=utf-8
cache-control: no-cache

18:56:50.762 [AsyncHttpClient-1-14] DEBUG org.asynchttpclient.netty.channel.ChannelManager - Adding key: http://localhost:15012 for channel [id: 0xe7551c63, L:/127.0.0.1:62081 - R:localhost/127.0.0.1:15012]
18:56:50.763 [main] DEBUG net.thucydides.core.steps.StepInterceptor - STARTING STEP: LoginSteps.clickLoginButton - clickLoginButton
18:56:50.764 [Forwarding findElement on session 0177c304d46c4b4d3e1f4d542e5d1b98 to remote] DEBUG org.asynchttpclient.netty.request.NettyRequestSender - Using pooled Channel '[id: 0xe7551c63, L:/127.0.0.1:62081 - R:localhost/127.0.0.1:15012]' for 'POST' to 'http://localhost:15012/session/0177c304d46c4b4d3e1f4d542e5d1b98/element'
18:56:50.764 [Forwarding findElement on session 0177c304d46c4b4d3e1f4d542e5d1b98 to remote] DEBUG org.asynchttpclient.netty.request.NettyRequestSender - Using open Channel [id: 0xe7551c63, L:/127.0.0.1:62081 - R:localhost/127.0.0.1:15012] for POST '/session/0177c304d46c4b4d3e1f4d542e5d1b98/element'
18:56:50.774 [AsyncHttpClient-1-14] DEBUG org.asynchttpclient.netty.handler.HttpHandler - 

Request DefaultHttpRequest(decodeResult: success, version: HTTP/1.1)
POST /session/0177c304d46c4b4d3e1f4d542e5d1b98/element HTTP/1.1
User-Agent: selenium/4.8.1 (java windows)
Content-Length: 63
Content-Type: application/json; charset=utf-8
host: localhost:15012
accept: */*

Response DefaultHttpResponse(decodeResult: success, version: HTTP/1.1)
HTTP/1.1 200 OK
Content-Length: 95
Content-Type: application/json; charset=utf-8
cache-control: no-cache

18:56:50.775 [AsyncHttpClient-1-14] DEBUG org.asynchttpclient.netty.channel.ChannelManager - Adding key: http://localhost:15012 for channel [id: 0xe7551c63, L:/127.0.0.1:62081 - R:localhost/127.0.0.1:15012]
18:56:50.775 [Forwarding getElementTagName on session 0177c304d46c4b4d3e1f4d542e5d1b98 to remote] DEBUG org.asynchttpclient.netty.request.NettyRequestSender - Using pooled Channel '[id: 0xe7551c63, L:/127.0.0.1:62081 - R:localhost/127.0.0.1:15012]' for 'GET' to 'http://localhost:15012/session/0177c304d46c4b4d3e1f4d542e5d1b98/element/D47D73EC5C250E834E0A4B073CCE8FD6_element_11/name'
18:56:50.775 [Forwarding getElementTagName on session 0177c304d46c4b4d3e1f4d542e5d1b98 to remote] DEBUG org.asynchttpclient.netty.request.NettyRequestSender - Using open Channel [id: 0xe7551c63, L:/127.0.0.1:62081 - R:localhost/127.0.0.1:15012] for GET '/session/0177c304d46c4b4d3e1f4d542e5d1b98/element/D47D73EC5C250E834E0A4B073CCE8FD6_element_11/name'
18:56:50.780 [AsyncHttpClient-1-14] DEBUG org.asynchttpclient.netty.handler.HttpHandler - 

Request DefaultFullHttpRequest(decodeResult: success, version: HTTP/1.1, content: EmptyByteBufBE)
GET /session/0177c304d46c4b4d3e1f4d542e5d1b98/element/D47D73EC5C250E834E0A4B073CCE8FD6_element_11/name HTTP/1.1
User-Agent: selenium/4.8.1 (java windows)
Cache-Control: no-cache
Content-Type: application/json; charset=utf-8
host: localhost:15012
accept: */*

Response DefaultHttpResponse(decodeResult: success, version: HTTP/1.1)
HTTP/1.1 200 OK
Content-Length: 18
Content-Type: application/json; charset=utf-8
cache-control: no-cache

18:56:50.780 [AsyncHttpClient-1-14] DEBUG org.asynchttpclient.netty.channel.ChannelManager - Adding key: http://localhost:15012 for channel [id: 0xe7551c63, L:/127.0.0.1:62081 - R:localhost/127.0.0.1:15012]
18:56:50.782 [Forwarding getElementTagName on session 0177c304d46c4b4d3e1f4d542e5d1b98 to remote] DEBUG org.asynchttpclient.netty.request.NettyRequestSender - Using pooled Channel '[id: 0xe7551c63, L:/127.0.0.1:62081 - R:localhost/127.0.0.1:15012]' for 'GET' to 'http://localhost:15012/session/0177c304d46c4b4d3e1f4d542e5d1b98/element/D47D73EC5C250E834E0A4B073CCE8FD6_element_11/name'
18:56:50.782 [Forwarding getElementTagName on session 0177c304d46c4b4d3e1f4d542e5d1b98 to remote] DEBUG org.asynchttpclient.netty.request.NettyRequestSender - Using open Channel [id: 0xe7551c63, L:/127.0.0.1:62081 - R:localhost/127.0.0.1:15012] for GET '/session/0177c304d46c4b4d3e1f4d542e5d1b98/element/D47D73EC5C250E834E0A4B073CCE8FD6_element_11/name'
18:56:50.785 [AsyncHttpClient-1-14] DEBUG org.asynchttpclient.netty.handler.HttpHandler - 

Request DefaultFullHttpRequest(decodeResult: success, version: HTTP/1.1, content: EmptyByteBufBE)
GET /session/0177c304d46c4b4d3e1f4d542e5d1b98/element/D47D73EC5C250E834E0A4B073CCE8FD6_element_11/name HTTP/1.1
User-Agent: selenium/4.8.1 (java windows)
Cache-Control: no-cache
Content-Type: application/json; charset=utf-8
host: localhost:15012
accept: */*

Response DefaultHttpResponse(decodeResult: success, version: HTTP/1.1)
HTTP/1.1 200 OK
Content-Length: 18
Content-Type: application/json; charset=utf-8
cache-control: no-cache

18:56:50.785 [AsyncHttpClient-1-14] DEBUG org.asynchttpclient.netty.channel.ChannelManager - Adding key: http://localhost:15012 for channel [id: 0xe7551c63, L:/127.0.0.1:62081 - R:localhost/127.0.0.1:15012]
18:56:50.789 [Forwarding isElementEnabled on session 0177c304d46c4b4d3e1f4d542e5d1b98 to remote] DEBUG org.asynchttpclient.netty.request.NettyRequestSender - Using pooled Channel '[id: 0xe7551c63, L:/127.0.0.1:62081 - R:localhost/127.0.0.1:15012]' for 'GET' to 'http://localhost:15012/session/0177c304d46c4b4d3e1f4d542e5d1b98/element/D47D73EC5C250E834E0A4B073CCE8FD6_element_11/enabled'
18:56:50.789 [Forwarding isElementEnabled on session 0177c304d46c4b4d3e1f4d542e5d1b98 to remote] DEBUG org.asynchttpclient.netty.request.NettyRequestSender - Using open Channel [id: 0xe7551c63, L:/127.0.0.1:62081 - R:localhost/127.0.0.1:15012] for GET '/session/0177c304d46c4b4d3e1f4d542e5d1b98/element/D47D73EC5C250E834E0A4B073CCE8FD6_element_11/enabled'
18:56:50.794 [AsyncHttpClient-1-14] DEBUG org.asynchttpclient.netty.handler.HttpHandler - 

Request DefaultFullHttpRequest(decodeResult: success, version: HTTP/1.1, content: EmptyByteBufBE)
GET /session/0177c304d46c4b4d3e1f4d542e5d1b98/element/D47D73EC5C250E834E0A4B073CCE8FD6_element_11/enabled HTTP/1.1
User-Agent: selenium/4.8.1 (java windows)
Cache-Control: no-cache
Content-Type: application/json; charset=utf-8
host: localhost:15012
accept: */*

Response DefaultHttpResponse(decodeResult: success, version: HTTP/1.1)
HTTP/1.1 200 OK
Content-Length: 14
Content-Type: application/json; charset=utf-8
cache-control: no-cache

18:56:50.795 [AsyncHttpClient-1-14] DEBUG org.asynchttpclient.netty.channel.ChannelManager - Adding key: http://localhost:15012 for channel [id: 0xe7551c63, L:/127.0.0.1:62081 - R:localhost/127.0.0.1:15012]
18:56:50.795 [Forwarding isElementEnabled on session 0177c304d46c4b4d3e1f4d542e5d1b98 to remote] DEBUG org.asynchttpclient.netty.request.NettyRequestSender - Using pooled Channel '[id: 0xe7551c63, L:/127.0.0.1:62081 - R:localhost/127.0.0.1:15012]' for 'GET' to 'http://localhost:15012/session/0177c304d46c4b4d3e1f4d542e5d1b98/element/D47D73EC5C250E834E0A4B073CCE8FD6_element_11/enabled'
18:56:50.796 [Forwarding isElementEnabled on session 0177c304d46c4b4d3e1f4d542e5d1b98 to remote] DEBUG org.asynchttpclient.netty.request.NettyRequestSender - Using open Channel [id: 0xe7551c63, L:/127.0.0.1:62081 - R:localhost/127.0.0.1:15012] for GET '/session/0177c304d46c4b4d3e1f4d542e5d1b98/element/D47D73EC5C250E834E0A4B073CCE8FD6_element_11/enabled'
18:56:50.801 [AsyncHttpClient-1-14] DEBUG org.asynchttpclient.netty.handler.HttpHandler - 

Request DefaultFullHttpRequest(decodeResult: success, version: HTTP/1.1, content: EmptyByteBufBE)
GET /session/0177c304d46c4b4d3e1f4d542e5d1b98/element/D47D73EC5C250E834E0A4B073CCE8FD6_element_11/enabled HTTP/1.1
User-Agent: selenium/4.8.1 (java windows)
Cache-Control: no-cache
Content-Type: application/json; charset=utf-8
host: localhost:15012
accept: */*

Response DefaultHttpResponse(decodeResult: success, version: HTTP/1.1)
HTTP/1.1 200 OK
Content-Length: 14
Content-Type: application/json; charset=utf-8
cache-control: no-cache

18:56:50.801 [AsyncHttpClient-1-14] DEBUG org.asynchttpclient.netty.channel.ChannelManager - Adding key: http://localhost:15012 for channel [id: 0xe7551c63, L:/127.0.0.1:62081 - R:localhost/127.0.0.1:15012]
18:56:50.802 [Forwarding findElement on session 0177c304d46c4b4d3e1f4d542e5d1b98 to remote] DEBUG org.asynchttpclient.netty.request.NettyRequestSender - Using pooled Channel '[id: 0xe7551c63, L:/127.0.0.1:62081 - R:localhost/127.0.0.1:15012]' for 'POST' to 'http://localhost:15012/session/0177c304d46c4b4d3e1f4d542e5d1b98/element'
18:56:50.802 [Forwarding findElement on session 0177c304d46c4b4d3e1f4d542e5d1b98 to remote] DEBUG org.asynchttpclient.netty.request.NettyRequestSender - Using open Channel [id: 0xe7551c63, L:/127.0.0.1:62081 - R:localhost/127.0.0.1:15012] for POST '/session/0177c304d46c4b4d3e1f4d542e5d1b98/element'
18:56:50.811 [AsyncHttpClient-1-14] DEBUG org.asynchttpclient.netty.handler.HttpHandler - 

Request DefaultHttpRequest(decodeResult: success, version: HTTP/1.1)
POST /session/0177c304d46c4b4d3e1f4d542e5d1b98/element HTTP/1.1
User-Agent: selenium/4.8.1 (java windows)
Content-Length: 63
Content-Type: application/json; charset=utf-8
host: localhost:15012
accept: */*

Response DefaultHttpResponse(decodeResult: success, version: HTTP/1.1)
HTTP/1.1 200 OK
Content-Length: 95
Content-Type: application/json; charset=utf-8
cache-control: no-cache

18:56:50.811 [AsyncHttpClient-1-14] DEBUG org.asynchttpclient.netty.channel.ChannelManager - Adding key: http://localhost:15012 for channel [id: 0xe7551c63, L:/127.0.0.1:62081 - R:localhost/127.0.0.1:15012]
18:56:50.812 [Forwarding clickElement on session 0177c304d46c4b4d3e1f4d542e5d1b98 to remote] DEBUG org.asynchttpclient.netty.request.NettyRequestSender - Using pooled Channel '[id: 0xe7551c63, L:/127.0.0.1:62081 - R:localhost/127.0.0.1:15012]' for 'POST' to 'http://localhost:15012/session/0177c304d46c4b4d3e1f4d542e5d1b98/element/D47D73EC5C250E834E0A4B073CCE8FD6_element_11/click'
18:56:50.812 [Forwarding clickElement on session 0177c304d46c4b4d3e1f4d542e5d1b98 to remote] DEBUG org.asynchttpclient.netty.request.NettyRequestSender - Using open Channel [id: 0xe7551c63, L:/127.0.0.1:62081 - R:localhost/127.0.0.1:15012] for POST '/session/0177c304d46c4b4d3e1f4d542e5d1b98/element/D47D73EC5C250E834E0A4B073CCE8FD6_element_11/click'
18:56:50.856 [AsyncHttpClient-1-14] DEBUG org.asynchttpclient.netty.handler.HttpHandler - 

Request DefaultHttpRequest(decodeResult: success, version: HTTP/1.1)
POST /session/0177c304d46c4b4d3e1f4d542e5d1b98/element/D47D73EC5C250E834E0A4B073CCE8FD6_element_11/click HTTP/1.1
User-Agent: selenium/4.8.1 (java windows)
Content-Length: 57
Content-Type: application/json; charset=utf-8
host: localhost:15012
accept: */*

Response DefaultHttpResponse(decodeResult: success, version: HTTP/1.1)
HTTP/1.1 200 OK
Content-Length: 14
Content-Type: application/json; charset=utf-8
cache-control: no-cache

18:56:50.856 [AsyncHttpClient-1-14] DEBUG org.asynchttpclient.netty.channel.ChannelManager - Adding key: http://localhost:15012 for channel [id: 0xe7551c63, L:/127.0.0.1:62081 - R:localhost/127.0.0.1:15012]
18:56:50.861 [Forwarding getAlertText on session 0177c304d46c4b4d3e1f4d542e5d1b98 to remote] DEBUG org.asynchttpclient.netty.request.NettyRequestSender - Using pooled Channel '[id: 0xe7551c63, L:/127.0.0.1:62081 - R:localhost/127.0.0.1:15012]' for 'GET' to 'http://localhost:15012/session/0177c304d46c4b4d3e1f4d542e5d1b98/alert/text'
18:56:50.861 [Forwarding getAlertText on session 0177c304d46c4b4d3e1f4d542e5d1b98 to remote] DEBUG org.asynchttpclient.netty.request.NettyRequestSender - Using open Channel [id: 0xe7551c63, L:/127.0.0.1:62081 - R:localhost/127.0.0.1:15012] for GET '/session/0177c304d46c4b4d3e1f4d542e5d1b98/alert/text'
18:56:50.863 [AsyncHttpClient-1-14] DEBUG org.asynchttpclient.netty.handler.HttpHandler - 

Request DefaultFullHttpRequest(decodeResult: success, version: HTTP/1.1, content: EmptyByteBufBE)
GET /session/0177c304d46c4b4d3e1f4d542e5d1b98/alert/text HTTP/1.1
User-Agent: selenium/4.8.1 (java windows)
Cache-Control: no-cache
Content-Type: application/json; charset=utf-8
host: localhost:15012
accept: */*

Response DefaultHttpResponse(decodeResult: success, version: HTTP/1.1)
HTTP/1.1 404 Not Found
Content-Length: 821
Content-Type: application/json; charset=utf-8
cache-control: no-cache

18:56:50.863 [AsyncHttpClient-1-14] DEBUG org.asynchttpclient.netty.channel.ChannelManager - Adding key: http://localhost:15012 for channel [id: 0xe7551c63, L:/127.0.0.1:62081 - R:localhost/127.0.0.1:15012]
18:56:50.864 [Forwarding getCurrentUrl on session 0177c304d46c4b4d3e1f4d542e5d1b98 to remote] DEBUG org.asynchttpclient.netty.request.NettyRequestSender - Using pooled Channel '[id: 0xe7551c63, L:/127.0.0.1:62081 - R:localhost/127.0.0.1:15012]' for 'GET' to 'http://localhost:15012/session/0177c304d46c4b4d3e1f4d542e5d1b98/url'
18:56:50.864 [Forwarding getCurrentUrl on session 0177c304d46c4b4d3e1f4d542e5d1b98 to remote] DEBUG org.asynchttpclient.netty.request.NettyRequestSender - Using open Channel [id: 0xe7551c63, L:/127.0.0.1:62081 - R:localhost/127.0.0.1:15012] for GET '/session/0177c304d46c4b4d3e1f4d542e5d1b98/url'
18:56:50.868 [AsyncHttpClient-1-14] DEBUG org.asynchttpclient.netty.handler.HttpHandler - 

Request DefaultFullHttpRequest(decodeResult: success, version: HTTP/1.1, content: EmptyByteBufBE)
GET /session/0177c304d46c4b4d3e1f4d542e5d1b98/url HTTP/1.1
User-Agent: selenium/4.8.1 (java windows)
Cache-Control: no-cache
Content-Type: application/json; charset=utf-8
host: localhost:15012
accept: */*

Response DefaultHttpResponse(decodeResult: success, version: HTTP/1.1)
HTTP/1.1 200 OK
Content-Length: 45
Content-Type: application/json; charset=utf-8
cache-control: no-cache

18:56:50.868 [AsyncHttpClient-1-14] DEBUG org.asynchttpclient.netty.channel.ChannelManager - Adding key: http://localhost:15012 for channel [id: 0xe7551c63, L:/127.0.0.1:62081 - R:localhost/127.0.0.1:15012]
18:56:50.870 [Forwarding screenshot on session 0177c304d46c4b4d3e1f4d542e5d1b98 to remote] DEBUG org.asynchttpclient.netty.request.NettyRequestSender - Using pooled Channel '[id: 0xe7551c63, L:/127.0.0.1:62081 - R:localhost/127.0.0.1:15012]' for 'GET' to 'http://localhost:15012/session/0177c304d46c4b4d3e1f4d542e5d1b98/screenshot'
18:56:50.870 [Forwarding screenshot on session 0177c304d46c4b4d3e1f4d542e5d1b98 to remote] DEBUG org.asynchttpclient.netty.request.NettyRequestSender - Using open Channel [id: 0xe7551c63, L:/127.0.0.1:62081 - R:localhost/127.0.0.1:15012] for GET '/session/0177c304d46c4b4d3e1f4d542e5d1b98/screenshot'
18:56:50.971 [AsyncHttpClient-1-14] DEBUG org.asynchttpclient.netty.handler.HttpHandler - 

Request DefaultFullHttpRequest(decodeResult: success, version: HTTP/1.1, content: EmptyByteBufBE)
GET /session/0177c304d46c4b4d3e1f4d542e5d1b98/screenshot HTTP/1.1
User-Agent: selenium/4.8.1 (java windows)
Cache-Control: no-cache
Content-Type: application/json; charset=utf-8
host: localhost:15012
accept: */*

Response DefaultHttpResponse(decodeResult: success, version: HTTP/1.1)
HTTP/1.1 200 OK
Content-Length: 41264
Content-Type: application/json; charset=utf-8
cache-control: no-cache

18:56:50.972 [AsyncHttpClient-1-14] DEBUG org.asynchttpclient.netty.channel.ChannelManager - Adding key: http://localhost:15012 for channel [id: 0xe7551c63, L:/127.0.0.1:62081 - R:localhost/127.0.0.1:15012]
18:56:50.973 [main] DEBUG net.serenitybdd.core.photography.Darkroom - Send negative for processing for target\site\serenity\a7ee964fcba34a41bf10e9acf261181bc7ab2ab2224558cfaf24bbd6ad9264f2.png
18:56:50.974 [main] DEBUG net.thucydides.core.steps.StepInterceptor - STEP DONE: clickLoginButton
  &amp#27;[32mWhen &amp#27;[0m&amp#27;[32mI click on the login button&amp#27;[0m          &amp#27;[90m# starter.stepdefinitions.LoginSteps.clickLoginButton()&amp#27;[0m
18:56:50.974 [Darkroom Processing Line] DEBUG net.serenitybdd.core.photography.DarkroomProcessingLine - Processing screenshot image in /var/screenshots/screenshot-2669768346704658874
18:56:50.974 [Darkroom Processing Line] DEBUG net.serenitybdd.core.photography.DarkroomProcessingLine - Saving screenshot to target\site\serenity\a7ee964fcba34a41bf10e9acf261181bc7ab2ab2224558cfaf24bbd6ad9264f2.png
18:56:50.981 [Forwarding getPageSource on session 0177c304d46c4b4d3e1f4d542e5d1b98 to remote] DEBUG org.asynchttpclient.netty.request.NettyRequestSender - Using pooled Channel '[id: 0xe7551c63, L:/127.0.0.1:62081 - R:localhost/127.0.0.1:15012]' for 'POST' to 'http://localhost:15012/session/0177c304d46c4b4d3e1f4d542e5d1b98/execute/sync'
18:56:50.981 [Forwarding getPageSource on session 0177c304d46c4b4d3e1f4d542e5d1b98 to remote] DEBUG org.asynchttpclient.netty.request.NettyRequestSender - Using open Channel [id: 0xe7551c63, L:/127.0.0.1:62081 - R:localhost/127.0.0.1:15012] for POST '/session/0177c304d46c4b4d3e1f4d542e5d1b98/execute/sync'
18:56:50.987 [AsyncHttpClient-1-14] DEBUG org.asynchttpclient.netty.handler.HttpHandler - 

Request DefaultHttpRequest(decodeResult: success, version: HTTP/1.1)
POST /session/0177c304d46c4b4d3e1f4d542e5d1b98/execute/sync HTTP/1.1
User-Agent: selenium/4.8.1 (java windows)
Content-Length: 176
Content-Type: application/json; charset=utf-8
host: localhost:15012
accept: */*

Response DefaultHttpResponse(decodeResult: success, version: HTTP/1.1)
HTTP/1.1 200 OK
Content-Length: 9636
Content-Type: application/json; charset=utf-8
cache-control: no-cache

18:56:50.987 [AsyncHttpClient-1-14] DEBUG org.asynchttpclient.netty.channel.ChannelManager - Adding key: http://localhost:15012 for channel [id: 0xe7551c63, L:/127.0.0.1:62081 - R:localhost/127.0.0.1:15012]
18:56:50.988 [Forwarding getCurrentUrl on session 0177c304d46c4b4d3e1f4d542e5d1b98 to remote] DEBUG org.asynchttpclient.netty.request.NettyRequestSender - Using pooled Channel '[id: 0xe7551c63, L:/127.0.0.1:62081 - R:localhost/127.0.0.1:15012]' for 'GET' to 'http://localhost:15012/session/0177c304d46c4b4d3e1f4d542e5d1b98/url'
18:56:50.988 [Forwarding getCurrentUrl on session 0177c304d46c4b4d3e1f4d542e5d1b98 to remote] DEBUG org.asynchttpclient.netty.request.NettyRequestSender - Using open Channel [id: 0xe7551c63, L:/127.0.0.1:62081 - R:localhost/127.0.0.1:15012] for GET '/session/0177c304d46c4b4d3e1f4d542e5d1b98/url'
18:56:50.992 [AsyncHttpClient-1-14] DEBUG org.asynchttpclient.netty.handler.HttpHandler - 

Request DefaultFullHttpRequest(decodeResult: success, version: HTTP/1.1, content: EmptyByteBufBE)
GET /session/0177c304d46c4b4d3e1f4d542e5d1b98/url HTTP/1.1
User-Agent: selenium/4.8.1 (java windows)
Cache-Control: no-cache
Content-Type: application/json; charset=utf-8
host: localhost:15012
accept: */*

Response DefaultHttpResponse(decodeResult: success, version: HTTP/1.1)
HTTP/1.1 200 OK
Content-Length: 45
Content-Type: application/json; charset=utf-8
cache-control: no-cache

18:56:50.992 [AsyncHttpClient-1-14] DEBUG org.asynchttpclient.netty.channel.ChannelManager - Adding key: http://localhost:15012 for channel [id: 0xe7551c63, L:/127.0.0.1:62081 - R:localhost/127.0.0.1:15012]
18:56:50.998 [Forwarding getPageSource on session 0177c304d46c4b4d3e1f4d542e5d1b98 to remote] DEBUG org.asynchttpclient.netty.request.NettyRequestSender - Using pooled Channel '[id: 0xe7551c63, L:/127.0.0.1:62081 - R:localhost/127.0.0.1:15012]' for 'POST' to 'http://localhost:15012/session/0177c304d46c4b4d3e1f4d542e5d1b98/execute/sync'
18:56:50.998 [Forwarding getPageSource on session 0177c304d46c4b4d3e1f4d542e5d1b98 to remote] DEBUG org.asynchttpclient.netty.request.NettyRequestSender - Using open Channel [id: 0xe7551c63, L:/127.0.0.1:62081 - R:localhost/127.0.0.1:15012] for POST '/session/0177c304d46c4b4d3e1f4d542e5d1b98/execute/sync'
18:56:51.003 [AsyncHttpClient-1-14] DEBUG org.asynchttpclient.netty.handler.HttpHandler - 

Request DefaultHttpRequest(decodeResult: success, version: HTTP/1.1)
POST /session/0177c304d46c4b4d3e1f4d542e5d1b98/execute/sync HTTP/1.1
User-Agent: selenium/4.8.1 (java windows)
Content-Length: 176
Content-Type: application/json; charset=utf-8
host: localhost:15012
accept: */*

Response DefaultHttpResponse(decodeResult: success, version: HTTP/1.1)
HTTP/1.1 200 OK
Content-Length: 9636
Content-Type: application/json; charset=utf-8
cache-control: no-cache

18:56:51.003 [AsyncHttpClient-1-14] DEBUG org.asynchttpclient.netty.channel.ChannelManager - Adding key: http://localhost:15012 for channel [id: 0xe7551c63, L:/127.0.0.1:62081 - R:localhost/127.0.0.1:15012]
18:56:51.004 [Forwarding getCurrentUrl on session 0177c304d46c4b4d3e1f4d542e5d1b98 to remote] DEBUG org.asynchttpclient.netty.request.NettyRequestSender - Using pooled Channel '[id: 0xe7551c63, L:/127.0.0.1:62081 - R:localhost/127.0.0.1:15012]' for 'GET' to 'http://localhost:15012/session/0177c304d46c4b4d3e1f4d542e5d1b98/url'
18:56:51.004 [Forwarding getCurrentUrl on session 0177c304d46c4b4d3e1f4d542e5d1b98 to remote] DEBUG org.asynchttpclient.netty.request.NettyRequestSender - Using open Channel [id: 0xe7551c63, L:/127.0.0.1:62081 - R:localhost/127.0.0.1:15012] for GET '/session/0177c304d46c4b4d3e1f4d542e5d1b98/url'
18:56:51.009 [AsyncHttpClient-1-14] DEBUG org.asynchttpclient.netty.handler.HttpHandler - 

Request DefaultFullHttpRequest(decodeResult: success, version: HTTP/1.1, content: EmptyByteBufBE)
GET /session/0177c304d46c4b4d3e1f4d542e5d1b98/url HTTP/1.1
User-Agent: selenium/4.8.1 (java windows)
Cache-Control: no-cache
Content-Type: application/json; charset=utf-8
host: localhost:15012
accept: */*

Response DefaultHttpResponse(decodeResult: success, version: HTTP/1.1)
HTTP/1.1 200 OK
Content-Length: 45
Content-Type: application/json; charset=utf-8
cache-control: no-cache

18:56:51.009 [AsyncHttpClient-1-14] DEBUG org.asynchttpclient.netty.channel.ChannelManager - Adding key: http://localhost:15012 for channel [id: 0xe7551c63, L:/127.0.0.1:62081 - R:localhost/127.0.0.1:15012]
18:56:51.011 [main] DEBUG net.thucydides.core.steps.StepInterceptor - STARTING STEP: LoginSteps.checkWarningEmptyPassword - checkWarningEmptyPassword
18:56:51.012 [Forwarding findElement on session 0177c304d46c4b4d3e1f4d542e5d1b98 to remote] DEBUG org.asynchttpclient.netty.request.NettyRequestSender - Using pooled Channel '[id: 0xe7551c63, L:/127.0.0.1:62081 - R:localhost/127.0.0.1:15012]' for 'POST' to 'http://localhost:15012/session/0177c304d46c4b4d3e1f4d542e5d1b98/element'
18:56:51.012 [Forwarding findElement on session 0177c304d46c4b4d3e1f4d542e5d1b98 to remote] DEBUG org.asynchttpclient.netty.request.NettyRequestSender - Using open Channel [id: 0xe7551c63, L:/127.0.0.1:62081 - R:localhost/127.0.0.1:15012] for POST '/session/0177c304d46c4b4d3e1f4d542e5d1b98/element'
18:56:51.022 [AsyncHttpClient-1-14] DEBUG org.asynchttpclient.netty.handler.HttpHandler - 

Request DefaultHttpRequest(decodeResult: success, version: HTTP/1.1)
POST /session/0177c304d46c4b4d3e1f4d542e5d1b98/element HTTP/1.1
User-Agent: selenium/4.8.1 (java windows)
Content-Length: 51
Content-Type: application/json; charset=utf-8
host: localhost:15012
accept: */*

Response DefaultHttpResponse(decodeResult: success, version: HTTP/1.1)
HTTP/1.1 200 OK
Content-Length: 95
Content-Type: application/json; charset=utf-8
cache-control: no-cache

18:56:51.023 [AsyncHttpClient-1-14] DEBUG org.asynchttpclient.netty.channel.ChannelManager - Adding key: http://localhost:15012 for channel [id: 0xe7551c63, L:/127.0.0.1:62081 - R:localhost/127.0.0.1:15012]
18:56:51.025 [Forwarding isElementDisplayed on session 0177c304d46c4b4d3e1f4d542e5d1b98 to remote] DEBUG org.asynchttpclient.netty.request.NettyRequestSender - Using pooled Channel '[id: 0xe7551c63, L:/127.0.0.1:62081 - R:localhost/127.0.0.1:15012]' for 'POST' to 'http://localhost:15012/session/0177c304d46c4b4d3e1f4d542e5d1b98/execute/sync'
18:56:51.025 [Forwarding isElementDisplayed on session 0177c304d46c4b4d3e1f4d542e5d1b98 to remote] DEBUG org.asynchttpclient.netty.request.NettyRequestSender - Using open Channel [id: 0xe7551c63, L:/127.0.0.1:62081 - R:localhost/127.0.0.1:15012] for POST '/session/0177c304d46c4b4d3e1f4d542e5d1b98/execute/sync'
18:56:51.036 [AsyncHttpClient-1-14] DEBUG org.asynchttpclient.netty.handler.HttpHandler - 

Request DefaultHttpRequest(decodeResult: success, version: HTTP/1.1)
POST /session/0177c304d46c4b4d3e1f4d542e5d1b98/execute/sync HTTP/1.1
User-Agent: selenium/4.8.1 (java windows)
Content-Length: 48814
Content-Type: application/json; charset=utf-8
host: localhost:15012
accept: */*

Response DefaultHttpResponse(decodeResult: success, version: HTTP/1.1)
HTTP/1.1 200 OK
Content-Length: 14
Content-Type: application/json; charset=utf-8
cache-control: no-cache

18:56:51.036 [AsyncHttpClient-1-14] DEBUG org.asynchttpclient.netty.channel.ChannelManager - Adding key: http://localhost:15012 for channel [id: 0xe7551c63, L:/127.0.0.1:62081 - R:localhost/127.0.0.1:15012]
18:56:51.040 [Forwarding getAlertText on session 0177c304d46c4b4d3e1f4d542e5d1b98 to remote] DEBUG org.asynchttpclient.netty.request.NettyRequestSender - Using pooled Channel '[id: 0xe7551c63, L:/127.0.0.1:62081 - R:localhost/127.0.0.1:15012]' for 'GET' to 'http://localhost:15012/session/0177c304d46c4b4d3e1f4d542e5d1b98/alert/text'
18:56:51.040 [Forwarding getAlertText on session 0177c304d46c4b4d3e1f4d542e5d1b98 to remote] DEBUG org.asynchttpclient.netty.request.NettyRequestSender - Using open Channel [id: 0xe7551c63, L:/127.0.0.1:62081 - R:localhost/127.0.0.1:15012] for GET '/session/0177c304d46c4b4d3e1f4d542e5d1b98/alert/text'
18:56:51.042 [AsyncHttpClient-1-14] DEBUG org.asynchttpclient.netty.handler.HttpHandler - 

Request DefaultFullHttpRequest(decodeResult: success, version: HTTP/1.1, content: EmptyByteBufBE)
GET /session/0177c304d46c4b4d3e1f4d542e5d1b98/alert/text HTTP/1.1
User-Agent: selenium/4.8.1 (java windows)
Cache-Control: no-cache
Content-Type: application/json; charset=utf-8
host: localhost:15012
accept: */*

Response DefaultHttpResponse(decodeResult: success, version: HTTP/1.1)
HTTP/1.1 404 Not Found
Content-Length: 821
Content-Type: application/json; charset=utf-8
cache-control: no-cache

18:56:51.042 [AsyncHttpClient-1-14] DEBUG org.asynchttpclient.netty.channel.ChannelManager - Adding key: http://localhost:15012 for channel [id: 0xe7551c63, L:/127.0.0.1:62081 - R:localhost/127.0.0.1:15012]
18:56:51.043 [Forwarding getCurrentUrl on session 0177c304d46c4b4d3e1f4d542e5d1b98 to remote] DEBUG org.asynchttpclient.netty.request.NettyRequestSender - Using pooled Channel '[id: 0xe7551c63, L:/127.0.0.1:62081 - R:localhost/127.0.0.1:15012]' for 'GET' to 'http://localhost:15012/session/0177c304d46c4b4d3e1f4d542e5d1b98/url'
18:56:51.043 [Forwarding getCurrentUrl on session 0177c304d46c4b4d3e1f4d542e5d1b98 to remote] DEBUG org.asynchttpclient.netty.request.NettyRequestSender - Using open Channel [id: 0xe7551c63, L:/127.0.0.1:62081 - R:localhost/127.0.0.1:15012] for GET '/session/0177c304d46c4b4d3e1f4d542e5d1b98/url'
18:56:51.050 [AsyncHttpClient-1-14] DEBUG org.asynchttpclient.netty.handler.HttpHandler - 

Request DefaultFullHttpRequest(decodeResult: success, version: HTTP/1.1, content: EmptyByteBufBE)
GET /session/0177c304d46c4b4d3e1f4d542e5d1b98/url HTTP/1.1
User-Agent: selenium/4.8.1 (java windows)
Cache-Control: no-cache
Content-Type: application/json; charset=utf-8
host: localhost:15012
accept: */*

Response DefaultHttpResponse(decodeResult: success, version: HTTP/1.1)
HTTP/1.1 200 OK
Content-Length: 45
Content-Type: application/json; charset=utf-8
cache-control: no-cache

18:56:51.051 [AsyncHttpClient-1-14] DEBUG org.asynchttpclient.netty.channel.ChannelManager - Adding key: http://localhost:15012 for channel [id: 0xe7551c63, L:/127.0.0.1:62081 - R:localhost/127.0.0.1:15012]
18:56:51.052 [Forwarding screenshot on session 0177c304d46c4b4d3e1f4d542e5d1b98 to remote] DEBUG org.asynchttpclient.netty.request.NettyRequestSender - Using pooled Channel '[id: 0xe7551c63, L:/127.0.0.1:62081 - R:localhost/127.0.0.1:15012]' for 'GET' to 'http://localhost:15012/session/0177c304d46c4b4d3e1f4d542e5d1b98/screenshot'
18:56:51.052 [Forwarding screenshot on session 0177c304d46c4b4d3e1f4d542e5d1b98 to remote] DEBUG org.asynchttpclient.netty.request.NettyRequestSender - Using open Channel [id: 0xe7551c63, L:/127.0.0.1:62081 - R:localhost/127.0.0.1:15012] for GET '/session/0177c304d46c4b4d3e1f4d542e5d1b98/screenshot'
18:56:51.156 [AsyncHttpClient-1-14] DEBUG org.asynchttpclient.netty.handler.HttpHandler - 

Request DefaultFullHttpRequest(decodeResult: success, version: HTTP/1.1, content: EmptyByteBufBE)
GET /session/0177c304d46c4b4d3e1f4d542e5d1b98/screenshot HTTP/1.1
User-Agent: selenium/4.8.1 (java windows)
Cache-Control: no-cache
Content-Type: application/json; charset=utf-8
host: localhost:15012
accept: */*

Response DefaultHttpResponse(decodeResult: success, version: HTTP/1.1)
HTTP/1.1 200 OK
Content-Length: 41304
Content-Type: application/json; charset=utf-8
cache-control: no-cache

18:56:51.156 [AsyncHttpClient-1-14] DEBUG org.asynchttpclient.netty.channel.ChannelManager - Adding key: http://localhost:15012 for channel [id: 0xe7551c63, L:/127.0.0.1:62081 - R:localhost/127.0.0.1:15012]
18:56:51.160 [main] DEBUG net.serenitybdd.core.photography.Darkroom - Send negative for processing for target\site\serenity\30623981534b19c56501e35aa0246a77cfeed384c733cb740c5df12fcc94b96c.png
18:56:51.160 [main] DEBUG net.thucydides.core.steps.StepInterceptor - STEP DONE: checkWarningEmptyPassword
18:56:51.160 [Darkroom Processing Line] DEBUG net.serenitybdd.core.photography.DarkroomProcessingLine - Processing screenshot image in /var/screenshots/screenshot-11558900896210973584
18:56:51.160 [Darkroom Processing Line] DEBUG net.serenitybdd.core.photography.DarkroomProcessingLine - Saving screenshot to target\site\serenity\30623981534b19c56501e35aa0246a77cfeed384c733cb740c5df12fcc94b96c.png
  &amp#27;[32mThen &amp#27;[0m&amp#27;[32mI should see empty warning password&amp#27;[0m  &amp#27;[90m# starter.stepdefinitions.LoginSteps.checkWarningEmptyPassword()&amp#27;[0m
18:56:51.166 [main] INFO  - 
  _____   ___   ___   _____     ___     _     ___   ___   ___   ___  
 |_   _| | __| / __| |_   _|   | _ \   /_\   / __| / __| | __| |   \ 
   | |   | _|  \__ \   | |     |  _/  / _ \  \__ \ \__ \ | _|  | |) |
   |_|   |___| |___/   |_|     |_|   /_/ \_\ |___/ |___/ |___| |___/ 

Admin login without fill password
----------------------------------------------------------------------
18:56:51.168 [Driver Command Executor] DEBUG org.asynchttpclient.netty.request.NettyRequestSender - Using pooled Channel '[id: 0xe7551c63, L:/127.0.0.1:62081 - R:localhost/127.0.0.1:15012]' for 'DELETE' to 'http://localhost:15012/session/0177c304d46c4b4d3e1f4d542e5d1b98'
18:56:51.167 [AsyncHttpClient-1-16] DEBUG org.asynchttpclient.netty.handler.WebSocketHandler - Channel Closed: [id: 0xff4cfcaf, L:/127.0.0.1:62091 ! R:localhost/127.0.0.1:62082] with attribute NettyResponseFuture{currentRetry=0,
	isDone=1,
	isCancelled=0,
	asyncHandler=org.asynchttpclient.ws.WebSocketUpgradeHandler@247fda75,
	nettyRequest=org.asynchttpclient.netty.request.NettyRequest@617d509e,
	future=java.util.concurrent.CompletableFuture@72e1ca2d[Completed normally],
	uri=ws://localhost:62082/devtools/browser/a2fd9f40-8204-47f5-aa21-6cc8e41465d2,
	keepAlive=true,
	redirectCount=0,
	timeoutsHolder=null,
	inAuth=0,
	touch=1687780609308}
18:56:51.168 [Driver Command Executor] DEBUG org.asynchttpclient.netty.request.NettyRequestSender - Using open Channel [id: 0xe7551c63, L:/127.0.0.1:62081 - R:localhost/127.0.0.1:15012] for DELETE '/session/0177c304d46c4b4d3e1f4d542e5d1b98'
18:56:51.168 [AsyncHttpClient-1-16] DEBUG org.asynchttpclient.netty.channel.ChannelManager - Closing Channel [id: 0xff4cfcaf, L:/127.0.0.1:62091 ! R:localhost/127.0.0.1:62082] 
18:56:51.206 [AsyncHttpClient-1-15] DEBUG org.asynchttpclient.netty.handler.HttpHandler - Unexpected I/O exception on channel [id: 0x3565938f, L:/127.0.0.1:62090 - R:localhost/127.0.0.1:62082]
java.net.SocketException: Connection reset
	at java.base/sun.nio.ch.SocketChannelImpl.throwConnectionReset(SocketChannelImpl.java:367)
	at java.base/sun.nio.ch.SocketChannelImpl.read(SocketChannelImpl.java:398)
	at io.netty.buffer.PooledByteBuf.setBytes(PooledByteBuf.java:259)
	at io.netty.buffer.AbstractByteBuf.writeBytes(AbstractByteBuf.java:1132)
	at io.netty.channel.socket.nio.NioSocketChannel.doReadBytes(NioSocketChannel.java:357)
	at io.netty.channel.nio.AbstractNioByteChannel$NioByteUnsafe.read(AbstractNioByteChannel.java:151)
	at io.netty.channel.nio.NioEventLoop.processSelectedKey(NioEventLoop.java:788)
	at io.netty.channel.nio.NioEventLoop.processSelectedKeysOptimized(NioEventLoop.java:724)
	at io.netty.channel.nio.NioEventLoop.processSelectedKeys(NioEventLoop.java:650)
	at io.netty.channel.nio.NioEventLoop.run(NioEventLoop.java:562)
	at io.netty.util.concurrent.SingleThreadEventExecutor$4.run(SingleThreadEventExecutor.java:997)
	at io.netty.util.internal.ThreadExecutorMap$2.run(ThreadExecutorMap.java:74)
	at io.netty.util.concurrent.FastThreadLocalRunnable.run(FastThreadLocalRunnable.java:30)
	at java.base/java.lang.Thread.run(Thread.java:832)
18:56:51.206 [AsyncHttpClient-1-15] DEBUG org.asynchttpclient.netty.channel.ChannelManager - Closing Channel [id: 0x3565938f, L:/127.0.0.1:62090 - R:localhost/127.0.0.1:62082] 
18:56:51.207 [AsyncHttpClient-1-15] DEBUG org.asynchttpclient.netty.handler.HttpHandler - Channel Closed: [id: 0x3565938f, L:/127.0.0.1:62090 ! R:localhost/127.0.0.1:62082] with attribute DISCARD
18:56:51.222 [AsyncHttpClient-1-14] DEBUG org.asynchttpclient.netty.handler.HttpHandler - 

Request DefaultFullHttpRequest(decodeResult: success, version: HTTP/1.1, content: EmptyByteBufBE)
DELETE /session/0177c304d46c4b4d3e1f4d542e5d1b98 HTTP/1.1
User-Agent: selenium/4.8.1 (java windows)
Content-Type: application/json; charset=utf-8
host: localhost:15012
accept: */*

Response DefaultHttpResponse(decodeResult: success, version: HTTP/1.1)
HTTP/1.1 200 OK
Content-Length: 14
Content-Type: application/json; charset=utf-8
cache-control: no-cache

18:56:51.222 [AsyncHttpClient-1-14] DEBUG org.asynchttpclient.netty.channel.ChannelManager - Adding key: http://localhost:15012 for channel [id: 0xe7551c63, L:/127.0.0.1:62081 - R:localhost/127.0.0.1:15012]
18:56:51.276 [AsyncHttpClient-1-14] DEBUG org.asynchttpclient.netty.handler.HttpHandler - Channel Closed: [id: 0xe7551c63, L:/127.0.0.1:62081 ! R:localhost/127.0.0.1:15012] with attribute DISCARD
18:56:51.767 [AsyncHttpClient-1-1] DEBUG org.asynchttpclient.netty.channel.DefaultChannelPool - Entry count for : http://localhost:62082 : 1
18:56:51.767 [AsyncHttpClient-1-1] DEBUG org.asynchttpclient.netty.channel.DefaultChannelPool - Entry count for : http://localhost:15012 : 1
18:56:51.767 [AsyncHttpClient-1-1] DEBUG org.asynchttpclient.netty.channel.DefaultChannelPool - Adding Candidate expired Channel [id: 0x3565938f, L:/127.0.0.1:62090 ! R:localhost/127.0.0.1:62082] isIdleTimeoutExpired=false isRemotelyClosed=true isTtlExpired=false
18:56:51.767 [AsyncHttpClient-1-1] DEBUG org.asynchttpclient.netty.channel.DefaultChannelPool - Closing Idle Channel [id: 0x3565938f, L:/127.0.0.1:62090 ! R:localhost/127.0.0.1:62082]
18:56:51.767 [AsyncHttpClient-1-1] DEBUG org.asynchttpclient.netty.channel.DefaultChannelPool - Adding Candidate expired Channel [id: 0xe7551c63, L:/127.0.0.1:62081 ! R:localhost/127.0.0.1:15012] isIdleTimeoutExpired=false isRemotelyClosed=true isTtlExpired=false
18:56:51.767 [AsyncHttpClient-1-1] DEBUG org.asynchttpclient.netty.channel.DefaultChannelPool - Closing Idle Channel [id: 0xe7551c63, L:/127.0.0.1:62081 ! R:localhost/127.0.0.1:15012]
18:56:51.767 [AsyncHttpClient-1-1] DEBUG org.asynchttpclient.netty.channel.DefaultChannelPool - Closed 2 connections out of 2 in 0 ms
]]></system-out>
    <system-err><![CDATA[Starting ChromeDriver 114.0.5735.16 (7e1ff058633f5b79b1cd7479aca585ba385519d8-refs/branch-heads/5735@{#182}) on port 15012
Only local connections are allowed.
Please see https://chromedriver.chromium.org/security-considerations for suggestions on keeping ChromeDriver safe.
ChromeDriver was started successfully.
Jun 26, 2023 6:56:49 PM org.openqa.selenium.devtools.CdpVersionFinder findNearestMatch
WARNING: Unable to find an exact match for CDP version 114, so returning the closest version found: 110
]]></system-err>
  </testcase>
  <testcase name="Admin login without fill email" classname="Login to Sociops Admin Account" time="3.666">
    <system-out><![CDATA[
Scenario: Admin login without fill email &amp#27;[90m# src/test/resources/features/Login.feature:42&amp#27;[0m
18:56:51.819 [main] DEBUG io.cucumber.core.plugin.SerenityReporter - Running feature from file:///C:/Users/WINDOWS%2010/Documents/GitHub/Capstone/sociops_qe_web/src/test/resources/features/Login.feature
18:56:51.821 [main] INFO  - 
  _____   ___   ___   _____     ___   _____     _     ___   _____   ___   ___  
 |_   _| | __| / __| |_   _|   / __| |_   _|   /_\   | _ \ |_   _| | __| |   \ 
   | |   | _|  \__ \   | |     \__ \   | |    / _ \  |   /   | |   | _|  | |) |
   |_|   |___| |___/   |_|     |___/   |_|   /_/ \_\ |_|_\   |_|   |___| |___/ 

Admin login without fill email(login-to-sociops-admin-account;admin-login-without-fill-email)
--------------------------------------------------------------------------------
18:56:51.831 [main] DEBUG net.thucydides.core.steps.StepInterceptor - STARTING STEP: LoginSteps.onTheLoginPage - openPage
18:56:51.861 [main] INFO net.serenitybdd.core.webdriver.driverproviders.ChromeDriverProvider - Starting Chrome driver instance with capabilities:
18:56:51.861 [main] INFO net.serenitybdd.core.webdriver.driverproviders.ChromeDriverProvider - Capabilities {acceptInsecureCerts: false, browserName: chrome, goog:chromeOptions: {args: [remote-allow-origins=*], extensions: []}}
18:56:51.926 [AsyncHttpClient-1-17] DEBUG org.asynchttpclient.netty.channel.NettyConnectListener - Using new Channel '[id: 0x732f6f71, L:/127.0.0.1:62101 - R:localhost/127.0.0.1:41732]' for 'POST' to '/session'
18:56:52.588 [AsyncHttpClient-1-17] DEBUG org.asynchttpclient.netty.handler.HttpHandler - 

Request DefaultHttpRequest(decodeResult: success, version: HTTP/1.1)
POST /session HTTP/1.1
User-Agent: selenium/4.8.1 (java windows)
Content-Length: 507
Content-Type: application/json; charset=utf-8
host: localhost:41732
accept: */*

Response DefaultHttpResponse(decodeResult: success, version: HTTP/1.1)
HTTP/1.1 200 OK
Content-Length: 863
Content-Type: application/json; charset=utf-8
cache-control: no-cache

18:56:52.588 [AsyncHttpClient-1-17] DEBUG org.asynchttpclient.netty.channel.ChannelManager - Adding key: http://localhost:41732 for channel [id: 0x732f6f71, L:/127.0.0.1:62101 - R:localhost/127.0.0.1:41732]
18:56:52.593 [AsyncHttpClient-1-18] DEBUG org.asynchttpclient.netty.channel.NettyConnectListener - Using new Channel '[id: 0xc47d2027, L:/127.0.0.1:62110 - R:localhost/127.0.0.1:62102]' for 'GET' to '/json/version'
18:56:52.596 [AsyncHttpClient-1-18] DEBUG org.asynchttpclient.netty.handler.HttpHandler - 

Request DefaultFullHttpRequest(decodeResult: success, version: HTTP/1.1, content: EmptyByteBufBE)
GET /json/version HTTP/1.1
User-Agent: selenium/4.8.1 (java windows)
host: localhost:62102
accept: */*

Response DefaultHttpResponse(decodeResult: success, version: HTTP/1.1)
HTTP/1.1 200 OK
Content-Security-Policy: frame-ancestors 'none'
Content-Length: 424
Content-Type: application/json; charset=UTF-8

18:56:52.596 [AsyncHttpClient-1-18] DEBUG org.asynchttpclient.netty.channel.ChannelManager - Adding key: http://localhost:62102 for channel [id: 0xc47d2027, L:/127.0.0.1:62110 - R:localhost/127.0.0.1:62102]
18:56:52.598 [AsyncHttpClient-1-19] DEBUG org.asynchttpclient.netty.channel.NettyConnectListener - Using new Channel '[id: 0x166d861a, L:/127.0.0.1:62111 - R:localhost/127.0.0.1:62102]' for 'GET' to '/devtools/browser/3429f082-0638-4b34-b901-14b4be85e2a8'
18:56:52.599 [AsyncHttpClient-1-19] DEBUG org.asynchttpclient.netty.handler.WebSocketHandler - 

Request DefaultFullHttpRequest(decodeResult: success, version: HTTP/1.1, content: EmptyByteBufBE)
GET /devtools/browser/3429f082-0638-4b34-b901-14b4be85e2a8 HTTP/1.1
upgrade: websocket
connection: upgrade
sec-websocket-key: 7okO6MHMKlZp+d8w3qcyYg==
sec-websocket-version: 13
origin: http://localhost:62102
host: localhost:62102
accept: */*
user-agent: AHC/2.1

Response DefaultHttpResponse(decodeResult: success, version: HTTP/1.1)
HTTP/1.1 101 WebSocket Protocol Handshake
Upgrade: WebSocket
Connection: Upgrade
Sec-WebSocket-Accept: uVGcUDjTHJR8fBVy6vkimSt1Zf4=

18:56:52.602 [Forwarding get on session f807bd4fdb9a20f43efcc2f4a53f4a75 to remote] DEBUG org.asynchttpclient.netty.request.NettyRequestSender - Using pooled Channel '[id: 0x732f6f71, L:/127.0.0.1:62101 - R:localhost/127.0.0.1:41732]' for 'POST' to 'http://localhost:41732/session/f807bd4fdb9a20f43efcc2f4a53f4a75/url'
18:56:52.602 [Forwarding get on session f807bd4fdb9a20f43efcc2f4a53f4a75 to remote] DEBUG org.asynchttpclient.netty.request.NettyRequestSender - Using open Channel [id: 0x732f6f71, L:/127.0.0.1:62101 - R:localhost/127.0.0.1:41732] for POST '/session/f807bd4fdb9a20f43efcc2f4a53f4a75/url'
18:56:52.867 [AsyncHttpClient-1-1] DEBUG org.asynchttpclient.netty.channel.DefaultChannelPool - Entry count for : http://localhost:62102 : 1
18:56:53.472 [AsyncHttpClient-1-17] DEBUG org.asynchttpclient.netty.handler.HttpHandler - 

Request DefaultHttpRequest(decodeResult: success, version: HTTP/1.1)
POST /session/f807bd4fdb9a20f43efcc2f4a53f4a75/url HTTP/1.1
User-Agent: selenium/4.8.1 (java windows)
Content-Length: 63
Content-Type: application/json; charset=utf-8
host: localhost:41732
accept: */*

Response DefaultHttpResponse(decodeResult: success, version: HTTP/1.1)
HTTP/1.1 200 OK
Content-Length: 14
Content-Type: application/json; charset=utf-8
cache-control: no-cache

18:56:53.473 [AsyncHttpClient-1-17] DEBUG org.asynchttpclient.netty.channel.ChannelManager - Adding key: http://localhost:41732 for channel [id: 0x732f6f71, L:/127.0.0.1:62101 - R:localhost/127.0.0.1:41732]
18:56:53.475 [Forwarding setTimeout on session f807bd4fdb9a20f43efcc2f4a53f4a75 to remote] DEBUG org.asynchttpclient.netty.request.NettyRequestSender - Using pooled Channel '[id: 0x732f6f71, L:/127.0.0.1:62101 - R:localhost/127.0.0.1:41732]' for 'POST' to 'http://localhost:41732/session/f807bd4fdb9a20f43efcc2f4a53f4a75/timeouts'
18:56:53.475 [Forwarding setTimeout on session f807bd4fdb9a20f43efcc2f4a53f4a75 to remote] DEBUG org.asynchttpclient.netty.request.NettyRequestSender - Using open Channel [id: 0x732f6f71, L:/127.0.0.1:62101 - R:localhost/127.0.0.1:41732] for POST '/session/f807bd4fdb9a20f43efcc2f4a53f4a75/timeouts'
18:56:53.477 [AsyncHttpClient-1-17] DEBUG org.asynchttpclient.netty.handler.HttpHandler - 

Request DefaultHttpRequest(decodeResult: success, version: HTTP/1.1)
POST /session/f807bd4fdb9a20f43efcc2f4a53f4a75/timeouts HTTP/1.1
User-Agent: selenium/4.8.1 (java windows)
Content-Length: 22
Content-Type: application/json; charset=utf-8
host: localhost:41732
accept: */*

Response DefaultHttpResponse(decodeResult: success, version: HTTP/1.1)
HTTP/1.1 200 OK
Content-Length: 14
Content-Type: application/json; charset=utf-8
cache-control: no-cache

18:56:53.477 [AsyncHttpClient-1-17] DEBUG org.asynchttpclient.netty.channel.ChannelManager - Adding key: http://localhost:41732 for channel [id: 0x732f6f71, L:/127.0.0.1:62101 - R:localhost/127.0.0.1:41732]
18:56:53.487 [Forwarding getAlertText on session f807bd4fdb9a20f43efcc2f4a53f4a75 to remote] DEBUG org.asynchttpclient.netty.request.NettyRequestSender - Using pooled Channel '[id: 0x732f6f71, L:/127.0.0.1:62101 - R:localhost/127.0.0.1:41732]' for 'GET' to 'http://localhost:41732/session/f807bd4fdb9a20f43efcc2f4a53f4a75/alert/text'
18:56:53.487 [Forwarding getAlertText on session f807bd4fdb9a20f43efcc2f4a53f4a75 to remote] DEBUG org.asynchttpclient.netty.request.NettyRequestSender - Using open Channel [id: 0x732f6f71, L:/127.0.0.1:62101 - R:localhost/127.0.0.1:41732] for GET '/session/f807bd4fdb9a20f43efcc2f4a53f4a75/alert/text'
18:56:53.490 [AsyncHttpClient-1-17] DEBUG org.asynchttpclient.netty.handler.HttpHandler - 

Request DefaultFullHttpRequest(decodeResult: success, version: HTTP/1.1, content: EmptyByteBufBE)
GET /session/f807bd4fdb9a20f43efcc2f4a53f4a75/alert/text HTTP/1.1
User-Agent: selenium/4.8.1 (java windows)
Cache-Control: no-cache
Content-Type: application/json; charset=utf-8
host: localhost:41732
accept: */*

Response DefaultHttpResponse(decodeResult: success, version: HTTP/1.1)
HTTP/1.1 404 Not Found
Content-Length: 821
Content-Type: application/json; charset=utf-8
cache-control: no-cache

18:56:53.490 [AsyncHttpClient-1-17] DEBUG org.asynchttpclient.netty.channel.ChannelManager - Adding key: http://localhost:41732 for channel [id: 0x732f6f71, L:/127.0.0.1:62101 - R:localhost/127.0.0.1:41732]
18:56:53.492 [Forwarding getCurrentUrl on session f807bd4fdb9a20f43efcc2f4a53f4a75 to remote] DEBUG org.asynchttpclient.netty.request.NettyRequestSender - Using pooled Channel '[id: 0x732f6f71, L:/127.0.0.1:62101 - R:localhost/127.0.0.1:41732]' for 'GET' to 'http://localhost:41732/session/f807bd4fdb9a20f43efcc2f4a53f4a75/url'
18:56:53.492 [Forwarding getCurrentUrl on session f807bd4fdb9a20f43efcc2f4a53f4a75 to remote] DEBUG org.asynchttpclient.netty.request.NettyRequestSender - Using open Channel [id: 0x732f6f71, L:/127.0.0.1:62101 - R:localhost/127.0.0.1:41732] for GET '/session/f807bd4fdb9a20f43efcc2f4a53f4a75/url'
18:56:53.505 [AsyncHttpClient-1-17] DEBUG org.asynchttpclient.netty.handler.HttpHandler - 

Request DefaultFullHttpRequest(decodeResult: success, version: HTTP/1.1, content: EmptyByteBufBE)
GET /session/f807bd4fdb9a20f43efcc2f4a53f4a75/url HTTP/1.1
User-Agent: selenium/4.8.1 (java windows)
Cache-Control: no-cache
Content-Type: application/json; charset=utf-8
host: localhost:41732
accept: */*

Response DefaultHttpResponse(decodeResult: success, version: HTTP/1.1)
HTTP/1.1 200 OK
Content-Length: 45
Content-Type: application/json; charset=utf-8
cache-control: no-cache

18:56:53.505 [AsyncHttpClient-1-17] DEBUG org.asynchttpclient.netty.channel.ChannelManager - Adding key: http://localhost:41732 for channel [id: 0x732f6f71, L:/127.0.0.1:62101 - R:localhost/127.0.0.1:41732]
18:56:53.507 [Forwarding screenshot on session f807bd4fdb9a20f43efcc2f4a53f4a75 to remote] DEBUG org.asynchttpclient.netty.request.NettyRequestSender - Using pooled Channel '[id: 0x732f6f71, L:/127.0.0.1:62101 - R:localhost/127.0.0.1:41732]' for 'GET' to 'http://localhost:41732/session/f807bd4fdb9a20f43efcc2f4a53f4a75/screenshot'
18:56:53.507 [Forwarding screenshot on session f807bd4fdb9a20f43efcc2f4a53f4a75 to remote] DEBUG org.asynchttpclient.netty.request.NettyRequestSender - Using open Channel [id: 0x732f6f71, L:/127.0.0.1:62101 - R:localhost/127.0.0.1:41732] for GET '/session/f807bd4fdb9a20f43efcc2f4a53f4a75/screenshot'
18:56:53.743 [AsyncHttpClient-1-17] DEBUG org.asynchttpclient.netty.handler.HttpHandler - 

Request DefaultFullHttpRequest(decodeResult: success, version: HTTP/1.1, content: EmptyByteBufBE)
GET /session/f807bd4fdb9a20f43efcc2f4a53f4a75/screenshot HTTP/1.1
User-Agent: selenium/4.8.1 (java windows)
Cache-Control: no-cache
Content-Type: application/json; charset=utf-8
host: localhost:41732
accept: */*

Response DefaultHttpResponse(decodeResult: success, version: HTTP/1.1)
HTTP/1.1 200 OK
Content-Length: 35188
Content-Type: application/json; charset=utf-8
cache-control: no-cache

18:56:53.743 [AsyncHttpClient-1-17] DEBUG org.asynchttpclient.netty.channel.ChannelManager - Adding key: http://localhost:41732 for channel [id: 0x732f6f71, L:/127.0.0.1:62101 - R:localhost/127.0.0.1:41732]
18:56:53.745 [main] DEBUG net.serenitybdd.core.photography.Darkroom - Send negative for processing for target\site\serenity\e1a043f79cde61fd83c796824eb14028e2e774bcf48939784252612fe1cf5b50.png
18:56:53.745 [main] DEBUG net.thucydides.core.steps.StepInterceptor - STEP DONE: openPage
  &amp#27;[32mGiven &amp#27;[0m&amp#27;[32mI am on the sociops login page&amp#27;[0m   &amp#27;[90m# starter.stepdefinitions.LoginSteps.onTheLoginPage()&amp#27;[0m
18:56:53.753 [Forwarding getPageSource on session f807bd4fdb9a20f43efcc2f4a53f4a75 to remote] DEBUG org.asynchttpclient.netty.request.NettyRequestSender - Using pooled Channel '[id: 0x732f6f71, L:/127.0.0.1:62101 - R:localhost/127.0.0.1:41732]' for 'POST' to 'http://localhost:41732/session/f807bd4fdb9a20f43efcc2f4a53f4a75/execute/sync'
18:56:53.753 [Forwarding getPageSource on session f807bd4fdb9a20f43efcc2f4a53f4a75 to remote] DEBUG org.asynchttpclient.netty.request.NettyRequestSender - Using open Channel [id: 0x732f6f71, L:/127.0.0.1:62101 - R:localhost/127.0.0.1:41732] for POST '/session/f807bd4fdb9a20f43efcc2f4a53f4a75/execute/sync'
18:56:53.768 [AsyncHttpClient-1-17] DEBUG org.asynchttpclient.netty.handler.HttpHandler - 

Request DefaultHttpRequest(decodeResult: success, version: HTTP/1.1)
POST /session/f807bd4fdb9a20f43efcc2f4a53f4a75/execute/sync HTTP/1.1
User-Agent: selenium/4.8.1 (java windows)
Content-Length: 176
Content-Type: application/json; charset=utf-8
host: localhost:41732
accept: */*

Response DefaultHttpResponse(decodeResult: success, version: HTTP/1.1)
HTTP/1.1 200 OK
Content-Length: 9538
Content-Type: application/json; charset=utf-8
cache-control: no-cache

18:56:53.768 [AsyncHttpClient-1-17] DEBUG org.asynchttpclient.netty.channel.ChannelManager - Adding key: http://localhost:41732 for channel [id: 0x732f6f71, L:/127.0.0.1:62101 - R:localhost/127.0.0.1:41732]
18:56:53.770 [Forwarding getCurrentUrl on session f807bd4fdb9a20f43efcc2f4a53f4a75 to remote] DEBUG org.asynchttpclient.netty.request.NettyRequestSender - Using pooled Channel '[id: 0x732f6f71, L:/127.0.0.1:62101 - R:localhost/127.0.0.1:41732]' for 'GET' to 'http://localhost:41732/session/f807bd4fdb9a20f43efcc2f4a53f4a75/url'
18:56:53.770 [Forwarding getCurrentUrl on session f807bd4fdb9a20f43efcc2f4a53f4a75 to remote] DEBUG org.asynchttpclient.netty.request.NettyRequestSender - Using open Channel [id: 0x732f6f71, L:/127.0.0.1:62101 - R:localhost/127.0.0.1:41732] for GET '/session/f807bd4fdb9a20f43efcc2f4a53f4a75/url'
18:56:53.774 [AsyncHttpClient-1-17] DEBUG org.asynchttpclient.netty.handler.HttpHandler - 

Request DefaultFullHttpRequest(decodeResult: success, version: HTTP/1.1, content: EmptyByteBufBE)
GET /session/f807bd4fdb9a20f43efcc2f4a53f4a75/url HTTP/1.1
User-Agent: selenium/4.8.1 (java windows)
Cache-Control: no-cache
Content-Type: application/json; charset=utf-8
host: localhost:41732
accept: */*

Response DefaultHttpResponse(decodeResult: success, version: HTTP/1.1)
HTTP/1.1 200 OK
Content-Length: 45
Content-Type: application/json; charset=utf-8
cache-control: no-cache

18:56:53.775 [AsyncHttpClient-1-17] DEBUG org.asynchttpclient.netty.channel.ChannelManager - Adding key: http://localhost:41732 for channel [id: 0x732f6f71, L:/127.0.0.1:62101 - R:localhost/127.0.0.1:41732]
18:56:53.784 [Forwarding getPageSource on session f807bd4fdb9a20f43efcc2f4a53f4a75 to remote] DEBUG org.asynchttpclient.netty.request.NettyRequestSender - Using pooled Channel '[id: 0x732f6f71, L:/127.0.0.1:62101 - R:localhost/127.0.0.1:41732]' for 'POST' to 'http://localhost:41732/session/f807bd4fdb9a20f43efcc2f4a53f4a75/execute/sync'
18:56:53.784 [Forwarding getPageSource on session f807bd4fdb9a20f43efcc2f4a53f4a75 to remote] DEBUG org.asynchttpclient.netty.request.NettyRequestSender - Using open Channel [id: 0x732f6f71, L:/127.0.0.1:62101 - R:localhost/127.0.0.1:41732] for POST '/session/f807bd4fdb9a20f43efcc2f4a53f4a75/execute/sync'
18:56:53.790 [AsyncHttpClient-1-17] DEBUG org.asynchttpclient.netty.handler.HttpHandler - 

Request DefaultHttpRequest(decodeResult: success, version: HTTP/1.1)
POST /session/f807bd4fdb9a20f43efcc2f4a53f4a75/execute/sync HTTP/1.1
User-Agent: selenium/4.8.1 (java windows)
Content-Length: 176
Content-Type: application/json; charset=utf-8
host: localhost:41732
accept: */*

Response DefaultHttpResponse(decodeResult: success, version: HTTP/1.1)
HTTP/1.1 200 OK
Content-Length: 9538
Content-Type: application/json; charset=utf-8
cache-control: no-cache

18:56:53.790 [AsyncHttpClient-1-17] DEBUG org.asynchttpclient.netty.channel.ChannelManager - Adding key: http://localhost:41732 for channel [id: 0x732f6f71, L:/127.0.0.1:62101 - R:localhost/127.0.0.1:41732]
18:56:53.792 [Forwarding getCurrentUrl on session f807bd4fdb9a20f43efcc2f4a53f4a75 to remote] DEBUG org.asynchttpclient.netty.request.NettyRequestSender - Using pooled Channel '[id: 0x732f6f71, L:/127.0.0.1:62101 - R:localhost/127.0.0.1:41732]' for 'GET' to 'http://localhost:41732/session/f807bd4fdb9a20f43efcc2f4a53f4a75/url'
18:56:53.792 [Forwarding getCurrentUrl on session f807bd4fdb9a20f43efcc2f4a53f4a75 to remote] DEBUG org.asynchttpclient.netty.request.NettyRequestSender - Using open Channel [id: 0x732f6f71, L:/127.0.0.1:62101 - R:localhost/127.0.0.1:41732] for GET '/session/f807bd4fdb9a20f43efcc2f4a53f4a75/url'
18:56:53.797 [AsyncHttpClient-1-17] DEBUG org.asynchttpclient.netty.handler.HttpHandler - 

Request DefaultFullHttpRequest(decodeResult: success, version: HTTP/1.1, content: EmptyByteBufBE)
GET /session/f807bd4fdb9a20f43efcc2f4a53f4a75/url HTTP/1.1
User-Agent: selenium/4.8.1 (java windows)
Cache-Control: no-cache
Content-Type: application/json; charset=utf-8
host: localhost:41732
accept: */*

Response DefaultHttpResponse(decodeResult: success, version: HTTP/1.1)
HTTP/1.1 200 OK
Content-Length: 45
Content-Type: application/json; charset=utf-8
cache-control: no-cache

18:56:53.797 [AsyncHttpClient-1-17] DEBUG org.asynchttpclient.netty.channel.ChannelManager - Adding key: http://localhost:41732 for channel [id: 0x732f6f71, L:/127.0.0.1:62101 - R:localhost/127.0.0.1:41732]
18:56:53.800 [main] DEBUG net.thucydides.core.steps.StepInterceptor - STARTING STEP: LoginSteps.inputNothingEmail - inputEmail
18:56:53.803 [Forwarding findElement on session f807bd4fdb9a20f43efcc2f4a53f4a75 to remote] DEBUG org.asynchttpclient.netty.request.NettyRequestSender - Using pooled Channel '[id: 0x732f6f71, L:/127.0.0.1:62101 - R:localhost/127.0.0.1:41732]' for 'POST' to 'http://localhost:41732/session/f807bd4fdb9a20f43efcc2f4a53f4a75/element'
18:56:53.803 [Forwarding findElement on session f807bd4fdb9a20f43efcc2f4a53f4a75 to remote] DEBUG org.asynchttpclient.netty.request.NettyRequestSender - Using open Channel [id: 0x732f6f71, L:/127.0.0.1:62101 - R:localhost/127.0.0.1:41732] for POST '/session/f807bd4fdb9a20f43efcc2f4a53f4a75/element'
18:56:53.817 [AsyncHttpClient-1-17] DEBUG org.asynchttpclient.netty.handler.HttpHandler - 

Request DefaultHttpRequest(decodeResult: success, version: HTTP/1.1)
POST /session/f807bd4fdb9a20f43efcc2f4a53f4a75/element HTTP/1.1
User-Agent: selenium/4.8.1 (java windows)
Content-Length: 59
Content-Type: application/json; charset=utf-8
host: localhost:41732
accept: */*

Response DefaultHttpResponse(decodeResult: success, version: HTTP/1.1)
HTTP/1.1 200 OK
Content-Length: 94
Content-Type: application/json; charset=utf-8
cache-control: no-cache

18:56:53.818 [AsyncHttpClient-1-17] DEBUG org.asynchttpclient.netty.channel.ChannelManager - Adding key: http://localhost:41732 for channel [id: 0x732f6f71, L:/127.0.0.1:62101 - R:localhost/127.0.0.1:41732]
18:56:53.819 [Forwarding clearElement on session f807bd4fdb9a20f43efcc2f4a53f4a75 to remote] DEBUG org.asynchttpclient.netty.request.NettyRequestSender - Using pooled Channel '[id: 0x732f6f71, L:/127.0.0.1:62101 - R:localhost/127.0.0.1:41732]' for 'POST' to 'http://localhost:41732/session/f807bd4fdb9a20f43efcc2f4a53f4a75/element/A675733F1E2EE0D8D0532377725A9E67_element_7/clear'
18:56:53.819 [Forwarding clearElement on session f807bd4fdb9a20f43efcc2f4a53f4a75 to remote] DEBUG org.asynchttpclient.netty.request.NettyRequestSender - Using open Channel [id: 0x732f6f71, L:/127.0.0.1:62101 - R:localhost/127.0.0.1:41732] for POST '/session/f807bd4fdb9a20f43efcc2f4a53f4a75/element/A675733F1E2EE0D8D0532377725A9E67_element_7/clear'
18:56:53.873 [AsyncHttpClient-1-17] DEBUG org.asynchttpclient.netty.handler.HttpHandler - 

Request DefaultHttpRequest(decodeResult: success, version: HTTP/1.1)
POST /session/f807bd4fdb9a20f43efcc2f4a53f4a75/element/A675733F1E2EE0D8D0532377725A9E67_element_7/clear HTTP/1.1
User-Agent: selenium/4.8.1 (java windows)
Content-Length: 56
Content-Type: application/json; charset=utf-8
host: localhost:41732
accept: */*

Response DefaultHttpResponse(decodeResult: success, version: HTTP/1.1)
HTTP/1.1 200 OK
Content-Length: 14
Content-Type: application/json; charset=utf-8
cache-control: no-cache

18:56:53.873 [AsyncHttpClient-1-17] DEBUG org.asynchttpclient.netty.channel.ChannelManager - Adding key: http://localhost:41732 for channel [id: 0x732f6f71, L:/127.0.0.1:62101 - R:localhost/127.0.0.1:41732]
18:56:53.876 [Forwarding sendKeysToElement on session f807bd4fdb9a20f43efcc2f4a53f4a75 to remote] DEBUG org.asynchttpclient.netty.request.NettyRequestSender - Using pooled Channel '[id: 0x732f6f71, L:/127.0.0.1:62101 - R:localhost/127.0.0.1:41732]' for 'POST' to 'http://localhost:41732/session/f807bd4fdb9a20f43efcc2f4a53f4a75/element/A675733F1E2EE0D8D0532377725A9E67_element_7/value'
18:56:53.876 [Forwarding sendKeysToElement on session f807bd4fdb9a20f43efcc2f4a53f4a75 to remote] DEBUG org.asynchttpclient.netty.request.NettyRequestSender - Using open Channel [id: 0x732f6f71, L:/127.0.0.1:62101 - R:localhost/127.0.0.1:41732] for POST '/session/f807bd4fdb9a20f43efcc2f4a53f4a75/element/A675733F1E2EE0D8D0532377725A9E67_element_7/value'
18:56:53.960 [AsyncHttpClient-1-17] DEBUG org.asynchttpclient.netty.handler.HttpHandler - 

Request DefaultHttpRequest(decodeResult: success, version: HTTP/1.1)
POST /session/f807bd4fdb9a20f43efcc2f4a53f4a75/element/A675733F1E2EE0D8D0532377725A9E67_element_7/value HTTP/1.1
User-Agent: selenium/4.8.1 (java windows)
Content-Length: 88
Content-Type: application/json; charset=utf-8
host: localhost:41732
accept: */*

Response DefaultHttpResponse(decodeResult: success, version: HTTP/1.1)
HTTP/1.1 200 OK
Content-Length: 14
Content-Type: application/json; charset=utf-8
cache-control: no-cache

18:56:53.960 [AsyncHttpClient-1-17] DEBUG org.asynchttpclient.netty.channel.ChannelManager - Adding key: http://localhost:41732 for channel [id: 0x732f6f71, L:/127.0.0.1:62101 - R:localhost/127.0.0.1:41732]
18:56:53.961 [AsyncHttpClient-1-1] DEBUG org.asynchttpclient.netty.channel.DefaultChannelPool - Entry count for : http://localhost:62102 : 1
18:56:53.961 [AsyncHttpClient-1-1] DEBUG org.asynchttpclient.netty.channel.DefaultChannelPool - Entry count for : http://localhost:41732 : 1
18:56:53.966 [Forwarding getAlertText on session f807bd4fdb9a20f43efcc2f4a53f4a75 to remote] DEBUG org.asynchttpclient.netty.request.NettyRequestSender - Using pooled Channel '[id: 0x732f6f71, L:/127.0.0.1:62101 - R:localhost/127.0.0.1:41732]' for 'GET' to 'http://localhost:41732/session/f807bd4fdb9a20f43efcc2f4a53f4a75/alert/text'
18:56:53.966 [Forwarding getAlertText on session f807bd4fdb9a20f43efcc2f4a53f4a75 to remote] DEBUG org.asynchttpclient.netty.request.NettyRequestSender - Using open Channel [id: 0x732f6f71, L:/127.0.0.1:62101 - R:localhost/127.0.0.1:41732] for GET '/session/f807bd4fdb9a20f43efcc2f4a53f4a75/alert/text'
18:56:53.968 [AsyncHttpClient-1-17] DEBUG org.asynchttpclient.netty.handler.HttpHandler - 

Request DefaultFullHttpRequest(decodeResult: success, version: HTTP/1.1, content: EmptyByteBufBE)
GET /session/f807bd4fdb9a20f43efcc2f4a53f4a75/alert/text HTTP/1.1
User-Agent: selenium/4.8.1 (java windows)
Cache-Control: no-cache
Content-Type: application/json; charset=utf-8
host: localhost:41732
accept: */*

Response DefaultHttpResponse(decodeResult: success, version: HTTP/1.1)
HTTP/1.1 404 Not Found
Content-Length: 821
Content-Type: application/json; charset=utf-8
cache-control: no-cache

18:56:53.968 [AsyncHttpClient-1-17] DEBUG org.asynchttpclient.netty.channel.ChannelManager - Adding key: http://localhost:41732 for channel [id: 0x732f6f71, L:/127.0.0.1:62101 - R:localhost/127.0.0.1:41732]
18:56:53.970 [Forwarding getCurrentUrl on session f807bd4fdb9a20f43efcc2f4a53f4a75 to remote] DEBUG org.asynchttpclient.netty.request.NettyRequestSender - Using pooled Channel '[id: 0x732f6f71, L:/127.0.0.1:62101 - R:localhost/127.0.0.1:41732]' for 'GET' to 'http://localhost:41732/session/f807bd4fdb9a20f43efcc2f4a53f4a75/url'
18:56:53.971 [Forwarding getCurrentUrl on session f807bd4fdb9a20f43efcc2f4a53f4a75 to remote] DEBUG org.asynchttpclient.netty.request.NettyRequestSender - Using open Channel [id: 0x732f6f71, L:/127.0.0.1:62101 - R:localhost/127.0.0.1:41732] for GET '/session/f807bd4fdb9a20f43efcc2f4a53f4a75/url'
18:56:53.978 [AsyncHttpClient-1-17] DEBUG org.asynchttpclient.netty.handler.HttpHandler - 

Request DefaultFullHttpRequest(decodeResult: success, version: HTTP/1.1, content: EmptyByteBufBE)
GET /session/f807bd4fdb9a20f43efcc2f4a53f4a75/url HTTP/1.1
User-Agent: selenium/4.8.1 (java windows)
Cache-Control: no-cache
Content-Type: application/json; charset=utf-8
host: localhost:41732
accept: */*

Response DefaultHttpResponse(decodeResult: success, version: HTTP/1.1)
HTTP/1.1 200 OK
Content-Length: 45
Content-Type: application/json; charset=utf-8
cache-control: no-cache

18:56:53.978 [AsyncHttpClient-1-17] DEBUG org.asynchttpclient.netty.channel.ChannelManager - Adding key: http://localhost:41732 for channel [id: 0x732f6f71, L:/127.0.0.1:62101 - R:localhost/127.0.0.1:41732]
18:56:53.979 [Forwarding screenshot on session f807bd4fdb9a20f43efcc2f4a53f4a75 to remote] DEBUG org.asynchttpclient.netty.request.NettyRequestSender - Using pooled Channel '[id: 0x732f6f71, L:/127.0.0.1:62101 - R:localhost/127.0.0.1:41732]' for 'GET' to 'http://localhost:41732/session/f807bd4fdb9a20f43efcc2f4a53f4a75/screenshot'
18:56:53.979 [Forwarding screenshot on session f807bd4fdb9a20f43efcc2f4a53f4a75 to remote] DEBUG org.asynchttpclient.netty.request.NettyRequestSender - Using open Channel [id: 0x732f6f71, L:/127.0.0.1:62101 - R:localhost/127.0.0.1:41732] for GET '/session/f807bd4fdb9a20f43efcc2f4a53f4a75/screenshot'
18:56:54.095 [AsyncHttpClient-1-17] DEBUG org.asynchttpclient.netty.handler.HttpHandler - 

Request DefaultFullHttpRequest(decodeResult: success, version: HTTP/1.1, content: EmptyByteBufBE)
GET /session/f807bd4fdb9a20f43efcc2f4a53f4a75/screenshot HTTP/1.1
User-Agent: selenium/4.8.1 (java windows)
Cache-Control: no-cache
Content-Type: application/json; charset=utf-8
host: localhost:41732
accept: */*

Response DefaultHttpResponse(decodeResult: success, version: HTTP/1.1)
HTTP/1.1 200 OK
Content-Length: 36980
Content-Type: application/json; charset=utf-8
cache-control: no-cache

18:56:54.095 [AsyncHttpClient-1-17] DEBUG org.asynchttpclient.netty.channel.ChannelManager - Adding key: http://localhost:41732 for channel [id: 0x732f6f71, L:/127.0.0.1:62101 - R:localhost/127.0.0.1:41732]
18:56:54.097 [main] DEBUG net.serenitybdd.core.photography.Darkroom - Send negative for processing for target\site\serenity\6013fa82ae9b6e22374575cde3e8736e0fe3b4b1dc399ddecd2fe7329f032dbe.png
18:56:54.097 [main] DEBUG net.thucydides.core.steps.StepInterceptor - STEP DONE: inputEmail
  &amp#27;[32mAnd &amp#27;[0m&amp#27;[32mI type nothing in email field&amp#27;[0m      &amp#27;[90m# starter.stepdefinitions.LoginSteps.inputNothingEmail()&amp#27;[0m
18:56:54.097 [Darkroom Processing Line] DEBUG net.serenitybdd.core.photography.DarkroomProcessingLine - Processing screenshot image in /var/screenshots/screenshot-5464596962313064402
18:56:54.098 [Darkroom Processing Line] DEBUG net.serenitybdd.core.photography.DarkroomProcessingLine - Saving screenshot to target\site\serenity\6013fa82ae9b6e22374575cde3e8736e0fe3b4b1dc399ddecd2fe7329f032dbe.png
18:56:54.104 [Forwarding getPageSource on session f807bd4fdb9a20f43efcc2f4a53f4a75 to remote] DEBUG org.asynchttpclient.netty.request.NettyRequestSender - Using pooled Channel '[id: 0x732f6f71, L:/127.0.0.1:62101 - R:localhost/127.0.0.1:41732]' for 'POST' to 'http://localhost:41732/session/f807bd4fdb9a20f43efcc2f4a53f4a75/execute/sync'
18:56:54.104 [Forwarding getPageSource on session f807bd4fdb9a20f43efcc2f4a53f4a75 to remote] DEBUG org.asynchttpclient.netty.request.NettyRequestSender - Using open Channel [id: 0x732f6f71, L:/127.0.0.1:62101 - R:localhost/127.0.0.1:41732] for POST '/session/f807bd4fdb9a20f43efcc2f4a53f4a75/execute/sync'
18:56:54.110 [AsyncHttpClient-1-17] DEBUG org.asynchttpclient.netty.handler.HttpHandler - 

Request DefaultHttpRequest(decodeResult: success, version: HTTP/1.1)
POST /session/f807bd4fdb9a20f43efcc2f4a53f4a75/execute/sync HTTP/1.1
User-Agent: selenium/4.8.1 (java windows)
Content-Length: 176
Content-Type: application/json; charset=utf-8
host: localhost:41732
accept: */*

Response DefaultHttpResponse(decodeResult: success, version: HTTP/1.1)
HTTP/1.1 200 OK
Content-Length: 9538
Content-Type: application/json; charset=utf-8
cache-control: no-cache

18:56:54.110 [AsyncHttpClient-1-17] DEBUG org.asynchttpclient.netty.channel.ChannelManager - Adding key: http://localhost:41732 for channel [id: 0x732f6f71, L:/127.0.0.1:62101 - R:localhost/127.0.0.1:41732]
18:56:54.112 [Forwarding getCurrentUrl on session f807bd4fdb9a20f43efcc2f4a53f4a75 to remote] DEBUG org.asynchttpclient.netty.request.NettyRequestSender - Using pooled Channel '[id: 0x732f6f71, L:/127.0.0.1:62101 - R:localhost/127.0.0.1:41732]' for 'GET' to 'http://localhost:41732/session/f807bd4fdb9a20f43efcc2f4a53f4a75/url'
18:56:54.112 [Forwarding getCurrentUrl on session f807bd4fdb9a20f43efcc2f4a53f4a75 to remote] DEBUG org.asynchttpclient.netty.request.NettyRequestSender - Using open Channel [id: 0x732f6f71, L:/127.0.0.1:62101 - R:localhost/127.0.0.1:41732] for GET '/session/f807bd4fdb9a20f43efcc2f4a53f4a75/url'
18:56:54.115 [AsyncHttpClient-1-17] DEBUG org.asynchttpclient.netty.handler.HttpHandler - 

Request DefaultFullHttpRequest(decodeResult: success, version: HTTP/1.1, content: EmptyByteBufBE)
GET /session/f807bd4fdb9a20f43efcc2f4a53f4a75/url HTTP/1.1
User-Agent: selenium/4.8.1 (java windows)
Cache-Control: no-cache
Content-Type: application/json; charset=utf-8
host: localhost:41732
accept: */*

Response DefaultHttpResponse(decodeResult: success, version: HTTP/1.1)
HTTP/1.1 200 OK
Content-Length: 45
Content-Type: application/json; charset=utf-8
cache-control: no-cache

18:56:54.116 [AsyncHttpClient-1-17] DEBUG org.asynchttpclient.netty.channel.ChannelManager - Adding key: http://localhost:41732 for channel [id: 0x732f6f71, L:/127.0.0.1:62101 - R:localhost/127.0.0.1:41732]
18:56:54.123 [Forwarding getPageSource on session f807bd4fdb9a20f43efcc2f4a53f4a75 to remote] DEBUG org.asynchttpclient.netty.request.NettyRequestSender - Using pooled Channel '[id: 0x732f6f71, L:/127.0.0.1:62101 - R:localhost/127.0.0.1:41732]' for 'POST' to 'http://localhost:41732/session/f807bd4fdb9a20f43efcc2f4a53f4a75/execute/sync'
18:56:54.123 [Forwarding getPageSource on session f807bd4fdb9a20f43efcc2f4a53f4a75 to remote] DEBUG org.asynchttpclient.netty.request.NettyRequestSender - Using open Channel [id: 0x732f6f71, L:/127.0.0.1:62101 - R:localhost/127.0.0.1:41732] for POST '/session/f807bd4fdb9a20f43efcc2f4a53f4a75/execute/sync'
18:56:54.128 [AsyncHttpClient-1-17] DEBUG org.asynchttpclient.netty.handler.HttpHandler - 

Request DefaultHttpRequest(decodeResult: success, version: HTTP/1.1)
POST /session/f807bd4fdb9a20f43efcc2f4a53f4a75/execute/sync HTTP/1.1
User-Agent: selenium/4.8.1 (java windows)
Content-Length: 176
Content-Type: application/json; charset=utf-8
host: localhost:41732
accept: */*

Response DefaultHttpResponse(decodeResult: success, version: HTTP/1.1)
HTTP/1.1 200 OK
Content-Length: 9538
Content-Type: application/json; charset=utf-8
cache-control: no-cache

18:56:54.128 [AsyncHttpClient-1-17] DEBUG org.asynchttpclient.netty.channel.ChannelManager - Adding key: http://localhost:41732 for channel [id: 0x732f6f71, L:/127.0.0.1:62101 - R:localhost/127.0.0.1:41732]
18:56:54.129 [Forwarding getCurrentUrl on session f807bd4fdb9a20f43efcc2f4a53f4a75 to remote] DEBUG org.asynchttpclient.netty.request.NettyRequestSender - Using pooled Channel '[id: 0x732f6f71, L:/127.0.0.1:62101 - R:localhost/127.0.0.1:41732]' for 'GET' to 'http://localhost:41732/session/f807bd4fdb9a20f43efcc2f4a53f4a75/url'
18:56:54.129 [Forwarding getCurrentUrl on session f807bd4fdb9a20f43efcc2f4a53f4a75 to remote] DEBUG org.asynchttpclient.netty.request.NettyRequestSender - Using open Channel [id: 0x732f6f71, L:/127.0.0.1:62101 - R:localhost/127.0.0.1:41732] for GET '/session/f807bd4fdb9a20f43efcc2f4a53f4a75/url'
18:56:54.133 [AsyncHttpClient-1-17] DEBUG org.asynchttpclient.netty.handler.HttpHandler - 

Request DefaultFullHttpRequest(decodeResult: success, version: HTTP/1.1, content: EmptyByteBufBE)
GET /session/f807bd4fdb9a20f43efcc2f4a53f4a75/url HTTP/1.1
User-Agent: selenium/4.8.1 (java windows)
Cache-Control: no-cache
Content-Type: application/json; charset=utf-8
host: localhost:41732
accept: */*

Response DefaultHttpResponse(decodeResult: success, version: HTTP/1.1)
HTTP/1.1 200 OK
Content-Length: 45
Content-Type: application/json; charset=utf-8
cache-control: no-cache

18:56:54.133 [AsyncHttpClient-1-17] DEBUG org.asynchttpclient.netty.channel.ChannelManager - Adding key: http://localhost:41732 for channel [id: 0x732f6f71, L:/127.0.0.1:62101 - R:localhost/127.0.0.1:41732]
18:56:54.136 [main] DEBUG net.thucydides.core.steps.StepInterceptor - STARTING STEP: LoginSteps.inputPassword - inputPassword
18:56:54.138 [Forwarding findElement on session f807bd4fdb9a20f43efcc2f4a53f4a75 to remote] DEBUG org.asynchttpclient.netty.request.NettyRequestSender - Using pooled Channel '[id: 0x732f6f71, L:/127.0.0.1:62101 - R:localhost/127.0.0.1:41732]' for 'POST' to 'http://localhost:41732/session/f807bd4fdb9a20f43efcc2f4a53f4a75/element'
18:56:54.138 [Forwarding findElement on session f807bd4fdb9a20f43efcc2f4a53f4a75 to remote] DEBUG org.asynchttpclient.netty.request.NettyRequestSender - Using open Channel [id: 0x732f6f71, L:/127.0.0.1:62101 - R:localhost/127.0.0.1:41732] for POST '/session/f807bd4fdb9a20f43efcc2f4a53f4a75/element'
18:56:54.147 [AsyncHttpClient-1-17] DEBUG org.asynchttpclient.netty.handler.HttpHandler - 

Request DefaultHttpRequest(decodeResult: success, version: HTTP/1.1)
POST /session/f807bd4fdb9a20f43efcc2f4a53f4a75/element HTTP/1.1
User-Agent: selenium/4.8.1 (java windows)
Content-Length: 62
Content-Type: application/json; charset=utf-8
host: localhost:41732
accept: */*

Response DefaultHttpResponse(decodeResult: success, version: HTTP/1.1)
HTTP/1.1 200 OK
Content-Length: 94
Content-Type: application/json; charset=utf-8
cache-control: no-cache

18:56:54.148 [AsyncHttpClient-1-17] DEBUG org.asynchttpclient.netty.channel.ChannelManager - Adding key: http://localhost:41732 for channel [id: 0x732f6f71, L:/127.0.0.1:62101 - R:localhost/127.0.0.1:41732]
18:56:54.149 [Forwarding clearElement on session f807bd4fdb9a20f43efcc2f4a53f4a75 to remote] DEBUG org.asynchttpclient.netty.request.NettyRequestSender - Using pooled Channel '[id: 0x732f6f71, L:/127.0.0.1:62101 - R:localhost/127.0.0.1:41732]' for 'POST' to 'http://localhost:41732/session/f807bd4fdb9a20f43efcc2f4a53f4a75/element/A675733F1E2EE0D8D0532377725A9E67_element_2/clear'
18:56:54.149 [Forwarding clearElement on session f807bd4fdb9a20f43efcc2f4a53f4a75 to remote] DEBUG org.asynchttpclient.netty.request.NettyRequestSender - Using open Channel [id: 0x732f6f71, L:/127.0.0.1:62101 - R:localhost/127.0.0.1:41732] for POST '/session/f807bd4fdb9a20f43efcc2f4a53f4a75/element/A675733F1E2EE0D8D0532377725A9E67_element_2/clear'
18:56:54.176 [AsyncHttpClient-1-17] DEBUG org.asynchttpclient.netty.handler.HttpHandler - 

Request DefaultHttpRequest(decodeResult: success, version: HTTP/1.1)
POST /session/f807bd4fdb9a20f43efcc2f4a53f4a75/element/A675733F1E2EE0D8D0532377725A9E67_element_2/clear HTTP/1.1
User-Agent: selenium/4.8.1 (java windows)
Content-Length: 56
Content-Type: application/json; charset=utf-8
host: localhost:41732
accept: */*

Response DefaultHttpResponse(decodeResult: success, version: HTTP/1.1)
HTTP/1.1 200 OK
Content-Length: 14
Content-Type: application/json; charset=utf-8
cache-control: no-cache

18:56:54.176 [AsyncHttpClient-1-17] DEBUG org.asynchttpclient.netty.channel.ChannelManager - Adding key: http://localhost:41732 for channel [id: 0x732f6f71, L:/127.0.0.1:62101 - R:localhost/127.0.0.1:41732]
18:56:54.178 [Forwarding sendKeysToElement on session f807bd4fdb9a20f43efcc2f4a53f4a75 to remote] DEBUG org.asynchttpclient.netty.request.NettyRequestSender - Using pooled Channel '[id: 0x732f6f71, L:/127.0.0.1:62101 - R:localhost/127.0.0.1:41732]' for 'POST' to 'http://localhost:41732/session/f807bd4fdb9a20f43efcc2f4a53f4a75/element/A675733F1E2EE0D8D0532377725A9E67_element_2/value'
18:56:54.178 [Forwarding sendKeysToElement on session f807bd4fdb9a20f43efcc2f4a53f4a75 to remote] DEBUG org.asynchttpclient.netty.request.NettyRequestSender - Using open Channel [id: 0x732f6f71, L:/127.0.0.1:62101 - R:localhost/127.0.0.1:41732] for POST '/session/f807bd4fdb9a20f43efcc2f4a53f4a75/element/A675733F1E2EE0D8D0532377725A9E67_element_2/value'
18:56:54.270 [AsyncHttpClient-1-17] DEBUG org.asynchttpclient.netty.handler.HttpHandler - 

Request DefaultHttpRequest(decodeResult: success, version: HTTP/1.1)
POST /session/f807bd4fdb9a20f43efcc2f4a53f4a75/element/A675733F1E2EE0D8D0532377725A9E67_element_2/value HTTP/1.1
User-Agent: selenium/4.8.1 (java windows)
Content-Length: 187
Content-Type: application/json; charset=utf-8
host: localhost:41732
accept: */*

Response DefaultHttpResponse(decodeResult: success, version: HTTP/1.1)
HTTP/1.1 200 OK
Content-Length: 14
Content-Type: application/json; charset=utf-8
cache-control: no-cache

18:56:54.270 [AsyncHttpClient-1-17] DEBUG org.asynchttpclient.netty.channel.ChannelManager - Adding key: http://localhost:41732 for channel [id: 0x732f6f71, L:/127.0.0.1:62101 - R:localhost/127.0.0.1:41732]
18:56:54.276 [Forwarding getAlertText on session f807bd4fdb9a20f43efcc2f4a53f4a75 to remote] DEBUG org.asynchttpclient.netty.request.NettyRequestSender - Using pooled Channel '[id: 0x732f6f71, L:/127.0.0.1:62101 - R:localhost/127.0.0.1:41732]' for 'GET' to 'http://localhost:41732/session/f807bd4fdb9a20f43efcc2f4a53f4a75/alert/text'
18:56:54.276 [Forwarding getAlertText on session f807bd4fdb9a20f43efcc2f4a53f4a75 to remote] DEBUG org.asynchttpclient.netty.request.NettyRequestSender - Using open Channel [id: 0x732f6f71, L:/127.0.0.1:62101 - R:localhost/127.0.0.1:41732] for GET '/session/f807bd4fdb9a20f43efcc2f4a53f4a75/alert/text'
18:56:54.278 [AsyncHttpClient-1-17] DEBUG org.asynchttpclient.netty.handler.HttpHandler - 

Request DefaultFullHttpRequest(decodeResult: success, version: HTTP/1.1, content: EmptyByteBufBE)
GET /session/f807bd4fdb9a20f43efcc2f4a53f4a75/alert/text HTTP/1.1
User-Agent: selenium/4.8.1 (java windows)
Cache-Control: no-cache
Content-Type: application/json; charset=utf-8
host: localhost:41732
accept: */*

Response DefaultHttpResponse(decodeResult: success, version: HTTP/1.1)
HTTP/1.1 404 Not Found
Content-Length: 821
Content-Type: application/json; charset=utf-8
cache-control: no-cache

18:56:54.278 [AsyncHttpClient-1-17] DEBUG org.asynchttpclient.netty.channel.ChannelManager - Adding key: http://localhost:41732 for channel [id: 0x732f6f71, L:/127.0.0.1:62101 - R:localhost/127.0.0.1:41732]
18:56:54.279 [Forwarding getCurrentUrl on session f807bd4fdb9a20f43efcc2f4a53f4a75 to remote] DEBUG org.asynchttpclient.netty.request.NettyRequestSender - Using pooled Channel '[id: 0x732f6f71, L:/127.0.0.1:62101 - R:localhost/127.0.0.1:41732]' for 'GET' to 'http://localhost:41732/session/f807bd4fdb9a20f43efcc2f4a53f4a75/url'
18:56:54.279 [Forwarding getCurrentUrl on session f807bd4fdb9a20f43efcc2f4a53f4a75 to remote] DEBUG org.asynchttpclient.netty.request.NettyRequestSender - Using open Channel [id: 0x732f6f71, L:/127.0.0.1:62101 - R:localhost/127.0.0.1:41732] for GET '/session/f807bd4fdb9a20f43efcc2f4a53f4a75/url'
18:56:54.284 [AsyncHttpClient-1-17] DEBUG org.asynchttpclient.netty.handler.HttpHandler - 

Request DefaultFullHttpRequest(decodeResult: success, version: HTTP/1.1, content: EmptyByteBufBE)
GET /session/f807bd4fdb9a20f43efcc2f4a53f4a75/url HTTP/1.1
User-Agent: selenium/4.8.1 (java windows)
Cache-Control: no-cache
Content-Type: application/json; charset=utf-8
host: localhost:41732
accept: */*

Response DefaultHttpResponse(decodeResult: success, version: HTTP/1.1)
HTTP/1.1 200 OK
Content-Length: 45
Content-Type: application/json; charset=utf-8
cache-control: no-cache

18:56:54.284 [AsyncHttpClient-1-17] DEBUG org.asynchttpclient.netty.channel.ChannelManager - Adding key: http://localhost:41732 for channel [id: 0x732f6f71, L:/127.0.0.1:62101 - R:localhost/127.0.0.1:41732]
18:56:54.285 [Forwarding screenshot on session f807bd4fdb9a20f43efcc2f4a53f4a75 to remote] DEBUG org.asynchttpclient.netty.request.NettyRequestSender - Using pooled Channel '[id: 0x732f6f71, L:/127.0.0.1:62101 - R:localhost/127.0.0.1:41732]' for 'GET' to 'http://localhost:41732/session/f807bd4fdb9a20f43efcc2f4a53f4a75/screenshot'
18:56:54.285 [Forwarding screenshot on session f807bd4fdb9a20f43efcc2f4a53f4a75 to remote] DEBUG org.asynchttpclient.netty.request.NettyRequestSender - Using open Channel [id: 0x732f6f71, L:/127.0.0.1:62101 - R:localhost/127.0.0.1:41732] for GET '/session/f807bd4fdb9a20f43efcc2f4a53f4a75/screenshot'
18:56:54.384 [AsyncHttpClient-1-17] DEBUG org.asynchttpclient.netty.handler.HttpHandler - 

Request DefaultFullHttpRequest(decodeResult: success, version: HTTP/1.1, content: EmptyByteBufBE)
GET /session/f807bd4fdb9a20f43efcc2f4a53f4a75/screenshot HTTP/1.1
User-Agent: selenium/4.8.1 (java windows)
Cache-Control: no-cache
Content-Type: application/json; charset=utf-8
host: localhost:41732
accept: */*

Response DefaultHttpResponse(decodeResult: success, version: HTTP/1.1)
HTTP/1.1 200 OK
Content-Length: 34436
Content-Type: application/json; charset=utf-8
cache-control: no-cache

18:56:54.384 [AsyncHttpClient-1-17] DEBUG org.asynchttpclient.netty.channel.ChannelManager - Adding key: http://localhost:41732 for channel [id: 0x732f6f71, L:/127.0.0.1:62101 - R:localhost/127.0.0.1:41732]
18:56:54.385 [main] DEBUG net.serenitybdd.core.photography.Darkroom - Send negative for processing for target\site\serenity\e7786f703ffe6e725decb4bf2772d311c144c2d16a1c2eae00435be4a397ade5.png
18:56:54.386 [main] DEBUG net.thucydides.core.steps.StepInterceptor - STEP DONE: inputPassword
  &amp#27;[32mAnd &amp#27;[0m&amp#27;[32mI type correct password&amp#27;[0m            &amp#27;[90m# starter.stepdefinitions.LoginSteps.inputPassword()&amp#27;[0m
18:56:54.386 [Darkroom Processing Line] DEBUG net.serenitybdd.core.photography.DarkroomProcessingLine - Processing screenshot image in /var/screenshots/screenshot-13744974809489123696
18:56:54.386 [Darkroom Processing Line] DEBUG net.serenitybdd.core.photography.DarkroomProcessingLine - Saving screenshot to target\site\serenity\e7786f703ffe6e725decb4bf2772d311c144c2d16a1c2eae00435be4a397ade5.png
18:56:54.394 [Forwarding getPageSource on session f807bd4fdb9a20f43efcc2f4a53f4a75 to remote] DEBUG org.asynchttpclient.netty.request.NettyRequestSender - Using pooled Channel '[id: 0x732f6f71, L:/127.0.0.1:62101 - R:localhost/127.0.0.1:41732]' for 'POST' to 'http://localhost:41732/session/f807bd4fdb9a20f43efcc2f4a53f4a75/execute/sync'
18:56:54.394 [Forwarding getPageSource on session f807bd4fdb9a20f43efcc2f4a53f4a75 to remote] DEBUG org.asynchttpclient.netty.request.NettyRequestSender - Using open Channel [id: 0x732f6f71, L:/127.0.0.1:62101 - R:localhost/127.0.0.1:41732] for POST '/session/f807bd4fdb9a20f43efcc2f4a53f4a75/execute/sync'
18:56:54.400 [AsyncHttpClient-1-17] DEBUG org.asynchttpclient.netty.handler.HttpHandler - 

Request DefaultHttpRequest(decodeResult: success, version: HTTP/1.1)
POST /session/f807bd4fdb9a20f43efcc2f4a53f4a75/execute/sync HTTP/1.1
User-Agent: selenium/4.8.1 (java windows)
Content-Length: 176
Content-Type: application/json; charset=utf-8
host: localhost:41732
accept: */*

Response DefaultHttpResponse(decodeResult: success, version: HTTP/1.1)
HTTP/1.1 200 OK
Content-Length: 9548
Content-Type: application/json; charset=utf-8
cache-control: no-cache

18:56:54.401 [AsyncHttpClient-1-17] DEBUG org.asynchttpclient.netty.channel.ChannelManager - Adding key: http://localhost:41732 for channel [id: 0x732f6f71, L:/127.0.0.1:62101 - R:localhost/127.0.0.1:41732]
18:56:54.402 [Forwarding getCurrentUrl on session f807bd4fdb9a20f43efcc2f4a53f4a75 to remote] DEBUG org.asynchttpclient.netty.request.NettyRequestSender - Using pooled Channel '[id: 0x732f6f71, L:/127.0.0.1:62101 - R:localhost/127.0.0.1:41732]' for 'GET' to 'http://localhost:41732/session/f807bd4fdb9a20f43efcc2f4a53f4a75/url'
18:56:54.402 [Forwarding getCurrentUrl on session f807bd4fdb9a20f43efcc2f4a53f4a75 to remote] DEBUG org.asynchttpclient.netty.request.NettyRequestSender - Using open Channel [id: 0x732f6f71, L:/127.0.0.1:62101 - R:localhost/127.0.0.1:41732] for GET '/session/f807bd4fdb9a20f43efcc2f4a53f4a75/url'
18:56:54.409 [AsyncHttpClient-1-17] DEBUG org.asynchttpclient.netty.handler.HttpHandler - 

Request DefaultFullHttpRequest(decodeResult: success, version: HTTP/1.1, content: EmptyByteBufBE)
GET /session/f807bd4fdb9a20f43efcc2f4a53f4a75/url HTTP/1.1
User-Agent: selenium/4.8.1 (java windows)
Cache-Control: no-cache
Content-Type: application/json; charset=utf-8
host: localhost:41732
accept: */*

Response DefaultHttpResponse(decodeResult: success, version: HTTP/1.1)
HTTP/1.1 200 OK
Content-Length: 45
Content-Type: application/json; charset=utf-8
cache-control: no-cache

18:56:54.409 [AsyncHttpClient-1-17] DEBUG org.asynchttpclient.netty.channel.ChannelManager - Adding key: http://localhost:41732 for channel [id: 0x732f6f71, L:/127.0.0.1:62101 - R:localhost/127.0.0.1:41732]
18:56:54.421 [Forwarding getPageSource on session f807bd4fdb9a20f43efcc2f4a53f4a75 to remote] DEBUG org.asynchttpclient.netty.request.NettyRequestSender - Using pooled Channel '[id: 0x732f6f71, L:/127.0.0.1:62101 - R:localhost/127.0.0.1:41732]' for 'POST' to 'http://localhost:41732/session/f807bd4fdb9a20f43efcc2f4a53f4a75/execute/sync'
18:56:54.421 [Forwarding getPageSource on session f807bd4fdb9a20f43efcc2f4a53f4a75 to remote] DEBUG org.asynchttpclient.netty.request.NettyRequestSender - Using open Channel [id: 0x732f6f71, L:/127.0.0.1:62101 - R:localhost/127.0.0.1:41732] for POST '/session/f807bd4fdb9a20f43efcc2f4a53f4a75/execute/sync'
18:56:54.427 [AsyncHttpClient-1-17] DEBUG org.asynchttpclient.netty.handler.HttpHandler - 

Request DefaultHttpRequest(decodeResult: success, version: HTTP/1.1)
POST /session/f807bd4fdb9a20f43efcc2f4a53f4a75/execute/sync HTTP/1.1
User-Agent: selenium/4.8.1 (java windows)
Content-Length: 176
Content-Type: application/json; charset=utf-8
host: localhost:41732
accept: */*

Response DefaultHttpResponse(decodeResult: success, version: HTTP/1.1)
HTTP/1.1 200 OK
Content-Length: 9548
Content-Type: application/json; charset=utf-8
cache-control: no-cache

18:56:54.428 [AsyncHttpClient-1-17] DEBUG org.asynchttpclient.netty.channel.ChannelManager - Adding key: http://localhost:41732 for channel [id: 0x732f6f71, L:/127.0.0.1:62101 - R:localhost/127.0.0.1:41732]
18:56:54.429 [Forwarding getCurrentUrl on session f807bd4fdb9a20f43efcc2f4a53f4a75 to remote] DEBUG org.asynchttpclient.netty.request.NettyRequestSender - Using pooled Channel '[id: 0x732f6f71, L:/127.0.0.1:62101 - R:localhost/127.0.0.1:41732]' for 'GET' to 'http://localhost:41732/session/f807bd4fdb9a20f43efcc2f4a53f4a75/url'
18:56:54.429 [Forwarding getCurrentUrl on session f807bd4fdb9a20f43efcc2f4a53f4a75 to remote] DEBUG org.asynchttpclient.netty.request.NettyRequestSender - Using open Channel [id: 0x732f6f71, L:/127.0.0.1:62101 - R:localhost/127.0.0.1:41732] for GET '/session/f807bd4fdb9a20f43efcc2f4a53f4a75/url'
18:56:54.433 [AsyncHttpClient-1-17] DEBUG org.asynchttpclient.netty.handler.HttpHandler - 

Request DefaultFullHttpRequest(decodeResult: success, version: HTTP/1.1, content: EmptyByteBufBE)
GET /session/f807bd4fdb9a20f43efcc2f4a53f4a75/url HTTP/1.1
User-Agent: selenium/4.8.1 (java windows)
Cache-Control: no-cache
Content-Type: application/json; charset=utf-8
host: localhost:41732
accept: */*

Response DefaultHttpResponse(decodeResult: success, version: HTTP/1.1)
HTTP/1.1 200 OK
Content-Length: 45
Content-Type: application/json; charset=utf-8
cache-control: no-cache

18:56:54.433 [AsyncHttpClient-1-17] DEBUG org.asynchttpclient.netty.channel.ChannelManager - Adding key: http://localhost:41732 for channel [id: 0x732f6f71, L:/127.0.0.1:62101 - R:localhost/127.0.0.1:41732]
18:56:54.436 [main] DEBUG net.thucydides.core.steps.StepInterceptor - STARTING STEP: LoginSteps.clickLoginButton - clickLoginButton
18:56:54.440 [Forwarding findElement on session f807bd4fdb9a20f43efcc2f4a53f4a75 to remote] DEBUG org.asynchttpclient.netty.request.NettyRequestSender - Using pooled Channel '[id: 0x732f6f71, L:/127.0.0.1:62101 - R:localhost/127.0.0.1:41732]' for 'POST' to 'http://localhost:41732/session/f807bd4fdb9a20f43efcc2f4a53f4a75/element'
18:56:54.440 [Forwarding findElement on session f807bd4fdb9a20f43efcc2f4a53f4a75 to remote] DEBUG org.asynchttpclient.netty.request.NettyRequestSender - Using open Channel [id: 0x732f6f71, L:/127.0.0.1:62101 - R:localhost/127.0.0.1:41732] for POST '/session/f807bd4fdb9a20f43efcc2f4a53f4a75/element'
18:56:54.451 [AsyncHttpClient-1-17] DEBUG org.asynchttpclient.netty.handler.HttpHandler - 

Request DefaultHttpRequest(decodeResult: success, version: HTTP/1.1)
POST /session/f807bd4fdb9a20f43efcc2f4a53f4a75/element HTTP/1.1
User-Agent: selenium/4.8.1 (java windows)
Content-Length: 63
Content-Type: application/json; charset=utf-8
host: localhost:41732
accept: */*

Response DefaultHttpResponse(decodeResult: success, version: HTTP/1.1)
HTTP/1.1 200 OK
Content-Length: 95
Content-Type: application/json; charset=utf-8
cache-control: no-cache

18:56:54.451 [AsyncHttpClient-1-17] DEBUG org.asynchttpclient.netty.channel.ChannelManager - Adding key: http://localhost:41732 for channel [id: 0x732f6f71, L:/127.0.0.1:62101 - R:localhost/127.0.0.1:41732]
18:56:54.452 [Forwarding getElementTagName on session f807bd4fdb9a20f43efcc2f4a53f4a75 to remote] DEBUG org.asynchttpclient.netty.request.NettyRequestSender - Using pooled Channel '[id: 0x732f6f71, L:/127.0.0.1:62101 - R:localhost/127.0.0.1:41732]' for 'GET' to 'http://localhost:41732/session/f807bd4fdb9a20f43efcc2f4a53f4a75/element/A675733F1E2EE0D8D0532377725A9E67_element_11/name'
18:56:54.452 [Forwarding getElementTagName on session f807bd4fdb9a20f43efcc2f4a53f4a75 to remote] DEBUG org.asynchttpclient.netty.request.NettyRequestSender - Using open Channel [id: 0x732f6f71, L:/127.0.0.1:62101 - R:localhost/127.0.0.1:41732] for GET '/session/f807bd4fdb9a20f43efcc2f4a53f4a75/element/A675733F1E2EE0D8D0532377725A9E67_element_11/name'
18:56:54.457 [AsyncHttpClient-1-17] DEBUG org.asynchttpclient.netty.handler.HttpHandler - 

Request DefaultFullHttpRequest(decodeResult: success, version: HTTP/1.1, content: EmptyByteBufBE)
GET /session/f807bd4fdb9a20f43efcc2f4a53f4a75/element/A675733F1E2EE0D8D0532377725A9E67_element_11/name HTTP/1.1
User-Agent: selenium/4.8.1 (java windows)
Cache-Control: no-cache
Content-Type: application/json; charset=utf-8
host: localhost:41732
accept: */*

Response DefaultHttpResponse(decodeResult: success, version: HTTP/1.1)
HTTP/1.1 200 OK
Content-Length: 18
Content-Type: application/json; charset=utf-8
cache-control: no-cache

18:56:54.458 [AsyncHttpClient-1-17] DEBUG org.asynchttpclient.netty.channel.ChannelManager - Adding key: http://localhost:41732 for channel [id: 0x732f6f71, L:/127.0.0.1:62101 - R:localhost/127.0.0.1:41732]
18:56:54.459 [Forwarding getElementTagName on session f807bd4fdb9a20f43efcc2f4a53f4a75 to remote] DEBUG org.asynchttpclient.netty.request.NettyRequestSender - Using pooled Channel '[id: 0x732f6f71, L:/127.0.0.1:62101 - R:localhost/127.0.0.1:41732]' for 'GET' to 'http://localhost:41732/session/f807bd4fdb9a20f43efcc2f4a53f4a75/element/A675733F1E2EE0D8D0532377725A9E67_element_11/name'
18:56:54.459 [Forwarding getElementTagName on session f807bd4fdb9a20f43efcc2f4a53f4a75 to remote] DEBUG org.asynchttpclient.netty.request.NettyRequestSender - Using open Channel [id: 0x732f6f71, L:/127.0.0.1:62101 - R:localhost/127.0.0.1:41732] for GET '/session/f807bd4fdb9a20f43efcc2f4a53f4a75/element/A675733F1E2EE0D8D0532377725A9E67_element_11/name'
18:56:54.462 [AsyncHttpClient-1-17] DEBUG org.asynchttpclient.netty.handler.HttpHandler - 

Request DefaultFullHttpRequest(decodeResult: success, version: HTTP/1.1, content: EmptyByteBufBE)
GET /session/f807bd4fdb9a20f43efcc2f4a53f4a75/element/A675733F1E2EE0D8D0532377725A9E67_element_11/name HTTP/1.1
User-Agent: selenium/4.8.1 (java windows)
Cache-Control: no-cache
Content-Type: application/json; charset=utf-8
host: localhost:41732
accept: */*

Response DefaultHttpResponse(decodeResult: success, version: HTTP/1.1)
HTTP/1.1 200 OK
Content-Length: 18
Content-Type: application/json; charset=utf-8
cache-control: no-cache

18:56:54.462 [AsyncHttpClient-1-17] DEBUG org.asynchttpclient.netty.channel.ChannelManager - Adding key: http://localhost:41732 for channel [id: 0x732f6f71, L:/127.0.0.1:62101 - R:localhost/127.0.0.1:41732]
18:56:54.467 [Forwarding isElementEnabled on session f807bd4fdb9a20f43efcc2f4a53f4a75 to remote] DEBUG org.asynchttpclient.netty.request.NettyRequestSender - Using pooled Channel '[id: 0x732f6f71, L:/127.0.0.1:62101 - R:localhost/127.0.0.1:41732]' for 'GET' to 'http://localhost:41732/session/f807bd4fdb9a20f43efcc2f4a53f4a75/element/A675733F1E2EE0D8D0532377725A9E67_element_11/enabled'
18:56:54.468 [Forwarding isElementEnabled on session f807bd4fdb9a20f43efcc2f4a53f4a75 to remote] DEBUG org.asynchttpclient.netty.request.NettyRequestSender - Using open Channel [id: 0x732f6f71, L:/127.0.0.1:62101 - R:localhost/127.0.0.1:41732] for GET '/session/f807bd4fdb9a20f43efcc2f4a53f4a75/element/A675733F1E2EE0D8D0532377725A9E67_element_11/enabled'
18:56:54.474 [AsyncHttpClient-1-17] DEBUG org.asynchttpclient.netty.handler.HttpHandler - 

Request DefaultFullHttpRequest(decodeResult: success, version: HTTP/1.1, content: EmptyByteBufBE)
GET /session/f807bd4fdb9a20f43efcc2f4a53f4a75/element/A675733F1E2EE0D8D0532377725A9E67_element_11/enabled HTTP/1.1
User-Agent: selenium/4.8.1 (java windows)
Cache-Control: no-cache
Content-Type: application/json; charset=utf-8
host: localhost:41732
accept: */*

Response DefaultHttpResponse(decodeResult: success, version: HTTP/1.1)
HTTP/1.1 200 OK
Content-Length: 14
Content-Type: application/json; charset=utf-8
cache-control: no-cache

18:56:54.474 [AsyncHttpClient-1-17] DEBUG org.asynchttpclient.netty.channel.ChannelManager - Adding key: http://localhost:41732 for channel [id: 0x732f6f71, L:/127.0.0.1:62101 - R:localhost/127.0.0.1:41732]
18:56:54.475 [Forwarding isElementEnabled on session f807bd4fdb9a20f43efcc2f4a53f4a75 to remote] DEBUG org.asynchttpclient.netty.request.NettyRequestSender - Using pooled Channel '[id: 0x732f6f71, L:/127.0.0.1:62101 - R:localhost/127.0.0.1:41732]' for 'GET' to 'http://localhost:41732/session/f807bd4fdb9a20f43efcc2f4a53f4a75/element/A675733F1E2EE0D8D0532377725A9E67_element_11/enabled'
18:56:54.475 [Forwarding isElementEnabled on session f807bd4fdb9a20f43efcc2f4a53f4a75 to remote] DEBUG org.asynchttpclient.netty.request.NettyRequestSender - Using open Channel [id: 0x732f6f71, L:/127.0.0.1:62101 - R:localhost/127.0.0.1:41732] for GET '/session/f807bd4fdb9a20f43efcc2f4a53f4a75/element/A675733F1E2EE0D8D0532377725A9E67_element_11/enabled'
18:56:54.480 [AsyncHttpClient-1-17] DEBUG org.asynchttpclient.netty.handler.HttpHandler - 

Request DefaultFullHttpRequest(decodeResult: success, version: HTTP/1.1, content: EmptyByteBufBE)
GET /session/f807bd4fdb9a20f43efcc2f4a53f4a75/element/A675733F1E2EE0D8D0532377725A9E67_element_11/enabled HTTP/1.1
User-Agent: selenium/4.8.1 (java windows)
Cache-Control: no-cache
Content-Type: application/json; charset=utf-8
host: localhost:41732
accept: */*

Response DefaultHttpResponse(decodeResult: success, version: HTTP/1.1)
HTTP/1.1 200 OK
Content-Length: 14
Content-Type: application/json; charset=utf-8
cache-control: no-cache

18:56:54.480 [AsyncHttpClient-1-17] DEBUG org.asynchttpclient.netty.channel.ChannelManager - Adding key: http://localhost:41732 for channel [id: 0x732f6f71, L:/127.0.0.1:62101 - R:localhost/127.0.0.1:41732]
18:56:54.481 [Forwarding findElement on session f807bd4fdb9a20f43efcc2f4a53f4a75 to remote] DEBUG org.asynchttpclient.netty.request.NettyRequestSender - Using pooled Channel '[id: 0x732f6f71, L:/127.0.0.1:62101 - R:localhost/127.0.0.1:41732]' for 'POST' to 'http://localhost:41732/session/f807bd4fdb9a20f43efcc2f4a53f4a75/element'
18:56:54.481 [Forwarding findElement on session f807bd4fdb9a20f43efcc2f4a53f4a75 to remote] DEBUG org.asynchttpclient.netty.request.NettyRequestSender - Using open Channel [id: 0x732f6f71, L:/127.0.0.1:62101 - R:localhost/127.0.0.1:41732] for POST '/session/f807bd4fdb9a20f43efcc2f4a53f4a75/element'
18:56:54.490 [AsyncHttpClient-1-17] DEBUG org.asynchttpclient.netty.handler.HttpHandler - 

Request DefaultHttpRequest(decodeResult: success, version: HTTP/1.1)
POST /session/f807bd4fdb9a20f43efcc2f4a53f4a75/element HTTP/1.1
User-Agent: selenium/4.8.1 (java windows)
Content-Length: 63
Content-Type: application/json; charset=utf-8
host: localhost:41732
accept: */*

Response DefaultHttpResponse(decodeResult: success, version: HTTP/1.1)
HTTP/1.1 200 OK
Content-Length: 95
Content-Type: application/json; charset=utf-8
cache-control: no-cache

18:56:54.490 [AsyncHttpClient-1-17] DEBUG org.asynchttpclient.netty.channel.ChannelManager - Adding key: http://localhost:41732 for channel [id: 0x732f6f71, L:/127.0.0.1:62101 - R:localhost/127.0.0.1:41732]
18:56:54.491 [Forwarding clickElement on session f807bd4fdb9a20f43efcc2f4a53f4a75 to remote] DEBUG org.asynchttpclient.netty.request.NettyRequestSender - Using pooled Channel '[id: 0x732f6f71, L:/127.0.0.1:62101 - R:localhost/127.0.0.1:41732]' for 'POST' to 'http://localhost:41732/session/f807bd4fdb9a20f43efcc2f4a53f4a75/element/A675733F1E2EE0D8D0532377725A9E67_element_11/click'
18:56:54.491 [Forwarding clickElement on session f807bd4fdb9a20f43efcc2f4a53f4a75 to remote] DEBUG org.asynchttpclient.netty.request.NettyRequestSender - Using open Channel [id: 0x732f6f71, L:/127.0.0.1:62101 - R:localhost/127.0.0.1:41732] for POST '/session/f807bd4fdb9a20f43efcc2f4a53f4a75/element/A675733F1E2EE0D8D0532377725A9E67_element_11/click'
18:56:54.537 [AsyncHttpClient-1-17] DEBUG org.asynchttpclient.netty.handler.HttpHandler - 

Request DefaultHttpRequest(decodeResult: success, version: HTTP/1.1)
POST /session/f807bd4fdb9a20f43efcc2f4a53f4a75/element/A675733F1E2EE0D8D0532377725A9E67_element_11/click HTTP/1.1
User-Agent: selenium/4.8.1 (java windows)
Content-Length: 57
Content-Type: application/json; charset=utf-8
host: localhost:41732
accept: */*

Response DefaultHttpResponse(decodeResult: success, version: HTTP/1.1)
HTTP/1.1 200 OK
Content-Length: 14
Content-Type: application/json; charset=utf-8
cache-control: no-cache

18:56:54.537 [AsyncHttpClient-1-17] DEBUG org.asynchttpclient.netty.channel.ChannelManager - Adding key: http://localhost:41732 for channel [id: 0x732f6f71, L:/127.0.0.1:62101 - R:localhost/127.0.0.1:41732]
18:56:54.541 [Forwarding getAlertText on session f807bd4fdb9a20f43efcc2f4a53f4a75 to remote] DEBUG org.asynchttpclient.netty.request.NettyRequestSender - Using pooled Channel '[id: 0x732f6f71, L:/127.0.0.1:62101 - R:localhost/127.0.0.1:41732]' for 'GET' to 'http://localhost:41732/session/f807bd4fdb9a20f43efcc2f4a53f4a75/alert/text'
18:56:54.541 [Forwarding getAlertText on session f807bd4fdb9a20f43efcc2f4a53f4a75 to remote] DEBUG org.asynchttpclient.netty.request.NettyRequestSender - Using open Channel [id: 0x732f6f71, L:/127.0.0.1:62101 - R:localhost/127.0.0.1:41732] for GET '/session/f807bd4fdb9a20f43efcc2f4a53f4a75/alert/text'
18:56:54.542 [AsyncHttpClient-1-17] DEBUG org.asynchttpclient.netty.handler.HttpHandler - 

Request DefaultFullHttpRequest(decodeResult: success, version: HTTP/1.1, content: EmptyByteBufBE)
GET /session/f807bd4fdb9a20f43efcc2f4a53f4a75/alert/text HTTP/1.1
User-Agent: selenium/4.8.1 (java windows)
Cache-Control: no-cache
Content-Type: application/json; charset=utf-8
host: localhost:41732
accept: */*

Response DefaultHttpResponse(decodeResult: success, version: HTTP/1.1)
HTTP/1.1 404 Not Found
Content-Length: 821
Content-Type: application/json; charset=utf-8
cache-control: no-cache

18:56:54.543 [AsyncHttpClient-1-17] DEBUG org.asynchttpclient.netty.channel.ChannelManager - Adding key: http://localhost:41732 for channel [id: 0x732f6f71, L:/127.0.0.1:62101 - R:localhost/127.0.0.1:41732]
18:56:54.544 [Forwarding getCurrentUrl on session f807bd4fdb9a20f43efcc2f4a53f4a75 to remote] DEBUG org.asynchttpclient.netty.request.NettyRequestSender - Using pooled Channel '[id: 0x732f6f71, L:/127.0.0.1:62101 - R:localhost/127.0.0.1:41732]' for 'GET' to 'http://localhost:41732/session/f807bd4fdb9a20f43efcc2f4a53f4a75/url'
18:56:54.544 [Forwarding getCurrentUrl on session f807bd4fdb9a20f43efcc2f4a53f4a75 to remote] DEBUG org.asynchttpclient.netty.request.NettyRequestSender - Using open Channel [id: 0x732f6f71, L:/127.0.0.1:62101 - R:localhost/127.0.0.1:41732] for GET '/session/f807bd4fdb9a20f43efcc2f4a53f4a75/url'
18:56:54.548 [AsyncHttpClient-1-17] DEBUG org.asynchttpclient.netty.handler.HttpHandler - 

Request DefaultFullHttpRequest(decodeResult: success, version: HTTP/1.1, content: EmptyByteBufBE)
GET /session/f807bd4fdb9a20f43efcc2f4a53f4a75/url HTTP/1.1
User-Agent: selenium/4.8.1 (java windows)
Cache-Control: no-cache
Content-Type: application/json; charset=utf-8
host: localhost:41732
accept: */*

Response DefaultHttpResponse(decodeResult: success, version: HTTP/1.1)
HTTP/1.1 200 OK
Content-Length: 45
Content-Type: application/json; charset=utf-8
cache-control: no-cache

18:56:54.548 [AsyncHttpClient-1-17] DEBUG org.asynchttpclient.netty.channel.ChannelManager - Adding key: http://localhost:41732 for channel [id: 0x732f6f71, L:/127.0.0.1:62101 - R:localhost/127.0.0.1:41732]
18:56:54.548 [Forwarding screenshot on session f807bd4fdb9a20f43efcc2f4a53f4a75 to remote] DEBUG org.asynchttpclient.netty.request.NettyRequestSender - Using pooled Channel '[id: 0x732f6f71, L:/127.0.0.1:62101 - R:localhost/127.0.0.1:41732]' for 'GET' to 'http://localhost:41732/session/f807bd4fdb9a20f43efcc2f4a53f4a75/screenshot'
18:56:54.549 [Forwarding screenshot on session f807bd4fdb9a20f43efcc2f4a53f4a75 to remote] DEBUG org.asynchttpclient.netty.request.NettyRequestSender - Using open Channel [id: 0x732f6f71, L:/127.0.0.1:62101 - R:localhost/127.0.0.1:41732] for GET '/session/f807bd4fdb9a20f43efcc2f4a53f4a75/screenshot'
18:56:54.647 [AsyncHttpClient-1-17] DEBUG org.asynchttpclient.netty.handler.HttpHandler - 

Request DefaultFullHttpRequest(decodeResult: success, version: HTTP/1.1, content: EmptyByteBufBE)
GET /session/f807bd4fdb9a20f43efcc2f4a53f4a75/screenshot HTTP/1.1
User-Agent: selenium/4.8.1 (java windows)
Cache-Control: no-cache
Content-Type: application/json; charset=utf-8
host: localhost:41732
accept: */*

Response DefaultHttpResponse(decodeResult: success, version: HTTP/1.1)
HTTP/1.1 200 OK
Content-Length: 36356
Content-Type: application/json; charset=utf-8
cache-control: no-cache

18:56:54.647 [AsyncHttpClient-1-17] DEBUG org.asynchttpclient.netty.channel.ChannelManager - Adding key: http://localhost:41732 for channel [id: 0x732f6f71, L:/127.0.0.1:62101 - R:localhost/127.0.0.1:41732]
18:56:54.648 [main] DEBUG net.serenitybdd.core.photography.Darkroom - Send negative for processing for target\site\serenity\7df8f1dd26b427b6c4f2d0254d7a76247914e4d99c5001e4f17075b91ccd1d03.png
18:56:54.648 [main] DEBUG net.thucydides.core.steps.StepInterceptor - STEP DONE: clickLoginButton
  &amp#27;[32mWhen &amp#27;[0m&amp#27;[32mI click on the login button&amp#27;[0m       &amp#27;[90m# starter.stepdefinitions.LoginSteps.clickLoginButton()&amp#27;[0m
18:56:54.648 [Darkroom Processing Line] DEBUG net.serenitybdd.core.photography.DarkroomProcessingLine - Processing screenshot image in /var/screenshots/screenshot-2322750518863574386
18:56:54.648 [Darkroom Processing Line] DEBUG net.serenitybdd.core.photography.DarkroomProcessingLine - Saving screenshot to target\site\serenity\7df8f1dd26b427b6c4f2d0254d7a76247914e4d99c5001e4f17075b91ccd1d03.png
18:56:54.657 [Forwarding getPageSource on session f807bd4fdb9a20f43efcc2f4a53f4a75 to remote] DEBUG org.asynchttpclient.netty.request.NettyRequestSender - Using pooled Channel '[id: 0x732f6f71, L:/127.0.0.1:62101 - R:localhost/127.0.0.1:41732]' for 'POST' to 'http://localhost:41732/session/f807bd4fdb9a20f43efcc2f4a53f4a75/execute/sync'
18:56:54.657 [Forwarding getPageSource on session f807bd4fdb9a20f43efcc2f4a53f4a75 to remote] DEBUG org.asynchttpclient.netty.request.NettyRequestSender - Using open Channel [id: 0x732f6f71, L:/127.0.0.1:62101 - R:localhost/127.0.0.1:41732] for POST '/session/f807bd4fdb9a20f43efcc2f4a53f4a75/execute/sync'
18:56:54.662 [AsyncHttpClient-1-17] DEBUG org.asynchttpclient.netty.handler.HttpHandler - 

Request DefaultHttpRequest(decodeResult: success, version: HTTP/1.1)
POST /session/f807bd4fdb9a20f43efcc2f4a53f4a75/execute/sync HTTP/1.1
User-Agent: selenium/4.8.1 (java windows)
Content-Length: 176
Content-Type: application/json; charset=utf-8
host: localhost:41732
accept: */*

Response DefaultHttpResponse(decodeResult: success, version: HTTP/1.1)
HTTP/1.1 200 OK
Content-Length: 9631
Content-Type: application/json; charset=utf-8
cache-control: no-cache

18:56:54.662 [AsyncHttpClient-1-17] DEBUG org.asynchttpclient.netty.channel.ChannelManager - Adding key: http://localhost:41732 for channel [id: 0x732f6f71, L:/127.0.0.1:62101 - R:localhost/127.0.0.1:41732]
18:56:54.663 [Forwarding getCurrentUrl on session f807bd4fdb9a20f43efcc2f4a53f4a75 to remote] DEBUG org.asynchttpclient.netty.request.NettyRequestSender - Using pooled Channel '[id: 0x732f6f71, L:/127.0.0.1:62101 - R:localhost/127.0.0.1:41732]' for 'GET' to 'http://localhost:41732/session/f807bd4fdb9a20f43efcc2f4a53f4a75/url'
18:56:54.663 [Forwarding getCurrentUrl on session f807bd4fdb9a20f43efcc2f4a53f4a75 to remote] DEBUG org.asynchttpclient.netty.request.NettyRequestSender - Using open Channel [id: 0x732f6f71, L:/127.0.0.1:62101 - R:localhost/127.0.0.1:41732] for GET '/session/f807bd4fdb9a20f43efcc2f4a53f4a75/url'
18:56:54.666 [AsyncHttpClient-1-17] DEBUG org.asynchttpclient.netty.handler.HttpHandler - 

Request DefaultFullHttpRequest(decodeResult: success, version: HTTP/1.1, content: EmptyByteBufBE)
GET /session/f807bd4fdb9a20f43efcc2f4a53f4a75/url HTTP/1.1
User-Agent: selenium/4.8.1 (java windows)
Cache-Control: no-cache
Content-Type: application/json; charset=utf-8
host: localhost:41732
accept: */*

Response DefaultHttpResponse(decodeResult: success, version: HTTP/1.1)
HTTP/1.1 200 OK
Content-Length: 45
Content-Type: application/json; charset=utf-8
cache-control: no-cache

18:56:54.666 [AsyncHttpClient-1-17] DEBUG org.asynchttpclient.netty.channel.ChannelManager - Adding key: http://localhost:41732 for channel [id: 0x732f6f71, L:/127.0.0.1:62101 - R:localhost/127.0.0.1:41732]
18:56:54.675 [Forwarding getPageSource on session f807bd4fdb9a20f43efcc2f4a53f4a75 to remote] DEBUG org.asynchttpclient.netty.request.NettyRequestSender - Using pooled Channel '[id: 0x732f6f71, L:/127.0.0.1:62101 - R:localhost/127.0.0.1:41732]' for 'POST' to 'http://localhost:41732/session/f807bd4fdb9a20f43efcc2f4a53f4a75/execute/sync'
18:56:54.675 [Forwarding getPageSource on session f807bd4fdb9a20f43efcc2f4a53f4a75 to remote] DEBUG org.asynchttpclient.netty.request.NettyRequestSender - Using open Channel [id: 0x732f6f71, L:/127.0.0.1:62101 - R:localhost/127.0.0.1:41732] for POST '/session/f807bd4fdb9a20f43efcc2f4a53f4a75/execute/sync'
18:56:54.680 [AsyncHttpClient-1-17] DEBUG org.asynchttpclient.netty.handler.HttpHandler - 

Request DefaultHttpRequest(decodeResult: success, version: HTTP/1.1)
POST /session/f807bd4fdb9a20f43efcc2f4a53f4a75/execute/sync HTTP/1.1
User-Agent: selenium/4.8.1 (java windows)
Content-Length: 176
Content-Type: application/json; charset=utf-8
host: localhost:41732
accept: */*

Response DefaultHttpResponse(decodeResult: success, version: HTTP/1.1)
HTTP/1.1 200 OK
Content-Length: 9631
Content-Type: application/json; charset=utf-8
cache-control: no-cache

18:56:54.680 [AsyncHttpClient-1-17] DEBUG org.asynchttpclient.netty.channel.ChannelManager - Adding key: http://localhost:41732 for channel [id: 0x732f6f71, L:/127.0.0.1:62101 - R:localhost/127.0.0.1:41732]
18:56:54.681 [Forwarding getCurrentUrl on session f807bd4fdb9a20f43efcc2f4a53f4a75 to remote] DEBUG org.asynchttpclient.netty.request.NettyRequestSender - Using pooled Channel '[id: 0x732f6f71, L:/127.0.0.1:62101 - R:localhost/127.0.0.1:41732]' for 'GET' to 'http://localhost:41732/session/f807bd4fdb9a20f43efcc2f4a53f4a75/url'
18:56:54.681 [Forwarding getCurrentUrl on session f807bd4fdb9a20f43efcc2f4a53f4a75 to remote] DEBUG org.asynchttpclient.netty.request.NettyRequestSender - Using open Channel [id: 0x732f6f71, L:/127.0.0.1:62101 - R:localhost/127.0.0.1:41732] for GET '/session/f807bd4fdb9a20f43efcc2f4a53f4a75/url'
18:56:54.685 [AsyncHttpClient-1-17] DEBUG org.asynchttpclient.netty.handler.HttpHandler - 

Request DefaultFullHttpRequest(decodeResult: success, version: HTTP/1.1, content: EmptyByteBufBE)
GET /session/f807bd4fdb9a20f43efcc2f4a53f4a75/url HTTP/1.1
User-Agent: selenium/4.8.1 (java windows)
Cache-Control: no-cache
Content-Type: application/json; charset=utf-8
host: localhost:41732
accept: */*

Response DefaultHttpResponse(decodeResult: success, version: HTTP/1.1)
HTTP/1.1 200 OK
Content-Length: 45
Content-Type: application/json; charset=utf-8
cache-control: no-cache

18:56:54.685 [AsyncHttpClient-1-17] DEBUG org.asynchttpclient.netty.channel.ChannelManager - Adding key: http://localhost:41732 for channel [id: 0x732f6f71, L:/127.0.0.1:62101 - R:localhost/127.0.0.1:41732]
18:56:54.687 [main] DEBUG net.thucydides.core.steps.StepInterceptor - STARTING STEP: LoginSteps.checkWarningEmptyEmail - checkWarningEmptyEmail
18:56:54.689 [Forwarding findElement on session f807bd4fdb9a20f43efcc2f4a53f4a75 to remote] DEBUG org.asynchttpclient.netty.request.NettyRequestSender - Using pooled Channel '[id: 0x732f6f71, L:/127.0.0.1:62101 - R:localhost/127.0.0.1:41732]' for 'POST' to 'http://localhost:41732/session/f807bd4fdb9a20f43efcc2f4a53f4a75/element'
18:56:54.689 [Forwarding findElement on session f807bd4fdb9a20f43efcc2f4a53f4a75 to remote] DEBUG org.asynchttpclient.netty.request.NettyRequestSender - Using open Channel [id: 0x732f6f71, L:/127.0.0.1:62101 - R:localhost/127.0.0.1:41732] for POST '/session/f807bd4fdb9a20f43efcc2f4a53f4a75/element'
18:56:54.699 [AsyncHttpClient-1-17] DEBUG org.asynchttpclient.netty.handler.HttpHandler - 

Request DefaultHttpRequest(decodeResult: success, version: HTTP/1.1)
POST /session/f807bd4fdb9a20f43efcc2f4a53f4a75/element HTTP/1.1
User-Agent: selenium/4.8.1 (java windows)
Content-Length: 51
Content-Type: application/json; charset=utf-8
host: localhost:41732
accept: */*

Response DefaultHttpResponse(decodeResult: success, version: HTTP/1.1)
HTTP/1.1 200 OK
Content-Length: 95
Content-Type: application/json; charset=utf-8
cache-control: no-cache

18:56:54.699 [AsyncHttpClient-1-17] DEBUG org.asynchttpclient.netty.channel.ChannelManager - Adding key: http://localhost:41732 for channel [id: 0x732f6f71, L:/127.0.0.1:62101 - R:localhost/127.0.0.1:41732]
18:56:54.701 [Forwarding isElementDisplayed on session f807bd4fdb9a20f43efcc2f4a53f4a75 to remote] DEBUG org.asynchttpclient.netty.request.NettyRequestSender - Using pooled Channel '[id: 0x732f6f71, L:/127.0.0.1:62101 - R:localhost/127.0.0.1:41732]' for 'POST' to 'http://localhost:41732/session/f807bd4fdb9a20f43efcc2f4a53f4a75/execute/sync'
18:56:54.701 [Forwarding isElementDisplayed on session f807bd4fdb9a20f43efcc2f4a53f4a75 to remote] DEBUG org.asynchttpclient.netty.request.NettyRequestSender - Using open Channel [id: 0x732f6f71, L:/127.0.0.1:62101 - R:localhost/127.0.0.1:41732] for POST '/session/f807bd4fdb9a20f43efcc2f4a53f4a75/execute/sync'
18:56:54.717 [AsyncHttpClient-1-17] DEBUG org.asynchttpclient.netty.handler.HttpHandler - 

Request DefaultHttpRequest(decodeResult: success, version: HTTP/1.1)
POST /session/f807bd4fdb9a20f43efcc2f4a53f4a75/execute/sync HTTP/1.1
User-Agent: selenium/4.8.1 (java windows)
Content-Length: 48814
Content-Type: application/json; charset=utf-8
host: localhost:41732
accept: */*

Response DefaultHttpResponse(decodeResult: success, version: HTTP/1.1)
HTTP/1.1 200 OK
Content-Length: 14
Content-Type: application/json; charset=utf-8
cache-control: no-cache

18:56:54.717 [AsyncHttpClient-1-17] DEBUG org.asynchttpclient.netty.channel.ChannelManager - Adding key: http://localhost:41732 for channel [id: 0x732f6f71, L:/127.0.0.1:62101 - R:localhost/127.0.0.1:41732]
18:56:54.723 [Forwarding getAlertText on session f807bd4fdb9a20f43efcc2f4a53f4a75 to remote] DEBUG org.asynchttpclient.netty.request.NettyRequestSender - Using pooled Channel '[id: 0x732f6f71, L:/127.0.0.1:62101 - R:localhost/127.0.0.1:41732]' for 'GET' to 'http://localhost:41732/session/f807bd4fdb9a20f43efcc2f4a53f4a75/alert/text'
18:56:54.723 [Forwarding getAlertText on session f807bd4fdb9a20f43efcc2f4a53f4a75 to remote] DEBUG org.asynchttpclient.netty.request.NettyRequestSender - Using open Channel [id: 0x732f6f71, L:/127.0.0.1:62101 - R:localhost/127.0.0.1:41732] for GET '/session/f807bd4fdb9a20f43efcc2f4a53f4a75/alert/text'
18:56:54.726 [AsyncHttpClient-1-17] DEBUG org.asynchttpclient.netty.handler.HttpHandler - 

Request DefaultFullHttpRequest(decodeResult: success, version: HTTP/1.1, content: EmptyByteBufBE)
GET /session/f807bd4fdb9a20f43efcc2f4a53f4a75/alert/text HTTP/1.1
User-Agent: selenium/4.8.1 (java windows)
Cache-Control: no-cache
Content-Type: application/json; charset=utf-8
host: localhost:41732
accept: */*

Response DefaultHttpResponse(decodeResult: success, version: HTTP/1.1)
HTTP/1.1 404 Not Found
Content-Length: 821
Content-Type: application/json; charset=utf-8
cache-control: no-cache

18:56:54.726 [AsyncHttpClient-1-17] DEBUG org.asynchttpclient.netty.channel.ChannelManager - Adding key: http://localhost:41732 for channel [id: 0x732f6f71, L:/127.0.0.1:62101 - R:localhost/127.0.0.1:41732]
18:56:54.728 [Forwarding getCurrentUrl on session f807bd4fdb9a20f43efcc2f4a53f4a75 to remote] DEBUG org.asynchttpclient.netty.request.NettyRequestSender - Using pooled Channel '[id: 0x732f6f71, L:/127.0.0.1:62101 - R:localhost/127.0.0.1:41732]' for 'GET' to 'http://localhost:41732/session/f807bd4fdb9a20f43efcc2f4a53f4a75/url'
18:56:54.728 [Forwarding getCurrentUrl on session f807bd4fdb9a20f43efcc2f4a53f4a75 to remote] DEBUG org.asynchttpclient.netty.request.NettyRequestSender - Using open Channel [id: 0x732f6f71, L:/127.0.0.1:62101 - R:localhost/127.0.0.1:41732] for GET '/session/f807bd4fdb9a20f43efcc2f4a53f4a75/url'
18:56:54.735 [AsyncHttpClient-1-17] DEBUG org.asynchttpclient.netty.handler.HttpHandler - 

Request DefaultFullHttpRequest(decodeResult: success, version: HTTP/1.1, content: EmptyByteBufBE)
GET /session/f807bd4fdb9a20f43efcc2f4a53f4a75/url HTTP/1.1
User-Agent: selenium/4.8.1 (java windows)
Cache-Control: no-cache
Content-Type: application/json; charset=utf-8
host: localhost:41732
accept: */*

Response DefaultHttpResponse(decodeResult: success, version: HTTP/1.1)
HTTP/1.1 200 OK
Content-Length: 45
Content-Type: application/json; charset=utf-8
cache-control: no-cache

18:56:54.735 [AsyncHttpClient-1-17] DEBUG org.asynchttpclient.netty.channel.ChannelManager - Adding key: http://localhost:41732 for channel [id: 0x732f6f71, L:/127.0.0.1:62101 - R:localhost/127.0.0.1:41732]
18:56:54.737 [Forwarding screenshot on session f807bd4fdb9a20f43efcc2f4a53f4a75 to remote] DEBUG org.asynchttpclient.netty.request.NettyRequestSender - Using pooled Channel '[id: 0x732f6f71, L:/127.0.0.1:62101 - R:localhost/127.0.0.1:41732]' for 'GET' to 'http://localhost:41732/session/f807bd4fdb9a20f43efcc2f4a53f4a75/screenshot'
18:56:54.737 [Forwarding screenshot on session f807bd4fdb9a20f43efcc2f4a53f4a75 to remote] DEBUG org.asynchttpclient.netty.request.NettyRequestSender - Using open Channel [id: 0x732f6f71, L:/127.0.0.1:62101 - R:localhost/127.0.0.1:41732] for GET '/session/f807bd4fdb9a20f43efcc2f4a53f4a75/screenshot'
18:56:54.849 [AsyncHttpClient-1-17] DEBUG org.asynchttpclient.netty.handler.HttpHandler - 

Request DefaultFullHttpRequest(decodeResult: success, version: HTTP/1.1, content: EmptyByteBufBE)
GET /session/f807bd4fdb9a20f43efcc2f4a53f4a75/screenshot HTTP/1.1
User-Agent: selenium/4.8.1 (java windows)
Cache-Control: no-cache
Content-Type: application/json; charset=utf-8
host: localhost:41732
accept: */*

Response DefaultHttpResponse(decodeResult: success, version: HTTP/1.1)
HTTP/1.1 200 OK
Content-Length: 36388
Content-Type: application/json; charset=utf-8
cache-control: no-cache

18:56:54.849 [AsyncHttpClient-1-17] DEBUG org.asynchttpclient.netty.channel.ChannelManager - Adding key: http://localhost:41732 for channel [id: 0x732f6f71, L:/127.0.0.1:62101 - R:localhost/127.0.0.1:41732]
18:56:54.851 [main] DEBUG net.serenitybdd.core.photography.Darkroom - Send negative for processing for target\site\serenity\412332a727f6b65c31171dbe9c8d787f5db6b3d39b0a164ae8341e6fc643c634.png
18:56:54.852 [main] DEBUG net.thucydides.core.steps.StepInterceptor - STEP DONE: checkWarningEmptyEmail
18:56:54.852 [Darkroom Processing Line] DEBUG net.serenitybdd.core.photography.DarkroomProcessingLine - Processing screenshot image in /var/screenshots/screenshot-17171521500673136021
18:56:54.852 [Darkroom Processing Line] DEBUG net.serenitybdd.core.photography.DarkroomProcessingLine - Saving screenshot to target\site\serenity\412332a727f6b65c31171dbe9c8d787f5db6b3d39b0a164ae8341e6fc643c634.png
  &amp#27;[32mThen &amp#27;[0m&amp#27;[32mI should see empty warning email&amp#27;[0m  &amp#27;[90m# starter.stepdefinitions.LoginSteps.checkWarningEmptyEmail()&amp#27;[0m
18:56:54.859 [main] INFO  - 
  _____   ___   ___   _____     ___     _     ___   ___   ___   ___  
 |_   _| | __| / __| |_   _|   | _ \   /_\   / __| / __| | __| |   \ 
   | |   | _|  \__ \   | |     |  _/  / _ \  \__ \ \__ \ | _|  | |) |
   |_|   |___| |___/   |_|     |_|   /_/ \_\ |___/ |___/ |___| |___/ 

Admin login without fill email
----------------------------------------------------------------------
18:56:54.861 [AsyncHttpClient-1-19] DEBUG org.asynchttpclient.netty.handler.WebSocketHandler - Channel Closed: [id: 0x166d861a, L:/127.0.0.1:62111 ! R:localhost/127.0.0.1:62102] with attribute NettyResponseFuture{currentRetry=0,
	isDone=1,
	isCancelled=0,
	asyncHandler=org.asynchttpclient.ws.WebSocketUpgradeHandler@6bbdcbd5,
	nettyRequest=org.asynchttpclient.netty.request.NettyRequest@2ebf48c6,
	future=java.util.concurrent.CompletableFuture@6233853c[Completed normally],
	uri=ws://localhost:62102/devtools/browser/3429f082-0638-4b34-b901-14b4be85e2a8,
	keepAlive=true,
	redirectCount=0,
	timeoutsHolder=null,
	inAuth=0,
	touch=1687780612600}
18:56:54.861 [Driver Command Executor] DEBUG org.asynchttpclient.netty.request.NettyRequestSender - Using pooled Channel '[id: 0x732f6f71, L:/127.0.0.1:62101 - R:localhost/127.0.0.1:41732]' for 'DELETE' to 'http://localhost:41732/session/f807bd4fdb9a20f43efcc2f4a53f4a75'
18:56:54.861 [AsyncHttpClient-1-19] DEBUG org.asynchttpclient.netty.channel.ChannelManager - Closing Channel [id: 0x166d861a, L:/127.0.0.1:62111 ! R:localhost/127.0.0.1:62102] 
18:56:54.861 [Driver Command Executor] DEBUG org.asynchttpclient.netty.request.NettyRequestSender - Using open Channel [id: 0x732f6f71, L:/127.0.0.1:62101 - R:localhost/127.0.0.1:41732] for DELETE '/session/f807bd4fdb9a20f43efcc2f4a53f4a75'
18:56:54.887 [AsyncHttpClient-1-18] DEBUG org.asynchttpclient.netty.handler.HttpHandler - Unexpected I/O exception on channel [id: 0xc47d2027, L:/127.0.0.1:62110 - R:localhost/127.0.0.1:62102]
java.net.SocketException: Connection reset
	at java.base/sun.nio.ch.SocketChannelImpl.throwConnectionReset(SocketChannelImpl.java:367)
	at java.base/sun.nio.ch.SocketChannelImpl.read(SocketChannelImpl.java:398)
	at io.netty.buffer.PooledByteBuf.setBytes(PooledByteBuf.java:259)
	at io.netty.buffer.AbstractByteBuf.writeBytes(AbstractByteBuf.java:1132)
	at io.netty.channel.socket.nio.NioSocketChannel.doReadBytes(NioSocketChannel.java:357)
	at io.netty.channel.nio.AbstractNioByteChannel$NioByteUnsafe.read(AbstractNioByteChannel.java:151)
	at io.netty.channel.nio.NioEventLoop.processSelectedKey(NioEventLoop.java:788)
	at io.netty.channel.nio.NioEventLoop.processSelectedKeysOptimized(NioEventLoop.java:724)
	at io.netty.channel.nio.NioEventLoop.processSelectedKeys(NioEventLoop.java:650)
	at io.netty.channel.nio.NioEventLoop.run(NioEventLoop.java:562)
	at io.netty.util.concurrent.SingleThreadEventExecutor$4.run(SingleThreadEventExecutor.java:997)
	at io.netty.util.internal.ThreadExecutorMap$2.run(ThreadExecutorMap.java:74)
	at io.netty.util.concurrent.FastThreadLocalRunnable.run(FastThreadLocalRunnable.java:30)
	at java.base/java.lang.Thread.run(Thread.java:832)
18:56:54.887 [AsyncHttpClient-1-18] DEBUG org.asynchttpclient.netty.channel.ChannelManager - Closing Channel [id: 0xc47d2027, L:/127.0.0.1:62110 - R:localhost/127.0.0.1:62102] 
18:56:54.888 [AsyncHttpClient-1-18] DEBUG org.asynchttpclient.netty.handler.HttpHandler - Channel Closed: [id: 0xc47d2027, L:/127.0.0.1:62110 ! R:localhost/127.0.0.1:62102] with attribute DISCARD
18:56:54.900 [AsyncHttpClient-1-17] DEBUG org.asynchttpclient.netty.handler.HttpHandler - 

Request DefaultFullHttpRequest(decodeResult: success, version: HTTP/1.1, content: EmptyByteBufBE)
DELETE /session/f807bd4fdb9a20f43efcc2f4a53f4a75 HTTP/1.1
User-Agent: selenium/4.8.1 (java windows)
Content-Type: application/json; charset=utf-8
host: localhost:41732
accept: */*

Response DefaultHttpResponse(decodeResult: success, version: HTTP/1.1)
HTTP/1.1 200 OK
Content-Length: 14
Content-Type: application/json; charset=utf-8
cache-control: no-cache

18:56:54.900 [AsyncHttpClient-1-17] DEBUG org.asynchttpclient.netty.channel.ChannelManager - Adding key: http://localhost:41732 for channel [id: 0x732f6f71, L:/127.0.0.1:62101 - R:localhost/127.0.0.1:41732]
18:56:54.964 [AsyncHttpClient-1-17] DEBUG org.asynchttpclient.netty.handler.HttpHandler - Channel Closed: [id: 0x732f6f71, L:/127.0.0.1:62101 ! R:localhost/127.0.0.1:41732] with attribute DISCARD
18:56:55.061 [AsyncHttpClient-1-1] DEBUG org.asynchttpclient.netty.channel.DefaultChannelPool - Entry count for : http://localhost:62102 : 1
18:56:55.061 [AsyncHttpClient-1-1] DEBUG org.asynchttpclient.netty.channel.DefaultChannelPool - Entry count for : http://localhost:41732 : 1
18:56:55.061 [AsyncHttpClient-1-1] DEBUG org.asynchttpclient.netty.channel.DefaultChannelPool - Adding Candidate expired Channel [id: 0xc47d2027, L:/127.0.0.1:62110 ! R:localhost/127.0.0.1:62102] isIdleTimeoutExpired=false isRemotelyClosed=true isTtlExpired=false
18:56:55.061 [AsyncHttpClient-1-1] DEBUG org.asynchttpclient.netty.channel.DefaultChannelPool - Closing Idle Channel [id: 0xc47d2027, L:/127.0.0.1:62110 ! R:localhost/127.0.0.1:62102]
18:56:55.061 [AsyncHttpClient-1-1] DEBUG org.asynchttpclient.netty.channel.DefaultChannelPool - Adding Candidate expired Channel [id: 0x732f6f71, L:/127.0.0.1:62101 ! R:localhost/127.0.0.1:41732] isIdleTimeoutExpired=false isRemotelyClosed=true isTtlExpired=false
18:56:55.061 [AsyncHttpClient-1-1] DEBUG org.asynchttpclient.netty.channel.DefaultChannelPool - Closing Idle Channel [id: 0x732f6f71, L:/127.0.0.1:62101 ! R:localhost/127.0.0.1:41732]
18:56:55.061 [AsyncHttpClient-1-1] DEBUG org.asynchttpclient.netty.channel.DefaultChannelPool - Closed 2 connections out of 2 in 0 ms
]]></system-out>
    <system-err><![CDATA[Starting ChromeDriver 114.0.5735.16 (7e1ff058633f5b79b1cd7479aca585ba385519d8-refs/branch-heads/5735@{#182}) on port 41732
Only local connections are allowed.
Please see https://chromedriver.chromium.org/security-considerations for suggestions on keeping ChromeDriver safe.
ChromeDriver was started successfully.
Jun 26, 2023 6:56:52 PM org.openqa.selenium.devtools.CdpVersionFinder findNearestMatch
WARNING: Unable to find an exact match for CDP version 114, so returning the closest version found: 110
]]></system-err>
  </testcase>
  <testcase name="Admin login with email less than 2 char" classname="Login to Sociops Admin Account" time="3.681">
    <system-out><![CDATA[
Scenario: Admin login with email less than 2 char &amp#27;[90m# src/test/resources/features/Login.feature:49&amp#27;[0m
18:56:55.484 [main] DEBUG io.cucumber.core.plugin.SerenityReporter - Running feature from file:///C:/Users/WINDOWS%2010/Documents/GitHub/Capstone/sociops_qe_web/src/test/resources/features/Login.feature
18:56:55.487 [main] INFO  - 
  _____   ___   ___   _____     ___   _____     _     ___   _____   ___   ___  
 |_   _| | __| / __| |_   _|   / __| |_   _|   /_\   | _ \ |_   _| | __| |   \ 
   | |   | _|  \__ \   | |     \__ \   | |    / _ \  |   /   | |   | _|  | |) |
   |_|   |___| |___/   |_|     |___/   |_|   /_/ \_\ |_|_\   |_|   |___| |___/ 

Admin login with email less than 2 char(login-to-sociops-admin-account;admin-login-with-email-less-than-2-char)
--------------------------------------------------------------------------------
18:56:55.511 [main] DEBUG net.thucydides.core.steps.StepInterceptor - STARTING STEP: LoginSteps.onTheLoginPage - openPage
18:56:55.548 [main] INFO net.serenitybdd.core.webdriver.driverproviders.ChromeDriverProvider - Starting Chrome driver instance with capabilities:
18:56:55.549 [main] INFO net.serenitybdd.core.webdriver.driverproviders.ChromeDriverProvider - Capabilities {acceptInsecureCerts: false, browserName: chrome, goog:chromeOptions: {args: [remote-allow-origins=*], extensions: []}}
18:56:55.621 [AsyncHttpClient-1-20] DEBUG org.asynchttpclient.netty.channel.NettyConnectListener - Using new Channel '[id: 0x9477b3de, L:/127.0.0.1:62122 - R:localhost/127.0.0.1:23383]' for 'POST' to '/session'
18:56:56.279 [AsyncHttpClient-1-20] DEBUG org.asynchttpclient.netty.handler.HttpHandler - 

Request DefaultHttpRequest(decodeResult: success, version: HTTP/1.1)
POST /session HTTP/1.1
User-Agent: selenium/4.8.1 (java windows)
Content-Length: 507
Content-Type: application/json; charset=utf-8
host: localhost:23383
accept: */*

Response DefaultHttpResponse(decodeResult: success, version: HTTP/1.1)
HTTP/1.1 200 OK
Content-Length: 863
Content-Type: application/json; charset=utf-8
cache-control: no-cache

18:56:56.279 [AsyncHttpClient-1-20] DEBUG org.asynchttpclient.netty.channel.ChannelManager - Adding key: http://localhost:23383 for channel [id: 0x9477b3de, L:/127.0.0.1:62122 - R:localhost/127.0.0.1:23383]
18:56:56.287 [AsyncHttpClient-1-21] DEBUG org.asynchttpclient.netty.channel.NettyConnectListener - Using new Channel '[id: 0xcf3a36e5, L:/127.0.0.1:62130 - R:localhost/127.0.0.1:62124]' for 'GET' to '/json/version'
18:56:56.290 [AsyncHttpClient-1-21] DEBUG org.asynchttpclient.netty.handler.HttpHandler - 

Request DefaultFullHttpRequest(decodeResult: success, version: HTTP/1.1, content: EmptyByteBufBE)
GET /json/version HTTP/1.1
User-Agent: selenium/4.8.1 (java windows)
host: localhost:62124
accept: */*

Response DefaultHttpResponse(decodeResult: success, version: HTTP/1.1)
HTTP/1.1 200 OK
Content-Security-Policy: frame-ancestors 'none'
Content-Length: 424
Content-Type: application/json; charset=UTF-8

18:56:56.290 [AsyncHttpClient-1-21] DEBUG org.asynchttpclient.netty.channel.ChannelManager - Adding key: http://localhost:62124 for channel [id: 0xcf3a36e5, L:/127.0.0.1:62130 - R:localhost/127.0.0.1:62124]
18:56:56.292 [AsyncHttpClient-1-22] DEBUG org.asynchttpclient.netty.channel.NettyConnectListener - Using new Channel '[id: 0x1814abd3, L:/127.0.0.1:62131 - R:localhost/127.0.0.1:62124]' for 'GET' to '/devtools/browser/4f82e662-0f97-45e9-b9a0-81b56a609497'
18:56:56.295 [AsyncHttpClient-1-22] DEBUG org.asynchttpclient.netty.handler.WebSocketHandler - 

Request DefaultFullHttpRequest(decodeResult: success, version: HTTP/1.1, content: EmptyByteBufBE)
GET /devtools/browser/4f82e662-0f97-45e9-b9a0-81b56a609497 HTTP/1.1
upgrade: websocket
connection: upgrade
sec-websocket-key: 4gWChJYGZ8TBeBEV/KfACg==
sec-websocket-version: 13
origin: http://localhost:62124
host: localhost:62124
accept: */*
user-agent: AHC/2.1

Response DefaultHttpResponse(decodeResult: success, version: HTTP/1.1)
HTTP/1.1 101 WebSocket Protocol Handshake
Upgrade: WebSocket
Connection: Upgrade
Sec-WebSocket-Accept: sY5weyxehu2cZxjBUOMABXp3n28=

18:56:56.298 [Forwarding get on session e13ca99d436793f1a9e23c91e011fcb8 to remote] DEBUG org.asynchttpclient.netty.request.NettyRequestSender - Using pooled Channel '[id: 0x9477b3de, L:/127.0.0.1:62122 - R:localhost/127.0.0.1:23383]' for 'POST' to 'http://localhost:23383/session/e13ca99d436793f1a9e23c91e011fcb8/url'
18:56:56.298 [Forwarding get on session e13ca99d436793f1a9e23c91e011fcb8 to remote] DEBUG org.asynchttpclient.netty.request.NettyRequestSender - Using open Channel [id: 0x9477b3de, L:/127.0.0.1:62122 - R:localhost/127.0.0.1:23383] for POST '/session/e13ca99d436793f1a9e23c91e011fcb8/url'
18:56:57.145 [AsyncHttpClient-1-20] DEBUG org.asynchttpclient.netty.handler.HttpHandler - 

Request DefaultHttpRequest(decodeResult: success, version: HTTP/1.1)
POST /session/e13ca99d436793f1a9e23c91e011fcb8/url HTTP/1.1
User-Agent: selenium/4.8.1 (java windows)
Content-Length: 63
Content-Type: application/json; charset=utf-8
host: localhost:23383
accept: */*

Response DefaultHttpResponse(decodeResult: success, version: HTTP/1.1)
HTTP/1.1 200 OK
Content-Length: 14
Content-Type: application/json; charset=utf-8
cache-control: no-cache

18:56:57.145 [AsyncHttpClient-1-20] DEBUG org.asynchttpclient.netty.channel.ChannelManager - Adding key: http://localhost:23383 for channel [id: 0x9477b3de, L:/127.0.0.1:62122 - R:localhost/127.0.0.1:23383]
18:56:57.146 [Forwarding setTimeout on session e13ca99d436793f1a9e23c91e011fcb8 to remote] DEBUG org.asynchttpclient.netty.request.NettyRequestSender - Using pooled Channel '[id: 0x9477b3de, L:/127.0.0.1:62122 - R:localhost/127.0.0.1:23383]' for 'POST' to 'http://localhost:23383/session/e13ca99d436793f1a9e23c91e011fcb8/timeouts'
18:56:57.147 [Forwarding setTimeout on session e13ca99d436793f1a9e23c91e011fcb8 to remote] DEBUG org.asynchttpclient.netty.request.NettyRequestSender - Using open Channel [id: 0x9477b3de, L:/127.0.0.1:62122 - R:localhost/127.0.0.1:23383] for POST '/session/e13ca99d436793f1a9e23c91e011fcb8/timeouts'
18:56:57.148 [AsyncHttpClient-1-20] DEBUG org.asynchttpclient.netty.handler.HttpHandler - 

Request DefaultHttpRequest(decodeResult: success, version: HTTP/1.1)
POST /session/e13ca99d436793f1a9e23c91e011fcb8/timeouts HTTP/1.1
User-Agent: selenium/4.8.1 (java windows)
Content-Length: 22
Content-Type: application/json; charset=utf-8
host: localhost:23383
accept: */*

Response DefaultHttpResponse(decodeResult: success, version: HTTP/1.1)
HTTP/1.1 200 OK
Content-Length: 14
Content-Type: application/json; charset=utf-8
cache-control: no-cache

18:56:57.148 [AsyncHttpClient-1-20] DEBUG org.asynchttpclient.netty.channel.ChannelManager - Adding key: http://localhost:23383 for channel [id: 0x9477b3de, L:/127.0.0.1:62122 - R:localhost/127.0.0.1:23383]
18:56:57.152 [Forwarding getAlertText on session e13ca99d436793f1a9e23c91e011fcb8 to remote] DEBUG org.asynchttpclient.netty.request.NettyRequestSender - Using pooled Channel '[id: 0x9477b3de, L:/127.0.0.1:62122 - R:localhost/127.0.0.1:23383]' for 'GET' to 'http://localhost:23383/session/e13ca99d436793f1a9e23c91e011fcb8/alert/text'
18:56:57.152 [Forwarding getAlertText on session e13ca99d436793f1a9e23c91e011fcb8 to remote] DEBUG org.asynchttpclient.netty.request.NettyRequestSender - Using open Channel [id: 0x9477b3de, L:/127.0.0.1:62122 - R:localhost/127.0.0.1:23383] for GET '/session/e13ca99d436793f1a9e23c91e011fcb8/alert/text'
18:56:57.154 [AsyncHttpClient-1-20] DEBUG org.asynchttpclient.netty.handler.HttpHandler - 

Request DefaultFullHttpRequest(decodeResult: success, version: HTTP/1.1, content: EmptyByteBufBE)
GET /session/e13ca99d436793f1a9e23c91e011fcb8/alert/text HTTP/1.1
User-Agent: selenium/4.8.1 (java windows)
Cache-Control: no-cache
Content-Type: application/json; charset=utf-8
host: localhost:23383
accept: */*

Response DefaultHttpResponse(decodeResult: success, version: HTTP/1.1)
HTTP/1.1 404 Not Found
Content-Length: 821
Content-Type: application/json; charset=utf-8
cache-control: no-cache

18:56:57.155 [AsyncHttpClient-1-20] DEBUG org.asynchttpclient.netty.channel.ChannelManager - Adding key: http://localhost:23383 for channel [id: 0x9477b3de, L:/127.0.0.1:62122 - R:localhost/127.0.0.1:23383]
18:56:57.156 [Forwarding getCurrentUrl on session e13ca99d436793f1a9e23c91e011fcb8 to remote] DEBUG org.asynchttpclient.netty.request.NettyRequestSender - Using pooled Channel '[id: 0x9477b3de, L:/127.0.0.1:62122 - R:localhost/127.0.0.1:23383]' for 'GET' to 'http://localhost:23383/session/e13ca99d436793f1a9e23c91e011fcb8/url'
18:56:57.156 [Forwarding getCurrentUrl on session e13ca99d436793f1a9e23c91e011fcb8 to remote] DEBUG org.asynchttpclient.netty.request.NettyRequestSender - Using open Channel [id: 0x9477b3de, L:/127.0.0.1:62122 - R:localhost/127.0.0.1:23383] for GET '/session/e13ca99d436793f1a9e23c91e011fcb8/url'
18:56:57.161 [AsyncHttpClient-1-20] DEBUG org.asynchttpclient.netty.handler.HttpHandler - 

Request DefaultFullHttpRequest(decodeResult: success, version: HTTP/1.1, content: EmptyByteBufBE)
GET /session/e13ca99d436793f1a9e23c91e011fcb8/url HTTP/1.1
User-Agent: selenium/4.8.1 (java windows)
Cache-Control: no-cache
Content-Type: application/json; charset=utf-8
host: localhost:23383
accept: */*

Response DefaultHttpResponse(decodeResult: success, version: HTTP/1.1)
HTTP/1.1 200 OK
Content-Length: 45
Content-Type: application/json; charset=utf-8
cache-control: no-cache

18:56:57.162 [AsyncHttpClient-1-20] DEBUG org.asynchttpclient.netty.channel.ChannelManager - Adding key: http://localhost:23383 for channel [id: 0x9477b3de, L:/127.0.0.1:62122 - R:localhost/127.0.0.1:23383]
18:56:57.163 [Forwarding screenshot on session e13ca99d436793f1a9e23c91e011fcb8 to remote] DEBUG org.asynchttpclient.netty.request.NettyRequestSender - Using pooled Channel '[id: 0x9477b3de, L:/127.0.0.1:62122 - R:localhost/127.0.0.1:23383]' for 'GET' to 'http://localhost:23383/session/e13ca99d436793f1a9e23c91e011fcb8/screenshot'
18:56:57.163 [Forwarding screenshot on session e13ca99d436793f1a9e23c91e011fcb8 to remote] DEBUG org.asynchttpclient.netty.request.NettyRequestSender - Using open Channel [id: 0x9477b3de, L:/127.0.0.1:62122 - R:localhost/127.0.0.1:23383] for GET '/session/e13ca99d436793f1a9e23c91e011fcb8/screenshot'
18:56:57.269 [AsyncHttpClient-1-1] DEBUG org.asynchttpclient.netty.channel.DefaultChannelPool - Entry count for : http://localhost:62124 : 1
18:56:57.384 [AsyncHttpClient-1-20] DEBUG org.asynchttpclient.netty.handler.HttpHandler - 

Request DefaultFullHttpRequest(decodeResult: success, version: HTTP/1.1, content: EmptyByteBufBE)
GET /session/e13ca99d436793f1a9e23c91e011fcb8/screenshot HTTP/1.1
User-Agent: selenium/4.8.1 (java windows)
Cache-Control: no-cache
Content-Type: application/json; charset=utf-8
host: localhost:23383
accept: */*

Response DefaultHttpResponse(decodeResult: success, version: HTTP/1.1)
HTTP/1.1 200 OK
Content-Length: 35188
Content-Type: application/json; charset=utf-8
cache-control: no-cache

18:56:57.385 [AsyncHttpClient-1-20] DEBUG org.asynchttpclient.netty.channel.ChannelManager - Adding key: http://localhost:23383 for channel [id: 0x9477b3de, L:/127.0.0.1:62122 - R:localhost/127.0.0.1:23383]
18:56:57.386 [main] DEBUG net.serenitybdd.core.photography.Darkroom - Send negative for processing for target\site\serenity\e1a043f79cde61fd83c796824eb14028e2e774bcf48939784252612fe1cf5b50.png
18:56:57.387 [main] DEBUG net.thucydides.core.steps.StepInterceptor - STEP DONE: openPage
  &amp#27;[32mGiven &amp#27;[0m&amp#27;[32mI am on the sociops login page&amp#27;[0m            &amp#27;[90m# starter.stepdefinitions.LoginSteps.onTheLoginPage()&amp#27;[0m
18:56:57.394 [Forwarding getPageSource on session e13ca99d436793f1a9e23c91e011fcb8 to remote] DEBUG org.asynchttpclient.netty.request.NettyRequestSender - Using pooled Channel '[id: 0x9477b3de, L:/127.0.0.1:62122 - R:localhost/127.0.0.1:23383]' for 'POST' to 'http://localhost:23383/session/e13ca99d436793f1a9e23c91e011fcb8/execute/sync'
18:56:57.394 [Forwarding getPageSource on session e13ca99d436793f1a9e23c91e011fcb8 to remote] DEBUG org.asynchttpclient.netty.request.NettyRequestSender - Using open Channel [id: 0x9477b3de, L:/127.0.0.1:62122 - R:localhost/127.0.0.1:23383] for POST '/session/e13ca99d436793f1a9e23c91e011fcb8/execute/sync'
18:56:57.400 [AsyncHttpClient-1-20] DEBUG org.asynchttpclient.netty.handler.HttpHandler - 

Request DefaultHttpRequest(decodeResult: success, version: HTTP/1.1)
POST /session/e13ca99d436793f1a9e23c91e011fcb8/execute/sync HTTP/1.1
User-Agent: selenium/4.8.1 (java windows)
Content-Length: 176
Content-Type: application/json; charset=utf-8
host: localhost:23383
accept: */*

Response DefaultHttpResponse(decodeResult: success, version: HTTP/1.1)
HTTP/1.1 200 OK
Content-Length: 9538
Content-Type: application/json; charset=utf-8
cache-control: no-cache

18:56:57.400 [AsyncHttpClient-1-20] DEBUG org.asynchttpclient.netty.channel.ChannelManager - Adding key: http://localhost:23383 for channel [id: 0x9477b3de, L:/127.0.0.1:62122 - R:localhost/127.0.0.1:23383]
18:56:57.402 [Forwarding getCurrentUrl on session e13ca99d436793f1a9e23c91e011fcb8 to remote] DEBUG org.asynchttpclient.netty.request.NettyRequestSender - Using pooled Channel '[id: 0x9477b3de, L:/127.0.0.1:62122 - R:localhost/127.0.0.1:23383]' for 'GET' to 'http://localhost:23383/session/e13ca99d436793f1a9e23c91e011fcb8/url'
18:56:57.402 [Forwarding getCurrentUrl on session e13ca99d436793f1a9e23c91e011fcb8 to remote] DEBUG org.asynchttpclient.netty.request.NettyRequestSender - Using open Channel [id: 0x9477b3de, L:/127.0.0.1:62122 - R:localhost/127.0.0.1:23383] for GET '/session/e13ca99d436793f1a9e23c91e011fcb8/url'
18:56:57.405 [AsyncHttpClient-1-20] DEBUG org.asynchttpclient.netty.handler.HttpHandler - 

Request DefaultFullHttpRequest(decodeResult: success, version: HTTP/1.1, content: EmptyByteBufBE)
GET /session/e13ca99d436793f1a9e23c91e011fcb8/url HTTP/1.1
User-Agent: selenium/4.8.1 (java windows)
Cache-Control: no-cache
Content-Type: application/json; charset=utf-8
host: localhost:23383
accept: */*

Response DefaultHttpResponse(decodeResult: success, version: HTTP/1.1)
HTTP/1.1 200 OK
Content-Length: 45
Content-Type: application/json; charset=utf-8
cache-control: no-cache

18:56:57.406 [AsyncHttpClient-1-20] DEBUG org.asynchttpclient.netty.channel.ChannelManager - Adding key: http://localhost:23383 for channel [id: 0x9477b3de, L:/127.0.0.1:62122 - R:localhost/127.0.0.1:23383]
18:56:57.412 [Forwarding getPageSource on session e13ca99d436793f1a9e23c91e011fcb8 to remote] DEBUG org.asynchttpclient.netty.request.NettyRequestSender - Using pooled Channel '[id: 0x9477b3de, L:/127.0.0.1:62122 - R:localhost/127.0.0.1:23383]' for 'POST' to 'http://localhost:23383/session/e13ca99d436793f1a9e23c91e011fcb8/execute/sync'
18:56:57.412 [Forwarding getPageSource on session e13ca99d436793f1a9e23c91e011fcb8 to remote] DEBUG org.asynchttpclient.netty.request.NettyRequestSender - Using open Channel [id: 0x9477b3de, L:/127.0.0.1:62122 - R:localhost/127.0.0.1:23383] for POST '/session/e13ca99d436793f1a9e23c91e011fcb8/execute/sync'
18:56:57.416 [AsyncHttpClient-1-20] DEBUG org.asynchttpclient.netty.handler.HttpHandler - 

Request DefaultHttpRequest(decodeResult: success, version: HTTP/1.1)
POST /session/e13ca99d436793f1a9e23c91e011fcb8/execute/sync HTTP/1.1
User-Agent: selenium/4.8.1 (java windows)
Content-Length: 176
Content-Type: application/json; charset=utf-8
host: localhost:23383
accept: */*

Response DefaultHttpResponse(decodeResult: success, version: HTTP/1.1)
HTTP/1.1 200 OK
Content-Length: 9538
Content-Type: application/json; charset=utf-8
cache-control: no-cache

18:56:57.416 [AsyncHttpClient-1-20] DEBUG org.asynchttpclient.netty.channel.ChannelManager - Adding key: http://localhost:23383 for channel [id: 0x9477b3de, L:/127.0.0.1:62122 - R:localhost/127.0.0.1:23383]
18:56:57.418 [Forwarding getCurrentUrl on session e13ca99d436793f1a9e23c91e011fcb8 to remote] DEBUG org.asynchttpclient.netty.request.NettyRequestSender - Using pooled Channel '[id: 0x9477b3de, L:/127.0.0.1:62122 - R:localhost/127.0.0.1:23383]' for 'GET' to 'http://localhost:23383/session/e13ca99d436793f1a9e23c91e011fcb8/url'
18:56:57.418 [Forwarding getCurrentUrl on session e13ca99d436793f1a9e23c91e011fcb8 to remote] DEBUG org.asynchttpclient.netty.request.NettyRequestSender - Using open Channel [id: 0x9477b3de, L:/127.0.0.1:62122 - R:localhost/127.0.0.1:23383] for GET '/session/e13ca99d436793f1a9e23c91e011fcb8/url'
18:56:57.422 [AsyncHttpClient-1-20] DEBUG org.asynchttpclient.netty.handler.HttpHandler - 

Request DefaultFullHttpRequest(decodeResult: success, version: HTTP/1.1, content: EmptyByteBufBE)
GET /session/e13ca99d436793f1a9e23c91e011fcb8/url HTTP/1.1
User-Agent: selenium/4.8.1 (java windows)
Cache-Control: no-cache
Content-Type: application/json; charset=utf-8
host: localhost:23383
accept: */*

Response DefaultHttpResponse(decodeResult: success, version: HTTP/1.1)
HTTP/1.1 200 OK
Content-Length: 45
Content-Type: application/json; charset=utf-8
cache-control: no-cache

18:56:57.422 [AsyncHttpClient-1-20] DEBUG org.asynchttpclient.netty.channel.ChannelManager - Adding key: http://localhost:23383 for channel [id: 0x9477b3de, L:/127.0.0.1:62122 - R:localhost/127.0.0.1:23383]
18:56:57.423 [main] DEBUG net.thucydides.core.steps.StepInterceptor - STARTING STEP: LoginSteps.inputEmailLessThan2Char - inputEmail
18:56:57.425 [Forwarding findElement on session e13ca99d436793f1a9e23c91e011fcb8 to remote] DEBUG org.asynchttpclient.netty.request.NettyRequestSender - Using pooled Channel '[id: 0x9477b3de, L:/127.0.0.1:62122 - R:localhost/127.0.0.1:23383]' for 'POST' to 'http://localhost:23383/session/e13ca99d436793f1a9e23c91e011fcb8/element'
18:56:57.425 [Forwarding findElement on session e13ca99d436793f1a9e23c91e011fcb8 to remote] DEBUG org.asynchttpclient.netty.request.NettyRequestSender - Using open Channel [id: 0x9477b3de, L:/127.0.0.1:62122 - R:localhost/127.0.0.1:23383] for POST '/session/e13ca99d436793f1a9e23c91e011fcb8/element'
18:56:57.436 [AsyncHttpClient-1-20] DEBUG org.asynchttpclient.netty.handler.HttpHandler - 

Request DefaultHttpRequest(decodeResult: success, version: HTTP/1.1)
POST /session/e13ca99d436793f1a9e23c91e011fcb8/element HTTP/1.1
User-Agent: selenium/4.8.1 (java windows)
Content-Length: 59
Content-Type: application/json; charset=utf-8
host: localhost:23383
accept: */*

Response DefaultHttpResponse(decodeResult: success, version: HTTP/1.1)
HTTP/1.1 200 OK
Content-Length: 94
Content-Type: application/json; charset=utf-8
cache-control: no-cache

18:56:57.437 [AsyncHttpClient-1-20] DEBUG org.asynchttpclient.netty.channel.ChannelManager - Adding key: http://localhost:23383 for channel [id: 0x9477b3de, L:/127.0.0.1:62122 - R:localhost/127.0.0.1:23383]
18:56:57.437 [Forwarding clearElement on session e13ca99d436793f1a9e23c91e011fcb8 to remote] DEBUG org.asynchttpclient.netty.request.NettyRequestSender - Using pooled Channel '[id: 0x9477b3de, L:/127.0.0.1:62122 - R:localhost/127.0.0.1:23383]' for 'POST' to 'http://localhost:23383/session/e13ca99d436793f1a9e23c91e011fcb8/element/BCD2F4A31C3EC8D525F772937BF304B4_element_7/clear'
18:56:57.437 [Forwarding clearElement on session e13ca99d436793f1a9e23c91e011fcb8 to remote] DEBUG org.asynchttpclient.netty.request.NettyRequestSender - Using open Channel [id: 0x9477b3de, L:/127.0.0.1:62122 - R:localhost/127.0.0.1:23383] for POST '/session/e13ca99d436793f1a9e23c91e011fcb8/element/BCD2F4A31C3EC8D525F772937BF304B4_element_7/clear'
18:56:57.479 [AsyncHttpClient-1-20] DEBUG org.asynchttpclient.netty.handler.HttpHandler - 

Request DefaultHttpRequest(decodeResult: success, version: HTTP/1.1)
POST /session/e13ca99d436793f1a9e23c91e011fcb8/element/BCD2F4A31C3EC8D525F772937BF304B4_element_7/clear HTTP/1.1
User-Agent: selenium/4.8.1 (java windows)
Content-Length: 56
Content-Type: application/json; charset=utf-8
host: localhost:23383
accept: */*

Response DefaultHttpResponse(decodeResult: success, version: HTTP/1.1)
HTTP/1.1 200 OK
Content-Length: 14
Content-Type: application/json; charset=utf-8
cache-control: no-cache

18:56:57.479 [AsyncHttpClient-1-20] DEBUG org.asynchttpclient.netty.channel.ChannelManager - Adding key: http://localhost:23383 for channel [id: 0x9477b3de, L:/127.0.0.1:62122 - R:localhost/127.0.0.1:23383]
18:56:57.480 [Forwarding sendKeysToElement on session e13ca99d436793f1a9e23c91e011fcb8 to remote] DEBUG org.asynchttpclient.netty.request.NettyRequestSender - Using pooled Channel '[id: 0x9477b3de, L:/127.0.0.1:62122 - R:localhost/127.0.0.1:23383]' for 'POST' to 'http://localhost:23383/session/e13ca99d436793f1a9e23c91e011fcb8/element/BCD2F4A31C3EC8D525F772937BF304B4_element_7/value'
18:56:57.480 [Forwarding sendKeysToElement on session e13ca99d436793f1a9e23c91e011fcb8 to remote] DEBUG org.asynchttpclient.netty.request.NettyRequestSender - Using open Channel [id: 0x9477b3de, L:/127.0.0.1:62122 - R:localhost/127.0.0.1:23383] for POST '/session/e13ca99d436793f1a9e23c91e011fcb8/element/BCD2F4A31C3EC8D525F772937BF304B4_element_7/value'
18:56:57.528 [AsyncHttpClient-1-20] DEBUG org.asynchttpclient.netty.handler.HttpHandler - 

Request DefaultHttpRequest(decodeResult: success, version: HTTP/1.1)
POST /session/e13ca99d436793f1a9e23c91e011fcb8/element/BCD2F4A31C3EC8D525F772937BF304B4_element_7/value HTTP/1.1
User-Agent: selenium/4.8.1 (java windows)
Content-Length: 97
Content-Type: application/json; charset=utf-8
host: localhost:23383
accept: */*

Response DefaultHttpResponse(decodeResult: success, version: HTTP/1.1)
HTTP/1.1 200 OK
Content-Length: 14
Content-Type: application/json; charset=utf-8
cache-control: no-cache

18:56:57.529 [AsyncHttpClient-1-20] DEBUG org.asynchttpclient.netty.channel.ChannelManager - Adding key: http://localhost:23383 for channel [id: 0x9477b3de, L:/127.0.0.1:62122 - R:localhost/127.0.0.1:23383]
18:56:57.533 [Forwarding getAlertText on session e13ca99d436793f1a9e23c91e011fcb8 to remote] DEBUG org.asynchttpclient.netty.request.NettyRequestSender - Using pooled Channel '[id: 0x9477b3de, L:/127.0.0.1:62122 - R:localhost/127.0.0.1:23383]' for 'GET' to 'http://localhost:23383/session/e13ca99d436793f1a9e23c91e011fcb8/alert/text'
18:56:57.533 [Forwarding getAlertText on session e13ca99d436793f1a9e23c91e011fcb8 to remote] DEBUG org.asynchttpclient.netty.request.NettyRequestSender - Using open Channel [id: 0x9477b3de, L:/127.0.0.1:62122 - R:localhost/127.0.0.1:23383] for GET '/session/e13ca99d436793f1a9e23c91e011fcb8/alert/text'
18:56:57.534 [AsyncHttpClient-1-20] DEBUG org.asynchttpclient.netty.handler.HttpHandler - 

Request DefaultFullHttpRequest(decodeResult: success, version: HTTP/1.1, content: EmptyByteBufBE)
GET /session/e13ca99d436793f1a9e23c91e011fcb8/alert/text HTTP/1.1
User-Agent: selenium/4.8.1 (java windows)
Cache-Control: no-cache
Content-Type: application/json; charset=utf-8
host: localhost:23383
accept: */*

Response DefaultHttpResponse(decodeResult: success, version: HTTP/1.1)
HTTP/1.1 404 Not Found
Content-Length: 821
Content-Type: application/json; charset=utf-8
cache-control: no-cache

18:56:57.534 [AsyncHttpClient-1-20] DEBUG org.asynchttpclient.netty.channel.ChannelManager - Adding key: http://localhost:23383 for channel [id: 0x9477b3de, L:/127.0.0.1:62122 - R:localhost/127.0.0.1:23383]
18:56:57.535 [Forwarding getCurrentUrl on session e13ca99d436793f1a9e23c91e011fcb8 to remote] DEBUG org.asynchttpclient.netty.request.NettyRequestSender - Using pooled Channel '[id: 0x9477b3de, L:/127.0.0.1:62122 - R:localhost/127.0.0.1:23383]' for 'GET' to 'http://localhost:23383/session/e13ca99d436793f1a9e23c91e011fcb8/url'
18:56:57.535 [Forwarding getCurrentUrl on session e13ca99d436793f1a9e23c91e011fcb8 to remote] DEBUG org.asynchttpclient.netty.request.NettyRequestSender - Using open Channel [id: 0x9477b3de, L:/127.0.0.1:62122 - R:localhost/127.0.0.1:23383] for GET '/session/e13ca99d436793f1a9e23c91e011fcb8/url'
18:56:57.539 [AsyncHttpClient-1-20] DEBUG org.asynchttpclient.netty.handler.HttpHandler - 

Request DefaultFullHttpRequest(decodeResult: success, version: HTTP/1.1, content: EmptyByteBufBE)
GET /session/e13ca99d436793f1a9e23c91e011fcb8/url HTTP/1.1
User-Agent: selenium/4.8.1 (java windows)
Cache-Control: no-cache
Content-Type: application/json; charset=utf-8
host: localhost:23383
accept: */*

Response DefaultHttpResponse(decodeResult: success, version: HTTP/1.1)
HTTP/1.1 200 OK
Content-Length: 45
Content-Type: application/json; charset=utf-8
cache-control: no-cache

18:56:57.539 [AsyncHttpClient-1-20] DEBUG org.asynchttpclient.netty.channel.ChannelManager - Adding key: http://localhost:23383 for channel [id: 0x9477b3de, L:/127.0.0.1:62122 - R:localhost/127.0.0.1:23383]
18:56:57.539 [Forwarding screenshot on session e13ca99d436793f1a9e23c91e011fcb8 to remote] DEBUG org.asynchttpclient.netty.request.NettyRequestSender - Using pooled Channel '[id: 0x9477b3de, L:/127.0.0.1:62122 - R:localhost/127.0.0.1:23383]' for 'GET' to 'http://localhost:23383/session/e13ca99d436793f1a9e23c91e011fcb8/screenshot'
18:56:57.539 [Forwarding screenshot on session e13ca99d436793f1a9e23c91e011fcb8 to remote] DEBUG org.asynchttpclient.netty.request.NettyRequestSender - Using open Channel [id: 0x9477b3de, L:/127.0.0.1:62122 - R:localhost/127.0.0.1:23383] for GET '/session/e13ca99d436793f1a9e23c91e011fcb8/screenshot'
18:56:57.661 [AsyncHttpClient-1-20] DEBUG org.asynchttpclient.netty.handler.HttpHandler - 

Request DefaultFullHttpRequest(decodeResult: success, version: HTTP/1.1, content: EmptyByteBufBE)
GET /session/e13ca99d436793f1a9e23c91e011fcb8/screenshot HTTP/1.1
User-Agent: selenium/4.8.1 (java windows)
Cache-Control: no-cache
Content-Type: application/json; charset=utf-8
host: localhost:23383
accept: */*

Response DefaultHttpResponse(decodeResult: success, version: HTTP/1.1)
HTTP/1.1 200 OK
Content-Length: 36460
Content-Type: application/json; charset=utf-8
cache-control: no-cache

18:56:57.661 [AsyncHttpClient-1-20] DEBUG org.asynchttpclient.netty.channel.ChannelManager - Adding key: http://localhost:23383 for channel [id: 0x9477b3de, L:/127.0.0.1:62122 - R:localhost/127.0.0.1:23383]
18:56:57.662 [main] DEBUG net.serenitybdd.core.photography.Darkroom - Send negative for processing for target\site\serenity\85eacb96a28049112a04eb74d528b0b4cc167d591185919da8f01d67c5debfdc.png
18:56:57.663 [main] DEBUG net.thucydides.core.steps.StepInterceptor - STEP DONE: inputEmail
  &amp#27;[32mAnd &amp#27;[0m&amp#27;[32mI type email less than 2 char&amp#27;[0m               &amp#27;[90m# starter.stepdefinitions.LoginSteps.inputEmailLessThan2Char()&amp#27;[0m
18:56:57.663 [Darkroom Processing Line] DEBUG net.serenitybdd.core.photography.DarkroomProcessingLine - Processing screenshot image in /var/screenshots/screenshot-5813354283578531460
18:56:57.663 [Darkroom Processing Line] DEBUG net.serenitybdd.core.photography.DarkroomProcessingLine - Saving screenshot to target\site\serenity\85eacb96a28049112a04eb74d528b0b4cc167d591185919da8f01d67c5debfdc.png
18:56:57.671 [Forwarding getPageSource on session e13ca99d436793f1a9e23c91e011fcb8 to remote] DEBUG org.asynchttpclient.netty.request.NettyRequestSender - Using pooled Channel '[id: 0x9477b3de, L:/127.0.0.1:62122 - R:localhost/127.0.0.1:23383]' for 'POST' to 'http://localhost:23383/session/e13ca99d436793f1a9e23c91e011fcb8/execute/sync'
18:56:57.671 [Forwarding getPageSource on session e13ca99d436793f1a9e23c91e011fcb8 to remote] DEBUG org.asynchttpclient.netty.request.NettyRequestSender - Using open Channel [id: 0x9477b3de, L:/127.0.0.1:62122 - R:localhost/127.0.0.1:23383] for POST '/session/e13ca99d436793f1a9e23c91e011fcb8/execute/sync'
18:56:57.682 [AsyncHttpClient-1-20] DEBUG org.asynchttpclient.netty.handler.HttpHandler - 

Request DefaultHttpRequest(decodeResult: success, version: HTTP/1.1)
POST /session/e13ca99d436793f1a9e23c91e011fcb8/execute/sync HTTP/1.1
User-Agent: selenium/4.8.1 (java windows)
Content-Length: 176
Content-Type: application/json; charset=utf-8
host: localhost:23383
accept: */*

Response DefaultHttpResponse(decodeResult: success, version: HTTP/1.1)
HTTP/1.1 200 OK
Content-Length: 9539
Content-Type: application/json; charset=utf-8
cache-control: no-cache

18:56:57.682 [AsyncHttpClient-1-20] DEBUG org.asynchttpclient.netty.channel.ChannelManager - Adding key: http://localhost:23383 for channel [id: 0x9477b3de, L:/127.0.0.1:62122 - R:localhost/127.0.0.1:23383]
18:56:57.684 [Forwarding getCurrentUrl on session e13ca99d436793f1a9e23c91e011fcb8 to remote] DEBUG org.asynchttpclient.netty.request.NettyRequestSender - Using pooled Channel '[id: 0x9477b3de, L:/127.0.0.1:62122 - R:localhost/127.0.0.1:23383]' for 'GET' to 'http://localhost:23383/session/e13ca99d436793f1a9e23c91e011fcb8/url'
18:56:57.684 [Forwarding getCurrentUrl on session e13ca99d436793f1a9e23c91e011fcb8 to remote] DEBUG org.asynchttpclient.netty.request.NettyRequestSender - Using open Channel [id: 0x9477b3de, L:/127.0.0.1:62122 - R:localhost/127.0.0.1:23383] for GET '/session/e13ca99d436793f1a9e23c91e011fcb8/url'
18:56:57.695 [AsyncHttpClient-1-20] DEBUG org.asynchttpclient.netty.handler.HttpHandler - 

Request DefaultFullHttpRequest(decodeResult: success, version: HTTP/1.1, content: EmptyByteBufBE)
GET /session/e13ca99d436793f1a9e23c91e011fcb8/url HTTP/1.1
User-Agent: selenium/4.8.1 (java windows)
Cache-Control: no-cache
Content-Type: application/json; charset=utf-8
host: localhost:23383
accept: */*

Response DefaultHttpResponse(decodeResult: success, version: HTTP/1.1)
HTTP/1.1 200 OK
Content-Length: 45
Content-Type: application/json; charset=utf-8
cache-control: no-cache

18:56:57.695 [AsyncHttpClient-1-20] DEBUG org.asynchttpclient.netty.channel.ChannelManager - Adding key: http://localhost:23383 for channel [id: 0x9477b3de, L:/127.0.0.1:62122 - R:localhost/127.0.0.1:23383]
18:56:57.706 [Forwarding getPageSource on session e13ca99d436793f1a9e23c91e011fcb8 to remote] DEBUG org.asynchttpclient.netty.request.NettyRequestSender - Using pooled Channel '[id: 0x9477b3de, L:/127.0.0.1:62122 - R:localhost/127.0.0.1:23383]' for 'POST' to 'http://localhost:23383/session/e13ca99d436793f1a9e23c91e011fcb8/execute/sync'
18:56:57.706 [Forwarding getPageSource on session e13ca99d436793f1a9e23c91e011fcb8 to remote] DEBUG org.asynchttpclient.netty.request.NettyRequestSender - Using open Channel [id: 0x9477b3de, L:/127.0.0.1:62122 - R:localhost/127.0.0.1:23383] for POST '/session/e13ca99d436793f1a9e23c91e011fcb8/execute/sync'
18:56:57.714 [AsyncHttpClient-1-20] DEBUG org.asynchttpclient.netty.handler.HttpHandler - 

Request DefaultHttpRequest(decodeResult: success, version: HTTP/1.1)
POST /session/e13ca99d436793f1a9e23c91e011fcb8/execute/sync HTTP/1.1
User-Agent: selenium/4.8.1 (java windows)
Content-Length: 176
Content-Type: application/json; charset=utf-8
host: localhost:23383
accept: */*

Response DefaultHttpResponse(decodeResult: success, version: HTTP/1.1)
HTTP/1.1 200 OK
Content-Length: 9539
Content-Type: application/json; charset=utf-8
cache-control: no-cache

18:56:57.715 [AsyncHttpClient-1-20] DEBUG org.asynchttpclient.netty.channel.ChannelManager - Adding key: http://localhost:23383 for channel [id: 0x9477b3de, L:/127.0.0.1:62122 - R:localhost/127.0.0.1:23383]
18:56:57.717 [Forwarding getCurrentUrl on session e13ca99d436793f1a9e23c91e011fcb8 to remote] DEBUG org.asynchttpclient.netty.request.NettyRequestSender - Using pooled Channel '[id: 0x9477b3de, L:/127.0.0.1:62122 - R:localhost/127.0.0.1:23383]' for 'GET' to 'http://localhost:23383/session/e13ca99d436793f1a9e23c91e011fcb8/url'
18:56:57.717 [Forwarding getCurrentUrl on session e13ca99d436793f1a9e23c91e011fcb8 to remote] DEBUG org.asynchttpclient.netty.request.NettyRequestSender - Using open Channel [id: 0x9477b3de, L:/127.0.0.1:62122 - R:localhost/127.0.0.1:23383] for GET '/session/e13ca99d436793f1a9e23c91e011fcb8/url'
18:56:57.726 [AsyncHttpClient-1-20] DEBUG org.asynchttpclient.netty.handler.HttpHandler - 

Request DefaultFullHttpRequest(decodeResult: success, version: HTTP/1.1, content: EmptyByteBufBE)
GET /session/e13ca99d436793f1a9e23c91e011fcb8/url HTTP/1.1
User-Agent: selenium/4.8.1 (java windows)
Cache-Control: no-cache
Content-Type: application/json; charset=utf-8
host: localhost:23383
accept: */*

Response DefaultHttpResponse(decodeResult: success, version: HTTP/1.1)
HTTP/1.1 200 OK
Content-Length: 45
Content-Type: application/json; charset=utf-8
cache-control: no-cache

18:56:57.726 [AsyncHttpClient-1-20] DEBUG org.asynchttpclient.netty.channel.ChannelManager - Adding key: http://localhost:23383 for channel [id: 0x9477b3de, L:/127.0.0.1:62122 - R:localhost/127.0.0.1:23383]
18:56:57.730 [main] DEBUG net.thucydides.core.steps.StepInterceptor - STARTING STEP: LoginSteps.inputPassword - inputPassword
18:56:57.735 [Forwarding findElement on session e13ca99d436793f1a9e23c91e011fcb8 to remote] DEBUG org.asynchttpclient.netty.request.NettyRequestSender - Using pooled Channel '[id: 0x9477b3de, L:/127.0.0.1:62122 - R:localhost/127.0.0.1:23383]' for 'POST' to 'http://localhost:23383/session/e13ca99d436793f1a9e23c91e011fcb8/element'
18:56:57.735 [Forwarding findElement on session e13ca99d436793f1a9e23c91e011fcb8 to remote] DEBUG org.asynchttpclient.netty.request.NettyRequestSender - Using open Channel [id: 0x9477b3de, L:/127.0.0.1:62122 - R:localhost/127.0.0.1:23383] for POST '/session/e13ca99d436793f1a9e23c91e011fcb8/element'
18:56:57.747 [AsyncHttpClient-1-20] DEBUG org.asynchttpclient.netty.handler.HttpHandler - 

Request DefaultHttpRequest(decodeResult: success, version: HTTP/1.1)
POST /session/e13ca99d436793f1a9e23c91e011fcb8/element HTTP/1.1
User-Agent: selenium/4.8.1 (java windows)
Content-Length: 62
Content-Type: application/json; charset=utf-8
host: localhost:23383
accept: */*

Response DefaultHttpResponse(decodeResult: success, version: HTTP/1.1)
HTTP/1.1 200 OK
Content-Length: 94
Content-Type: application/json; charset=utf-8
cache-control: no-cache

18:56:57.748 [AsyncHttpClient-1-20] DEBUG org.asynchttpclient.netty.channel.ChannelManager - Adding key: http://localhost:23383 for channel [id: 0x9477b3de, L:/127.0.0.1:62122 - R:localhost/127.0.0.1:23383]
18:56:57.749 [Forwarding clearElement on session e13ca99d436793f1a9e23c91e011fcb8 to remote] DEBUG org.asynchttpclient.netty.request.NettyRequestSender - Using pooled Channel '[id: 0x9477b3de, L:/127.0.0.1:62122 - R:localhost/127.0.0.1:23383]' for 'POST' to 'http://localhost:23383/session/e13ca99d436793f1a9e23c91e011fcb8/element/BCD2F4A31C3EC8D525F772937BF304B4_element_2/clear'
18:56:57.749 [Forwarding clearElement on session e13ca99d436793f1a9e23c91e011fcb8 to remote] DEBUG org.asynchttpclient.netty.request.NettyRequestSender - Using open Channel [id: 0x9477b3de, L:/127.0.0.1:62122 - R:localhost/127.0.0.1:23383] for POST '/session/e13ca99d436793f1a9e23c91e011fcb8/element/BCD2F4A31C3EC8D525F772937BF304B4_element_2/clear'
18:56:57.799 [AsyncHttpClient-1-20] DEBUG org.asynchttpclient.netty.handler.HttpHandler - 

Request DefaultHttpRequest(decodeResult: success, version: HTTP/1.1)
POST /session/e13ca99d436793f1a9e23c91e011fcb8/element/BCD2F4A31C3EC8D525F772937BF304B4_element_2/clear HTTP/1.1
User-Agent: selenium/4.8.1 (java windows)
Content-Length: 56
Content-Type: application/json; charset=utf-8
host: localhost:23383
accept: */*

Response DefaultHttpResponse(decodeResult: success, version: HTTP/1.1)
HTTP/1.1 200 OK
Content-Length: 14
Content-Type: application/json; charset=utf-8
cache-control: no-cache

18:56:57.799 [AsyncHttpClient-1-20] DEBUG org.asynchttpclient.netty.channel.ChannelManager - Adding key: http://localhost:23383 for channel [id: 0x9477b3de, L:/127.0.0.1:62122 - R:localhost/127.0.0.1:23383]
18:56:57.802 [Forwarding sendKeysToElement on session e13ca99d436793f1a9e23c91e011fcb8 to remote] DEBUG org.asynchttpclient.netty.request.NettyRequestSender - Using pooled Channel '[id: 0x9477b3de, L:/127.0.0.1:62122 - R:localhost/127.0.0.1:23383]' for 'POST' to 'http://localhost:23383/session/e13ca99d436793f1a9e23c91e011fcb8/element/BCD2F4A31C3EC8D525F772937BF304B4_element_2/value'
18:56:57.802 [Forwarding sendKeysToElement on session e13ca99d436793f1a9e23c91e011fcb8 to remote] DEBUG org.asynchttpclient.netty.request.NettyRequestSender - Using open Channel [id: 0x9477b3de, L:/127.0.0.1:62122 - R:localhost/127.0.0.1:23383] for POST '/session/e13ca99d436793f1a9e23c91e011fcb8/element/BCD2F4A31C3EC8D525F772937BF304B4_element_2/value'
18:56:57.884 [AsyncHttpClient-1-20] DEBUG org.asynchttpclient.netty.handler.HttpHandler - 

Request DefaultHttpRequest(decodeResult: success, version: HTTP/1.1)
POST /session/e13ca99d436793f1a9e23c91e011fcb8/element/BCD2F4A31C3EC8D525F772937BF304B4_element_2/value HTTP/1.1
User-Agent: selenium/4.8.1 (java windows)
Content-Length: 187
Content-Type: application/json; charset=utf-8
host: localhost:23383
accept: */*

Response DefaultHttpResponse(decodeResult: success, version: HTTP/1.1)
HTTP/1.1 200 OK
Content-Length: 14
Content-Type: application/json; charset=utf-8
cache-control: no-cache

18:56:57.885 [AsyncHttpClient-1-20] DEBUG org.asynchttpclient.netty.channel.ChannelManager - Adding key: http://localhost:23383 for channel [id: 0x9477b3de, L:/127.0.0.1:62122 - R:localhost/127.0.0.1:23383]
18:56:57.892 [Forwarding getAlertText on session e13ca99d436793f1a9e23c91e011fcb8 to remote] DEBUG org.asynchttpclient.netty.request.NettyRequestSender - Using pooled Channel '[id: 0x9477b3de, L:/127.0.0.1:62122 - R:localhost/127.0.0.1:23383]' for 'GET' to 'http://localhost:23383/session/e13ca99d436793f1a9e23c91e011fcb8/alert/text'
18:56:57.892 [Forwarding getAlertText on session e13ca99d436793f1a9e23c91e011fcb8 to remote] DEBUG org.asynchttpclient.netty.request.NettyRequestSender - Using open Channel [id: 0x9477b3de, L:/127.0.0.1:62122 - R:localhost/127.0.0.1:23383] for GET '/session/e13ca99d436793f1a9e23c91e011fcb8/alert/text'
18:56:57.893 [AsyncHttpClient-1-20] DEBUG org.asynchttpclient.netty.handler.HttpHandler - 

Request DefaultFullHttpRequest(decodeResult: success, version: HTTP/1.1, content: EmptyByteBufBE)
GET /session/e13ca99d436793f1a9e23c91e011fcb8/alert/text HTTP/1.1
User-Agent: selenium/4.8.1 (java windows)
Cache-Control: no-cache
Content-Type: application/json; charset=utf-8
host: localhost:23383
accept: */*

Response DefaultHttpResponse(decodeResult: success, version: HTTP/1.1)
HTTP/1.1 404 Not Found
Content-Length: 821
Content-Type: application/json; charset=utf-8
cache-control: no-cache

18:56:57.895 [AsyncHttpClient-1-20] DEBUG org.asynchttpclient.netty.channel.ChannelManager - Adding key: http://localhost:23383 for channel [id: 0x9477b3de, L:/127.0.0.1:62122 - R:localhost/127.0.0.1:23383]
18:56:57.896 [Forwarding getCurrentUrl on session e13ca99d436793f1a9e23c91e011fcb8 to remote] DEBUG org.asynchttpclient.netty.request.NettyRequestSender - Using pooled Channel '[id: 0x9477b3de, L:/127.0.0.1:62122 - R:localhost/127.0.0.1:23383]' for 'GET' to 'http://localhost:23383/session/e13ca99d436793f1a9e23c91e011fcb8/url'
18:56:57.896 [Forwarding getCurrentUrl on session e13ca99d436793f1a9e23c91e011fcb8 to remote] DEBUG org.asynchttpclient.netty.request.NettyRequestSender - Using open Channel [id: 0x9477b3de, L:/127.0.0.1:62122 - R:localhost/127.0.0.1:23383] for GET '/session/e13ca99d436793f1a9e23c91e011fcb8/url'
18:56:57.901 [AsyncHttpClient-1-20] DEBUG org.asynchttpclient.netty.handler.HttpHandler - 

Request DefaultFullHttpRequest(decodeResult: success, version: HTTP/1.1, content: EmptyByteBufBE)
GET /session/e13ca99d436793f1a9e23c91e011fcb8/url HTTP/1.1
User-Agent: selenium/4.8.1 (java windows)
Cache-Control: no-cache
Content-Type: application/json; charset=utf-8
host: localhost:23383
accept: */*

Response DefaultHttpResponse(decodeResult: success, version: HTTP/1.1)
HTTP/1.1 200 OK
Content-Length: 45
Content-Type: application/json; charset=utf-8
cache-control: no-cache

18:56:57.901 [AsyncHttpClient-1-20] DEBUG org.asynchttpclient.netty.channel.ChannelManager - Adding key: http://localhost:23383 for channel [id: 0x9477b3de, L:/127.0.0.1:62122 - R:localhost/127.0.0.1:23383]
18:56:57.902 [Forwarding screenshot on session e13ca99d436793f1a9e23c91e011fcb8 to remote] DEBUG org.asynchttpclient.netty.request.NettyRequestSender - Using pooled Channel '[id: 0x9477b3de, L:/127.0.0.1:62122 - R:localhost/127.0.0.1:23383]' for 'GET' to 'http://localhost:23383/session/e13ca99d436793f1a9e23c91e011fcb8/screenshot'
18:56:57.902 [Forwarding screenshot on session e13ca99d436793f1a9e23c91e011fcb8 to remote] DEBUG org.asynchttpclient.netty.request.NettyRequestSender - Using open Channel [id: 0x9477b3de, L:/127.0.0.1:62122 - R:localhost/127.0.0.1:23383] for GET '/session/e13ca99d436793f1a9e23c91e011fcb8/screenshot'
18:56:57.981 [AsyncHttpClient-1-20] DEBUG org.asynchttpclient.netty.handler.HttpHandler - 

Request DefaultFullHttpRequest(decodeResult: success, version: HTTP/1.1, content: EmptyByteBufBE)
GET /session/e13ca99d436793f1a9e23c91e011fcb8/screenshot HTTP/1.1
User-Agent: selenium/4.8.1 (java windows)
Cache-Control: no-cache
Content-Type: application/json; charset=utf-8
host: localhost:23383
accept: */*

Response DefaultHttpResponse(decodeResult: success, version: HTTP/1.1)
HTTP/1.1 200 OK
Content-Length: 33876
Content-Type: application/json; charset=utf-8
cache-control: no-cache

18:56:57.982 [AsyncHttpClient-1-20] DEBUG org.asynchttpclient.netty.channel.ChannelManager - Adding key: http://localhost:23383 for channel [id: 0x9477b3de, L:/127.0.0.1:62122 - R:localhost/127.0.0.1:23383]
18:56:57.983 [main] DEBUG net.serenitybdd.core.photography.Darkroom - Send negative for processing for target\site\serenity\a6f1dcde76c63500bf55a5acb357fd88f53b272d7bf8627df8f2e7a8e42cfc8a.png
18:56:57.984 [main] DEBUG net.thucydides.core.steps.StepInterceptor - STEP DONE: inputPassword
18:56:57.984 [Darkroom Processing Line] DEBUG net.serenitybdd.core.photography.DarkroomProcessingLine - Processing screenshot image in /var/screenshots/screenshot-6184423622208394653
  &amp#27;[32mAnd &amp#27;[0m&amp#27;[32mI type correct password&amp#27;[0m                     &amp#27;[90m# starter.stepdefinitions.LoginSteps.inputPassword()&amp#27;[0m
18:56:57.984 [Darkroom Processing Line] DEBUG net.serenitybdd.core.photography.DarkroomProcessingLine - Saving screenshot to target\site\serenity\a6f1dcde76c63500bf55a5acb357fd88f53b272d7bf8627df8f2e7a8e42cfc8a.png
18:56:57.991 [Forwarding getPageSource on session e13ca99d436793f1a9e23c91e011fcb8 to remote] DEBUG org.asynchttpclient.netty.request.NettyRequestSender - Using pooled Channel '[id: 0x9477b3de, L:/127.0.0.1:62122 - R:localhost/127.0.0.1:23383]' for 'POST' to 'http://localhost:23383/session/e13ca99d436793f1a9e23c91e011fcb8/execute/sync'
18:56:57.991 [Forwarding getPageSource on session e13ca99d436793f1a9e23c91e011fcb8 to remote] DEBUG org.asynchttpclient.netty.request.NettyRequestSender - Using open Channel [id: 0x9477b3de, L:/127.0.0.1:62122 - R:localhost/127.0.0.1:23383] for POST '/session/e13ca99d436793f1a9e23c91e011fcb8/execute/sync'
18:56:57.998 [AsyncHttpClient-1-20] DEBUG org.asynchttpclient.netty.handler.HttpHandler - 

Request DefaultHttpRequest(decodeResult: success, version: HTTP/1.1)
POST /session/e13ca99d436793f1a9e23c91e011fcb8/execute/sync HTTP/1.1
User-Agent: selenium/4.8.1 (java windows)
Content-Length: 176
Content-Type: application/json; charset=utf-8
host: localhost:23383
accept: */*

Response DefaultHttpResponse(decodeResult: success, version: HTTP/1.1)
HTTP/1.1 200 OK
Content-Length: 9549
Content-Type: application/json; charset=utf-8
cache-control: no-cache

18:56:57.998 [AsyncHttpClient-1-20] DEBUG org.asynchttpclient.netty.channel.ChannelManager - Adding key: http://localhost:23383 for channel [id: 0x9477b3de, L:/127.0.0.1:62122 - R:localhost/127.0.0.1:23383]
18:56:57.999 [Forwarding getCurrentUrl on session e13ca99d436793f1a9e23c91e011fcb8 to remote] DEBUG org.asynchttpclient.netty.request.NettyRequestSender - Using pooled Channel '[id: 0x9477b3de, L:/127.0.0.1:62122 - R:localhost/127.0.0.1:23383]' for 'GET' to 'http://localhost:23383/session/e13ca99d436793f1a9e23c91e011fcb8/url'
18:56:57.999 [Forwarding getCurrentUrl on session e13ca99d436793f1a9e23c91e011fcb8 to remote] DEBUG org.asynchttpclient.netty.request.NettyRequestSender - Using open Channel [id: 0x9477b3de, L:/127.0.0.1:62122 - R:localhost/127.0.0.1:23383] for GET '/session/e13ca99d436793f1a9e23c91e011fcb8/url'
18:56:58.002 [AsyncHttpClient-1-20] DEBUG org.asynchttpclient.netty.handler.HttpHandler - 

Request DefaultFullHttpRequest(decodeResult: success, version: HTTP/1.1, content: EmptyByteBufBE)
GET /session/e13ca99d436793f1a9e23c91e011fcb8/url HTTP/1.1
User-Agent: selenium/4.8.1 (java windows)
Cache-Control: no-cache
Content-Type: application/json; charset=utf-8
host: localhost:23383
accept: */*

Response DefaultHttpResponse(decodeResult: success, version: HTTP/1.1)
HTTP/1.1 200 OK
Content-Length: 45
Content-Type: application/json; charset=utf-8
cache-control: no-cache

18:56:58.002 [AsyncHttpClient-1-20] DEBUG org.asynchttpclient.netty.channel.ChannelManager - Adding key: http://localhost:23383 for channel [id: 0x9477b3de, L:/127.0.0.1:62122 - R:localhost/127.0.0.1:23383]
18:56:58.008 [Forwarding getPageSource on session e13ca99d436793f1a9e23c91e011fcb8 to remote] DEBUG org.asynchttpclient.netty.request.NettyRequestSender - Using pooled Channel '[id: 0x9477b3de, L:/127.0.0.1:62122 - R:localhost/127.0.0.1:23383]' for 'POST' to 'http://localhost:23383/session/e13ca99d436793f1a9e23c91e011fcb8/execute/sync'
18:56:58.008 [Forwarding getPageSource on session e13ca99d436793f1a9e23c91e011fcb8 to remote] DEBUG org.asynchttpclient.netty.request.NettyRequestSender - Using open Channel [id: 0x9477b3de, L:/127.0.0.1:62122 - R:localhost/127.0.0.1:23383] for POST '/session/e13ca99d436793f1a9e23c91e011fcb8/execute/sync'
18:56:58.014 [AsyncHttpClient-1-20] DEBUG org.asynchttpclient.netty.handler.HttpHandler - 

Request DefaultHttpRequest(decodeResult: success, version: HTTP/1.1)
POST /session/e13ca99d436793f1a9e23c91e011fcb8/execute/sync HTTP/1.1
User-Agent: selenium/4.8.1 (java windows)
Content-Length: 176
Content-Type: application/json; charset=utf-8
host: localhost:23383
accept: */*

Response DefaultHttpResponse(decodeResult: success, version: HTTP/1.1)
HTTP/1.1 200 OK
Content-Length: 9549
Content-Type: application/json; charset=utf-8
cache-control: no-cache

18:56:58.014 [AsyncHttpClient-1-20] DEBUG org.asynchttpclient.netty.channel.ChannelManager - Adding key: http://localhost:23383 for channel [id: 0x9477b3de, L:/127.0.0.1:62122 - R:localhost/127.0.0.1:23383]
18:56:58.015 [Forwarding getCurrentUrl on session e13ca99d436793f1a9e23c91e011fcb8 to remote] DEBUG org.asynchttpclient.netty.request.NettyRequestSender - Using pooled Channel '[id: 0x9477b3de, L:/127.0.0.1:62122 - R:localhost/127.0.0.1:23383]' for 'GET' to 'http://localhost:23383/session/e13ca99d436793f1a9e23c91e011fcb8/url'
18:56:58.015 [Forwarding getCurrentUrl on session e13ca99d436793f1a9e23c91e011fcb8 to remote] DEBUG org.asynchttpclient.netty.request.NettyRequestSender - Using open Channel [id: 0x9477b3de, L:/127.0.0.1:62122 - R:localhost/127.0.0.1:23383] for GET '/session/e13ca99d436793f1a9e23c91e011fcb8/url'
18:56:58.019 [AsyncHttpClient-1-20] DEBUG org.asynchttpclient.netty.handler.HttpHandler - 

Request DefaultFullHttpRequest(decodeResult: success, version: HTTP/1.1, content: EmptyByteBufBE)
GET /session/e13ca99d436793f1a9e23c91e011fcb8/url HTTP/1.1
User-Agent: selenium/4.8.1 (java windows)
Cache-Control: no-cache
Content-Type: application/json; charset=utf-8
host: localhost:23383
accept: */*

Response DefaultHttpResponse(decodeResult: success, version: HTTP/1.1)
HTTP/1.1 200 OK
Content-Length: 45
Content-Type: application/json; charset=utf-8
cache-control: no-cache

18:56:58.019 [AsyncHttpClient-1-20] DEBUG org.asynchttpclient.netty.channel.ChannelManager - Adding key: http://localhost:23383 for channel [id: 0x9477b3de, L:/127.0.0.1:62122 - R:localhost/127.0.0.1:23383]
18:56:58.020 [main] DEBUG net.thucydides.core.steps.StepInterceptor - STARTING STEP: LoginSteps.clickLoginButton - clickLoginButton
18:56:58.022 [Forwarding findElement on session e13ca99d436793f1a9e23c91e011fcb8 to remote] DEBUG org.asynchttpclient.netty.request.NettyRequestSender - Using pooled Channel '[id: 0x9477b3de, L:/127.0.0.1:62122 - R:localhost/127.0.0.1:23383]' for 'POST' to 'http://localhost:23383/session/e13ca99d436793f1a9e23c91e011fcb8/element'
18:56:58.022 [Forwarding findElement on session e13ca99d436793f1a9e23c91e011fcb8 to remote] DEBUG org.asynchttpclient.netty.request.NettyRequestSender - Using open Channel [id: 0x9477b3de, L:/127.0.0.1:62122 - R:localhost/127.0.0.1:23383] for POST '/session/e13ca99d436793f1a9e23c91e011fcb8/element'
18:56:58.032 [AsyncHttpClient-1-20] DEBUG org.asynchttpclient.netty.handler.HttpHandler - 

Request DefaultHttpRequest(decodeResult: success, version: HTTP/1.1)
POST /session/e13ca99d436793f1a9e23c91e011fcb8/element HTTP/1.1
User-Agent: selenium/4.8.1 (java windows)
Content-Length: 63
Content-Type: application/json; charset=utf-8
host: localhost:23383
accept: */*

Response DefaultHttpResponse(decodeResult: success, version: HTTP/1.1)
HTTP/1.1 200 OK
Content-Length: 95
Content-Type: application/json; charset=utf-8
cache-control: no-cache

18:56:58.032 [AsyncHttpClient-1-20] DEBUG org.asynchttpclient.netty.channel.ChannelManager - Adding key: http://localhost:23383 for channel [id: 0x9477b3de, L:/127.0.0.1:62122 - R:localhost/127.0.0.1:23383]
18:56:58.033 [Forwarding getElementTagName on session e13ca99d436793f1a9e23c91e011fcb8 to remote] DEBUG org.asynchttpclient.netty.request.NettyRequestSender - Using pooled Channel '[id: 0x9477b3de, L:/127.0.0.1:62122 - R:localhost/127.0.0.1:23383]' for 'GET' to 'http://localhost:23383/session/e13ca99d436793f1a9e23c91e011fcb8/element/BCD2F4A31C3EC8D525F772937BF304B4_element_11/name'
18:56:58.033 [Forwarding getElementTagName on session e13ca99d436793f1a9e23c91e011fcb8 to remote] DEBUG org.asynchttpclient.netty.request.NettyRequestSender - Using open Channel [id: 0x9477b3de, L:/127.0.0.1:62122 - R:localhost/127.0.0.1:23383] for GET '/session/e13ca99d436793f1a9e23c91e011fcb8/element/BCD2F4A31C3EC8D525F772937BF304B4_element_11/name'
18:56:58.038 [AsyncHttpClient-1-20] DEBUG org.asynchttpclient.netty.handler.HttpHandler - 

Request DefaultFullHttpRequest(decodeResult: success, version: HTTP/1.1, content: EmptyByteBufBE)
GET /session/e13ca99d436793f1a9e23c91e011fcb8/element/BCD2F4A31C3EC8D525F772937BF304B4_element_11/name HTTP/1.1
User-Agent: selenium/4.8.1 (java windows)
Cache-Control: no-cache
Content-Type: application/json; charset=utf-8
host: localhost:23383
accept: */*

Response DefaultHttpResponse(decodeResult: success, version: HTTP/1.1)
HTTP/1.1 200 OK
Content-Length: 18
Content-Type: application/json; charset=utf-8
cache-control: no-cache

18:56:58.038 [AsyncHttpClient-1-20] DEBUG org.asynchttpclient.netty.channel.ChannelManager - Adding key: http://localhost:23383 for channel [id: 0x9477b3de, L:/127.0.0.1:62122 - R:localhost/127.0.0.1:23383]
18:56:58.039 [Forwarding getElementTagName on session e13ca99d436793f1a9e23c91e011fcb8 to remote] DEBUG org.asynchttpclient.netty.request.NettyRequestSender - Using pooled Channel '[id: 0x9477b3de, L:/127.0.0.1:62122 - R:localhost/127.0.0.1:23383]' for 'GET' to 'http://localhost:23383/session/e13ca99d436793f1a9e23c91e011fcb8/element/BCD2F4A31C3EC8D525F772937BF304B4_element_11/name'
18:56:58.039 [Forwarding getElementTagName on session e13ca99d436793f1a9e23c91e011fcb8 to remote] DEBUG org.asynchttpclient.netty.request.NettyRequestSender - Using open Channel [id: 0x9477b3de, L:/127.0.0.1:62122 - R:localhost/127.0.0.1:23383] for GET '/session/e13ca99d436793f1a9e23c91e011fcb8/element/BCD2F4A31C3EC8D525F772937BF304B4_element_11/name'
18:56:58.042 [AsyncHttpClient-1-20] DEBUG org.asynchttpclient.netty.handler.HttpHandler - 

Request DefaultFullHttpRequest(decodeResult: success, version: HTTP/1.1, content: EmptyByteBufBE)
GET /session/e13ca99d436793f1a9e23c91e011fcb8/element/BCD2F4A31C3EC8D525F772937BF304B4_element_11/name HTTP/1.1
User-Agent: selenium/4.8.1 (java windows)
Cache-Control: no-cache
Content-Type: application/json; charset=utf-8
host: localhost:23383
accept: */*

Response DefaultHttpResponse(decodeResult: success, version: HTTP/1.1)
HTTP/1.1 200 OK
Content-Length: 18
Content-Type: application/json; charset=utf-8
cache-control: no-cache

18:56:58.043 [AsyncHttpClient-1-20] DEBUG org.asynchttpclient.netty.channel.ChannelManager - Adding key: http://localhost:23383 for channel [id: 0x9477b3de, L:/127.0.0.1:62122 - R:localhost/127.0.0.1:23383]
18:56:58.044 [Forwarding isElementEnabled on session e13ca99d436793f1a9e23c91e011fcb8 to remote] DEBUG org.asynchttpclient.netty.request.NettyRequestSender - Using pooled Channel '[id: 0x9477b3de, L:/127.0.0.1:62122 - R:localhost/127.0.0.1:23383]' for 'GET' to 'http://localhost:23383/session/e13ca99d436793f1a9e23c91e011fcb8/element/BCD2F4A31C3EC8D525F772937BF304B4_element_11/enabled'
18:56:58.044 [Forwarding isElementEnabled on session e13ca99d436793f1a9e23c91e011fcb8 to remote] DEBUG org.asynchttpclient.netty.request.NettyRequestSender - Using open Channel [id: 0x9477b3de, L:/127.0.0.1:62122 - R:localhost/127.0.0.1:23383] for GET '/session/e13ca99d436793f1a9e23c91e011fcb8/element/BCD2F4A31C3EC8D525F772937BF304B4_element_11/enabled'
18:56:58.049 [AsyncHttpClient-1-20] DEBUG org.asynchttpclient.netty.handler.HttpHandler - 

Request DefaultFullHttpRequest(decodeResult: success, version: HTTP/1.1, content: EmptyByteBufBE)
GET /session/e13ca99d436793f1a9e23c91e011fcb8/element/BCD2F4A31C3EC8D525F772937BF304B4_element_11/enabled HTTP/1.1
User-Agent: selenium/4.8.1 (java windows)
Cache-Control: no-cache
Content-Type: application/json; charset=utf-8
host: localhost:23383
accept: */*

Response DefaultHttpResponse(decodeResult: success, version: HTTP/1.1)
HTTP/1.1 200 OK
Content-Length: 14
Content-Type: application/json; charset=utf-8
cache-control: no-cache

18:56:58.049 [AsyncHttpClient-1-20] DEBUG org.asynchttpclient.netty.channel.ChannelManager - Adding key: http://localhost:23383 for channel [id: 0x9477b3de, L:/127.0.0.1:62122 - R:localhost/127.0.0.1:23383]
18:56:58.050 [Forwarding isElementEnabled on session e13ca99d436793f1a9e23c91e011fcb8 to remote] DEBUG org.asynchttpclient.netty.request.NettyRequestSender - Using pooled Channel '[id: 0x9477b3de, L:/127.0.0.1:62122 - R:localhost/127.0.0.1:23383]' for 'GET' to 'http://localhost:23383/session/e13ca99d436793f1a9e23c91e011fcb8/element/BCD2F4A31C3EC8D525F772937BF304B4_element_11/enabled'
18:56:58.050 [Forwarding isElementEnabled on session e13ca99d436793f1a9e23c91e011fcb8 to remote] DEBUG org.asynchttpclient.netty.request.NettyRequestSender - Using open Channel [id: 0x9477b3de, L:/127.0.0.1:62122 - R:localhost/127.0.0.1:23383] for GET '/session/e13ca99d436793f1a9e23c91e011fcb8/element/BCD2F4A31C3EC8D525F772937BF304B4_element_11/enabled'
18:56:58.055 [AsyncHttpClient-1-20] DEBUG org.asynchttpclient.netty.handler.HttpHandler - 

Request DefaultFullHttpRequest(decodeResult: success, version: HTTP/1.1, content: EmptyByteBufBE)
GET /session/e13ca99d436793f1a9e23c91e011fcb8/element/BCD2F4A31C3EC8D525F772937BF304B4_element_11/enabled HTTP/1.1
User-Agent: selenium/4.8.1 (java windows)
Cache-Control: no-cache
Content-Type: application/json; charset=utf-8
host: localhost:23383
accept: */*

Response DefaultHttpResponse(decodeResult: success, version: HTTP/1.1)
HTTP/1.1 200 OK
Content-Length: 14
Content-Type: application/json; charset=utf-8
cache-control: no-cache

18:56:58.055 [AsyncHttpClient-1-20] DEBUG org.asynchttpclient.netty.channel.ChannelManager - Adding key: http://localhost:23383 for channel [id: 0x9477b3de, L:/127.0.0.1:62122 - R:localhost/127.0.0.1:23383]
18:56:58.057 [Forwarding findElement on session e13ca99d436793f1a9e23c91e011fcb8 to remote] DEBUG org.asynchttpclient.netty.request.NettyRequestSender - Using pooled Channel '[id: 0x9477b3de, L:/127.0.0.1:62122 - R:localhost/127.0.0.1:23383]' for 'POST' to 'http://localhost:23383/session/e13ca99d436793f1a9e23c91e011fcb8/element'
18:56:58.057 [Forwarding findElement on session e13ca99d436793f1a9e23c91e011fcb8 to remote] DEBUG org.asynchttpclient.netty.request.NettyRequestSender - Using open Channel [id: 0x9477b3de, L:/127.0.0.1:62122 - R:localhost/127.0.0.1:23383] for POST '/session/e13ca99d436793f1a9e23c91e011fcb8/element'
18:56:58.063 [AsyncHttpClient-1-20] DEBUG org.asynchttpclient.netty.handler.HttpHandler - 

Request DefaultHttpRequest(decodeResult: success, version: HTTP/1.1)
POST /session/e13ca99d436793f1a9e23c91e011fcb8/element HTTP/1.1
User-Agent: selenium/4.8.1 (java windows)
Content-Length: 63
Content-Type: application/json; charset=utf-8
host: localhost:23383
accept: */*

Response DefaultHttpResponse(decodeResult: success, version: HTTP/1.1)
HTTP/1.1 200 OK
Content-Length: 95
Content-Type: application/json; charset=utf-8
cache-control: no-cache

18:56:58.063 [AsyncHttpClient-1-20] DEBUG org.asynchttpclient.netty.channel.ChannelManager - Adding key: http://localhost:23383 for channel [id: 0x9477b3de, L:/127.0.0.1:62122 - R:localhost/127.0.0.1:23383]
18:56:58.064 [Forwarding clickElement on session e13ca99d436793f1a9e23c91e011fcb8 to remote] DEBUG org.asynchttpclient.netty.request.NettyRequestSender - Using pooled Channel '[id: 0x9477b3de, L:/127.0.0.1:62122 - R:localhost/127.0.0.1:23383]' for 'POST' to 'http://localhost:23383/session/e13ca99d436793f1a9e23c91e011fcb8/element/BCD2F4A31C3EC8D525F772937BF304B4_element_11/click'
18:56:58.064 [Forwarding clickElement on session e13ca99d436793f1a9e23c91e011fcb8 to remote] DEBUG org.asynchttpclient.netty.request.NettyRequestSender - Using open Channel [id: 0x9477b3de, L:/127.0.0.1:62122 - R:localhost/127.0.0.1:23383] for POST '/session/e13ca99d436793f1a9e23c91e011fcb8/element/BCD2F4A31C3EC8D525F772937BF304B4_element_11/click'
18:56:58.096 [AsyncHttpClient-1-20] DEBUG org.asynchttpclient.netty.handler.HttpHandler - 

Request DefaultHttpRequest(decodeResult: success, version: HTTP/1.1)
POST /session/e13ca99d436793f1a9e23c91e011fcb8/element/BCD2F4A31C3EC8D525F772937BF304B4_element_11/click HTTP/1.1
User-Agent: selenium/4.8.1 (java windows)
Content-Length: 57
Content-Type: application/json; charset=utf-8
host: localhost:23383
accept: */*

Response DefaultHttpResponse(decodeResult: success, version: HTTP/1.1)
HTTP/1.1 200 OK
Content-Length: 14
Content-Type: application/json; charset=utf-8
cache-control: no-cache

18:56:58.096 [AsyncHttpClient-1-20] DEBUG org.asynchttpclient.netty.channel.ChannelManager - Adding key: http://localhost:23383 for channel [id: 0x9477b3de, L:/127.0.0.1:62122 - R:localhost/127.0.0.1:23383]
18:56:58.100 [Forwarding getAlertText on session e13ca99d436793f1a9e23c91e011fcb8 to remote] DEBUG org.asynchttpclient.netty.request.NettyRequestSender - Using pooled Channel '[id: 0x9477b3de, L:/127.0.0.1:62122 - R:localhost/127.0.0.1:23383]' for 'GET' to 'http://localhost:23383/session/e13ca99d436793f1a9e23c91e011fcb8/alert/text'
18:56:58.100 [Forwarding getAlertText on session e13ca99d436793f1a9e23c91e011fcb8 to remote] DEBUG org.asynchttpclient.netty.request.NettyRequestSender - Using open Channel [id: 0x9477b3de, L:/127.0.0.1:62122 - R:localhost/127.0.0.1:23383] for GET '/session/e13ca99d436793f1a9e23c91e011fcb8/alert/text'
18:56:58.101 [AsyncHttpClient-1-20] DEBUG org.asynchttpclient.netty.handler.HttpHandler - 

Request DefaultFullHttpRequest(decodeResult: success, version: HTTP/1.1, content: EmptyByteBufBE)
GET /session/e13ca99d436793f1a9e23c91e011fcb8/alert/text HTTP/1.1
User-Agent: selenium/4.8.1 (java windows)
Cache-Control: no-cache
Content-Type: application/json; charset=utf-8
host: localhost:23383
accept: */*

Response DefaultHttpResponse(decodeResult: success, version: HTTP/1.1)
HTTP/1.1 404 Not Found
Content-Length: 821
Content-Type: application/json; charset=utf-8
cache-control: no-cache

18:56:58.101 [AsyncHttpClient-1-20] DEBUG org.asynchttpclient.netty.channel.ChannelManager - Adding key: http://localhost:23383 for channel [id: 0x9477b3de, L:/127.0.0.1:62122 - R:localhost/127.0.0.1:23383]
18:56:58.101 [Forwarding getCurrentUrl on session e13ca99d436793f1a9e23c91e011fcb8 to remote] DEBUG org.asynchttpclient.netty.request.NettyRequestSender - Using pooled Channel '[id: 0x9477b3de, L:/127.0.0.1:62122 - R:localhost/127.0.0.1:23383]' for 'GET' to 'http://localhost:23383/session/e13ca99d436793f1a9e23c91e011fcb8/url'
18:56:58.103 [Forwarding getCurrentUrl on session e13ca99d436793f1a9e23c91e011fcb8 to remote] DEBUG org.asynchttpclient.netty.request.NettyRequestSender - Using open Channel [id: 0x9477b3de, L:/127.0.0.1:62122 - R:localhost/127.0.0.1:23383] for GET '/session/e13ca99d436793f1a9e23c91e011fcb8/url'
18:56:58.106 [AsyncHttpClient-1-20] DEBUG org.asynchttpclient.netty.handler.HttpHandler - 

Request DefaultFullHttpRequest(decodeResult: success, version: HTTP/1.1, content: EmptyByteBufBE)
GET /session/e13ca99d436793f1a9e23c91e011fcb8/url HTTP/1.1
User-Agent: selenium/4.8.1 (java windows)
Cache-Control: no-cache
Content-Type: application/json; charset=utf-8
host: localhost:23383
accept: */*

Response DefaultHttpResponse(decodeResult: success, version: HTTP/1.1)
HTTP/1.1 200 OK
Content-Length: 45
Content-Type: application/json; charset=utf-8
cache-control: no-cache

18:56:58.106 [AsyncHttpClient-1-20] DEBUG org.asynchttpclient.netty.channel.ChannelManager - Adding key: http://localhost:23383 for channel [id: 0x9477b3de, L:/127.0.0.1:62122 - R:localhost/127.0.0.1:23383]
18:56:58.106 [Forwarding screenshot on session e13ca99d436793f1a9e23c91e011fcb8 to remote] DEBUG org.asynchttpclient.netty.request.NettyRequestSender - Using pooled Channel '[id: 0x9477b3de, L:/127.0.0.1:62122 - R:localhost/127.0.0.1:23383]' for 'GET' to 'http://localhost:23383/session/e13ca99d436793f1a9e23c91e011fcb8/screenshot'
18:56:58.106 [Forwarding screenshot on session e13ca99d436793f1a9e23c91e011fcb8 to remote] DEBUG org.asynchttpclient.netty.request.NettyRequestSender - Using open Channel [id: 0x9477b3de, L:/127.0.0.1:62122 - R:localhost/127.0.0.1:23383] for GET '/session/e13ca99d436793f1a9e23c91e011fcb8/screenshot'
18:56:58.194 [AsyncHttpClient-1-20] DEBUG org.asynchttpclient.netty.handler.HttpHandler - 

Request DefaultFullHttpRequest(decodeResult: success, version: HTTP/1.1, content: EmptyByteBufBE)
GET /session/e13ca99d436793f1a9e23c91e011fcb8/screenshot HTTP/1.1
User-Agent: selenium/4.8.1 (java windows)
Cache-Control: no-cache
Content-Type: application/json; charset=utf-8
host: localhost:23383
accept: */*

Response DefaultHttpResponse(decodeResult: success, version: HTTP/1.1)
HTTP/1.1 200 OK
Content-Length: 34636
Content-Type: application/json; charset=utf-8
cache-control: no-cache

18:56:58.195 [AsyncHttpClient-1-20] DEBUG org.asynchttpclient.netty.channel.ChannelManager - Adding key: http://localhost:23383 for channel [id: 0x9477b3de, L:/127.0.0.1:62122 - R:localhost/127.0.0.1:23383]
18:56:58.196 [main] DEBUG net.serenitybdd.core.photography.Darkroom - Send negative for processing for target\site\serenity\8f555a574c91e06d1ea7fe4484870ad7f3b77ce4e82dd9ffddc621c260b60133.png
18:56:58.196 [main] DEBUG net.thucydides.core.steps.StepInterceptor - STEP DONE: clickLoginButton
  &amp#27;[32mWhen &amp#27;[0m&amp#27;[32mI click on the login button&amp#27;[0m                &amp#27;[90m# starter.stepdefinitions.LoginSteps.clickLoginButton()&amp#27;[0m
18:56:58.196 [Darkroom Processing Line] DEBUG net.serenitybdd.core.photography.DarkroomProcessingLine - Processing screenshot image in /var/screenshots/screenshot-6557781158401451425
18:56:58.196 [Darkroom Processing Line] DEBUG net.serenitybdd.core.photography.DarkroomProcessingLine - Saving screenshot to target\site\serenity\8f555a574c91e06d1ea7fe4484870ad7f3b77ce4e82dd9ffddc621c260b60133.png
18:56:58.208 [Forwarding getPageSource on session e13ca99d436793f1a9e23c91e011fcb8 to remote] DEBUG org.asynchttpclient.netty.request.NettyRequestSender - Using pooled Channel '[id: 0x9477b3de, L:/127.0.0.1:62122 - R:localhost/127.0.0.1:23383]' for 'POST' to 'http://localhost:23383/session/e13ca99d436793f1a9e23c91e011fcb8/execute/sync'
18:56:58.209 [Forwarding getPageSource on session e13ca99d436793f1a9e23c91e011fcb8 to remote] DEBUG org.asynchttpclient.netty.request.NettyRequestSender - Using open Channel [id: 0x9477b3de, L:/127.0.0.1:62122 - R:localhost/127.0.0.1:23383] for POST '/session/e13ca99d436793f1a9e23c91e011fcb8/execute/sync'
18:56:58.227 [AsyncHttpClient-1-20] DEBUG org.asynchttpclient.netty.handler.HttpHandler - 

Request DefaultHttpRequest(decodeResult: success, version: HTTP/1.1)
POST /session/e13ca99d436793f1a9e23c91e011fcb8/execute/sync HTTP/1.1
User-Agent: selenium/4.8.1 (java windows)
Content-Length: 176
Content-Type: application/json; charset=utf-8
host: localhost:23383
accept: */*

Response DefaultHttpResponse(decodeResult: success, version: HTTP/1.1)
HTTP/1.1 200 OK
Content-Length: 9626
Content-Type: application/json; charset=utf-8
cache-control: no-cache

18:56:58.227 [AsyncHttpClient-1-20] DEBUG org.asynchttpclient.netty.channel.ChannelManager - Adding key: http://localhost:23383 for channel [id: 0x9477b3de, L:/127.0.0.1:62122 - R:localhost/127.0.0.1:23383]
18:56:58.229 [Forwarding getCurrentUrl on session e13ca99d436793f1a9e23c91e011fcb8 to remote] DEBUG org.asynchttpclient.netty.request.NettyRequestSender - Using pooled Channel '[id: 0x9477b3de, L:/127.0.0.1:62122 - R:localhost/127.0.0.1:23383]' for 'GET' to 'http://localhost:23383/session/e13ca99d436793f1a9e23c91e011fcb8/url'
18:56:58.229 [Forwarding getCurrentUrl on session e13ca99d436793f1a9e23c91e011fcb8 to remote] DEBUG org.asynchttpclient.netty.request.NettyRequestSender - Using open Channel [id: 0x9477b3de, L:/127.0.0.1:62122 - R:localhost/127.0.0.1:23383] for GET '/session/e13ca99d436793f1a9e23c91e011fcb8/url'
18:56:58.238 [AsyncHttpClient-1-20] DEBUG org.asynchttpclient.netty.handler.HttpHandler - 

Request DefaultFullHttpRequest(decodeResult: success, version: HTTP/1.1, content: EmptyByteBufBE)
GET /session/e13ca99d436793f1a9e23c91e011fcb8/url HTTP/1.1
User-Agent: selenium/4.8.1 (java windows)
Cache-Control: no-cache
Content-Type: application/json; charset=utf-8
host: localhost:23383
accept: */*

Response DefaultHttpResponse(decodeResult: success, version: HTTP/1.1)
HTTP/1.1 200 OK
Content-Length: 45
Content-Type: application/json; charset=utf-8
cache-control: no-cache

18:56:58.238 [AsyncHttpClient-1-20] DEBUG org.asynchttpclient.netty.channel.ChannelManager - Adding key: http://localhost:23383 for channel [id: 0x9477b3de, L:/127.0.0.1:62122 - R:localhost/127.0.0.1:23383]
18:56:58.248 [Forwarding getAlertText on session e13ca99d436793f1a9e23c91e011fcb8 to remote] DEBUG org.asynchttpclient.netty.request.NettyRequestSender - Using pooled Channel '[id: 0x9477b3de, L:/127.0.0.1:62122 - R:localhost/127.0.0.1:23383]' for 'GET' to 'http://localhost:23383/session/e13ca99d436793f1a9e23c91e011fcb8/alert/text'
18:56:58.248 [Forwarding getAlertText on session e13ca99d436793f1a9e23c91e011fcb8 to remote] DEBUG org.asynchttpclient.netty.request.NettyRequestSender - Using open Channel [id: 0x9477b3de, L:/127.0.0.1:62122 - R:localhost/127.0.0.1:23383] for GET '/session/e13ca99d436793f1a9e23c91e011fcb8/alert/text'
18:56:58.250 [AsyncHttpClient-1-20] DEBUG org.asynchttpclient.netty.handler.HttpHandler - 

Request DefaultFullHttpRequest(decodeResult: success, version: HTTP/1.1, content: EmptyByteBufBE)
GET /session/e13ca99d436793f1a9e23c91e011fcb8/alert/text HTTP/1.1
User-Agent: selenium/4.8.1 (java windows)
Cache-Control: no-cache
Content-Type: application/json; charset=utf-8
host: localhost:23383
accept: */*

Response DefaultHttpResponse(decodeResult: success, version: HTTP/1.1)
HTTP/1.1 404 Not Found
Content-Length: 821
Content-Type: application/json; charset=utf-8
cache-control: no-cache

18:56:58.250 [AsyncHttpClient-1-20] DEBUG org.asynchttpclient.netty.channel.ChannelManager - Adding key: http://localhost:23383 for channel [id: 0x9477b3de, L:/127.0.0.1:62122 - R:localhost/127.0.0.1:23383]
18:56:58.251 [Forwarding getCurrentUrl on session e13ca99d436793f1a9e23c91e011fcb8 to remote] DEBUG org.asynchttpclient.netty.request.NettyRequestSender - Using pooled Channel '[id: 0x9477b3de, L:/127.0.0.1:62122 - R:localhost/127.0.0.1:23383]' for 'GET' to 'http://localhost:23383/session/e13ca99d436793f1a9e23c91e011fcb8/url'
18:56:58.251 [Forwarding getCurrentUrl on session e13ca99d436793f1a9e23c91e011fcb8 to remote] DEBUG org.asynchttpclient.netty.request.NettyRequestSender - Using open Channel [id: 0x9477b3de, L:/127.0.0.1:62122 - R:localhost/127.0.0.1:23383] for GET '/session/e13ca99d436793f1a9e23c91e011fcb8/url'
18:56:58.256 [AsyncHttpClient-1-20] DEBUG org.asynchttpclient.netty.handler.HttpHandler - 

Request DefaultFullHttpRequest(decodeResult: success, version: HTTP/1.1, content: EmptyByteBufBE)
GET /session/e13ca99d436793f1a9e23c91e011fcb8/url HTTP/1.1
User-Agent: selenium/4.8.1 (java windows)
Cache-Control: no-cache
Content-Type: application/json; charset=utf-8
host: localhost:23383
accept: */*

Response DefaultHttpResponse(decodeResult: success, version: HTTP/1.1)
HTTP/1.1 200 OK
Content-Length: 45
Content-Type: application/json; charset=utf-8
cache-control: no-cache

18:56:58.256 [AsyncHttpClient-1-20] DEBUG org.asynchttpclient.netty.channel.ChannelManager - Adding key: http://localhost:23383 for channel [id: 0x9477b3de, L:/127.0.0.1:62122 - R:localhost/127.0.0.1:23383]
18:56:58.257 [Forwarding screenshot on session e13ca99d436793f1a9e23c91e011fcb8 to remote] DEBUG org.asynchttpclient.netty.request.NettyRequestSender - Using pooled Channel '[id: 0x9477b3de, L:/127.0.0.1:62122 - R:localhost/127.0.0.1:23383]' for 'GET' to 'http://localhost:23383/session/e13ca99d436793f1a9e23c91e011fcb8/screenshot'
18:56:58.257 [Forwarding screenshot on session e13ca99d436793f1a9e23c91e011fcb8 to remote] DEBUG org.asynchttpclient.netty.request.NettyRequestSender - Using open Channel [id: 0x9477b3de, L:/127.0.0.1:62122 - R:localhost/127.0.0.1:23383] for GET '/session/e13ca99d436793f1a9e23c91e011fcb8/screenshot'
18:56:58.348 [AsyncHttpClient-1-20] DEBUG org.asynchttpclient.netty.handler.HttpHandler - 

Request DefaultFullHttpRequest(decodeResult: success, version: HTTP/1.1, content: EmptyByteBufBE)
GET /session/e13ca99d436793f1a9e23c91e011fcb8/screenshot HTTP/1.1
User-Agent: selenium/4.8.1 (java windows)
Cache-Control: no-cache
Content-Type: application/json; charset=utf-8
host: localhost:23383
accept: */*

Response DefaultHttpResponse(decodeResult: success, version: HTTP/1.1)
HTTP/1.1 200 OK
Content-Length: 34680
Content-Type: application/json; charset=utf-8
cache-control: no-cache

18:56:58.348 [AsyncHttpClient-1-20] DEBUG org.asynchttpclient.netty.channel.ChannelManager - Adding key: http://localhost:23383 for channel [id: 0x9477b3de, L:/127.0.0.1:62122 - R:localhost/127.0.0.1:23383]
18:56:58.349 [main] DEBUG net.serenitybdd.core.photography.Darkroom - Send negative for processing for target\site\serenity\aac299888a4c206b7cd8849a64322e8d81d77da270ccaecc1220cbeaca28ea89.png
18:56:58.349 [Darkroom Processing Line] DEBUG net.serenitybdd.core.photography.DarkroomProcessingLine - Processing screenshot image in /var/screenshots/screenshot-16471170344075726987
18:56:58.349 [Darkroom Processing Line] DEBUG net.serenitybdd.core.photography.DarkroomProcessingLine - Saving screenshot to target\site\serenity\aac299888a4c206b7cd8849a64322e8d81d77da270ccaecc1220cbeaca28ea89.png
18:56:58.350 [Forwarding getPageSource on session e13ca99d436793f1a9e23c91e011fcb8 to remote] DEBUG org.asynchttpclient.netty.request.NettyRequestSender - Using pooled Channel '[id: 0x9477b3de, L:/127.0.0.1:62122 - R:localhost/127.0.0.1:23383]' for 'POST' to 'http://localhost:23383/session/e13ca99d436793f1a9e23c91e011fcb8/execute/sync'
18:56:58.350 [Forwarding getPageSource on session e13ca99d436793f1a9e23c91e011fcb8 to remote] DEBUG org.asynchttpclient.netty.request.NettyRequestSender - Using open Channel [id: 0x9477b3de, L:/127.0.0.1:62122 - R:localhost/127.0.0.1:23383] for POST '/session/e13ca99d436793f1a9e23c91e011fcb8/execute/sync'
18:56:58.355 [AsyncHttpClient-1-20] DEBUG org.asynchttpclient.netty.handler.HttpHandler - 

Request DefaultHttpRequest(decodeResult: success, version: HTTP/1.1)
POST /session/e13ca99d436793f1a9e23c91e011fcb8/execute/sync HTTP/1.1
User-Agent: selenium/4.8.1 (java windows)
Content-Length: 176
Content-Type: application/json; charset=utf-8
host: localhost:23383
accept: */*

Response DefaultHttpResponse(decodeResult: success, version: HTTP/1.1)
HTTP/1.1 200 OK
Content-Length: 9626
Content-Type: application/json; charset=utf-8
cache-control: no-cache

18:56:58.355 [AsyncHttpClient-1-20] DEBUG org.asynchttpclient.netty.channel.ChannelManager - Adding key: http://localhost:23383 for channel [id: 0x9477b3de, L:/127.0.0.1:62122 - R:localhost/127.0.0.1:23383]
18:56:58.356 [Forwarding getCurrentUrl on session e13ca99d436793f1a9e23c91e011fcb8 to remote] DEBUG org.asynchttpclient.netty.request.NettyRequestSender - Using pooled Channel '[id: 0x9477b3de, L:/127.0.0.1:62122 - R:localhost/127.0.0.1:23383]' for 'GET' to 'http://localhost:23383/session/e13ca99d436793f1a9e23c91e011fcb8/url'
18:56:58.356 [Forwarding getCurrentUrl on session e13ca99d436793f1a9e23c91e011fcb8 to remote] DEBUG org.asynchttpclient.netty.request.NettyRequestSender - Using open Channel [id: 0x9477b3de, L:/127.0.0.1:62122 - R:localhost/127.0.0.1:23383] for GET '/session/e13ca99d436793f1a9e23c91e011fcb8/url'
18:56:58.361 [AsyncHttpClient-1-20] DEBUG org.asynchttpclient.netty.handler.HttpHandler - 

Request DefaultFullHttpRequest(decodeResult: success, version: HTTP/1.1, content: EmptyByteBufBE)
GET /session/e13ca99d436793f1a9e23c91e011fcb8/url HTTP/1.1
User-Agent: selenium/4.8.1 (java windows)
Cache-Control: no-cache
Content-Type: application/json; charset=utf-8
host: localhost:23383
accept: */*

Response DefaultHttpResponse(decodeResult: success, version: HTTP/1.1)
HTTP/1.1 200 OK
Content-Length: 45
Content-Type: application/json; charset=utf-8
cache-control: no-cache

18:56:58.361 [AsyncHttpClient-1-20] DEBUG org.asynchttpclient.netty.channel.ChannelManager - Adding key: http://localhost:23383 for channel [id: 0x9477b3de, L:/127.0.0.1:62122 - R:localhost/127.0.0.1:23383]
18:56:58.363 [main] DEBUG net.thucydides.core.steps.StepInterceptor - STARTING STEP: LoginSteps.checkWarningCharEmail - checkWarningCharEmail
18:56:58.365 [Forwarding findElement on session e13ca99d436793f1a9e23c91e011fcb8 to remote] DEBUG org.asynchttpclient.netty.request.NettyRequestSender - Using pooled Channel '[id: 0x9477b3de, L:/127.0.0.1:62122 - R:localhost/127.0.0.1:23383]' for 'POST' to 'http://localhost:23383/session/e13ca99d436793f1a9e23c91e011fcb8/element'
18:56:58.365 [Forwarding findElement on session e13ca99d436793f1a9e23c91e011fcb8 to remote] DEBUG org.asynchttpclient.netty.request.NettyRequestSender - Using open Channel [id: 0x9477b3de, L:/127.0.0.1:62122 - R:localhost/127.0.0.1:23383] for POST '/session/e13ca99d436793f1a9e23c91e011fcb8/element'
18:56:58.368 [AsyncHttpClient-1-1] DEBUG org.asynchttpclient.netty.channel.DefaultChannelPool - Entry count for : http://localhost:62124 : 1
18:56:58.379 [AsyncHttpClient-1-20] DEBUG org.asynchttpclient.netty.handler.HttpHandler - 

Request DefaultHttpRequest(decodeResult: success, version: HTTP/1.1)
POST /session/e13ca99d436793f1a9e23c91e011fcb8/element HTTP/1.1
User-Agent: selenium/4.8.1 (java windows)
Content-Length: 51
Content-Type: application/json; charset=utf-8
host: localhost:23383
accept: */*

Response DefaultHttpResponse(decodeResult: success, version: HTTP/1.1)
HTTP/1.1 200 OK
Content-Length: 95
Content-Type: application/json; charset=utf-8
cache-control: no-cache

18:56:58.380 [AsyncHttpClient-1-20] DEBUG org.asynchttpclient.netty.channel.ChannelManager - Adding key: http://localhost:23383 for channel [id: 0x9477b3de, L:/127.0.0.1:62122 - R:localhost/127.0.0.1:23383]
18:56:58.382 [Forwarding isElementDisplayed on session e13ca99d436793f1a9e23c91e011fcb8 to remote] DEBUG org.asynchttpclient.netty.request.NettyRequestSender - Using pooled Channel '[id: 0x9477b3de, L:/127.0.0.1:62122 - R:localhost/127.0.0.1:23383]' for 'POST' to 'http://localhost:23383/session/e13ca99d436793f1a9e23c91e011fcb8/execute/sync'
18:56:58.382 [Forwarding isElementDisplayed on session e13ca99d436793f1a9e23c91e011fcb8 to remote] DEBUG org.asynchttpclient.netty.request.NettyRequestSender - Using open Channel [id: 0x9477b3de, L:/127.0.0.1:62122 - R:localhost/127.0.0.1:23383] for POST '/session/e13ca99d436793f1a9e23c91e011fcb8/execute/sync'
18:56:58.396 [AsyncHttpClient-1-20] DEBUG org.asynchttpclient.netty.handler.HttpHandler - 

Request DefaultHttpRequest(decodeResult: success, version: HTTP/1.1)
POST /session/e13ca99d436793f1a9e23c91e011fcb8/execute/sync HTTP/1.1
User-Agent: selenium/4.8.1 (java windows)
Content-Length: 48814
Content-Type: application/json; charset=utf-8
host: localhost:23383
accept: */*

Response DefaultHttpResponse(decodeResult: success, version: HTTP/1.1)
HTTP/1.1 200 OK
Content-Length: 14
Content-Type: application/json; charset=utf-8
cache-control: no-cache

18:56:58.396 [AsyncHttpClient-1-20] DEBUG org.asynchttpclient.netty.channel.ChannelManager - Adding key: http://localhost:23383 for channel [id: 0x9477b3de, L:/127.0.0.1:62122 - R:localhost/127.0.0.1:23383]
18:56:58.401 [Forwarding getAlertText on session e13ca99d436793f1a9e23c91e011fcb8 to remote] DEBUG org.asynchttpclient.netty.request.NettyRequestSender - Using pooled Channel '[id: 0x9477b3de, L:/127.0.0.1:62122 - R:localhost/127.0.0.1:23383]' for 'GET' to 'http://localhost:23383/session/e13ca99d436793f1a9e23c91e011fcb8/alert/text'
18:56:58.401 [Forwarding getAlertText on session e13ca99d436793f1a9e23c91e011fcb8 to remote] DEBUG org.asynchttpclient.netty.request.NettyRequestSender - Using open Channel [id: 0x9477b3de, L:/127.0.0.1:62122 - R:localhost/127.0.0.1:23383] for GET '/session/e13ca99d436793f1a9e23c91e011fcb8/alert/text'
18:56:58.402 [AsyncHttpClient-1-20] DEBUG org.asynchttpclient.netty.handler.HttpHandler - 

Request DefaultFullHttpRequest(decodeResult: success, version: HTTP/1.1, content: EmptyByteBufBE)
GET /session/e13ca99d436793f1a9e23c91e011fcb8/alert/text HTTP/1.1
User-Agent: selenium/4.8.1 (java windows)
Cache-Control: no-cache
Content-Type: application/json; charset=utf-8
host: localhost:23383
accept: */*

Response DefaultHttpResponse(decodeResult: success, version: HTTP/1.1)
HTTP/1.1 404 Not Found
Content-Length: 821
Content-Type: application/json; charset=utf-8
cache-control: no-cache

18:56:58.402 [AsyncHttpClient-1-20] DEBUG org.asynchttpclient.netty.channel.ChannelManager - Adding key: http://localhost:23383 for channel [id: 0x9477b3de, L:/127.0.0.1:62122 - R:localhost/127.0.0.1:23383]
18:56:58.404 [Forwarding getCurrentUrl on session e13ca99d436793f1a9e23c91e011fcb8 to remote] DEBUG org.asynchttpclient.netty.request.NettyRequestSender - Using pooled Channel '[id: 0x9477b3de, L:/127.0.0.1:62122 - R:localhost/127.0.0.1:23383]' for 'GET' to 'http://localhost:23383/session/e13ca99d436793f1a9e23c91e011fcb8/url'
18:56:58.404 [Forwarding getCurrentUrl on session e13ca99d436793f1a9e23c91e011fcb8 to remote] DEBUG org.asynchttpclient.netty.request.NettyRequestSender - Using open Channel [id: 0x9477b3de, L:/127.0.0.1:62122 - R:localhost/127.0.0.1:23383] for GET '/session/e13ca99d436793f1a9e23c91e011fcb8/url'
18:56:58.410 [AsyncHttpClient-1-20] DEBUG org.asynchttpclient.netty.handler.HttpHandler - 

Request DefaultFullHttpRequest(decodeResult: success, version: HTTP/1.1, content: EmptyByteBufBE)
GET /session/e13ca99d436793f1a9e23c91e011fcb8/url HTTP/1.1
User-Agent: selenium/4.8.1 (java windows)
Cache-Control: no-cache
Content-Type: application/json; charset=utf-8
host: localhost:23383
accept: */*

Response DefaultHttpResponse(decodeResult: success, version: HTTP/1.1)
HTTP/1.1 200 OK
Content-Length: 45
Content-Type: application/json; charset=utf-8
cache-control: no-cache

18:56:58.410 [AsyncHttpClient-1-20] DEBUG org.asynchttpclient.netty.channel.ChannelManager - Adding key: http://localhost:23383 for channel [id: 0x9477b3de, L:/127.0.0.1:62122 - R:localhost/127.0.0.1:23383]
18:56:58.411 [Forwarding screenshot on session e13ca99d436793f1a9e23c91e011fcb8 to remote] DEBUG org.asynchttpclient.netty.request.NettyRequestSender - Using pooled Channel '[id: 0x9477b3de, L:/127.0.0.1:62122 - R:localhost/127.0.0.1:23383]' for 'GET' to 'http://localhost:23383/session/e13ca99d436793f1a9e23c91e011fcb8/screenshot'
18:56:58.411 [Forwarding screenshot on session e13ca99d436793f1a9e23c91e011fcb8 to remote] DEBUG org.asynchttpclient.netty.request.NettyRequestSender - Using open Channel [id: 0x9477b3de, L:/127.0.0.1:62122 - R:localhost/127.0.0.1:23383] for GET '/session/e13ca99d436793f1a9e23c91e011fcb8/screenshot'
18:56:58.532 [AsyncHttpClient-1-20] DEBUG org.asynchttpclient.netty.handler.HttpHandler - 

Request DefaultFullHttpRequest(decodeResult: success, version: HTTP/1.1, content: EmptyByteBufBE)
GET /session/e13ca99d436793f1a9e23c91e011fcb8/screenshot HTTP/1.1
User-Agent: selenium/4.8.1 (java windows)
Cache-Control: no-cache
Content-Type: application/json; charset=utf-8
host: localhost:23383
accept: */*

Response DefaultHttpResponse(decodeResult: success, version: HTTP/1.1)
HTTP/1.1 200 OK
Content-Length: 34676
Content-Type: application/json; charset=utf-8
cache-control: no-cache

18:56:58.532 [AsyncHttpClient-1-20] DEBUG org.asynchttpclient.netty.channel.ChannelManager - Adding key: http://localhost:23383 for channel [id: 0x9477b3de, L:/127.0.0.1:62122 - R:localhost/127.0.0.1:23383]
18:56:58.534 [main] DEBUG net.serenitybdd.core.photography.Darkroom - Send negative for processing for target\site\serenity\cec62aa275725382d81c006930c5f649c406b920ee0b5c5dff684be9bd606f5a.png
18:56:58.534 [main] DEBUG net.thucydides.core.steps.StepInterceptor - STEP DONE: checkWarningCharEmail
  &amp#27;[32mThen &amp#27;[0m&amp#27;[32mI should see warning char email&amp#27;[0m            &amp#27;[90m# starter.stepdefinitions.LoginSteps.checkWarningCharEmail()&amp#27;[0m
18:56:58.534 [Darkroom Processing Line] DEBUG net.serenitybdd.core.photography.DarkroomProcessingLine - Processing screenshot image in /var/screenshots/screenshot-90122785471187515
18:56:58.534 [Darkroom Processing Line] DEBUG net.serenitybdd.core.photography.DarkroomProcessingLine - Saving screenshot to target\site\serenity\cec62aa275725382d81c006930c5f649c406b920ee0b5c5dff684be9bd606f5a.png
18:56:58.539 [main] INFO  - 
  _____   ___   ___   _____     ___     _     ___   ___   ___   ___  
 |_   _| | __| / __| |_   _|   | _ \   /_\   / __| / __| | __| |   \ 
   | |   | _|  \__ \   | |     |  _/  / _ \  \__ \ \__ \ | _|  | |) |
   |_|   |___| |___/   |_|     |_|   /_/ \_\ |___/ |___/ |___| |___/ 

Admin login with email less than 2 char
----------------------------------------------------------------------
18:56:58.540 [AsyncHttpClient-1-22] DEBUG org.asynchttpclient.netty.handler.WebSocketHandler - Channel Closed: [id: 0x1814abd3, L:/127.0.0.1:62131 ! R:localhost/127.0.0.1:62124] with attribute NettyResponseFuture{currentRetry=0,
	isDone=1,
	isCancelled=0,
	asyncHandler=org.asynchttpclient.ws.WebSocketUpgradeHandler@e193358,
	nettyRequest=org.asynchttpclient.netty.request.NettyRequest@4b1bbcff,
	future=java.util.concurrent.CompletableFuture@45b58dac[Completed normally],
	uri=ws://localhost:62124/devtools/browser/4f82e662-0f97-45e9-b9a0-81b56a609497,
	keepAlive=true,
	redirectCount=0,
	timeoutsHolder=null,
	inAuth=0,
	touch=1687780616295}
18:56:58.540 [AsyncHttpClient-1-22] DEBUG org.asynchttpclient.netty.channel.ChannelManager - Closing Channel [id: 0x1814abd3, L:/127.0.0.1:62131 ! R:localhost/127.0.0.1:62124] 
18:56:58.540 [Driver Command Executor] DEBUG org.asynchttpclient.netty.request.NettyRequestSender - Using pooled Channel '[id: 0x9477b3de, L:/127.0.0.1:62122 - R:localhost/127.0.0.1:23383]' for 'DELETE' to 'http://localhost:23383/session/e13ca99d436793f1a9e23c91e011fcb8'
18:56:58.540 [Driver Command Executor] DEBUG org.asynchttpclient.netty.request.NettyRequestSender - Using open Channel [id: 0x9477b3de, L:/127.0.0.1:62122 - R:localhost/127.0.0.1:23383] for DELETE '/session/e13ca99d436793f1a9e23c91e011fcb8'
18:56:58.563 [AsyncHttpClient-1-21] DEBUG org.asynchttpclient.netty.handler.HttpHandler - Unexpected I/O exception on channel [id: 0xcf3a36e5, L:/127.0.0.1:62130 - R:localhost/127.0.0.1:62124]
java.net.SocketException: Connection reset
	at java.base/sun.nio.ch.SocketChannelImpl.throwConnectionReset(SocketChannelImpl.java:367)
	at java.base/sun.nio.ch.SocketChannelImpl.read(SocketChannelImpl.java:398)
	at io.netty.buffer.PooledByteBuf.setBytes(PooledByteBuf.java:259)
	at io.netty.buffer.AbstractByteBuf.writeBytes(AbstractByteBuf.java:1132)
	at io.netty.channel.socket.nio.NioSocketChannel.doReadBytes(NioSocketChannel.java:357)
	at io.netty.channel.nio.AbstractNioByteChannel$NioByteUnsafe.read(AbstractNioByteChannel.java:151)
	at io.netty.channel.nio.NioEventLoop.processSelectedKey(NioEventLoop.java:788)
	at io.netty.channel.nio.NioEventLoop.processSelectedKeysOptimized(NioEventLoop.java:724)
	at io.netty.channel.nio.NioEventLoop.processSelectedKeys(NioEventLoop.java:650)
	at io.netty.channel.nio.NioEventLoop.run(NioEventLoop.java:562)
	at io.netty.util.concurrent.SingleThreadEventExecutor$4.run(SingleThreadEventExecutor.java:997)
	at io.netty.util.internal.ThreadExecutorMap$2.run(ThreadExecutorMap.java:74)
	at io.netty.util.concurrent.FastThreadLocalRunnable.run(FastThreadLocalRunnable.java:30)
	at java.base/java.lang.Thread.run(Thread.java:832)
18:56:58.563 [AsyncHttpClient-1-21] DEBUG org.asynchttpclient.netty.channel.ChannelManager - Closing Channel [id: 0xcf3a36e5, L:/127.0.0.1:62130 - R:localhost/127.0.0.1:62124] 
18:56:58.563 [AsyncHttpClient-1-21] DEBUG org.asynchttpclient.netty.handler.HttpHandler - Channel Closed: [id: 0xcf3a36e5, L:/127.0.0.1:62130 ! R:localhost/127.0.0.1:62124] with attribute DISCARD
18:56:58.574 [AsyncHttpClient-1-20] DEBUG org.asynchttpclient.netty.handler.HttpHandler - 

Request DefaultFullHttpRequest(decodeResult: success, version: HTTP/1.1, content: EmptyByteBufBE)
DELETE /session/e13ca99d436793f1a9e23c91e011fcb8 HTTP/1.1
User-Agent: selenium/4.8.1 (java windows)
Content-Type: application/json; charset=utf-8
host: localhost:23383
accept: */*

Response DefaultHttpResponse(decodeResult: success, version: HTTP/1.1)
HTTP/1.1 200 OK
Content-Length: 14
Content-Type: application/json; charset=utf-8
cache-control: no-cache

18:56:58.574 [AsyncHttpClient-1-20] DEBUG org.asynchttpclient.netty.channel.ChannelManager - Adding key: http://localhost:23383 for channel [id: 0x9477b3de, L:/127.0.0.1:62122 - R:localhost/127.0.0.1:23383]
18:56:58.624 [AsyncHttpClient-1-20] DEBUG org.asynchttpclient.netty.handler.HttpHandler - Channel Closed: [id: 0x9477b3de, L:/127.0.0.1:62122 ! R:localhost/127.0.0.1:23383] with attribute DISCARD
]]></system-out>
    <system-err><![CDATA[Starting ChromeDriver 114.0.5735.16 (7e1ff058633f5b79b1cd7479aca585ba385519d8-refs/branch-heads/5735@{#182}) on port 23383
Only local connections are allowed.
Please see https://chromedriver.chromium.org/security-considerations for suggestions on keeping ChromeDriver safe.
ChromeDriver was started successfully.
Jun 26, 2023 6:56:56 PM org.openqa.selenium.devtools.CdpVersionFinder findNearestMatch
WARNING: Unable to find an exact match for CDP version 114, so returning the closest version found: 110
]]></system-err>
  </testcase>
  <testcase name="Admin login with password less than 8 char" classname="Login to Sociops Admin Account" time="3.431">
    <system-out><![CDATA[
Scenario: Admin login with password less than 8 char &amp#27;[90m# src/test/resources/features/Login.feature:56&amp#27;[0m
18:56:59.164 [main] DEBUG io.cucumber.core.plugin.SerenityReporter - Running feature from file:///C:/Users/WINDOWS%2010/Documents/GitHub/Capstone/sociops_qe_web/src/test/resources/features/Login.feature
18:56:59.166 [main] INFO  - 
  _____   ___   ___   _____     ___   _____     _     ___   _____   ___   ___  
 |_   _| | __| / __| |_   _|   / __| |_   _|   /_\   | _ \ |_   _| | __| |   \ 
   | |   | _|  \__ \   | |     \__ \   | |    / _ \  |   /   | |   | _|  | |) |
   |_|   |___| |___/   |_|     |___/   |_|   /_/ \_\ |_|_\   |_|   |___| |___/ 

Admin login with password less than 8 char(login-to-sociops-admin-account;admin-login-with-password-less-than-8-char)
--------------------------------------------------------------------------------
18:56:59.187 [main] DEBUG net.thucydides.core.steps.StepInterceptor - STARTING STEP: LoginSteps.onTheLoginPage - openPage
18:56:59.221 [main] INFO net.serenitybdd.core.webdriver.driverproviders.ChromeDriverProvider - Starting Chrome driver instance with capabilities:
18:56:59.221 [main] INFO net.serenitybdd.core.webdriver.driverproviders.ChromeDriverProvider - Capabilities {acceptInsecureCerts: false, browserName: chrome, goog:chromeOptions: {args: [remote-allow-origins=*], extensions: []}}
18:56:59.290 [AsyncHttpClient-1-23] DEBUG org.asynchttpclient.netty.channel.NettyConnectListener - Using new Channel '[id: 0x26850919, L:/127.0.0.1:62142 - R:localhost/127.0.0.1:30263]' for 'POST' to '/session'
18:56:59.468 [AsyncHttpClient-1-1] DEBUG org.asynchttpclient.netty.channel.DefaultChannelPool - Entry count for : http://localhost:62124 : 1
18:56:59.468 [AsyncHttpClient-1-1] DEBUG org.asynchttpclient.netty.channel.DefaultChannelPool - Entry count for : http://localhost:23383 : 1
18:56:59.468 [AsyncHttpClient-1-1] DEBUG org.asynchttpclient.netty.channel.DefaultChannelPool - Adding Candidate expired Channel [id: 0xcf3a36e5, L:/127.0.0.1:62130 ! R:localhost/127.0.0.1:62124] isIdleTimeoutExpired=false isRemotelyClosed=true isTtlExpired=false
18:56:59.468 [AsyncHttpClient-1-1] DEBUG org.asynchttpclient.netty.channel.DefaultChannelPool - Closing Idle Channel [id: 0xcf3a36e5, L:/127.0.0.1:62130 ! R:localhost/127.0.0.1:62124]
18:56:59.468 [AsyncHttpClient-1-1] DEBUG org.asynchttpclient.netty.channel.DefaultChannelPool - Adding Candidate expired Channel [id: 0x9477b3de, L:/127.0.0.1:62122 ! R:localhost/127.0.0.1:23383] isIdleTimeoutExpired=false isRemotelyClosed=true isTtlExpired=false
18:56:59.468 [AsyncHttpClient-1-1] DEBUG org.asynchttpclient.netty.channel.DefaultChannelPool - Closing Idle Channel [id: 0x9477b3de, L:/127.0.0.1:62122 ! R:localhost/127.0.0.1:23383]
18:56:59.468 [AsyncHttpClient-1-1] DEBUG org.asynchttpclient.netty.channel.DefaultChannelPool - Closed 2 connections out of 2 in 0 ms
18:57:00.037 [AsyncHttpClient-1-23] DEBUG org.asynchttpclient.netty.handler.HttpHandler - 

Request DefaultHttpRequest(decodeResult: success, version: HTTP/1.1)
POST /session HTTP/1.1
User-Agent: selenium/4.8.1 (java windows)
Content-Length: 507
Content-Type: application/json; charset=utf-8
host: localhost:30263
accept: */*

Response DefaultHttpResponse(decodeResult: success, version: HTTP/1.1)
HTTP/1.1 200 OK
Content-Length: 861
Content-Type: application/json; charset=utf-8
cache-control: no-cache

18:57:00.037 [AsyncHttpClient-1-23] DEBUG org.asynchttpclient.netty.channel.ChannelManager - Adding key: http://localhost:30263 for channel [id: 0x26850919, L:/127.0.0.1:62142 - R:localhost/127.0.0.1:30263]
18:57:00.042 [AsyncHttpClient-1-24] DEBUG org.asynchttpclient.netty.channel.NettyConnectListener - Using new Channel '[id: 0xb3b4b787, L:/127.0.0.1:62150 - R:localhost/127.0.0.1:62144]' for 'GET' to '/json/version'
18:57:00.044 [AsyncHttpClient-1-24] DEBUG org.asynchttpclient.netty.handler.HttpHandler - 

Request DefaultFullHttpRequest(decodeResult: success, version: HTTP/1.1, content: EmptyByteBufBE)
GET /json/version HTTP/1.1
User-Agent: selenium/4.8.1 (java windows)
host: localhost:62144
accept: */*

Response DefaultHttpResponse(decodeResult: success, version: HTTP/1.1)
HTTP/1.1 200 OK
Content-Security-Policy: frame-ancestors 'none'
Content-Length: 424
Content-Type: application/json; charset=UTF-8

18:57:00.044 [AsyncHttpClient-1-24] DEBUG org.asynchttpclient.netty.channel.ChannelManager - Adding key: http://localhost:62144 for channel [id: 0xb3b4b787, L:/127.0.0.1:62150 - R:localhost/127.0.0.1:62144]
18:57:00.046 [AsyncHttpClient-1-25] DEBUG org.asynchttpclient.netty.channel.NettyConnectListener - Using new Channel '[id: 0x4e84e673, L:/127.0.0.1:62151 - R:localhost/127.0.0.1:62144]' for 'GET' to '/devtools/browser/811e9ff5-289a-4853-8431-393850f25bec'
18:57:00.047 [AsyncHttpClient-1-25] DEBUG org.asynchttpclient.netty.handler.WebSocketHandler - 

Request DefaultFullHttpRequest(decodeResult: success, version: HTTP/1.1, content: EmptyByteBufBE)
GET /devtools/browser/811e9ff5-289a-4853-8431-393850f25bec HTTP/1.1
upgrade: websocket
connection: upgrade
sec-websocket-key: tyMrIQ4eb6mrjCwOGyL7qw==
sec-websocket-version: 13
origin: http://localhost:62144
host: localhost:62144
accept: */*
user-agent: AHC/2.1

Response DefaultHttpResponse(decodeResult: success, version: HTTP/1.1)
HTTP/1.1 101 WebSocket Protocol Handshake
Upgrade: WebSocket
Connection: Upgrade
Sec-WebSocket-Accept: HmAXGoN4X2YFKgUj/STx+ZwSy/w=

18:57:00.051 [Forwarding get on session 1985cb2dc8ce37d05ea242bae4b9ed32 to remote] DEBUG org.asynchttpclient.netty.request.NettyRequestSender - Using pooled Channel '[id: 0x26850919, L:/127.0.0.1:62142 - R:localhost/127.0.0.1:30263]' for 'POST' to 'http://localhost:30263/session/1985cb2dc8ce37d05ea242bae4b9ed32/url'
18:57:00.051 [Forwarding get on session 1985cb2dc8ce37d05ea242bae4b9ed32 to remote] DEBUG org.asynchttpclient.netty.request.NettyRequestSender - Using open Channel [id: 0x26850919, L:/127.0.0.1:62142 - R:localhost/127.0.0.1:30263] for POST '/session/1985cb2dc8ce37d05ea242bae4b9ed32/url'
18:57:00.567 [AsyncHttpClient-1-1] DEBUG org.asynchttpclient.netty.channel.DefaultChannelPool - Entry count for : http://localhost:62144 : 1
18:57:00.719 [AsyncHttpClient-1-23] DEBUG org.asynchttpclient.netty.handler.HttpHandler - 

Request DefaultHttpRequest(decodeResult: success, version: HTTP/1.1)
POST /session/1985cb2dc8ce37d05ea242bae4b9ed32/url HTTP/1.1
User-Agent: selenium/4.8.1 (java windows)
Content-Length: 63
Content-Type: application/json; charset=utf-8
host: localhost:30263
accept: */*

Response DefaultHttpResponse(decodeResult: success, version: HTTP/1.1)
HTTP/1.1 200 OK
Content-Length: 14
Content-Type: application/json; charset=utf-8
cache-control: no-cache

18:57:00.720 [AsyncHttpClient-1-23] DEBUG org.asynchttpclient.netty.channel.ChannelManager - Adding key: http://localhost:30263 for channel [id: 0x26850919, L:/127.0.0.1:62142 - R:localhost/127.0.0.1:30263]
18:57:00.721 [Forwarding setTimeout on session 1985cb2dc8ce37d05ea242bae4b9ed32 to remote] DEBUG org.asynchttpclient.netty.request.NettyRequestSender - Using pooled Channel '[id: 0x26850919, L:/127.0.0.1:62142 - R:localhost/127.0.0.1:30263]' for 'POST' to 'http://localhost:30263/session/1985cb2dc8ce37d05ea242bae4b9ed32/timeouts'
18:57:00.721 [Forwarding setTimeout on session 1985cb2dc8ce37d05ea242bae4b9ed32 to remote] DEBUG org.asynchttpclient.netty.request.NettyRequestSender - Using open Channel [id: 0x26850919, L:/127.0.0.1:62142 - R:localhost/127.0.0.1:30263] for POST '/session/1985cb2dc8ce37d05ea242bae4b9ed32/timeouts'
18:57:00.721 [AsyncHttpClient-1-23] DEBUG org.asynchttpclient.netty.handler.HttpHandler - 

Request DefaultHttpRequest(decodeResult: success, version: HTTP/1.1)
POST /session/1985cb2dc8ce37d05ea242bae4b9ed32/timeouts HTTP/1.1
User-Agent: selenium/4.8.1 (java windows)
Content-Length: 22
Content-Type: application/json; charset=utf-8
host: localhost:30263
accept: */*

Response DefaultHttpResponse(decodeResult: success, version: HTTP/1.1)
HTTP/1.1 200 OK
Content-Length: 14
Content-Type: application/json; charset=utf-8
cache-control: no-cache

18:57:00.721 [AsyncHttpClient-1-23] DEBUG org.asynchttpclient.netty.channel.ChannelManager - Adding key: http://localhost:30263 for channel [id: 0x26850919, L:/127.0.0.1:62142 - R:localhost/127.0.0.1:30263]
18:57:00.727 [Forwarding getAlertText on session 1985cb2dc8ce37d05ea242bae4b9ed32 to remote] DEBUG org.asynchttpclient.netty.request.NettyRequestSender - Using pooled Channel '[id: 0x26850919, L:/127.0.0.1:62142 - R:localhost/127.0.0.1:30263]' for 'GET' to 'http://localhost:30263/session/1985cb2dc8ce37d05ea242bae4b9ed32/alert/text'
18:57:00.727 [Forwarding getAlertText on session 1985cb2dc8ce37d05ea242bae4b9ed32 to remote] DEBUG org.asynchttpclient.netty.request.NettyRequestSender - Using open Channel [id: 0x26850919, L:/127.0.0.1:62142 - R:localhost/127.0.0.1:30263] for GET '/session/1985cb2dc8ce37d05ea242bae4b9ed32/alert/text'
18:57:00.729 [AsyncHttpClient-1-23] DEBUG org.asynchttpclient.netty.handler.HttpHandler - 

Request DefaultFullHttpRequest(decodeResult: success, version: HTTP/1.1, content: EmptyByteBufBE)
GET /session/1985cb2dc8ce37d05ea242bae4b9ed32/alert/text HTTP/1.1
User-Agent: selenium/4.8.1 (java windows)
Cache-Control: no-cache
Content-Type: application/json; charset=utf-8
host: localhost:30263
accept: */*

Response DefaultHttpResponse(decodeResult: success, version: HTTP/1.1)
HTTP/1.1 404 Not Found
Content-Length: 821
Content-Type: application/json; charset=utf-8
cache-control: no-cache

18:57:00.729 [AsyncHttpClient-1-23] DEBUG org.asynchttpclient.netty.channel.ChannelManager - Adding key: http://localhost:30263 for channel [id: 0x26850919, L:/127.0.0.1:62142 - R:localhost/127.0.0.1:30263]
18:57:00.730 [Forwarding getCurrentUrl on session 1985cb2dc8ce37d05ea242bae4b9ed32 to remote] DEBUG org.asynchttpclient.netty.request.NettyRequestSender - Using pooled Channel '[id: 0x26850919, L:/127.0.0.1:62142 - R:localhost/127.0.0.1:30263]' for 'GET' to 'http://localhost:30263/session/1985cb2dc8ce37d05ea242bae4b9ed32/url'
18:57:00.730 [Forwarding getCurrentUrl on session 1985cb2dc8ce37d05ea242bae4b9ed32 to remote] DEBUG org.asynchttpclient.netty.request.NettyRequestSender - Using open Channel [id: 0x26850919, L:/127.0.0.1:62142 - R:localhost/127.0.0.1:30263] for GET '/session/1985cb2dc8ce37d05ea242bae4b9ed32/url'
18:57:00.735 [AsyncHttpClient-1-23] DEBUG org.asynchttpclient.netty.handler.HttpHandler - 

Request DefaultFullHttpRequest(decodeResult: success, version: HTTP/1.1, content: EmptyByteBufBE)
GET /session/1985cb2dc8ce37d05ea242bae4b9ed32/url HTTP/1.1
User-Agent: selenium/4.8.1 (java windows)
Cache-Control: no-cache
Content-Type: application/json; charset=utf-8
host: localhost:30263
accept: */*

Response DefaultHttpResponse(decodeResult: success, version: HTTP/1.1)
HTTP/1.1 200 OK
Content-Length: 45
Content-Type: application/json; charset=utf-8
cache-control: no-cache

18:57:00.736 [AsyncHttpClient-1-23] DEBUG org.asynchttpclient.netty.channel.ChannelManager - Adding key: http://localhost:30263 for channel [id: 0x26850919, L:/127.0.0.1:62142 - R:localhost/127.0.0.1:30263]
18:57:00.736 [Forwarding screenshot on session 1985cb2dc8ce37d05ea242bae4b9ed32 to remote] DEBUG org.asynchttpclient.netty.request.NettyRequestSender - Using pooled Channel '[id: 0x26850919, L:/127.0.0.1:62142 - R:localhost/127.0.0.1:30263]' for 'GET' to 'http://localhost:30263/session/1985cb2dc8ce37d05ea242bae4b9ed32/screenshot'
18:57:00.736 [Forwarding screenshot on session 1985cb2dc8ce37d05ea242bae4b9ed32 to remote] DEBUG org.asynchttpclient.netty.request.NettyRequestSender - Using open Channel [id: 0x26850919, L:/127.0.0.1:62142 - R:localhost/127.0.0.1:30263] for GET '/session/1985cb2dc8ce37d05ea242bae4b9ed32/screenshot'
18:57:00.951 [AsyncHttpClient-1-23] DEBUG org.asynchttpclient.netty.handler.HttpHandler - 

Request DefaultFullHttpRequest(decodeResult: success, version: HTTP/1.1, content: EmptyByteBufBE)
GET /session/1985cb2dc8ce37d05ea242bae4b9ed32/screenshot HTTP/1.1
User-Agent: selenium/4.8.1 (java windows)
Cache-Control: no-cache
Content-Type: application/json; charset=utf-8
host: localhost:30263
accept: */*

Response DefaultHttpResponse(decodeResult: success, version: HTTP/1.1)
HTTP/1.1 200 OK
Content-Length: 35188
Content-Type: application/json; charset=utf-8
cache-control: no-cache

18:57:00.951 [AsyncHttpClient-1-23] DEBUG org.asynchttpclient.netty.channel.ChannelManager - Adding key: http://localhost:30263 for channel [id: 0x26850919, L:/127.0.0.1:62142 - R:localhost/127.0.0.1:30263]
18:57:00.952 [main] DEBUG net.serenitybdd.core.photography.Darkroom - Send negative for processing for target\site\serenity\e1a043f79cde61fd83c796824eb14028e2e774bcf48939784252612fe1cf5b50.png
18:57:00.952 [main] DEBUG net.thucydides.core.steps.StepInterceptor - STEP DONE: openPage
  &amp#27;[32mGiven &amp#27;[0m&amp#27;[32mI am on the sociops login page&amp#27;[0m               &amp#27;[90m# starter.stepdefinitions.LoginSteps.onTheLoginPage()&amp#27;[0m
18:57:00.958 [Forwarding getPageSource on session 1985cb2dc8ce37d05ea242bae4b9ed32 to remote] DEBUG org.asynchttpclient.netty.request.NettyRequestSender - Using pooled Channel '[id: 0x26850919, L:/127.0.0.1:62142 - R:localhost/127.0.0.1:30263]' for 'POST' to 'http://localhost:30263/session/1985cb2dc8ce37d05ea242bae4b9ed32/execute/sync'
18:57:00.958 [Forwarding getPageSource on session 1985cb2dc8ce37d05ea242bae4b9ed32 to remote] DEBUG org.asynchttpclient.netty.request.NettyRequestSender - Using open Channel [id: 0x26850919, L:/127.0.0.1:62142 - R:localhost/127.0.0.1:30263] for POST '/session/1985cb2dc8ce37d05ea242bae4b9ed32/execute/sync'
18:57:00.963 [AsyncHttpClient-1-23] DEBUG org.asynchttpclient.netty.handler.HttpHandler - 

Request DefaultHttpRequest(decodeResult: success, version: HTTP/1.1)
POST /session/1985cb2dc8ce37d05ea242bae4b9ed32/execute/sync HTTP/1.1
User-Agent: selenium/4.8.1 (java windows)
Content-Length: 176
Content-Type: application/json; charset=utf-8
host: localhost:30263
accept: */*

Response DefaultHttpResponse(decodeResult: success, version: HTTP/1.1)
HTTP/1.1 200 OK
Content-Length: 9538
Content-Type: application/json; charset=utf-8
cache-control: no-cache

18:57:00.963 [AsyncHttpClient-1-23] DEBUG org.asynchttpclient.netty.channel.ChannelManager - Adding key: http://localhost:30263 for channel [id: 0x26850919, L:/127.0.0.1:62142 - R:localhost/127.0.0.1:30263]
18:57:00.964 [Forwarding getCurrentUrl on session 1985cb2dc8ce37d05ea242bae4b9ed32 to remote] DEBUG org.asynchttpclient.netty.request.NettyRequestSender - Using pooled Channel '[id: 0x26850919, L:/127.0.0.1:62142 - R:localhost/127.0.0.1:30263]' for 'GET' to 'http://localhost:30263/session/1985cb2dc8ce37d05ea242bae4b9ed32/url'
18:57:00.964 [Forwarding getCurrentUrl on session 1985cb2dc8ce37d05ea242bae4b9ed32 to remote] DEBUG org.asynchttpclient.netty.request.NettyRequestSender - Using open Channel [id: 0x26850919, L:/127.0.0.1:62142 - R:localhost/127.0.0.1:30263] for GET '/session/1985cb2dc8ce37d05ea242bae4b9ed32/url'
18:57:00.968 [AsyncHttpClient-1-23] DEBUG org.asynchttpclient.netty.handler.HttpHandler - 

Request DefaultFullHttpRequest(decodeResult: success, version: HTTP/1.1, content: EmptyByteBufBE)
GET /session/1985cb2dc8ce37d05ea242bae4b9ed32/url HTTP/1.1
User-Agent: selenium/4.8.1 (java windows)
Cache-Control: no-cache
Content-Type: application/json; charset=utf-8
host: localhost:30263
accept: */*

Response DefaultHttpResponse(decodeResult: success, version: HTTP/1.1)
HTTP/1.1 200 OK
Content-Length: 45
Content-Type: application/json; charset=utf-8
cache-control: no-cache

18:57:00.968 [AsyncHttpClient-1-23] DEBUG org.asynchttpclient.netty.channel.ChannelManager - Adding key: http://localhost:30263 for channel [id: 0x26850919, L:/127.0.0.1:62142 - R:localhost/127.0.0.1:30263]
18:57:00.974 [Forwarding getPageSource on session 1985cb2dc8ce37d05ea242bae4b9ed32 to remote] DEBUG org.asynchttpclient.netty.request.NettyRequestSender - Using pooled Channel '[id: 0x26850919, L:/127.0.0.1:62142 - R:localhost/127.0.0.1:30263]' for 'POST' to 'http://localhost:30263/session/1985cb2dc8ce37d05ea242bae4b9ed32/execute/sync'
18:57:00.974 [Forwarding getPageSource on session 1985cb2dc8ce37d05ea242bae4b9ed32 to remote] DEBUG org.asynchttpclient.netty.request.NettyRequestSender - Using open Channel [id: 0x26850919, L:/127.0.0.1:62142 - R:localhost/127.0.0.1:30263] for POST '/session/1985cb2dc8ce37d05ea242bae4b9ed32/execute/sync'
18:57:00.979 [AsyncHttpClient-1-23] DEBUG org.asynchttpclient.netty.handler.HttpHandler - 

Request DefaultHttpRequest(decodeResult: success, version: HTTP/1.1)
POST /session/1985cb2dc8ce37d05ea242bae4b9ed32/execute/sync HTTP/1.1
User-Agent: selenium/4.8.1 (java windows)
Content-Length: 176
Content-Type: application/json; charset=utf-8
host: localhost:30263
accept: */*

Response DefaultHttpResponse(decodeResult: success, version: HTTP/1.1)
HTTP/1.1 200 OK
Content-Length: 9538
Content-Type: application/json; charset=utf-8
cache-control: no-cache

18:57:00.979 [AsyncHttpClient-1-23] DEBUG org.asynchttpclient.netty.channel.ChannelManager - Adding key: http://localhost:30263 for channel [id: 0x26850919, L:/127.0.0.1:62142 - R:localhost/127.0.0.1:30263]
18:57:00.981 [Forwarding getCurrentUrl on session 1985cb2dc8ce37d05ea242bae4b9ed32 to remote] DEBUG org.asynchttpclient.netty.request.NettyRequestSender - Using pooled Channel '[id: 0x26850919, L:/127.0.0.1:62142 - R:localhost/127.0.0.1:30263]' for 'GET' to 'http://localhost:30263/session/1985cb2dc8ce37d05ea242bae4b9ed32/url'
18:57:00.981 [Forwarding getCurrentUrl on session 1985cb2dc8ce37d05ea242bae4b9ed32 to remote] DEBUG org.asynchttpclient.netty.request.NettyRequestSender - Using open Channel [id: 0x26850919, L:/127.0.0.1:62142 - R:localhost/127.0.0.1:30263] for GET '/session/1985cb2dc8ce37d05ea242bae4b9ed32/url'
18:57:00.986 [AsyncHttpClient-1-23] DEBUG org.asynchttpclient.netty.handler.HttpHandler - 

Request DefaultFullHttpRequest(decodeResult: success, version: HTTP/1.1, content: EmptyByteBufBE)
GET /session/1985cb2dc8ce37d05ea242bae4b9ed32/url HTTP/1.1
User-Agent: selenium/4.8.1 (java windows)
Cache-Control: no-cache
Content-Type: application/json; charset=utf-8
host: localhost:30263
accept: */*

Response DefaultHttpResponse(decodeResult: success, version: HTTP/1.1)
HTTP/1.1 200 OK
Content-Length: 45
Content-Type: application/json; charset=utf-8
cache-control: no-cache

18:57:00.986 [AsyncHttpClient-1-23] DEBUG org.asynchttpclient.netty.channel.ChannelManager - Adding key: http://localhost:30263 for channel [id: 0x26850919, L:/127.0.0.1:62142 - R:localhost/127.0.0.1:30263]
18:57:00.987 [main] DEBUG net.thucydides.core.steps.StepInterceptor - STARTING STEP: LoginSteps.inputEmail - inputEmail
18:57:00.989 [Forwarding findElement on session 1985cb2dc8ce37d05ea242bae4b9ed32 to remote] DEBUG org.asynchttpclient.netty.request.NettyRequestSender - Using pooled Channel '[id: 0x26850919, L:/127.0.0.1:62142 - R:localhost/127.0.0.1:30263]' for 'POST' to 'http://localhost:30263/session/1985cb2dc8ce37d05ea242bae4b9ed32/element'
18:57:00.989 [Forwarding findElement on session 1985cb2dc8ce37d05ea242bae4b9ed32 to remote] DEBUG org.asynchttpclient.netty.request.NettyRequestSender - Using open Channel [id: 0x26850919, L:/127.0.0.1:62142 - R:localhost/127.0.0.1:30263] for POST '/session/1985cb2dc8ce37d05ea242bae4b9ed32/element'
18:57:00.999 [AsyncHttpClient-1-23] DEBUG org.asynchttpclient.netty.handler.HttpHandler - 

Request DefaultHttpRequest(decodeResult: success, version: HTTP/1.1)
POST /session/1985cb2dc8ce37d05ea242bae4b9ed32/element HTTP/1.1
User-Agent: selenium/4.8.1 (java windows)
Content-Length: 59
Content-Type: application/json; charset=utf-8
host: localhost:30263
accept: */*

Response DefaultHttpResponse(decodeResult: success, version: HTTP/1.1)
HTTP/1.1 200 OK
Content-Length: 94
Content-Type: application/json; charset=utf-8
cache-control: no-cache

18:57:00.999 [AsyncHttpClient-1-23] DEBUG org.asynchttpclient.netty.channel.ChannelManager - Adding key: http://localhost:30263 for channel [id: 0x26850919, L:/127.0.0.1:62142 - R:localhost/127.0.0.1:30263]
18:57:01.000 [Forwarding clearElement on session 1985cb2dc8ce37d05ea242bae4b9ed32 to remote] DEBUG org.asynchttpclient.netty.request.NettyRequestSender - Using pooled Channel '[id: 0x26850919, L:/127.0.0.1:62142 - R:localhost/127.0.0.1:30263]' for 'POST' to 'http://localhost:30263/session/1985cb2dc8ce37d05ea242bae4b9ed32/element/5FB2BDF720CE17FFC2BFDD5BA799E772_element_7/clear'
18:57:01.000 [Forwarding clearElement on session 1985cb2dc8ce37d05ea242bae4b9ed32 to remote] DEBUG org.asynchttpclient.netty.request.NettyRequestSender - Using open Channel [id: 0x26850919, L:/127.0.0.1:62142 - R:localhost/127.0.0.1:30263] for POST '/session/1985cb2dc8ce37d05ea242bae4b9ed32/element/5FB2BDF720CE17FFC2BFDD5BA799E772_element_7/clear'
18:57:01.037 [AsyncHttpClient-1-23] DEBUG org.asynchttpclient.netty.handler.HttpHandler - 

Request DefaultHttpRequest(decodeResult: success, version: HTTP/1.1)
POST /session/1985cb2dc8ce37d05ea242bae4b9ed32/element/5FB2BDF720CE17FFC2BFDD5BA799E772_element_7/clear HTTP/1.1
User-Agent: selenium/4.8.1 (java windows)
Content-Length: 56
Content-Type: application/json; charset=utf-8
host: localhost:30263
accept: */*

Response DefaultHttpResponse(decodeResult: success, version: HTTP/1.1)
HTTP/1.1 200 OK
Content-Length: 14
Content-Type: application/json; charset=utf-8
cache-control: no-cache

18:57:01.037 [AsyncHttpClient-1-23] DEBUG org.asynchttpclient.netty.channel.ChannelManager - Adding key: http://localhost:30263 for channel [id: 0x26850919, L:/127.0.0.1:62142 - R:localhost/127.0.0.1:30263]
18:57:01.038 [Forwarding sendKeysToElement on session 1985cb2dc8ce37d05ea242bae4b9ed32 to remote] DEBUG org.asynchttpclient.netty.request.NettyRequestSender - Using pooled Channel '[id: 0x26850919, L:/127.0.0.1:62142 - R:localhost/127.0.0.1:30263]' for 'POST' to 'http://localhost:30263/session/1985cb2dc8ce37d05ea242bae4b9ed32/element/5FB2BDF720CE17FFC2BFDD5BA799E772_element_7/value'
18:57:01.038 [Forwarding sendKeysToElement on session 1985cb2dc8ce37d05ea242bae4b9ed32 to remote] DEBUG org.asynchttpclient.netty.request.NettyRequestSender - Using open Channel [id: 0x26850919, L:/127.0.0.1:62142 - R:localhost/127.0.0.1:30263] for POST '/session/1985cb2dc8ce37d05ea242bae4b9ed32/element/5FB2BDF720CE17FFC2BFDD5BA799E772_element_7/value'
18:57:01.114 [AsyncHttpClient-1-23] DEBUG org.asynchttpclient.netty.handler.HttpHandler - 

Request DefaultHttpRequest(decodeResult: success, version: HTTP/1.1)
POST /session/1985cb2dc8ce37d05ea242bae4b9ed32/element/5FB2BDF720CE17FFC2BFDD5BA799E772_element_7/value HTTP/1.1
User-Agent: selenium/4.8.1 (java windows)
Content-Length: 207
Content-Type: application/json; charset=utf-8
host: localhost:30263
accept: */*

Response DefaultHttpResponse(decodeResult: success, version: HTTP/1.1)
HTTP/1.1 200 OK
Content-Length: 14
Content-Type: application/json; charset=utf-8
cache-control: no-cache

18:57:01.114 [AsyncHttpClient-1-23] DEBUG org.asynchttpclient.netty.channel.ChannelManager - Adding key: http://localhost:30263 for channel [id: 0x26850919, L:/127.0.0.1:62142 - R:localhost/127.0.0.1:30263]
18:57:01.118 [Forwarding getAlertText on session 1985cb2dc8ce37d05ea242bae4b9ed32 to remote] DEBUG org.asynchttpclient.netty.request.NettyRequestSender - Using pooled Channel '[id: 0x26850919, L:/127.0.0.1:62142 - R:localhost/127.0.0.1:30263]' for 'GET' to 'http://localhost:30263/session/1985cb2dc8ce37d05ea242bae4b9ed32/alert/text'
18:57:01.118 [Forwarding getAlertText on session 1985cb2dc8ce37d05ea242bae4b9ed32 to remote] DEBUG org.asynchttpclient.netty.request.NettyRequestSender - Using open Channel [id: 0x26850919, L:/127.0.0.1:62142 - R:localhost/127.0.0.1:30263] for GET '/session/1985cb2dc8ce37d05ea242bae4b9ed32/alert/text'
18:57:01.119 [AsyncHttpClient-1-23] DEBUG org.asynchttpclient.netty.handler.HttpHandler - 

Request DefaultFullHttpRequest(decodeResult: success, version: HTTP/1.1, content: EmptyByteBufBE)
GET /session/1985cb2dc8ce37d05ea242bae4b9ed32/alert/text HTTP/1.1
User-Agent: selenium/4.8.1 (java windows)
Cache-Control: no-cache
Content-Type: application/json; charset=utf-8
host: localhost:30263
accept: */*

Response DefaultHttpResponse(decodeResult: success, version: HTTP/1.1)
HTTP/1.1 404 Not Found
Content-Length: 821
Content-Type: application/json; charset=utf-8
cache-control: no-cache

18:57:01.120 [AsyncHttpClient-1-23] DEBUG org.asynchttpclient.netty.channel.ChannelManager - Adding key: http://localhost:30263 for channel [id: 0x26850919, L:/127.0.0.1:62142 - R:localhost/127.0.0.1:30263]
18:57:01.120 [Forwarding getCurrentUrl on session 1985cb2dc8ce37d05ea242bae4b9ed32 to remote] DEBUG org.asynchttpclient.netty.request.NettyRequestSender - Using pooled Channel '[id: 0x26850919, L:/127.0.0.1:62142 - R:localhost/127.0.0.1:30263]' for 'GET' to 'http://localhost:30263/session/1985cb2dc8ce37d05ea242bae4b9ed32/url'
18:57:01.120 [Forwarding getCurrentUrl on session 1985cb2dc8ce37d05ea242bae4b9ed32 to remote] DEBUG org.asynchttpclient.netty.request.NettyRequestSender - Using open Channel [id: 0x26850919, L:/127.0.0.1:62142 - R:localhost/127.0.0.1:30263] for GET '/session/1985cb2dc8ce37d05ea242bae4b9ed32/url'
18:57:01.123 [AsyncHttpClient-1-23] DEBUG org.asynchttpclient.netty.handler.HttpHandler - 

Request DefaultFullHttpRequest(decodeResult: success, version: HTTP/1.1, content: EmptyByteBufBE)
GET /session/1985cb2dc8ce37d05ea242bae4b9ed32/url HTTP/1.1
User-Agent: selenium/4.8.1 (java windows)
Cache-Control: no-cache
Content-Type: application/json; charset=utf-8
host: localhost:30263
accept: */*

Response DefaultHttpResponse(decodeResult: success, version: HTTP/1.1)
HTTP/1.1 200 OK
Content-Length: 45
Content-Type: application/json; charset=utf-8
cache-control: no-cache

18:57:01.123 [AsyncHttpClient-1-23] DEBUG org.asynchttpclient.netty.channel.ChannelManager - Adding key: http://localhost:30263 for channel [id: 0x26850919, L:/127.0.0.1:62142 - R:localhost/127.0.0.1:30263]
18:57:01.124 [Forwarding screenshot on session 1985cb2dc8ce37d05ea242bae4b9ed32 to remote] DEBUG org.asynchttpclient.netty.request.NettyRequestSender - Using pooled Channel '[id: 0x26850919, L:/127.0.0.1:62142 - R:localhost/127.0.0.1:30263]' for 'GET' to 'http://localhost:30263/session/1985cb2dc8ce37d05ea242bae4b9ed32/screenshot'
18:57:01.124 [Forwarding screenshot on session 1985cb2dc8ce37d05ea242bae4b9ed32 to remote] DEBUG org.asynchttpclient.netty.request.NettyRequestSender - Using open Channel [id: 0x26850919, L:/127.0.0.1:62142 - R:localhost/127.0.0.1:30263] for GET '/session/1985cb2dc8ce37d05ea242bae4b9ed32/screenshot'
18:57:01.212 [AsyncHttpClient-1-23] DEBUG org.asynchttpclient.netty.handler.HttpHandler - 

Request DefaultFullHttpRequest(decodeResult: success, version: HTTP/1.1, content: EmptyByteBufBE)
GET /session/1985cb2dc8ce37d05ea242bae4b9ed32/screenshot HTTP/1.1
User-Agent: selenium/4.8.1 (java windows)
Cache-Control: no-cache
Content-Type: application/json; charset=utf-8
host: localhost:30263
accept: */*

Response DefaultHttpResponse(decodeResult: success, version: HTTP/1.1)
HTTP/1.1 200 OK
Content-Length: 39320
Content-Type: application/json; charset=utf-8
cache-control: no-cache

18:57:01.213 [AsyncHttpClient-1-23] DEBUG org.asynchttpclient.netty.channel.ChannelManager - Adding key: http://localhost:30263 for channel [id: 0x26850919, L:/127.0.0.1:62142 - R:localhost/127.0.0.1:30263]
18:57:01.215 [main] DEBUG net.serenitybdd.core.photography.Darkroom - Send negative for processing for target\site\serenity\0a78271d4cd45ebe50b780dcb158cfe353407df2b7f600becedaa923f5ce3bd7.png
18:57:01.215 [main] DEBUG net.thucydides.core.steps.StepInterceptor - STEP DONE: inputEmail
  &amp#27;[32mAnd &amp#27;[0m&amp#27;[32mI type correct email&amp#27;[0m                           &amp#27;[90m# starter.stepdefinitions.LoginSteps.inputEmail()&amp#27;[0m
18:57:01.222 [Forwarding getPageSource on session 1985cb2dc8ce37d05ea242bae4b9ed32 to remote] DEBUG org.asynchttpclient.netty.request.NettyRequestSender - Using pooled Channel '[id: 0x26850919, L:/127.0.0.1:62142 - R:localhost/127.0.0.1:30263]' for 'POST' to 'http://localhost:30263/session/1985cb2dc8ce37d05ea242bae4b9ed32/execute/sync'
18:57:01.222 [Forwarding getPageSource on session 1985cb2dc8ce37d05ea242bae4b9ed32 to remote] DEBUG org.asynchttpclient.netty.request.NettyRequestSender - Using open Channel [id: 0x26850919, L:/127.0.0.1:62142 - R:localhost/127.0.0.1:30263] for POST '/session/1985cb2dc8ce37d05ea242bae4b9ed32/execute/sync'
18:57:01.225 [AsyncHttpClient-1-23] DEBUG org.asynchttpclient.netty.handler.HttpHandler - 

Request DefaultHttpRequest(decodeResult: success, version: HTTP/1.1)
POST /session/1985cb2dc8ce37d05ea242bae4b9ed32/execute/sync HTTP/1.1
User-Agent: selenium/4.8.1 (java windows)
Content-Length: 176
Content-Type: application/json; charset=utf-8
host: localhost:30263
accept: */*

Response DefaultHttpResponse(decodeResult: success, version: HTTP/1.1)
HTTP/1.1 200 OK
Content-Length: 9550
Content-Type: application/json; charset=utf-8
cache-control: no-cache

18:57:01.226 [AsyncHttpClient-1-23] DEBUG org.asynchttpclient.netty.channel.ChannelManager - Adding key: http://localhost:30263 for channel [id: 0x26850919, L:/127.0.0.1:62142 - R:localhost/127.0.0.1:30263]
18:57:01.227 [Forwarding getCurrentUrl on session 1985cb2dc8ce37d05ea242bae4b9ed32 to remote] DEBUG org.asynchttpclient.netty.request.NettyRequestSender - Using pooled Channel '[id: 0x26850919, L:/127.0.0.1:62142 - R:localhost/127.0.0.1:30263]' for 'GET' to 'http://localhost:30263/session/1985cb2dc8ce37d05ea242bae4b9ed32/url'
18:57:01.227 [Forwarding getCurrentUrl on session 1985cb2dc8ce37d05ea242bae4b9ed32 to remote] DEBUG org.asynchttpclient.netty.request.NettyRequestSender - Using open Channel [id: 0x26850919, L:/127.0.0.1:62142 - R:localhost/127.0.0.1:30263] for GET '/session/1985cb2dc8ce37d05ea242bae4b9ed32/url'
18:57:01.231 [AsyncHttpClient-1-23] DEBUG org.asynchttpclient.netty.handler.HttpHandler - 

Request DefaultFullHttpRequest(decodeResult: success, version: HTTP/1.1, content: EmptyByteBufBE)
GET /session/1985cb2dc8ce37d05ea242bae4b9ed32/url HTTP/1.1
User-Agent: selenium/4.8.1 (java windows)
Cache-Control: no-cache
Content-Type: application/json; charset=utf-8
host: localhost:30263
accept: */*

Response DefaultHttpResponse(decodeResult: success, version: HTTP/1.1)
HTTP/1.1 200 OK
Content-Length: 45
Content-Type: application/json; charset=utf-8
cache-control: no-cache

18:57:01.231 [AsyncHttpClient-1-23] DEBUG org.asynchttpclient.netty.channel.ChannelManager - Adding key: http://localhost:30263 for channel [id: 0x26850919, L:/127.0.0.1:62142 - R:localhost/127.0.0.1:30263]
18:57:01.240 [Forwarding getPageSource on session 1985cb2dc8ce37d05ea242bae4b9ed32 to remote] DEBUG org.asynchttpclient.netty.request.NettyRequestSender - Using pooled Channel '[id: 0x26850919, L:/127.0.0.1:62142 - R:localhost/127.0.0.1:30263]' for 'POST' to 'http://localhost:30263/session/1985cb2dc8ce37d05ea242bae4b9ed32/execute/sync'
18:57:01.241 [Forwarding getPageSource on session 1985cb2dc8ce37d05ea242bae4b9ed32 to remote] DEBUG org.asynchttpclient.netty.request.NettyRequestSender - Using open Channel [id: 0x26850919, L:/127.0.0.1:62142 - R:localhost/127.0.0.1:30263] for POST '/session/1985cb2dc8ce37d05ea242bae4b9ed32/execute/sync'
18:57:01.246 [AsyncHttpClient-1-23] DEBUG org.asynchttpclient.netty.handler.HttpHandler - 

Request DefaultHttpRequest(decodeResult: success, version: HTTP/1.1)
POST /session/1985cb2dc8ce37d05ea242bae4b9ed32/execute/sync HTTP/1.1
User-Agent: selenium/4.8.1 (java windows)
Content-Length: 176
Content-Type: application/json; charset=utf-8
host: localhost:30263
accept: */*

Response DefaultHttpResponse(decodeResult: success, version: HTTP/1.1)
HTTP/1.1 200 OK
Content-Length: 9550
Content-Type: application/json; charset=utf-8
cache-control: no-cache

18:57:01.246 [AsyncHttpClient-1-23] DEBUG org.asynchttpclient.netty.channel.ChannelManager - Adding key: http://localhost:30263 for channel [id: 0x26850919, L:/127.0.0.1:62142 - R:localhost/127.0.0.1:30263]
18:57:01.247 [Forwarding getCurrentUrl on session 1985cb2dc8ce37d05ea242bae4b9ed32 to remote] DEBUG org.asynchttpclient.netty.request.NettyRequestSender - Using pooled Channel '[id: 0x26850919, L:/127.0.0.1:62142 - R:localhost/127.0.0.1:30263]' for 'GET' to 'http://localhost:30263/session/1985cb2dc8ce37d05ea242bae4b9ed32/url'
18:57:01.248 [Forwarding getCurrentUrl on session 1985cb2dc8ce37d05ea242bae4b9ed32 to remote] DEBUG org.asynchttpclient.netty.request.NettyRequestSender - Using open Channel [id: 0x26850919, L:/127.0.0.1:62142 - R:localhost/127.0.0.1:30263] for GET '/session/1985cb2dc8ce37d05ea242bae4b9ed32/url'
18:57:01.251 [AsyncHttpClient-1-23] DEBUG org.asynchttpclient.netty.handler.HttpHandler - 

Request DefaultFullHttpRequest(decodeResult: success, version: HTTP/1.1, content: EmptyByteBufBE)
GET /session/1985cb2dc8ce37d05ea242bae4b9ed32/url HTTP/1.1
User-Agent: selenium/4.8.1 (java windows)
Cache-Control: no-cache
Content-Type: application/json; charset=utf-8
host: localhost:30263
accept: */*

Response DefaultHttpResponse(decodeResult: success, version: HTTP/1.1)
HTTP/1.1 200 OK
Content-Length: 45
Content-Type: application/json; charset=utf-8
cache-control: no-cache

18:57:01.251 [AsyncHttpClient-1-23] DEBUG org.asynchttpclient.netty.channel.ChannelManager - Adding key: http://localhost:30263 for channel [id: 0x26850919, L:/127.0.0.1:62142 - R:localhost/127.0.0.1:30263]
18:57:01.253 [main] DEBUG net.thucydides.core.steps.StepInterceptor - STARTING STEP: LoginSteps.inputPassLessThan8Char - inputPassword
18:57:01.255 [Forwarding findElement on session 1985cb2dc8ce37d05ea242bae4b9ed32 to remote] DEBUG org.asynchttpclient.netty.request.NettyRequestSender - Using pooled Channel '[id: 0x26850919, L:/127.0.0.1:62142 - R:localhost/127.0.0.1:30263]' for 'POST' to 'http://localhost:30263/session/1985cb2dc8ce37d05ea242bae4b9ed32/element'
18:57:01.255 [Forwarding findElement on session 1985cb2dc8ce37d05ea242bae4b9ed32 to remote] DEBUG org.asynchttpclient.netty.request.NettyRequestSender - Using open Channel [id: 0x26850919, L:/127.0.0.1:62142 - R:localhost/127.0.0.1:30263] for POST '/session/1985cb2dc8ce37d05ea242bae4b9ed32/element'
18:57:01.263 [AsyncHttpClient-1-23] DEBUG org.asynchttpclient.netty.handler.HttpHandler - 

Request DefaultHttpRequest(decodeResult: success, version: HTTP/1.1)
POST /session/1985cb2dc8ce37d05ea242bae4b9ed32/element HTTP/1.1
User-Agent: selenium/4.8.1 (java windows)
Content-Length: 62
Content-Type: application/json; charset=utf-8
host: localhost:30263
accept: */*

Response DefaultHttpResponse(decodeResult: success, version: HTTP/1.1)
HTTP/1.1 200 OK
Content-Length: 94
Content-Type: application/json; charset=utf-8
cache-control: no-cache

18:57:01.263 [AsyncHttpClient-1-23] DEBUG org.asynchttpclient.netty.channel.ChannelManager - Adding key: http://localhost:30263 for channel [id: 0x26850919, L:/127.0.0.1:62142 - R:localhost/127.0.0.1:30263]
18:57:01.264 [Forwarding clearElement on session 1985cb2dc8ce37d05ea242bae4b9ed32 to remote] DEBUG org.asynchttpclient.netty.request.NettyRequestSender - Using pooled Channel '[id: 0x26850919, L:/127.0.0.1:62142 - R:localhost/127.0.0.1:30263]' for 'POST' to 'http://localhost:30263/session/1985cb2dc8ce37d05ea242bae4b9ed32/element/5FB2BDF720CE17FFC2BFDD5BA799E772_element_2/clear'
18:57:01.264 [Forwarding clearElement on session 1985cb2dc8ce37d05ea242bae4b9ed32 to remote] DEBUG org.asynchttpclient.netty.request.NettyRequestSender - Using open Channel [id: 0x26850919, L:/127.0.0.1:62142 - R:localhost/127.0.0.1:30263] for POST '/session/1985cb2dc8ce37d05ea242bae4b9ed32/element/5FB2BDF720CE17FFC2BFDD5BA799E772_element_2/clear'
18:57:01.288 [AsyncHttpClient-1-23] DEBUG org.asynchttpclient.netty.handler.HttpHandler - 

Request DefaultHttpRequest(decodeResult: success, version: HTTP/1.1)
POST /session/1985cb2dc8ce37d05ea242bae4b9ed32/element/5FB2BDF720CE17FFC2BFDD5BA799E772_element_2/clear HTTP/1.1
User-Agent: selenium/4.8.1 (java windows)
Content-Length: 56
Content-Type: application/json; charset=utf-8
host: localhost:30263
accept: */*

Response DefaultHttpResponse(decodeResult: success, version: HTTP/1.1)
HTTP/1.1 200 OK
Content-Length: 14
Content-Type: application/json; charset=utf-8
cache-control: no-cache

18:57:01.289 [AsyncHttpClient-1-23] DEBUG org.asynchttpclient.netty.channel.ChannelManager - Adding key: http://localhost:30263 for channel [id: 0x26850919, L:/127.0.0.1:62142 - R:localhost/127.0.0.1:30263]
18:57:01.290 [Forwarding sendKeysToElement on session 1985cb2dc8ce37d05ea242bae4b9ed32 to remote] DEBUG org.asynchttpclient.netty.request.NettyRequestSender - Using pooled Channel '[id: 0x26850919, L:/127.0.0.1:62142 - R:localhost/127.0.0.1:30263]' for 'POST' to 'http://localhost:30263/session/1985cb2dc8ce37d05ea242bae4b9ed32/element/5FB2BDF720CE17FFC2BFDD5BA799E772_element_2/value'
18:57:01.290 [Forwarding sendKeysToElement on session 1985cb2dc8ce37d05ea242bae4b9ed32 to remote] DEBUG org.asynchttpclient.netty.request.NettyRequestSender - Using open Channel [id: 0x26850919, L:/127.0.0.1:62142 - R:localhost/127.0.0.1:30263] for POST '/session/1985cb2dc8ce37d05ea242bae4b9ed32/element/5FB2BDF720CE17FFC2BFDD5BA799E772_element_2/value'
18:57:01.340 [AsyncHttpClient-1-23] DEBUG org.asynchttpclient.netty.handler.HttpHandler - 

Request DefaultHttpRequest(decodeResult: success, version: HTTP/1.1)
POST /session/1985cb2dc8ce37d05ea242bae4b9ed32/element/5FB2BDF720CE17FFC2BFDD5BA799E772_element_2/value HTTP/1.1
User-Agent: selenium/4.8.1 (java windows)
Content-Length: 157
Content-Type: application/json; charset=utf-8
host: localhost:30263
accept: */*

Response DefaultHttpResponse(decodeResult: success, version: HTTP/1.1)
HTTP/1.1 200 OK
Content-Length: 14
Content-Type: application/json; charset=utf-8
cache-control: no-cache

18:57:01.340 [AsyncHttpClient-1-23] DEBUG org.asynchttpclient.netty.channel.ChannelManager - Adding key: http://localhost:30263 for channel [id: 0x26850919, L:/127.0.0.1:62142 - R:localhost/127.0.0.1:30263]
18:57:01.345 [Forwarding getAlertText on session 1985cb2dc8ce37d05ea242bae4b9ed32 to remote] DEBUG org.asynchttpclient.netty.request.NettyRequestSender - Using pooled Channel '[id: 0x26850919, L:/127.0.0.1:62142 - R:localhost/127.0.0.1:30263]' for 'GET' to 'http://localhost:30263/session/1985cb2dc8ce37d05ea242bae4b9ed32/alert/text'
18:57:01.346 [Forwarding getAlertText on session 1985cb2dc8ce37d05ea242bae4b9ed32 to remote] DEBUG org.asynchttpclient.netty.request.NettyRequestSender - Using open Channel [id: 0x26850919, L:/127.0.0.1:62142 - R:localhost/127.0.0.1:30263] for GET '/session/1985cb2dc8ce37d05ea242bae4b9ed32/alert/text'
18:57:01.348 [AsyncHttpClient-1-23] DEBUG org.asynchttpclient.netty.handler.HttpHandler - 

Request DefaultFullHttpRequest(decodeResult: success, version: HTTP/1.1, content: EmptyByteBufBE)
GET /session/1985cb2dc8ce37d05ea242bae4b9ed32/alert/text HTTP/1.1
User-Agent: selenium/4.8.1 (java windows)
Cache-Control: no-cache
Content-Type: application/json; charset=utf-8
host: localhost:30263
accept: */*

Response DefaultHttpResponse(decodeResult: success, version: HTTP/1.1)
HTTP/1.1 404 Not Found
Content-Length: 821
Content-Type: application/json; charset=utf-8
cache-control: no-cache

18:57:01.348 [AsyncHttpClient-1-23] DEBUG org.asynchttpclient.netty.channel.ChannelManager - Adding key: http://localhost:30263 for channel [id: 0x26850919, L:/127.0.0.1:62142 - R:localhost/127.0.0.1:30263]
18:57:01.350 [Forwarding getCurrentUrl on session 1985cb2dc8ce37d05ea242bae4b9ed32 to remote] DEBUG org.asynchttpclient.netty.request.NettyRequestSender - Using pooled Channel '[id: 0x26850919, L:/127.0.0.1:62142 - R:localhost/127.0.0.1:30263]' for 'GET' to 'http://localhost:30263/session/1985cb2dc8ce37d05ea242bae4b9ed32/url'
18:57:01.350 [Forwarding getCurrentUrl on session 1985cb2dc8ce37d05ea242bae4b9ed32 to remote] DEBUG org.asynchttpclient.netty.request.NettyRequestSender - Using open Channel [id: 0x26850919, L:/127.0.0.1:62142 - R:localhost/127.0.0.1:30263] for GET '/session/1985cb2dc8ce37d05ea242bae4b9ed32/url'
18:57:01.356 [AsyncHttpClient-1-23] DEBUG org.asynchttpclient.netty.handler.HttpHandler - 

Request DefaultFullHttpRequest(decodeResult: success, version: HTTP/1.1, content: EmptyByteBufBE)
GET /session/1985cb2dc8ce37d05ea242bae4b9ed32/url HTTP/1.1
User-Agent: selenium/4.8.1 (java windows)
Cache-Control: no-cache
Content-Type: application/json; charset=utf-8
host: localhost:30263
accept: */*

Response DefaultHttpResponse(decodeResult: success, version: HTTP/1.1)
HTTP/1.1 200 OK
Content-Length: 45
Content-Type: application/json; charset=utf-8
cache-control: no-cache

18:57:01.356 [AsyncHttpClient-1-23] DEBUG org.asynchttpclient.netty.channel.ChannelManager - Adding key: http://localhost:30263 for channel [id: 0x26850919, L:/127.0.0.1:62142 - R:localhost/127.0.0.1:30263]
18:57:01.357 [Forwarding screenshot on session 1985cb2dc8ce37d05ea242bae4b9ed32 to remote] DEBUG org.asynchttpclient.netty.request.NettyRequestSender - Using pooled Channel '[id: 0x26850919, L:/127.0.0.1:62142 - R:localhost/127.0.0.1:30263]' for 'GET' to 'http://localhost:30263/session/1985cb2dc8ce37d05ea242bae4b9ed32/screenshot'
18:57:01.357 [Forwarding screenshot on session 1985cb2dc8ce37d05ea242bae4b9ed32 to remote] DEBUG org.asynchttpclient.netty.request.NettyRequestSender - Using open Channel [id: 0x26850919, L:/127.0.0.1:62142 - R:localhost/127.0.0.1:30263] for GET '/session/1985cb2dc8ce37d05ea242bae4b9ed32/screenshot'
18:57:01.456 [AsyncHttpClient-1-23] DEBUG org.asynchttpclient.netty.handler.HttpHandler - 

Request DefaultFullHttpRequest(decodeResult: success, version: HTTP/1.1, content: EmptyByteBufBE)
GET /session/1985cb2dc8ce37d05ea242bae4b9ed32/screenshot HTTP/1.1
User-Agent: selenium/4.8.1 (java windows)
Cache-Control: no-cache
Content-Type: application/json; charset=utf-8
host: localhost:30263
accept: */*

Response DefaultHttpResponse(decodeResult: success, version: HTTP/1.1)
HTTP/1.1 200 OK
Content-Length: 36844
Content-Type: application/json; charset=utf-8
cache-control: no-cache

18:57:01.456 [AsyncHttpClient-1-23] DEBUG org.asynchttpclient.netty.channel.ChannelManager - Adding key: http://localhost:30263 for channel [id: 0x26850919, L:/127.0.0.1:62142 - R:localhost/127.0.0.1:30263]
18:57:01.458 [main] DEBUG net.serenitybdd.core.photography.Darkroom - Send negative for processing for target\site\serenity\678b1087deb5ab6c9733f1451f862dfe2c99fad6f995269f94f38fb6a57bd1ea.png
18:57:01.458 [main] DEBUG net.thucydides.core.steps.StepInterceptor - STEP DONE: inputPassword
  &amp#27;[32mAnd &amp#27;[0m&amp#27;[32mI type password less than 8 char&amp#27;[0m               &amp#27;[90m# starter.stepdefinitions.LoginSteps.inputPassLessThan8Char()&amp#27;[0m
18:57:01.458 [Darkroom Processing Line] DEBUG net.serenitybdd.core.photography.DarkroomProcessingLine - Processing screenshot image in /var/screenshots/screenshot-12484200724568972968
18:57:01.458 [Darkroom Processing Line] DEBUG net.serenitybdd.core.photography.DarkroomProcessingLine - Saving screenshot to target\site\serenity\678b1087deb5ab6c9733f1451f862dfe2c99fad6f995269f94f38fb6a57bd1ea.png
18:57:01.466 [Forwarding getPageSource on session 1985cb2dc8ce37d05ea242bae4b9ed32 to remote] DEBUG org.asynchttpclient.netty.request.NettyRequestSender - Using pooled Channel '[id: 0x26850919, L:/127.0.0.1:62142 - R:localhost/127.0.0.1:30263]' for 'POST' to 'http://localhost:30263/session/1985cb2dc8ce37d05ea242bae4b9ed32/execute/sync'
18:57:01.466 [Forwarding getPageSource on session 1985cb2dc8ce37d05ea242bae4b9ed32 to remote] DEBUG org.asynchttpclient.netty.request.NettyRequestSender - Using open Channel [id: 0x26850919, L:/127.0.0.1:62142 - R:localhost/127.0.0.1:30263] for POST '/session/1985cb2dc8ce37d05ea242bae4b9ed32/execute/sync'
18:57:01.471 [AsyncHttpClient-1-23] DEBUG org.asynchttpclient.netty.handler.HttpHandler - 

Request DefaultHttpRequest(decodeResult: success, version: HTTP/1.1)
POST /session/1985cb2dc8ce37d05ea242bae4b9ed32/execute/sync HTTP/1.1
User-Agent: selenium/4.8.1 (java windows)
Content-Length: 176
Content-Type: application/json; charset=utf-8
host: localhost:30263
accept: */*

Response DefaultHttpResponse(decodeResult: success, version: HTTP/1.1)
HTTP/1.1 200 OK
Content-Length: 9557
Content-Type: application/json; charset=utf-8
cache-control: no-cache

18:57:01.471 [AsyncHttpClient-1-23] DEBUG org.asynchttpclient.netty.channel.ChannelManager - Adding key: http://localhost:30263 for channel [id: 0x26850919, L:/127.0.0.1:62142 - R:localhost/127.0.0.1:30263]
18:57:01.472 [Forwarding getCurrentUrl on session 1985cb2dc8ce37d05ea242bae4b9ed32 to remote] DEBUG org.asynchttpclient.netty.request.NettyRequestSender - Using pooled Channel '[id: 0x26850919, L:/127.0.0.1:62142 - R:localhost/127.0.0.1:30263]' for 'GET' to 'http://localhost:30263/session/1985cb2dc8ce37d05ea242bae4b9ed32/url'
18:57:01.472 [Forwarding getCurrentUrl on session 1985cb2dc8ce37d05ea242bae4b9ed32 to remote] DEBUG org.asynchttpclient.netty.request.NettyRequestSender - Using open Channel [id: 0x26850919, L:/127.0.0.1:62142 - R:localhost/127.0.0.1:30263] for GET '/session/1985cb2dc8ce37d05ea242bae4b9ed32/url'
18:57:01.475 [AsyncHttpClient-1-23] DEBUG org.asynchttpclient.netty.handler.HttpHandler - 

Request DefaultFullHttpRequest(decodeResult: success, version: HTTP/1.1, content: EmptyByteBufBE)
GET /session/1985cb2dc8ce37d05ea242bae4b9ed32/url HTTP/1.1
User-Agent: selenium/4.8.1 (java windows)
Cache-Control: no-cache
Content-Type: application/json; charset=utf-8
host: localhost:30263
accept: */*

Response DefaultHttpResponse(decodeResult: success, version: HTTP/1.1)
HTTP/1.1 200 OK
Content-Length: 45
Content-Type: application/json; charset=utf-8
cache-control: no-cache

18:57:01.475 [AsyncHttpClient-1-23] DEBUG org.asynchttpclient.netty.channel.ChannelManager - Adding key: http://localhost:30263 for channel [id: 0x26850919, L:/127.0.0.1:62142 - R:localhost/127.0.0.1:30263]
18:57:01.482 [Forwarding getPageSource on session 1985cb2dc8ce37d05ea242bae4b9ed32 to remote] DEBUG org.asynchttpclient.netty.request.NettyRequestSender - Using pooled Channel '[id: 0x26850919, L:/127.0.0.1:62142 - R:localhost/127.0.0.1:30263]' for 'POST' to 'http://localhost:30263/session/1985cb2dc8ce37d05ea242bae4b9ed32/execute/sync'
18:57:01.482 [Forwarding getPageSource on session 1985cb2dc8ce37d05ea242bae4b9ed32 to remote] DEBUG org.asynchttpclient.netty.request.NettyRequestSender - Using open Channel [id: 0x26850919, L:/127.0.0.1:62142 - R:localhost/127.0.0.1:30263] for POST '/session/1985cb2dc8ce37d05ea242bae4b9ed32/execute/sync'
18:57:01.489 [AsyncHttpClient-1-23] DEBUG org.asynchttpclient.netty.handler.HttpHandler - 

Request DefaultHttpRequest(decodeResult: success, version: HTTP/1.1)
POST /session/1985cb2dc8ce37d05ea242bae4b9ed32/execute/sync HTTP/1.1
User-Agent: selenium/4.8.1 (java windows)
Content-Length: 176
Content-Type: application/json; charset=utf-8
host: localhost:30263
accept: */*

Response DefaultHttpResponse(decodeResult: success, version: HTTP/1.1)
HTTP/1.1 200 OK
Content-Length: 9557
Content-Type: application/json; charset=utf-8
cache-control: no-cache

18:57:01.489 [AsyncHttpClient-1-23] DEBUG org.asynchttpclient.netty.channel.ChannelManager - Adding key: http://localhost:30263 for channel [id: 0x26850919, L:/127.0.0.1:62142 - R:localhost/127.0.0.1:30263]
18:57:01.490 [Forwarding getCurrentUrl on session 1985cb2dc8ce37d05ea242bae4b9ed32 to remote] DEBUG org.asynchttpclient.netty.request.NettyRequestSender - Using pooled Channel '[id: 0x26850919, L:/127.0.0.1:62142 - R:localhost/127.0.0.1:30263]' for 'GET' to 'http://localhost:30263/session/1985cb2dc8ce37d05ea242bae4b9ed32/url'
18:57:01.490 [Forwarding getCurrentUrl on session 1985cb2dc8ce37d05ea242bae4b9ed32 to remote] DEBUG org.asynchttpclient.netty.request.NettyRequestSender - Using open Channel [id: 0x26850919, L:/127.0.0.1:62142 - R:localhost/127.0.0.1:30263] for GET '/session/1985cb2dc8ce37d05ea242bae4b9ed32/url'
18:57:01.493 [AsyncHttpClient-1-23] DEBUG org.asynchttpclient.netty.handler.HttpHandler - 

Request DefaultFullHttpRequest(decodeResult: success, version: HTTP/1.1, content: EmptyByteBufBE)
GET /session/1985cb2dc8ce37d05ea242bae4b9ed32/url HTTP/1.1
User-Agent: selenium/4.8.1 (java windows)
Cache-Control: no-cache
Content-Type: application/json; charset=utf-8
host: localhost:30263
accept: */*

Response DefaultHttpResponse(decodeResult: success, version: HTTP/1.1)
HTTP/1.1 200 OK
Content-Length: 45
Content-Type: application/json; charset=utf-8
cache-control: no-cache

18:57:01.493 [AsyncHttpClient-1-23] DEBUG org.asynchttpclient.netty.channel.ChannelManager - Adding key: http://localhost:30263 for channel [id: 0x26850919, L:/127.0.0.1:62142 - R:localhost/127.0.0.1:30263]
18:57:01.495 [main] DEBUG net.thucydides.core.steps.StepInterceptor - STARTING STEP: LoginSteps.clickLoginButton - clickLoginButton
18:57:01.497 [Forwarding findElement on session 1985cb2dc8ce37d05ea242bae4b9ed32 to remote] DEBUG org.asynchttpclient.netty.request.NettyRequestSender - Using pooled Channel '[id: 0x26850919, L:/127.0.0.1:62142 - R:localhost/127.0.0.1:30263]' for 'POST' to 'http://localhost:30263/session/1985cb2dc8ce37d05ea242bae4b9ed32/element'
18:57:01.497 [Forwarding findElement on session 1985cb2dc8ce37d05ea242bae4b9ed32 to remote] DEBUG org.asynchttpclient.netty.request.NettyRequestSender - Using open Channel [id: 0x26850919, L:/127.0.0.1:62142 - R:localhost/127.0.0.1:30263] for POST '/session/1985cb2dc8ce37d05ea242bae4b9ed32/element'
18:57:01.509 [AsyncHttpClient-1-23] DEBUG org.asynchttpclient.netty.handler.HttpHandler - 

Request DefaultHttpRequest(decodeResult: success, version: HTTP/1.1)
POST /session/1985cb2dc8ce37d05ea242bae4b9ed32/element HTTP/1.1
User-Agent: selenium/4.8.1 (java windows)
Content-Length: 63
Content-Type: application/json; charset=utf-8
host: localhost:30263
accept: */*

Response DefaultHttpResponse(decodeResult: success, version: HTTP/1.1)
HTTP/1.1 200 OK
Content-Length: 95
Content-Type: application/json; charset=utf-8
cache-control: no-cache

18:57:01.509 [AsyncHttpClient-1-23] DEBUG org.asynchttpclient.netty.channel.ChannelManager - Adding key: http://localhost:30263 for channel [id: 0x26850919, L:/127.0.0.1:62142 - R:localhost/127.0.0.1:30263]
18:57:01.510 [Forwarding getElementTagName on session 1985cb2dc8ce37d05ea242bae4b9ed32 to remote] DEBUG org.asynchttpclient.netty.request.NettyRequestSender - Using pooled Channel '[id: 0x26850919, L:/127.0.0.1:62142 - R:localhost/127.0.0.1:30263]' for 'GET' to 'http://localhost:30263/session/1985cb2dc8ce37d05ea242bae4b9ed32/element/5FB2BDF720CE17FFC2BFDD5BA799E772_element_11/name'
18:57:01.510 [Forwarding getElementTagName on session 1985cb2dc8ce37d05ea242bae4b9ed32 to remote] DEBUG org.asynchttpclient.netty.request.NettyRequestSender - Using open Channel [id: 0x26850919, L:/127.0.0.1:62142 - R:localhost/127.0.0.1:30263] for GET '/session/1985cb2dc8ce37d05ea242bae4b9ed32/element/5FB2BDF720CE17FFC2BFDD5BA799E772_element_11/name'
18:57:01.514 [AsyncHttpClient-1-23] DEBUG org.asynchttpclient.netty.handler.HttpHandler - 

Request DefaultFullHttpRequest(decodeResult: success, version: HTTP/1.1, content: EmptyByteBufBE)
GET /session/1985cb2dc8ce37d05ea242bae4b9ed32/element/5FB2BDF720CE17FFC2BFDD5BA799E772_element_11/name HTTP/1.1
User-Agent: selenium/4.8.1 (java windows)
Cache-Control: no-cache
Content-Type: application/json; charset=utf-8
host: localhost:30263
accept: */*

Response DefaultHttpResponse(decodeResult: success, version: HTTP/1.1)
HTTP/1.1 200 OK
Content-Length: 18
Content-Type: application/json; charset=utf-8
cache-control: no-cache

18:57:01.514 [AsyncHttpClient-1-23] DEBUG org.asynchttpclient.netty.channel.ChannelManager - Adding key: http://localhost:30263 for channel [id: 0x26850919, L:/127.0.0.1:62142 - R:localhost/127.0.0.1:30263]
18:57:01.515 [Forwarding getElementTagName on session 1985cb2dc8ce37d05ea242bae4b9ed32 to remote] DEBUG org.asynchttpclient.netty.request.NettyRequestSender - Using pooled Channel '[id: 0x26850919, L:/127.0.0.1:62142 - R:localhost/127.0.0.1:30263]' for 'GET' to 'http://localhost:30263/session/1985cb2dc8ce37d05ea242bae4b9ed32/element/5FB2BDF720CE17FFC2BFDD5BA799E772_element_11/name'
18:57:01.515 [Forwarding getElementTagName on session 1985cb2dc8ce37d05ea242bae4b9ed32 to remote] DEBUG org.asynchttpclient.netty.request.NettyRequestSender - Using open Channel [id: 0x26850919, L:/127.0.0.1:62142 - R:localhost/127.0.0.1:30263] for GET '/session/1985cb2dc8ce37d05ea242bae4b9ed32/element/5FB2BDF720CE17FFC2BFDD5BA799E772_element_11/name'
18:57:01.519 [AsyncHttpClient-1-23] DEBUG org.asynchttpclient.netty.handler.HttpHandler - 

Request DefaultFullHttpRequest(decodeResult: success, version: HTTP/1.1, content: EmptyByteBufBE)
GET /session/1985cb2dc8ce37d05ea242bae4b9ed32/element/5FB2BDF720CE17FFC2BFDD5BA799E772_element_11/name HTTP/1.1
User-Agent: selenium/4.8.1 (java windows)
Cache-Control: no-cache
Content-Type: application/json; charset=utf-8
host: localhost:30263
accept: */*

Response DefaultHttpResponse(decodeResult: success, version: HTTP/1.1)
HTTP/1.1 200 OK
Content-Length: 18
Content-Type: application/json; charset=utf-8
cache-control: no-cache

18:57:01.519 [AsyncHttpClient-1-23] DEBUG org.asynchttpclient.netty.channel.ChannelManager - Adding key: http://localhost:30263 for channel [id: 0x26850919, L:/127.0.0.1:62142 - R:localhost/127.0.0.1:30263]
18:57:01.521 [Forwarding isElementEnabled on session 1985cb2dc8ce37d05ea242bae4b9ed32 to remote] DEBUG org.asynchttpclient.netty.request.NettyRequestSender - Using pooled Channel '[id: 0x26850919, L:/127.0.0.1:62142 - R:localhost/127.0.0.1:30263]' for 'GET' to 'http://localhost:30263/session/1985cb2dc8ce37d05ea242bae4b9ed32/element/5FB2BDF720CE17FFC2BFDD5BA799E772_element_11/enabled'
18:57:01.521 [Forwarding isElementEnabled on session 1985cb2dc8ce37d05ea242bae4b9ed32 to remote] DEBUG org.asynchttpclient.netty.request.NettyRequestSender - Using open Channel [id: 0x26850919, L:/127.0.0.1:62142 - R:localhost/127.0.0.1:30263] for GET '/session/1985cb2dc8ce37d05ea242bae4b9ed32/element/5FB2BDF720CE17FFC2BFDD5BA799E772_element_11/enabled'
18:57:01.526 [AsyncHttpClient-1-23] DEBUG org.asynchttpclient.netty.handler.HttpHandler - 

Request DefaultFullHttpRequest(decodeResult: success, version: HTTP/1.1, content: EmptyByteBufBE)
GET /session/1985cb2dc8ce37d05ea242bae4b9ed32/element/5FB2BDF720CE17FFC2BFDD5BA799E772_element_11/enabled HTTP/1.1
User-Agent: selenium/4.8.1 (java windows)
Cache-Control: no-cache
Content-Type: application/json; charset=utf-8
host: localhost:30263
accept: */*

Response DefaultHttpResponse(decodeResult: success, version: HTTP/1.1)
HTTP/1.1 200 OK
Content-Length: 14
Content-Type: application/json; charset=utf-8
cache-control: no-cache

18:57:01.527 [AsyncHttpClient-1-23] DEBUG org.asynchttpclient.netty.channel.ChannelManager - Adding key: http://localhost:30263 for channel [id: 0x26850919, L:/127.0.0.1:62142 - R:localhost/127.0.0.1:30263]
18:57:01.527 [Forwarding isElementEnabled on session 1985cb2dc8ce37d05ea242bae4b9ed32 to remote] DEBUG org.asynchttpclient.netty.request.NettyRequestSender - Using pooled Channel '[id: 0x26850919, L:/127.0.0.1:62142 - R:localhost/127.0.0.1:30263]' for 'GET' to 'http://localhost:30263/session/1985cb2dc8ce37d05ea242bae4b9ed32/element/5FB2BDF720CE17FFC2BFDD5BA799E772_element_11/enabled'
18:57:01.527 [Forwarding isElementEnabled on session 1985cb2dc8ce37d05ea242bae4b9ed32 to remote] DEBUG org.asynchttpclient.netty.request.NettyRequestSender - Using open Channel [id: 0x26850919, L:/127.0.0.1:62142 - R:localhost/127.0.0.1:30263] for GET '/session/1985cb2dc8ce37d05ea242bae4b9ed32/element/5FB2BDF720CE17FFC2BFDD5BA799E772_element_11/enabled'
18:57:01.533 [AsyncHttpClient-1-23] DEBUG org.asynchttpclient.netty.handler.HttpHandler - 

Request DefaultFullHttpRequest(decodeResult: success, version: HTTP/1.1, content: EmptyByteBufBE)
GET /session/1985cb2dc8ce37d05ea242bae4b9ed32/element/5FB2BDF720CE17FFC2BFDD5BA799E772_element_11/enabled HTTP/1.1
User-Agent: selenium/4.8.1 (java windows)
Cache-Control: no-cache
Content-Type: application/json; charset=utf-8
host: localhost:30263
accept: */*

Response DefaultHttpResponse(decodeResult: success, version: HTTP/1.1)
HTTP/1.1 200 OK
Content-Length: 14
Content-Type: application/json; charset=utf-8
cache-control: no-cache

18:57:01.534 [AsyncHttpClient-1-23] DEBUG org.asynchttpclient.netty.channel.ChannelManager - Adding key: http://localhost:30263 for channel [id: 0x26850919, L:/127.0.0.1:62142 - R:localhost/127.0.0.1:30263]
18:57:01.535 [Forwarding findElement on session 1985cb2dc8ce37d05ea242bae4b9ed32 to remote] DEBUG org.asynchttpclient.netty.request.NettyRequestSender - Using pooled Channel '[id: 0x26850919, L:/127.0.0.1:62142 - R:localhost/127.0.0.1:30263]' for 'POST' to 'http://localhost:30263/session/1985cb2dc8ce37d05ea242bae4b9ed32/element'
18:57:01.535 [Forwarding findElement on session 1985cb2dc8ce37d05ea242bae4b9ed32 to remote] DEBUG org.asynchttpclient.netty.request.NettyRequestSender - Using open Channel [id: 0x26850919, L:/127.0.0.1:62142 - R:localhost/127.0.0.1:30263] for POST '/session/1985cb2dc8ce37d05ea242bae4b9ed32/element'
18:57:01.541 [AsyncHttpClient-1-23] DEBUG org.asynchttpclient.netty.handler.HttpHandler - 

Request DefaultHttpRequest(decodeResult: success, version: HTTP/1.1)
POST /session/1985cb2dc8ce37d05ea242bae4b9ed32/element HTTP/1.1
User-Agent: selenium/4.8.1 (java windows)
Content-Length: 63
Content-Type: application/json; charset=utf-8
host: localhost:30263
accept: */*

Response DefaultHttpResponse(decodeResult: success, version: HTTP/1.1)
HTTP/1.1 200 OK
Content-Length: 95
Content-Type: application/json; charset=utf-8
cache-control: no-cache

18:57:01.541 [AsyncHttpClient-1-23] DEBUG org.asynchttpclient.netty.channel.ChannelManager - Adding key: http://localhost:30263 for channel [id: 0x26850919, L:/127.0.0.1:62142 - R:localhost/127.0.0.1:30263]
18:57:01.541 [Forwarding clickElement on session 1985cb2dc8ce37d05ea242bae4b9ed32 to remote] DEBUG org.asynchttpclient.netty.request.NettyRequestSender - Using pooled Channel '[id: 0x26850919, L:/127.0.0.1:62142 - R:localhost/127.0.0.1:30263]' for 'POST' to 'http://localhost:30263/session/1985cb2dc8ce37d05ea242bae4b9ed32/element/5FB2BDF720CE17FFC2BFDD5BA799E772_element_11/click'
18:57:01.541 [Forwarding clickElement on session 1985cb2dc8ce37d05ea242bae4b9ed32 to remote] DEBUG org.asynchttpclient.netty.request.NettyRequestSender - Using open Channel [id: 0x26850919, L:/127.0.0.1:62142 - R:localhost/127.0.0.1:30263] for POST '/session/1985cb2dc8ce37d05ea242bae4b9ed32/element/5FB2BDF720CE17FFC2BFDD5BA799E772_element_11/click'
18:57:01.572 [AsyncHttpClient-1-23] DEBUG org.asynchttpclient.netty.handler.HttpHandler - 

Request DefaultHttpRequest(decodeResult: success, version: HTTP/1.1)
POST /session/1985cb2dc8ce37d05ea242bae4b9ed32/element/5FB2BDF720CE17FFC2BFDD5BA799E772_element_11/click HTTP/1.1
User-Agent: selenium/4.8.1 (java windows)
Content-Length: 57
Content-Type: application/json; charset=utf-8
host: localhost:30263
accept: */*

Response DefaultHttpResponse(decodeResult: success, version: HTTP/1.1)
HTTP/1.1 200 OK
Content-Length: 14
Content-Type: application/json; charset=utf-8
cache-control: no-cache

18:57:01.572 [AsyncHttpClient-1-23] DEBUG org.asynchttpclient.netty.channel.ChannelManager - Adding key: http://localhost:30263 for channel [id: 0x26850919, L:/127.0.0.1:62142 - R:localhost/127.0.0.1:30263]
18:57:01.575 [Forwarding getAlertText on session 1985cb2dc8ce37d05ea242bae4b9ed32 to remote] DEBUG org.asynchttpclient.netty.request.NettyRequestSender - Using pooled Channel '[id: 0x26850919, L:/127.0.0.1:62142 - R:localhost/127.0.0.1:30263]' for 'GET' to 'http://localhost:30263/session/1985cb2dc8ce37d05ea242bae4b9ed32/alert/text'
18:57:01.575 [Forwarding getAlertText on session 1985cb2dc8ce37d05ea242bae4b9ed32 to remote] DEBUG org.asynchttpclient.netty.request.NettyRequestSender - Using open Channel [id: 0x26850919, L:/127.0.0.1:62142 - R:localhost/127.0.0.1:30263] for GET '/session/1985cb2dc8ce37d05ea242bae4b9ed32/alert/text'
18:57:01.577 [AsyncHttpClient-1-23] DEBUG org.asynchttpclient.netty.handler.HttpHandler - 

Request DefaultFullHttpRequest(decodeResult: success, version: HTTP/1.1, content: EmptyByteBufBE)
GET /session/1985cb2dc8ce37d05ea242bae4b9ed32/alert/text HTTP/1.1
User-Agent: selenium/4.8.1 (java windows)
Cache-Control: no-cache
Content-Type: application/json; charset=utf-8
host: localhost:30263
accept: */*

Response DefaultHttpResponse(decodeResult: success, version: HTTP/1.1)
HTTP/1.1 404 Not Found
Content-Length: 821
Content-Type: application/json; charset=utf-8
cache-control: no-cache

18:57:01.577 [AsyncHttpClient-1-23] DEBUG org.asynchttpclient.netty.channel.ChannelManager - Adding key: http://localhost:30263 for channel [id: 0x26850919, L:/127.0.0.1:62142 - R:localhost/127.0.0.1:30263]
18:57:01.578 [Forwarding getCurrentUrl on session 1985cb2dc8ce37d05ea242bae4b9ed32 to remote] DEBUG org.asynchttpclient.netty.request.NettyRequestSender - Using pooled Channel '[id: 0x26850919, L:/127.0.0.1:62142 - R:localhost/127.0.0.1:30263]' for 'GET' to 'http://localhost:30263/session/1985cb2dc8ce37d05ea242bae4b9ed32/url'
18:57:01.578 [Forwarding getCurrentUrl on session 1985cb2dc8ce37d05ea242bae4b9ed32 to remote] DEBUG org.asynchttpclient.netty.request.NettyRequestSender - Using open Channel [id: 0x26850919, L:/127.0.0.1:62142 - R:localhost/127.0.0.1:30263] for GET '/session/1985cb2dc8ce37d05ea242bae4b9ed32/url'
18:57:01.583 [AsyncHttpClient-1-23] DEBUG org.asynchttpclient.netty.handler.HttpHandler - 

Request DefaultFullHttpRequest(decodeResult: success, version: HTTP/1.1, content: EmptyByteBufBE)
GET /session/1985cb2dc8ce37d05ea242bae4b9ed32/url HTTP/1.1
User-Agent: selenium/4.8.1 (java windows)
Cache-Control: no-cache
Content-Type: application/json; charset=utf-8
host: localhost:30263
accept: */*

Response DefaultHttpResponse(decodeResult: success, version: HTTP/1.1)
HTTP/1.1 200 OK
Content-Length: 45
Content-Type: application/json; charset=utf-8
cache-control: no-cache

18:57:01.583 [AsyncHttpClient-1-23] DEBUG org.asynchttpclient.netty.channel.ChannelManager - Adding key: http://localhost:30263 for channel [id: 0x26850919, L:/127.0.0.1:62142 - R:localhost/127.0.0.1:30263]
18:57:01.584 [Forwarding screenshot on session 1985cb2dc8ce37d05ea242bae4b9ed32 to remote] DEBUG org.asynchttpclient.netty.request.NettyRequestSender - Using pooled Channel '[id: 0x26850919, L:/127.0.0.1:62142 - R:localhost/127.0.0.1:30263]' for 'GET' to 'http://localhost:30263/session/1985cb2dc8ce37d05ea242bae4b9ed32/screenshot'
18:57:01.584 [Forwarding screenshot on session 1985cb2dc8ce37d05ea242bae4b9ed32 to remote] DEBUG org.asynchttpclient.netty.request.NettyRequestSender - Using open Channel [id: 0x26850919, L:/127.0.0.1:62142 - R:localhost/127.0.0.1:30263] for GET '/session/1985cb2dc8ce37d05ea242bae4b9ed32/screenshot'
18:57:01.661 [AsyncHttpClient-1-1] DEBUG org.asynchttpclient.netty.channel.DefaultChannelPool - Entry count for : http://localhost:62144 : 1
18:57:01.763 [AsyncHttpClient-1-23] DEBUG org.asynchttpclient.netty.handler.HttpHandler - 

Request DefaultFullHttpRequest(decodeResult: success, version: HTTP/1.1, content: EmptyByteBufBE)
GET /session/1985cb2dc8ce37d05ea242bae4b9ed32/screenshot HTTP/1.1
User-Agent: selenium/4.8.1 (java windows)
Cache-Control: no-cache
Content-Type: application/json; charset=utf-8
host: localhost:30263
accept: */*

Response DefaultHttpResponse(decodeResult: success, version: HTTP/1.1)
HTTP/1.1 200 OK
Content-Length: 37656
Content-Type: application/json; charset=utf-8
cache-control: no-cache

18:57:01.763 [AsyncHttpClient-1-23] DEBUG org.asynchttpclient.netty.channel.ChannelManager - Adding key: http://localhost:30263 for channel [id: 0x26850919, L:/127.0.0.1:62142 - R:localhost/127.0.0.1:30263]
18:57:01.765 [main] DEBUG net.serenitybdd.core.photography.Darkroom - Send negative for processing for target\site\serenity\b07a7c7aad9ec035c588ae23beff9024c94f83c0fe3541f741a29d034c8dc753.png
18:57:01.765 [main] DEBUG net.thucydides.core.steps.StepInterceptor - STEP DONE: clickLoginButton
18:57:01.765 [Darkroom Processing Line] DEBUG net.serenitybdd.core.photography.DarkroomProcessingLine - Processing screenshot image in /var/screenshots/screenshot-7323051645087045708
  &amp#27;[32mWhen &amp#27;[0m&amp#27;[32mI click on the login button&amp#27;[0m                   &amp#27;[90m# starter.stepdefinitions.LoginSteps.clickLoginButton()&amp#27;[0m
18:57:01.766 [Darkroom Processing Line] DEBUG net.serenitybdd.core.photography.DarkroomProcessingLine - Saving screenshot to target\site\serenity\b07a7c7aad9ec035c588ae23beff9024c94f83c0fe3541f741a29d034c8dc753.png
18:57:01.773 [Forwarding getPageSource on session 1985cb2dc8ce37d05ea242bae4b9ed32 to remote] DEBUG org.asynchttpclient.netty.request.NettyRequestSender - Using pooled Channel '[id: 0x26850919, L:/127.0.0.1:62142 - R:localhost/127.0.0.1:30263]' for 'POST' to 'http://localhost:30263/session/1985cb2dc8ce37d05ea242bae4b9ed32/execute/sync'
18:57:01.773 [Forwarding getPageSource on session 1985cb2dc8ce37d05ea242bae4b9ed32 to remote] DEBUG org.asynchttpclient.netty.request.NettyRequestSender - Using open Channel [id: 0x26850919, L:/127.0.0.1:62142 - R:localhost/127.0.0.1:30263] for POST '/session/1985cb2dc8ce37d05ea242bae4b9ed32/execute/sync'
18:57:01.777 [AsyncHttpClient-1-23] DEBUG org.asynchttpclient.netty.handler.HttpHandler - 

Request DefaultHttpRequest(decodeResult: success, version: HTTP/1.1)
POST /session/1985cb2dc8ce37d05ea242bae4b9ed32/execute/sync HTTP/1.1
User-Agent: selenium/4.8.1 (java windows)
Content-Length: 176
Content-Type: application/json; charset=utf-8
host: localhost:30263
accept: */*

Response DefaultHttpResponse(decodeResult: success, version: HTTP/1.1)
HTTP/1.1 200 OK
Content-Length: 9634
Content-Type: application/json; charset=utf-8
cache-control: no-cache

18:57:01.778 [AsyncHttpClient-1-23] DEBUG org.asynchttpclient.netty.channel.ChannelManager - Adding key: http://localhost:30263 for channel [id: 0x26850919, L:/127.0.0.1:62142 - R:localhost/127.0.0.1:30263]
18:57:01.779 [Forwarding getCurrentUrl on session 1985cb2dc8ce37d05ea242bae4b9ed32 to remote] DEBUG org.asynchttpclient.netty.request.NettyRequestSender - Using pooled Channel '[id: 0x26850919, L:/127.0.0.1:62142 - R:localhost/127.0.0.1:30263]' for 'GET' to 'http://localhost:30263/session/1985cb2dc8ce37d05ea242bae4b9ed32/url'
18:57:01.779 [Forwarding getCurrentUrl on session 1985cb2dc8ce37d05ea242bae4b9ed32 to remote] DEBUG org.asynchttpclient.netty.request.NettyRequestSender - Using open Channel [id: 0x26850919, L:/127.0.0.1:62142 - R:localhost/127.0.0.1:30263] for GET '/session/1985cb2dc8ce37d05ea242bae4b9ed32/url'
18:57:01.785 [AsyncHttpClient-1-23] DEBUG org.asynchttpclient.netty.handler.HttpHandler - 

Request DefaultFullHttpRequest(decodeResult: success, version: HTTP/1.1, content: EmptyByteBufBE)
GET /session/1985cb2dc8ce37d05ea242bae4b9ed32/url HTTP/1.1
User-Agent: selenium/4.8.1 (java windows)
Cache-Control: no-cache
Content-Type: application/json; charset=utf-8
host: localhost:30263
accept: */*

Response DefaultHttpResponse(decodeResult: success, version: HTTP/1.1)
HTTP/1.1 200 OK
Content-Length: 45
Content-Type: application/json; charset=utf-8
cache-control: no-cache

18:57:01.785 [AsyncHttpClient-1-23] DEBUG org.asynchttpclient.netty.channel.ChannelManager - Adding key: http://localhost:30263 for channel [id: 0x26850919, L:/127.0.0.1:62142 - R:localhost/127.0.0.1:30263]
18:57:01.793 [Forwarding getPageSource on session 1985cb2dc8ce37d05ea242bae4b9ed32 to remote] DEBUG org.asynchttpclient.netty.request.NettyRequestSender - Using pooled Channel '[id: 0x26850919, L:/127.0.0.1:62142 - R:localhost/127.0.0.1:30263]' for 'POST' to 'http://localhost:30263/session/1985cb2dc8ce37d05ea242bae4b9ed32/execute/sync'
18:57:01.793 [Forwarding getPageSource on session 1985cb2dc8ce37d05ea242bae4b9ed32 to remote] DEBUG org.asynchttpclient.netty.request.NettyRequestSender - Using open Channel [id: 0x26850919, L:/127.0.0.1:62142 - R:localhost/127.0.0.1:30263] for POST '/session/1985cb2dc8ce37d05ea242bae4b9ed32/execute/sync'
18:57:01.799 [AsyncHttpClient-1-23] DEBUG org.asynchttpclient.netty.handler.HttpHandler - 

Request DefaultHttpRequest(decodeResult: success, version: HTTP/1.1)
POST /session/1985cb2dc8ce37d05ea242bae4b9ed32/execute/sync HTTP/1.1
User-Agent: selenium/4.8.1 (java windows)
Content-Length: 176
Content-Type: application/json; charset=utf-8
host: localhost:30263
accept: */*

Response DefaultHttpResponse(decodeResult: success, version: HTTP/1.1)
HTTP/1.1 200 OK
Content-Length: 9634
Content-Type: application/json; charset=utf-8
cache-control: no-cache

18:57:01.799 [AsyncHttpClient-1-23] DEBUG org.asynchttpclient.netty.channel.ChannelManager - Adding key: http://localhost:30263 for channel [id: 0x26850919, L:/127.0.0.1:62142 - R:localhost/127.0.0.1:30263]
18:57:01.801 [Forwarding getCurrentUrl on session 1985cb2dc8ce37d05ea242bae4b9ed32 to remote] DEBUG org.asynchttpclient.netty.request.NettyRequestSender - Using pooled Channel '[id: 0x26850919, L:/127.0.0.1:62142 - R:localhost/127.0.0.1:30263]' for 'GET' to 'http://localhost:30263/session/1985cb2dc8ce37d05ea242bae4b9ed32/url'
18:57:01.801 [Forwarding getCurrentUrl on session 1985cb2dc8ce37d05ea242bae4b9ed32 to remote] DEBUG org.asynchttpclient.netty.request.NettyRequestSender - Using open Channel [id: 0x26850919, L:/127.0.0.1:62142 - R:localhost/127.0.0.1:30263] for GET '/session/1985cb2dc8ce37d05ea242bae4b9ed32/url'
18:57:01.804 [AsyncHttpClient-1-23] DEBUG org.asynchttpclient.netty.handler.HttpHandler - 

Request DefaultFullHttpRequest(decodeResult: success, version: HTTP/1.1, content: EmptyByteBufBE)
GET /session/1985cb2dc8ce37d05ea242bae4b9ed32/url HTTP/1.1
User-Agent: selenium/4.8.1 (java windows)
Cache-Control: no-cache
Content-Type: application/json; charset=utf-8
host: localhost:30263
accept: */*

Response DefaultHttpResponse(decodeResult: success, version: HTTP/1.1)
HTTP/1.1 200 OK
Content-Length: 45
Content-Type: application/json; charset=utf-8
cache-control: no-cache

18:57:01.804 [AsyncHttpClient-1-23] DEBUG org.asynchttpclient.netty.channel.ChannelManager - Adding key: http://localhost:30263 for channel [id: 0x26850919, L:/127.0.0.1:62142 - R:localhost/127.0.0.1:30263]
18:57:01.805 [main] DEBUG net.thucydides.core.steps.StepInterceptor - STARTING STEP: LoginSteps.checkWarningCharPassword - checkWarningCharPassword
18:57:01.807 [Forwarding findElement on session 1985cb2dc8ce37d05ea242bae4b9ed32 to remote] DEBUG org.asynchttpclient.netty.request.NettyRequestSender - Using pooled Channel '[id: 0x26850919, L:/127.0.0.1:62142 - R:localhost/127.0.0.1:30263]' for 'POST' to 'http://localhost:30263/session/1985cb2dc8ce37d05ea242bae4b9ed32/element'
18:57:01.807 [Forwarding findElement on session 1985cb2dc8ce37d05ea242bae4b9ed32 to remote] DEBUG org.asynchttpclient.netty.request.NettyRequestSender - Using open Channel [id: 0x26850919, L:/127.0.0.1:62142 - R:localhost/127.0.0.1:30263] for POST '/session/1985cb2dc8ce37d05ea242bae4b9ed32/element'
18:57:01.817 [AsyncHttpClient-1-23] DEBUG org.asynchttpclient.netty.handler.HttpHandler - 

Request DefaultHttpRequest(decodeResult: success, version: HTTP/1.1)
POST /session/1985cb2dc8ce37d05ea242bae4b9ed32/element HTTP/1.1
User-Agent: selenium/4.8.1 (java windows)
Content-Length: 51
Content-Type: application/json; charset=utf-8
host: localhost:30263
accept: */*

Response DefaultHttpResponse(decodeResult: success, version: HTTP/1.1)
HTTP/1.1 200 OK
Content-Length: 95
Content-Type: application/json; charset=utf-8
cache-control: no-cache

18:57:01.817 [AsyncHttpClient-1-23] DEBUG org.asynchttpclient.netty.channel.ChannelManager - Adding key: http://localhost:30263 for channel [id: 0x26850919, L:/127.0.0.1:62142 - R:localhost/127.0.0.1:30263]
18:57:01.819 [Forwarding isElementDisplayed on session 1985cb2dc8ce37d05ea242bae4b9ed32 to remote] DEBUG org.asynchttpclient.netty.request.NettyRequestSender - Using pooled Channel '[id: 0x26850919, L:/127.0.0.1:62142 - R:localhost/127.0.0.1:30263]' for 'POST' to 'http://localhost:30263/session/1985cb2dc8ce37d05ea242bae4b9ed32/execute/sync'
18:57:01.819 [Forwarding isElementDisplayed on session 1985cb2dc8ce37d05ea242bae4b9ed32 to remote] DEBUG org.asynchttpclient.netty.request.NettyRequestSender - Using open Channel [id: 0x26850919, L:/127.0.0.1:62142 - R:localhost/127.0.0.1:30263] for POST '/session/1985cb2dc8ce37d05ea242bae4b9ed32/execute/sync'
18:57:01.830 [AsyncHttpClient-1-23] DEBUG org.asynchttpclient.netty.handler.HttpHandler - 

Request DefaultHttpRequest(decodeResult: success, version: HTTP/1.1)
POST /session/1985cb2dc8ce37d05ea242bae4b9ed32/execute/sync HTTP/1.1
User-Agent: selenium/4.8.1 (java windows)
Content-Length: 48814
Content-Type: application/json; charset=utf-8
host: localhost:30263
accept: */*

Response DefaultHttpResponse(decodeResult: success, version: HTTP/1.1)
HTTP/1.1 200 OK
Content-Length: 14
Content-Type: application/json; charset=utf-8
cache-control: no-cache

18:57:01.831 [AsyncHttpClient-1-23] DEBUG org.asynchttpclient.netty.channel.ChannelManager - Adding key: http://localhost:30263 for channel [id: 0x26850919, L:/127.0.0.1:62142 - R:localhost/127.0.0.1:30263]
18:57:01.835 [Forwarding getAlertText on session 1985cb2dc8ce37d05ea242bae4b9ed32 to remote] DEBUG org.asynchttpclient.netty.request.NettyRequestSender - Using pooled Channel '[id: 0x26850919, L:/127.0.0.1:62142 - R:localhost/127.0.0.1:30263]' for 'GET' to 'http://localhost:30263/session/1985cb2dc8ce37d05ea242bae4b9ed32/alert/text'
18:57:01.835 [Forwarding getAlertText on session 1985cb2dc8ce37d05ea242bae4b9ed32 to remote] DEBUG org.asynchttpclient.netty.request.NettyRequestSender - Using open Channel [id: 0x26850919, L:/127.0.0.1:62142 - R:localhost/127.0.0.1:30263] for GET '/session/1985cb2dc8ce37d05ea242bae4b9ed32/alert/text'
18:57:01.837 [AsyncHttpClient-1-23] DEBUG org.asynchttpclient.netty.handler.HttpHandler - 

Request DefaultFullHttpRequest(decodeResult: success, version: HTTP/1.1, content: EmptyByteBufBE)
GET /session/1985cb2dc8ce37d05ea242bae4b9ed32/alert/text HTTP/1.1
User-Agent: selenium/4.8.1 (java windows)
Cache-Control: no-cache
Content-Type: application/json; charset=utf-8
host: localhost:30263
accept: */*

Response DefaultHttpResponse(decodeResult: success, version: HTTP/1.1)
HTTP/1.1 404 Not Found
Content-Length: 821
Content-Type: application/json; charset=utf-8
cache-control: no-cache

18:57:01.837 [AsyncHttpClient-1-23] DEBUG org.asynchttpclient.netty.channel.ChannelManager - Adding key: http://localhost:30263 for channel [id: 0x26850919, L:/127.0.0.1:62142 - R:localhost/127.0.0.1:30263]
18:57:01.837 [Forwarding getCurrentUrl on session 1985cb2dc8ce37d05ea242bae4b9ed32 to remote] DEBUG org.asynchttpclient.netty.request.NettyRequestSender - Using pooled Channel '[id: 0x26850919, L:/127.0.0.1:62142 - R:localhost/127.0.0.1:30263]' for 'GET' to 'http://localhost:30263/session/1985cb2dc8ce37d05ea242bae4b9ed32/url'
18:57:01.837 [Forwarding getCurrentUrl on session 1985cb2dc8ce37d05ea242bae4b9ed32 to remote] DEBUG org.asynchttpclient.netty.request.NettyRequestSender - Using open Channel [id: 0x26850919, L:/127.0.0.1:62142 - R:localhost/127.0.0.1:30263] for GET '/session/1985cb2dc8ce37d05ea242bae4b9ed32/url'
18:57:01.840 [AsyncHttpClient-1-23] DEBUG org.asynchttpclient.netty.handler.HttpHandler - 

Request DefaultFullHttpRequest(decodeResult: success, version: HTTP/1.1, content: EmptyByteBufBE)
GET /session/1985cb2dc8ce37d05ea242bae4b9ed32/url HTTP/1.1
User-Agent: selenium/4.8.1 (java windows)
Cache-Control: no-cache
Content-Type: application/json; charset=utf-8
host: localhost:30263
accept: */*

Response DefaultHttpResponse(decodeResult: success, version: HTTP/1.1)
HTTP/1.1 200 OK
Content-Length: 45
Content-Type: application/json; charset=utf-8
cache-control: no-cache

18:57:01.840 [AsyncHttpClient-1-23] DEBUG org.asynchttpclient.netty.channel.ChannelManager - Adding key: http://localhost:30263 for channel [id: 0x26850919, L:/127.0.0.1:62142 - R:localhost/127.0.0.1:30263]
18:57:01.841 [Forwarding screenshot on session 1985cb2dc8ce37d05ea242bae4b9ed32 to remote] DEBUG org.asynchttpclient.netty.request.NettyRequestSender - Using pooled Channel '[id: 0x26850919, L:/127.0.0.1:62142 - R:localhost/127.0.0.1:30263]' for 'GET' to 'http://localhost:30263/session/1985cb2dc8ce37d05ea242bae4b9ed32/screenshot'
18:57:01.841 [Forwarding screenshot on session 1985cb2dc8ce37d05ea242bae4b9ed32 to remote] DEBUG org.asynchttpclient.netty.request.NettyRequestSender - Using open Channel [id: 0x26850919, L:/127.0.0.1:62142 - R:localhost/127.0.0.1:30263] for GET '/session/1985cb2dc8ce37d05ea242bae4b9ed32/screenshot'
18:57:01.994 [AsyncHttpClient-1-23] DEBUG org.asynchttpclient.netty.handler.HttpHandler - 

Request DefaultFullHttpRequest(decodeResult: success, version: HTTP/1.1, content: EmptyByteBufBE)
GET /session/1985cb2dc8ce37d05ea242bae4b9ed32/screenshot HTTP/1.1
User-Agent: selenium/4.8.1 (java windows)
Cache-Control: no-cache
Content-Type: application/json; charset=utf-8
host: localhost:30263
accept: */*

Response DefaultHttpResponse(decodeResult: success, version: HTTP/1.1)
HTTP/1.1 200 OK
Content-Length: 37688
Content-Type: application/json; charset=utf-8
cache-control: no-cache

18:57:01.994 [AsyncHttpClient-1-23] DEBUG org.asynchttpclient.netty.channel.ChannelManager - Adding key: http://localhost:30263 for channel [id: 0x26850919, L:/127.0.0.1:62142 - R:localhost/127.0.0.1:30263]
18:57:01.996 [main] DEBUG net.serenitybdd.core.photography.Darkroom - Send negative for processing for target\site\serenity\c25af72f1ed0bbcfc572d93e83673e744327d5a404242ed215ef15c33c5888a3.png
18:57:01.996 [main] DEBUG net.thucydides.core.steps.StepInterceptor - STEP DONE: checkWarningCharPassword
  &amp#27;[32mThen &amp#27;[0m&amp#27;[32mI should see warning char password&amp#27;[0m            &amp#27;[90m# starter.stepdefinitions.LoginSteps.checkWarningCharPassword()&amp#27;[0m
18:57:01.996 [Darkroom Processing Line] DEBUG net.serenitybdd.core.photography.DarkroomProcessingLine - Processing screenshot image in /var/screenshots/screenshot-4234217709525028338
18:57:01.996 [Darkroom Processing Line] DEBUG net.serenitybdd.core.photography.DarkroomProcessingLine - Saving screenshot to target\site\serenity\c25af72f1ed0bbcfc572d93e83673e744327d5a404242ed215ef15c33c5888a3.png
18:57:02.000 [main] INFO  - 
  _____   ___   ___   _____     ___     _     ___   ___   ___   ___  
 |_   _| | __| / __| |_   _|   | _ \   /_\   / __| / __| | __| |   \ 
   | |   | _|  \__ \   | |     |  _/  / _ \  \__ \ \__ \ | _|  | |) |
   |_|   |___| |___/   |_|     |_|   /_/ \_\ |___/ |___/ |___| |___/ 

Admin login with password less than 8 char
----------------------------------------------------------------------
18:57:02.001 [AsyncHttpClient-1-25] DEBUG org.asynchttpclient.netty.handler.WebSocketHandler - Channel Closed: [id: 0x4e84e673, L:/127.0.0.1:62151 ! R:localhost/127.0.0.1:62144] with attribute NettyResponseFuture{currentRetry=0,
	isDone=1,
	isCancelled=0,
	asyncHandler=org.asynchttpclient.ws.WebSocketUpgradeHandler@bc3ea40,
	nettyRequest=org.asynchttpclient.netty.request.NettyRequest@4ec1655c,
	future=java.util.concurrent.CompletableFuture@13ae5fb5[Completed normally],
	uri=ws://localhost:62144/devtools/browser/811e9ff5-289a-4853-8431-393850f25bec,
	keepAlive=true,
	redirectCount=0,
	timeoutsHolder=null,
	inAuth=0,
	touch=1687780620048}
18:57:02.001 [Driver Command Executor] DEBUG org.asynchttpclient.netty.request.NettyRequestSender - Using pooled Channel '[id: 0x26850919, L:/127.0.0.1:62142 - R:localhost/127.0.0.1:30263]' for 'DELETE' to 'http://localhost:30263/session/1985cb2dc8ce37d05ea242bae4b9ed32'
18:57:02.001 [AsyncHttpClient-1-25] DEBUG org.asynchttpclient.netty.channel.ChannelManager - Closing Channel [id: 0x4e84e673, L:/127.0.0.1:62151 ! R:localhost/127.0.0.1:62144] 
18:57:02.001 [Driver Command Executor] DEBUG org.asynchttpclient.netty.request.NettyRequestSender - Using open Channel [id: 0x26850919, L:/127.0.0.1:62142 - R:localhost/127.0.0.1:30263] for DELETE '/session/1985cb2dc8ce37d05ea242bae4b9ed32'
18:57:02.026 [AsyncHttpClient-1-24] DEBUG org.asynchttpclient.netty.handler.HttpHandler - Unexpected I/O exception on channel [id: 0xb3b4b787, L:/127.0.0.1:62150 - R:localhost/127.0.0.1:62144]
java.net.SocketException: Connection reset
	at java.base/sun.nio.ch.SocketChannelImpl.throwConnectionReset(SocketChannelImpl.java:367)
	at java.base/sun.nio.ch.SocketChannelImpl.read(SocketChannelImpl.java:398)
	at io.netty.buffer.PooledByteBuf.setBytes(PooledByteBuf.java:259)
	at io.netty.buffer.AbstractByteBuf.writeBytes(AbstractByteBuf.java:1132)
	at io.netty.channel.socket.nio.NioSocketChannel.doReadBytes(NioSocketChannel.java:357)
	at io.netty.channel.nio.AbstractNioByteChannel$NioByteUnsafe.read(AbstractNioByteChannel.java:151)
	at io.netty.channel.nio.NioEventLoop.processSelectedKey(NioEventLoop.java:788)
	at io.netty.channel.nio.NioEventLoop.processSelectedKeysOptimized(NioEventLoop.java:724)
	at io.netty.channel.nio.NioEventLoop.processSelectedKeys(NioEventLoop.java:650)
	at io.netty.channel.nio.NioEventLoop.run(NioEventLoop.java:562)
	at io.netty.util.concurrent.SingleThreadEventExecutor$4.run(SingleThreadEventExecutor.java:997)
	at io.netty.util.internal.ThreadExecutorMap$2.run(ThreadExecutorMap.java:74)
	at io.netty.util.concurrent.FastThreadLocalRunnable.run(FastThreadLocalRunnable.java:30)
	at java.base/java.lang.Thread.run(Thread.java:832)
18:57:02.026 [AsyncHttpClient-1-24] DEBUG org.asynchttpclient.netty.channel.ChannelManager - Closing Channel [id: 0xb3b4b787, L:/127.0.0.1:62150 - R:localhost/127.0.0.1:62144] 
18:57:02.027 [AsyncHttpClient-1-24] DEBUG org.asynchttpclient.netty.handler.HttpHandler - Channel Closed: [id: 0xb3b4b787, L:/127.0.0.1:62150 ! R:localhost/127.0.0.1:62144] with attribute DISCARD
18:57:02.036 [AsyncHttpClient-1-23] DEBUG org.asynchttpclient.netty.handler.HttpHandler - 

Request DefaultFullHttpRequest(decodeResult: success, version: HTTP/1.1, content: EmptyByteBufBE)
DELETE /session/1985cb2dc8ce37d05ea242bae4b9ed32 HTTP/1.1
User-Agent: selenium/4.8.1 (java windows)
Content-Type: application/json; charset=utf-8
host: localhost:30263
accept: */*

Response DefaultHttpResponse(decodeResult: success, version: HTTP/1.1)
HTTP/1.1 200 OK
Content-Length: 14
Content-Type: application/json; charset=utf-8
cache-control: no-cache

18:57:02.036 [AsyncHttpClient-1-23] DEBUG org.asynchttpclient.netty.channel.ChannelManager - Adding key: http://localhost:30263 for channel [id: 0x26850919, L:/127.0.0.1:62142 - R:localhost/127.0.0.1:30263]
18:57:02.075 [AsyncHttpClient-1-23] DEBUG org.asynchttpclient.netty.handler.HttpHandler - Channel Closed: [id: 0x26850919, L:/127.0.0.1:62142 ! R:localhost/127.0.0.1:30263] with attribute DISCARD
]]></system-out>
    <system-err><![CDATA[Starting ChromeDriver 114.0.5735.16 (7e1ff058633f5b79b1cd7479aca585ba385519d8-refs/branch-heads/5735@{#182}) on port 30263
Only local connections are allowed.
Please see https://chromedriver.chromium.org/security-considerations for suggestions on keeping ChromeDriver safe.
ChromeDriver was started successfully.
Jun 26, 2023 6:57:00 PM org.openqa.selenium.devtools.CdpVersionFinder findNearestMatch
WARNING: Unable to find an exact match for CDP version 114, so returning the closest version found: 110
]]></system-err>
  </testcase>
</testsuite>